[2024-05-25T00:00:23.296+0000] {processor.py:161} INFO - Started process (PID=38653) to work on /home/airflow/.local/lib/python3.12/site-packages/airflow/example_dags/example_trigger_controller_dag.py
[2024-05-25T00:00:23.297+0000] {processor.py:830} INFO - Processing file /home/airflow/.local/lib/python3.12/site-packages/airflow/example_dags/example_trigger_controller_dag.py for tasks to queue
[2024-05-25T00:00:23.299+0000] {logging_mixin.py:188} INFO - [2024-05-25T00:00:23.299+0000] {dagbag.py:545} INFO - Filling up the DagBag from /home/airflow/.local/lib/python3.12/site-packages/airflow/example_dags/example_trigger_controller_dag.py
[2024-05-25T00:00:23.305+0000] {processor.py:840} INFO - DAG(s) 'example_trigger_controller_dag' retrieved from /home/airflow/.local/lib/python3.12/site-packages/airflow/example_dags/example_trigger_controller_dag.py
[2024-05-25T00:00:23.328+0000] {logging_mixin.py:188} INFO - [2024-05-25T00:00:23.328+0000] {dag.py:3096} INFO - Sync 1 DAGs
[2024-05-25T00:00:23.350+0000] {logging_mixin.py:188} INFO - [2024-05-25T00:00:23.350+0000] {dag.py:3954} INFO - Setting next_dagrun for example_trigger_controller_dag to 2021-01-01 00:00:00+00:00, run_after=2021-01-01 00:00:00+00:00
[2024-05-25T00:00:23.376+0000] {processor.py:183} INFO - Processing /home/airflow/.local/lib/python3.12/site-packages/airflow/example_dags/example_trigger_controller_dag.py took 0.087 seconds
[2024-05-25T00:00:54.409+0000] {processor.py:161} INFO - Started process (PID=38712) to work on /home/airflow/.local/lib/python3.12/site-packages/airflow/example_dags/example_trigger_controller_dag.py
[2024-05-25T00:00:54.411+0000] {processor.py:830} INFO - Processing file /home/airflow/.local/lib/python3.12/site-packages/airflow/example_dags/example_trigger_controller_dag.py for tasks to queue
[2024-05-25T00:00:54.413+0000] {logging_mixin.py:188} INFO - [2024-05-25T00:00:54.413+0000] {dagbag.py:545} INFO - Filling up the DagBag from /home/airflow/.local/lib/python3.12/site-packages/airflow/example_dags/example_trigger_controller_dag.py
[2024-05-25T00:00:54.419+0000] {processor.py:840} INFO - DAG(s) 'example_trigger_controller_dag' retrieved from /home/airflow/.local/lib/python3.12/site-packages/airflow/example_dags/example_trigger_controller_dag.py
[2024-05-25T00:00:54.445+0000] {logging_mixin.py:188} INFO - [2024-05-25T00:00:54.444+0000] {dag.py:3096} INFO - Sync 1 DAGs
[2024-05-25T00:00:54.470+0000] {logging_mixin.py:188} INFO - [2024-05-25T00:00:54.469+0000] {dag.py:3954} INFO - Setting next_dagrun for example_trigger_controller_dag to 2021-01-01 00:00:00+00:00, run_after=2021-01-01 00:00:00+00:00
[2024-05-25T00:00:54.498+0000] {processor.py:183} INFO - Processing /home/airflow/.local/lib/python3.12/site-packages/airflow/example_dags/example_trigger_controller_dag.py took 0.095 seconds
[2024-05-25T00:01:25.057+0000] {processor.py:161} INFO - Started process (PID=38770) to work on /home/airflow/.local/lib/python3.12/site-packages/airflow/example_dags/example_trigger_controller_dag.py
[2024-05-25T00:01:25.059+0000] {processor.py:830} INFO - Processing file /home/airflow/.local/lib/python3.12/site-packages/airflow/example_dags/example_trigger_controller_dag.py for tasks to queue
[2024-05-25T00:01:25.061+0000] {logging_mixin.py:188} INFO - [2024-05-25T00:01:25.061+0000] {dagbag.py:545} INFO - Filling up the DagBag from /home/airflow/.local/lib/python3.12/site-packages/airflow/example_dags/example_trigger_controller_dag.py
[2024-05-25T00:01:25.071+0000] {processor.py:840} INFO - DAG(s) 'example_trigger_controller_dag' retrieved from /home/airflow/.local/lib/python3.12/site-packages/airflow/example_dags/example_trigger_controller_dag.py
[2024-05-25T00:01:25.096+0000] {logging_mixin.py:188} INFO - [2024-05-25T00:01:25.095+0000] {dag.py:3096} INFO - Sync 1 DAGs
[2024-05-25T00:01:25.119+0000] {logging_mixin.py:188} INFO - [2024-05-25T00:01:25.118+0000] {dag.py:3954} INFO - Setting next_dagrun for example_trigger_controller_dag to 2021-01-01 00:00:00+00:00, run_after=2021-01-01 00:00:00+00:00
[2024-05-25T00:01:25.146+0000] {processor.py:183} INFO - Processing /home/airflow/.local/lib/python3.12/site-packages/airflow/example_dags/example_trigger_controller_dag.py took 0.096 seconds
[2024-05-25T00:01:55.887+0000] {processor.py:161} INFO - Started process (PID=38828) to work on /home/airflow/.local/lib/python3.12/site-packages/airflow/example_dags/example_trigger_controller_dag.py
[2024-05-25T00:01:55.888+0000] {processor.py:830} INFO - Processing file /home/airflow/.local/lib/python3.12/site-packages/airflow/example_dags/example_trigger_controller_dag.py for tasks to queue
[2024-05-25T00:01:55.890+0000] {logging_mixin.py:188} INFO - [2024-05-25T00:01:55.890+0000] {dagbag.py:545} INFO - Filling up the DagBag from /home/airflow/.local/lib/python3.12/site-packages/airflow/example_dags/example_trigger_controller_dag.py
[2024-05-25T00:01:55.895+0000] {processor.py:840} INFO - DAG(s) 'example_trigger_controller_dag' retrieved from /home/airflow/.local/lib/python3.12/site-packages/airflow/example_dags/example_trigger_controller_dag.py
[2024-05-25T00:01:55.914+0000] {logging_mixin.py:188} INFO - [2024-05-25T00:01:55.914+0000] {dag.py:3096} INFO - Sync 1 DAGs
[2024-05-25T00:01:55.937+0000] {logging_mixin.py:188} INFO - [2024-05-25T00:01:55.937+0000] {dag.py:3954} INFO - Setting next_dagrun for example_trigger_controller_dag to 2021-01-01 00:00:00+00:00, run_after=2021-01-01 00:00:00+00:00
[2024-05-25T00:01:55.956+0000] {processor.py:183} INFO - Processing /home/airflow/.local/lib/python3.12/site-packages/airflow/example_dags/example_trigger_controller_dag.py took 0.075 seconds
[2024-05-25T00:02:26.396+0000] {processor.py:161} INFO - Started process (PID=38886) to work on /home/airflow/.local/lib/python3.12/site-packages/airflow/example_dags/example_trigger_controller_dag.py
[2024-05-25T00:02:26.397+0000] {processor.py:830} INFO - Processing file /home/airflow/.local/lib/python3.12/site-packages/airflow/example_dags/example_trigger_controller_dag.py for tasks to queue
[2024-05-25T00:02:26.399+0000] {logging_mixin.py:188} INFO - [2024-05-25T00:02:26.399+0000] {dagbag.py:545} INFO - Filling up the DagBag from /home/airflow/.local/lib/python3.12/site-packages/airflow/example_dags/example_trigger_controller_dag.py
[2024-05-25T00:02:26.404+0000] {processor.py:840} INFO - DAG(s) 'example_trigger_controller_dag' retrieved from /home/airflow/.local/lib/python3.12/site-packages/airflow/example_dags/example_trigger_controller_dag.py
[2024-05-25T00:02:26.426+0000] {logging_mixin.py:188} INFO - [2024-05-25T00:02:26.425+0000] {dag.py:3096} INFO - Sync 1 DAGs
[2024-05-25T00:02:26.446+0000] {logging_mixin.py:188} INFO - [2024-05-25T00:02:26.446+0000] {dag.py:3954} INFO - Setting next_dagrun for example_trigger_controller_dag to 2021-01-01 00:00:00+00:00, run_after=2021-01-01 00:00:00+00:00
[2024-05-25T00:02:26.467+0000] {processor.py:183} INFO - Processing /home/airflow/.local/lib/python3.12/site-packages/airflow/example_dags/example_trigger_controller_dag.py took 0.076 seconds
[2024-05-25T00:02:57.234+0000] {processor.py:161} INFO - Started process (PID=38948) to work on /home/airflow/.local/lib/python3.12/site-packages/airflow/example_dags/example_trigger_controller_dag.py
[2024-05-25T00:02:57.235+0000] {processor.py:830} INFO - Processing file /home/airflow/.local/lib/python3.12/site-packages/airflow/example_dags/example_trigger_controller_dag.py for tasks to queue
[2024-05-25T00:02:57.237+0000] {logging_mixin.py:188} INFO - [2024-05-25T00:02:57.237+0000] {dagbag.py:545} INFO - Filling up the DagBag from /home/airflow/.local/lib/python3.12/site-packages/airflow/example_dags/example_trigger_controller_dag.py
[2024-05-25T00:02:57.242+0000] {processor.py:840} INFO - DAG(s) 'example_trigger_controller_dag' retrieved from /home/airflow/.local/lib/python3.12/site-packages/airflow/example_dags/example_trigger_controller_dag.py
[2024-05-25T00:02:57.269+0000] {logging_mixin.py:188} INFO - [2024-05-25T00:02:57.268+0000] {dag.py:3096} INFO - Sync 1 DAGs
[2024-05-25T00:02:57.291+0000] {logging_mixin.py:188} INFO - [2024-05-25T00:02:57.291+0000] {dag.py:3954} INFO - Setting next_dagrun for example_trigger_controller_dag to 2021-01-01 00:00:00+00:00, run_after=2021-01-01 00:00:00+00:00
[2024-05-25T00:02:57.316+0000] {processor.py:183} INFO - Processing /home/airflow/.local/lib/python3.12/site-packages/airflow/example_dags/example_trigger_controller_dag.py took 0.092 seconds
[2024-05-25T00:03:27.505+0000] {processor.py:161} INFO - Started process (PID=39006) to work on /home/airflow/.local/lib/python3.12/site-packages/airflow/example_dags/example_trigger_controller_dag.py
[2024-05-25T00:03:27.508+0000] {processor.py:830} INFO - Processing file /home/airflow/.local/lib/python3.12/site-packages/airflow/example_dags/example_trigger_controller_dag.py for tasks to queue
[2024-05-25T00:03:27.511+0000] {logging_mixin.py:188} INFO - [2024-05-25T00:03:27.511+0000] {dagbag.py:545} INFO - Filling up the DagBag from /home/airflow/.local/lib/python3.12/site-packages/airflow/example_dags/example_trigger_controller_dag.py
[2024-05-25T00:03:27.522+0000] {processor.py:840} INFO - DAG(s) 'example_trigger_controller_dag' retrieved from /home/airflow/.local/lib/python3.12/site-packages/airflow/example_dags/example_trigger_controller_dag.py
[2024-05-25T00:03:27.560+0000] {logging_mixin.py:188} INFO - [2024-05-25T00:03:27.559+0000] {dag.py:3096} INFO - Sync 1 DAGs
[2024-05-25T00:03:27.589+0000] {logging_mixin.py:188} INFO - [2024-05-25T00:03:27.588+0000] {dag.py:3954} INFO - Setting next_dagrun for example_trigger_controller_dag to 2021-01-01 00:00:00+00:00, run_after=2021-01-01 00:00:00+00:00
[2024-05-25T00:03:27.618+0000] {processor.py:183} INFO - Processing /home/airflow/.local/lib/python3.12/site-packages/airflow/example_dags/example_trigger_controller_dag.py took 0.122 seconds
[2024-05-25T00:03:58.586+0000] {processor.py:161} INFO - Started process (PID=39064) to work on /home/airflow/.local/lib/python3.12/site-packages/airflow/example_dags/example_trigger_controller_dag.py
[2024-05-25T00:03:58.587+0000] {processor.py:830} INFO - Processing file /home/airflow/.local/lib/python3.12/site-packages/airflow/example_dags/example_trigger_controller_dag.py for tasks to queue
[2024-05-25T00:03:58.589+0000] {logging_mixin.py:188} INFO - [2024-05-25T00:03:58.589+0000] {dagbag.py:545} INFO - Filling up the DagBag from /home/airflow/.local/lib/python3.12/site-packages/airflow/example_dags/example_trigger_controller_dag.py
[2024-05-25T00:03:58.594+0000] {processor.py:840} INFO - DAG(s) 'example_trigger_controller_dag' retrieved from /home/airflow/.local/lib/python3.12/site-packages/airflow/example_dags/example_trigger_controller_dag.py
[2024-05-25T00:03:58.613+0000] {logging_mixin.py:188} INFO - [2024-05-25T00:03:58.613+0000] {dag.py:3096} INFO - Sync 1 DAGs
[2024-05-25T00:03:58.635+0000] {logging_mixin.py:188} INFO - [2024-05-25T00:03:58.634+0000] {dag.py:3954} INFO - Setting next_dagrun for example_trigger_controller_dag to 2021-01-01 00:00:00+00:00, run_after=2021-01-01 00:00:00+00:00
[2024-05-25T00:03:58.659+0000] {processor.py:183} INFO - Processing /home/airflow/.local/lib/python3.12/site-packages/airflow/example_dags/example_trigger_controller_dag.py took 0.079 seconds
[2024-05-25T00:04:29.045+0000] {processor.py:161} INFO - Started process (PID=39122) to work on /home/airflow/.local/lib/python3.12/site-packages/airflow/example_dags/example_trigger_controller_dag.py
[2024-05-25T00:04:29.046+0000] {processor.py:830} INFO - Processing file /home/airflow/.local/lib/python3.12/site-packages/airflow/example_dags/example_trigger_controller_dag.py for tasks to queue
[2024-05-25T00:04:29.049+0000] {logging_mixin.py:188} INFO - [2024-05-25T00:04:29.049+0000] {dagbag.py:545} INFO - Filling up the DagBag from /home/airflow/.local/lib/python3.12/site-packages/airflow/example_dags/example_trigger_controller_dag.py
[2024-05-25T00:04:29.054+0000] {processor.py:840} INFO - DAG(s) 'example_trigger_controller_dag' retrieved from /home/airflow/.local/lib/python3.12/site-packages/airflow/example_dags/example_trigger_controller_dag.py
[2024-05-25T00:04:29.073+0000] {logging_mixin.py:188} INFO - [2024-05-25T00:04:29.073+0000] {dag.py:3096} INFO - Sync 1 DAGs
[2024-05-25T00:04:29.097+0000] {logging_mixin.py:188} INFO - [2024-05-25T00:04:29.097+0000] {dag.py:3954} INFO - Setting next_dagrun for example_trigger_controller_dag to 2021-01-01 00:00:00+00:00, run_after=2021-01-01 00:00:00+00:00
[2024-05-25T00:04:29.117+0000] {processor.py:183} INFO - Processing /home/airflow/.local/lib/python3.12/site-packages/airflow/example_dags/example_trigger_controller_dag.py took 0.078 seconds
[2024-05-25T00:05:04.754+0000] {processor.py:161} INFO - Started process (PID=39174) to work on /home/airflow/.local/lib/python3.12/site-packages/airflow/example_dags/example_trigger_controller_dag.py
[2024-05-25T00:05:04.755+0000] {processor.py:830} INFO - Processing file /home/airflow/.local/lib/python3.12/site-packages/airflow/example_dags/example_trigger_controller_dag.py for tasks to queue
[2024-05-25T00:05:04.759+0000] {logging_mixin.py:188} INFO - [2024-05-25T00:05:04.758+0000] {dagbag.py:545} INFO - Filling up the DagBag from /home/airflow/.local/lib/python3.12/site-packages/airflow/example_dags/example_trigger_controller_dag.py
[2024-05-25T00:05:04.764+0000] {processor.py:840} INFO - DAG(s) 'example_trigger_controller_dag' retrieved from /home/airflow/.local/lib/python3.12/site-packages/airflow/example_dags/example_trigger_controller_dag.py
[2024-05-25T00:05:04.800+0000] {logging_mixin.py:188} INFO - [2024-05-25T00:05:04.799+0000] {dag.py:3096} INFO - Sync 1 DAGs
[2024-05-25T00:05:04.836+0000] {logging_mixin.py:188} INFO - [2024-05-25T00:05:04.836+0000] {dag.py:3954} INFO - Setting next_dagrun for example_trigger_controller_dag to 2021-01-01 00:00:00+00:00, run_after=2021-01-01 00:00:00+00:00
[2024-05-25T00:05:04.876+0000] {processor.py:183} INFO - Processing /home/airflow/.local/lib/python3.12/site-packages/airflow/example_dags/example_trigger_controller_dag.py took 0.129 seconds
[2024-05-25T00:05:35.608+0000] {processor.py:161} INFO - Started process (PID=39236) to work on /home/airflow/.local/lib/python3.12/site-packages/airflow/example_dags/example_trigger_controller_dag.py
[2024-05-25T00:05:35.610+0000] {processor.py:830} INFO - Processing file /home/airflow/.local/lib/python3.12/site-packages/airflow/example_dags/example_trigger_controller_dag.py for tasks to queue
[2024-05-25T00:05:35.612+0000] {logging_mixin.py:188} INFO - [2024-05-25T00:05:35.612+0000] {dagbag.py:545} INFO - Filling up the DagBag from /home/airflow/.local/lib/python3.12/site-packages/airflow/example_dags/example_trigger_controller_dag.py
[2024-05-25T00:05:35.637+0000] {processor.py:840} INFO - DAG(s) 'example_trigger_controller_dag' retrieved from /home/airflow/.local/lib/python3.12/site-packages/airflow/example_dags/example_trigger_controller_dag.py
[2024-05-25T00:05:35.669+0000] {logging_mixin.py:188} INFO - [2024-05-25T00:05:35.669+0000] {dag.py:3096} INFO - Sync 1 DAGs
[2024-05-25T00:05:35.691+0000] {logging_mixin.py:188} INFO - [2024-05-25T00:05:35.691+0000] {dag.py:3954} INFO - Setting next_dagrun for example_trigger_controller_dag to 2021-01-01 00:00:00+00:00, run_after=2021-01-01 00:00:00+00:00
[2024-05-25T00:05:35.720+0000] {processor.py:183} INFO - Processing /home/airflow/.local/lib/python3.12/site-packages/airflow/example_dags/example_trigger_controller_dag.py took 0.117 seconds
[2024-05-25T00:06:05.924+0000] {processor.py:161} INFO - Started process (PID=39294) to work on /home/airflow/.local/lib/python3.12/site-packages/airflow/example_dags/example_trigger_controller_dag.py
[2024-05-25T00:06:05.926+0000] {processor.py:830} INFO - Processing file /home/airflow/.local/lib/python3.12/site-packages/airflow/example_dags/example_trigger_controller_dag.py for tasks to queue
[2024-05-25T00:06:05.929+0000] {logging_mixin.py:188} INFO - [2024-05-25T00:06:05.928+0000] {dagbag.py:545} INFO - Filling up the DagBag from /home/airflow/.local/lib/python3.12/site-packages/airflow/example_dags/example_trigger_controller_dag.py
[2024-05-25T00:06:05.934+0000] {processor.py:840} INFO - DAG(s) 'example_trigger_controller_dag' retrieved from /home/airflow/.local/lib/python3.12/site-packages/airflow/example_dags/example_trigger_controller_dag.py
[2024-05-25T00:06:05.954+0000] {logging_mixin.py:188} INFO - [2024-05-25T00:06:05.954+0000] {dag.py:3096} INFO - Sync 1 DAGs
[2024-05-25T00:06:05.972+0000] {logging_mixin.py:188} INFO - [2024-05-25T00:06:05.972+0000] {dag.py:3954} INFO - Setting next_dagrun for example_trigger_controller_dag to 2021-01-01 00:00:00+00:00, run_after=2021-01-01 00:00:00+00:00
[2024-05-25T00:06:05.990+0000] {processor.py:183} INFO - Processing /home/airflow/.local/lib/python3.12/site-packages/airflow/example_dags/example_trigger_controller_dag.py took 0.071 seconds
[2024-05-25T00:06:36.106+0000] {processor.py:161} INFO - Started process (PID=39352) to work on /home/airflow/.local/lib/python3.12/site-packages/airflow/example_dags/example_trigger_controller_dag.py
[2024-05-25T00:06:36.107+0000] {processor.py:830} INFO - Processing file /home/airflow/.local/lib/python3.12/site-packages/airflow/example_dags/example_trigger_controller_dag.py for tasks to queue
[2024-05-25T00:06:36.109+0000] {logging_mixin.py:188} INFO - [2024-05-25T00:06:36.109+0000] {dagbag.py:545} INFO - Filling up the DagBag from /home/airflow/.local/lib/python3.12/site-packages/airflow/example_dags/example_trigger_controller_dag.py
[2024-05-25T00:06:36.115+0000] {processor.py:840} INFO - DAG(s) 'example_trigger_controller_dag' retrieved from /home/airflow/.local/lib/python3.12/site-packages/airflow/example_dags/example_trigger_controller_dag.py
[2024-05-25T00:06:36.134+0000] {logging_mixin.py:188} INFO - [2024-05-25T00:06:36.134+0000] {dag.py:3096} INFO - Sync 1 DAGs
[2024-05-25T00:06:36.152+0000] {logging_mixin.py:188} INFO - [2024-05-25T00:06:36.151+0000] {dag.py:3954} INFO - Setting next_dagrun for example_trigger_controller_dag to 2021-01-01 00:00:00+00:00, run_after=2021-01-01 00:00:00+00:00
[2024-05-25T00:06:36.169+0000] {processor.py:183} INFO - Processing /home/airflow/.local/lib/python3.12/site-packages/airflow/example_dags/example_trigger_controller_dag.py took 0.070 seconds
[2024-05-25T00:07:06.781+0000] {processor.py:161} INFO - Started process (PID=39410) to work on /home/airflow/.local/lib/python3.12/site-packages/airflow/example_dags/example_trigger_controller_dag.py
[2024-05-25T00:07:06.783+0000] {processor.py:830} INFO - Processing file /home/airflow/.local/lib/python3.12/site-packages/airflow/example_dags/example_trigger_controller_dag.py for tasks to queue
[2024-05-25T00:07:06.785+0000] {logging_mixin.py:188} INFO - [2024-05-25T00:07:06.785+0000] {dagbag.py:545} INFO - Filling up the DagBag from /home/airflow/.local/lib/python3.12/site-packages/airflow/example_dags/example_trigger_controller_dag.py
[2024-05-25T00:07:06.800+0000] {processor.py:840} INFO - DAG(s) 'example_trigger_controller_dag' retrieved from /home/airflow/.local/lib/python3.12/site-packages/airflow/example_dags/example_trigger_controller_dag.py
[2024-05-25T00:07:06.838+0000] {logging_mixin.py:188} INFO - [2024-05-25T00:07:06.837+0000] {dag.py:3096} INFO - Sync 1 DAGs
[2024-05-25T00:07:06.874+0000] {logging_mixin.py:188} INFO - [2024-05-25T00:07:06.874+0000] {dag.py:3954} INFO - Setting next_dagrun for example_trigger_controller_dag to 2021-01-01 00:00:00+00:00, run_after=2021-01-01 00:00:00+00:00
[2024-05-25T00:07:06.949+0000] {processor.py:183} INFO - Processing /home/airflow/.local/lib/python3.12/site-packages/airflow/example_dags/example_trigger_controller_dag.py took 0.180 seconds
[2024-05-25T00:07:37.925+0000] {processor.py:161} INFO - Started process (PID=39468) to work on /home/airflow/.local/lib/python3.12/site-packages/airflow/example_dags/example_trigger_controller_dag.py
[2024-05-25T00:07:37.927+0000] {processor.py:830} INFO - Processing file /home/airflow/.local/lib/python3.12/site-packages/airflow/example_dags/example_trigger_controller_dag.py for tasks to queue
[2024-05-25T00:07:37.930+0000] {logging_mixin.py:188} INFO - [2024-05-25T00:07:37.930+0000] {dagbag.py:545} INFO - Filling up the DagBag from /home/airflow/.local/lib/python3.12/site-packages/airflow/example_dags/example_trigger_controller_dag.py
[2024-05-25T00:07:37.937+0000] {processor.py:840} INFO - DAG(s) 'example_trigger_controller_dag' retrieved from /home/airflow/.local/lib/python3.12/site-packages/airflow/example_dags/example_trigger_controller_dag.py
[2024-05-25T00:07:37.959+0000] {logging_mixin.py:188} INFO - [2024-05-25T00:07:37.959+0000] {dag.py:3096} INFO - Sync 1 DAGs
[2024-05-25T00:07:37.980+0000] {logging_mixin.py:188} INFO - [2024-05-25T00:07:37.980+0000] {dag.py:3954} INFO - Setting next_dagrun for example_trigger_controller_dag to 2021-01-01 00:00:00+00:00, run_after=2021-01-01 00:00:00+00:00
[2024-05-25T00:07:38.002+0000] {processor.py:183} INFO - Processing /home/airflow/.local/lib/python3.12/site-packages/airflow/example_dags/example_trigger_controller_dag.py took 0.081 seconds
[2024-05-25T00:08:08.254+0000] {processor.py:161} INFO - Started process (PID=39526) to work on /home/airflow/.local/lib/python3.12/site-packages/airflow/example_dags/example_trigger_controller_dag.py
[2024-05-25T00:08:08.255+0000] {processor.py:830} INFO - Processing file /home/airflow/.local/lib/python3.12/site-packages/airflow/example_dags/example_trigger_controller_dag.py for tasks to queue
[2024-05-25T00:08:08.257+0000] {logging_mixin.py:188} INFO - [2024-05-25T00:08:08.257+0000] {dagbag.py:545} INFO - Filling up the DagBag from /home/airflow/.local/lib/python3.12/site-packages/airflow/example_dags/example_trigger_controller_dag.py
[2024-05-25T00:08:08.263+0000] {processor.py:840} INFO - DAG(s) 'example_trigger_controller_dag' retrieved from /home/airflow/.local/lib/python3.12/site-packages/airflow/example_dags/example_trigger_controller_dag.py
[2024-05-25T00:08:08.305+0000] {logging_mixin.py:188} INFO - [2024-05-25T00:08:08.305+0000] {dag.py:3096} INFO - Sync 1 DAGs
[2024-05-25T00:08:08.338+0000] {logging_mixin.py:188} INFO - [2024-05-25T00:08:08.338+0000] {dag.py:3954} INFO - Setting next_dagrun for example_trigger_controller_dag to 2021-01-01 00:00:00+00:00, run_after=2021-01-01 00:00:00+00:00
[2024-05-25T00:08:08.366+0000] {processor.py:183} INFO - Processing /home/airflow/.local/lib/python3.12/site-packages/airflow/example_dags/example_trigger_controller_dag.py took 0.121 seconds
[2024-05-25T00:08:44.347+0000] {processor.py:161} INFO - Started process (PID=39584) to work on /home/airflow/.local/lib/python3.12/site-packages/airflow/example_dags/example_trigger_controller_dag.py
[2024-05-25T00:08:44.352+0000] {processor.py:830} INFO - Processing file /home/airflow/.local/lib/python3.12/site-packages/airflow/example_dags/example_trigger_controller_dag.py for tasks to queue
[2024-05-25T00:08:44.362+0000] {logging_mixin.py:188} INFO - [2024-05-25T00:08:44.361+0000] {dagbag.py:545} INFO - Filling up the DagBag from /home/airflow/.local/lib/python3.12/site-packages/airflow/example_dags/example_trigger_controller_dag.py
[2024-05-25T00:08:44.374+0000] {processor.py:840} INFO - DAG(s) 'example_trigger_controller_dag' retrieved from /home/airflow/.local/lib/python3.12/site-packages/airflow/example_dags/example_trigger_controller_dag.py
[2024-05-25T00:08:44.422+0000] {logging_mixin.py:188} INFO - [2024-05-25T00:08:44.422+0000] {dag.py:3096} INFO - Sync 1 DAGs
[2024-05-25T00:08:44.477+0000] {logging_mixin.py:188} INFO - [2024-05-25T00:08:44.475+0000] {dag.py:3954} INFO - Setting next_dagrun for example_trigger_controller_dag to 2021-01-01 00:00:00+00:00, run_after=2021-01-01 00:00:00+00:00
[2024-05-25T00:08:44.576+0000] {processor.py:183} INFO - Processing /home/airflow/.local/lib/python3.12/site-packages/airflow/example_dags/example_trigger_controller_dag.py took 0.249 seconds
[2024-05-25T00:09:55.399+0000] {processor.py:161} INFO - Started process (PID=39626) to work on /home/airflow/.local/lib/python3.12/site-packages/airflow/example_dags/example_trigger_controller_dag.py
[2024-05-25T00:09:55.401+0000] {processor.py:830} INFO - Processing file /home/airflow/.local/lib/python3.12/site-packages/airflow/example_dags/example_trigger_controller_dag.py for tasks to queue
[2024-05-25T00:09:55.404+0000] {logging_mixin.py:188} INFO - [2024-05-25T00:09:55.403+0000] {dagbag.py:545} INFO - Filling up the DagBag from /home/airflow/.local/lib/python3.12/site-packages/airflow/example_dags/example_trigger_controller_dag.py
[2024-05-25T00:09:55.410+0000] {processor.py:840} INFO - DAG(s) 'example_trigger_controller_dag' retrieved from /home/airflow/.local/lib/python3.12/site-packages/airflow/example_dags/example_trigger_controller_dag.py
[2024-05-25T00:09:55.443+0000] {logging_mixin.py:188} INFO - [2024-05-25T00:09:55.443+0000] {dag.py:3096} INFO - Sync 1 DAGs
[2024-05-25T00:09:55.486+0000] {logging_mixin.py:188} INFO - [2024-05-25T00:09:55.486+0000] {dag.py:3954} INFO - Setting next_dagrun for example_trigger_controller_dag to 2021-01-01 00:00:00+00:00, run_after=2021-01-01 00:00:00+00:00
[2024-05-25T00:09:55.527+0000] {processor.py:183} INFO - Processing /home/airflow/.local/lib/python3.12/site-packages/airflow/example_dags/example_trigger_controller_dag.py took 0.134 seconds
[2024-05-25T00:10:26.999+0000] {processor.py:161} INFO - Started process (PID=39684) to work on /home/airflow/.local/lib/python3.12/site-packages/airflow/example_dags/example_trigger_controller_dag.py
[2024-05-25T00:10:27.003+0000] {processor.py:830} INFO - Processing file /home/airflow/.local/lib/python3.12/site-packages/airflow/example_dags/example_trigger_controller_dag.py for tasks to queue
[2024-05-25T00:10:27.007+0000] {logging_mixin.py:188} INFO - [2024-05-25T00:10:27.006+0000] {dagbag.py:545} INFO - Filling up the DagBag from /home/airflow/.local/lib/python3.12/site-packages/airflow/example_dags/example_trigger_controller_dag.py
[2024-05-25T00:10:27.028+0000] {processor.py:840} INFO - DAG(s) 'example_trigger_controller_dag' retrieved from /home/airflow/.local/lib/python3.12/site-packages/airflow/example_dags/example_trigger_controller_dag.py
[2024-05-25T00:10:27.087+0000] {logging_mixin.py:188} INFO - [2024-05-25T00:10:27.087+0000] {dag.py:3096} INFO - Sync 1 DAGs
[2024-05-25T00:10:27.160+0000] {logging_mixin.py:188} INFO - [2024-05-25T00:10:27.159+0000] {dag.py:3954} INFO - Setting next_dagrun for example_trigger_controller_dag to 2021-01-01 00:00:00+00:00, run_after=2021-01-01 00:00:00+00:00
[2024-05-25T00:10:27.266+0000] {processor.py:183} INFO - Processing /home/airflow/.local/lib/python3.12/site-packages/airflow/example_dags/example_trigger_controller_dag.py took 0.281 seconds
[2024-05-25T00:10:57.741+0000] {processor.py:161} INFO - Started process (PID=39742) to work on /home/airflow/.local/lib/python3.12/site-packages/airflow/example_dags/example_trigger_controller_dag.py
[2024-05-25T00:10:57.744+0000] {processor.py:830} INFO - Processing file /home/airflow/.local/lib/python3.12/site-packages/airflow/example_dags/example_trigger_controller_dag.py for tasks to queue
[2024-05-25T00:10:57.748+0000] {logging_mixin.py:188} INFO - [2024-05-25T00:10:57.747+0000] {dagbag.py:545} INFO - Filling up the DagBag from /home/airflow/.local/lib/python3.12/site-packages/airflow/example_dags/example_trigger_controller_dag.py
[2024-05-25T00:10:57.756+0000] {processor.py:840} INFO - DAG(s) 'example_trigger_controller_dag' retrieved from /home/airflow/.local/lib/python3.12/site-packages/airflow/example_dags/example_trigger_controller_dag.py
[2024-05-25T00:10:57.783+0000] {logging_mixin.py:188} INFO - [2024-05-25T00:10:57.783+0000] {dag.py:3096} INFO - Sync 1 DAGs
[2024-05-25T00:10:57.805+0000] {logging_mixin.py:188} INFO - [2024-05-25T00:10:57.805+0000] {dag.py:3954} INFO - Setting next_dagrun for example_trigger_controller_dag to 2021-01-01 00:00:00+00:00, run_after=2021-01-01 00:00:00+00:00
[2024-05-25T00:10:57.833+0000] {processor.py:183} INFO - Processing /home/airflow/.local/lib/python3.12/site-packages/airflow/example_dags/example_trigger_controller_dag.py took 0.102 seconds
[2024-05-25T00:11:27.989+0000] {processor.py:161} INFO - Started process (PID=39800) to work on /home/airflow/.local/lib/python3.12/site-packages/airflow/example_dags/example_trigger_controller_dag.py
[2024-05-25T00:11:27.990+0000] {processor.py:830} INFO - Processing file /home/airflow/.local/lib/python3.12/site-packages/airflow/example_dags/example_trigger_controller_dag.py for tasks to queue
[2024-05-25T00:11:27.991+0000] {logging_mixin.py:188} INFO - [2024-05-25T00:11:27.990+0000] {dagbag.py:545} INFO - Filling up the DagBag from /home/airflow/.local/lib/python3.12/site-packages/airflow/example_dags/example_trigger_controller_dag.py
[2024-05-25T00:11:27.996+0000] {processor.py:840} INFO - DAG(s) 'example_trigger_controller_dag' retrieved from /home/airflow/.local/lib/python3.12/site-packages/airflow/example_dags/example_trigger_controller_dag.py
[2024-05-25T00:11:28.014+0000] {logging_mixin.py:188} INFO - [2024-05-25T00:11:28.013+0000] {dag.py:3096} INFO - Sync 1 DAGs
[2024-05-25T00:11:28.032+0000] {logging_mixin.py:188} INFO - [2024-05-25T00:11:28.032+0000] {dag.py:3954} INFO - Setting next_dagrun for example_trigger_controller_dag to 2021-01-01 00:00:00+00:00, run_after=2021-01-01 00:00:00+00:00
[2024-05-25T00:11:28.048+0000] {processor.py:183} INFO - Processing /home/airflow/.local/lib/python3.12/site-packages/airflow/example_dags/example_trigger_controller_dag.py took 0.064 seconds
[2024-05-25T00:11:58.998+0000] {processor.py:161} INFO - Started process (PID=39858) to work on /home/airflow/.local/lib/python3.12/site-packages/airflow/example_dags/example_trigger_controller_dag.py
[2024-05-25T00:11:59.000+0000] {processor.py:830} INFO - Processing file /home/airflow/.local/lib/python3.12/site-packages/airflow/example_dags/example_trigger_controller_dag.py for tasks to queue
[2024-05-25T00:11:59.002+0000] {logging_mixin.py:188} INFO - [2024-05-25T00:11:59.001+0000] {dagbag.py:545} INFO - Filling up the DagBag from /home/airflow/.local/lib/python3.12/site-packages/airflow/example_dags/example_trigger_controller_dag.py
[2024-05-25T00:11:59.013+0000] {processor.py:840} INFO - DAG(s) 'example_trigger_controller_dag' retrieved from /home/airflow/.local/lib/python3.12/site-packages/airflow/example_dags/example_trigger_controller_dag.py
[2024-05-25T00:11:59.044+0000] {logging_mixin.py:188} INFO - [2024-05-25T00:11:59.044+0000] {dag.py:3096} INFO - Sync 1 DAGs
[2024-05-25T00:11:59.066+0000] {logging_mixin.py:188} INFO - [2024-05-25T00:11:59.066+0000] {dag.py:3954} INFO - Setting next_dagrun for example_trigger_controller_dag to 2021-01-01 00:00:00+00:00, run_after=2021-01-01 00:00:00+00:00
[2024-05-25T00:11:59.093+0000] {processor.py:183} INFO - Processing /home/airflow/.local/lib/python3.12/site-packages/airflow/example_dags/example_trigger_controller_dag.py took 0.104 seconds
[2024-05-25T00:12:47.683+0000] {processor.py:161} INFO - Started process (PID=39919) to work on /home/airflow/.local/lib/python3.12/site-packages/airflow/example_dags/example_trigger_controller_dag.py
[2024-05-25T00:12:47.686+0000] {processor.py:830} INFO - Processing file /home/airflow/.local/lib/python3.12/site-packages/airflow/example_dags/example_trigger_controller_dag.py for tasks to queue
[2024-05-25T00:12:47.688+0000] {logging_mixin.py:188} INFO - [2024-05-25T00:12:47.687+0000] {dagbag.py:545} INFO - Filling up the DagBag from /home/airflow/.local/lib/python3.12/site-packages/airflow/example_dags/example_trigger_controller_dag.py
[2024-05-25T00:12:47.696+0000] {processor.py:840} INFO - DAG(s) 'example_trigger_controller_dag' retrieved from /home/airflow/.local/lib/python3.12/site-packages/airflow/example_dags/example_trigger_controller_dag.py
[2024-05-25T00:12:47.736+0000] {logging_mixin.py:188} INFO - [2024-05-25T00:12:47.736+0000] {dag.py:3096} INFO - Sync 1 DAGs
[2024-05-25T00:12:47.771+0000] {logging_mixin.py:188} INFO - [2024-05-25T00:12:47.771+0000] {dag.py:3954} INFO - Setting next_dagrun for example_trigger_controller_dag to 2021-01-01 00:00:00+00:00, run_after=2021-01-01 00:00:00+00:00
[2024-05-25T00:12:47.800+0000] {processor.py:183} INFO - Processing /home/airflow/.local/lib/python3.12/site-packages/airflow/example_dags/example_trigger_controller_dag.py took 0.130 seconds
[2024-05-25T00:13:19.758+0000] {processor.py:161} INFO - Started process (PID=39977) to work on /home/airflow/.local/lib/python3.12/site-packages/airflow/example_dags/example_trigger_controller_dag.py
[2024-05-25T00:13:19.762+0000] {processor.py:830} INFO - Processing file /home/airflow/.local/lib/python3.12/site-packages/airflow/example_dags/example_trigger_controller_dag.py for tasks to queue
[2024-05-25T00:13:19.766+0000] {logging_mixin.py:188} INFO - [2024-05-25T00:13:19.764+0000] {dagbag.py:545} INFO - Filling up the DagBag from /home/airflow/.local/lib/python3.12/site-packages/airflow/example_dags/example_trigger_controller_dag.py
[2024-05-25T00:13:19.782+0000] {processor.py:840} INFO - DAG(s) 'example_trigger_controller_dag' retrieved from /home/airflow/.local/lib/python3.12/site-packages/airflow/example_dags/example_trigger_controller_dag.py
[2024-05-25T00:13:19.896+0000] {logging_mixin.py:188} INFO - [2024-05-25T00:13:19.895+0000] {dag.py:3096} INFO - Sync 1 DAGs
[2024-05-25T00:13:20.034+0000] {logging_mixin.py:188} INFO - [2024-05-25T00:13:20.032+0000] {dag.py:3954} INFO - Setting next_dagrun for example_trigger_controller_dag to 2021-01-01 00:00:00+00:00, run_after=2021-01-01 00:00:00+00:00
[2024-05-25T00:13:20.245+0000] {processor.py:183} INFO - Processing /home/airflow/.local/lib/python3.12/site-packages/airflow/example_dags/example_trigger_controller_dag.py took 0.519 seconds
[2024-05-25T00:14:19.679+0000] {processor.py:161} INFO - Started process (PID=40029) to work on /home/airflow/.local/lib/python3.12/site-packages/airflow/example_dags/example_trigger_controller_dag.py
[2024-05-25T00:14:19.680+0000] {processor.py:830} INFO - Processing file /home/airflow/.local/lib/python3.12/site-packages/airflow/example_dags/example_trigger_controller_dag.py for tasks to queue
[2024-05-25T00:14:19.682+0000] {logging_mixin.py:188} INFO - [2024-05-25T00:14:19.681+0000] {dagbag.py:545} INFO - Filling up the DagBag from /home/airflow/.local/lib/python3.12/site-packages/airflow/example_dags/example_trigger_controller_dag.py
[2024-05-25T00:14:19.687+0000] {processor.py:840} INFO - DAG(s) 'example_trigger_controller_dag' retrieved from /home/airflow/.local/lib/python3.12/site-packages/airflow/example_dags/example_trigger_controller_dag.py
[2024-05-25T00:14:19.712+0000] {logging_mixin.py:188} INFO - [2024-05-25T00:14:19.712+0000] {dag.py:3096} INFO - Sync 1 DAGs
[2024-05-25T00:14:19.734+0000] {logging_mixin.py:188} INFO - [2024-05-25T00:14:19.734+0000] {dag.py:3954} INFO - Setting next_dagrun for example_trigger_controller_dag to 2021-01-01 00:00:00+00:00, run_after=2021-01-01 00:00:00+00:00
[2024-05-25T00:14:19.755+0000] {processor.py:183} INFO - Processing /home/airflow/.local/lib/python3.12/site-packages/airflow/example_dags/example_trigger_controller_dag.py took 0.085 seconds
[2024-05-25T00:15:21.273+0000] {processor.py:161} INFO - Started process (PID=40101) to work on /home/airflow/.local/lib/python3.12/site-packages/airflow/example_dags/example_trigger_controller_dag.py
[2024-05-25T00:15:21.274+0000] {processor.py:830} INFO - Processing file /home/airflow/.local/lib/python3.12/site-packages/airflow/example_dags/example_trigger_controller_dag.py for tasks to queue
[2024-05-25T00:15:21.275+0000] {logging_mixin.py:188} INFO - [2024-05-25T00:15:21.275+0000] {dagbag.py:545} INFO - Filling up the DagBag from /home/airflow/.local/lib/python3.12/site-packages/airflow/example_dags/example_trigger_controller_dag.py
[2024-05-25T00:15:21.281+0000] {processor.py:840} INFO - DAG(s) 'example_trigger_controller_dag' retrieved from /home/airflow/.local/lib/python3.12/site-packages/airflow/example_dags/example_trigger_controller_dag.py
[2024-05-25T00:15:21.298+0000] {logging_mixin.py:188} INFO - [2024-05-25T00:15:21.298+0000] {dag.py:3096} INFO - Sync 1 DAGs
[2024-05-25T00:15:21.318+0000] {logging_mixin.py:188} INFO - [2024-05-25T00:15:21.317+0000] {dag.py:3954} INFO - Setting next_dagrun for example_trigger_controller_dag to 2021-01-01 00:00:00+00:00, run_after=2021-01-01 00:00:00+00:00
[2024-05-25T00:15:21.336+0000] {processor.py:183} INFO - Processing /home/airflow/.local/lib/python3.12/site-packages/airflow/example_dags/example_trigger_controller_dag.py took 0.068 seconds
