[2024-05-25T00:00:17.490+0000] {processor.py:161} INFO - Started process (PID=38637) to work on /home/airflow/.local/lib/python3.12/site-packages/airflow/example_dags/example_latest_only_with_trigger.py
[2024-05-25T00:00:17.491+0000] {processor.py:830} INFO - Processing file /home/airflow/.local/lib/python3.12/site-packages/airflow/example_dags/example_latest_only_with_trigger.py for tasks to queue
[2024-05-25T00:00:17.494+0000] {logging_mixin.py:188} INFO - [2024-05-25T00:00:17.493+0000] {dagbag.py:545} INFO - Filling up the DagBag from /home/airflow/.local/lib/python3.12/site-packages/airflow/example_dags/example_latest_only_with_trigger.py
[2024-05-25T00:00:17.504+0000] {processor.py:840} INFO - DAG(s) 'latest_only_with_trigger' retrieved from /home/airflow/.local/lib/python3.12/site-packages/airflow/example_dags/example_latest_only_with_trigger.py
[2024-05-25T00:00:17.526+0000] {logging_mixin.py:188} INFO - [2024-05-25T00:00:17.526+0000] {dag.py:3096} INFO - Sync 1 DAGs
[2024-05-25T00:00:17.552+0000] {logging_mixin.py:188} INFO - [2024-05-25T00:00:17.552+0000] {dag.py:3954} INFO - Setting next_dagrun for latest_only_with_trigger to 2024-05-24 20:00:00+00:00, run_after=2024-05-25 00:00:00+00:00
[2024-05-25T00:00:17.580+0000] {processor.py:183} INFO - Processing /home/airflow/.local/lib/python3.12/site-packages/airflow/example_dags/example_latest_only_with_trigger.py took 0.096 seconds
[2024-05-25T00:00:47.660+0000] {processor.py:161} INFO - Started process (PID=38695) to work on /home/airflow/.local/lib/python3.12/site-packages/airflow/example_dags/example_latest_only_with_trigger.py
[2024-05-25T00:00:47.661+0000] {processor.py:830} INFO - Processing file /home/airflow/.local/lib/python3.12/site-packages/airflow/example_dags/example_latest_only_with_trigger.py for tasks to queue
[2024-05-25T00:00:47.664+0000] {logging_mixin.py:188} INFO - [2024-05-25T00:00:47.663+0000] {dagbag.py:545} INFO - Filling up the DagBag from /home/airflow/.local/lib/python3.12/site-packages/airflow/example_dags/example_latest_only_with_trigger.py
[2024-05-25T00:00:47.670+0000] {processor.py:840} INFO - DAG(s) 'latest_only_with_trigger' retrieved from /home/airflow/.local/lib/python3.12/site-packages/airflow/example_dags/example_latest_only_with_trigger.py
[2024-05-25T00:00:47.692+0000] {logging_mixin.py:188} INFO - [2024-05-25T00:00:47.692+0000] {dag.py:3096} INFO - Sync 1 DAGs
[2024-05-25T00:00:47.714+0000] {logging_mixin.py:188} INFO - [2024-05-25T00:00:47.714+0000] {dag.py:3954} INFO - Setting next_dagrun for latest_only_with_trigger to 2024-05-24 20:00:00+00:00, run_after=2024-05-25 00:00:00+00:00
[2024-05-25T00:00:47.740+0000] {processor.py:183} INFO - Processing /home/airflow/.local/lib/python3.12/site-packages/airflow/example_dags/example_latest_only_with_trigger.py took 0.087 seconds
[2024-05-25T00:01:18.210+0000] {processor.py:161} INFO - Started process (PID=38753) to work on /home/airflow/.local/lib/python3.12/site-packages/airflow/example_dags/example_latest_only_with_trigger.py
[2024-05-25T00:01:18.212+0000] {processor.py:830} INFO - Processing file /home/airflow/.local/lib/python3.12/site-packages/airflow/example_dags/example_latest_only_with_trigger.py for tasks to queue
[2024-05-25T00:01:18.214+0000] {logging_mixin.py:188} INFO - [2024-05-25T00:01:18.214+0000] {dagbag.py:545} INFO - Filling up the DagBag from /home/airflow/.local/lib/python3.12/site-packages/airflow/example_dags/example_latest_only_with_trigger.py
[2024-05-25T00:01:18.222+0000] {processor.py:840} INFO - DAG(s) 'latest_only_with_trigger' retrieved from /home/airflow/.local/lib/python3.12/site-packages/airflow/example_dags/example_latest_only_with_trigger.py
[2024-05-25T00:01:18.250+0000] {logging_mixin.py:188} INFO - [2024-05-25T00:01:18.249+0000] {dag.py:3096} INFO - Sync 1 DAGs
[2024-05-25T00:01:18.272+0000] {logging_mixin.py:188} INFO - [2024-05-25T00:01:18.272+0000] {dag.py:3954} INFO - Setting next_dagrun for latest_only_with_trigger to 2024-05-24 20:00:00+00:00, run_after=2024-05-25 00:00:00+00:00
[2024-05-25T00:01:18.299+0000] {processor.py:183} INFO - Processing /home/airflow/.local/lib/python3.12/site-packages/airflow/example_dags/example_latest_only_with_trigger.py took 0.099 seconds
[2024-05-25T00:01:49.103+0000] {processor.py:161} INFO - Started process (PID=38811) to work on /home/airflow/.local/lib/python3.12/site-packages/airflow/example_dags/example_latest_only_with_trigger.py
[2024-05-25T00:01:49.107+0000] {processor.py:830} INFO - Processing file /home/airflow/.local/lib/python3.12/site-packages/airflow/example_dags/example_latest_only_with_trigger.py for tasks to queue
[2024-05-25T00:01:49.113+0000] {logging_mixin.py:188} INFO - [2024-05-25T00:01:49.112+0000] {dagbag.py:545} INFO - Filling up the DagBag from /home/airflow/.local/lib/python3.12/site-packages/airflow/example_dags/example_latest_only_with_trigger.py
[2024-05-25T00:01:49.123+0000] {processor.py:840} INFO - DAG(s) 'latest_only_with_trigger' retrieved from /home/airflow/.local/lib/python3.12/site-packages/airflow/example_dags/example_latest_only_with_trigger.py
[2024-05-25T00:01:49.168+0000] {logging_mixin.py:188} INFO - [2024-05-25T00:01:49.167+0000] {dag.py:3096} INFO - Sync 1 DAGs
[2024-05-25T00:01:49.205+0000] {logging_mixin.py:188} INFO - [2024-05-25T00:01:49.204+0000] {dag.py:3954} INFO - Setting next_dagrun for latest_only_with_trigger to 2024-05-24 20:00:00+00:00, run_after=2024-05-25 00:00:00+00:00
[2024-05-25T00:01:49.235+0000] {processor.py:183} INFO - Processing /home/airflow/.local/lib/python3.12/site-packages/airflow/example_dags/example_latest_only_with_trigger.py took 0.154 seconds
[2024-05-25T00:02:19.484+0000] {processor.py:161} INFO - Started process (PID=38869) to work on /home/airflow/.local/lib/python3.12/site-packages/airflow/example_dags/example_latest_only_with_trigger.py
[2024-05-25T00:02:19.485+0000] {processor.py:830} INFO - Processing file /home/airflow/.local/lib/python3.12/site-packages/airflow/example_dags/example_latest_only_with_trigger.py for tasks to queue
[2024-05-25T00:02:19.488+0000] {logging_mixin.py:188} INFO - [2024-05-25T00:02:19.488+0000] {dagbag.py:545} INFO - Filling up the DagBag from /home/airflow/.local/lib/python3.12/site-packages/airflow/example_dags/example_latest_only_with_trigger.py
[2024-05-25T00:02:19.494+0000] {processor.py:840} INFO - DAG(s) 'latest_only_with_trigger' retrieved from /home/airflow/.local/lib/python3.12/site-packages/airflow/example_dags/example_latest_only_with_trigger.py
[2024-05-25T00:02:19.520+0000] {logging_mixin.py:188} INFO - [2024-05-25T00:02:19.519+0000] {dag.py:3096} INFO - Sync 1 DAGs
[2024-05-25T00:02:19.544+0000] {logging_mixin.py:188} INFO - [2024-05-25T00:02:19.544+0000] {dag.py:3954} INFO - Setting next_dagrun for latest_only_with_trigger to 2024-05-24 20:00:00+00:00, run_after=2024-05-25 00:00:00+00:00
[2024-05-25T00:02:19.568+0000] {processor.py:183} INFO - Processing /home/airflow/.local/lib/python3.12/site-packages/airflow/example_dags/example_latest_only_with_trigger.py took 0.090 seconds
[2024-05-25T00:02:50.171+0000] {processor.py:161} INFO - Started process (PID=38927) to work on /home/airflow/.local/lib/python3.12/site-packages/airflow/example_dags/example_latest_only_with_trigger.py
[2024-05-25T00:02:50.172+0000] {processor.py:830} INFO - Processing file /home/airflow/.local/lib/python3.12/site-packages/airflow/example_dags/example_latest_only_with_trigger.py for tasks to queue
[2024-05-25T00:02:50.175+0000] {logging_mixin.py:188} INFO - [2024-05-25T00:02:50.174+0000] {dagbag.py:545} INFO - Filling up the DagBag from /home/airflow/.local/lib/python3.12/site-packages/airflow/example_dags/example_latest_only_with_trigger.py
[2024-05-25T00:02:50.180+0000] {processor.py:840} INFO - DAG(s) 'latest_only_with_trigger' retrieved from /home/airflow/.local/lib/python3.12/site-packages/airflow/example_dags/example_latest_only_with_trigger.py
[2024-05-25T00:02:50.208+0000] {logging_mixin.py:188} INFO - [2024-05-25T00:02:50.208+0000] {dag.py:3096} INFO - Sync 1 DAGs
[2024-05-25T00:02:50.237+0000] {logging_mixin.py:188} INFO - [2024-05-25T00:02:50.237+0000] {dag.py:3954} INFO - Setting next_dagrun for latest_only_with_trigger to 2024-05-24 20:00:00+00:00, run_after=2024-05-25 00:00:00+00:00
[2024-05-25T00:02:50.270+0000] {processor.py:183} INFO - Processing /home/airflow/.local/lib/python3.12/site-packages/airflow/example_dags/example_latest_only_with_trigger.py took 0.107 seconds
[2024-05-25T00:03:21.362+0000] {processor.py:161} INFO - Started process (PID=38989) to work on /home/airflow/.local/lib/python3.12/site-packages/airflow/example_dags/example_latest_only_with_trigger.py
[2024-05-25T00:03:21.364+0000] {processor.py:830} INFO - Processing file /home/airflow/.local/lib/python3.12/site-packages/airflow/example_dags/example_latest_only_with_trigger.py for tasks to queue
[2024-05-25T00:03:21.367+0000] {logging_mixin.py:188} INFO - [2024-05-25T00:03:21.367+0000] {dagbag.py:545} INFO - Filling up the DagBag from /home/airflow/.local/lib/python3.12/site-packages/airflow/example_dags/example_latest_only_with_trigger.py
[2024-05-25T00:03:21.374+0000] {processor.py:840} INFO - DAG(s) 'latest_only_with_trigger' retrieved from /home/airflow/.local/lib/python3.12/site-packages/airflow/example_dags/example_latest_only_with_trigger.py
[2024-05-25T00:03:21.401+0000] {logging_mixin.py:188} INFO - [2024-05-25T00:03:21.401+0000] {dag.py:3096} INFO - Sync 1 DAGs
[2024-05-25T00:03:21.430+0000] {logging_mixin.py:188} INFO - [2024-05-25T00:03:21.429+0000] {dag.py:3954} INFO - Setting next_dagrun for latest_only_with_trigger to 2024-05-24 20:00:00+00:00, run_after=2024-05-25 00:00:00+00:00
[2024-05-25T00:03:21.457+0000] {processor.py:183} INFO - Processing /home/airflow/.local/lib/python3.12/site-packages/airflow/example_dags/example_latest_only_with_trigger.py took 0.102 seconds
[2024-05-25T00:03:51.788+0000] {processor.py:161} INFO - Started process (PID=39047) to work on /home/airflow/.local/lib/python3.12/site-packages/airflow/example_dags/example_latest_only_with_trigger.py
[2024-05-25T00:03:51.790+0000] {processor.py:830} INFO - Processing file /home/airflow/.local/lib/python3.12/site-packages/airflow/example_dags/example_latest_only_with_trigger.py for tasks to queue
[2024-05-25T00:03:51.792+0000] {logging_mixin.py:188} INFO - [2024-05-25T00:03:51.791+0000] {dagbag.py:545} INFO - Filling up the DagBag from /home/airflow/.local/lib/python3.12/site-packages/airflow/example_dags/example_latest_only_with_trigger.py
[2024-05-25T00:03:51.798+0000] {processor.py:840} INFO - DAG(s) 'latest_only_with_trigger' retrieved from /home/airflow/.local/lib/python3.12/site-packages/airflow/example_dags/example_latest_only_with_trigger.py
[2024-05-25T00:03:51.818+0000] {logging_mixin.py:188} INFO - [2024-05-25T00:03:51.818+0000] {dag.py:3096} INFO - Sync 1 DAGs
[2024-05-25T00:03:51.841+0000] {logging_mixin.py:188} INFO - [2024-05-25T00:03:51.840+0000] {dag.py:3954} INFO - Setting next_dagrun for latest_only_with_trigger to 2024-05-24 20:00:00+00:00, run_after=2024-05-25 00:00:00+00:00
[2024-05-25T00:03:51.861+0000] {processor.py:183} INFO - Processing /home/airflow/.local/lib/python3.12/site-packages/airflow/example_dags/example_latest_only_with_trigger.py took 0.078 seconds
[2024-05-25T00:04:22.042+0000] {processor.py:161} INFO - Started process (PID=39104) to work on /home/airflow/.local/lib/python3.12/site-packages/airflow/example_dags/example_latest_only_with_trigger.py
[2024-05-25T00:04:22.044+0000] {processor.py:830} INFO - Processing file /home/airflow/.local/lib/python3.12/site-packages/airflow/example_dags/example_latest_only_with_trigger.py for tasks to queue
[2024-05-25T00:04:22.049+0000] {logging_mixin.py:188} INFO - [2024-05-25T00:04:22.047+0000] {dagbag.py:545} INFO - Filling up the DagBag from /home/airflow/.local/lib/python3.12/site-packages/airflow/example_dags/example_latest_only_with_trigger.py
[2024-05-25T00:04:22.072+0000] {processor.py:840} INFO - DAG(s) 'latest_only_with_trigger' retrieved from /home/airflow/.local/lib/python3.12/site-packages/airflow/example_dags/example_latest_only_with_trigger.py
[2024-05-25T00:04:22.110+0000] {logging_mixin.py:188} INFO - [2024-05-25T00:04:22.109+0000] {dag.py:3096} INFO - Sync 1 DAGs
[2024-05-25T00:04:22.144+0000] {logging_mixin.py:188} INFO - [2024-05-25T00:04:22.144+0000] {dag.py:3954} INFO - Setting next_dagrun for latest_only_with_trigger to 2024-05-24 20:00:00+00:00, run_after=2024-05-25 00:00:00+00:00
[2024-05-25T00:04:22.174+0000] {processor.py:183} INFO - Processing /home/airflow/.local/lib/python3.12/site-packages/airflow/example_dags/example_latest_only_with_trigger.py took 0.145 seconds
[2024-05-25T00:04:55.079+0000] {processor.py:161} INFO - Started process (PID=39161) to work on /home/airflow/.local/lib/python3.12/site-packages/airflow/example_dags/example_latest_only_with_trigger.py
[2024-05-25T00:04:55.080+0000] {processor.py:830} INFO - Processing file /home/airflow/.local/lib/python3.12/site-packages/airflow/example_dags/example_latest_only_with_trigger.py for tasks to queue
[2024-05-25T00:04:55.085+0000] {logging_mixin.py:188} INFO - [2024-05-25T00:04:55.082+0000] {dagbag.py:545} INFO - Filling up the DagBag from /home/airflow/.local/lib/python3.12/site-packages/airflow/example_dags/example_latest_only_with_trigger.py
[2024-05-25T00:04:55.106+0000] {processor.py:840} INFO - DAG(s) 'latest_only_with_trigger' retrieved from /home/airflow/.local/lib/python3.12/site-packages/airflow/example_dags/example_latest_only_with_trigger.py
[2024-05-25T00:04:55.847+0000] {logging_mixin.py:188} INFO - [2024-05-25T00:04:55.834+0000] {dag.py:3096} INFO - Sync 1 DAGs
[2024-05-25T00:04:55.948+0000] {logging_mixin.py:188} INFO - [2024-05-25T00:04:55.943+0000] {dag.py:3954} INFO - Setting next_dagrun for latest_only_with_trigger to 2024-05-24 20:00:00+00:00, run_after=2024-05-25 00:00:00+00:00
[2024-05-25T00:04:56.020+0000] {processor.py:183} INFO - Processing /home/airflow/.local/lib/python3.12/site-packages/airflow/example_dags/example_latest_only_with_trigger.py took 0.957 seconds
[2024-05-25T00:05:26.789+0000] {processor.py:161} INFO - Started process (PID=39219) to work on /home/airflow/.local/lib/python3.12/site-packages/airflow/example_dags/example_latest_only_with_trigger.py
[2024-05-25T00:05:26.791+0000] {processor.py:830} INFO - Processing file /home/airflow/.local/lib/python3.12/site-packages/airflow/example_dags/example_latest_only_with_trigger.py for tasks to queue
[2024-05-25T00:05:26.793+0000] {logging_mixin.py:188} INFO - [2024-05-25T00:05:26.793+0000] {dagbag.py:545} INFO - Filling up the DagBag from /home/airflow/.local/lib/python3.12/site-packages/airflow/example_dags/example_latest_only_with_trigger.py
[2024-05-25T00:05:26.798+0000] {processor.py:840} INFO - DAG(s) 'latest_only_with_trigger' retrieved from /home/airflow/.local/lib/python3.12/site-packages/airflow/example_dags/example_latest_only_with_trigger.py
[2024-05-25T00:05:26.819+0000] {logging_mixin.py:188} INFO - [2024-05-25T00:05:26.819+0000] {dag.py:3096} INFO - Sync 1 DAGs
[2024-05-25T00:05:26.839+0000] {logging_mixin.py:188} INFO - [2024-05-25T00:05:26.839+0000] {dag.py:3954} INFO - Setting next_dagrun for latest_only_with_trigger to 2024-05-24 20:00:00+00:00, run_after=2024-05-25 00:00:00+00:00
[2024-05-25T00:05:26.876+0000] {processor.py:183} INFO - Processing /home/airflow/.local/lib/python3.12/site-packages/airflow/example_dags/example_latest_only_with_trigger.py took 0.092 seconds
[2024-05-25T00:05:56.929+0000] {processor.py:161} INFO - Started process (PID=39277) to work on /home/airflow/.local/lib/python3.12/site-packages/airflow/example_dags/example_latest_only_with_trigger.py
[2024-05-25T00:05:56.930+0000] {processor.py:830} INFO - Processing file /home/airflow/.local/lib/python3.12/site-packages/airflow/example_dags/example_latest_only_with_trigger.py for tasks to queue
[2024-05-25T00:05:56.934+0000] {logging_mixin.py:188} INFO - [2024-05-25T00:05:56.933+0000] {dagbag.py:545} INFO - Filling up the DagBag from /home/airflow/.local/lib/python3.12/site-packages/airflow/example_dags/example_latest_only_with_trigger.py
[2024-05-25T00:05:56.942+0000] {processor.py:840} INFO - DAG(s) 'latest_only_with_trigger' retrieved from /home/airflow/.local/lib/python3.12/site-packages/airflow/example_dags/example_latest_only_with_trigger.py
[2024-05-25T00:05:56.965+0000] {logging_mixin.py:188} INFO - [2024-05-25T00:05:56.965+0000] {dag.py:3096} INFO - Sync 1 DAGs
[2024-05-25T00:05:56.987+0000] {logging_mixin.py:188} INFO - [2024-05-25T00:05:56.987+0000] {dag.py:3954} INFO - Setting next_dagrun for latest_only_with_trigger to 2024-05-24 20:00:00+00:00, run_after=2024-05-25 00:00:00+00:00
[2024-05-25T00:05:57.008+0000] {processor.py:183} INFO - Processing /home/airflow/.local/lib/python3.12/site-packages/airflow/example_dags/example_latest_only_with_trigger.py took 0.085 seconds
[2024-05-25T00:06:27.152+0000] {processor.py:161} INFO - Started process (PID=39335) to work on /home/airflow/.local/lib/python3.12/site-packages/airflow/example_dags/example_latest_only_with_trigger.py
[2024-05-25T00:06:27.154+0000] {processor.py:830} INFO - Processing file /home/airflow/.local/lib/python3.12/site-packages/airflow/example_dags/example_latest_only_with_trigger.py for tasks to queue
[2024-05-25T00:06:27.155+0000] {logging_mixin.py:188} INFO - [2024-05-25T00:06:27.155+0000] {dagbag.py:545} INFO - Filling up the DagBag from /home/airflow/.local/lib/python3.12/site-packages/airflow/example_dags/example_latest_only_with_trigger.py
[2024-05-25T00:06:27.162+0000] {processor.py:840} INFO - DAG(s) 'latest_only_with_trigger' retrieved from /home/airflow/.local/lib/python3.12/site-packages/airflow/example_dags/example_latest_only_with_trigger.py
[2024-05-25T00:06:27.186+0000] {logging_mixin.py:188} INFO - [2024-05-25T00:06:27.186+0000] {dag.py:3096} INFO - Sync 1 DAGs
[2024-05-25T00:06:27.208+0000] {logging_mixin.py:188} INFO - [2024-05-25T00:06:27.208+0000] {dag.py:3954} INFO - Setting next_dagrun for latest_only_with_trigger to 2024-05-24 20:00:00+00:00, run_after=2024-05-25 00:00:00+00:00
[2024-05-25T00:06:27.230+0000] {processor.py:183} INFO - Processing /home/airflow/.local/lib/python3.12/site-packages/airflow/example_dags/example_latest_only_with_trigger.py took 0.086 seconds
[2024-05-25T00:06:57.793+0000] {processor.py:161} INFO - Started process (PID=39393) to work on /home/airflow/.local/lib/python3.12/site-packages/airflow/example_dags/example_latest_only_with_trigger.py
[2024-05-25T00:06:57.794+0000] {processor.py:830} INFO - Processing file /home/airflow/.local/lib/python3.12/site-packages/airflow/example_dags/example_latest_only_with_trigger.py for tasks to queue
[2024-05-25T00:06:57.796+0000] {logging_mixin.py:188} INFO - [2024-05-25T00:06:57.796+0000] {dagbag.py:545} INFO - Filling up the DagBag from /home/airflow/.local/lib/python3.12/site-packages/airflow/example_dags/example_latest_only_with_trigger.py
[2024-05-25T00:06:57.802+0000] {processor.py:840} INFO - DAG(s) 'latest_only_with_trigger' retrieved from /home/airflow/.local/lib/python3.12/site-packages/airflow/example_dags/example_latest_only_with_trigger.py
[2024-05-25T00:06:57.826+0000] {logging_mixin.py:188} INFO - [2024-05-25T00:06:57.825+0000] {dag.py:3096} INFO - Sync 1 DAGs
[2024-05-25T00:06:57.851+0000] {logging_mixin.py:188} INFO - [2024-05-25T00:06:57.851+0000] {dag.py:3954} INFO - Setting next_dagrun for latest_only_with_trigger to 2024-05-24 20:00:00+00:00, run_after=2024-05-25 00:00:00+00:00
[2024-05-25T00:06:57.874+0000] {processor.py:183} INFO - Processing /home/airflow/.local/lib/python3.12/site-packages/airflow/example_dags/example_latest_only_with_trigger.py took 0.086 seconds
[2024-05-25T00:07:28.024+0000] {processor.py:161} INFO - Started process (PID=39451) to work on /home/airflow/.local/lib/python3.12/site-packages/airflow/example_dags/example_latest_only_with_trigger.py
[2024-05-25T00:07:28.027+0000] {processor.py:830} INFO - Processing file /home/airflow/.local/lib/python3.12/site-packages/airflow/example_dags/example_latest_only_with_trigger.py for tasks to queue
[2024-05-25T00:07:28.032+0000] {logging_mixin.py:188} INFO - [2024-05-25T00:07:28.031+0000] {dagbag.py:545} INFO - Filling up the DagBag from /home/airflow/.local/lib/python3.12/site-packages/airflow/example_dags/example_latest_only_with_trigger.py
[2024-05-25T00:07:28.042+0000] {processor.py:840} INFO - DAG(s) 'latest_only_with_trigger' retrieved from /home/airflow/.local/lib/python3.12/site-packages/airflow/example_dags/example_latest_only_with_trigger.py
[2024-05-25T00:07:28.183+0000] {logging_mixin.py:188} INFO - [2024-05-25T00:07:28.181+0000] {dag.py:3096} INFO - Sync 1 DAGs
[2024-05-25T00:07:28.242+0000] {logging_mixin.py:188} INFO - [2024-05-25T00:07:28.241+0000] {dag.py:3954} INFO - Setting next_dagrun for latest_only_with_trigger to 2024-05-24 20:00:00+00:00, run_after=2024-05-25 00:00:00+00:00
[2024-05-25T00:07:28.288+0000] {processor.py:183} INFO - Processing /home/airflow/.local/lib/python3.12/site-packages/airflow/example_dags/example_latest_only_with_trigger.py took 0.273 seconds
[2024-05-25T00:07:59.175+0000] {processor.py:161} INFO - Started process (PID=39509) to work on /home/airflow/.local/lib/python3.12/site-packages/airflow/example_dags/example_latest_only_with_trigger.py
[2024-05-25T00:07:59.176+0000] {processor.py:830} INFO - Processing file /home/airflow/.local/lib/python3.12/site-packages/airflow/example_dags/example_latest_only_with_trigger.py for tasks to queue
[2024-05-25T00:07:59.180+0000] {logging_mixin.py:188} INFO - [2024-05-25T00:07:59.179+0000] {dagbag.py:545} INFO - Filling up the DagBag from /home/airflow/.local/lib/python3.12/site-packages/airflow/example_dags/example_latest_only_with_trigger.py
[2024-05-25T00:07:59.189+0000] {processor.py:840} INFO - DAG(s) 'latest_only_with_trigger' retrieved from /home/airflow/.local/lib/python3.12/site-packages/airflow/example_dags/example_latest_only_with_trigger.py
[2024-05-25T00:07:59.213+0000] {logging_mixin.py:188} INFO - [2024-05-25T00:07:59.213+0000] {dag.py:3096} INFO - Sync 1 DAGs
[2024-05-25T00:07:59.237+0000] {logging_mixin.py:188} INFO - [2024-05-25T00:07:59.237+0000] {dag.py:3954} INFO - Setting next_dagrun for latest_only_with_trigger to 2024-05-24 20:00:00+00:00, run_after=2024-05-25 00:00:00+00:00
[2024-05-25T00:07:59.266+0000] {processor.py:183} INFO - Processing /home/airflow/.local/lib/python3.12/site-packages/airflow/example_dags/example_latest_only_with_trigger.py took 0.096 seconds
[2024-05-25T00:08:34.175+0000] {processor.py:161} INFO - Started process (PID=39550) to work on /home/airflow/.local/lib/python3.12/site-packages/airflow/example_dags/example_latest_only_with_trigger.py
[2024-05-25T00:08:34.177+0000] {processor.py:830} INFO - Processing file /home/airflow/.local/lib/python3.12/site-packages/airflow/example_dags/example_latest_only_with_trigger.py for tasks to queue
[2024-05-25T00:08:34.185+0000] {logging_mixin.py:188} INFO - [2024-05-25T00:08:34.183+0000] {dagbag.py:545} INFO - Filling up the DagBag from /home/airflow/.local/lib/python3.12/site-packages/airflow/example_dags/example_latest_only_with_trigger.py
[2024-05-25T00:08:34.198+0000] {processor.py:840} INFO - DAG(s) 'latest_only_with_trigger' retrieved from /home/airflow/.local/lib/python3.12/site-packages/airflow/example_dags/example_latest_only_with_trigger.py
[2024-05-25T00:08:34.231+0000] {logging_mixin.py:188} INFO - [2024-05-25T00:08:34.230+0000] {dag.py:3096} INFO - Sync 1 DAGs
[2024-05-25T00:08:34.273+0000] {logging_mixin.py:188} INFO - [2024-05-25T00:08:34.272+0000] {dag.py:3954} INFO - Setting next_dagrun for latest_only_with_trigger to 2024-05-24 20:00:00+00:00, run_after=2024-05-25 00:00:00+00:00
[2024-05-25T00:08:34.299+0000] {processor.py:183} INFO - Processing /home/airflow/.local/lib/python3.12/site-packages/airflow/example_dags/example_latest_only_with_trigger.py took 0.132 seconds
[2024-05-25T00:09:25.405+0000] {processor.py:161} INFO - Started process (PID=39608) to work on /home/airflow/.local/lib/python3.12/site-packages/airflow/example_dags/example_latest_only_with_trigger.py
[2024-05-25T00:09:25.409+0000] {processor.py:830} INFO - Processing file /home/airflow/.local/lib/python3.12/site-packages/airflow/example_dags/example_latest_only_with_trigger.py for tasks to queue
[2024-05-25T00:09:25.420+0000] {logging_mixin.py:188} INFO - [2024-05-25T00:09:25.416+0000] {dagbag.py:545} INFO - Filling up the DagBag from /home/airflow/.local/lib/python3.12/site-packages/airflow/example_dags/example_latest_only_with_trigger.py
[2024-05-25T00:09:25.477+0000] {processor.py:840} INFO - DAG(s) 'latest_only_with_trigger' retrieved from /home/airflow/.local/lib/python3.12/site-packages/airflow/example_dags/example_latest_only_with_trigger.py
[2024-05-25T00:09:53.213+0000] {logging_mixin.py:188} INFO - [2024-05-25T00:09:53.200+0000] {dag.py:3096} INFO - Sync 1 DAGs
[2024-05-25T00:09:53.429+0000] {logging_mixin.py:188} INFO - [2024-05-25T00:09:53.428+0000] {dag.py:3954} INFO - Setting next_dagrun for latest_only_with_trigger to 2024-05-24 20:00:00+00:00, run_after=2024-05-25 00:00:00+00:00
[2024-05-25T00:09:53.659+0000] {processor.py:183} INFO - Processing /home/airflow/.local/lib/python3.12/site-packages/airflow/example_dags/example_latest_only_with_trigger.py took 28.295 seconds
[2024-05-25T00:10:23.976+0000] {processor.py:161} INFO - Started process (PID=39666) to work on /home/airflow/.local/lib/python3.12/site-packages/airflow/example_dags/example_latest_only_with_trigger.py
[2024-05-25T00:10:23.978+0000] {processor.py:830} INFO - Processing file /home/airflow/.local/lib/python3.12/site-packages/airflow/example_dags/example_latest_only_with_trigger.py for tasks to queue
[2024-05-25T00:10:23.979+0000] {logging_mixin.py:188} INFO - [2024-05-25T00:10:23.979+0000] {dagbag.py:545} INFO - Filling up the DagBag from /home/airflow/.local/lib/python3.12/site-packages/airflow/example_dags/example_latest_only_with_trigger.py
[2024-05-25T00:10:23.989+0000] {processor.py:840} INFO - DAG(s) 'latest_only_with_trigger' retrieved from /home/airflow/.local/lib/python3.12/site-packages/airflow/example_dags/example_latest_only_with_trigger.py
[2024-05-25T00:10:24.029+0000] {logging_mixin.py:188} INFO - [2024-05-25T00:10:24.028+0000] {dag.py:3096} INFO - Sync 1 DAGs
[2024-05-25T00:10:24.067+0000] {logging_mixin.py:188} INFO - [2024-05-25T00:10:24.067+0000] {dag.py:3954} INFO - Setting next_dagrun for latest_only_with_trigger to 2024-05-24 20:00:00+00:00, run_after=2024-05-25 00:00:00+00:00
[2024-05-25T00:10:24.103+0000] {processor.py:183} INFO - Processing /home/airflow/.local/lib/python3.12/site-packages/airflow/example_dags/example_latest_only_with_trigger.py took 0.138 seconds
[2024-05-25T00:10:54.920+0000] {processor.py:161} INFO - Started process (PID=39724) to work on /home/airflow/.local/lib/python3.12/site-packages/airflow/example_dags/example_latest_only_with_trigger.py
[2024-05-25T00:10:54.921+0000] {processor.py:830} INFO - Processing file /home/airflow/.local/lib/python3.12/site-packages/airflow/example_dags/example_latest_only_with_trigger.py for tasks to queue
[2024-05-25T00:10:54.923+0000] {logging_mixin.py:188} INFO - [2024-05-25T00:10:54.922+0000] {dagbag.py:545} INFO - Filling up the DagBag from /home/airflow/.local/lib/python3.12/site-packages/airflow/example_dags/example_latest_only_with_trigger.py
[2024-05-25T00:10:54.931+0000] {processor.py:840} INFO - DAG(s) 'latest_only_with_trigger' retrieved from /home/airflow/.local/lib/python3.12/site-packages/airflow/example_dags/example_latest_only_with_trigger.py
[2024-05-25T00:10:54.958+0000] {logging_mixin.py:188} INFO - [2024-05-25T00:10:54.958+0000] {dag.py:3096} INFO - Sync 1 DAGs
[2024-05-25T00:10:54.986+0000] {logging_mixin.py:188} INFO - [2024-05-25T00:10:54.986+0000] {dag.py:3954} INFO - Setting next_dagrun for latest_only_with_trigger to 2024-05-24 20:00:00+00:00, run_after=2024-05-25 00:00:00+00:00
[2024-05-25T00:10:55.012+0000] {processor.py:183} INFO - Processing /home/airflow/.local/lib/python3.12/site-packages/airflow/example_dags/example_latest_only_with_trigger.py took 0.097 seconds
[2024-05-25T00:11:25.092+0000] {processor.py:161} INFO - Started process (PID=39782) to work on /home/airflow/.local/lib/python3.12/site-packages/airflow/example_dags/example_latest_only_with_trigger.py
[2024-05-25T00:11:25.094+0000] {processor.py:830} INFO - Processing file /home/airflow/.local/lib/python3.12/site-packages/airflow/example_dags/example_latest_only_with_trigger.py for tasks to queue
[2024-05-25T00:11:25.095+0000] {logging_mixin.py:188} INFO - [2024-05-25T00:11:25.094+0000] {dagbag.py:545} INFO - Filling up the DagBag from /home/airflow/.local/lib/python3.12/site-packages/airflow/example_dags/example_latest_only_with_trigger.py
[2024-05-25T00:11:25.102+0000] {processor.py:840} INFO - DAG(s) 'latest_only_with_trigger' retrieved from /home/airflow/.local/lib/python3.12/site-packages/airflow/example_dags/example_latest_only_with_trigger.py
[2024-05-25T00:11:25.130+0000] {logging_mixin.py:188} INFO - [2024-05-25T00:11:25.129+0000] {dag.py:3096} INFO - Sync 1 DAGs
[2024-05-25T00:11:25.155+0000] {logging_mixin.py:188} INFO - [2024-05-25T00:11:25.155+0000] {dag.py:3954} INFO - Setting next_dagrun for latest_only_with_trigger to 2024-05-24 20:00:00+00:00, run_after=2024-05-25 00:00:00+00:00
[2024-05-25T00:11:25.195+0000] {processor.py:183} INFO - Processing /home/airflow/.local/lib/python3.12/site-packages/airflow/example_dags/example_latest_only_with_trigger.py took 0.108 seconds
[2024-05-25T00:11:56.064+0000] {processor.py:161} INFO - Started process (PID=39846) to work on /home/airflow/.local/lib/python3.12/site-packages/airflow/example_dags/example_latest_only_with_trigger.py
[2024-05-25T00:11:56.066+0000] {processor.py:830} INFO - Processing file /home/airflow/.local/lib/python3.12/site-packages/airflow/example_dags/example_latest_only_with_trigger.py for tasks to queue
[2024-05-25T00:11:56.067+0000] {logging_mixin.py:188} INFO - [2024-05-25T00:11:56.067+0000] {dagbag.py:545} INFO - Filling up the DagBag from /home/airflow/.local/lib/python3.12/site-packages/airflow/example_dags/example_latest_only_with_trigger.py
[2024-05-25T00:11:56.076+0000] {processor.py:840} INFO - DAG(s) 'latest_only_with_trigger' retrieved from /home/airflow/.local/lib/python3.12/site-packages/airflow/example_dags/example_latest_only_with_trigger.py
[2024-05-25T00:11:56.103+0000] {logging_mixin.py:188} INFO - [2024-05-25T00:11:56.103+0000] {dag.py:3096} INFO - Sync 1 DAGs
[2024-05-25T00:11:56.135+0000] {logging_mixin.py:188} INFO - [2024-05-25T00:11:56.134+0000] {dag.py:3954} INFO - Setting next_dagrun for latest_only_with_trigger to 2024-05-24 20:00:00+00:00, run_after=2024-05-25 00:00:00+00:00
[2024-05-25T00:11:56.167+0000] {processor.py:183} INFO - Processing /home/airflow/.local/lib/python3.12/site-packages/airflow/example_dags/example_latest_only_with_trigger.py took 0.109 seconds
[2024-05-25T00:12:46.433+0000] {processor.py:161} INFO - Started process (PID=39907) to work on /home/airflow/.local/lib/python3.12/site-packages/airflow/example_dags/example_latest_only_with_trigger.py
[2024-05-25T00:12:46.435+0000] {processor.py:830} INFO - Processing file /home/airflow/.local/lib/python3.12/site-packages/airflow/example_dags/example_latest_only_with_trigger.py for tasks to queue
[2024-05-25T00:12:46.436+0000] {logging_mixin.py:188} INFO - [2024-05-25T00:12:46.436+0000] {dagbag.py:545} INFO - Filling up the DagBag from /home/airflow/.local/lib/python3.12/site-packages/airflow/example_dags/example_latest_only_with_trigger.py
[2024-05-25T00:12:46.447+0000] {processor.py:840} INFO - DAG(s) 'latest_only_with_trigger' retrieved from /home/airflow/.local/lib/python3.12/site-packages/airflow/example_dags/example_latest_only_with_trigger.py
[2024-05-25T00:12:46.472+0000] {logging_mixin.py:188} INFO - [2024-05-25T00:12:46.472+0000] {dag.py:3096} INFO - Sync 1 DAGs
[2024-05-25T00:12:46.498+0000] {logging_mixin.py:188} INFO - [2024-05-25T00:12:46.497+0000] {dag.py:3954} INFO - Setting next_dagrun for latest_only_with_trigger to 2024-05-24 20:00:00+00:00, run_after=2024-05-25 00:00:00+00:00
[2024-05-25T00:12:46.532+0000] {processor.py:183} INFO - Processing /home/airflow/.local/lib/python3.12/site-packages/airflow/example_dags/example_latest_only_with_trigger.py took 0.104 seconds
[2024-05-25T00:13:17.382+0000] {processor.py:161} INFO - Started process (PID=39962) to work on /home/airflow/.local/lib/python3.12/site-packages/airflow/example_dags/example_latest_only_with_trigger.py
[2024-05-25T00:13:17.386+0000] {processor.py:830} INFO - Processing file /home/airflow/.local/lib/python3.12/site-packages/airflow/example_dags/example_latest_only_with_trigger.py for tasks to queue
[2024-05-25T00:13:17.390+0000] {logging_mixin.py:188} INFO - [2024-05-25T00:13:17.388+0000] {dagbag.py:545} INFO - Filling up the DagBag from /home/airflow/.local/lib/python3.12/site-packages/airflow/example_dags/example_latest_only_with_trigger.py
[2024-05-25T00:13:17.421+0000] {processor.py:840} INFO - DAG(s) 'latest_only_with_trigger' retrieved from /home/airflow/.local/lib/python3.12/site-packages/airflow/example_dags/example_latest_only_with_trigger.py
[2024-05-25T00:13:17.493+0000] {logging_mixin.py:188} INFO - [2024-05-25T00:13:17.492+0000] {dag.py:3096} INFO - Sync 1 DAGs
[2024-05-25T00:13:17.536+0000] {logging_mixin.py:188} INFO - [2024-05-25T00:13:17.536+0000] {dag.py:3954} INFO - Setting next_dagrun for latest_only_with_trigger to 2024-05-24 20:00:00+00:00, run_after=2024-05-25 00:00:00+00:00
[2024-05-25T00:13:17.585+0000] {processor.py:183} INFO - Processing /home/airflow/.local/lib/python3.12/site-packages/airflow/example_dags/example_latest_only_with_trigger.py took 0.220 seconds
[2024-05-25T00:14:18.046+0000] {processor.py:161} INFO - Started process (PID=40017) to work on /home/airflow/.local/lib/python3.12/site-packages/airflow/example_dags/example_latest_only_with_trigger.py
[2024-05-25T00:14:18.047+0000] {processor.py:830} INFO - Processing file /home/airflow/.local/lib/python3.12/site-packages/airflow/example_dags/example_latest_only_with_trigger.py for tasks to queue
[2024-05-25T00:14:18.049+0000] {logging_mixin.py:188} INFO - [2024-05-25T00:14:18.048+0000] {dagbag.py:545} INFO - Filling up the DagBag from /home/airflow/.local/lib/python3.12/site-packages/airflow/example_dags/example_latest_only_with_trigger.py
[2024-05-25T00:14:18.057+0000] {processor.py:840} INFO - DAG(s) 'latest_only_with_trigger' retrieved from /home/airflow/.local/lib/python3.12/site-packages/airflow/example_dags/example_latest_only_with_trigger.py
[2024-05-25T00:14:18.084+0000] {logging_mixin.py:188} INFO - [2024-05-25T00:14:18.083+0000] {dag.py:3096} INFO - Sync 1 DAGs
[2024-05-25T00:14:18.112+0000] {logging_mixin.py:188} INFO - [2024-05-25T00:14:18.111+0000] {dag.py:3954} INFO - Setting next_dagrun for latest_only_with_trigger to 2024-05-24 20:00:00+00:00, run_after=2024-05-25 00:00:00+00:00
[2024-05-25T00:14:18.145+0000] {processor.py:183} INFO - Processing /home/airflow/.local/lib/python3.12/site-packages/airflow/example_dags/example_latest_only_with_trigger.py took 0.105 seconds
[2024-05-25T00:15:19.452+0000] {processor.py:161} INFO - Started process (PID=40082) to work on /home/airflow/.local/lib/python3.12/site-packages/airflow/example_dags/example_latest_only_with_trigger.py
[2024-05-25T00:15:19.454+0000] {processor.py:830} INFO - Processing file /home/airflow/.local/lib/python3.12/site-packages/airflow/example_dags/example_latest_only_with_trigger.py for tasks to queue
[2024-05-25T00:15:19.457+0000] {logging_mixin.py:188} INFO - [2024-05-25T00:15:19.456+0000] {dagbag.py:545} INFO - Filling up the DagBag from /home/airflow/.local/lib/python3.12/site-packages/airflow/example_dags/example_latest_only_with_trigger.py
[2024-05-25T00:15:19.469+0000] {processor.py:840} INFO - DAG(s) 'latest_only_with_trigger' retrieved from /home/airflow/.local/lib/python3.12/site-packages/airflow/example_dags/example_latest_only_with_trigger.py
[2024-05-25T00:15:19.525+0000] {logging_mixin.py:188} INFO - [2024-05-25T00:15:19.523+0000] {dag.py:3096} INFO - Sync 1 DAGs
[2024-05-25T00:15:19.860+0000] {logging_mixin.py:188} INFO - [2024-05-25T00:15:19.860+0000] {dag.py:3954} INFO - Setting next_dagrun for latest_only_with_trigger to 2024-05-24 20:00:00+00:00, run_after=2024-05-25 00:00:00+00:00
[2024-05-25T00:15:19.885+0000] {processor.py:183} INFO - Processing /home/airflow/.local/lib/python3.12/site-packages/airflow/example_dags/example_latest_only_with_trigger.py took 0.444 seconds
[2024-05-25T00:15:50.525+0000] {processor.py:161} INFO - Started process (PID=40142) to work on /home/airflow/.local/lib/python3.12/site-packages/airflow/example_dags/example_latest_only_with_trigger.py
[2024-05-25T00:15:50.527+0000] {processor.py:830} INFO - Processing file /home/airflow/.local/lib/python3.12/site-packages/airflow/example_dags/example_latest_only_with_trigger.py for tasks to queue
[2024-05-25T00:15:50.528+0000] {logging_mixin.py:188} INFO - [2024-05-25T00:15:50.527+0000] {dagbag.py:545} INFO - Filling up the DagBag from /home/airflow/.local/lib/python3.12/site-packages/airflow/example_dags/example_latest_only_with_trigger.py
[2024-05-25T00:15:50.535+0000] {processor.py:840} INFO - DAG(s) 'latest_only_with_trigger' retrieved from /home/airflow/.local/lib/python3.12/site-packages/airflow/example_dags/example_latest_only_with_trigger.py
[2024-05-25T00:15:50.560+0000] {logging_mixin.py:188} INFO - [2024-05-25T00:15:50.560+0000] {dag.py:3096} INFO - Sync 1 DAGs
[2024-05-25T00:15:50.588+0000] {logging_mixin.py:188} INFO - [2024-05-25T00:15:50.588+0000] {dag.py:3954} INFO - Setting next_dagrun for latest_only_with_trigger to 2024-05-24 20:00:00+00:00, run_after=2024-05-25 00:00:00+00:00
[2024-05-25T00:15:50.816+0000] {processor.py:183} INFO - Processing /home/airflow/.local/lib/python3.12/site-packages/airflow/example_dags/example_latest_only_with_trigger.py took 0.296 seconds
[2024-05-25T00:16:21.650+0000] {processor.py:161} INFO - Started process (PID=40202) to work on /home/airflow/.local/lib/python3.12/site-packages/airflow/example_dags/example_latest_only_with_trigger.py
[2024-05-25T00:16:21.651+0000] {processor.py:830} INFO - Processing file /home/airflow/.local/lib/python3.12/site-packages/airflow/example_dags/example_latest_only_with_trigger.py for tasks to queue
[2024-05-25T00:16:21.653+0000] {logging_mixin.py:188} INFO - [2024-05-25T00:16:21.652+0000] {dagbag.py:545} INFO - Filling up the DagBag from /home/airflow/.local/lib/python3.12/site-packages/airflow/example_dags/example_latest_only_with_trigger.py
[2024-05-25T00:16:21.659+0000] {processor.py:840} INFO - DAG(s) 'latest_only_with_trigger' retrieved from /home/airflow/.local/lib/python3.12/site-packages/airflow/example_dags/example_latest_only_with_trigger.py
[2024-05-25T00:16:21.681+0000] {logging_mixin.py:188} INFO - [2024-05-25T00:16:21.681+0000] {dag.py:3096} INFO - Sync 1 DAGs
[2024-05-25T00:16:21.702+0000] {logging_mixin.py:188} INFO - [2024-05-25T00:16:21.702+0000] {dag.py:3954} INFO - Setting next_dagrun for latest_only_with_trigger to 2024-05-24 20:00:00+00:00, run_after=2024-05-25 00:00:00+00:00
[2024-05-25T00:16:21.724+0000] {processor.py:183} INFO - Processing /home/airflow/.local/lib/python3.12/site-packages/airflow/example_dags/example_latest_only_with_trigger.py took 0.080 seconds
[2024-05-25T00:16:52.512+0000] {processor.py:161} INFO - Started process (PID=40263) to work on /home/airflow/.local/lib/python3.12/site-packages/airflow/example_dags/example_latest_only_with_trigger.py
[2024-05-25T00:16:52.513+0000] {processor.py:830} INFO - Processing file /home/airflow/.local/lib/python3.12/site-packages/airflow/example_dags/example_latest_only_with_trigger.py for tasks to queue
[2024-05-25T00:16:52.514+0000] {logging_mixin.py:188} INFO - [2024-05-25T00:16:52.513+0000] {dagbag.py:545} INFO - Filling up the DagBag from /home/airflow/.local/lib/python3.12/site-packages/airflow/example_dags/example_latest_only_with_trigger.py
[2024-05-25T00:16:52.529+0000] {processor.py:840} INFO - DAG(s) 'latest_only_with_trigger' retrieved from /home/airflow/.local/lib/python3.12/site-packages/airflow/example_dags/example_latest_only_with_trigger.py
[2024-05-25T00:16:52.551+0000] {logging_mixin.py:188} INFO - [2024-05-25T00:16:52.551+0000] {dag.py:3096} INFO - Sync 1 DAGs
[2024-05-25T00:16:52.573+0000] {logging_mixin.py:188} INFO - [2024-05-25T00:16:52.573+0000] {dag.py:3954} INFO - Setting next_dagrun for latest_only_with_trigger to 2024-05-24 20:00:00+00:00, run_after=2024-05-25 00:00:00+00:00
[2024-05-25T00:16:52.608+0000] {processor.py:183} INFO - Processing /home/airflow/.local/lib/python3.12/site-packages/airflow/example_dags/example_latest_only_with_trigger.py took 0.103 seconds
[2024-05-25T00:17:23.497+0000] {processor.py:161} INFO - Started process (PID=40321) to work on /home/airflow/.local/lib/python3.12/site-packages/airflow/example_dags/example_latest_only_with_trigger.py
[2024-05-25T00:17:23.499+0000] {processor.py:830} INFO - Processing file /home/airflow/.local/lib/python3.12/site-packages/airflow/example_dags/example_latest_only_with_trigger.py for tasks to queue
[2024-05-25T00:17:23.501+0000] {logging_mixin.py:188} INFO - [2024-05-25T00:17:23.500+0000] {dagbag.py:545} INFO - Filling up the DagBag from /home/airflow/.local/lib/python3.12/site-packages/airflow/example_dags/example_latest_only_with_trigger.py
[2024-05-25T00:17:23.507+0000] {processor.py:840} INFO - DAG(s) 'latest_only_with_trigger' retrieved from /home/airflow/.local/lib/python3.12/site-packages/airflow/example_dags/example_latest_only_with_trigger.py
[2024-05-25T00:17:23.733+0000] {logging_mixin.py:188} INFO - [2024-05-25T00:17:23.732+0000] {dag.py:3096} INFO - Sync 1 DAGs
[2024-05-25T00:17:23.755+0000] {logging_mixin.py:188} INFO - [2024-05-25T00:17:23.754+0000] {dag.py:3954} INFO - Setting next_dagrun for latest_only_with_trigger to 2024-05-24 20:00:00+00:00, run_after=2024-05-25 00:00:00+00:00
[2024-05-25T00:17:23.774+0000] {processor.py:183} INFO - Processing /home/airflow/.local/lib/python3.12/site-packages/airflow/example_dags/example_latest_only_with_trigger.py took 0.283 seconds
[2024-05-25T00:17:53.931+0000] {processor.py:161} INFO - Started process (PID=40379) to work on /home/airflow/.local/lib/python3.12/site-packages/airflow/example_dags/example_latest_only_with_trigger.py
[2024-05-25T00:17:53.932+0000] {processor.py:830} INFO - Processing file /home/airflow/.local/lib/python3.12/site-packages/airflow/example_dags/example_latest_only_with_trigger.py for tasks to queue
[2024-05-25T00:17:53.933+0000] {logging_mixin.py:188} INFO - [2024-05-25T00:17:53.933+0000] {dagbag.py:545} INFO - Filling up the DagBag from /home/airflow/.local/lib/python3.12/site-packages/airflow/example_dags/example_latest_only_with_trigger.py
[2024-05-25T00:17:53.941+0000] {processor.py:840} INFO - DAG(s) 'latest_only_with_trigger' retrieved from /home/airflow/.local/lib/python3.12/site-packages/airflow/example_dags/example_latest_only_with_trigger.py
[2024-05-25T00:17:53.961+0000] {logging_mixin.py:188} INFO - [2024-05-25T00:17:53.961+0000] {dag.py:3096} INFO - Sync 1 DAGs
[2024-05-25T00:17:53.981+0000] {logging_mixin.py:188} INFO - [2024-05-25T00:17:53.981+0000] {dag.py:3954} INFO - Setting next_dagrun for latest_only_with_trigger to 2024-05-24 20:00:00+00:00, run_after=2024-05-25 00:00:00+00:00
[2024-05-25T00:17:53.997+0000] {processor.py:183} INFO - Processing /home/airflow/.local/lib/python3.12/site-packages/airflow/example_dags/example_latest_only_with_trigger.py took 0.071 seconds
[2024-05-25T00:18:24.927+0000] {processor.py:161} INFO - Started process (PID=40437) to work on /home/airflow/.local/lib/python3.12/site-packages/airflow/example_dags/example_latest_only_with_trigger.py
[2024-05-25T00:18:24.928+0000] {processor.py:830} INFO - Processing file /home/airflow/.local/lib/python3.12/site-packages/airflow/example_dags/example_latest_only_with_trigger.py for tasks to queue
[2024-05-25T00:18:24.929+0000] {logging_mixin.py:188} INFO - [2024-05-25T00:18:24.929+0000] {dagbag.py:545} INFO - Filling up the DagBag from /home/airflow/.local/lib/python3.12/site-packages/airflow/example_dags/example_latest_only_with_trigger.py
[2024-05-25T00:18:24.935+0000] {processor.py:840} INFO - DAG(s) 'latest_only_with_trigger' retrieved from /home/airflow/.local/lib/python3.12/site-packages/airflow/example_dags/example_latest_only_with_trigger.py
[2024-05-25T00:18:24.956+0000] {logging_mixin.py:188} INFO - [2024-05-25T00:18:24.956+0000] {dag.py:3096} INFO - Sync 1 DAGs
[2024-05-25T00:18:24.977+0000] {logging_mixin.py:188} INFO - [2024-05-25T00:18:24.977+0000] {dag.py:3954} INFO - Setting next_dagrun for latest_only_with_trigger to 2024-05-24 20:00:00+00:00, run_after=2024-05-25 00:00:00+00:00
[2024-05-25T00:18:24.999+0000] {processor.py:183} INFO - Processing /home/airflow/.local/lib/python3.12/site-packages/airflow/example_dags/example_latest_only_with_trigger.py took 0.078 seconds
