[2024-05-25T00:00:18.883+0000] {processor.py:161} INFO - Started process (PID=38642) to work on /home/airflow/.local/lib/python3.12/site-packages/airflow/example_dags/example_skip_dag.py
[2024-05-25T00:00:18.885+0000] {processor.py:830} INFO - Processing file /home/airflow/.local/lib/python3.12/site-packages/airflow/example_dags/example_skip_dag.py for tasks to queue
[2024-05-25T00:00:18.887+0000] {logging_mixin.py:188} INFO - [2024-05-25T00:00:18.887+0000] {dagbag.py:545} INFO - Filling up the DagBag from /home/airflow/.local/lib/python3.12/site-packages/airflow/example_dags/example_skip_dag.py
[2024-05-25T00:00:18.894+0000] {processor.py:840} INFO - DAG(s) 'example_skip_dag' retrieved from /home/airflow/.local/lib/python3.12/site-packages/airflow/example_dags/example_skip_dag.py
[2024-05-25T00:00:18.919+0000] {logging_mixin.py:188} INFO - [2024-05-25T00:00:18.918+0000] {dag.py:3096} INFO - Sync 1 DAGs
[2024-05-25T00:00:18.946+0000] {logging_mixin.py:188} INFO - [2024-05-25T00:00:18.945+0000] {dag.py:3954} INFO - Setting next_dagrun for example_skip_dag to 2024-05-24 00:00:00+00:00, run_after=2024-05-25 00:00:00+00:00
[2024-05-25T00:00:18.988+0000] {processor.py:183} INFO - Processing /home/airflow/.local/lib/python3.12/site-packages/airflow/example_dags/example_skip_dag.py took 0.114 seconds
[2024-05-25T00:00:49.096+0000] {processor.py:161} INFO - Started process (PID=38700) to work on /home/airflow/.local/lib/python3.12/site-packages/airflow/example_dags/example_skip_dag.py
[2024-05-25T00:00:49.099+0000] {processor.py:830} INFO - Processing file /home/airflow/.local/lib/python3.12/site-packages/airflow/example_dags/example_skip_dag.py for tasks to queue
[2024-05-25T00:00:49.102+0000] {logging_mixin.py:188} INFO - [2024-05-25T00:00:49.101+0000] {dagbag.py:545} INFO - Filling up the DagBag from /home/airflow/.local/lib/python3.12/site-packages/airflow/example_dags/example_skip_dag.py
[2024-05-25T00:00:49.108+0000] {processor.py:840} INFO - DAG(s) 'example_skip_dag' retrieved from /home/airflow/.local/lib/python3.12/site-packages/airflow/example_dags/example_skip_dag.py
[2024-05-25T00:00:49.131+0000] {logging_mixin.py:188} INFO - [2024-05-25T00:00:49.131+0000] {dag.py:3096} INFO - Sync 1 DAGs
[2024-05-25T00:00:49.154+0000] {logging_mixin.py:188} INFO - [2024-05-25T00:00:49.154+0000] {dag.py:3954} INFO - Setting next_dagrun for example_skip_dag to 2024-05-24 00:00:00+00:00, run_after=2024-05-25 00:00:00+00:00
[2024-05-25T00:00:49.179+0000] {processor.py:183} INFO - Processing /home/airflow/.local/lib/python3.12/site-packages/airflow/example_dags/example_skip_dag.py took 0.088 seconds
[2024-05-25T00:01:19.512+0000] {processor.py:161} INFO - Started process (PID=38758) to work on /home/airflow/.local/lib/python3.12/site-packages/airflow/example_dags/example_skip_dag.py
[2024-05-25T00:01:19.513+0000] {processor.py:830} INFO - Processing file /home/airflow/.local/lib/python3.12/site-packages/airflow/example_dags/example_skip_dag.py for tasks to queue
[2024-05-25T00:01:19.516+0000] {logging_mixin.py:188} INFO - [2024-05-25T00:01:19.516+0000] {dagbag.py:545} INFO - Filling up the DagBag from /home/airflow/.local/lib/python3.12/site-packages/airflow/example_dags/example_skip_dag.py
[2024-05-25T00:01:19.522+0000] {processor.py:840} INFO - DAG(s) 'example_skip_dag' retrieved from /home/airflow/.local/lib/python3.12/site-packages/airflow/example_dags/example_skip_dag.py
[2024-05-25T00:01:19.553+0000] {logging_mixin.py:188} INFO - [2024-05-25T00:01:19.552+0000] {dag.py:3096} INFO - Sync 1 DAGs
[2024-05-25T00:01:19.578+0000] {logging_mixin.py:188} INFO - [2024-05-25T00:01:19.578+0000] {dag.py:3954} INFO - Setting next_dagrun for example_skip_dag to 2024-05-24 00:00:00+00:00, run_after=2024-05-25 00:00:00+00:00
[2024-05-25T00:01:19.596+0000] {processor.py:183} INFO - Processing /home/airflow/.local/lib/python3.12/site-packages/airflow/example_dags/example_skip_dag.py took 0.089 seconds
[2024-05-25T00:01:50.399+0000] {processor.py:161} INFO - Started process (PID=38816) to work on /home/airflow/.local/lib/python3.12/site-packages/airflow/example_dags/example_skip_dag.py
[2024-05-25T00:01:50.400+0000] {processor.py:830} INFO - Processing file /home/airflow/.local/lib/python3.12/site-packages/airflow/example_dags/example_skip_dag.py for tasks to queue
[2024-05-25T00:01:50.402+0000] {logging_mixin.py:188} INFO - [2024-05-25T00:01:50.402+0000] {dagbag.py:545} INFO - Filling up the DagBag from /home/airflow/.local/lib/python3.12/site-packages/airflow/example_dags/example_skip_dag.py
[2024-05-25T00:01:50.408+0000] {processor.py:840} INFO - DAG(s) 'example_skip_dag' retrieved from /home/airflow/.local/lib/python3.12/site-packages/airflow/example_dags/example_skip_dag.py
[2024-05-25T00:01:50.431+0000] {logging_mixin.py:188} INFO - [2024-05-25T00:01:50.430+0000] {dag.py:3096} INFO - Sync 1 DAGs
[2024-05-25T00:01:50.450+0000] {logging_mixin.py:188} INFO - [2024-05-25T00:01:50.450+0000] {dag.py:3954} INFO - Setting next_dagrun for example_skip_dag to 2024-05-24 00:00:00+00:00, run_after=2024-05-25 00:00:00+00:00
[2024-05-25T00:01:50.466+0000] {processor.py:183} INFO - Processing /home/airflow/.local/lib/python3.12/site-packages/airflow/example_dags/example_skip_dag.py took 0.072 seconds
[2024-05-25T00:02:20.859+0000] {processor.py:161} INFO - Started process (PID=38874) to work on /home/airflow/.local/lib/python3.12/site-packages/airflow/example_dags/example_skip_dag.py
[2024-05-25T00:02:20.860+0000] {processor.py:830} INFO - Processing file /home/airflow/.local/lib/python3.12/site-packages/airflow/example_dags/example_skip_dag.py for tasks to queue
[2024-05-25T00:02:20.863+0000] {logging_mixin.py:188} INFO - [2024-05-25T00:02:20.863+0000] {dagbag.py:545} INFO - Filling up the DagBag from /home/airflow/.local/lib/python3.12/site-packages/airflow/example_dags/example_skip_dag.py
[2024-05-25T00:02:20.873+0000] {processor.py:840} INFO - DAG(s) 'example_skip_dag' retrieved from /home/airflow/.local/lib/python3.12/site-packages/airflow/example_dags/example_skip_dag.py
[2024-05-25T00:02:20.905+0000] {logging_mixin.py:188} INFO - [2024-05-25T00:02:20.903+0000] {dag.py:3096} INFO - Sync 1 DAGs
[2024-05-25T00:02:20.938+0000] {logging_mixin.py:188} INFO - [2024-05-25T00:02:20.938+0000] {dag.py:3954} INFO - Setting next_dagrun for example_skip_dag to 2024-05-24 00:00:00+00:00, run_after=2024-05-25 00:00:00+00:00
[2024-05-25T00:02:20.970+0000] {processor.py:183} INFO - Processing /home/airflow/.local/lib/python3.12/site-packages/airflow/example_dags/example_skip_dag.py took 0.120 seconds
[2024-05-25T00:02:51.639+0000] {processor.py:161} INFO - Started process (PID=38932) to work on /home/airflow/.local/lib/python3.12/site-packages/airflow/example_dags/example_skip_dag.py
[2024-05-25T00:02:51.643+0000] {processor.py:830} INFO - Processing file /home/airflow/.local/lib/python3.12/site-packages/airflow/example_dags/example_skip_dag.py for tasks to queue
[2024-05-25T00:02:51.647+0000] {logging_mixin.py:188} INFO - [2024-05-25T00:02:51.647+0000] {dagbag.py:545} INFO - Filling up the DagBag from /home/airflow/.local/lib/python3.12/site-packages/airflow/example_dags/example_skip_dag.py
[2024-05-25T00:02:51.664+0000] {processor.py:840} INFO - DAG(s) 'example_skip_dag' retrieved from /home/airflow/.local/lib/python3.12/site-packages/airflow/example_dags/example_skip_dag.py
[2024-05-25T00:02:51.729+0000] {logging_mixin.py:188} INFO - [2024-05-25T00:02:51.729+0000] {dag.py:3096} INFO - Sync 1 DAGs
[2024-05-25T00:02:51.778+0000] {logging_mixin.py:188} INFO - [2024-05-25T00:02:51.778+0000] {dag.py:3954} INFO - Setting next_dagrun for example_skip_dag to 2024-05-24 00:00:00+00:00, run_after=2024-05-25 00:00:00+00:00
[2024-05-25T00:02:51.816+0000] {processor.py:183} INFO - Processing /home/airflow/.local/lib/python3.12/site-packages/airflow/example_dags/example_skip_dag.py took 0.193 seconds
[2024-05-25T00:03:22.020+0000] {processor.py:161} INFO - Started process (PID=38994) to work on /home/airflow/.local/lib/python3.12/site-packages/airflow/example_dags/example_skip_dag.py
[2024-05-25T00:03:22.022+0000] {processor.py:830} INFO - Processing file /home/airflow/.local/lib/python3.12/site-packages/airflow/example_dags/example_skip_dag.py for tasks to queue
[2024-05-25T00:03:22.025+0000] {logging_mixin.py:188} INFO - [2024-05-25T00:03:22.024+0000] {dagbag.py:545} INFO - Filling up the DagBag from /home/airflow/.local/lib/python3.12/site-packages/airflow/example_dags/example_skip_dag.py
[2024-05-25T00:03:22.031+0000] {processor.py:840} INFO - DAG(s) 'example_skip_dag' retrieved from /home/airflow/.local/lib/python3.12/site-packages/airflow/example_dags/example_skip_dag.py
[2024-05-25T00:03:22.053+0000] {logging_mixin.py:188} INFO - [2024-05-25T00:03:22.052+0000] {dag.py:3096} INFO - Sync 1 DAGs
[2024-05-25T00:03:22.074+0000] {logging_mixin.py:188} INFO - [2024-05-25T00:03:22.074+0000] {dag.py:3954} INFO - Setting next_dagrun for example_skip_dag to 2024-05-24 00:00:00+00:00, run_after=2024-05-25 00:00:00+00:00
[2024-05-25T00:03:22.098+0000] {processor.py:183} INFO - Processing /home/airflow/.local/lib/python3.12/site-packages/airflow/example_dags/example_skip_dag.py took 0.083 seconds
[2024-05-25T00:03:52.174+0000] {processor.py:161} INFO - Started process (PID=39052) to work on /home/airflow/.local/lib/python3.12/site-packages/airflow/example_dags/example_skip_dag.py
[2024-05-25T00:03:52.175+0000] {processor.py:830} INFO - Processing file /home/airflow/.local/lib/python3.12/site-packages/airflow/example_dags/example_skip_dag.py for tasks to queue
[2024-05-25T00:03:52.177+0000] {logging_mixin.py:188} INFO - [2024-05-25T00:03:52.177+0000] {dagbag.py:545} INFO - Filling up the DagBag from /home/airflow/.local/lib/python3.12/site-packages/airflow/example_dags/example_skip_dag.py
[2024-05-25T00:03:52.185+0000] {processor.py:840} INFO - DAG(s) 'example_skip_dag' retrieved from /home/airflow/.local/lib/python3.12/site-packages/airflow/example_dags/example_skip_dag.py
[2024-05-25T00:03:52.207+0000] {logging_mixin.py:188} INFO - [2024-05-25T00:03:52.207+0000] {dag.py:3096} INFO - Sync 1 DAGs
[2024-05-25T00:03:52.230+0000] {logging_mixin.py:188} INFO - [2024-05-25T00:03:52.230+0000] {dag.py:3954} INFO - Setting next_dagrun for example_skip_dag to 2024-05-24 00:00:00+00:00, run_after=2024-05-25 00:00:00+00:00
[2024-05-25T00:03:52.251+0000] {processor.py:183} INFO - Processing /home/airflow/.local/lib/python3.12/site-packages/airflow/example_dags/example_skip_dag.py took 0.082 seconds
[2024-05-25T00:04:23.004+0000] {processor.py:161} INFO - Started process (PID=39110) to work on /home/airflow/.local/lib/python3.12/site-packages/airflow/example_dags/example_skip_dag.py
[2024-05-25T00:04:23.007+0000] {processor.py:830} INFO - Processing file /home/airflow/.local/lib/python3.12/site-packages/airflow/example_dags/example_skip_dag.py for tasks to queue
[2024-05-25T00:04:23.010+0000] {logging_mixin.py:188} INFO - [2024-05-25T00:04:23.009+0000] {dagbag.py:545} INFO - Filling up the DagBag from /home/airflow/.local/lib/python3.12/site-packages/airflow/example_dags/example_skip_dag.py
[2024-05-25T00:04:23.023+0000] {processor.py:840} INFO - DAG(s) 'example_skip_dag' retrieved from /home/airflow/.local/lib/python3.12/site-packages/airflow/example_dags/example_skip_dag.py
[2024-05-25T00:04:23.115+0000] {logging_mixin.py:188} INFO - [2024-05-25T00:04:23.115+0000] {dag.py:3096} INFO - Sync 1 DAGs
[2024-05-25T00:04:23.194+0000] {logging_mixin.py:188} INFO - [2024-05-25T00:04:23.193+0000] {dag.py:3954} INFO - Setting next_dagrun for example_skip_dag to 2024-05-24 00:00:00+00:00, run_after=2024-05-25 00:00:00+00:00
[2024-05-25T00:04:23.274+0000] {processor.py:183} INFO - Processing /home/airflow/.local/lib/python3.12/site-packages/airflow/example_dags/example_skip_dag.py took 0.284 seconds
[2024-05-25T00:04:59.587+0000] {processor.py:161} INFO - Started process (PID=39166) to work on /home/airflow/.local/lib/python3.12/site-packages/airflow/example_dags/example_skip_dag.py
[2024-05-25T00:04:59.589+0000] {processor.py:830} INFO - Processing file /home/airflow/.local/lib/python3.12/site-packages/airflow/example_dags/example_skip_dag.py for tasks to queue
[2024-05-25T00:04:59.593+0000] {logging_mixin.py:188} INFO - [2024-05-25T00:04:59.591+0000] {dagbag.py:545} INFO - Filling up the DagBag from /home/airflow/.local/lib/python3.12/site-packages/airflow/example_dags/example_skip_dag.py
[2024-05-25T00:04:59.610+0000] {processor.py:840} INFO - DAG(s) 'example_skip_dag' retrieved from /home/airflow/.local/lib/python3.12/site-packages/airflow/example_dags/example_skip_dag.py
[2024-05-25T00:05:00.623+0000] {logging_mixin.py:188} INFO - [2024-05-25T00:05:00.617+0000] {dag.py:3096} INFO - Sync 1 DAGs
[2024-05-25T00:05:00.697+0000] {logging_mixin.py:188} INFO - [2024-05-25T00:05:00.696+0000] {dag.py:3954} INFO - Setting next_dagrun for example_skip_dag to 2024-05-24 00:00:00+00:00, run_after=2024-05-25 00:00:00+00:00
[2024-05-25T00:05:00.794+0000] {processor.py:183} INFO - Processing /home/airflow/.local/lib/python3.12/site-packages/airflow/example_dags/example_skip_dag.py took 1.218 seconds
[2024-05-25T00:05:31.210+0000] {processor.py:161} INFO - Started process (PID=39224) to work on /home/airflow/.local/lib/python3.12/site-packages/airflow/example_dags/example_skip_dag.py
[2024-05-25T00:05:31.211+0000] {processor.py:830} INFO - Processing file /home/airflow/.local/lib/python3.12/site-packages/airflow/example_dags/example_skip_dag.py for tasks to queue
[2024-05-25T00:05:31.213+0000] {logging_mixin.py:188} INFO - [2024-05-25T00:05:31.213+0000] {dagbag.py:545} INFO - Filling up the DagBag from /home/airflow/.local/lib/python3.12/site-packages/airflow/example_dags/example_skip_dag.py
[2024-05-25T00:05:31.233+0000] {processor.py:840} INFO - DAG(s) 'example_skip_dag' retrieved from /home/airflow/.local/lib/python3.12/site-packages/airflow/example_dags/example_skip_dag.py
[2024-05-25T00:05:31.258+0000] {logging_mixin.py:188} INFO - [2024-05-25T00:05:31.258+0000] {dag.py:3096} INFO - Sync 1 DAGs
[2024-05-25T00:05:31.280+0000] {logging_mixin.py:188} INFO - [2024-05-25T00:05:31.280+0000] {dag.py:3954} INFO - Setting next_dagrun for example_skip_dag to 2024-05-24 00:00:00+00:00, run_after=2024-05-25 00:00:00+00:00
[2024-05-25T00:05:31.305+0000] {processor.py:183} INFO - Processing /home/airflow/.local/lib/python3.12/site-packages/airflow/example_dags/example_skip_dag.py took 0.102 seconds
[2024-05-25T00:06:01.363+0000] {processor.py:161} INFO - Started process (PID=39282) to work on /home/airflow/.local/lib/python3.12/site-packages/airflow/example_dags/example_skip_dag.py
[2024-05-25T00:06:01.365+0000] {processor.py:830} INFO - Processing file /home/airflow/.local/lib/python3.12/site-packages/airflow/example_dags/example_skip_dag.py for tasks to queue
[2024-05-25T00:06:01.367+0000] {logging_mixin.py:188} INFO - [2024-05-25T00:06:01.366+0000] {dagbag.py:545} INFO - Filling up the DagBag from /home/airflow/.local/lib/python3.12/site-packages/airflow/example_dags/example_skip_dag.py
[2024-05-25T00:06:01.373+0000] {processor.py:840} INFO - DAG(s) 'example_skip_dag' retrieved from /home/airflow/.local/lib/python3.12/site-packages/airflow/example_dags/example_skip_dag.py
[2024-05-25T00:06:01.392+0000] {logging_mixin.py:188} INFO - [2024-05-25T00:06:01.392+0000] {dag.py:3096} INFO - Sync 1 DAGs
[2024-05-25T00:06:01.410+0000] {logging_mixin.py:188} INFO - [2024-05-25T00:06:01.410+0000] {dag.py:3954} INFO - Setting next_dagrun for example_skip_dag to 2024-05-24 00:00:00+00:00, run_after=2024-05-25 00:00:00+00:00
[2024-05-25T00:06:01.429+0000] {processor.py:183} INFO - Processing /home/airflow/.local/lib/python3.12/site-packages/airflow/example_dags/example_skip_dag.py took 0.071 seconds
[2024-05-25T00:06:31.601+0000] {processor.py:161} INFO - Started process (PID=39340) to work on /home/airflow/.local/lib/python3.12/site-packages/airflow/example_dags/example_skip_dag.py
[2024-05-25T00:06:31.602+0000] {processor.py:830} INFO - Processing file /home/airflow/.local/lib/python3.12/site-packages/airflow/example_dags/example_skip_dag.py for tasks to queue
[2024-05-25T00:06:31.604+0000] {logging_mixin.py:188} INFO - [2024-05-25T00:06:31.604+0000] {dagbag.py:545} INFO - Filling up the DagBag from /home/airflow/.local/lib/python3.12/site-packages/airflow/example_dags/example_skip_dag.py
[2024-05-25T00:06:31.612+0000] {processor.py:840} INFO - DAG(s) 'example_skip_dag' retrieved from /home/airflow/.local/lib/python3.12/site-packages/airflow/example_dags/example_skip_dag.py
[2024-05-25T00:06:31.635+0000] {logging_mixin.py:188} INFO - [2024-05-25T00:06:31.635+0000] {dag.py:3096} INFO - Sync 1 DAGs
[2024-05-25T00:06:31.670+0000] {logging_mixin.py:188} INFO - [2024-05-25T00:06:31.670+0000] {dag.py:3954} INFO - Setting next_dagrun for example_skip_dag to 2024-05-24 00:00:00+00:00, run_after=2024-05-25 00:00:00+00:00
[2024-05-25T00:06:31.692+0000] {processor.py:183} INFO - Processing /home/airflow/.local/lib/python3.12/site-packages/airflow/example_dags/example_skip_dag.py took 0.097 seconds
[2024-05-25T00:07:02.173+0000] {processor.py:161} INFO - Started process (PID=39398) to work on /home/airflow/.local/lib/python3.12/site-packages/airflow/example_dags/example_skip_dag.py
[2024-05-25T00:07:02.176+0000] {processor.py:830} INFO - Processing file /home/airflow/.local/lib/python3.12/site-packages/airflow/example_dags/example_skip_dag.py for tasks to queue
[2024-05-25T00:07:02.181+0000] {logging_mixin.py:188} INFO - [2024-05-25T00:07:02.180+0000] {dagbag.py:545} INFO - Filling up the DagBag from /home/airflow/.local/lib/python3.12/site-packages/airflow/example_dags/example_skip_dag.py
[2024-05-25T00:07:02.196+0000] {processor.py:840} INFO - DAG(s) 'example_skip_dag' retrieved from /home/airflow/.local/lib/python3.12/site-packages/airflow/example_dags/example_skip_dag.py
[2024-05-25T00:07:02.230+0000] {logging_mixin.py:188} INFO - [2024-05-25T00:07:02.229+0000] {dag.py:3096} INFO - Sync 1 DAGs
[2024-05-25T00:07:02.259+0000] {logging_mixin.py:188} INFO - [2024-05-25T00:07:02.259+0000] {dag.py:3954} INFO - Setting next_dagrun for example_skip_dag to 2024-05-24 00:00:00+00:00, run_after=2024-05-25 00:00:00+00:00
[2024-05-25T00:07:02.286+0000] {processor.py:183} INFO - Processing /home/airflow/.local/lib/python3.12/site-packages/airflow/example_dags/example_skip_dag.py took 0.128 seconds
[2024-05-25T00:07:32.573+0000] {processor.py:161} INFO - Started process (PID=39456) to work on /home/airflow/.local/lib/python3.12/site-packages/airflow/example_dags/example_skip_dag.py
[2024-05-25T00:07:32.574+0000] {processor.py:830} INFO - Processing file /home/airflow/.local/lib/python3.12/site-packages/airflow/example_dags/example_skip_dag.py for tasks to queue
[2024-05-25T00:07:32.577+0000] {logging_mixin.py:188} INFO - [2024-05-25T00:07:32.577+0000] {dagbag.py:545} INFO - Filling up the DagBag from /home/airflow/.local/lib/python3.12/site-packages/airflow/example_dags/example_skip_dag.py
[2024-05-25T00:07:32.588+0000] {processor.py:840} INFO - DAG(s) 'example_skip_dag' retrieved from /home/airflow/.local/lib/python3.12/site-packages/airflow/example_dags/example_skip_dag.py
[2024-05-25T00:07:32.615+0000] {logging_mixin.py:188} INFO - [2024-05-25T00:07:32.615+0000] {dag.py:3096} INFO - Sync 1 DAGs
[2024-05-25T00:07:32.641+0000] {logging_mixin.py:188} INFO - [2024-05-25T00:07:32.641+0000] {dag.py:3954} INFO - Setting next_dagrun for example_skip_dag to 2024-05-24 00:00:00+00:00, run_after=2024-05-25 00:00:00+00:00
[2024-05-25T00:07:32.665+0000] {processor.py:183} INFO - Processing /home/airflow/.local/lib/python3.12/site-packages/airflow/example_dags/example_skip_dag.py took 0.099 seconds
[2024-05-25T00:08:04.508+0000] {processor.py:161} INFO - Started process (PID=39514) to work on /home/airflow/.local/lib/python3.12/site-packages/airflow/example_dags/example_skip_dag.py
[2024-05-25T00:08:04.512+0000] {processor.py:830} INFO - Processing file /home/airflow/.local/lib/python3.12/site-packages/airflow/example_dags/example_skip_dag.py for tasks to queue
[2024-05-25T00:08:04.521+0000] {logging_mixin.py:188} INFO - [2024-05-25T00:08:04.520+0000] {dagbag.py:545} INFO - Filling up the DagBag from /home/airflow/.local/lib/python3.12/site-packages/airflow/example_dags/example_skip_dag.py
[2024-05-25T00:08:04.572+0000] {processor.py:840} INFO - DAG(s) 'example_skip_dag' retrieved from /home/airflow/.local/lib/python3.12/site-packages/airflow/example_dags/example_skip_dag.py
[2024-05-25T00:08:04.706+0000] {logging_mixin.py:188} INFO - [2024-05-25T00:08:04.703+0000] {dag.py:3096} INFO - Sync 1 DAGs
[2024-05-25T00:08:04.884+0000] {logging_mixin.py:188} INFO - [2024-05-25T00:08:04.883+0000] {dag.py:3954} INFO - Setting next_dagrun for example_skip_dag to 2024-05-24 00:00:00+00:00, run_after=2024-05-25 00:00:00+00:00
[2024-05-25T00:08:05.011+0000] {processor.py:183} INFO - Processing /home/airflow/.local/lib/python3.12/site-packages/airflow/example_dags/example_skip_dag.py took 0.536 seconds
[2024-05-25T00:08:40.548+0000] {processor.py:161} INFO - Started process (PID=39578) to work on /home/airflow/.local/lib/python3.12/site-packages/airflow/example_dags/example_skip_dag.py
[2024-05-25T00:08:40.549+0000] {processor.py:830} INFO - Processing file /home/airflow/.local/lib/python3.12/site-packages/airflow/example_dags/example_skip_dag.py for tasks to queue
[2024-05-25T00:08:40.552+0000] {logging_mixin.py:188} INFO - [2024-05-25T00:08:40.551+0000] {dagbag.py:545} INFO - Filling up the DagBag from /home/airflow/.local/lib/python3.12/site-packages/airflow/example_dags/example_skip_dag.py
[2024-05-25T00:08:40.566+0000] {processor.py:840} INFO - DAG(s) 'example_skip_dag' retrieved from /home/airflow/.local/lib/python3.12/site-packages/airflow/example_dags/example_skip_dag.py
[2024-05-25T00:08:41.093+0000] {logging_mixin.py:188} INFO - [2024-05-25T00:08:41.086+0000] {dag.py:3096} INFO - Sync 1 DAGs
[2024-05-25T00:08:41.241+0000] {logging_mixin.py:188} INFO - [2024-05-25T00:08:41.231+0000] {dag.py:3954} INFO - Setting next_dagrun for example_skip_dag to 2024-05-24 00:00:00+00:00, run_after=2024-05-25 00:00:00+00:00
[2024-05-25T00:08:41.388+0000] {processor.py:183} INFO - Processing /home/airflow/.local/lib/python3.12/site-packages/airflow/example_dags/example_skip_dag.py took 0.852 seconds
[2024-05-25T00:09:54.533+0000] {processor.py:161} INFO - Started process (PID=39619) to work on /home/airflow/.local/lib/python3.12/site-packages/airflow/example_dags/example_skip_dag.py
[2024-05-25T00:09:54.536+0000] {processor.py:830} INFO - Processing file /home/airflow/.local/lib/python3.12/site-packages/airflow/example_dags/example_skip_dag.py for tasks to queue
[2024-05-25T00:09:54.547+0000] {logging_mixin.py:188} INFO - [2024-05-25T00:09:54.543+0000] {dagbag.py:545} INFO - Filling up the DagBag from /home/airflow/.local/lib/python3.12/site-packages/airflow/example_dags/example_skip_dag.py
[2024-05-25T00:09:54.574+0000] {processor.py:840} INFO - DAG(s) 'example_skip_dag' retrieved from /home/airflow/.local/lib/python3.12/site-packages/airflow/example_dags/example_skip_dag.py
[2024-05-25T00:09:54.645+0000] {logging_mixin.py:188} INFO - [2024-05-25T00:09:54.645+0000] {dag.py:3096} INFO - Sync 1 DAGs
[2024-05-25T00:09:54.723+0000] {logging_mixin.py:188} INFO - [2024-05-25T00:09:54.720+0000] {dag.py:3954} INFO - Setting next_dagrun for example_skip_dag to 2024-05-24 00:00:00+00:00, run_after=2024-05-25 00:00:00+00:00
[2024-05-25T00:09:54.833+0000] {processor.py:183} INFO - Processing /home/airflow/.local/lib/python3.12/site-packages/airflow/example_dags/example_skip_dag.py took 0.312 seconds
[2024-05-25T00:10:25.498+0000] {processor.py:161} INFO - Started process (PID=39677) to work on /home/airflow/.local/lib/python3.12/site-packages/airflow/example_dags/example_skip_dag.py
[2024-05-25T00:10:25.500+0000] {processor.py:830} INFO - Processing file /home/airflow/.local/lib/python3.12/site-packages/airflow/example_dags/example_skip_dag.py for tasks to queue
[2024-05-25T00:10:25.502+0000] {logging_mixin.py:188} INFO - [2024-05-25T00:10:25.501+0000] {dagbag.py:545} INFO - Filling up the DagBag from /home/airflow/.local/lib/python3.12/site-packages/airflow/example_dags/example_skip_dag.py
[2024-05-25T00:10:25.528+0000] {processor.py:840} INFO - DAG(s) 'example_skip_dag' retrieved from /home/airflow/.local/lib/python3.12/site-packages/airflow/example_dags/example_skip_dag.py
[2024-05-25T00:10:25.600+0000] {logging_mixin.py:188} INFO - [2024-05-25T00:10:25.599+0000] {dag.py:3096} INFO - Sync 1 DAGs
[2024-05-25T00:10:25.677+0000] {logging_mixin.py:188} INFO - [2024-05-25T00:10:25.677+0000] {dag.py:3954} INFO - Setting next_dagrun for example_skip_dag to 2024-05-24 00:00:00+00:00, run_after=2024-05-25 00:00:00+00:00
[2024-05-25T00:10:25.795+0000] {processor.py:183} INFO - Processing /home/airflow/.local/lib/python3.12/site-packages/airflow/example_dags/example_skip_dag.py took 0.319 seconds
[2024-05-25T00:10:56.220+0000] {processor.py:161} INFO - Started process (PID=39735) to work on /home/airflow/.local/lib/python3.12/site-packages/airflow/example_dags/example_skip_dag.py
[2024-05-25T00:10:56.221+0000] {processor.py:830} INFO - Processing file /home/airflow/.local/lib/python3.12/site-packages/airflow/example_dags/example_skip_dag.py for tasks to queue
[2024-05-25T00:10:56.222+0000] {logging_mixin.py:188} INFO - [2024-05-25T00:10:56.222+0000] {dagbag.py:545} INFO - Filling up the DagBag from /home/airflow/.local/lib/python3.12/site-packages/airflow/example_dags/example_skip_dag.py
[2024-05-25T00:10:56.230+0000] {processor.py:840} INFO - DAG(s) 'example_skip_dag' retrieved from /home/airflow/.local/lib/python3.12/site-packages/airflow/example_dags/example_skip_dag.py
[2024-05-25T00:10:56.255+0000] {logging_mixin.py:188} INFO - [2024-05-25T00:10:56.255+0000] {dag.py:3096} INFO - Sync 1 DAGs
[2024-05-25T00:10:56.279+0000] {logging_mixin.py:188} INFO - [2024-05-25T00:10:56.279+0000] {dag.py:3954} INFO - Setting next_dagrun for example_skip_dag to 2024-05-24 00:00:00+00:00, run_after=2024-05-25 00:00:00+00:00
[2024-05-25T00:10:56.302+0000] {processor.py:183} INFO - Processing /home/airflow/.local/lib/python3.12/site-packages/airflow/example_dags/example_skip_dag.py took 0.088 seconds
[2024-05-25T00:11:26.451+0000] {processor.py:161} INFO - Started process (PID=39793) to work on /home/airflow/.local/lib/python3.12/site-packages/airflow/example_dags/example_skip_dag.py
[2024-05-25T00:11:26.453+0000] {processor.py:830} INFO - Processing file /home/airflow/.local/lib/python3.12/site-packages/airflow/example_dags/example_skip_dag.py for tasks to queue
[2024-05-25T00:11:26.455+0000] {logging_mixin.py:188} INFO - [2024-05-25T00:11:26.455+0000] {dagbag.py:545} INFO - Filling up the DagBag from /home/airflow/.local/lib/python3.12/site-packages/airflow/example_dags/example_skip_dag.py
[2024-05-25T00:11:26.464+0000] {processor.py:840} INFO - DAG(s) 'example_skip_dag' retrieved from /home/airflow/.local/lib/python3.12/site-packages/airflow/example_dags/example_skip_dag.py
[2024-05-25T00:11:26.486+0000] {logging_mixin.py:188} INFO - [2024-05-25T00:11:26.486+0000] {dag.py:3096} INFO - Sync 1 DAGs
[2024-05-25T00:11:26.508+0000] {logging_mixin.py:188} INFO - [2024-05-25T00:11:26.508+0000] {dag.py:3954} INFO - Setting next_dagrun for example_skip_dag to 2024-05-24 00:00:00+00:00, run_after=2024-05-25 00:00:00+00:00
[2024-05-25T00:11:26.527+0000] {processor.py:183} INFO - Processing /home/airflow/.local/lib/python3.12/site-packages/airflow/example_dags/example_skip_dag.py took 0.082 seconds
[2024-05-25T00:11:57.364+0000] {processor.py:161} INFO - Started process (PID=39851) to work on /home/airflow/.local/lib/python3.12/site-packages/airflow/example_dags/example_skip_dag.py
[2024-05-25T00:11:57.365+0000] {processor.py:830} INFO - Processing file /home/airflow/.local/lib/python3.12/site-packages/airflow/example_dags/example_skip_dag.py for tasks to queue
[2024-05-25T00:11:57.366+0000] {logging_mixin.py:188} INFO - [2024-05-25T00:11:57.366+0000] {dagbag.py:545} INFO - Filling up the DagBag from /home/airflow/.local/lib/python3.12/site-packages/airflow/example_dags/example_skip_dag.py
[2024-05-25T00:11:57.375+0000] {processor.py:840} INFO - DAG(s) 'example_skip_dag' retrieved from /home/airflow/.local/lib/python3.12/site-packages/airflow/example_dags/example_skip_dag.py
[2024-05-25T00:11:57.399+0000] {logging_mixin.py:188} INFO - [2024-05-25T00:11:57.398+0000] {dag.py:3096} INFO - Sync 1 DAGs
[2024-05-25T00:11:57.420+0000] {logging_mixin.py:188} INFO - [2024-05-25T00:11:57.420+0000] {dag.py:3954} INFO - Setting next_dagrun for example_skip_dag to 2024-05-24 00:00:00+00:00, run_after=2024-05-25 00:00:00+00:00
[2024-05-25T00:11:57.446+0000] {processor.py:183} INFO - Processing /home/airflow/.local/lib/python3.12/site-packages/airflow/example_dags/example_skip_dag.py took 0.088 seconds
[2024-05-25T00:12:46.970+0000] {processor.py:161} INFO - Started process (PID=39912) to work on /home/airflow/.local/lib/python3.12/site-packages/airflow/example_dags/example_skip_dag.py
[2024-05-25T00:12:46.972+0000] {processor.py:830} INFO - Processing file /home/airflow/.local/lib/python3.12/site-packages/airflow/example_dags/example_skip_dag.py for tasks to queue
[2024-05-25T00:12:46.973+0000] {logging_mixin.py:188} INFO - [2024-05-25T00:12:46.973+0000] {dagbag.py:545} INFO - Filling up the DagBag from /home/airflow/.local/lib/python3.12/site-packages/airflow/example_dags/example_skip_dag.py
[2024-05-25T00:12:46.988+0000] {processor.py:840} INFO - DAG(s) 'example_skip_dag' retrieved from /home/airflow/.local/lib/python3.12/site-packages/airflow/example_dags/example_skip_dag.py
[2024-05-25T00:12:47.017+0000] {logging_mixin.py:188} INFO - [2024-05-25T00:12:47.016+0000] {dag.py:3096} INFO - Sync 1 DAGs
[2024-05-25T00:12:47.040+0000] {logging_mixin.py:188} INFO - [2024-05-25T00:12:47.040+0000] {dag.py:3954} INFO - Setting next_dagrun for example_skip_dag to 2024-05-24 00:00:00+00:00, run_after=2024-05-25 00:00:00+00:00
[2024-05-25T00:12:47.070+0000] {processor.py:183} INFO - Processing /home/airflow/.local/lib/python3.12/site-packages/airflow/example_dags/example_skip_dag.py took 0.108 seconds
[2024-05-25T00:13:18.234+0000] {processor.py:161} INFO - Started process (PID=39970) to work on /home/airflow/.local/lib/python3.12/site-packages/airflow/example_dags/example_skip_dag.py
[2024-05-25T00:13:18.236+0000] {processor.py:830} INFO - Processing file /home/airflow/.local/lib/python3.12/site-packages/airflow/example_dags/example_skip_dag.py for tasks to queue
[2024-05-25T00:13:18.237+0000] {logging_mixin.py:188} INFO - [2024-05-25T00:13:18.237+0000] {dagbag.py:545} INFO - Filling up the DagBag from /home/airflow/.local/lib/python3.12/site-packages/airflow/example_dags/example_skip_dag.py
[2024-05-25T00:13:18.248+0000] {processor.py:840} INFO - DAG(s) 'example_skip_dag' retrieved from /home/airflow/.local/lib/python3.12/site-packages/airflow/example_dags/example_skip_dag.py
[2024-05-25T00:13:18.285+0000] {logging_mixin.py:188} INFO - [2024-05-25T00:13:18.284+0000] {dag.py:3096} INFO - Sync 1 DAGs
[2024-05-25T00:13:18.312+0000] {logging_mixin.py:188} INFO - [2024-05-25T00:13:18.312+0000] {dag.py:3954} INFO - Setting next_dagrun for example_skip_dag to 2024-05-24 00:00:00+00:00, run_after=2024-05-25 00:00:00+00:00
[2024-05-25T00:13:18.344+0000] {processor.py:183} INFO - Processing /home/airflow/.local/lib/python3.12/site-packages/airflow/example_dags/example_skip_dag.py took 0.115 seconds
[2024-05-25T00:14:18.531+0000] {processor.py:161} INFO - Started process (PID=40022) to work on /home/airflow/.local/lib/python3.12/site-packages/airflow/example_dags/example_skip_dag.py
[2024-05-25T00:14:18.532+0000] {processor.py:830} INFO - Processing file /home/airflow/.local/lib/python3.12/site-packages/airflow/example_dags/example_skip_dag.py for tasks to queue
[2024-05-25T00:14:18.533+0000] {logging_mixin.py:188} INFO - [2024-05-25T00:14:18.533+0000] {dagbag.py:545} INFO - Filling up the DagBag from /home/airflow/.local/lib/python3.12/site-packages/airflow/example_dags/example_skip_dag.py
[2024-05-25T00:14:18.543+0000] {processor.py:840} INFO - DAG(s) 'example_skip_dag' retrieved from /home/airflow/.local/lib/python3.12/site-packages/airflow/example_dags/example_skip_dag.py
[2024-05-25T00:14:18.570+0000] {logging_mixin.py:188} INFO - [2024-05-25T00:14:18.570+0000] {dag.py:3096} INFO - Sync 1 DAGs
[2024-05-25T00:14:18.600+0000] {logging_mixin.py:188} INFO - [2024-05-25T00:14:18.599+0000] {dag.py:3954} INFO - Setting next_dagrun for example_skip_dag to 2024-05-24 00:00:00+00:00, run_after=2024-05-25 00:00:00+00:00
[2024-05-25T00:14:18.630+0000] {processor.py:183} INFO - Processing /home/airflow/.local/lib/python3.12/site-packages/airflow/example_dags/example_skip_dag.py took 0.106 seconds
[2024-05-25T00:15:20.645+0000] {processor.py:161} INFO - Started process (PID=40094) to work on /home/airflow/.local/lib/python3.12/site-packages/airflow/example_dags/example_skip_dag.py
[2024-05-25T00:15:20.647+0000] {processor.py:830} INFO - Processing file /home/airflow/.local/lib/python3.12/site-packages/airflow/example_dags/example_skip_dag.py for tasks to queue
[2024-05-25T00:15:20.648+0000] {logging_mixin.py:188} INFO - [2024-05-25T00:15:20.648+0000] {dagbag.py:545} INFO - Filling up the DagBag from /home/airflow/.local/lib/python3.12/site-packages/airflow/example_dags/example_skip_dag.py
[2024-05-25T00:15:20.655+0000] {processor.py:840} INFO - DAG(s) 'example_skip_dag' retrieved from /home/airflow/.local/lib/python3.12/site-packages/airflow/example_dags/example_skip_dag.py
[2024-05-25T00:15:20.691+0000] {logging_mixin.py:188} INFO - [2024-05-25T00:15:20.691+0000] {dag.py:3096} INFO - Sync 1 DAGs
[2024-05-25T00:15:20.721+0000] {logging_mixin.py:188} INFO - [2024-05-25T00:15:20.721+0000] {dag.py:3954} INFO - Setting next_dagrun for example_skip_dag to 2024-05-24 00:00:00+00:00, run_after=2024-05-25 00:00:00+00:00
[2024-05-25T00:15:20.747+0000] {processor.py:183} INFO - Processing /home/airflow/.local/lib/python3.12/site-packages/airflow/example_dags/example_skip_dag.py took 0.107 seconds
