[2024-05-25T00:00:18.569+0000] {processor.py:161} INFO - Started process (PID=38639) to work on /home/airflow/.local/lib/python3.12/site-packages/airflow/example_dags/example_trigger_target_dag.py
[2024-05-25T00:00:18.571+0000] {processor.py:830} INFO - Processing file /home/airflow/.local/lib/python3.12/site-packages/airflow/example_dags/example_trigger_target_dag.py for tasks to queue
[2024-05-25T00:00:18.573+0000] {logging_mixin.py:188} INFO - [2024-05-25T00:00:18.573+0000] {dagbag.py:545} INFO - Filling up the DagBag from /home/airflow/.local/lib/python3.12/site-packages/airflow/example_dags/example_trigger_target_dag.py
[2024-05-25T00:00:18.584+0000] {processor.py:840} INFO - DAG(s) 'example_trigger_target_dag' retrieved from /home/airflow/.local/lib/python3.12/site-packages/airflow/example_dags/example_trigger_target_dag.py
[2024-05-25T00:00:18.606+0000] {logging_mixin.py:188} INFO - [2024-05-25T00:00:18.606+0000] {dag.py:3096} INFO - Sync 1 DAGs
[2024-05-25T00:00:18.622+0000] {logging_mixin.py:188} INFO - [2024-05-25T00:00:18.622+0000] {dag.py:3954} INFO - Setting next_dagrun for example_trigger_target_dag to None, run_after=None
[2024-05-25T00:00:18.651+0000] {processor.py:183} INFO - Processing /home/airflow/.local/lib/python3.12/site-packages/airflow/example_dags/example_trigger_target_dag.py took 0.090 seconds
[2024-05-25T00:00:48.760+0000] {processor.py:161} INFO - Started process (PID=38697) to work on /home/airflow/.local/lib/python3.12/site-packages/airflow/example_dags/example_trigger_target_dag.py
[2024-05-25T00:00:48.761+0000] {processor.py:830} INFO - Processing file /home/airflow/.local/lib/python3.12/site-packages/airflow/example_dags/example_trigger_target_dag.py for tasks to queue
[2024-05-25T00:00:48.764+0000] {logging_mixin.py:188} INFO - [2024-05-25T00:00:48.763+0000] {dagbag.py:545} INFO - Filling up the DagBag from /home/airflow/.local/lib/python3.12/site-packages/airflow/example_dags/example_trigger_target_dag.py
[2024-05-25T00:00:48.773+0000] {processor.py:840} INFO - DAG(s) 'example_trigger_target_dag' retrieved from /home/airflow/.local/lib/python3.12/site-packages/airflow/example_dags/example_trigger_target_dag.py
[2024-05-25T00:00:48.796+0000] {logging_mixin.py:188} INFO - [2024-05-25T00:00:48.796+0000] {dag.py:3096} INFO - Sync 1 DAGs
[2024-05-25T00:00:48.812+0000] {logging_mixin.py:188} INFO - [2024-05-25T00:00:48.812+0000] {dag.py:3954} INFO - Setting next_dagrun for example_trigger_target_dag to None, run_after=None
[2024-05-25T00:00:48.844+0000] {processor.py:183} INFO - Processing /home/airflow/.local/lib/python3.12/site-packages/airflow/example_dags/example_trigger_target_dag.py took 0.092 seconds
[2024-05-25T00:01:19.297+0000] {processor.py:161} INFO - Started process (PID=38755) to work on /home/airflow/.local/lib/python3.12/site-packages/airflow/example_dags/example_trigger_target_dag.py
[2024-05-25T00:01:19.298+0000] {processor.py:830} INFO - Processing file /home/airflow/.local/lib/python3.12/site-packages/airflow/example_dags/example_trigger_target_dag.py for tasks to queue
[2024-05-25T00:01:19.300+0000] {logging_mixin.py:188} INFO - [2024-05-25T00:01:19.300+0000] {dagbag.py:545} INFO - Filling up the DagBag from /home/airflow/.local/lib/python3.12/site-packages/airflow/example_dags/example_trigger_target_dag.py
[2024-05-25T00:01:19.308+0000] {processor.py:840} INFO - DAG(s) 'example_trigger_target_dag' retrieved from /home/airflow/.local/lib/python3.12/site-packages/airflow/example_dags/example_trigger_target_dag.py
[2024-05-25T00:01:19.329+0000] {logging_mixin.py:188} INFO - [2024-05-25T00:01:19.328+0000] {dag.py:3096} INFO - Sync 1 DAGs
[2024-05-25T00:01:19.342+0000] {logging_mixin.py:188} INFO - [2024-05-25T00:01:19.341+0000] {dag.py:3954} INFO - Setting next_dagrun for example_trigger_target_dag to None, run_after=None
[2024-05-25T00:01:19.363+0000] {processor.py:183} INFO - Processing /home/airflow/.local/lib/python3.12/site-packages/airflow/example_dags/example_trigger_target_dag.py took 0.072 seconds
[2024-05-25T00:01:50.172+0000] {processor.py:161} INFO - Started process (PID=38813) to work on /home/airflow/.local/lib/python3.12/site-packages/airflow/example_dags/example_trigger_target_dag.py
[2024-05-25T00:01:50.175+0000] {processor.py:830} INFO - Processing file /home/airflow/.local/lib/python3.12/site-packages/airflow/example_dags/example_trigger_target_dag.py for tasks to queue
[2024-05-25T00:01:50.179+0000] {logging_mixin.py:188} INFO - [2024-05-25T00:01:50.178+0000] {dagbag.py:545} INFO - Filling up the DagBag from /home/airflow/.local/lib/python3.12/site-packages/airflow/example_dags/example_trigger_target_dag.py
[2024-05-25T00:01:50.194+0000] {processor.py:840} INFO - DAG(s) 'example_trigger_target_dag' retrieved from /home/airflow/.local/lib/python3.12/site-packages/airflow/example_dags/example_trigger_target_dag.py
[2024-05-25T00:01:50.220+0000] {logging_mixin.py:188} INFO - [2024-05-25T00:01:50.220+0000] {dag.py:3096} INFO - Sync 1 DAGs
[2024-05-25T00:01:50.236+0000] {logging_mixin.py:188} INFO - [2024-05-25T00:01:50.236+0000] {dag.py:3954} INFO - Setting next_dagrun for example_trigger_target_dag to None, run_after=None
[2024-05-25T00:01:50.262+0000] {processor.py:183} INFO - Processing /home/airflow/.local/lib/python3.12/site-packages/airflow/example_dags/example_trigger_target_dag.py took 0.099 seconds
[2024-05-25T00:02:20.539+0000] {processor.py:161} INFO - Started process (PID=38871) to work on /home/airflow/.local/lib/python3.12/site-packages/airflow/example_dags/example_trigger_target_dag.py
[2024-05-25T00:02:20.542+0000] {processor.py:830} INFO - Processing file /home/airflow/.local/lib/python3.12/site-packages/airflow/example_dags/example_trigger_target_dag.py for tasks to queue
[2024-05-25T00:02:20.546+0000] {logging_mixin.py:188} INFO - [2024-05-25T00:02:20.545+0000] {dagbag.py:545} INFO - Filling up the DagBag from /home/airflow/.local/lib/python3.12/site-packages/airflow/example_dags/example_trigger_target_dag.py
[2024-05-25T00:02:20.557+0000] {processor.py:840} INFO - DAG(s) 'example_trigger_target_dag' retrieved from /home/airflow/.local/lib/python3.12/site-packages/airflow/example_dags/example_trigger_target_dag.py
[2024-05-25T00:02:20.592+0000] {logging_mixin.py:188} INFO - [2024-05-25T00:02:20.592+0000] {dag.py:3096} INFO - Sync 1 DAGs
[2024-05-25T00:02:20.623+0000] {logging_mixin.py:188} INFO - [2024-05-25T00:02:20.623+0000] {dag.py:3954} INFO - Setting next_dagrun for example_trigger_target_dag to None, run_after=None
[2024-05-25T00:02:20.664+0000] {processor.py:183} INFO - Processing /home/airflow/.local/lib/python3.12/site-packages/airflow/example_dags/example_trigger_target_dag.py took 0.137 seconds
[2024-05-25T00:02:51.282+0000] {processor.py:161} INFO - Started process (PID=38929) to work on /home/airflow/.local/lib/python3.12/site-packages/airflow/example_dags/example_trigger_target_dag.py
[2024-05-25T00:02:51.285+0000] {processor.py:830} INFO - Processing file /home/airflow/.local/lib/python3.12/site-packages/airflow/example_dags/example_trigger_target_dag.py for tasks to queue
[2024-05-25T00:02:51.287+0000] {logging_mixin.py:188} INFO - [2024-05-25T00:02:51.287+0000] {dagbag.py:545} INFO - Filling up the DagBag from /home/airflow/.local/lib/python3.12/site-packages/airflow/example_dags/example_trigger_target_dag.py
[2024-05-25T00:02:51.296+0000] {processor.py:840} INFO - DAG(s) 'example_trigger_target_dag' retrieved from /home/airflow/.local/lib/python3.12/site-packages/airflow/example_dags/example_trigger_target_dag.py
[2024-05-25T00:02:51.326+0000] {logging_mixin.py:188} INFO - [2024-05-25T00:02:51.326+0000] {dag.py:3096} INFO - Sync 1 DAGs
[2024-05-25T00:02:51.343+0000] {logging_mixin.py:188} INFO - [2024-05-25T00:02:51.342+0000] {dag.py:3954} INFO - Setting next_dagrun for example_trigger_target_dag to None, run_after=None
[2024-05-25T00:02:51.384+0000] {processor.py:183} INFO - Processing /home/airflow/.local/lib/python3.12/site-packages/airflow/example_dags/example_trigger_target_dag.py took 0.110 seconds
[2024-05-25T00:03:21.462+0000] {processor.py:161} INFO - Started process (PID=38990) to work on /home/airflow/.local/lib/python3.12/site-packages/airflow/example_dags/example_trigger_target_dag.py
[2024-05-25T00:03:21.464+0000] {processor.py:830} INFO - Processing file /home/airflow/.local/lib/python3.12/site-packages/airflow/example_dags/example_trigger_target_dag.py for tasks to queue
[2024-05-25T00:03:21.467+0000] {logging_mixin.py:188} INFO - [2024-05-25T00:03:21.467+0000] {dagbag.py:545} INFO - Filling up the DagBag from /home/airflow/.local/lib/python3.12/site-packages/airflow/example_dags/example_trigger_target_dag.py
[2024-05-25T00:03:21.477+0000] {processor.py:840} INFO - DAG(s) 'example_trigger_target_dag' retrieved from /home/airflow/.local/lib/python3.12/site-packages/airflow/example_dags/example_trigger_target_dag.py
[2024-05-25T00:03:21.502+0000] {logging_mixin.py:188} INFO - [2024-05-25T00:03:21.501+0000] {dag.py:3096} INFO - Sync 1 DAGs
[2024-05-25T00:03:21.521+0000] {logging_mixin.py:188} INFO - [2024-05-25T00:03:21.520+0000] {dag.py:3954} INFO - Setting next_dagrun for example_trigger_target_dag to None, run_after=None
[2024-05-25T00:03:21.558+0000] {processor.py:183} INFO - Processing /home/airflow/.local/lib/python3.12/site-packages/airflow/example_dags/example_trigger_target_dag.py took 0.105 seconds
[2024-05-25T00:03:51.905+0000] {processor.py:161} INFO - Started process (PID=39049) to work on /home/airflow/.local/lib/python3.12/site-packages/airflow/example_dags/example_trigger_target_dag.py
[2024-05-25T00:03:51.906+0000] {processor.py:830} INFO - Processing file /home/airflow/.local/lib/python3.12/site-packages/airflow/example_dags/example_trigger_target_dag.py for tasks to queue
[2024-05-25T00:03:51.908+0000] {logging_mixin.py:188} INFO - [2024-05-25T00:03:51.907+0000] {dagbag.py:545} INFO - Filling up the DagBag from /home/airflow/.local/lib/python3.12/site-packages/airflow/example_dags/example_trigger_target_dag.py
[2024-05-25T00:03:51.914+0000] {processor.py:840} INFO - DAG(s) 'example_trigger_target_dag' retrieved from /home/airflow/.local/lib/python3.12/site-packages/airflow/example_dags/example_trigger_target_dag.py
[2024-05-25T00:03:51.933+0000] {logging_mixin.py:188} INFO - [2024-05-25T00:03:51.932+0000] {dag.py:3096} INFO - Sync 1 DAGs
[2024-05-25T00:03:51.945+0000] {logging_mixin.py:188} INFO - [2024-05-25T00:03:51.944+0000] {dag.py:3954} INFO - Setting next_dagrun for example_trigger_target_dag to None, run_after=None
[2024-05-25T00:03:51.966+0000] {processor.py:183} INFO - Processing /home/airflow/.local/lib/python3.12/site-packages/airflow/example_dags/example_trigger_target_dag.py took 0.067 seconds
[2024-05-25T00:04:22.230+0000] {processor.py:161} INFO - Started process (PID=39105) to work on /home/airflow/.local/lib/python3.12/site-packages/airflow/example_dags/example_trigger_target_dag.py
[2024-05-25T00:04:22.233+0000] {processor.py:830} INFO - Processing file /home/airflow/.local/lib/python3.12/site-packages/airflow/example_dags/example_trigger_target_dag.py for tasks to queue
[2024-05-25T00:04:22.238+0000] {logging_mixin.py:188} INFO - [2024-05-25T00:04:22.237+0000] {dagbag.py:545} INFO - Filling up the DagBag from /home/airflow/.local/lib/python3.12/site-packages/airflow/example_dags/example_trigger_target_dag.py
[2024-05-25T00:04:22.245+0000] {processor.py:840} INFO - DAG(s) 'example_trigger_target_dag' retrieved from /home/airflow/.local/lib/python3.12/site-packages/airflow/example_dags/example_trigger_target_dag.py
[2024-05-25T00:04:22.290+0000] {logging_mixin.py:188} INFO - [2024-05-25T00:04:22.290+0000] {dag.py:3096} INFO - Sync 1 DAGs
[2024-05-25T00:04:22.313+0000] {logging_mixin.py:188} INFO - [2024-05-25T00:04:22.313+0000] {dag.py:3954} INFO - Setting next_dagrun for example_trigger_target_dag to None, run_after=None
[2024-05-25T00:04:22.344+0000] {processor.py:183} INFO - Processing /home/airflow/.local/lib/python3.12/site-packages/airflow/example_dags/example_trigger_target_dag.py took 0.121 seconds
[2024-05-25T00:04:57.063+0000] {processor.py:161} INFO - Started process (PID=39163) to work on /home/airflow/.local/lib/python3.12/site-packages/airflow/example_dags/example_trigger_target_dag.py
[2024-05-25T00:04:57.066+0000] {processor.py:830} INFO - Processing file /home/airflow/.local/lib/python3.12/site-packages/airflow/example_dags/example_trigger_target_dag.py for tasks to queue
[2024-05-25T00:04:57.074+0000] {logging_mixin.py:188} INFO - [2024-05-25T00:04:57.071+0000] {dagbag.py:545} INFO - Filling up the DagBag from /home/airflow/.local/lib/python3.12/site-packages/airflow/example_dags/example_trigger_target_dag.py
[2024-05-25T00:04:57.096+0000] {processor.py:840} INFO - DAG(s) 'example_trigger_target_dag' retrieved from /home/airflow/.local/lib/python3.12/site-packages/airflow/example_dags/example_trigger_target_dag.py
[2024-05-25T00:04:58.588+0000] {logging_mixin.py:188} INFO - [2024-05-25T00:04:58.584+0000] {dag.py:3096} INFO - Sync 1 DAGs
[2024-05-25T00:04:58.604+0000] {logging_mixin.py:188} INFO - [2024-05-25T00:04:58.604+0000] {dag.py:3954} INFO - Setting next_dagrun for example_trigger_target_dag to None, run_after=None
[2024-05-25T00:04:58.644+0000] {processor.py:183} INFO - Processing /home/airflow/.local/lib/python3.12/site-packages/airflow/example_dags/example_trigger_target_dag.py took 1.597 seconds
[2024-05-25T00:05:28.940+0000] {processor.py:161} INFO - Started process (PID=39221) to work on /home/airflow/.local/lib/python3.12/site-packages/airflow/example_dags/example_trigger_target_dag.py
[2024-05-25T00:05:28.942+0000] {processor.py:830} INFO - Processing file /home/airflow/.local/lib/python3.12/site-packages/airflow/example_dags/example_trigger_target_dag.py for tasks to queue
[2024-05-25T00:05:28.946+0000] {logging_mixin.py:188} INFO - [2024-05-25T00:05:28.946+0000] {dagbag.py:545} INFO - Filling up the DagBag from /home/airflow/.local/lib/python3.12/site-packages/airflow/example_dags/example_trigger_target_dag.py
[2024-05-25T00:05:28.963+0000] {processor.py:840} INFO - DAG(s) 'example_trigger_target_dag' retrieved from /home/airflow/.local/lib/python3.12/site-packages/airflow/example_dags/example_trigger_target_dag.py
[2024-05-25T00:05:28.989+0000] {logging_mixin.py:188} INFO - [2024-05-25T00:05:28.988+0000] {dag.py:3096} INFO - Sync 1 DAGs
[2024-05-25T00:05:29.002+0000] {logging_mixin.py:188} INFO - [2024-05-25T00:05:29.002+0000] {dag.py:3954} INFO - Setting next_dagrun for example_trigger_target_dag to None, run_after=None
[2024-05-25T00:05:29.035+0000] {processor.py:183} INFO - Processing /home/airflow/.local/lib/python3.12/site-packages/airflow/example_dags/example_trigger_target_dag.py took 0.102 seconds
[2024-05-25T00:06:00.072+0000] {processor.py:161} INFO - Started process (PID=39279) to work on /home/airflow/.local/lib/python3.12/site-packages/airflow/example_dags/example_trigger_target_dag.py
[2024-05-25T00:06:00.074+0000] {processor.py:830} INFO - Processing file /home/airflow/.local/lib/python3.12/site-packages/airflow/example_dags/example_trigger_target_dag.py for tasks to queue
[2024-05-25T00:06:00.077+0000] {logging_mixin.py:188} INFO - [2024-05-25T00:06:00.076+0000] {dagbag.py:545} INFO - Filling up the DagBag from /home/airflow/.local/lib/python3.12/site-packages/airflow/example_dags/example_trigger_target_dag.py
[2024-05-25T00:06:00.084+0000] {processor.py:840} INFO - DAG(s) 'example_trigger_target_dag' retrieved from /home/airflow/.local/lib/python3.12/site-packages/airflow/example_dags/example_trigger_target_dag.py
[2024-05-25T00:06:00.109+0000] {logging_mixin.py:188} INFO - [2024-05-25T00:06:00.108+0000] {dag.py:3096} INFO - Sync 1 DAGs
[2024-05-25T00:06:00.125+0000] {logging_mixin.py:188} INFO - [2024-05-25T00:06:00.124+0000] {dag.py:3954} INFO - Setting next_dagrun for example_trigger_target_dag to None, run_after=None
[2024-05-25T00:06:00.152+0000] {processor.py:183} INFO - Processing /home/airflow/.local/lib/python3.12/site-packages/airflow/example_dags/example_trigger_target_dag.py took 0.085 seconds
[2024-05-25T00:06:30.290+0000] {processor.py:161} INFO - Started process (PID=39337) to work on /home/airflow/.local/lib/python3.12/site-packages/airflow/example_dags/example_trigger_target_dag.py
[2024-05-25T00:06:30.295+0000] {processor.py:830} INFO - Processing file /home/airflow/.local/lib/python3.12/site-packages/airflow/example_dags/example_trigger_target_dag.py for tasks to queue
[2024-05-25T00:06:30.302+0000] {logging_mixin.py:188} INFO - [2024-05-25T00:06:30.301+0000] {dagbag.py:545} INFO - Filling up the DagBag from /home/airflow/.local/lib/python3.12/site-packages/airflow/example_dags/example_trigger_target_dag.py
[2024-05-25T00:06:30.313+0000] {processor.py:840} INFO - DAG(s) 'example_trigger_target_dag' retrieved from /home/airflow/.local/lib/python3.12/site-packages/airflow/example_dags/example_trigger_target_dag.py
[2024-05-25T00:06:30.338+0000] {logging_mixin.py:188} INFO - [2024-05-25T00:06:30.337+0000] {dag.py:3096} INFO - Sync 1 DAGs
[2024-05-25T00:06:30.357+0000] {logging_mixin.py:188} INFO - [2024-05-25T00:06:30.357+0000] {dag.py:3954} INFO - Setting next_dagrun for example_trigger_target_dag to None, run_after=None
[2024-05-25T00:06:30.393+0000] {processor.py:183} INFO - Processing /home/airflow/.local/lib/python3.12/site-packages/airflow/example_dags/example_trigger_target_dag.py took 0.110 seconds
[2024-05-25T00:07:00.921+0000] {processor.py:161} INFO - Started process (PID=39395) to work on /home/airflow/.local/lib/python3.12/site-packages/airflow/example_dags/example_trigger_target_dag.py
[2024-05-25T00:07:00.923+0000] {processor.py:830} INFO - Processing file /home/airflow/.local/lib/python3.12/site-packages/airflow/example_dags/example_trigger_target_dag.py for tasks to queue
[2024-05-25T00:07:00.925+0000] {logging_mixin.py:188} INFO - [2024-05-25T00:07:00.924+0000] {dagbag.py:545} INFO - Filling up the DagBag from /home/airflow/.local/lib/python3.12/site-packages/airflow/example_dags/example_trigger_target_dag.py
[2024-05-25T00:07:00.932+0000] {processor.py:840} INFO - DAG(s) 'example_trigger_target_dag' retrieved from /home/airflow/.local/lib/python3.12/site-packages/airflow/example_dags/example_trigger_target_dag.py
[2024-05-25T00:07:00.952+0000] {logging_mixin.py:188} INFO - [2024-05-25T00:07:00.952+0000] {dag.py:3096} INFO - Sync 1 DAGs
[2024-05-25T00:07:00.965+0000] {logging_mixin.py:188} INFO - [2024-05-25T00:07:00.965+0000] {dag.py:3954} INFO - Setting next_dagrun for example_trigger_target_dag to None, run_after=None
[2024-05-25T00:07:00.986+0000] {processor.py:183} INFO - Processing /home/airflow/.local/lib/python3.12/site-packages/airflow/example_dags/example_trigger_target_dag.py took 0.070 seconds
[2024-05-25T00:07:31.343+0000] {processor.py:161} INFO - Started process (PID=39453) to work on /home/airflow/.local/lib/python3.12/site-packages/airflow/example_dags/example_trigger_target_dag.py
[2024-05-25T00:07:31.345+0000] {processor.py:830} INFO - Processing file /home/airflow/.local/lib/python3.12/site-packages/airflow/example_dags/example_trigger_target_dag.py for tasks to queue
[2024-05-25T00:07:31.347+0000] {logging_mixin.py:188} INFO - [2024-05-25T00:07:31.347+0000] {dagbag.py:545} INFO - Filling up the DagBag from /home/airflow/.local/lib/python3.12/site-packages/airflow/example_dags/example_trigger_target_dag.py
[2024-05-25T00:07:31.356+0000] {processor.py:840} INFO - DAG(s) 'example_trigger_target_dag' retrieved from /home/airflow/.local/lib/python3.12/site-packages/airflow/example_dags/example_trigger_target_dag.py
[2024-05-25T00:07:31.385+0000] {logging_mixin.py:188} INFO - [2024-05-25T00:07:31.384+0000] {dag.py:3096} INFO - Sync 1 DAGs
[2024-05-25T00:07:31.397+0000] {logging_mixin.py:188} INFO - [2024-05-25T00:07:31.397+0000] {dag.py:3954} INFO - Setting next_dagrun for example_trigger_target_dag to None, run_after=None
[2024-05-25T00:07:31.421+0000] {processor.py:183} INFO - Processing /home/airflow/.local/lib/python3.12/site-packages/airflow/example_dags/example_trigger_target_dag.py took 0.083 seconds
[2024-05-25T00:08:02.485+0000] {processor.py:161} INFO - Started process (PID=39511) to work on /home/airflow/.local/lib/python3.12/site-packages/airflow/example_dags/example_trigger_target_dag.py
[2024-05-25T00:08:02.492+0000] {processor.py:830} INFO - Processing file /home/airflow/.local/lib/python3.12/site-packages/airflow/example_dags/example_trigger_target_dag.py for tasks to queue
[2024-05-25T00:08:02.505+0000] {logging_mixin.py:188} INFO - [2024-05-25T00:08:02.503+0000] {dagbag.py:545} INFO - Filling up the DagBag from /home/airflow/.local/lib/python3.12/site-packages/airflow/example_dags/example_trigger_target_dag.py
[2024-05-25T00:08:02.574+0000] {processor.py:840} INFO - DAG(s) 'example_trigger_target_dag' retrieved from /home/airflow/.local/lib/python3.12/site-packages/airflow/example_dags/example_trigger_target_dag.py
[2024-05-25T00:08:02.807+0000] {logging_mixin.py:188} INFO - [2024-05-25T00:08:02.805+0000] {dag.py:3096} INFO - Sync 1 DAGs
[2024-05-25T00:08:02.939+0000] {logging_mixin.py:188} INFO - [2024-05-25T00:08:02.934+0000] {dag.py:3954} INFO - Setting next_dagrun for example_trigger_target_dag to None, run_after=None
[2024-05-25T00:08:03.314+0000] {processor.py:183} INFO - Processing /home/airflow/.local/lib/python3.12/site-packages/airflow/example_dags/example_trigger_target_dag.py took 0.865 seconds
[2024-05-25T00:08:39.801+0000] {processor.py:161} INFO - Started process (PID=39575) to work on /home/airflow/.local/lib/python3.12/site-packages/airflow/example_dags/example_trigger_target_dag.py
[2024-05-25T00:08:39.802+0000] {processor.py:830} INFO - Processing file /home/airflow/.local/lib/python3.12/site-packages/airflow/example_dags/example_trigger_target_dag.py for tasks to queue
[2024-05-25T00:08:39.805+0000] {logging_mixin.py:188} INFO - [2024-05-25T00:08:39.804+0000] {dagbag.py:545} INFO - Filling up the DagBag from /home/airflow/.local/lib/python3.12/site-packages/airflow/example_dags/example_trigger_target_dag.py
[2024-05-25T00:08:39.812+0000] {processor.py:840} INFO - DAG(s) 'example_trigger_target_dag' retrieved from /home/airflow/.local/lib/python3.12/site-packages/airflow/example_dags/example_trigger_target_dag.py
[2024-05-25T00:08:39.840+0000] {logging_mixin.py:188} INFO - [2024-05-25T00:08:39.840+0000] {dag.py:3096} INFO - Sync 1 DAGs
[2024-05-25T00:08:39.856+0000] {logging_mixin.py:188} INFO - [2024-05-25T00:08:39.855+0000] {dag.py:3954} INFO - Setting next_dagrun for example_trigger_target_dag to None, run_after=None
[2024-05-25T00:08:39.885+0000] {processor.py:183} INFO - Processing /home/airflow/.local/lib/python3.12/site-packages/airflow/example_dags/example_trigger_target_dag.py took 0.089 seconds
[2024-05-25T00:09:53.431+0000] {processor.py:161} INFO - Started process (PID=39610) to work on /home/airflow/.local/lib/python3.12/site-packages/airflow/example_dags/example_trigger_target_dag.py
[2024-05-25T00:09:53.441+0000] {processor.py:830} INFO - Processing file /home/airflow/.local/lib/python3.12/site-packages/airflow/example_dags/example_trigger_target_dag.py for tasks to queue
[2024-05-25T00:09:53.464+0000] {logging_mixin.py:188} INFO - [2024-05-25T00:09:53.461+0000] {dagbag.py:545} INFO - Filling up the DagBag from /home/airflow/.local/lib/python3.12/site-packages/airflow/example_dags/example_trigger_target_dag.py
[2024-05-25T00:09:53.534+0000] {processor.py:840} INFO - DAG(s) 'example_trigger_target_dag' retrieved from /home/airflow/.local/lib/python3.12/site-packages/airflow/example_dags/example_trigger_target_dag.py
[2024-05-25T00:09:53.671+0000] {logging_mixin.py:188} INFO - [2024-05-25T00:09:53.670+0000] {dag.py:3096} INFO - Sync 1 DAGs
[2024-05-25T00:09:53.781+0000] {logging_mixin.py:188} INFO - [2024-05-25T00:09:53.776+0000] {dag.py:3954} INFO - Setting next_dagrun for example_trigger_target_dag to None, run_after=None
[2024-05-25T00:09:53.947+0000] {processor.py:183} INFO - Processing /home/airflow/.local/lib/python3.12/site-packages/airflow/example_dags/example_trigger_target_dag.py took 0.559 seconds
[2024-05-25T00:10:24.150+0000] {processor.py:161} INFO - Started process (PID=39668) to work on /home/airflow/.local/lib/python3.12/site-packages/airflow/example_dags/example_trigger_target_dag.py
[2024-05-25T00:10:24.152+0000] {processor.py:830} INFO - Processing file /home/airflow/.local/lib/python3.12/site-packages/airflow/example_dags/example_trigger_target_dag.py for tasks to queue
[2024-05-25T00:10:24.153+0000] {logging_mixin.py:188} INFO - [2024-05-25T00:10:24.153+0000] {dagbag.py:545} INFO - Filling up the DagBag from /home/airflow/.local/lib/python3.12/site-packages/airflow/example_dags/example_trigger_target_dag.py
[2024-05-25T00:10:24.166+0000] {processor.py:840} INFO - DAG(s) 'example_trigger_target_dag' retrieved from /home/airflow/.local/lib/python3.12/site-packages/airflow/example_dags/example_trigger_target_dag.py
[2024-05-25T00:10:24.206+0000] {logging_mixin.py:188} INFO - [2024-05-25T00:10:24.205+0000] {dag.py:3096} INFO - Sync 1 DAGs
[2024-05-25T00:10:24.229+0000] {logging_mixin.py:188} INFO - [2024-05-25T00:10:24.229+0000] {dag.py:3954} INFO - Setting next_dagrun for example_trigger_target_dag to None, run_after=None
[2024-05-25T00:10:24.268+0000] {processor.py:183} INFO - Processing /home/airflow/.local/lib/python3.12/site-packages/airflow/example_dags/example_trigger_target_dag.py took 0.125 seconds
[2024-05-25T00:10:55.052+0000] {processor.py:161} INFO - Started process (PID=39726) to work on /home/airflow/.local/lib/python3.12/site-packages/airflow/example_dags/example_trigger_target_dag.py
[2024-05-25T00:10:55.054+0000] {processor.py:830} INFO - Processing file /home/airflow/.local/lib/python3.12/site-packages/airflow/example_dags/example_trigger_target_dag.py for tasks to queue
[2024-05-25T00:10:55.055+0000] {logging_mixin.py:188} INFO - [2024-05-25T00:10:55.055+0000] {dagbag.py:545} INFO - Filling up the DagBag from /home/airflow/.local/lib/python3.12/site-packages/airflow/example_dags/example_trigger_target_dag.py
[2024-05-25T00:10:55.063+0000] {processor.py:840} INFO - DAG(s) 'example_trigger_target_dag' retrieved from /home/airflow/.local/lib/python3.12/site-packages/airflow/example_dags/example_trigger_target_dag.py
[2024-05-25T00:10:55.085+0000] {logging_mixin.py:188} INFO - [2024-05-25T00:10:55.084+0000] {dag.py:3096} INFO - Sync 1 DAGs
[2024-05-25T00:10:55.107+0000] {logging_mixin.py:188} INFO - [2024-05-25T00:10:55.107+0000] {dag.py:3954} INFO - Setting next_dagrun for example_trigger_target_dag to None, run_after=None
[2024-05-25T00:10:55.143+0000] {processor.py:183} INFO - Processing /home/airflow/.local/lib/python3.12/site-packages/airflow/example_dags/example_trigger_target_dag.py took 0.097 seconds
[2024-05-25T00:11:25.260+0000] {processor.py:161} INFO - Started process (PID=39784) to work on /home/airflow/.local/lib/python3.12/site-packages/airflow/example_dags/example_trigger_target_dag.py
[2024-05-25T00:11:25.261+0000] {processor.py:830} INFO - Processing file /home/airflow/.local/lib/python3.12/site-packages/airflow/example_dags/example_trigger_target_dag.py for tasks to queue
[2024-05-25T00:11:25.263+0000] {logging_mixin.py:188} INFO - [2024-05-25T00:11:25.262+0000] {dagbag.py:545} INFO - Filling up the DagBag from /home/airflow/.local/lib/python3.12/site-packages/airflow/example_dags/example_trigger_target_dag.py
[2024-05-25T00:11:25.273+0000] {processor.py:840} INFO - DAG(s) 'example_trigger_target_dag' retrieved from /home/airflow/.local/lib/python3.12/site-packages/airflow/example_dags/example_trigger_target_dag.py
[2024-05-25T00:11:25.299+0000] {logging_mixin.py:188} INFO - [2024-05-25T00:11:25.299+0000] {dag.py:3096} INFO - Sync 1 DAGs
[2024-05-25T00:11:25.321+0000] {logging_mixin.py:188} INFO - [2024-05-25T00:11:25.320+0000] {dag.py:3954} INFO - Setting next_dagrun for example_trigger_target_dag to None, run_after=None
[2024-05-25T00:11:25.340+0000] {processor.py:183} INFO - Processing /home/airflow/.local/lib/python3.12/site-packages/airflow/example_dags/example_trigger_target_dag.py took 0.088 seconds
[2024-05-25T00:11:56.209+0000] {processor.py:161} INFO - Started process (PID=39848) to work on /home/airflow/.local/lib/python3.12/site-packages/airflow/example_dags/example_trigger_target_dag.py
[2024-05-25T00:11:56.211+0000] {processor.py:830} INFO - Processing file /home/airflow/.local/lib/python3.12/site-packages/airflow/example_dags/example_trigger_target_dag.py for tasks to queue
[2024-05-25T00:11:56.212+0000] {logging_mixin.py:188} INFO - [2024-05-25T00:11:56.212+0000] {dagbag.py:545} INFO - Filling up the DagBag from /home/airflow/.local/lib/python3.12/site-packages/airflow/example_dags/example_trigger_target_dag.py
[2024-05-25T00:11:56.218+0000] {processor.py:840} INFO - DAG(s) 'example_trigger_target_dag' retrieved from /home/airflow/.local/lib/python3.12/site-packages/airflow/example_dags/example_trigger_target_dag.py
[2024-05-25T00:11:56.238+0000] {logging_mixin.py:188} INFO - [2024-05-25T00:11:56.238+0000] {dag.py:3096} INFO - Sync 1 DAGs
[2024-05-25T00:11:56.251+0000] {logging_mixin.py:188} INFO - [2024-05-25T00:11:56.251+0000] {dag.py:3954} INFO - Setting next_dagrun for example_trigger_target_dag to None, run_after=None
[2024-05-25T00:11:56.274+0000] {processor.py:183} INFO - Processing /home/airflow/.local/lib/python3.12/site-packages/airflow/example_dags/example_trigger_target_dag.py took 0.072 seconds
[2024-05-25T00:12:46.579+0000] {processor.py:161} INFO - Started process (PID=39909) to work on /home/airflow/.local/lib/python3.12/site-packages/airflow/example_dags/example_trigger_target_dag.py
[2024-05-25T00:12:46.582+0000] {processor.py:830} INFO - Processing file /home/airflow/.local/lib/python3.12/site-packages/airflow/example_dags/example_trigger_target_dag.py for tasks to queue
[2024-05-25T00:12:46.585+0000] {logging_mixin.py:188} INFO - [2024-05-25T00:12:46.584+0000] {dagbag.py:545} INFO - Filling up the DagBag from /home/airflow/.local/lib/python3.12/site-packages/airflow/example_dags/example_trigger_target_dag.py
[2024-05-25T00:12:46.597+0000] {processor.py:840} INFO - DAG(s) 'example_trigger_target_dag' retrieved from /home/airflow/.local/lib/python3.12/site-packages/airflow/example_dags/example_trigger_target_dag.py
[2024-05-25T00:12:46.635+0000] {logging_mixin.py:188} INFO - [2024-05-25T00:12:46.635+0000] {dag.py:3096} INFO - Sync 1 DAGs
[2024-05-25T00:12:46.652+0000] {logging_mixin.py:188} INFO - [2024-05-25T00:12:46.652+0000] {dag.py:3954} INFO - Setting next_dagrun for example_trigger_target_dag to None, run_after=None
[2024-05-25T00:12:46.691+0000] {processor.py:183} INFO - Processing /home/airflow/.local/lib/python3.12/site-packages/airflow/example_dags/example_trigger_target_dag.py took 0.122 seconds
[2024-05-25T00:13:17.973+0000] {processor.py:161} INFO - Started process (PID=39967) to work on /home/airflow/.local/lib/python3.12/site-packages/airflow/example_dags/example_trigger_target_dag.py
[2024-05-25T00:13:17.975+0000] {processor.py:830} INFO - Processing file /home/airflow/.local/lib/python3.12/site-packages/airflow/example_dags/example_trigger_target_dag.py for tasks to queue
[2024-05-25T00:13:17.979+0000] {logging_mixin.py:188} INFO - [2024-05-25T00:13:17.978+0000] {dagbag.py:545} INFO - Filling up the DagBag from /home/airflow/.local/lib/python3.12/site-packages/airflow/example_dags/example_trigger_target_dag.py
[2024-05-25T00:13:17.988+0000] {processor.py:840} INFO - DAG(s) 'example_trigger_target_dag' retrieved from /home/airflow/.local/lib/python3.12/site-packages/airflow/example_dags/example_trigger_target_dag.py
[2024-05-25T00:13:18.029+0000] {logging_mixin.py:188} INFO - [2024-05-25T00:13:18.027+0000] {dag.py:3096} INFO - Sync 1 DAGs
[2024-05-25T00:13:18.045+0000] {logging_mixin.py:188} INFO - [2024-05-25T00:13:18.045+0000] {dag.py:3954} INFO - Setting next_dagrun for example_trigger_target_dag to None, run_after=None
[2024-05-25T00:13:18.084+0000] {processor.py:183} INFO - Processing /home/airflow/.local/lib/python3.12/site-packages/airflow/example_dags/example_trigger_target_dag.py took 0.118 seconds
[2024-05-25T00:14:18.247+0000] {processor.py:161} INFO - Started process (PID=40019) to work on /home/airflow/.local/lib/python3.12/site-packages/airflow/example_dags/example_trigger_target_dag.py
[2024-05-25T00:14:18.249+0000] {processor.py:830} INFO - Processing file /home/airflow/.local/lib/python3.12/site-packages/airflow/example_dags/example_trigger_target_dag.py for tasks to queue
[2024-05-25T00:14:18.251+0000] {logging_mixin.py:188} INFO - [2024-05-25T00:14:18.250+0000] {dagbag.py:545} INFO - Filling up the DagBag from /home/airflow/.local/lib/python3.12/site-packages/airflow/example_dags/example_trigger_target_dag.py
[2024-05-25T00:14:18.263+0000] {processor.py:840} INFO - DAG(s) 'example_trigger_target_dag' retrieved from /home/airflow/.local/lib/python3.12/site-packages/airflow/example_dags/example_trigger_target_dag.py
[2024-05-25T00:14:18.295+0000] {logging_mixin.py:188} INFO - [2024-05-25T00:14:18.295+0000] {dag.py:3096} INFO - Sync 1 DAGs
[2024-05-25T00:14:18.310+0000] {logging_mixin.py:188} INFO - [2024-05-25T00:14:18.310+0000] {dag.py:3954} INFO - Setting next_dagrun for example_trigger_target_dag to None, run_after=None
[2024-05-25T00:14:18.338+0000] {processor.py:183} INFO - Processing /home/airflow/.local/lib/python3.12/site-packages/airflow/example_dags/example_trigger_target_dag.py took 0.103 seconds
[2024-05-25T00:15:20.496+0000] {processor.py:161} INFO - Started process (PID=40091) to work on /home/airflow/.local/lib/python3.12/site-packages/airflow/example_dags/example_trigger_target_dag.py
[2024-05-25T00:15:20.498+0000] {processor.py:830} INFO - Processing file /home/airflow/.local/lib/python3.12/site-packages/airflow/example_dags/example_trigger_target_dag.py for tasks to queue
[2024-05-25T00:15:20.499+0000] {logging_mixin.py:188} INFO - [2024-05-25T00:15:20.499+0000] {dagbag.py:545} INFO - Filling up the DagBag from /home/airflow/.local/lib/python3.12/site-packages/airflow/example_dags/example_trigger_target_dag.py
[2024-05-25T00:15:20.507+0000] {processor.py:840} INFO - DAG(s) 'example_trigger_target_dag' retrieved from /home/airflow/.local/lib/python3.12/site-packages/airflow/example_dags/example_trigger_target_dag.py
[2024-05-25T00:15:20.529+0000] {logging_mixin.py:188} INFO - [2024-05-25T00:15:20.528+0000] {dag.py:3096} INFO - Sync 1 DAGs
[2024-05-25T00:15:20.542+0000] {logging_mixin.py:188} INFO - [2024-05-25T00:15:20.542+0000] {dag.py:3954} INFO - Setting next_dagrun for example_trigger_target_dag to None, run_after=None
[2024-05-25T00:15:20.564+0000] {processor.py:183} INFO - Processing /home/airflow/.local/lib/python3.12/site-packages/airflow/example_dags/example_trigger_target_dag.py took 0.073 seconds
[2024-05-25T00:15:51.627+0000] {processor.py:161} INFO - Started process (PID=40149) to work on /home/airflow/.local/lib/python3.12/site-packages/airflow/example_dags/example_trigger_target_dag.py
[2024-05-25T00:15:51.628+0000] {processor.py:830} INFO - Processing file /home/airflow/.local/lib/python3.12/site-packages/airflow/example_dags/example_trigger_target_dag.py for tasks to queue
[2024-05-25T00:15:51.629+0000] {logging_mixin.py:188} INFO - [2024-05-25T00:15:51.629+0000] {dagbag.py:545} INFO - Filling up the DagBag from /home/airflow/.local/lib/python3.12/site-packages/airflow/example_dags/example_trigger_target_dag.py
[2024-05-25T00:15:51.638+0000] {processor.py:840} INFO - DAG(s) 'example_trigger_target_dag' retrieved from /home/airflow/.local/lib/python3.12/site-packages/airflow/example_dags/example_trigger_target_dag.py
[2024-05-25T00:15:51.662+0000] {logging_mixin.py:188} INFO - [2024-05-25T00:15:51.662+0000] {dag.py:3096} INFO - Sync 1 DAGs
[2024-05-25T00:15:51.680+0000] {logging_mixin.py:188} INFO - [2024-05-25T00:15:51.680+0000] {dag.py:3954} INFO - Setting next_dagrun for example_trigger_target_dag to None, run_after=None
[2024-05-25T00:15:51.924+0000] {processor.py:183} INFO - Processing /home/airflow/.local/lib/python3.12/site-packages/airflow/example_dags/example_trigger_target_dag.py took 0.304 seconds
[2024-05-25T00:16:22.134+0000] {processor.py:161} INFO - Started process (PID=40207) to work on /home/airflow/.local/lib/python3.12/site-packages/airflow/example_dags/example_trigger_target_dag.py
[2024-05-25T00:16:22.135+0000] {processor.py:830} INFO - Processing file /home/airflow/.local/lib/python3.12/site-packages/airflow/example_dags/example_trigger_target_dag.py for tasks to queue
[2024-05-25T00:16:22.137+0000] {logging_mixin.py:188} INFO - [2024-05-25T00:16:22.136+0000] {dagbag.py:545} INFO - Filling up the DagBag from /home/airflow/.local/lib/python3.12/site-packages/airflow/example_dags/example_trigger_target_dag.py
[2024-05-25T00:16:22.144+0000] {processor.py:840} INFO - DAG(s) 'example_trigger_target_dag' retrieved from /home/airflow/.local/lib/python3.12/site-packages/airflow/example_dags/example_trigger_target_dag.py
[2024-05-25T00:16:22.164+0000] {logging_mixin.py:188} INFO - [2024-05-25T00:16:22.163+0000] {dag.py:3096} INFO - Sync 1 DAGs
[2024-05-25T00:16:22.176+0000] {logging_mixin.py:188} INFO - [2024-05-25T00:16:22.176+0000] {dag.py:3954} INFO - Setting next_dagrun for example_trigger_target_dag to None, run_after=None
[2024-05-25T00:16:22.197+0000] {processor.py:183} INFO - Processing /home/airflow/.local/lib/python3.12/site-packages/airflow/example_dags/example_trigger_target_dag.py took 0.069 seconds
[2024-05-25T00:16:52.652+0000] {processor.py:161} INFO - Started process (PID=40265) to work on /home/airflow/.local/lib/python3.12/site-packages/airflow/example_dags/example_trigger_target_dag.py
[2024-05-25T00:16:52.653+0000] {processor.py:830} INFO - Processing file /home/airflow/.local/lib/python3.12/site-packages/airflow/example_dags/example_trigger_target_dag.py for tasks to queue
[2024-05-25T00:16:52.654+0000] {logging_mixin.py:188} INFO - [2024-05-25T00:16:52.654+0000] {dagbag.py:545} INFO - Filling up the DagBag from /home/airflow/.local/lib/python3.12/site-packages/airflow/example_dags/example_trigger_target_dag.py
[2024-05-25T00:16:52.660+0000] {processor.py:840} INFO - DAG(s) 'example_trigger_target_dag' retrieved from /home/airflow/.local/lib/python3.12/site-packages/airflow/example_dags/example_trigger_target_dag.py
[2024-05-25T00:16:52.683+0000] {logging_mixin.py:188} INFO - [2024-05-25T00:16:52.682+0000] {dag.py:3096} INFO - Sync 1 DAGs
[2024-05-25T00:16:52.698+0000] {logging_mixin.py:188} INFO - [2024-05-25T00:16:52.698+0000] {dag.py:3954} INFO - Setting next_dagrun for example_trigger_target_dag to None, run_after=None
[2024-05-25T00:16:52.721+0000] {processor.py:183} INFO - Processing /home/airflow/.local/lib/python3.12/site-packages/airflow/example_dags/example_trigger_target_dag.py took 0.074 seconds
[2024-05-25T00:17:23.822+0000] {processor.py:161} INFO - Started process (PID=40323) to work on /home/airflow/.local/lib/python3.12/site-packages/airflow/example_dags/example_trigger_target_dag.py
[2024-05-25T00:17:23.823+0000] {processor.py:830} INFO - Processing file /home/airflow/.local/lib/python3.12/site-packages/airflow/example_dags/example_trigger_target_dag.py for tasks to queue
[2024-05-25T00:17:23.824+0000] {logging_mixin.py:188} INFO - [2024-05-25T00:17:23.824+0000] {dagbag.py:545} INFO - Filling up the DagBag from /home/airflow/.local/lib/python3.12/site-packages/airflow/example_dags/example_trigger_target_dag.py
[2024-05-25T00:17:24.028+0000] {processor.py:840} INFO - DAG(s) 'example_trigger_target_dag' retrieved from /home/airflow/.local/lib/python3.12/site-packages/airflow/example_dags/example_trigger_target_dag.py
[2024-05-25T00:17:24.049+0000] {logging_mixin.py:188} INFO - [2024-05-25T00:17:24.049+0000] {dag.py:3096} INFO - Sync 1 DAGs
[2024-05-25T00:17:24.059+0000] {logging_mixin.py:188} INFO - [2024-05-25T00:17:24.059+0000] {dag.py:3954} INFO - Setting next_dagrun for example_trigger_target_dag to None, run_after=None
[2024-05-25T00:17:24.084+0000] {processor.py:183} INFO - Processing /home/airflow/.local/lib/python3.12/site-packages/airflow/example_dags/example_trigger_target_dag.py took 0.268 seconds
[2024-05-25T00:17:54.161+0000] {processor.py:161} INFO - Started process (PID=40381) to work on /home/airflow/.local/lib/python3.12/site-packages/airflow/example_dags/example_trigger_target_dag.py
[2024-05-25T00:17:54.162+0000] {processor.py:830} INFO - Processing file /home/airflow/.local/lib/python3.12/site-packages/airflow/example_dags/example_trigger_target_dag.py for tasks to queue
[2024-05-25T00:17:54.163+0000] {logging_mixin.py:188} INFO - [2024-05-25T00:17:54.163+0000] {dagbag.py:545} INFO - Filling up the DagBag from /home/airflow/.local/lib/python3.12/site-packages/airflow/example_dags/example_trigger_target_dag.py
[2024-05-25T00:17:54.169+0000] {processor.py:840} INFO - DAG(s) 'example_trigger_target_dag' retrieved from /home/airflow/.local/lib/python3.12/site-packages/airflow/example_dags/example_trigger_target_dag.py
[2024-05-25T00:17:54.188+0000] {logging_mixin.py:188} INFO - [2024-05-25T00:17:54.187+0000] {dag.py:3096} INFO - Sync 1 DAGs
[2024-05-25T00:17:54.204+0000] {logging_mixin.py:188} INFO - [2024-05-25T00:17:54.204+0000] {dag.py:3954} INFO - Setting next_dagrun for example_trigger_target_dag to None, run_after=None
[2024-05-25T00:17:54.222+0000] {processor.py:183} INFO - Processing /home/airflow/.local/lib/python3.12/site-packages/airflow/example_dags/example_trigger_target_dag.py took 0.066 seconds
[2024-05-25T00:18:25.073+0000] {processor.py:161} INFO - Started process (PID=40439) to work on /home/airflow/.local/lib/python3.12/site-packages/airflow/example_dags/example_trigger_target_dag.py
[2024-05-25T00:18:25.075+0000] {processor.py:830} INFO - Processing file /home/airflow/.local/lib/python3.12/site-packages/airflow/example_dags/example_trigger_target_dag.py for tasks to queue
[2024-05-25T00:18:25.076+0000] {logging_mixin.py:188} INFO - [2024-05-25T00:18:25.076+0000] {dagbag.py:545} INFO - Filling up the DagBag from /home/airflow/.local/lib/python3.12/site-packages/airflow/example_dags/example_trigger_target_dag.py
[2024-05-25T00:18:25.082+0000] {processor.py:840} INFO - DAG(s) 'example_trigger_target_dag' retrieved from /home/airflow/.local/lib/python3.12/site-packages/airflow/example_dags/example_trigger_target_dag.py
[2024-05-25T00:18:25.103+0000] {logging_mixin.py:188} INFO - [2024-05-25T00:18:25.103+0000] {dag.py:3096} INFO - Sync 1 DAGs
[2024-05-25T00:18:25.116+0000] {logging_mixin.py:188} INFO - [2024-05-25T00:18:25.115+0000] {dag.py:3954} INFO - Setting next_dagrun for example_trigger_target_dag to None, run_after=None
[2024-05-25T00:18:25.135+0000] {processor.py:183} INFO - Processing /home/airflow/.local/lib/python3.12/site-packages/airflow/example_dags/example_trigger_target_dag.py took 0.068 seconds
