[2024-05-25T00:00:18.567+0000] {processor.py:161} INFO - Started process (PID=38638) to work on /home/airflow/.local/lib/python3.12/site-packages/airflow/example_dags/example_subdag_operator.py
[2024-05-25T00:00:18.568+0000] {processor.py:830} INFO - Processing file /home/airflow/.local/lib/python3.12/site-packages/airflow/example_dags/example_subdag_operator.py for tasks to queue
[2024-05-25T00:00:18.571+0000] {logging_mixin.py:188} INFO - [2024-05-25T00:00:18.571+0000] {dagbag.py:545} INFO - Filling up the DagBag from /home/airflow/.local/lib/python3.12/site-packages/airflow/example_dags/example_subdag_operator.py
[2024-05-25T00:00:18.603+0000] {processor.py:840} INFO - DAG(s) 'example_subdag_operator.section-1', 'example_subdag_operator.section-2', 'example_subdag_operator' retrieved from /home/airflow/.local/lib/python3.12/site-packages/airflow/example_dags/example_subdag_operator.py
[2024-05-25T00:00:18.622+0000] {logging_mixin.py:188} INFO - [2024-05-25T00:00:18.622+0000] {dag.py:3096} INFO - Sync 3 DAGs
[2024-05-25T00:00:18.650+0000] {logging_mixin.py:188} INFO - [2024-05-25T00:00:18.649+0000] {dag.py:3954} INFO - Setting next_dagrun for example_subdag_operator to 2022-01-01 00:00:00+00:00, run_after=2022-01-01 00:00:00+00:00
[2024-05-25T00:00:18.659+0000] {logging_mixin.py:188} INFO - [2024-05-25T00:00:18.658+0000] {dag.py:3954} INFO - Setting next_dagrun for example_subdag_operator.section-1 to None, run_after=None
[2024-05-25T00:00:18.669+0000] {logging_mixin.py:188} INFO - [2024-05-25T00:00:18.668+0000] {dag.py:3954} INFO - Setting next_dagrun for example_subdag_operator.section-2 to None, run_after=None
[2024-05-25T00:00:18.686+0000] {logging_mixin.py:188} INFO - [2024-05-25T00:00:18.686+0000] {dag.py:3096} INFO - Sync 2 DAGs
[2024-05-25T00:00:18.693+0000] {logging_mixin.py:188} INFO - [2024-05-25T00:00:18.692+0000] {dag.py:3954} INFO - Setting next_dagrun for example_subdag_operator.section-1 to None, run_after=None
[2024-05-25T00:00:18.694+0000] {logging_mixin.py:188} INFO - [2024-05-25T00:00:18.694+0000] {dag.py:3954} INFO - Setting next_dagrun for example_subdag_operator.section-2 to None, run_after=None
[2024-05-25T00:00:18.708+0000] {processor.py:183} INFO - Processing /home/airflow/.local/lib/python3.12/site-packages/airflow/example_dags/example_subdag_operator.py took 0.149 seconds
[2024-05-25T00:00:48.757+0000] {processor.py:161} INFO - Started process (PID=38696) to work on /home/airflow/.local/lib/python3.12/site-packages/airflow/example_dags/example_subdag_operator.py
[2024-05-25T00:00:48.759+0000] {processor.py:830} INFO - Processing file /home/airflow/.local/lib/python3.12/site-packages/airflow/example_dags/example_subdag_operator.py for tasks to queue
[2024-05-25T00:00:48.761+0000] {logging_mixin.py:188} INFO - [2024-05-25T00:00:48.761+0000] {dagbag.py:545} INFO - Filling up the DagBag from /home/airflow/.local/lib/python3.12/site-packages/airflow/example_dags/example_subdag_operator.py
[2024-05-25T00:00:48.793+0000] {processor.py:840} INFO - DAG(s) 'example_subdag_operator.section-1', 'example_subdag_operator.section-2', 'example_subdag_operator' retrieved from /home/airflow/.local/lib/python3.12/site-packages/airflow/example_dags/example_subdag_operator.py
[2024-05-25T00:00:48.812+0000] {logging_mixin.py:188} INFO - [2024-05-25T00:00:48.811+0000] {dag.py:3096} INFO - Sync 3 DAGs
[2024-05-25T00:00:48.837+0000] {logging_mixin.py:188} INFO - [2024-05-25T00:00:48.836+0000] {dag.py:3954} INFO - Setting next_dagrun for example_subdag_operator to 2022-01-01 00:00:00+00:00, run_after=2022-01-01 00:00:00+00:00
[2024-05-25T00:00:48.842+0000] {logging_mixin.py:188} INFO - [2024-05-25T00:00:48.842+0000] {dag.py:3954} INFO - Setting next_dagrun for example_subdag_operator.section-1 to None, run_after=None
[2024-05-25T00:00:48.844+0000] {logging_mixin.py:188} INFO - [2024-05-25T00:00:48.844+0000] {dag.py:3954} INFO - Setting next_dagrun for example_subdag_operator.section-2 to None, run_after=None
[2024-05-25T00:00:48.856+0000] {logging_mixin.py:188} INFO - [2024-05-25T00:00:48.856+0000] {dag.py:3096} INFO - Sync 2 DAGs
[2024-05-25T00:00:48.864+0000] {logging_mixin.py:188} INFO - [2024-05-25T00:00:48.864+0000] {dag.py:3954} INFO - Setting next_dagrun for example_subdag_operator.section-1 to None, run_after=None
[2024-05-25T00:00:48.865+0000] {logging_mixin.py:188} INFO - [2024-05-25T00:00:48.865+0000] {dag.py:3954} INFO - Setting next_dagrun for example_subdag_operator.section-2 to None, run_after=None
[2024-05-25T00:00:48.879+0000] {processor.py:183} INFO - Processing /home/airflow/.local/lib/python3.12/site-packages/airflow/example_dags/example_subdag_operator.py took 0.128 seconds
[2024-05-25T00:01:19.295+0000] {processor.py:161} INFO - Started process (PID=38754) to work on /home/airflow/.local/lib/python3.12/site-packages/airflow/example_dags/example_subdag_operator.py
[2024-05-25T00:01:19.297+0000] {processor.py:830} INFO - Processing file /home/airflow/.local/lib/python3.12/site-packages/airflow/example_dags/example_subdag_operator.py for tasks to queue
[2024-05-25T00:01:19.299+0000] {logging_mixin.py:188} INFO - [2024-05-25T00:01:19.299+0000] {dagbag.py:545} INFO - Filling up the DagBag from /home/airflow/.local/lib/python3.12/site-packages/airflow/example_dags/example_subdag_operator.py
[2024-05-25T00:01:19.327+0000] {processor.py:840} INFO - DAG(s) 'example_subdag_operator.section-1', 'example_subdag_operator.section-2', 'example_subdag_operator' retrieved from /home/airflow/.local/lib/python3.12/site-packages/airflow/example_dags/example_subdag_operator.py
[2024-05-25T00:01:19.343+0000] {logging_mixin.py:188} INFO - [2024-05-25T00:01:19.343+0000] {dag.py:3096} INFO - Sync 3 DAGs
[2024-05-25T00:01:19.363+0000] {logging_mixin.py:188} INFO - [2024-05-25T00:01:19.363+0000] {dag.py:3954} INFO - Setting next_dagrun for example_subdag_operator to 2022-01-01 00:00:00+00:00, run_after=2022-01-01 00:00:00+00:00
[2024-05-25T00:01:19.368+0000] {logging_mixin.py:188} INFO - [2024-05-25T00:01:19.367+0000] {dag.py:3954} INFO - Setting next_dagrun for example_subdag_operator.section-1 to None, run_after=None
[2024-05-25T00:01:19.371+0000] {logging_mixin.py:188} INFO - [2024-05-25T00:01:19.370+0000] {dag.py:3954} INFO - Setting next_dagrun for example_subdag_operator.section-2 to None, run_after=None
[2024-05-25T00:01:19.379+0000] {logging_mixin.py:188} INFO - [2024-05-25T00:01:19.379+0000] {dag.py:3096} INFO - Sync 2 DAGs
[2024-05-25T00:01:19.385+0000] {logging_mixin.py:188} INFO - [2024-05-25T00:01:19.385+0000] {dag.py:3954} INFO - Setting next_dagrun for example_subdag_operator.section-1 to None, run_after=None
[2024-05-25T00:01:19.386+0000] {logging_mixin.py:188} INFO - [2024-05-25T00:01:19.386+0000] {dag.py:3954} INFO - Setting next_dagrun for example_subdag_operator.section-2 to None, run_after=None
[2024-05-25T00:01:19.399+0000] {processor.py:183} INFO - Processing /home/airflow/.local/lib/python3.12/site-packages/airflow/example_dags/example_subdag_operator.py took 0.113 seconds
[2024-05-25T00:01:50.166+0000] {processor.py:161} INFO - Started process (PID=38812) to work on /home/airflow/.local/lib/python3.12/site-packages/airflow/example_dags/example_subdag_operator.py
[2024-05-25T00:01:50.168+0000] {processor.py:830} INFO - Processing file /home/airflow/.local/lib/python3.12/site-packages/airflow/example_dags/example_subdag_operator.py for tasks to queue
[2024-05-25T00:01:50.173+0000] {logging_mixin.py:188} INFO - [2024-05-25T00:01:50.172+0000] {dagbag.py:545} INFO - Filling up the DagBag from /home/airflow/.local/lib/python3.12/site-packages/airflow/example_dags/example_subdag_operator.py
[2024-05-25T00:01:50.215+0000] {processor.py:840} INFO - DAG(s) 'example_subdag_operator.section-1', 'example_subdag_operator.section-2', 'example_subdag_operator' retrieved from /home/airflow/.local/lib/python3.12/site-packages/airflow/example_dags/example_subdag_operator.py
[2024-05-25T00:01:50.236+0000] {logging_mixin.py:188} INFO - [2024-05-25T00:01:50.236+0000] {dag.py:3096} INFO - Sync 3 DAGs
[2024-05-25T00:01:50.260+0000] {logging_mixin.py:188} INFO - [2024-05-25T00:01:50.259+0000] {dag.py:3954} INFO - Setting next_dagrun for example_subdag_operator to 2022-01-01 00:00:00+00:00, run_after=2022-01-01 00:00:00+00:00
[2024-05-25T00:01:50.264+0000] {logging_mixin.py:188} INFO - [2024-05-25T00:01:50.264+0000] {dag.py:3954} INFO - Setting next_dagrun for example_subdag_operator.section-1 to None, run_after=None
[2024-05-25T00:01:50.267+0000] {logging_mixin.py:188} INFO - [2024-05-25T00:01:50.266+0000] {dag.py:3954} INFO - Setting next_dagrun for example_subdag_operator.section-2 to None, run_after=None
[2024-05-25T00:01:50.275+0000] {logging_mixin.py:188} INFO - [2024-05-25T00:01:50.275+0000] {dag.py:3096} INFO - Sync 2 DAGs
[2024-05-25T00:01:50.281+0000] {logging_mixin.py:188} INFO - [2024-05-25T00:01:50.281+0000] {dag.py:3954} INFO - Setting next_dagrun for example_subdag_operator.section-1 to None, run_after=None
[2024-05-25T00:01:50.282+0000] {logging_mixin.py:188} INFO - [2024-05-25T00:01:50.282+0000] {dag.py:3954} INFO - Setting next_dagrun for example_subdag_operator.section-2 to None, run_after=None
[2024-05-25T00:01:50.293+0000] {processor.py:183} INFO - Processing /home/airflow/.local/lib/python3.12/site-packages/airflow/example_dags/example_subdag_operator.py took 0.134 seconds
[2024-05-25T00:02:20.532+0000] {processor.py:161} INFO - Started process (PID=38870) to work on /home/airflow/.local/lib/python3.12/site-packages/airflow/example_dags/example_subdag_operator.py
[2024-05-25T00:02:20.534+0000] {processor.py:830} INFO - Processing file /home/airflow/.local/lib/python3.12/site-packages/airflow/example_dags/example_subdag_operator.py for tasks to queue
[2024-05-25T00:02:20.539+0000] {logging_mixin.py:188} INFO - [2024-05-25T00:02:20.538+0000] {dagbag.py:545} INFO - Filling up the DagBag from /home/airflow/.local/lib/python3.12/site-packages/airflow/example_dags/example_subdag_operator.py
[2024-05-25T00:02:20.579+0000] {processor.py:840} INFO - DAG(s) 'example_subdag_operator.section-1', 'example_subdag_operator.section-2', 'example_subdag_operator' retrieved from /home/airflow/.local/lib/python3.12/site-packages/airflow/example_dags/example_subdag_operator.py
[2024-05-25T00:02:20.611+0000] {logging_mixin.py:188} INFO - [2024-05-25T00:02:20.610+0000] {dag.py:3096} INFO - Sync 3 DAGs
[2024-05-25T00:02:20.656+0000] {logging_mixin.py:188} INFO - [2024-05-25T00:02:20.655+0000] {dag.py:3954} INFO - Setting next_dagrun for example_subdag_operator to 2022-01-01 00:00:00+00:00, run_after=2022-01-01 00:00:00+00:00
[2024-05-25T00:02:20.662+0000] {logging_mixin.py:188} INFO - [2024-05-25T00:02:20.662+0000] {dag.py:3954} INFO - Setting next_dagrun for example_subdag_operator.section-1 to None, run_after=None
[2024-05-25T00:02:20.665+0000] {logging_mixin.py:188} INFO - [2024-05-25T00:02:20.664+0000] {dag.py:3954} INFO - Setting next_dagrun for example_subdag_operator.section-2 to None, run_after=None
[2024-05-25T00:02:20.678+0000] {logging_mixin.py:188} INFO - [2024-05-25T00:02:20.678+0000] {dag.py:3096} INFO - Sync 2 DAGs
[2024-05-25T00:02:20.689+0000] {logging_mixin.py:188} INFO - [2024-05-25T00:02:20.688+0000] {dag.py:3954} INFO - Setting next_dagrun for example_subdag_operator.section-1 to None, run_after=None
[2024-05-25T00:02:20.690+0000] {logging_mixin.py:188} INFO - [2024-05-25T00:02:20.690+0000] {dag.py:3954} INFO - Setting next_dagrun for example_subdag_operator.section-2 to None, run_after=None
[2024-05-25T00:02:20.713+0000] {processor.py:183} INFO - Processing /home/airflow/.local/lib/python3.12/site-packages/airflow/example_dags/example_subdag_operator.py took 0.192 seconds
[2024-05-25T00:02:51.280+0000] {processor.py:161} INFO - Started process (PID=38928) to work on /home/airflow/.local/lib/python3.12/site-packages/airflow/example_dags/example_subdag_operator.py
[2024-05-25T00:02:51.282+0000] {processor.py:830} INFO - Processing file /home/airflow/.local/lib/python3.12/site-packages/airflow/example_dags/example_subdag_operator.py for tasks to queue
[2024-05-25T00:02:51.286+0000] {logging_mixin.py:188} INFO - [2024-05-25T00:02:51.285+0000] {dagbag.py:545} INFO - Filling up the DagBag from /home/airflow/.local/lib/python3.12/site-packages/airflow/example_dags/example_subdag_operator.py
[2024-05-25T00:02:51.322+0000] {processor.py:840} INFO - DAG(s) 'example_subdag_operator.section-1', 'example_subdag_operator.section-2', 'example_subdag_operator' retrieved from /home/airflow/.local/lib/python3.12/site-packages/airflow/example_dags/example_subdag_operator.py
[2024-05-25T00:02:51.343+0000] {logging_mixin.py:188} INFO - [2024-05-25T00:02:51.343+0000] {dag.py:3096} INFO - Sync 3 DAGs
[2024-05-25T00:02:51.385+0000] {logging_mixin.py:188} INFO - [2024-05-25T00:02:51.385+0000] {dag.py:3954} INFO - Setting next_dagrun for example_subdag_operator to 2022-01-01 00:00:00+00:00, run_after=2022-01-01 00:00:00+00:00
[2024-05-25T00:02:51.394+0000] {logging_mixin.py:188} INFO - [2024-05-25T00:02:51.394+0000] {dag.py:3954} INFO - Setting next_dagrun for example_subdag_operator.section-1 to None, run_after=None
[2024-05-25T00:02:51.397+0000] {logging_mixin.py:188} INFO - [2024-05-25T00:02:51.397+0000] {dag.py:3954} INFO - Setting next_dagrun for example_subdag_operator.section-2 to None, run_after=None
[2024-05-25T00:02:51.410+0000] {logging_mixin.py:188} INFO - [2024-05-25T00:02:51.410+0000] {dag.py:3096} INFO - Sync 2 DAGs
[2024-05-25T00:02:51.421+0000] {logging_mixin.py:188} INFO - [2024-05-25T00:02:51.421+0000] {dag.py:3954} INFO - Setting next_dagrun for example_subdag_operator.section-1 to None, run_after=None
[2024-05-25T00:02:51.422+0000] {logging_mixin.py:188} INFO - [2024-05-25T00:02:51.422+0000] {dag.py:3954} INFO - Setting next_dagrun for example_subdag_operator.section-2 to None, run_after=None
[2024-05-25T00:02:51.442+0000] {processor.py:183} INFO - Processing /home/airflow/.local/lib/python3.12/site-packages/airflow/example_dags/example_subdag_operator.py took 0.169 seconds
[2024-05-25T00:03:21.509+0000] {processor.py:161} INFO - Started process (PID=38991) to work on /home/airflow/.local/lib/python3.12/site-packages/airflow/example_dags/example_subdag_operator.py
[2024-05-25T00:03:21.512+0000] {processor.py:830} INFO - Processing file /home/airflow/.local/lib/python3.12/site-packages/airflow/example_dags/example_subdag_operator.py for tasks to queue
[2024-05-25T00:03:21.515+0000] {logging_mixin.py:188} INFO - [2024-05-25T00:03:21.514+0000] {dagbag.py:545} INFO - Filling up the DagBag from /home/airflow/.local/lib/python3.12/site-packages/airflow/example_dags/example_subdag_operator.py
[2024-05-25T00:03:21.553+0000] {processor.py:840} INFO - DAG(s) 'example_subdag_operator.section-1', 'example_subdag_operator.section-2', 'example_subdag_operator' retrieved from /home/airflow/.local/lib/python3.12/site-packages/airflow/example_dags/example_subdag_operator.py
[2024-05-25T00:03:21.587+0000] {logging_mixin.py:188} INFO - [2024-05-25T00:03:21.586+0000] {dag.py:3096} INFO - Sync 3 DAGs
[2024-05-25T00:03:21.631+0000] {logging_mixin.py:188} INFO - [2024-05-25T00:03:21.631+0000] {dag.py:3954} INFO - Setting next_dagrun for example_subdag_operator to 2022-01-01 00:00:00+00:00, run_after=2022-01-01 00:00:00+00:00
[2024-05-25T00:03:21.636+0000] {logging_mixin.py:188} INFO - [2024-05-25T00:03:21.636+0000] {dag.py:3954} INFO - Setting next_dagrun for example_subdag_operator.section-1 to None, run_after=None
[2024-05-25T00:03:21.639+0000] {logging_mixin.py:188} INFO - [2024-05-25T00:03:21.639+0000] {dag.py:3954} INFO - Setting next_dagrun for example_subdag_operator.section-2 to None, run_after=None
[2024-05-25T00:03:21.650+0000] {logging_mixin.py:188} INFO - [2024-05-25T00:03:21.650+0000] {dag.py:3096} INFO - Sync 2 DAGs
[2024-05-25T00:03:21.659+0000] {logging_mixin.py:188} INFO - [2024-05-25T00:03:21.659+0000] {dag.py:3954} INFO - Setting next_dagrun for example_subdag_operator.section-1 to None, run_after=None
[2024-05-25T00:03:21.661+0000] {logging_mixin.py:188} INFO - [2024-05-25T00:03:21.660+0000] {dag.py:3954} INFO - Setting next_dagrun for example_subdag_operator.section-2 to None, run_after=None
[2024-05-25T00:03:21.679+0000] {processor.py:183} INFO - Processing /home/airflow/.local/lib/python3.12/site-packages/airflow/example_dags/example_subdag_operator.py took 0.177 seconds
[2024-05-25T00:03:51.903+0000] {processor.py:161} INFO - Started process (PID=39048) to work on /home/airflow/.local/lib/python3.12/site-packages/airflow/example_dags/example_subdag_operator.py
[2024-05-25T00:03:51.905+0000] {processor.py:830} INFO - Processing file /home/airflow/.local/lib/python3.12/site-packages/airflow/example_dags/example_subdag_operator.py for tasks to queue
[2024-05-25T00:03:51.907+0000] {logging_mixin.py:188} INFO - [2024-05-25T00:03:51.906+0000] {dagbag.py:545} INFO - Filling up the DagBag from /home/airflow/.local/lib/python3.12/site-packages/airflow/example_dags/example_subdag_operator.py
[2024-05-25T00:03:51.931+0000] {processor.py:840} INFO - DAG(s) 'example_subdag_operator.section-1', 'example_subdag_operator.section-2', 'example_subdag_operator' retrieved from /home/airflow/.local/lib/python3.12/site-packages/airflow/example_dags/example_subdag_operator.py
[2024-05-25T00:03:51.945+0000] {logging_mixin.py:188} INFO - [2024-05-25T00:03:51.945+0000] {dag.py:3096} INFO - Sync 3 DAGs
[2024-05-25T00:03:51.967+0000] {logging_mixin.py:188} INFO - [2024-05-25T00:03:51.966+0000] {dag.py:3954} INFO - Setting next_dagrun for example_subdag_operator to 2022-01-01 00:00:00+00:00, run_after=2022-01-01 00:00:00+00:00
[2024-05-25T00:03:51.971+0000] {logging_mixin.py:188} INFO - [2024-05-25T00:03:51.971+0000] {dag.py:3954} INFO - Setting next_dagrun for example_subdag_operator.section-1 to None, run_after=None
[2024-05-25T00:03:51.973+0000] {logging_mixin.py:188} INFO - [2024-05-25T00:03:51.973+0000] {dag.py:3954} INFO - Setting next_dagrun for example_subdag_operator.section-2 to None, run_after=None
[2024-05-25T00:03:51.982+0000] {logging_mixin.py:188} INFO - [2024-05-25T00:03:51.982+0000] {dag.py:3096} INFO - Sync 2 DAGs
[2024-05-25T00:03:51.989+0000] {logging_mixin.py:188} INFO - [2024-05-25T00:03:51.989+0000] {dag.py:3954} INFO - Setting next_dagrun for example_subdag_operator.section-1 to None, run_after=None
[2024-05-25T00:03:51.990+0000] {logging_mixin.py:188} INFO - [2024-05-25T00:03:51.990+0000] {dag.py:3954} INFO - Setting next_dagrun for example_subdag_operator.section-2 to None, run_after=None
[2024-05-25T00:03:52.002+0000] {processor.py:183} INFO - Processing /home/airflow/.local/lib/python3.12/site-packages/airflow/example_dags/example_subdag_operator.py took 0.104 seconds
[2024-05-25T00:04:22.390+0000] {processor.py:161} INFO - Started process (PID=39107) to work on /home/airflow/.local/lib/python3.12/site-packages/airflow/example_dags/example_subdag_operator.py
[2024-05-25T00:04:22.392+0000] {processor.py:830} INFO - Processing file /home/airflow/.local/lib/python3.12/site-packages/airflow/example_dags/example_subdag_operator.py for tasks to queue
[2024-05-25T00:04:22.394+0000] {logging_mixin.py:188} INFO - [2024-05-25T00:04:22.394+0000] {dagbag.py:545} INFO - Filling up the DagBag from /home/airflow/.local/lib/python3.12/site-packages/airflow/example_dags/example_subdag_operator.py
[2024-05-25T00:04:22.428+0000] {processor.py:840} INFO - DAG(s) 'example_subdag_operator.section-1', 'example_subdag_operator.section-2', 'example_subdag_operator' retrieved from /home/airflow/.local/lib/python3.12/site-packages/airflow/example_dags/example_subdag_operator.py
[2024-05-25T00:04:22.456+0000] {logging_mixin.py:188} INFO - [2024-05-25T00:04:22.456+0000] {dag.py:3096} INFO - Sync 3 DAGs
[2024-05-25T00:04:22.487+0000] {logging_mixin.py:188} INFO - [2024-05-25T00:04:22.487+0000] {dag.py:3954} INFO - Setting next_dagrun for example_subdag_operator to 2022-01-01 00:00:00+00:00, run_after=2022-01-01 00:00:00+00:00
[2024-05-25T00:04:22.491+0000] {logging_mixin.py:188} INFO - [2024-05-25T00:04:22.491+0000] {dag.py:3954} INFO - Setting next_dagrun for example_subdag_operator.section-1 to None, run_after=None
[2024-05-25T00:04:22.493+0000] {logging_mixin.py:188} INFO - [2024-05-25T00:04:22.493+0000] {dag.py:3954} INFO - Setting next_dagrun for example_subdag_operator.section-2 to None, run_after=None
[2024-05-25T00:04:22.500+0000] {logging_mixin.py:188} INFO - [2024-05-25T00:04:22.500+0000] {dag.py:3096} INFO - Sync 2 DAGs
[2024-05-25T00:04:22.510+0000] {logging_mixin.py:188} INFO - [2024-05-25T00:04:22.510+0000] {dag.py:3954} INFO - Setting next_dagrun for example_subdag_operator.section-1 to None, run_after=None
[2024-05-25T00:04:22.511+0000] {logging_mixin.py:188} INFO - [2024-05-25T00:04:22.511+0000] {dag.py:3954} INFO - Setting next_dagrun for example_subdag_operator.section-2 to None, run_after=None
[2024-05-25T00:04:22.523+0000] {processor.py:183} INFO - Processing /home/airflow/.local/lib/python3.12/site-packages/airflow/example_dags/example_subdag_operator.py took 0.141 seconds
[2024-05-25T00:04:57.063+0000] {processor.py:161} INFO - Started process (PID=39162) to work on /home/airflow/.local/lib/python3.12/site-packages/airflow/example_dags/example_subdag_operator.py
[2024-05-25T00:04:57.066+0000] {processor.py:830} INFO - Processing file /home/airflow/.local/lib/python3.12/site-packages/airflow/example_dags/example_subdag_operator.py for tasks to queue
[2024-05-25T00:04:57.074+0000] {logging_mixin.py:188} INFO - [2024-05-25T00:04:57.071+0000] {dagbag.py:545} INFO - Filling up the DagBag from /home/airflow/.local/lib/python3.12/site-packages/airflow/example_dags/example_subdag_operator.py
[2024-05-25T00:04:58.570+0000] {processor.py:840} INFO - DAG(s) 'example_subdag_operator.section-1', 'example_subdag_operator.section-2', 'example_subdag_operator' retrieved from /home/airflow/.local/lib/python3.12/site-packages/airflow/example_dags/example_subdag_operator.py
[2024-05-25T00:04:58.595+0000] {logging_mixin.py:188} INFO - [2024-05-25T00:04:58.595+0000] {dag.py:3096} INFO - Sync 3 DAGs
[2024-05-25T00:04:58.624+0000] {logging_mixin.py:188} INFO - [2024-05-25T00:04:58.624+0000] {dag.py:3954} INFO - Setting next_dagrun for example_subdag_operator to 2022-01-01 00:00:00+00:00, run_after=2022-01-01 00:00:00+00:00
[2024-05-25T00:04:58.629+0000] {logging_mixin.py:188} INFO - [2024-05-25T00:04:58.629+0000] {dag.py:3954} INFO - Setting next_dagrun for example_subdag_operator.section-1 to None, run_after=None
[2024-05-25T00:04:58.633+0000] {logging_mixin.py:188} INFO - [2024-05-25T00:04:58.632+0000] {dag.py:3954} INFO - Setting next_dagrun for example_subdag_operator.section-2 to None, run_after=None
[2024-05-25T00:04:58.645+0000] {logging_mixin.py:188} INFO - [2024-05-25T00:04:58.644+0000] {dag.py:3096} INFO - Sync 2 DAGs
[2024-05-25T00:04:58.656+0000] {logging_mixin.py:188} INFO - [2024-05-25T00:04:58.656+0000] {dag.py:3954} INFO - Setting next_dagrun for example_subdag_operator.section-1 to None, run_after=None
[2024-05-25T00:04:58.659+0000] {logging_mixin.py:188} INFO - [2024-05-25T00:04:58.658+0000] {dag.py:3954} INFO - Setting next_dagrun for example_subdag_operator.section-2 to None, run_after=None
[2024-05-25T00:04:58.677+0000] {processor.py:183} INFO - Processing /home/airflow/.local/lib/python3.12/site-packages/airflow/example_dags/example_subdag_operator.py took 1.629 seconds
[2024-05-25T00:05:28.939+0000] {processor.py:161} INFO - Started process (PID=39220) to work on /home/airflow/.local/lib/python3.12/site-packages/airflow/example_dags/example_subdag_operator.py
[2024-05-25T00:05:28.942+0000] {processor.py:830} INFO - Processing file /home/airflow/.local/lib/python3.12/site-packages/airflow/example_dags/example_subdag_operator.py for tasks to queue
[2024-05-25T00:05:28.946+0000] {logging_mixin.py:188} INFO - [2024-05-25T00:05:28.946+0000] {dagbag.py:545} INFO - Filling up the DagBag from /home/airflow/.local/lib/python3.12/site-packages/airflow/example_dags/example_subdag_operator.py
[2024-05-25T00:05:28.984+0000] {processor.py:840} INFO - DAG(s) 'example_subdag_operator.section-1', 'example_subdag_operator.section-2', 'example_subdag_operator' retrieved from /home/airflow/.local/lib/python3.12/site-packages/airflow/example_dags/example_subdag_operator.py
[2024-05-25T00:05:29.000+0000] {logging_mixin.py:188} INFO - [2024-05-25T00:05:29.000+0000] {dag.py:3096} INFO - Sync 3 DAGs
[2024-05-25T00:05:29.020+0000] {logging_mixin.py:188} INFO - [2024-05-25T00:05:29.020+0000] {dag.py:3954} INFO - Setting next_dagrun for example_subdag_operator to 2022-01-01 00:00:00+00:00, run_after=2022-01-01 00:00:00+00:00
[2024-05-25T00:05:29.024+0000] {logging_mixin.py:188} INFO - [2024-05-25T00:05:29.024+0000] {dag.py:3954} INFO - Setting next_dagrun for example_subdag_operator.section-1 to None, run_after=None
[2024-05-25T00:05:29.025+0000] {logging_mixin.py:188} INFO - [2024-05-25T00:05:29.025+0000] {dag.py:3954} INFO - Setting next_dagrun for example_subdag_operator.section-2 to None, run_after=None
[2024-05-25T00:05:29.032+0000] {logging_mixin.py:188} INFO - [2024-05-25T00:05:29.032+0000] {dag.py:3096} INFO - Sync 2 DAGs
[2024-05-25T00:05:29.038+0000] {logging_mixin.py:188} INFO - [2024-05-25T00:05:29.037+0000] {dag.py:3954} INFO - Setting next_dagrun for example_subdag_operator.section-1 to None, run_after=None
[2024-05-25T00:05:29.038+0000] {logging_mixin.py:188} INFO - [2024-05-25T00:05:29.038+0000] {dag.py:3954} INFO - Setting next_dagrun for example_subdag_operator.section-2 to None, run_after=None
[2024-05-25T00:05:29.061+0000] {processor.py:183} INFO - Processing /home/airflow/.local/lib/python3.12/site-packages/airflow/example_dags/example_subdag_operator.py took 0.129 seconds
[2024-05-25T00:06:00.071+0000] {processor.py:161} INFO - Started process (PID=39278) to work on /home/airflow/.local/lib/python3.12/site-packages/airflow/example_dags/example_subdag_operator.py
[2024-05-25T00:06:00.074+0000] {processor.py:830} INFO - Processing file /home/airflow/.local/lib/python3.12/site-packages/airflow/example_dags/example_subdag_operator.py for tasks to queue
[2024-05-25T00:06:00.076+0000] {logging_mixin.py:188} INFO - [2024-05-25T00:06:00.076+0000] {dagbag.py:545} INFO - Filling up the DagBag from /home/airflow/.local/lib/python3.12/site-packages/airflow/example_dags/example_subdag_operator.py
[2024-05-25T00:06:00.105+0000] {processor.py:840} INFO - DAG(s) 'example_subdag_operator.section-1', 'example_subdag_operator.section-2', 'example_subdag_operator' retrieved from /home/airflow/.local/lib/python3.12/site-packages/airflow/example_dags/example_subdag_operator.py
[2024-05-25T00:06:00.124+0000] {logging_mixin.py:188} INFO - [2024-05-25T00:06:00.123+0000] {dag.py:3096} INFO - Sync 3 DAGs
[2024-05-25T00:06:00.151+0000] {logging_mixin.py:188} INFO - [2024-05-25T00:06:00.150+0000] {dag.py:3954} INFO - Setting next_dagrun for example_subdag_operator to 2022-01-01 00:00:00+00:00, run_after=2022-01-01 00:00:00+00:00
[2024-05-25T00:06:00.158+0000] {logging_mixin.py:188} INFO - [2024-05-25T00:06:00.158+0000] {dag.py:3954} INFO - Setting next_dagrun for example_subdag_operator.section-1 to None, run_after=None
[2024-05-25T00:06:00.161+0000] {logging_mixin.py:188} INFO - [2024-05-25T00:06:00.160+0000] {dag.py:3954} INFO - Setting next_dagrun for example_subdag_operator.section-2 to None, run_after=None
[2024-05-25T00:06:00.168+0000] {logging_mixin.py:188} INFO - [2024-05-25T00:06:00.167+0000] {dag.py:3096} INFO - Sync 2 DAGs
[2024-05-25T00:06:00.174+0000] {logging_mixin.py:188} INFO - [2024-05-25T00:06:00.174+0000] {dag.py:3954} INFO - Setting next_dagrun for example_subdag_operator.section-1 to None, run_after=None
[2024-05-25T00:06:00.175+0000] {logging_mixin.py:188} INFO - [2024-05-25T00:06:00.175+0000] {dag.py:3954} INFO - Setting next_dagrun for example_subdag_operator.section-2 to None, run_after=None
[2024-05-25T00:06:00.185+0000] {processor.py:183} INFO - Processing /home/airflow/.local/lib/python3.12/site-packages/airflow/example_dags/example_subdag_operator.py took 0.119 seconds
[2024-05-25T00:06:30.278+0000] {processor.py:161} INFO - Started process (PID=39336) to work on /home/airflow/.local/lib/python3.12/site-packages/airflow/example_dags/example_subdag_operator.py
[2024-05-25T00:06:30.280+0000] {processor.py:830} INFO - Processing file /home/airflow/.local/lib/python3.12/site-packages/airflow/example_dags/example_subdag_operator.py for tasks to queue
[2024-05-25T00:06:30.285+0000] {logging_mixin.py:188} INFO - [2024-05-25T00:06:30.285+0000] {dagbag.py:545} INFO - Filling up the DagBag from /home/airflow/.local/lib/python3.12/site-packages/airflow/example_dags/example_subdag_operator.py
[2024-05-25T00:06:30.324+0000] {processor.py:840} INFO - DAG(s) 'example_subdag_operator.section-1', 'example_subdag_operator.section-2', 'example_subdag_operator' retrieved from /home/airflow/.local/lib/python3.12/site-packages/airflow/example_dags/example_subdag_operator.py
[2024-05-25T00:06:30.343+0000] {logging_mixin.py:188} INFO - [2024-05-25T00:06:30.342+0000] {dag.py:3096} INFO - Sync 3 DAGs
[2024-05-25T00:06:30.372+0000] {logging_mixin.py:188} INFO - [2024-05-25T00:06:30.371+0000] {dag.py:3954} INFO - Setting next_dagrun for example_subdag_operator to 2022-01-01 00:00:00+00:00, run_after=2022-01-01 00:00:00+00:00
[2024-05-25T00:06:30.377+0000] {logging_mixin.py:188} INFO - [2024-05-25T00:06:30.377+0000] {dag.py:3954} INFO - Setting next_dagrun for example_subdag_operator.section-1 to None, run_after=None
[2024-05-25T00:06:30.382+0000] {logging_mixin.py:188} INFO - [2024-05-25T00:06:30.382+0000] {dag.py:3954} INFO - Setting next_dagrun for example_subdag_operator.section-2 to None, run_after=None
[2024-05-25T00:06:30.398+0000] {logging_mixin.py:188} INFO - [2024-05-25T00:06:30.397+0000] {dag.py:3096} INFO - Sync 2 DAGs
[2024-05-25T00:06:30.421+0000] {logging_mixin.py:188} INFO - [2024-05-25T00:06:30.421+0000] {dag.py:3954} INFO - Setting next_dagrun for example_subdag_operator.section-1 to None, run_after=None
[2024-05-25T00:06:30.422+0000] {logging_mixin.py:188} INFO - [2024-05-25T00:06:30.422+0000] {dag.py:3954} INFO - Setting next_dagrun for example_subdag_operator.section-2 to None, run_after=None
[2024-05-25T00:06:30.442+0000] {processor.py:183} INFO - Processing /home/airflow/.local/lib/python3.12/site-packages/airflow/example_dags/example_subdag_operator.py took 0.169 seconds
[2024-05-25T00:07:00.919+0000] {processor.py:161} INFO - Started process (PID=39394) to work on /home/airflow/.local/lib/python3.12/site-packages/airflow/example_dags/example_subdag_operator.py
[2024-05-25T00:07:00.920+0000] {processor.py:830} INFO - Processing file /home/airflow/.local/lib/python3.12/site-packages/airflow/example_dags/example_subdag_operator.py for tasks to queue
[2024-05-25T00:07:00.922+0000] {logging_mixin.py:188} INFO - [2024-05-25T00:07:00.921+0000] {dagbag.py:545} INFO - Filling up the DagBag from /home/airflow/.local/lib/python3.12/site-packages/airflow/example_dags/example_subdag_operator.py
[2024-05-25T00:07:00.949+0000] {processor.py:840} INFO - DAG(s) 'example_subdag_operator.section-1', 'example_subdag_operator.section-2', 'example_subdag_operator' retrieved from /home/airflow/.local/lib/python3.12/site-packages/airflow/example_dags/example_subdag_operator.py
[2024-05-25T00:07:00.964+0000] {logging_mixin.py:188} INFO - [2024-05-25T00:07:00.963+0000] {dag.py:3096} INFO - Sync 3 DAGs
[2024-05-25T00:07:00.984+0000] {logging_mixin.py:188} INFO - [2024-05-25T00:07:00.983+0000] {dag.py:3954} INFO - Setting next_dagrun for example_subdag_operator to 2022-01-01 00:00:00+00:00, run_after=2022-01-01 00:00:00+00:00
[2024-05-25T00:07:00.989+0000] {logging_mixin.py:188} INFO - [2024-05-25T00:07:00.989+0000] {dag.py:3954} INFO - Setting next_dagrun for example_subdag_operator.section-1 to None, run_after=None
[2024-05-25T00:07:00.992+0000] {logging_mixin.py:188} INFO - [2024-05-25T00:07:00.992+0000] {dag.py:3954} INFO - Setting next_dagrun for example_subdag_operator.section-2 to None, run_after=None
[2024-05-25T00:07:01.001+0000] {logging_mixin.py:188} INFO - [2024-05-25T00:07:01.001+0000] {dag.py:3096} INFO - Sync 2 DAGs
[2024-05-25T00:07:01.008+0000] {logging_mixin.py:188} INFO - [2024-05-25T00:07:01.007+0000] {dag.py:3954} INFO - Setting next_dagrun for example_subdag_operator.section-1 to None, run_after=None
[2024-05-25T00:07:01.008+0000] {logging_mixin.py:188} INFO - [2024-05-25T00:07:01.008+0000] {dag.py:3954} INFO - Setting next_dagrun for example_subdag_operator.section-2 to None, run_after=None
[2024-05-25T00:07:01.022+0000] {processor.py:183} INFO - Processing /home/airflow/.local/lib/python3.12/site-packages/airflow/example_dags/example_subdag_operator.py took 0.109 seconds
[2024-05-25T00:07:31.343+0000] {processor.py:161} INFO - Started process (PID=39452) to work on /home/airflow/.local/lib/python3.12/site-packages/airflow/example_dags/example_subdag_operator.py
[2024-05-25T00:07:31.345+0000] {processor.py:830} INFO - Processing file /home/airflow/.local/lib/python3.12/site-packages/airflow/example_dags/example_subdag_operator.py for tasks to queue
[2024-05-25T00:07:31.347+0000] {logging_mixin.py:188} INFO - [2024-05-25T00:07:31.347+0000] {dagbag.py:545} INFO - Filling up the DagBag from /home/airflow/.local/lib/python3.12/site-packages/airflow/example_dags/example_subdag_operator.py
[2024-05-25T00:07:31.380+0000] {processor.py:840} INFO - DAG(s) 'example_subdag_operator.section-1', 'example_subdag_operator.section-2', 'example_subdag_operator' retrieved from /home/airflow/.local/lib/python3.12/site-packages/airflow/example_dags/example_subdag_operator.py
[2024-05-25T00:07:31.396+0000] {logging_mixin.py:188} INFO - [2024-05-25T00:07:31.396+0000] {dag.py:3096} INFO - Sync 3 DAGs
[2024-05-25T00:07:31.418+0000] {logging_mixin.py:188} INFO - [2024-05-25T00:07:31.417+0000] {dag.py:3954} INFO - Setting next_dagrun for example_subdag_operator to 2022-01-01 00:00:00+00:00, run_after=2022-01-01 00:00:00+00:00
[2024-05-25T00:07:31.422+0000] {logging_mixin.py:188} INFO - [2024-05-25T00:07:31.422+0000] {dag.py:3954} INFO - Setting next_dagrun for example_subdag_operator.section-1 to None, run_after=None
[2024-05-25T00:07:31.424+0000] {logging_mixin.py:188} INFO - [2024-05-25T00:07:31.424+0000] {dag.py:3954} INFO - Setting next_dagrun for example_subdag_operator.section-2 to None, run_after=None
[2024-05-25T00:07:31.432+0000] {logging_mixin.py:188} INFO - [2024-05-25T00:07:31.432+0000] {dag.py:3096} INFO - Sync 2 DAGs
[2024-05-25T00:07:31.438+0000] {logging_mixin.py:188} INFO - [2024-05-25T00:07:31.438+0000] {dag.py:3954} INFO - Setting next_dagrun for example_subdag_operator.section-1 to None, run_after=None
[2024-05-25T00:07:31.439+0000] {logging_mixin.py:188} INFO - [2024-05-25T00:07:31.439+0000] {dag.py:3954} INFO - Setting next_dagrun for example_subdag_operator.section-2 to None, run_after=None
[2024-05-25T00:07:31.451+0000] {processor.py:183} INFO - Processing /home/airflow/.local/lib/python3.12/site-packages/airflow/example_dags/example_subdag_operator.py took 0.114 seconds
[2024-05-25T00:08:02.444+0000] {processor.py:161} INFO - Started process (PID=39510) to work on /home/airflow/.local/lib/python3.12/site-packages/airflow/example_dags/example_subdag_operator.py
[2024-05-25T00:08:02.448+0000] {processor.py:830} INFO - Processing file /home/airflow/.local/lib/python3.12/site-packages/airflow/example_dags/example_subdag_operator.py for tasks to queue
[2024-05-25T00:08:02.462+0000] {logging_mixin.py:188} INFO - [2024-05-25T00:08:02.459+0000] {dagbag.py:545} INFO - Filling up the DagBag from /home/airflow/.local/lib/python3.12/site-packages/airflow/example_dags/example_subdag_operator.py
[2024-05-25T00:08:02.783+0000] {processor.py:840} INFO - DAG(s) 'example_subdag_operator.section-1', 'example_subdag_operator.section-2', 'example_subdag_operator' retrieved from /home/airflow/.local/lib/python3.12/site-packages/airflow/example_dags/example_subdag_operator.py
[2024-05-25T00:08:02.881+0000] {logging_mixin.py:188} INFO - [2024-05-25T00:08:02.876+0000] {dag.py:3096} INFO - Sync 3 DAGs
[2024-05-25T00:08:03.223+0000] {logging_mixin.py:188} INFO - [2024-05-25T00:08:03.219+0000] {dag.py:3954} INFO - Setting next_dagrun for example_subdag_operator to 2022-01-01 00:00:00+00:00, run_after=2022-01-01 00:00:00+00:00
[2024-05-25T00:08:03.266+0000] {logging_mixin.py:188} INFO - [2024-05-25T00:08:03.263+0000] {dag.py:3954} INFO - Setting next_dagrun for example_subdag_operator.section-1 to None, run_after=None
[2024-05-25T00:08:03.288+0000] {logging_mixin.py:188} INFO - [2024-05-25T00:08:03.279+0000] {dag.py:3954} INFO - Setting next_dagrun for example_subdag_operator.section-2 to None, run_after=None
[2024-05-25T00:08:03.358+0000] {logging_mixin.py:188} INFO - [2024-05-25T00:08:03.356+0000] {dag.py:3096} INFO - Sync 2 DAGs
[2024-05-25T00:08:03.395+0000] {logging_mixin.py:188} INFO - [2024-05-25T00:08:03.393+0000] {dag.py:3954} INFO - Setting next_dagrun for example_subdag_operator.section-1 to None, run_after=None
[2024-05-25T00:08:03.398+0000] {logging_mixin.py:188} INFO - [2024-05-25T00:08:03.397+0000] {dag.py:3954} INFO - Setting next_dagrun for example_subdag_operator.section-2 to None, run_after=None
[2024-05-25T00:08:03.530+0000] {processor.py:183} INFO - Processing /home/airflow/.local/lib/python3.12/site-packages/airflow/example_dags/example_subdag_operator.py took 1.130 seconds
[2024-05-25T00:08:39.585+0000] {processor.py:161} INFO - Started process (PID=39573) to work on /home/airflow/.local/lib/python3.12/site-packages/airflow/example_dags/example_subdag_operator.py
[2024-05-25T00:08:39.588+0000] {processor.py:830} INFO - Processing file /home/airflow/.local/lib/python3.12/site-packages/airflow/example_dags/example_subdag_operator.py for tasks to queue
[2024-05-25T00:08:39.594+0000] {logging_mixin.py:188} INFO - [2024-05-25T00:08:39.593+0000] {dagbag.py:545} INFO - Filling up the DagBag from /home/airflow/.local/lib/python3.12/site-packages/airflow/example_dags/example_subdag_operator.py
[2024-05-25T00:08:39.647+0000] {processor.py:840} INFO - DAG(s) 'example_subdag_operator.section-1', 'example_subdag_operator.section-2', 'example_subdag_operator' retrieved from /home/airflow/.local/lib/python3.12/site-packages/airflow/example_dags/example_subdag_operator.py
[2024-05-25T00:08:39.666+0000] {logging_mixin.py:188} INFO - [2024-05-25T00:08:39.666+0000] {dag.py:3096} INFO - Sync 3 DAGs
[2024-05-25T00:08:39.700+0000] {logging_mixin.py:188} INFO - [2024-05-25T00:08:39.700+0000] {dag.py:3954} INFO - Setting next_dagrun for example_subdag_operator to 2022-01-01 00:00:00+00:00, run_after=2022-01-01 00:00:00+00:00
[2024-05-25T00:08:39.707+0000] {logging_mixin.py:188} INFO - [2024-05-25T00:08:39.706+0000] {dag.py:3954} INFO - Setting next_dagrun for example_subdag_operator.section-1 to None, run_after=None
[2024-05-25T00:08:39.710+0000] {logging_mixin.py:188} INFO - [2024-05-25T00:08:39.709+0000] {dag.py:3954} INFO - Setting next_dagrun for example_subdag_operator.section-2 to None, run_after=None
[2024-05-25T00:08:39.730+0000] {logging_mixin.py:188} INFO - [2024-05-25T00:08:39.730+0000] {dag.py:3096} INFO - Sync 2 DAGs
[2024-05-25T00:08:39.737+0000] {logging_mixin.py:188} INFO - [2024-05-25T00:08:39.737+0000] {dag.py:3954} INFO - Setting next_dagrun for example_subdag_operator.section-1 to None, run_after=None
[2024-05-25T00:08:39.739+0000] {logging_mixin.py:188} INFO - [2024-05-25T00:08:39.738+0000] {dag.py:3954} INFO - Setting next_dagrun for example_subdag_operator.section-2 to None, run_after=None
[2024-05-25T00:08:39.762+0000] {processor.py:183} INFO - Processing /home/airflow/.local/lib/python3.12/site-packages/airflow/example_dags/example_subdag_operator.py took 0.189 seconds
[2024-05-25T00:09:37.785+0000] {processor.py:161} INFO - Started process (PID=39609) to work on /home/airflow/.local/lib/python3.12/site-packages/airflow/example_dags/example_subdag_operator.py
[2024-05-25T00:09:37.837+0000] {processor.py:830} INFO - Processing file /home/airflow/.local/lib/python3.12/site-packages/airflow/example_dags/example_subdag_operator.py for tasks to queue
[2024-05-25T00:09:37.878+0000] {logging_mixin.py:188} INFO - [2024-05-25T00:09:37.857+0000] {dagbag.py:545} INFO - Filling up the DagBag from /home/airflow/.local/lib/python3.12/site-packages/airflow/example_dags/example_subdag_operator.py
[2024-05-25T00:09:48.694+0000] {logging_mixin.py:188} INFO - [2024-05-25T00:09:48.246+0000] {dagbag.py:355} ERROR - Failed to import: /home/airflow/.local/lib/python3.12/site-packages/airflow/example_dags/example_subdag_operator.py
Traceback (most recent call last):
  File "/home/airflow/.local/lib/python3.12/site-packages/sqlalchemy/engine/base.py", line 3371, in _wrap_pool_connect
    return fn()
           ^^^^
  File "/home/airflow/.local/lib/python3.12/site-packages/sqlalchemy/pool/base.py", line 327, in connect
    return _ConnectionFairy._checkout(self)
           ^^^^^^^^^^^^^^^^^^^^^^^^^^^^^^^^
  File "/home/airflow/.local/lib/python3.12/site-packages/sqlalchemy/pool/base.py", line 894, in _checkout
    fairy = _ConnectionRecord.checkout(pool)
            ^^^^^^^^^^^^^^^^^^^^^^^^^^^^^^^^
  File "/home/airflow/.local/lib/python3.12/site-packages/sqlalchemy/pool/base.py", line 493, in checkout
    rec = pool._do_get()
          ^^^^^^^^^^^^^^
  File "/home/airflow/.local/lib/python3.12/site-packages/sqlalchemy/pool/impl.py", line 145, in _do_get
    with util.safe_reraise():
  File "/home/airflow/.local/lib/python3.12/site-packages/sqlalchemy/util/langhelpers.py", line 70, in __exit__
    compat.raise_(
  File "/home/airflow/.local/lib/python3.12/site-packages/sqlalchemy/util/compat.py", line 211, in raise_
    raise exception
  File "/home/airflow/.local/lib/python3.12/site-packages/sqlalchemy/pool/impl.py", line 143, in _do_get
    return self._create_connection()
           ^^^^^^^^^^^^^^^^^^^^^^^^^
  File "/home/airflow/.local/lib/python3.12/site-packages/sqlalchemy/pool/base.py", line 273, in _create_connection
    return _ConnectionRecord(self)
           ^^^^^^^^^^^^^^^^^^^^^^^
  File "/home/airflow/.local/lib/python3.12/site-packages/sqlalchemy/pool/base.py", line 388, in __init__
    self.__connect()
  File "/home/airflow/.local/lib/python3.12/site-packages/sqlalchemy/pool/base.py", line 690, in __connect
    with util.safe_reraise():
  File "/home/airflow/.local/lib/python3.12/site-packages/sqlalchemy/util/langhelpers.py", line 70, in __exit__
    compat.raise_(
  File "/home/airflow/.local/lib/python3.12/site-packages/sqlalchemy/util/compat.py", line 211, in raise_
    raise exception
  File "/home/airflow/.local/lib/python3.12/site-packages/sqlalchemy/pool/base.py", line 686, in __connect
    self.dbapi_connection = connection = pool._invoke_creator(self)
                                         ^^^^^^^^^^^^^^^^^^^^^^^^^^
  File "/home/airflow/.local/lib/python3.12/site-packages/sqlalchemy/engine/create.py", line 574, in connect
    return dialect.connect(*cargs, **cparams)
           ^^^^^^^^^^^^^^^^^^^^^^^^^^^^^^^^^^
  File "/home/airflow/.local/lib/python3.12/site-packages/sqlalchemy/engine/default.py", line 598, in connect
    return self.dbapi.connect(*cargs, **cparams)
           ^^^^^^^^^^^^^^^^^^^^^^^^^^^^^^^^^^^^^
  File "/home/airflow/.local/lib/python3.12/site-packages/psycopg2/__init__.py", line 122, in connect
    conn = _connect(dsn, connection_factory=connection_factory, **kwasync)
           ^^^^^^^^^^^^^^^^^^^^^^^^^^^^^^^^^^^^^^^^^^^^^^^^^^^^^^^^^^^^^^^
psycopg2.OperationalError: could not translate host name "postgres" to address: Temporary failure in name resolution


The above exception was the direct cause of the following exception:

Traceback (most recent call last):
  File "/home/airflow/.local/lib/python3.12/site-packages/airflow/models/dagbag.py", line 351, in parse
    loader.exec_module(new_module)
  File "<frozen importlib._bootstrap_external>", line 995, in exec_module
  File "<frozen importlib._bootstrap>", line 488, in _call_with_frames_removed
  File "/home/airflow/.local/lib/python3.12/site-packages/airflow/example_dags/example_subdag_operator.py", line 43, in <module>
    section_1 = SubDagOperator(
                ^^^^^^^^^^^^^^^
  File "/home/airflow/.local/lib/python3.12/site-packages/airflow/models/baseoperator.py", line 484, in apply_defaults
    result = func(self, **kwargs, default_args=default_args)
             ^^^^^^^^^^^^^^^^^^^^^^^^^^^^^^^^^^^^^^^^^^^^^^^
  File "/home/airflow/.local/lib/python3.12/site-packages/airflow/utils/session.py", line 79, in wrapper
    return func(*args, session=session, **kwargs)
           ^^^^^^^^^^^^^^^^^^^^^^^^^^^^^^^^^^^^^^
  File "/home/airflow/.local/lib/python3.12/site-packages/airflow/operators/subdag.py", line 98, in __init__
    self._validate_pool(session)
  File "/home/airflow/.local/lib/python3.12/site-packages/airflow/operators/subdag.py", line 123, in _validate_pool
    pool = session.scalar(select(Pool).where(Pool.slots == 1, Pool.pool == self.pool))
           ^^^^^^^^^^^^^^^^^^^^^^^^^^^^^^^^^^^^^^^^^^^^^^^^^^^^^^^^^^^^^^^^^^^^^^^^^^^
  File "/home/airflow/.local/lib/python3.12/site-packages/sqlalchemy/orm/session.py", line 1747, in scalar
    return self.execute(
           ^^^^^^^^^^^^^
  File "/home/airflow/.local/lib/python3.12/site-packages/sqlalchemy/orm/session.py", line 1716, in execute
    conn = self._connection_for_bind(bind)
           ^^^^^^^^^^^^^^^^^^^^^^^^^^^^^^^
  File "/home/airflow/.local/lib/python3.12/site-packages/sqlalchemy/orm/session.py", line 1555, in _connection_for_bind
    return self._transaction._connection_for_bind(
           ^^^^^^^^^^^^^^^^^^^^^^^^^^^^^^^^^^^^^^^
  File "/home/airflow/.local/lib/python3.12/site-packages/sqlalchemy/orm/session.py", line 750, in _connection_for_bind
    conn = bind.connect()
           ^^^^^^^^^^^^^^
  File "/home/airflow/.local/lib/python3.12/site-packages/sqlalchemy/future/engine.py", line 412, in connect
    return super(Engine, self).connect()
           ^^^^^^^^^^^^^^^^^^^^^^^^^^^^^
  File "/home/airflow/.local/lib/python3.12/site-packages/sqlalchemy/engine/base.py", line 3325, in connect
    return self._connection_cls(self, close_with_result=close_with_result)
           ^^^^^^^^^^^^^^^^^^^^^^^^^^^^^^^^^^^^^^^^^^^^^^^^^^^^^^^^^^^^^^^
  File "/home/airflow/.local/lib/python3.12/site-packages/sqlalchemy/engine/base.py", line 96, in __init__
    else engine.raw_connection()
         ^^^^^^^^^^^^^^^^^^^^^^^
  File "/home/airflow/.local/lib/python3.12/site-packages/sqlalchemy/engine/base.py", line 3404, in raw_connection
    return self._wrap_pool_connect(self.pool.connect, _connection)
           ^^^^^^^^^^^^^^^^^^^^^^^^^^^^^^^^^^^^^^^^^^^^^^^^^^^^^^^
  File "/home/airflow/.local/lib/python3.12/site-packages/sqlalchemy/engine/base.py", line 3374, in _wrap_pool_connect
    Connection._handle_dbapi_exception_noconnection(
  File "/home/airflow/.local/lib/python3.12/site-packages/sqlalchemy/engine/base.py", line 2208, in _handle_dbapi_exception_noconnection
    util.raise_(
  File "/home/airflow/.local/lib/python3.12/site-packages/sqlalchemy/util/compat.py", line 211, in raise_
    raise exception
  File "/home/airflow/.local/lib/python3.12/site-packages/sqlalchemy/engine/base.py", line 3371, in _wrap_pool_connect
    return fn()
           ^^^^
  File "/home/airflow/.local/lib/python3.12/site-packages/sqlalchemy/pool/base.py", line 327, in connect
    return _ConnectionFairy._checkout(self)
           ^^^^^^^^^^^^^^^^^^^^^^^^^^^^^^^^
  File "/home/airflow/.local/lib/python3.12/site-packages/sqlalchemy/pool/base.py", line 894, in _checkout
    fairy = _ConnectionRecord.checkout(pool)
            ^^^^^^^^^^^^^^^^^^^^^^^^^^^^^^^^
  File "/home/airflow/.local/lib/python3.12/site-packages/sqlalchemy/pool/base.py", line 493, in checkout
    rec = pool._do_get()
          ^^^^^^^^^^^^^^
  File "/home/airflow/.local/lib/python3.12/site-packages/sqlalchemy/pool/impl.py", line 145, in _do_get
    with util.safe_reraise():
  File "/home/airflow/.local/lib/python3.12/site-packages/sqlalchemy/util/langhelpers.py", line 70, in __exit__
    compat.raise_(
  File "/home/airflow/.local/lib/python3.12/site-packages/sqlalchemy/util/compat.py", line 211, in raise_
    raise exception
  File "/home/airflow/.local/lib/python3.12/site-packages/sqlalchemy/pool/impl.py", line 143, in _do_get
    return self._create_connection()
           ^^^^^^^^^^^^^^^^^^^^^^^^^
  File "/home/airflow/.local/lib/python3.12/site-packages/sqlalchemy/pool/base.py", line 273, in _create_connection
    return _ConnectionRecord(self)
           ^^^^^^^^^^^^^^^^^^^^^^^
  File "/home/airflow/.local/lib/python3.12/site-packages/sqlalchemy/pool/base.py", line 388, in __init__
    self.__connect()
  File "/home/airflow/.local/lib/python3.12/site-packages/sqlalchemy/pool/base.py", line 690, in __connect
    with util.safe_reraise():
  File "/home/airflow/.local/lib/python3.12/site-packages/sqlalchemy/util/langhelpers.py", line 70, in __exit__
    compat.raise_(
  File "/home/airflow/.local/lib/python3.12/site-packages/sqlalchemy/util/compat.py", line 211, in raise_
    raise exception
  File "/home/airflow/.local/lib/python3.12/site-packages/sqlalchemy/pool/base.py", line 686, in __connect
    self.dbapi_connection = connection = pool._invoke_creator(self)
                                         ^^^^^^^^^^^^^^^^^^^^^^^^^^
  File "/home/airflow/.local/lib/python3.12/site-packages/sqlalchemy/engine/create.py", line 574, in connect
    return dialect.connect(*cargs, **cparams)
           ^^^^^^^^^^^^^^^^^^^^^^^^^^^^^^^^^^
  File "/home/airflow/.local/lib/python3.12/site-packages/sqlalchemy/engine/default.py", line 598, in connect
    return self.dbapi.connect(*cargs, **cparams)
           ^^^^^^^^^^^^^^^^^^^^^^^^^^^^^^^^^^^^^
  File "/home/airflow/.local/lib/python3.12/site-packages/psycopg2/__init__.py", line 122, in connect
    conn = _connect(dsn, connection_factory=connection_factory, **kwasync)
           ^^^^^^^^^^^^^^^^^^^^^^^^^^^^^^^^^^^^^^^^^^^^^^^^^^^^^^^^^^^^^^^
sqlalchemy.exc.OperationalError: (psycopg2.OperationalError) could not translate host name "postgres" to address: Temporary failure in name resolution

(Background on this error at: https://sqlalche.me/e/14/e3q8)
[2024-05-25T00:09:48.826+0000] {processor.py:842} WARNING - No viable dags retrieved from /home/airflow/.local/lib/python3.12/site-packages/airflow/example_dags/example_subdag_operator.py
[2024-05-25T00:09:53.196+0000] {processor.py:183} INFO - Processing /home/airflow/.local/lib/python3.12/site-packages/airflow/example_dags/example_subdag_operator.py took 15.529 seconds
[2024-05-25T00:10:23.977+0000] {processor.py:161} INFO - Started process (PID=39667) to work on /home/airflow/.local/lib/python3.12/site-packages/airflow/example_dags/example_subdag_operator.py
[2024-05-25T00:10:23.978+0000] {processor.py:830} INFO - Processing file /home/airflow/.local/lib/python3.12/site-packages/airflow/example_dags/example_subdag_operator.py for tasks to queue
[2024-05-25T00:10:23.979+0000] {logging_mixin.py:188} INFO - [2024-05-25T00:10:23.979+0000] {dagbag.py:545} INFO - Filling up the DagBag from /home/airflow/.local/lib/python3.12/site-packages/airflow/example_dags/example_subdag_operator.py
[2024-05-25T00:10:24.024+0000] {processor.py:840} INFO - DAG(s) 'example_subdag_operator.section-1', 'example_subdag_operator.section-2', 'example_subdag_operator' retrieved from /home/airflow/.local/lib/python3.12/site-packages/airflow/example_dags/example_subdag_operator.py
[2024-05-25T00:10:24.178+0000] {logging_mixin.py:188} INFO - [2024-05-25T00:10:24.178+0000] {dag.py:3096} INFO - Sync 3 DAGs
[2024-05-25T00:10:24.219+0000] {logging_mixin.py:188} INFO - [2024-05-25T00:10:24.218+0000] {dag.py:3954} INFO - Setting next_dagrun for example_subdag_operator to 2022-01-01 00:00:00+00:00, run_after=2022-01-01 00:00:00+00:00
[2024-05-25T00:10:24.224+0000] {logging_mixin.py:188} INFO - [2024-05-25T00:10:24.223+0000] {dag.py:3954} INFO - Setting next_dagrun for example_subdag_operator.section-1 to None, run_after=None
[2024-05-25T00:10:24.228+0000] {logging_mixin.py:188} INFO - [2024-05-25T00:10:24.228+0000] {dag.py:3954} INFO - Setting next_dagrun for example_subdag_operator.section-2 to None, run_after=None
[2024-05-25T00:10:24.248+0000] {logging_mixin.py:188} INFO - [2024-05-25T00:10:24.247+0000] {dag.py:3096} INFO - Sync 2 DAGs
[2024-05-25T00:10:24.774+0000] {logging_mixin.py:188} INFO - [2024-05-25T00:10:24.773+0000] {dag.py:3954} INFO - Setting next_dagrun for example_subdag_operator.section-1 to None, run_after=None
[2024-05-25T00:10:24.776+0000] {logging_mixin.py:188} INFO - [2024-05-25T00:10:24.775+0000] {dag.py:3954} INFO - Setting next_dagrun for example_subdag_operator.section-2 to None, run_after=None
[2024-05-25T00:10:24.819+0000] {processor.py:183} INFO - Processing /home/airflow/.local/lib/python3.12/site-packages/airflow/example_dags/example_subdag_operator.py took 0.852 seconds
[2024-05-25T00:10:54.922+0000] {processor.py:161} INFO - Started process (PID=39725) to work on /home/airflow/.local/lib/python3.12/site-packages/airflow/example_dags/example_subdag_operator.py
[2024-05-25T00:10:54.923+0000] {processor.py:830} INFO - Processing file /home/airflow/.local/lib/python3.12/site-packages/airflow/example_dags/example_subdag_operator.py for tasks to queue
[2024-05-25T00:10:54.924+0000] {logging_mixin.py:188} INFO - [2024-05-25T00:10:54.924+0000] {dagbag.py:545} INFO - Filling up the DagBag from /home/airflow/.local/lib/python3.12/site-packages/airflow/example_dags/example_subdag_operator.py
[2024-05-25T00:10:54.954+0000] {processor.py:840} INFO - DAG(s) 'example_subdag_operator.section-1', 'example_subdag_operator.section-2', 'example_subdag_operator' retrieved from /home/airflow/.local/lib/python3.12/site-packages/airflow/example_dags/example_subdag_operator.py
[2024-05-25T00:10:54.975+0000] {logging_mixin.py:188} INFO - [2024-05-25T00:10:54.974+0000] {dag.py:3096} INFO - Sync 3 DAGs
[2024-05-25T00:10:54.999+0000] {logging_mixin.py:188} INFO - [2024-05-25T00:10:54.999+0000] {dag.py:3954} INFO - Setting next_dagrun for example_subdag_operator to 2022-01-01 00:00:00+00:00, run_after=2022-01-01 00:00:00+00:00
[2024-05-25T00:10:55.004+0000] {logging_mixin.py:188} INFO - [2024-05-25T00:10:55.003+0000] {dag.py:3954} INFO - Setting next_dagrun for example_subdag_operator.section-1 to None, run_after=None
[2024-05-25T00:10:55.006+0000] {logging_mixin.py:188} INFO - [2024-05-25T00:10:55.006+0000] {dag.py:3954} INFO - Setting next_dagrun for example_subdag_operator.section-2 to None, run_after=None
[2024-05-25T00:10:55.016+0000] {logging_mixin.py:188} INFO - [2024-05-25T00:10:55.016+0000] {dag.py:3096} INFO - Sync 2 DAGs
[2024-05-25T00:10:55.023+0000] {logging_mixin.py:188} INFO - [2024-05-25T00:10:55.022+0000] {dag.py:3954} INFO - Setting next_dagrun for example_subdag_operator.section-1 to None, run_after=None
[2024-05-25T00:10:55.023+0000] {logging_mixin.py:188} INFO - [2024-05-25T00:10:55.023+0000] {dag.py:3954} INFO - Setting next_dagrun for example_subdag_operator.section-2 to None, run_after=None
[2024-05-25T00:10:55.039+0000] {processor.py:183} INFO - Processing /home/airflow/.local/lib/python3.12/site-packages/airflow/example_dags/example_subdag_operator.py took 0.123 seconds
[2024-05-25T00:11:25.093+0000] {processor.py:161} INFO - Started process (PID=39783) to work on /home/airflow/.local/lib/python3.12/site-packages/airflow/example_dags/example_subdag_operator.py
[2024-05-25T00:11:25.094+0000] {processor.py:830} INFO - Processing file /home/airflow/.local/lib/python3.12/site-packages/airflow/example_dags/example_subdag_operator.py for tasks to queue
[2024-05-25T00:11:25.095+0000] {logging_mixin.py:188} INFO - [2024-05-25T00:11:25.095+0000] {dagbag.py:545} INFO - Filling up the DagBag from /home/airflow/.local/lib/python3.12/site-packages/airflow/example_dags/example_subdag_operator.py
[2024-05-25T00:11:25.121+0000] {processor.py:840} INFO - DAG(s) 'example_subdag_operator.section-1', 'example_subdag_operator.section-2', 'example_subdag_operator' retrieved from /home/airflow/.local/lib/python3.12/site-packages/airflow/example_dags/example_subdag_operator.py
[2024-05-25T00:11:25.142+0000] {logging_mixin.py:188} INFO - [2024-05-25T00:11:25.142+0000] {dag.py:3096} INFO - Sync 3 DAGs
[2024-05-25T00:11:25.166+0000] {logging_mixin.py:188} INFO - [2024-05-25T00:11:25.165+0000] {dag.py:3954} INFO - Setting next_dagrun for example_subdag_operator to 2022-01-01 00:00:00+00:00, run_after=2022-01-01 00:00:00+00:00
[2024-05-25T00:11:25.172+0000] {logging_mixin.py:188} INFO - [2024-05-25T00:11:25.172+0000] {dag.py:3954} INFO - Setting next_dagrun for example_subdag_operator.section-1 to None, run_after=None
[2024-05-25T00:11:25.175+0000] {logging_mixin.py:188} INFO - [2024-05-25T00:11:25.175+0000] {dag.py:3954} INFO - Setting next_dagrun for example_subdag_operator.section-2 to None, run_after=None
[2024-05-25T00:11:25.194+0000] {logging_mixin.py:188} INFO - [2024-05-25T00:11:25.193+0000] {dag.py:3096} INFO - Sync 2 DAGs
[2024-05-25T00:11:25.208+0000] {logging_mixin.py:188} INFO - [2024-05-25T00:11:25.208+0000] {dag.py:3954} INFO - Setting next_dagrun for example_subdag_operator.section-1 to None, run_after=None
[2024-05-25T00:11:25.210+0000] {logging_mixin.py:188} INFO - [2024-05-25T00:11:25.210+0000] {dag.py:3954} INFO - Setting next_dagrun for example_subdag_operator.section-2 to None, run_after=None
[2024-05-25T00:11:25.244+0000] {processor.py:183} INFO - Processing /home/airflow/.local/lib/python3.12/site-packages/airflow/example_dags/example_subdag_operator.py took 0.155 seconds
[2024-05-25T00:11:56.067+0000] {processor.py:161} INFO - Started process (PID=39847) to work on /home/airflow/.local/lib/python3.12/site-packages/airflow/example_dags/example_subdag_operator.py
[2024-05-25T00:11:56.069+0000] {processor.py:830} INFO - Processing file /home/airflow/.local/lib/python3.12/site-packages/airflow/example_dags/example_subdag_operator.py for tasks to queue
[2024-05-25T00:11:56.070+0000] {logging_mixin.py:188} INFO - [2024-05-25T00:11:56.069+0000] {dagbag.py:545} INFO - Filling up the DagBag from /home/airflow/.local/lib/python3.12/site-packages/airflow/example_dags/example_subdag_operator.py
[2024-05-25T00:11:56.100+0000] {processor.py:840} INFO - DAG(s) 'example_subdag_operator.section-1', 'example_subdag_operator.section-2', 'example_subdag_operator' retrieved from /home/airflow/.local/lib/python3.12/site-packages/airflow/example_dags/example_subdag_operator.py
[2024-05-25T00:11:56.118+0000] {logging_mixin.py:188} INFO - [2024-05-25T00:11:56.118+0000] {dag.py:3096} INFO - Sync 3 DAGs
[2024-05-25T00:11:56.144+0000] {logging_mixin.py:188} INFO - [2024-05-25T00:11:56.144+0000] {dag.py:3954} INFO - Setting next_dagrun for example_subdag_operator to 2022-01-01 00:00:00+00:00, run_after=2022-01-01 00:00:00+00:00
[2024-05-25T00:11:56.152+0000] {logging_mixin.py:188} INFO - [2024-05-25T00:11:56.151+0000] {dag.py:3954} INFO - Setting next_dagrun for example_subdag_operator.section-1 to None, run_after=None
[2024-05-25T00:11:56.154+0000] {logging_mixin.py:188} INFO - [2024-05-25T00:11:56.154+0000] {dag.py:3954} INFO - Setting next_dagrun for example_subdag_operator.section-2 to None, run_after=None
[2024-05-25T00:11:56.165+0000] {logging_mixin.py:188} INFO - [2024-05-25T00:11:56.165+0000] {dag.py:3096} INFO - Sync 2 DAGs
[2024-05-25T00:11:56.173+0000] {logging_mixin.py:188} INFO - [2024-05-25T00:11:56.172+0000] {dag.py:3954} INFO - Setting next_dagrun for example_subdag_operator.section-1 to None, run_after=None
[2024-05-25T00:11:56.174+0000] {logging_mixin.py:188} INFO - [2024-05-25T00:11:56.174+0000] {dag.py:3954} INFO - Setting next_dagrun for example_subdag_operator.section-2 to None, run_after=None
[2024-05-25T00:11:56.189+0000] {processor.py:183} INFO - Processing /home/airflow/.local/lib/python3.12/site-packages/airflow/example_dags/example_subdag_operator.py took 0.127 seconds
[2024-05-25T00:12:46.550+0000] {processor.py:161} INFO - Started process (PID=39908) to work on /home/airflow/.local/lib/python3.12/site-packages/airflow/example_dags/example_subdag_operator.py
[2024-05-25T00:12:46.551+0000] {processor.py:830} INFO - Processing file /home/airflow/.local/lib/python3.12/site-packages/airflow/example_dags/example_subdag_operator.py for tasks to queue
[2024-05-25T00:12:46.552+0000] {logging_mixin.py:188} INFO - [2024-05-25T00:12:46.552+0000] {dagbag.py:545} INFO - Filling up the DagBag from /home/airflow/.local/lib/python3.12/site-packages/airflow/example_dags/example_subdag_operator.py
[2024-05-25T00:12:46.592+0000] {processor.py:840} INFO - DAG(s) 'example_subdag_operator.section-1', 'example_subdag_operator.section-2', 'example_subdag_operator' retrieved from /home/airflow/.local/lib/python3.12/site-packages/airflow/example_dags/example_subdag_operator.py
[2024-05-25T00:12:46.618+0000] {logging_mixin.py:188} INFO - [2024-05-25T00:12:46.617+0000] {dag.py:3096} INFO - Sync 3 DAGs
[2024-05-25T00:12:46.655+0000] {logging_mixin.py:188} INFO - [2024-05-25T00:12:46.655+0000] {dag.py:3954} INFO - Setting next_dagrun for example_subdag_operator to 2022-01-01 00:00:00+00:00, run_after=2022-01-01 00:00:00+00:00
[2024-05-25T00:12:46.661+0000] {logging_mixin.py:188} INFO - [2024-05-25T00:12:46.661+0000] {dag.py:3954} INFO - Setting next_dagrun for example_subdag_operator.section-1 to None, run_after=None
[2024-05-25T00:12:46.667+0000] {logging_mixin.py:188} INFO - [2024-05-25T00:12:46.666+0000] {dag.py:3954} INFO - Setting next_dagrun for example_subdag_operator.section-2 to None, run_after=None
[2024-05-25T00:12:46.682+0000] {logging_mixin.py:188} INFO - [2024-05-25T00:12:46.682+0000] {dag.py:3096} INFO - Sync 2 DAGs
[2024-05-25T00:12:46.694+0000] {logging_mixin.py:188} INFO - [2024-05-25T00:12:46.693+0000] {dag.py:3954} INFO - Setting next_dagrun for example_subdag_operator.section-1 to None, run_after=None
[2024-05-25T00:12:46.697+0000] {logging_mixin.py:188} INFO - [2024-05-25T00:12:46.696+0000] {dag.py:3954} INFO - Setting next_dagrun for example_subdag_operator.section-2 to None, run_after=None
[2024-05-25T00:12:46.720+0000] {processor.py:183} INFO - Processing /home/airflow/.local/lib/python3.12/site-packages/airflow/example_dags/example_subdag_operator.py took 0.176 seconds
[2024-05-25T00:13:17.902+0000] {processor.py:161} INFO - Started process (PID=39966) to work on /home/airflow/.local/lib/python3.12/site-packages/airflow/example_dags/example_subdag_operator.py
[2024-05-25T00:13:17.903+0000] {processor.py:830} INFO - Processing file /home/airflow/.local/lib/python3.12/site-packages/airflow/example_dags/example_subdag_operator.py for tasks to queue
[2024-05-25T00:13:17.905+0000] {logging_mixin.py:188} INFO - [2024-05-25T00:13:17.904+0000] {dagbag.py:545} INFO - Filling up the DagBag from /home/airflow/.local/lib/python3.12/site-packages/airflow/example_dags/example_subdag_operator.py
[2024-05-25T00:13:17.939+0000] {processor.py:840} INFO - DAG(s) 'example_subdag_operator.section-1', 'example_subdag_operator.section-2', 'example_subdag_operator' retrieved from /home/airflow/.local/lib/python3.12/site-packages/airflow/example_dags/example_subdag_operator.py
[2024-05-25T00:13:17.957+0000] {logging_mixin.py:188} INFO - [2024-05-25T00:13:17.957+0000] {dag.py:3096} INFO - Sync 3 DAGs
[2024-05-25T00:13:17.993+0000] {logging_mixin.py:188} INFO - [2024-05-25T00:13:17.993+0000] {dag.py:3954} INFO - Setting next_dagrun for example_subdag_operator to 2022-01-01 00:00:00+00:00, run_after=2022-01-01 00:00:00+00:00
[2024-05-25T00:13:18.006+0000] {logging_mixin.py:188} INFO - [2024-05-25T00:13:18.006+0000] {dag.py:3954} INFO - Setting next_dagrun for example_subdag_operator.section-1 to None, run_after=None
[2024-05-25T00:13:18.010+0000] {logging_mixin.py:188} INFO - [2024-05-25T00:13:18.009+0000] {dag.py:3954} INFO - Setting next_dagrun for example_subdag_operator.section-2 to None, run_after=None
[2024-05-25T00:13:18.025+0000] {logging_mixin.py:188} INFO - [2024-05-25T00:13:18.024+0000] {dag.py:3096} INFO - Sync 2 DAGs
[2024-05-25T00:13:18.036+0000] {logging_mixin.py:188} INFO - [2024-05-25T00:13:18.036+0000] {dag.py:3954} INFO - Setting next_dagrun for example_subdag_operator.section-1 to None, run_after=None
[2024-05-25T00:13:18.038+0000] {logging_mixin.py:188} INFO - [2024-05-25T00:13:18.037+0000] {dag.py:3954} INFO - Setting next_dagrun for example_subdag_operator.section-2 to None, run_after=None
[2024-05-25T00:13:18.061+0000] {processor.py:183} INFO - Processing /home/airflow/.local/lib/python3.12/site-packages/airflow/example_dags/example_subdag_operator.py took 0.169 seconds
[2024-05-25T00:14:18.130+0000] {processor.py:161} INFO - Started process (PID=40018) to work on /home/airflow/.local/lib/python3.12/site-packages/airflow/example_dags/example_subdag_operator.py
[2024-05-25T00:14:18.131+0000] {processor.py:830} INFO - Processing file /home/airflow/.local/lib/python3.12/site-packages/airflow/example_dags/example_subdag_operator.py for tasks to queue
[2024-05-25T00:14:18.132+0000] {logging_mixin.py:188} INFO - [2024-05-25T00:14:18.132+0000] {dagbag.py:545} INFO - Filling up the DagBag from /home/airflow/.local/lib/python3.12/site-packages/airflow/example_dags/example_subdag_operator.py
[2024-05-25T00:14:18.220+0000] {processor.py:840} INFO - DAG(s) 'example_subdag_operator.section-1', 'example_subdag_operator.section-2', 'example_subdag_operator' retrieved from /home/airflow/.local/lib/python3.12/site-packages/airflow/example_dags/example_subdag_operator.py
[2024-05-25T00:14:18.254+0000] {logging_mixin.py:188} INFO - [2024-05-25T00:14:18.254+0000] {dag.py:3096} INFO - Sync 3 DAGs
[2024-05-25T00:14:18.293+0000] {logging_mixin.py:188} INFO - [2024-05-25T00:14:18.293+0000] {dag.py:3954} INFO - Setting next_dagrun for example_subdag_operator to 2022-01-01 00:00:00+00:00, run_after=2022-01-01 00:00:00+00:00
[2024-05-25T00:14:18.297+0000] {logging_mixin.py:188} INFO - [2024-05-25T00:14:18.297+0000] {dag.py:3954} INFO - Setting next_dagrun for example_subdag_operator.section-1 to None, run_after=None
[2024-05-25T00:14:18.299+0000] {logging_mixin.py:188} INFO - [2024-05-25T00:14:18.299+0000] {dag.py:3954} INFO - Setting next_dagrun for example_subdag_operator.section-2 to None, run_after=None
[2024-05-25T00:14:18.310+0000] {logging_mixin.py:188} INFO - [2024-05-25T00:14:18.309+0000] {dag.py:3096} INFO - Sync 2 DAGs
[2024-05-25T00:14:18.316+0000] {logging_mixin.py:188} INFO - [2024-05-25T00:14:18.315+0000] {dag.py:3954} INFO - Setting next_dagrun for example_subdag_operator.section-1 to None, run_after=None
[2024-05-25T00:14:18.316+0000] {logging_mixin.py:188} INFO - [2024-05-25T00:14:18.316+0000] {dag.py:3954} INFO - Setting next_dagrun for example_subdag_operator.section-2 to None, run_after=None
[2024-05-25T00:14:18.333+0000] {processor.py:183} INFO - Processing /home/airflow/.local/lib/python3.12/site-packages/airflow/example_dags/example_subdag_operator.py took 0.210 seconds
[2024-05-25T00:15:20.392+0000] {processor.py:161} INFO - Started process (PID=40090) to work on /home/airflow/.local/lib/python3.12/site-packages/airflow/example_dags/example_subdag_operator.py
[2024-05-25T00:15:20.393+0000] {processor.py:830} INFO - Processing file /home/airflow/.local/lib/python3.12/site-packages/airflow/example_dags/example_subdag_operator.py for tasks to queue
[2024-05-25T00:15:20.395+0000] {logging_mixin.py:188} INFO - [2024-05-25T00:15:20.394+0000] {dagbag.py:545} INFO - Filling up the DagBag from /home/airflow/.local/lib/python3.12/site-packages/airflow/example_dags/example_subdag_operator.py
[2024-05-25T00:15:20.421+0000] {processor.py:840} INFO - DAG(s) 'example_subdag_operator.section-1', 'example_subdag_operator.section-2', 'example_subdag_operator' retrieved from /home/airflow/.local/lib/python3.12/site-packages/airflow/example_dags/example_subdag_operator.py
[2024-05-25T00:15:20.438+0000] {logging_mixin.py:188} INFO - [2024-05-25T00:15:20.438+0000] {dag.py:3096} INFO - Sync 3 DAGs
[2024-05-25T00:15:20.465+0000] {logging_mixin.py:188} INFO - [2024-05-25T00:15:20.464+0000] {dag.py:3954} INFO - Setting next_dagrun for example_subdag_operator to 2022-01-01 00:00:00+00:00, run_after=2022-01-01 00:00:00+00:00
[2024-05-25T00:15:20.469+0000] {logging_mixin.py:188} INFO - [2024-05-25T00:15:20.469+0000] {dag.py:3954} INFO - Setting next_dagrun for example_subdag_operator.section-1 to None, run_after=None
[2024-05-25T00:15:20.471+0000] {logging_mixin.py:188} INFO - [2024-05-25T00:15:20.471+0000] {dag.py:3954} INFO - Setting next_dagrun for example_subdag_operator.section-2 to None, run_after=None
[2024-05-25T00:15:20.481+0000] {logging_mixin.py:188} INFO - [2024-05-25T00:15:20.480+0000] {dag.py:3096} INFO - Sync 2 DAGs
[2024-05-25T00:15:20.486+0000] {logging_mixin.py:188} INFO - [2024-05-25T00:15:20.486+0000] {dag.py:3954} INFO - Setting next_dagrun for example_subdag_operator.section-1 to None, run_after=None
[2024-05-25T00:15:20.487+0000] {logging_mixin.py:188} INFO - [2024-05-25T00:15:20.487+0000] {dag.py:3954} INFO - Setting next_dagrun for example_subdag_operator.section-2 to None, run_after=None
[2024-05-25T00:15:20.499+0000] {processor.py:183} INFO - Processing /home/airflow/.local/lib/python3.12/site-packages/airflow/example_dags/example_subdag_operator.py took 0.113 seconds
