[2024-05-25T00:00:07.734+0000] {processor.py:161} INFO - Started process (PID=38616) to work on /home/airflow/.local/lib/python3.12/site-packages/airflow/example_dags/example_params_ui_tutorial.py
[2024-05-25T00:00:07.737+0000] {processor.py:830} INFO - Processing file /home/airflow/.local/lib/python3.12/site-packages/airflow/example_dags/example_params_ui_tutorial.py for tasks to queue
[2024-05-25T00:00:07.740+0000] {logging_mixin.py:188} INFO - [2024-05-25T00:00:07.739+0000] {dagbag.py:545} INFO - Filling up the DagBag from /home/airflow/.local/lib/python3.12/site-packages/airflow/example_dags/example_params_ui_tutorial.py
[2024-05-25T00:00:07.754+0000] {processor.py:840} INFO - DAG(s) 'example_params_ui_tutorial' retrieved from /home/airflow/.local/lib/python3.12/site-packages/airflow/example_dags/example_params_ui_tutorial.py
[2024-05-25T00:00:07.916+0000] {logging_mixin.py:188} INFO - [2024-05-25T00:00:07.915+0000] {dag.py:3096} INFO - Sync 1 DAGs
[2024-05-25T00:00:07.927+0000] {logging_mixin.py:188} INFO - [2024-05-25T00:00:07.926+0000] {dag.py:3954} INFO - Setting next_dagrun for example_params_ui_tutorial to None, run_after=None
[2024-05-25T00:00:07.959+0000] {processor.py:183} INFO - Processing /home/airflow/.local/lib/python3.12/site-packages/airflow/example_dags/example_params_ui_tutorial.py took 0.231 seconds
[2024-05-25T00:00:38.089+0000] {processor.py:161} INFO - Started process (PID=38675) to work on /home/airflow/.local/lib/python3.12/site-packages/airflow/example_dags/example_params_ui_tutorial.py
[2024-05-25T00:00:38.091+0000] {processor.py:830} INFO - Processing file /home/airflow/.local/lib/python3.12/site-packages/airflow/example_dags/example_params_ui_tutorial.py for tasks to queue
[2024-05-25T00:00:38.093+0000] {logging_mixin.py:188} INFO - [2024-05-25T00:00:38.093+0000] {dagbag.py:545} INFO - Filling up the DagBag from /home/airflow/.local/lib/python3.12/site-packages/airflow/example_dags/example_params_ui_tutorial.py
[2024-05-25T00:00:38.105+0000] {processor.py:840} INFO - DAG(s) 'example_params_ui_tutorial' retrieved from /home/airflow/.local/lib/python3.12/site-packages/airflow/example_dags/example_params_ui_tutorial.py
[2024-05-25T00:00:38.168+0000] {logging_mixin.py:188} INFO - [2024-05-25T00:00:38.167+0000] {dag.py:3096} INFO - Sync 1 DAGs
[2024-05-25T00:00:38.181+0000] {logging_mixin.py:188} INFO - [2024-05-25T00:00:38.180+0000] {dag.py:3954} INFO - Setting next_dagrun for example_params_ui_tutorial to None, run_after=None
[2024-05-25T00:00:38.205+0000] {processor.py:183} INFO - Processing /home/airflow/.local/lib/python3.12/site-packages/airflow/example_dags/example_params_ui_tutorial.py took 0.121 seconds
[2024-05-25T00:01:08.353+0000] {processor.py:161} INFO - Started process (PID=38733) to work on /home/airflow/.local/lib/python3.12/site-packages/airflow/example_dags/example_params_ui_tutorial.py
[2024-05-25T00:01:08.355+0000] {processor.py:830} INFO - Processing file /home/airflow/.local/lib/python3.12/site-packages/airflow/example_dags/example_params_ui_tutorial.py for tasks to queue
[2024-05-25T00:01:08.359+0000] {logging_mixin.py:188} INFO - [2024-05-25T00:01:08.359+0000] {dagbag.py:545} INFO - Filling up the DagBag from /home/airflow/.local/lib/python3.12/site-packages/airflow/example_dags/example_params_ui_tutorial.py
[2024-05-25T00:01:08.374+0000] {processor.py:840} INFO - DAG(s) 'example_params_ui_tutorial' retrieved from /home/airflow/.local/lib/python3.12/site-packages/airflow/example_dags/example_params_ui_tutorial.py
[2024-05-25T00:01:08.438+0000] {logging_mixin.py:188} INFO - [2024-05-25T00:01:08.438+0000] {dag.py:3096} INFO - Sync 1 DAGs
[2024-05-25T00:01:08.455+0000] {logging_mixin.py:188} INFO - [2024-05-25T00:01:08.455+0000] {dag.py:3954} INFO - Setting next_dagrun for example_params_ui_tutorial to None, run_after=None
[2024-05-25T00:01:08.485+0000] {processor.py:183} INFO - Processing /home/airflow/.local/lib/python3.12/site-packages/airflow/example_dags/example_params_ui_tutorial.py took 0.141 seconds
[2024-05-25T00:01:39.134+0000] {processor.py:161} INFO - Started process (PID=38790) to work on /home/airflow/.local/lib/python3.12/site-packages/airflow/example_dags/example_params_ui_tutorial.py
[2024-05-25T00:01:39.136+0000] {processor.py:830} INFO - Processing file /home/airflow/.local/lib/python3.12/site-packages/airflow/example_dags/example_params_ui_tutorial.py for tasks to queue
[2024-05-25T00:01:39.138+0000] {logging_mixin.py:188} INFO - [2024-05-25T00:01:39.138+0000] {dagbag.py:545} INFO - Filling up the DagBag from /home/airflow/.local/lib/python3.12/site-packages/airflow/example_dags/example_params_ui_tutorial.py
[2024-05-25T00:01:39.151+0000] {processor.py:840} INFO - DAG(s) 'example_params_ui_tutorial' retrieved from /home/airflow/.local/lib/python3.12/site-packages/airflow/example_dags/example_params_ui_tutorial.py
[2024-05-25T00:01:39.249+0000] {logging_mixin.py:188} INFO - [2024-05-25T00:01:39.248+0000] {dag.py:3096} INFO - Sync 1 DAGs
[2024-05-25T00:01:39.280+0000] {logging_mixin.py:188} INFO - [2024-05-25T00:01:39.278+0000] {dag.py:3954} INFO - Setting next_dagrun for example_params_ui_tutorial to None, run_after=None
[2024-05-25T00:01:39.360+0000] {processor.py:183} INFO - Processing /home/airflow/.local/lib/python3.12/site-packages/airflow/example_dags/example_params_ui_tutorial.py took 0.243 seconds
[2024-05-25T00:02:09.462+0000] {processor.py:161} INFO - Started process (PID=38848) to work on /home/airflow/.local/lib/python3.12/site-packages/airflow/example_dags/example_params_ui_tutorial.py
[2024-05-25T00:02:09.463+0000] {processor.py:830} INFO - Processing file /home/airflow/.local/lib/python3.12/site-packages/airflow/example_dags/example_params_ui_tutorial.py for tasks to queue
[2024-05-25T00:02:09.465+0000] {logging_mixin.py:188} INFO - [2024-05-25T00:02:09.465+0000] {dagbag.py:545} INFO - Filling up the DagBag from /home/airflow/.local/lib/python3.12/site-packages/airflow/example_dags/example_params_ui_tutorial.py
[2024-05-25T00:02:09.476+0000] {processor.py:840} INFO - DAG(s) 'example_params_ui_tutorial' retrieved from /home/airflow/.local/lib/python3.12/site-packages/airflow/example_dags/example_params_ui_tutorial.py
[2024-05-25T00:02:09.527+0000] {logging_mixin.py:188} INFO - [2024-05-25T00:02:09.527+0000] {dag.py:3096} INFO - Sync 1 DAGs
[2024-05-25T00:02:09.540+0000] {logging_mixin.py:188} INFO - [2024-05-25T00:02:09.540+0000] {dag.py:3954} INFO - Setting next_dagrun for example_params_ui_tutorial to None, run_after=None
[2024-05-25T00:02:09.569+0000] {processor.py:183} INFO - Processing /home/airflow/.local/lib/python3.12/site-packages/airflow/example_dags/example_params_ui_tutorial.py took 0.113 seconds
[2024-05-25T00:02:39.797+0000] {processor.py:161} INFO - Started process (PID=38906) to work on /home/airflow/.local/lib/python3.12/site-packages/airflow/example_dags/example_params_ui_tutorial.py
[2024-05-25T00:02:39.798+0000] {processor.py:830} INFO - Processing file /home/airflow/.local/lib/python3.12/site-packages/airflow/example_dags/example_params_ui_tutorial.py for tasks to queue
[2024-05-25T00:02:39.801+0000] {logging_mixin.py:188} INFO - [2024-05-25T00:02:39.801+0000] {dagbag.py:545} INFO - Filling up the DagBag from /home/airflow/.local/lib/python3.12/site-packages/airflow/example_dags/example_params_ui_tutorial.py
[2024-05-25T00:02:39.812+0000] {processor.py:840} INFO - DAG(s) 'example_params_ui_tutorial' retrieved from /home/airflow/.local/lib/python3.12/site-packages/airflow/example_dags/example_params_ui_tutorial.py
[2024-05-25T00:02:39.865+0000] {logging_mixin.py:188} INFO - [2024-05-25T00:02:39.865+0000] {dag.py:3096} INFO - Sync 1 DAGs
[2024-05-25T00:02:39.877+0000] {logging_mixin.py:188} INFO - [2024-05-25T00:02:39.877+0000] {dag.py:3954} INFO - Setting next_dagrun for example_params_ui_tutorial to None, run_after=None
[2024-05-25T00:02:39.899+0000] {processor.py:183} INFO - Processing /home/airflow/.local/lib/python3.12/site-packages/airflow/example_dags/example_params_ui_tutorial.py took 0.108 seconds
[2024-05-25T00:03:10.564+0000] {processor.py:161} INFO - Started process (PID=38968) to work on /home/airflow/.local/lib/python3.12/site-packages/airflow/example_dags/example_params_ui_tutorial.py
[2024-05-25T00:03:10.567+0000] {processor.py:830} INFO - Processing file /home/airflow/.local/lib/python3.12/site-packages/airflow/example_dags/example_params_ui_tutorial.py for tasks to queue
[2024-05-25T00:03:10.570+0000] {logging_mixin.py:188} INFO - [2024-05-25T00:03:10.570+0000] {dagbag.py:545} INFO - Filling up the DagBag from /home/airflow/.local/lib/python3.12/site-packages/airflow/example_dags/example_params_ui_tutorial.py
[2024-05-25T00:03:10.632+0000] {processor.py:840} INFO - DAG(s) 'example_params_ui_tutorial' retrieved from /home/airflow/.local/lib/python3.12/site-packages/airflow/example_dags/example_params_ui_tutorial.py
[2024-05-25T00:03:10.734+0000] {logging_mixin.py:188} INFO - [2024-05-25T00:03:10.734+0000] {dag.py:3096} INFO - Sync 1 DAGs
[2024-05-25T00:03:10.767+0000] {logging_mixin.py:188} INFO - [2024-05-25T00:03:10.767+0000] {dag.py:3954} INFO - Setting next_dagrun for example_params_ui_tutorial to None, run_after=None
[2024-05-25T00:03:10.804+0000] {processor.py:183} INFO - Processing /home/airflow/.local/lib/python3.12/site-packages/airflow/example_dags/example_params_ui_tutorial.py took 0.246 seconds
[2024-05-25T00:03:41.294+0000] {processor.py:161} INFO - Started process (PID=39026) to work on /home/airflow/.local/lib/python3.12/site-packages/airflow/example_dags/example_params_ui_tutorial.py
[2024-05-25T00:03:41.295+0000] {processor.py:830} INFO - Processing file /home/airflow/.local/lib/python3.12/site-packages/airflow/example_dags/example_params_ui_tutorial.py for tasks to queue
[2024-05-25T00:03:41.298+0000] {logging_mixin.py:188} INFO - [2024-05-25T00:03:41.298+0000] {dagbag.py:545} INFO - Filling up the DagBag from /home/airflow/.local/lib/python3.12/site-packages/airflow/example_dags/example_params_ui_tutorial.py
[2024-05-25T00:03:41.309+0000] {processor.py:840} INFO - DAG(s) 'example_params_ui_tutorial' retrieved from /home/airflow/.local/lib/python3.12/site-packages/airflow/example_dags/example_params_ui_tutorial.py
[2024-05-25T00:03:41.363+0000] {logging_mixin.py:188} INFO - [2024-05-25T00:03:41.362+0000] {dag.py:3096} INFO - Sync 1 DAGs
[2024-05-25T00:03:41.377+0000] {logging_mixin.py:188} INFO - [2024-05-25T00:03:41.376+0000] {dag.py:3954} INFO - Setting next_dagrun for example_params_ui_tutorial to None, run_after=None
[2024-05-25T00:03:41.400+0000] {processor.py:183} INFO - Processing /home/airflow/.local/lib/python3.12/site-packages/airflow/example_dags/example_params_ui_tutorial.py took 0.112 seconds
[2024-05-25T00:04:11.738+0000] {processor.py:161} INFO - Started process (PID=39084) to work on /home/airflow/.local/lib/python3.12/site-packages/airflow/example_dags/example_params_ui_tutorial.py
[2024-05-25T00:04:11.740+0000] {processor.py:830} INFO - Processing file /home/airflow/.local/lib/python3.12/site-packages/airflow/example_dags/example_params_ui_tutorial.py for tasks to queue
[2024-05-25T00:04:11.743+0000] {logging_mixin.py:188} INFO - [2024-05-25T00:04:11.742+0000] {dagbag.py:545} INFO - Filling up the DagBag from /home/airflow/.local/lib/python3.12/site-packages/airflow/example_dags/example_params_ui_tutorial.py
[2024-05-25T00:04:11.754+0000] {processor.py:840} INFO - DAG(s) 'example_params_ui_tutorial' retrieved from /home/airflow/.local/lib/python3.12/site-packages/airflow/example_dags/example_params_ui_tutorial.py
[2024-05-25T00:04:11.885+0000] {logging_mixin.py:188} INFO - [2024-05-25T00:04:11.884+0000] {dag.py:3096} INFO - Sync 1 DAGs
[2024-05-25T00:04:11.912+0000] {logging_mixin.py:188} INFO - [2024-05-25T00:04:11.911+0000] {dag.py:3954} INFO - Setting next_dagrun for example_params_ui_tutorial to None, run_after=None
[2024-05-25T00:04:11.945+0000] {processor.py:183} INFO - Processing /home/airflow/.local/lib/python3.12/site-packages/airflow/example_dags/example_params_ui_tutorial.py took 0.214 seconds
[2024-05-25T00:04:42.091+0000] {processor.py:161} INFO - Started process (PID=39142) to work on /home/airflow/.local/lib/python3.12/site-packages/airflow/example_dags/example_params_ui_tutorial.py
[2024-05-25T00:04:42.094+0000] {processor.py:830} INFO - Processing file /home/airflow/.local/lib/python3.12/site-packages/airflow/example_dags/example_params_ui_tutorial.py for tasks to queue
[2024-05-25T00:04:42.104+0000] {logging_mixin.py:188} INFO - [2024-05-25T00:04:42.100+0000] {dagbag.py:545} INFO - Filling up the DagBag from /home/airflow/.local/lib/python3.12/site-packages/airflow/example_dags/example_params_ui_tutorial.py
[2024-05-25T00:04:42.174+0000] {processor.py:840} INFO - DAG(s) 'example_params_ui_tutorial' retrieved from /home/airflow/.local/lib/python3.12/site-packages/airflow/example_dags/example_params_ui_tutorial.py
[2024-05-25T00:04:43.350+0000] {logging_mixin.py:188} INFO - [2024-05-25T00:04:43.350+0000] {dag.py:3096} INFO - Sync 1 DAGs
[2024-05-25T00:04:43.374+0000] {logging_mixin.py:188} INFO - [2024-05-25T00:04:43.370+0000] {dag.py:3954} INFO - Setting next_dagrun for example_params_ui_tutorial to None, run_after=None
[2024-05-25T00:04:43.406+0000] {processor.py:183} INFO - Processing /home/airflow/.local/lib/python3.12/site-packages/airflow/example_dags/example_params_ui_tutorial.py took 1.351 seconds
[2024-05-25T00:05:13.616+0000] {processor.py:161} INFO - Started process (PID=39201) to work on /home/airflow/.local/lib/python3.12/site-packages/airflow/example_dags/example_params_ui_tutorial.py
[2024-05-25T00:05:13.617+0000] {processor.py:830} INFO - Processing file /home/airflow/.local/lib/python3.12/site-packages/airflow/example_dags/example_params_ui_tutorial.py for tasks to queue
[2024-05-25T00:05:13.619+0000] {logging_mixin.py:188} INFO - [2024-05-25T00:05:13.619+0000] {dagbag.py:545} INFO - Filling up the DagBag from /home/airflow/.local/lib/python3.12/site-packages/airflow/example_dags/example_params_ui_tutorial.py
[2024-05-25T00:05:13.639+0000] {processor.py:840} INFO - DAG(s) 'example_params_ui_tutorial' retrieved from /home/airflow/.local/lib/python3.12/site-packages/airflow/example_dags/example_params_ui_tutorial.py
[2024-05-25T00:05:13.702+0000] {logging_mixin.py:188} INFO - [2024-05-25T00:05:13.701+0000] {dag.py:3096} INFO - Sync 1 DAGs
[2024-05-25T00:05:13.713+0000] {logging_mixin.py:188} INFO - [2024-05-25T00:05:13.713+0000] {dag.py:3954} INFO - Setting next_dagrun for example_params_ui_tutorial to None, run_after=None
[2024-05-25T00:05:13.748+0000] {processor.py:183} INFO - Processing /home/airflow/.local/lib/python3.12/site-packages/airflow/example_dags/example_params_ui_tutorial.py took 0.138 seconds
[2024-05-25T00:05:43.944+0000] {processor.py:161} INFO - Started process (PID=39259) to work on /home/airflow/.local/lib/python3.12/site-packages/airflow/example_dags/example_params_ui_tutorial.py
[2024-05-25T00:05:43.946+0000] {processor.py:830} INFO - Processing file /home/airflow/.local/lib/python3.12/site-packages/airflow/example_dags/example_params_ui_tutorial.py for tasks to queue
[2024-05-25T00:05:43.950+0000] {logging_mixin.py:188} INFO - [2024-05-25T00:05:43.949+0000] {dagbag.py:545} INFO - Filling up the DagBag from /home/airflow/.local/lib/python3.12/site-packages/airflow/example_dags/example_params_ui_tutorial.py
[2024-05-25T00:05:43.964+0000] {processor.py:840} INFO - DAG(s) 'example_params_ui_tutorial' retrieved from /home/airflow/.local/lib/python3.12/site-packages/airflow/example_dags/example_params_ui_tutorial.py
[2024-05-25T00:05:44.028+0000] {logging_mixin.py:188} INFO - [2024-05-25T00:05:44.027+0000] {dag.py:3096} INFO - Sync 1 DAGs
[2024-05-25T00:05:44.042+0000] {logging_mixin.py:188} INFO - [2024-05-25T00:05:44.041+0000] {dag.py:3954} INFO - Setting next_dagrun for example_params_ui_tutorial to None, run_after=None
[2024-05-25T00:05:44.068+0000] {processor.py:183} INFO - Processing /home/airflow/.local/lib/python3.12/site-packages/airflow/example_dags/example_params_ui_tutorial.py took 0.135 seconds
[2024-05-25T00:06:15.006+0000] {processor.py:161} INFO - Started process (PID=39317) to work on /home/airflow/.local/lib/python3.12/site-packages/airflow/example_dags/example_params_ui_tutorial.py
[2024-05-25T00:06:15.008+0000] {processor.py:830} INFO - Processing file /home/airflow/.local/lib/python3.12/site-packages/airflow/example_dags/example_params_ui_tutorial.py for tasks to queue
[2024-05-25T00:06:15.010+0000] {logging_mixin.py:188} INFO - [2024-05-25T00:06:15.010+0000] {dagbag.py:545} INFO - Filling up the DagBag from /home/airflow/.local/lib/python3.12/site-packages/airflow/example_dags/example_params_ui_tutorial.py
[2024-05-25T00:06:15.020+0000] {processor.py:840} INFO - DAG(s) 'example_params_ui_tutorial' retrieved from /home/airflow/.local/lib/python3.12/site-packages/airflow/example_dags/example_params_ui_tutorial.py
[2024-05-25T00:06:15.070+0000] {logging_mixin.py:188} INFO - [2024-05-25T00:06:15.070+0000] {dag.py:3096} INFO - Sync 1 DAGs
[2024-05-25T00:06:15.083+0000] {logging_mixin.py:188} INFO - [2024-05-25T00:06:15.082+0000] {dag.py:3954} INFO - Setting next_dagrun for example_params_ui_tutorial to None, run_after=None
[2024-05-25T00:06:15.103+0000] {processor.py:183} INFO - Processing /home/airflow/.local/lib/python3.12/site-packages/airflow/example_dags/example_params_ui_tutorial.py took 0.102 seconds
[2024-05-25T00:06:45.713+0000] {processor.py:161} INFO - Started process (PID=39375) to work on /home/airflow/.local/lib/python3.12/site-packages/airflow/example_dags/example_params_ui_tutorial.py
[2024-05-25T00:06:45.716+0000] {processor.py:830} INFO - Processing file /home/airflow/.local/lib/python3.12/site-packages/airflow/example_dags/example_params_ui_tutorial.py for tasks to queue
[2024-05-25T00:06:45.724+0000] {logging_mixin.py:188} INFO - [2024-05-25T00:06:45.723+0000] {dagbag.py:545} INFO - Filling up the DagBag from /home/airflow/.local/lib/python3.12/site-packages/airflow/example_dags/example_params_ui_tutorial.py
[2024-05-25T00:06:45.747+0000] {processor.py:840} INFO - DAG(s) 'example_params_ui_tutorial' retrieved from /home/airflow/.local/lib/python3.12/site-packages/airflow/example_dags/example_params_ui_tutorial.py
[2024-05-25T00:06:45.828+0000] {logging_mixin.py:188} INFO - [2024-05-25T00:06:45.828+0000] {dag.py:3096} INFO - Sync 1 DAGs
[2024-05-25T00:06:45.852+0000] {logging_mixin.py:188} INFO - [2024-05-25T00:06:45.849+0000] {dag.py:3954} INFO - Setting next_dagrun for example_params_ui_tutorial to None, run_after=None
[2024-05-25T00:06:45.892+0000] {processor.py:183} INFO - Processing /home/airflow/.local/lib/python3.12/site-packages/airflow/example_dags/example_params_ui_tutorial.py took 0.186 seconds
[2024-05-25T00:07:15.965+0000] {processor.py:161} INFO - Started process (PID=39433) to work on /home/airflow/.local/lib/python3.12/site-packages/airflow/example_dags/example_params_ui_tutorial.py
[2024-05-25T00:07:15.967+0000] {processor.py:830} INFO - Processing file /home/airflow/.local/lib/python3.12/site-packages/airflow/example_dags/example_params_ui_tutorial.py for tasks to queue
[2024-05-25T00:07:15.970+0000] {logging_mixin.py:188} INFO - [2024-05-25T00:07:15.969+0000] {dagbag.py:545} INFO - Filling up the DagBag from /home/airflow/.local/lib/python3.12/site-packages/airflow/example_dags/example_params_ui_tutorial.py
[2024-05-25T00:07:15.983+0000] {processor.py:840} INFO - DAG(s) 'example_params_ui_tutorial' retrieved from /home/airflow/.local/lib/python3.12/site-packages/airflow/example_dags/example_params_ui_tutorial.py
[2024-05-25T00:07:16.044+0000] {logging_mixin.py:188} INFO - [2024-05-25T00:07:16.044+0000] {dag.py:3096} INFO - Sync 1 DAGs
[2024-05-25T00:07:16.059+0000] {logging_mixin.py:188} INFO - [2024-05-25T00:07:16.059+0000] {dag.py:3954} INFO - Setting next_dagrun for example_params_ui_tutorial to None, run_after=None
[2024-05-25T00:07:16.079+0000] {processor.py:183} INFO - Processing /home/airflow/.local/lib/python3.12/site-packages/airflow/example_dags/example_params_ui_tutorial.py took 0.119 seconds
[2024-05-25T00:07:46.229+0000] {processor.py:161} INFO - Started process (PID=39491) to work on /home/airflow/.local/lib/python3.12/site-packages/airflow/example_dags/example_params_ui_tutorial.py
[2024-05-25T00:07:46.230+0000] {processor.py:830} INFO - Processing file /home/airflow/.local/lib/python3.12/site-packages/airflow/example_dags/example_params_ui_tutorial.py for tasks to queue
[2024-05-25T00:07:46.232+0000] {logging_mixin.py:188} INFO - [2024-05-25T00:07:46.232+0000] {dagbag.py:545} INFO - Filling up the DagBag from /home/airflow/.local/lib/python3.12/site-packages/airflow/example_dags/example_params_ui_tutorial.py
[2024-05-25T00:07:46.253+0000] {processor.py:840} INFO - DAG(s) 'example_params_ui_tutorial' retrieved from /home/airflow/.local/lib/python3.12/site-packages/airflow/example_dags/example_params_ui_tutorial.py
[2024-05-25T00:07:46.298+0000] {logging_mixin.py:188} INFO - [2024-05-25T00:07:46.298+0000] {dag.py:3096} INFO - Sync 1 DAGs
[2024-05-25T00:07:46.311+0000] {logging_mixin.py:188} INFO - [2024-05-25T00:07:46.311+0000] {dag.py:3954} INFO - Setting next_dagrun for example_params_ui_tutorial to None, run_after=None
[2024-05-25T00:07:46.329+0000] {processor.py:183} INFO - Processing /home/airflow/.local/lib/python3.12/site-packages/airflow/example_dags/example_params_ui_tutorial.py took 0.106 seconds
[2024-05-25T00:08:31.041+0000] {processor.py:161} INFO - Started process (PID=39535) to work on /home/airflow/.local/lib/python3.12/site-packages/airflow/example_dags/example_params_ui_tutorial.py
[2024-05-25T00:08:31.046+0000] {processor.py:830} INFO - Processing file /home/airflow/.local/lib/python3.12/site-packages/airflow/example_dags/example_params_ui_tutorial.py for tasks to queue
[2024-05-25T00:08:31.056+0000] {logging_mixin.py:188} INFO - [2024-05-25T00:08:31.053+0000] {dagbag.py:545} INFO - Filling up the DagBag from /home/airflow/.local/lib/python3.12/site-packages/airflow/example_dags/example_params_ui_tutorial.py
[2024-05-25T00:08:31.118+0000] {processor.py:840} INFO - DAG(s) 'example_params_ui_tutorial' retrieved from /home/airflow/.local/lib/python3.12/site-packages/airflow/example_dags/example_params_ui_tutorial.py
[2024-05-25T00:08:31.839+0000] {logging_mixin.py:188} INFO - [2024-05-25T00:08:31.838+0000] {dag.py:3096} INFO - Sync 1 DAGs
[2024-05-25T00:08:31.883+0000] {logging_mixin.py:188} INFO - [2024-05-25T00:08:31.883+0000] {dag.py:3954} INFO - Setting next_dagrun for example_params_ui_tutorial to None, run_after=None
[2024-05-25T00:08:31.937+0000] {processor.py:183} INFO - Processing /home/airflow/.local/lib/python3.12/site-packages/airflow/example_dags/example_params_ui_tutorial.py took 0.921 seconds
[2024-05-25T00:09:02.097+0000] {processor.py:161} INFO - Started process (PID=39594) to work on /home/airflow/.local/lib/python3.12/site-packages/airflow/example_dags/example_params_ui_tutorial.py
[2024-05-25T00:09:02.098+0000] {processor.py:830} INFO - Processing file /home/airflow/.local/lib/python3.12/site-packages/airflow/example_dags/example_params_ui_tutorial.py for tasks to queue
[2024-05-25T00:09:02.101+0000] {logging_mixin.py:188} INFO - [2024-05-25T00:09:02.100+0000] {dagbag.py:545} INFO - Filling up the DagBag from /home/airflow/.local/lib/python3.12/site-packages/airflow/example_dags/example_params_ui_tutorial.py
[2024-05-25T00:09:02.115+0000] {processor.py:840} INFO - DAG(s) 'example_params_ui_tutorial' retrieved from /home/airflow/.local/lib/python3.12/site-packages/airflow/example_dags/example_params_ui_tutorial.py
[2024-05-25T00:09:02.173+0000] {logging_mixin.py:188} INFO - [2024-05-25T00:09:02.172+0000] {dag.py:3096} INFO - Sync 1 DAGs
[2024-05-25T00:09:02.190+0000] {logging_mixin.py:188} INFO - [2024-05-25T00:09:02.190+0000] {dag.py:3954} INFO - Setting next_dagrun for example_params_ui_tutorial to None, run_after=None
[2024-05-25T00:09:02.220+0000] {processor.py:183} INFO - Processing /home/airflow/.local/lib/python3.12/site-packages/airflow/example_dags/example_params_ui_tutorial.py took 0.129 seconds
[2024-05-25T00:10:01.152+0000] {processor.py:161} INFO - Started process (PID=39647) to work on /home/airflow/.local/lib/python3.12/site-packages/airflow/example_dags/example_params_ui_tutorial.py
[2024-05-25T00:10:01.156+0000] {processor.py:830} INFO - Processing file /home/airflow/.local/lib/python3.12/site-packages/airflow/example_dags/example_params_ui_tutorial.py for tasks to queue
[2024-05-25T00:10:01.161+0000] {logging_mixin.py:188} INFO - [2024-05-25T00:10:01.160+0000] {dagbag.py:545} INFO - Filling up the DagBag from /home/airflow/.local/lib/python3.12/site-packages/airflow/example_dags/example_params_ui_tutorial.py
[2024-05-25T00:10:01.189+0000] {processor.py:840} INFO - DAG(s) 'example_params_ui_tutorial' retrieved from /home/airflow/.local/lib/python3.12/site-packages/airflow/example_dags/example_params_ui_tutorial.py
[2024-05-25T00:10:01.258+0000] {logging_mixin.py:188} INFO - [2024-05-25T00:10:01.258+0000] {dag.py:3096} INFO - Sync 1 DAGs
[2024-05-25T00:10:01.280+0000] {logging_mixin.py:188} INFO - [2024-05-25T00:10:01.280+0000] {dag.py:3954} INFO - Setting next_dagrun for example_params_ui_tutorial to None, run_after=None
[2024-05-25T00:10:01.306+0000] {processor.py:183} INFO - Processing /home/airflow/.local/lib/python3.12/site-packages/airflow/example_dags/example_params_ui_tutorial.py took 0.174 seconds
[2024-05-25T00:10:32.660+0000] {processor.py:161} INFO - Started process (PID=39698) to work on /home/airflow/.local/lib/python3.12/site-packages/airflow/example_dags/example_params_ui_tutorial.py
[2024-05-25T00:10:32.661+0000] {processor.py:830} INFO - Processing file /home/airflow/.local/lib/python3.12/site-packages/airflow/example_dags/example_params_ui_tutorial.py for tasks to queue
[2024-05-25T00:10:32.663+0000] {logging_mixin.py:188} INFO - [2024-05-25T00:10:32.662+0000] {dagbag.py:545} INFO - Filling up the DagBag from /home/airflow/.local/lib/python3.12/site-packages/airflow/example_dags/example_params_ui_tutorial.py
[2024-05-25T00:10:32.681+0000] {processor.py:840} INFO - DAG(s) 'example_params_ui_tutorial' retrieved from /home/airflow/.local/lib/python3.12/site-packages/airflow/example_dags/example_params_ui_tutorial.py
[2024-05-25T00:10:32.815+0000] {logging_mixin.py:188} INFO - [2024-05-25T00:10:32.814+0000] {dag.py:3096} INFO - Sync 1 DAGs
[2024-05-25T00:10:32.853+0000] {logging_mixin.py:188} INFO - [2024-05-25T00:10:32.852+0000] {dag.py:3954} INFO - Setting next_dagrun for example_params_ui_tutorial to None, run_after=None
[2024-05-25T00:10:32.918+0000] {processor.py:183} INFO - Processing /home/airflow/.local/lib/python3.12/site-packages/airflow/example_dags/example_params_ui_tutorial.py took 0.268 seconds
[2024-05-25T00:11:03.422+0000] {processor.py:161} INFO - Started process (PID=39753) to work on /home/airflow/.local/lib/python3.12/site-packages/airflow/example_dags/example_params_ui_tutorial.py
[2024-05-25T00:11:03.424+0000] {processor.py:830} INFO - Processing file /home/airflow/.local/lib/python3.12/site-packages/airflow/example_dags/example_params_ui_tutorial.py for tasks to queue
[2024-05-25T00:11:03.425+0000] {logging_mixin.py:188} INFO - [2024-05-25T00:11:03.425+0000] {dagbag.py:545} INFO - Filling up the DagBag from /home/airflow/.local/lib/python3.12/site-packages/airflow/example_dags/example_params_ui_tutorial.py
[2024-05-25T00:11:03.437+0000] {processor.py:840} INFO - DAG(s) 'example_params_ui_tutorial' retrieved from /home/airflow/.local/lib/python3.12/site-packages/airflow/example_dags/example_params_ui_tutorial.py
[2024-05-25T00:11:03.492+0000] {logging_mixin.py:188} INFO - [2024-05-25T00:11:03.491+0000] {dag.py:3096} INFO - Sync 1 DAGs
[2024-05-25T00:11:03.505+0000] {logging_mixin.py:188} INFO - [2024-05-25T00:11:03.504+0000] {dag.py:3954} INFO - Setting next_dagrun for example_params_ui_tutorial to None, run_after=None
[2024-05-25T00:11:03.524+0000] {processor.py:183} INFO - Processing /home/airflow/.local/lib/python3.12/site-packages/airflow/example_dags/example_params_ui_tutorial.py took 0.107 seconds
[2024-05-25T00:11:33.643+0000] {processor.py:161} INFO - Started process (PID=39811) to work on /home/airflow/.local/lib/python3.12/site-packages/airflow/example_dags/example_params_ui_tutorial.py
[2024-05-25T00:11:33.645+0000] {processor.py:830} INFO - Processing file /home/airflow/.local/lib/python3.12/site-packages/airflow/example_dags/example_params_ui_tutorial.py for tasks to queue
[2024-05-25T00:11:33.646+0000] {logging_mixin.py:188} INFO - [2024-05-25T00:11:33.646+0000] {dagbag.py:545} INFO - Filling up the DagBag from /home/airflow/.local/lib/python3.12/site-packages/airflow/example_dags/example_params_ui_tutorial.py
[2024-05-25T00:11:33.659+0000] {processor.py:840} INFO - DAG(s) 'example_params_ui_tutorial' retrieved from /home/airflow/.local/lib/python3.12/site-packages/airflow/example_dags/example_params_ui_tutorial.py
[2024-05-25T00:11:33.731+0000] {logging_mixin.py:188} INFO - [2024-05-25T00:11:33.731+0000] {dag.py:3096} INFO - Sync 1 DAGs
[2024-05-25T00:11:33.756+0000] {logging_mixin.py:188} INFO - [2024-05-25T00:11:33.755+0000] {dag.py:3954} INFO - Setting next_dagrun for example_params_ui_tutorial to None, run_after=None
[2024-05-25T00:11:33.788+0000] {processor.py:183} INFO - Processing /home/airflow/.local/lib/python3.12/site-packages/airflow/example_dags/example_params_ui_tutorial.py took 0.151 seconds
[2024-05-25T00:12:04.723+0000] {processor.py:161} INFO - Started process (PID=39869) to work on /home/airflow/.local/lib/python3.12/site-packages/airflow/example_dags/example_params_ui_tutorial.py
[2024-05-25T00:12:04.725+0000] {processor.py:830} INFO - Processing file /home/airflow/.local/lib/python3.12/site-packages/airflow/example_dags/example_params_ui_tutorial.py for tasks to queue
[2024-05-25T00:12:04.726+0000] {logging_mixin.py:188} INFO - [2024-05-25T00:12:04.726+0000] {dagbag.py:545} INFO - Filling up the DagBag from /home/airflow/.local/lib/python3.12/site-packages/airflow/example_dags/example_params_ui_tutorial.py
[2024-05-25T00:12:04.740+0000] {processor.py:840} INFO - DAG(s) 'example_params_ui_tutorial' retrieved from /home/airflow/.local/lib/python3.12/site-packages/airflow/example_dags/example_params_ui_tutorial.py
[2024-05-25T00:12:04.807+0000] {logging_mixin.py:188} INFO - [2024-05-25T00:12:04.807+0000] {dag.py:3096} INFO - Sync 1 DAGs
[2024-05-25T00:12:04.828+0000] {logging_mixin.py:188} INFO - [2024-05-25T00:12:04.827+0000] {dag.py:3954} INFO - Setting next_dagrun for example_params_ui_tutorial to None, run_after=None
[2024-05-25T00:12:04.869+0000] {processor.py:183} INFO - Processing /home/airflow/.local/lib/python3.12/site-packages/airflow/example_dags/example_params_ui_tutorial.py took 0.151 seconds
[2024-05-25T00:12:46.088+0000] {processor.py:161} INFO - Started process (PID=39902) to work on /home/airflow/.local/lib/python3.12/site-packages/airflow/example_dags/example_params_ui_tutorial.py
[2024-05-25T00:12:46.090+0000] {processor.py:830} INFO - Processing file /home/airflow/.local/lib/python3.12/site-packages/airflow/example_dags/example_params_ui_tutorial.py for tasks to queue
[2024-05-25T00:12:46.091+0000] {logging_mixin.py:188} INFO - [2024-05-25T00:12:46.090+0000] {dagbag.py:545} INFO - Filling up the DagBag from /home/airflow/.local/lib/python3.12/site-packages/airflow/example_dags/example_params_ui_tutorial.py
[2024-05-25T00:12:46.104+0000] {processor.py:840} INFO - DAG(s) 'example_params_ui_tutorial' retrieved from /home/airflow/.local/lib/python3.12/site-packages/airflow/example_dags/example_params_ui_tutorial.py
[2024-05-25T00:12:46.171+0000] {logging_mixin.py:188} INFO - [2024-05-25T00:12:46.171+0000] {dag.py:3096} INFO - Sync 1 DAGs
[2024-05-25T00:12:46.188+0000] {logging_mixin.py:188} INFO - [2024-05-25T00:12:46.188+0000] {dag.py:3954} INFO - Setting next_dagrun for example_params_ui_tutorial to None, run_after=None
[2024-05-25T00:12:46.217+0000] {processor.py:183} INFO - Processing /home/airflow/.local/lib/python3.12/site-packages/airflow/example_dags/example_params_ui_tutorial.py took 0.134 seconds
[2024-05-25T00:13:16.631+0000] {processor.py:161} INFO - Started process (PID=39957) to work on /home/airflow/.local/lib/python3.12/site-packages/airflow/example_dags/example_params_ui_tutorial.py
[2024-05-25T00:13:16.633+0000] {processor.py:830} INFO - Processing file /home/airflow/.local/lib/python3.12/site-packages/airflow/example_dags/example_params_ui_tutorial.py for tasks to queue
[2024-05-25T00:13:16.635+0000] {logging_mixin.py:188} INFO - [2024-05-25T00:13:16.634+0000] {dagbag.py:545} INFO - Filling up the DagBag from /home/airflow/.local/lib/python3.12/site-packages/airflow/example_dags/example_params_ui_tutorial.py
[2024-05-25T00:13:16.654+0000] {processor.py:840} INFO - DAG(s) 'example_params_ui_tutorial' retrieved from /home/airflow/.local/lib/python3.12/site-packages/airflow/example_dags/example_params_ui_tutorial.py
[2024-05-25T00:13:16.736+0000] {logging_mixin.py:188} INFO - [2024-05-25T00:13:16.736+0000] {dag.py:3096} INFO - Sync 1 DAGs
[2024-05-25T00:13:16.749+0000] {logging_mixin.py:188} INFO - [2024-05-25T00:13:16.749+0000] {dag.py:3954} INFO - Setting next_dagrun for example_params_ui_tutorial to None, run_after=None
[2024-05-25T00:13:16.777+0000] {processor.py:183} INFO - Processing /home/airflow/.local/lib/python3.12/site-packages/airflow/example_dags/example_params_ui_tutorial.py took 0.153 seconds
[2024-05-25T00:14:15.953+0000] {processor.py:161} INFO - Started process (PID=40002) to work on /home/airflow/.local/lib/python3.12/site-packages/airflow/example_dags/example_params_ui_tutorial.py
[2024-05-25T00:14:15.954+0000] {processor.py:830} INFO - Processing file /home/airflow/.local/lib/python3.12/site-packages/airflow/example_dags/example_params_ui_tutorial.py for tasks to queue
[2024-05-25T00:14:15.956+0000] {logging_mixin.py:188} INFO - [2024-05-25T00:14:15.955+0000] {dagbag.py:545} INFO - Filling up the DagBag from /home/airflow/.local/lib/python3.12/site-packages/airflow/example_dags/example_params_ui_tutorial.py
[2024-05-25T00:14:15.970+0000] {processor.py:840} INFO - DAG(s) 'example_params_ui_tutorial' retrieved from /home/airflow/.local/lib/python3.12/site-packages/airflow/example_dags/example_params_ui_tutorial.py
[2024-05-25T00:14:16.027+0000] {logging_mixin.py:188} INFO - [2024-05-25T00:14:16.026+0000] {dag.py:3096} INFO - Sync 1 DAGs
[2024-05-25T00:14:16.054+0000] {logging_mixin.py:188} INFO - [2024-05-25T00:14:16.053+0000] {dag.py:3954} INFO - Setting next_dagrun for example_params_ui_tutorial to None, run_after=None
[2024-05-25T00:14:16.089+0000] {processor.py:183} INFO - Processing /home/airflow/.local/lib/python3.12/site-packages/airflow/example_dags/example_params_ui_tutorial.py took 0.142 seconds
[2024-05-25T00:14:46.719+0000] {processor.py:161} INFO - Started process (PID=40059) to work on /home/airflow/.local/lib/python3.12/site-packages/airflow/example_dags/example_params_ui_tutorial.py
[2024-05-25T00:14:46.720+0000] {processor.py:830} INFO - Processing file /home/airflow/.local/lib/python3.12/site-packages/airflow/example_dags/example_params_ui_tutorial.py for tasks to queue
[2024-05-25T00:14:46.723+0000] {logging_mixin.py:188} INFO - [2024-05-25T00:14:46.722+0000] {dagbag.py:545} INFO - Filling up the DagBag from /home/airflow/.local/lib/python3.12/site-packages/airflow/example_dags/example_params_ui_tutorial.py
[2024-05-25T00:14:46.741+0000] {processor.py:840} INFO - DAG(s) 'example_params_ui_tutorial' retrieved from /home/airflow/.local/lib/python3.12/site-packages/airflow/example_dags/example_params_ui_tutorial.py
[2024-05-25T00:14:46.841+0000] {logging_mixin.py:188} INFO - [2024-05-25T00:14:46.841+0000] {dag.py:3096} INFO - Sync 1 DAGs
[2024-05-25T00:14:46.858+0000] {logging_mixin.py:188} INFO - [2024-05-25T00:14:46.858+0000] {dag.py:3954} INFO - Setting next_dagrun for example_params_ui_tutorial to None, run_after=None
[2024-05-25T00:14:46.888+0000] {processor.py:183} INFO - Processing /home/airflow/.local/lib/python3.12/site-packages/airflow/example_dags/example_params_ui_tutorial.py took 0.175 seconds
[2024-05-25T00:15:19.953+0000] {processor.py:161} INFO - Started process (PID=40083) to work on /home/airflow/.local/lib/python3.12/site-packages/airflow/example_dags/example_params_ui_tutorial.py
[2024-05-25T00:15:19.955+0000] {processor.py:830} INFO - Processing file /home/airflow/.local/lib/python3.12/site-packages/airflow/example_dags/example_params_ui_tutorial.py for tasks to queue
[2024-05-25T00:15:19.956+0000] {logging_mixin.py:188} INFO - [2024-05-25T00:15:19.956+0000] {dagbag.py:545} INFO - Filling up the DagBag from /home/airflow/.local/lib/python3.12/site-packages/airflow/example_dags/example_params_ui_tutorial.py
[2024-05-25T00:15:19.978+0000] {processor.py:840} INFO - DAG(s) 'example_params_ui_tutorial' retrieved from /home/airflow/.local/lib/python3.12/site-packages/airflow/example_dags/example_params_ui_tutorial.py
[2024-05-25T00:15:20.061+0000] {logging_mixin.py:188} INFO - [2024-05-25T00:15:20.061+0000] {dag.py:3096} INFO - Sync 1 DAGs
[2024-05-25T00:15:20.074+0000] {logging_mixin.py:188} INFO - [2024-05-25T00:15:20.074+0000] {dag.py:3954} INFO - Setting next_dagrun for example_params_ui_tutorial to None, run_after=None
[2024-05-25T00:15:20.096+0000] {processor.py:183} INFO - Processing /home/airflow/.local/lib/python3.12/site-packages/airflow/example_dags/example_params_ui_tutorial.py took 0.151 seconds
[2024-05-25T00:15:50.191+0000] {processor.py:161} INFO - Started process (PID=40138) to work on /home/airflow/.local/lib/python3.12/site-packages/airflow/example_dags/example_params_ui_tutorial.py
[2024-05-25T00:15:50.193+0000] {processor.py:830} INFO - Processing file /home/airflow/.local/lib/python3.12/site-packages/airflow/example_dags/example_params_ui_tutorial.py for tasks to queue
[2024-05-25T00:15:50.194+0000] {logging_mixin.py:188} INFO - [2024-05-25T00:15:50.194+0000] {dagbag.py:545} INFO - Filling up the DagBag from /home/airflow/.local/lib/python3.12/site-packages/airflow/example_dags/example_params_ui_tutorial.py
[2024-05-25T00:15:50.208+0000] {processor.py:840} INFO - DAG(s) 'example_params_ui_tutorial' retrieved from /home/airflow/.local/lib/python3.12/site-packages/airflow/example_dags/example_params_ui_tutorial.py
[2024-05-25T00:15:50.269+0000] {logging_mixin.py:188} INFO - [2024-05-25T00:15:50.268+0000] {dag.py:3096} INFO - Sync 1 DAGs
[2024-05-25T00:15:50.288+0000] {logging_mixin.py:188} INFO - [2024-05-25T00:15:50.287+0000] {dag.py:3954} INFO - Setting next_dagrun for example_params_ui_tutorial to None, run_after=None
[2024-05-25T00:15:50.482+0000] {processor.py:183} INFO - Processing /home/airflow/.local/lib/python3.12/site-packages/airflow/example_dags/example_params_ui_tutorial.py took 0.297 seconds
[2024-05-25T00:16:21.253+0000] {processor.py:161} INFO - Started process (PID=40196) to work on /home/airflow/.local/lib/python3.12/site-packages/airflow/example_dags/example_params_ui_tutorial.py
[2024-05-25T00:16:21.254+0000] {processor.py:830} INFO - Processing file /home/airflow/.local/lib/python3.12/site-packages/airflow/example_dags/example_params_ui_tutorial.py for tasks to queue
[2024-05-25T00:16:21.255+0000] {logging_mixin.py:188} INFO - [2024-05-25T00:16:21.255+0000] {dagbag.py:545} INFO - Filling up the DagBag from /home/airflow/.local/lib/python3.12/site-packages/airflow/example_dags/example_params_ui_tutorial.py
[2024-05-25T00:16:21.268+0000] {processor.py:840} INFO - DAG(s) 'example_params_ui_tutorial' retrieved from /home/airflow/.local/lib/python3.12/site-packages/airflow/example_dags/example_params_ui_tutorial.py
[2024-05-25T00:16:21.327+0000] {logging_mixin.py:188} INFO - [2024-05-25T00:16:21.326+0000] {dag.py:3096} INFO - Sync 1 DAGs
[2024-05-25T00:16:21.342+0000] {logging_mixin.py:188} INFO - [2024-05-25T00:16:21.342+0000] {dag.py:3954} INFO - Setting next_dagrun for example_params_ui_tutorial to None, run_after=None
[2024-05-25T00:16:21.367+0000] {processor.py:183} INFO - Processing /home/airflow/.local/lib/python3.12/site-packages/airflow/example_dags/example_params_ui_tutorial.py took 0.120 seconds
[2024-05-25T00:16:51.443+0000] {processor.py:161} INFO - Started process (PID=40254) to work on /home/airflow/.local/lib/python3.12/site-packages/airflow/example_dags/example_params_ui_tutorial.py
[2024-05-25T00:16:51.444+0000] {processor.py:830} INFO - Processing file /home/airflow/.local/lib/python3.12/site-packages/airflow/example_dags/example_params_ui_tutorial.py for tasks to queue
[2024-05-25T00:16:51.446+0000] {logging_mixin.py:188} INFO - [2024-05-25T00:16:51.445+0000] {dagbag.py:545} INFO - Filling up the DagBag from /home/airflow/.local/lib/python3.12/site-packages/airflow/example_dags/example_params_ui_tutorial.py
[2024-05-25T00:16:51.467+0000] {processor.py:840} INFO - DAG(s) 'example_params_ui_tutorial' retrieved from /home/airflow/.local/lib/python3.12/site-packages/airflow/example_dags/example_params_ui_tutorial.py
[2024-05-25T00:16:51.523+0000] {logging_mixin.py:188} INFO - [2024-05-25T00:16:51.523+0000] {dag.py:3096} INFO - Sync 1 DAGs
[2024-05-25T00:16:51.534+0000] {logging_mixin.py:188} INFO - [2024-05-25T00:16:51.534+0000] {dag.py:3954} INFO - Setting next_dagrun for example_params_ui_tutorial to None, run_after=None
[2024-05-25T00:16:51.556+0000] {processor.py:183} INFO - Processing /home/airflow/.local/lib/python3.12/site-packages/airflow/example_dags/example_params_ui_tutorial.py took 0.119 seconds
[2024-05-25T00:17:21.683+0000] {processor.py:161} INFO - Started process (PID=40310) to work on /home/airflow/.local/lib/python3.12/site-packages/airflow/example_dags/example_params_ui_tutorial.py
[2024-05-25T00:17:21.684+0000] {processor.py:830} INFO - Processing file /home/airflow/.local/lib/python3.12/site-packages/airflow/example_dags/example_params_ui_tutorial.py for tasks to queue
[2024-05-25T00:17:21.686+0000] {logging_mixin.py:188} INFO - [2024-05-25T00:17:21.685+0000] {dagbag.py:545} INFO - Filling up the DagBag from /home/airflow/.local/lib/python3.12/site-packages/airflow/example_dags/example_params_ui_tutorial.py
[2024-05-25T00:17:21.697+0000] {processor.py:840} INFO - DAG(s) 'example_params_ui_tutorial' retrieved from /home/airflow/.local/lib/python3.12/site-packages/airflow/example_dags/example_params_ui_tutorial.py
[2024-05-25T00:17:21.748+0000] {logging_mixin.py:188} INFO - [2024-05-25T00:17:21.748+0000] {dag.py:3096} INFO - Sync 1 DAGs
[2024-05-25T00:17:21.760+0000] {logging_mixin.py:188} INFO - [2024-05-25T00:17:21.759+0000] {dag.py:3954} INFO - Setting next_dagrun for example_params_ui_tutorial to None, run_after=None
[2024-05-25T00:17:21.777+0000] {processor.py:183} INFO - Processing /home/airflow/.local/lib/python3.12/site-packages/airflow/example_dags/example_params_ui_tutorial.py took 0.099 seconds
[2024-05-25T00:17:51.860+0000] {processor.py:161} INFO - Started process (PID=40368) to work on /home/airflow/.local/lib/python3.12/site-packages/airflow/example_dags/example_params_ui_tutorial.py
[2024-05-25T00:17:51.862+0000] {processor.py:830} INFO - Processing file /home/airflow/.local/lib/python3.12/site-packages/airflow/example_dags/example_params_ui_tutorial.py for tasks to queue
[2024-05-25T00:17:51.863+0000] {logging_mixin.py:188} INFO - [2024-05-25T00:17:51.863+0000] {dagbag.py:545} INFO - Filling up the DagBag from /home/airflow/.local/lib/python3.12/site-packages/airflow/example_dags/example_params_ui_tutorial.py
[2024-05-25T00:17:51.877+0000] {processor.py:840} INFO - DAG(s) 'example_params_ui_tutorial' retrieved from /home/airflow/.local/lib/python3.12/site-packages/airflow/example_dags/example_params_ui_tutorial.py
[2024-05-25T00:17:51.920+0000] {logging_mixin.py:188} INFO - [2024-05-25T00:17:51.920+0000] {dag.py:3096} INFO - Sync 1 DAGs
[2024-05-25T00:17:51.931+0000] {logging_mixin.py:188} INFO - [2024-05-25T00:17:51.931+0000] {dag.py:3954} INFO - Setting next_dagrun for example_params_ui_tutorial to None, run_after=None
[2024-05-25T00:17:51.947+0000] {processor.py:183} INFO - Processing /home/airflow/.local/lib/python3.12/site-packages/airflow/example_dags/example_params_ui_tutorial.py took 0.094 seconds
[2024-05-25T00:18:22.088+0000] {processor.py:161} INFO - Started process (PID=40426) to work on /home/airflow/.local/lib/python3.12/site-packages/airflow/example_dags/example_params_ui_tutorial.py
[2024-05-25T00:18:22.090+0000] {processor.py:830} INFO - Processing file /home/airflow/.local/lib/python3.12/site-packages/airflow/example_dags/example_params_ui_tutorial.py for tasks to queue
[2024-05-25T00:18:22.091+0000] {logging_mixin.py:188} INFO - [2024-05-25T00:18:22.091+0000] {dagbag.py:545} INFO - Filling up the DagBag from /home/airflow/.local/lib/python3.12/site-packages/airflow/example_dags/example_params_ui_tutorial.py
[2024-05-25T00:18:22.102+0000] {processor.py:840} INFO - DAG(s) 'example_params_ui_tutorial' retrieved from /home/airflow/.local/lib/python3.12/site-packages/airflow/example_dags/example_params_ui_tutorial.py
[2024-05-25T00:18:22.148+0000] {logging_mixin.py:188} INFO - [2024-05-25T00:18:22.148+0000] {dag.py:3096} INFO - Sync 1 DAGs
[2024-05-25T00:18:22.161+0000] {logging_mixin.py:188} INFO - [2024-05-25T00:18:22.160+0000] {dag.py:3954} INFO - Setting next_dagrun for example_params_ui_tutorial to None, run_after=None
[2024-05-25T00:18:22.177+0000] {processor.py:183} INFO - Processing /home/airflow/.local/lib/python3.12/site-packages/airflow/example_dags/example_params_ui_tutorial.py took 0.094 seconds
