[2024-05-25T00:00:16.331+0000] {processor.py:161} INFO - Started process (PID=38635) to work on /home/airflow/.local/lib/python3.12/site-packages/airflow/example_dags/example_python_operator.py
[2024-05-25T00:00:16.333+0000] {processor.py:830} INFO - Processing file /home/airflow/.local/lib/python3.12/site-packages/airflow/example_dags/example_python_operator.py for tasks to queue
[2024-05-25T00:00:16.335+0000] {logging_mixin.py:188} INFO - [2024-05-25T00:00:16.334+0000] {dagbag.py:545} INFO - Filling up the DagBag from /home/airflow/.local/lib/python3.12/site-packages/airflow/example_dags/example_python_operator.py
[2024-05-25T00:00:16.347+0000] {processor.py:840} INFO - DAG(s) 'example_python_operator' retrieved from /home/airflow/.local/lib/python3.12/site-packages/airflow/example_dags/example_python_operator.py
[2024-05-25T00:00:16.373+0000] {logging_mixin.py:188} INFO - [2024-05-25T00:00:16.373+0000] {dag.py:3096} INFO - Sync 1 DAGs
[2024-05-25T00:00:16.387+0000] {logging_mixin.py:188} INFO - [2024-05-25T00:00:16.387+0000] {dag.py:3954} INFO - Setting next_dagrun for example_python_operator to None, run_after=None
[2024-05-25T00:00:16.409+0000] {processor.py:183} INFO - Processing /home/airflow/.local/lib/python3.12/site-packages/airflow/example_dags/example_python_operator.py took 0.084 seconds
[2024-05-25T00:00:46.520+0000] {processor.py:161} INFO - Started process (PID=38693) to work on /home/airflow/.local/lib/python3.12/site-packages/airflow/example_dags/example_python_operator.py
[2024-05-25T00:00:46.522+0000] {processor.py:830} INFO - Processing file /home/airflow/.local/lib/python3.12/site-packages/airflow/example_dags/example_python_operator.py for tasks to queue
[2024-05-25T00:00:46.524+0000] {logging_mixin.py:188} INFO - [2024-05-25T00:00:46.524+0000] {dagbag.py:545} INFO - Filling up the DagBag from /home/airflow/.local/lib/python3.12/site-packages/airflow/example_dags/example_python_operator.py
[2024-05-25T00:00:46.535+0000] {processor.py:840} INFO - DAG(s) 'example_python_operator' retrieved from /home/airflow/.local/lib/python3.12/site-packages/airflow/example_dags/example_python_operator.py
[2024-05-25T00:00:46.561+0000] {logging_mixin.py:188} INFO - [2024-05-25T00:00:46.560+0000] {dag.py:3096} INFO - Sync 1 DAGs
[2024-05-25T00:00:46.573+0000] {logging_mixin.py:188} INFO - [2024-05-25T00:00:46.572+0000] {dag.py:3954} INFO - Setting next_dagrun for example_python_operator to None, run_after=None
[2024-05-25T00:00:46.594+0000] {processor.py:183} INFO - Processing /home/airflow/.local/lib/python3.12/site-packages/airflow/example_dags/example_python_operator.py took 0.081 seconds
[2024-05-25T00:01:17.032+0000] {processor.py:161} INFO - Started process (PID=38751) to work on /home/airflow/.local/lib/python3.12/site-packages/airflow/example_dags/example_python_operator.py
[2024-05-25T00:01:17.033+0000] {processor.py:830} INFO - Processing file /home/airflow/.local/lib/python3.12/site-packages/airflow/example_dags/example_python_operator.py for tasks to queue
[2024-05-25T00:01:17.034+0000] {logging_mixin.py:188} INFO - [2024-05-25T00:01:17.034+0000] {dagbag.py:545} INFO - Filling up the DagBag from /home/airflow/.local/lib/python3.12/site-packages/airflow/example_dags/example_python_operator.py
[2024-05-25T00:01:17.052+0000] {processor.py:840} INFO - DAG(s) 'example_python_operator' retrieved from /home/airflow/.local/lib/python3.12/site-packages/airflow/example_dags/example_python_operator.py
[2024-05-25T00:01:17.082+0000] {logging_mixin.py:188} INFO - [2024-05-25T00:01:17.082+0000] {dag.py:3096} INFO - Sync 1 DAGs
[2024-05-25T00:01:17.096+0000] {logging_mixin.py:188} INFO - [2024-05-25T00:01:17.096+0000] {dag.py:3954} INFO - Setting next_dagrun for example_python_operator to None, run_after=None
[2024-05-25T00:01:17.119+0000] {processor.py:183} INFO - Processing /home/airflow/.local/lib/python3.12/site-packages/airflow/example_dags/example_python_operator.py took 0.093 seconds
[2024-05-25T00:01:47.855+0000] {processor.py:161} INFO - Started process (PID=38809) to work on /home/airflow/.local/lib/python3.12/site-packages/airflow/example_dags/example_python_operator.py
[2024-05-25T00:01:47.857+0000] {processor.py:830} INFO - Processing file /home/airflow/.local/lib/python3.12/site-packages/airflow/example_dags/example_python_operator.py for tasks to queue
[2024-05-25T00:01:47.860+0000] {logging_mixin.py:188} INFO - [2024-05-25T00:01:47.860+0000] {dagbag.py:545} INFO - Filling up the DagBag from /home/airflow/.local/lib/python3.12/site-packages/airflow/example_dags/example_python_operator.py
[2024-05-25T00:01:47.882+0000] {processor.py:840} INFO - DAG(s) 'example_python_operator' retrieved from /home/airflow/.local/lib/python3.12/site-packages/airflow/example_dags/example_python_operator.py
[2024-05-25T00:01:47.919+0000] {logging_mixin.py:188} INFO - [2024-05-25T00:01:47.919+0000] {dag.py:3096} INFO - Sync 1 DAGs
[2024-05-25T00:01:47.937+0000] {logging_mixin.py:188} INFO - [2024-05-25T00:01:47.937+0000] {dag.py:3954} INFO - Setting next_dagrun for example_python_operator to None, run_after=None
[2024-05-25T00:01:47.971+0000] {processor.py:183} INFO - Processing /home/airflow/.local/lib/python3.12/site-packages/airflow/example_dags/example_python_operator.py took 0.128 seconds
[2024-05-25T00:02:18.191+0000] {processor.py:161} INFO - Started process (PID=38866) to work on /home/airflow/.local/lib/python3.12/site-packages/airflow/example_dags/example_python_operator.py
[2024-05-25T00:02:18.192+0000] {processor.py:830} INFO - Processing file /home/airflow/.local/lib/python3.12/site-packages/airflow/example_dags/example_python_operator.py for tasks to queue
[2024-05-25T00:02:18.195+0000] {logging_mixin.py:188} INFO - [2024-05-25T00:02:18.194+0000] {dagbag.py:545} INFO - Filling up the DagBag from /home/airflow/.local/lib/python3.12/site-packages/airflow/example_dags/example_python_operator.py
[2024-05-25T00:02:18.208+0000] {processor.py:840} INFO - DAG(s) 'example_python_operator' retrieved from /home/airflow/.local/lib/python3.12/site-packages/airflow/example_dags/example_python_operator.py
[2024-05-25T00:02:18.241+0000] {logging_mixin.py:188} INFO - [2024-05-25T00:02:18.241+0000] {dag.py:3096} INFO - Sync 1 DAGs
[2024-05-25T00:02:18.260+0000] {logging_mixin.py:188} INFO - [2024-05-25T00:02:18.260+0000] {dag.py:3954} INFO - Setting next_dagrun for example_python_operator to None, run_after=None
[2024-05-25T00:02:18.296+0000] {processor.py:183} INFO - Processing /home/airflow/.local/lib/python3.12/site-packages/airflow/example_dags/example_python_operator.py took 0.111 seconds
[2024-05-25T00:02:49.978+0000] {processor.py:161} INFO - Started process (PID=38925) to work on /home/airflow/.local/lib/python3.12/site-packages/airflow/example_dags/example_python_operator.py
[2024-05-25T00:02:49.979+0000] {processor.py:830} INFO - Processing file /home/airflow/.local/lib/python3.12/site-packages/airflow/example_dags/example_python_operator.py for tasks to queue
[2024-05-25T00:02:49.985+0000] {logging_mixin.py:188} INFO - [2024-05-25T00:02:49.984+0000] {dagbag.py:545} INFO - Filling up the DagBag from /home/airflow/.local/lib/python3.12/site-packages/airflow/example_dags/example_python_operator.py
[2024-05-25T00:02:50.000+0000] {processor.py:840} INFO - DAG(s) 'example_python_operator' retrieved from /home/airflow/.local/lib/python3.12/site-packages/airflow/example_dags/example_python_operator.py
[2024-05-25T00:02:50.036+0000] {logging_mixin.py:188} INFO - [2024-05-25T00:02:50.036+0000] {dag.py:3096} INFO - Sync 1 DAGs
[2024-05-25T00:02:50.055+0000] {logging_mixin.py:188} INFO - [2024-05-25T00:02:50.054+0000] {dag.py:3954} INFO - Setting next_dagrun for example_python_operator to None, run_after=None
[2024-05-25T00:02:50.122+0000] {processor.py:183} INFO - Processing /home/airflow/.local/lib/python3.12/site-packages/airflow/example_dags/example_python_operator.py took 0.154 seconds
[2024-05-25T00:03:21.220+0000] {processor.py:161} INFO - Started process (PID=38987) to work on /home/airflow/.local/lib/python3.12/site-packages/airflow/example_dags/example_python_operator.py
[2024-05-25T00:03:21.223+0000] {processor.py:830} INFO - Processing file /home/airflow/.local/lib/python3.12/site-packages/airflow/example_dags/example_python_operator.py for tasks to queue
[2024-05-25T00:03:21.226+0000] {logging_mixin.py:188} INFO - [2024-05-25T00:03:21.226+0000] {dagbag.py:545} INFO - Filling up the DagBag from /home/airflow/.local/lib/python3.12/site-packages/airflow/example_dags/example_python_operator.py
[2024-05-25T00:03:21.237+0000] {processor.py:840} INFO - DAG(s) 'example_python_operator' retrieved from /home/airflow/.local/lib/python3.12/site-packages/airflow/example_dags/example_python_operator.py
[2024-05-25T00:03:21.269+0000] {logging_mixin.py:188} INFO - [2024-05-25T00:03:21.269+0000] {dag.py:3096} INFO - Sync 1 DAGs
[2024-05-25T00:03:21.285+0000] {logging_mixin.py:188} INFO - [2024-05-25T00:03:21.285+0000] {dag.py:3954} INFO - Setting next_dagrun for example_python_operator to None, run_after=None
[2024-05-25T00:03:21.318+0000] {processor.py:183} INFO - Processing /home/airflow/.local/lib/python3.12/site-packages/airflow/example_dags/example_python_operator.py took 0.105 seconds
[2024-05-25T00:03:51.472+0000] {processor.py:161} INFO - Started process (PID=39045) to work on /home/airflow/.local/lib/python3.12/site-packages/airflow/example_dags/example_python_operator.py
[2024-05-25T00:03:51.473+0000] {processor.py:830} INFO - Processing file /home/airflow/.local/lib/python3.12/site-packages/airflow/example_dags/example_python_operator.py for tasks to queue
[2024-05-25T00:03:51.476+0000] {logging_mixin.py:188} INFO - [2024-05-25T00:03:51.475+0000] {dagbag.py:545} INFO - Filling up the DagBag from /home/airflow/.local/lib/python3.12/site-packages/airflow/example_dags/example_python_operator.py
[2024-05-25T00:03:51.491+0000] {processor.py:840} INFO - DAG(s) 'example_python_operator' retrieved from /home/airflow/.local/lib/python3.12/site-packages/airflow/example_dags/example_python_operator.py
[2024-05-25T00:03:51.537+0000] {logging_mixin.py:188} INFO - [2024-05-25T00:03:51.536+0000] {dag.py:3096} INFO - Sync 1 DAGs
[2024-05-25T00:03:51.552+0000] {logging_mixin.py:188} INFO - [2024-05-25T00:03:51.552+0000] {dag.py:3954} INFO - Setting next_dagrun for example_python_operator to None, run_after=None
[2024-05-25T00:03:51.590+0000] {processor.py:183} INFO - Processing /home/airflow/.local/lib/python3.12/site-packages/airflow/example_dags/example_python_operator.py took 0.123 seconds
[2024-05-25T00:04:21.813+0000] {processor.py:161} INFO - Started process (PID=39101) to work on /home/airflow/.local/lib/python3.12/site-packages/airflow/example_dags/example_python_operator.py
[2024-05-25T00:04:21.815+0000] {processor.py:830} INFO - Processing file /home/airflow/.local/lib/python3.12/site-packages/airflow/example_dags/example_python_operator.py for tasks to queue
[2024-05-25T00:04:21.819+0000] {logging_mixin.py:188} INFO - [2024-05-25T00:04:21.819+0000] {dagbag.py:545} INFO - Filling up the DagBag from /home/airflow/.local/lib/python3.12/site-packages/airflow/example_dags/example_python_operator.py
[2024-05-25T00:04:21.836+0000] {processor.py:840} INFO - DAG(s) 'example_python_operator' retrieved from /home/airflow/.local/lib/python3.12/site-packages/airflow/example_dags/example_python_operator.py
[2024-05-25T00:04:21.863+0000] {logging_mixin.py:188} INFO - [2024-05-25T00:04:21.862+0000] {dag.py:3096} INFO - Sync 1 DAGs
[2024-05-25T00:04:21.881+0000] {logging_mixin.py:188} INFO - [2024-05-25T00:04:21.880+0000] {dag.py:3954} INFO - Setting next_dagrun for example_python_operator to None, run_after=None
[2024-05-25T00:04:21.906+0000] {processor.py:183} INFO - Processing /home/airflow/.local/lib/python3.12/site-packages/airflow/example_dags/example_python_operator.py took 0.100 seconds
[2024-05-25T00:04:53.880+0000] {processor.py:161} INFO - Started process (PID=39159) to work on /home/airflow/.local/lib/python3.12/site-packages/airflow/example_dags/example_python_operator.py
[2024-05-25T00:04:53.882+0000] {processor.py:830} INFO - Processing file /home/airflow/.local/lib/python3.12/site-packages/airflow/example_dags/example_python_operator.py for tasks to queue
[2024-05-25T00:04:53.885+0000] {logging_mixin.py:188} INFO - [2024-05-25T00:04:53.884+0000] {dagbag.py:545} INFO - Filling up the DagBag from /home/airflow/.local/lib/python3.12/site-packages/airflow/example_dags/example_python_operator.py
[2024-05-25T00:04:53.944+0000] {processor.py:840} INFO - DAG(s) 'example_python_operator' retrieved from /home/airflow/.local/lib/python3.12/site-packages/airflow/example_dags/example_python_operator.py
[2024-05-25T00:04:54.871+0000] {logging_mixin.py:188} INFO - [2024-05-25T00:04:54.863+0000] {dag.py:3096} INFO - Sync 1 DAGs
[2024-05-25T00:04:54.895+0000] {logging_mixin.py:188} INFO - [2024-05-25T00:04:54.895+0000] {dag.py:3954} INFO - Setting next_dagrun for example_python_operator to None, run_after=None
[2024-05-25T00:04:54.972+0000] {processor.py:183} INFO - Processing /home/airflow/.local/lib/python3.12/site-packages/airflow/example_dags/example_python_operator.py took 1.106 seconds
[2024-05-25T00:05:25.638+0000] {processor.py:161} INFO - Started process (PID=39217) to work on /home/airflow/.local/lib/python3.12/site-packages/airflow/example_dags/example_python_operator.py
[2024-05-25T00:05:25.639+0000] {processor.py:830} INFO - Processing file /home/airflow/.local/lib/python3.12/site-packages/airflow/example_dags/example_python_operator.py for tasks to queue
[2024-05-25T00:05:25.641+0000] {logging_mixin.py:188} INFO - [2024-05-25T00:05:25.641+0000] {dagbag.py:545} INFO - Filling up the DagBag from /home/airflow/.local/lib/python3.12/site-packages/airflow/example_dags/example_python_operator.py
[2024-05-25T00:05:25.655+0000] {processor.py:840} INFO - DAG(s) 'example_python_operator' retrieved from /home/airflow/.local/lib/python3.12/site-packages/airflow/example_dags/example_python_operator.py
[2024-05-25T00:05:25.683+0000] {logging_mixin.py:188} INFO - [2024-05-25T00:05:25.683+0000] {dag.py:3096} INFO - Sync 1 DAGs
[2024-05-25T00:05:25.698+0000] {logging_mixin.py:188} INFO - [2024-05-25T00:05:25.698+0000] {dag.py:3954} INFO - Setting next_dagrun for example_python_operator to None, run_after=None
[2024-05-25T00:05:25.720+0000] {processor.py:183} INFO - Processing /home/airflow/.local/lib/python3.12/site-packages/airflow/example_dags/example_python_operator.py took 0.087 seconds
[2024-05-25T00:05:55.797+0000] {processor.py:161} INFO - Started process (PID=39275) to work on /home/airflow/.local/lib/python3.12/site-packages/airflow/example_dags/example_python_operator.py
[2024-05-25T00:05:55.799+0000] {processor.py:830} INFO - Processing file /home/airflow/.local/lib/python3.12/site-packages/airflow/example_dags/example_python_operator.py for tasks to queue
[2024-05-25T00:05:55.801+0000] {logging_mixin.py:188} INFO - [2024-05-25T00:05:55.800+0000] {dagbag.py:545} INFO - Filling up the DagBag from /home/airflow/.local/lib/python3.12/site-packages/airflow/example_dags/example_python_operator.py
[2024-05-25T00:05:55.812+0000] {processor.py:840} INFO - DAG(s) 'example_python_operator' retrieved from /home/airflow/.local/lib/python3.12/site-packages/airflow/example_dags/example_python_operator.py
[2024-05-25T00:05:55.838+0000] {logging_mixin.py:188} INFO - [2024-05-25T00:05:55.837+0000] {dag.py:3096} INFO - Sync 1 DAGs
[2024-05-25T00:05:55.852+0000] {logging_mixin.py:188} INFO - [2024-05-25T00:05:55.852+0000] {dag.py:3954} INFO - Setting next_dagrun for example_python_operator to None, run_after=None
[2024-05-25T00:05:55.875+0000] {processor.py:183} INFO - Processing /home/airflow/.local/lib/python3.12/site-packages/airflow/example_dags/example_python_operator.py took 0.084 seconds
[2024-05-25T00:06:25.914+0000] {processor.py:161} INFO - Started process (PID=39332) to work on /home/airflow/.local/lib/python3.12/site-packages/airflow/example_dags/example_python_operator.py
[2024-05-25T00:06:25.916+0000] {processor.py:830} INFO - Processing file /home/airflow/.local/lib/python3.12/site-packages/airflow/example_dags/example_python_operator.py for tasks to queue
[2024-05-25T00:06:25.918+0000] {logging_mixin.py:188} INFO - [2024-05-25T00:06:25.918+0000] {dagbag.py:545} INFO - Filling up the DagBag from /home/airflow/.local/lib/python3.12/site-packages/airflow/example_dags/example_python_operator.py
[2024-05-25T00:06:25.927+0000] {processor.py:840} INFO - DAG(s) 'example_python_operator' retrieved from /home/airflow/.local/lib/python3.12/site-packages/airflow/example_dags/example_python_operator.py
[2024-05-25T00:06:25.949+0000] {logging_mixin.py:188} INFO - [2024-05-25T00:06:25.949+0000] {dag.py:3096} INFO - Sync 1 DAGs
[2024-05-25T00:06:25.960+0000] {logging_mixin.py:188} INFO - [2024-05-25T00:06:25.960+0000] {dag.py:3954} INFO - Setting next_dagrun for example_python_operator to None, run_after=None
[2024-05-25T00:06:25.980+0000] {processor.py:183} INFO - Processing /home/airflow/.local/lib/python3.12/site-packages/airflow/example_dags/example_python_operator.py took 0.071 seconds
[2024-05-25T00:06:56.572+0000] {processor.py:161} INFO - Started process (PID=39391) to work on /home/airflow/.local/lib/python3.12/site-packages/airflow/example_dags/example_python_operator.py
[2024-05-25T00:06:56.575+0000] {processor.py:830} INFO - Processing file /home/airflow/.local/lib/python3.12/site-packages/airflow/example_dags/example_python_operator.py for tasks to queue
[2024-05-25T00:06:56.579+0000] {logging_mixin.py:188} INFO - [2024-05-25T00:06:56.578+0000] {dagbag.py:545} INFO - Filling up the DagBag from /home/airflow/.local/lib/python3.12/site-packages/airflow/example_dags/example_python_operator.py
[2024-05-25T00:06:56.609+0000] {processor.py:840} INFO - DAG(s) 'example_python_operator' retrieved from /home/airflow/.local/lib/python3.12/site-packages/airflow/example_dags/example_python_operator.py
[2024-05-25T00:06:56.690+0000] {logging_mixin.py:188} INFO - [2024-05-25T00:06:56.690+0000] {dag.py:3096} INFO - Sync 1 DAGs
[2024-05-25T00:06:56.711+0000] {logging_mixin.py:188} INFO - [2024-05-25T00:06:56.710+0000] {dag.py:3954} INFO - Setting next_dagrun for example_python_operator to None, run_after=None
[2024-05-25T00:06:56.743+0000] {processor.py:183} INFO - Processing /home/airflow/.local/lib/python3.12/site-packages/airflow/example_dags/example_python_operator.py took 0.180 seconds
[2024-05-25T00:07:26.853+0000] {processor.py:161} INFO - Started process (PID=39449) to work on /home/airflow/.local/lib/python3.12/site-packages/airflow/example_dags/example_python_operator.py
[2024-05-25T00:07:26.855+0000] {processor.py:830} INFO - Processing file /home/airflow/.local/lib/python3.12/site-packages/airflow/example_dags/example_python_operator.py for tasks to queue
[2024-05-25T00:07:26.857+0000] {logging_mixin.py:188} INFO - [2024-05-25T00:07:26.856+0000] {dagbag.py:545} INFO - Filling up the DagBag from /home/airflow/.local/lib/python3.12/site-packages/airflow/example_dags/example_python_operator.py
[2024-05-25T00:07:26.871+0000] {processor.py:840} INFO - DAG(s) 'example_python_operator' retrieved from /home/airflow/.local/lib/python3.12/site-packages/airflow/example_dags/example_python_operator.py
[2024-05-25T00:07:26.910+0000] {logging_mixin.py:188} INFO - [2024-05-25T00:07:26.909+0000] {dag.py:3096} INFO - Sync 1 DAGs
[2024-05-25T00:07:26.926+0000] {logging_mixin.py:188} INFO - [2024-05-25T00:07:26.926+0000] {dag.py:3954} INFO - Setting next_dagrun for example_python_operator to None, run_after=None
[2024-05-25T00:07:26.955+0000] {processor.py:183} INFO - Processing /home/airflow/.local/lib/python3.12/site-packages/airflow/example_dags/example_python_operator.py took 0.108 seconds
[2024-05-25T00:07:57.017+0000] {processor.py:161} INFO - Started process (PID=39506) to work on /home/airflow/.local/lib/python3.12/site-packages/airflow/example_dags/example_python_operator.py
[2024-05-25T00:07:57.018+0000] {processor.py:830} INFO - Processing file /home/airflow/.local/lib/python3.12/site-packages/airflow/example_dags/example_python_operator.py for tasks to queue
[2024-05-25T00:07:57.020+0000] {logging_mixin.py:188} INFO - [2024-05-25T00:07:57.020+0000] {dagbag.py:545} INFO - Filling up the DagBag from /home/airflow/.local/lib/python3.12/site-packages/airflow/example_dags/example_python_operator.py
[2024-05-25T00:07:57.031+0000] {processor.py:840} INFO - DAG(s) 'example_python_operator' retrieved from /home/airflow/.local/lib/python3.12/site-packages/airflow/example_dags/example_python_operator.py
[2024-05-25T00:07:57.059+0000] {logging_mixin.py:188} INFO - [2024-05-25T00:07:57.059+0000] {dag.py:3096} INFO - Sync 1 DAGs
[2024-05-25T00:07:57.080+0000] {logging_mixin.py:188} INFO - [2024-05-25T00:07:57.079+0000] {dag.py:3954} INFO - Setting next_dagrun for example_python_operator to None, run_after=None
[2024-05-25T00:07:57.119+0000] {processor.py:183} INFO - Processing /home/airflow/.local/lib/python3.12/site-packages/airflow/example_dags/example_python_operator.py took 0.110 seconds
[2024-05-25T00:08:33.971+0000] {processor.py:161} INFO - Started process (PID=39548) to work on /home/airflow/.local/lib/python3.12/site-packages/airflow/example_dags/example_python_operator.py
[2024-05-25T00:08:33.972+0000] {processor.py:830} INFO - Processing file /home/airflow/.local/lib/python3.12/site-packages/airflow/example_dags/example_python_operator.py for tasks to queue
[2024-05-25T00:08:33.974+0000] {logging_mixin.py:188} INFO - [2024-05-25T00:08:33.974+0000] {dagbag.py:545} INFO - Filling up the DagBag from /home/airflow/.local/lib/python3.12/site-packages/airflow/example_dags/example_python_operator.py
[2024-05-25T00:08:33.990+0000] {processor.py:840} INFO - DAG(s) 'example_python_operator' retrieved from /home/airflow/.local/lib/python3.12/site-packages/airflow/example_dags/example_python_operator.py
[2024-05-25T00:08:34.016+0000] {logging_mixin.py:188} INFO - [2024-05-25T00:08:34.016+0000] {dag.py:3096} INFO - Sync 1 DAGs
[2024-05-25T00:08:34.049+0000] {logging_mixin.py:188} INFO - [2024-05-25T00:08:34.048+0000] {dag.py:3954} INFO - Setting next_dagrun for example_python_operator to None, run_after=None
[2024-05-25T00:08:34.114+0000] {processor.py:183} INFO - Processing /home/airflow/.local/lib/python3.12/site-packages/airflow/example_dags/example_python_operator.py took 0.150 seconds
[2024-05-25T00:09:04.451+0000] {processor.py:161} INFO - Started process (PID=39606) to work on /home/airflow/.local/lib/python3.12/site-packages/airflow/example_dags/example_python_operator.py
[2024-05-25T00:09:04.455+0000] {processor.py:830} INFO - Processing file /home/airflow/.local/lib/python3.12/site-packages/airflow/example_dags/example_python_operator.py for tasks to queue
[2024-05-25T00:09:04.465+0000] {logging_mixin.py:188} INFO - [2024-05-25T00:09:04.463+0000] {dagbag.py:545} INFO - Filling up the DagBag from /home/airflow/.local/lib/python3.12/site-packages/airflow/example_dags/example_python_operator.py
[2024-05-25T00:09:04.490+0000] {processor.py:840} INFO - DAG(s) 'example_python_operator' retrieved from /home/airflow/.local/lib/python3.12/site-packages/airflow/example_dags/example_python_operator.py
[2024-05-25T00:09:04.572+0000] {logging_mixin.py:188} INFO - [2024-05-25T00:09:04.570+0000] {dag.py:3096} INFO - Sync 1 DAGs
[2024-05-25T00:09:04.629+0000] {logging_mixin.py:188} INFO - [2024-05-25T00:09:04.627+0000] {dag.py:3954} INFO - Setting next_dagrun for example_python_operator to None, run_after=None
[2024-05-25T00:09:04.755+0000] {processor.py:183} INFO - Processing /home/airflow/.local/lib/python3.12/site-packages/airflow/example_dags/example_python_operator.py took 0.320 seconds
[2024-05-25T00:10:04.194+0000] {processor.py:161} INFO - Started process (PID=39661) to work on /home/airflow/.local/lib/python3.12/site-packages/airflow/example_dags/example_python_operator.py
[2024-05-25T00:10:04.196+0000] {processor.py:830} INFO - Processing file /home/airflow/.local/lib/python3.12/site-packages/airflow/example_dags/example_python_operator.py for tasks to queue
[2024-05-25T00:10:04.199+0000] {logging_mixin.py:188} INFO - [2024-05-25T00:10:04.198+0000] {dagbag.py:545} INFO - Filling up the DagBag from /home/airflow/.local/lib/python3.12/site-packages/airflow/example_dags/example_python_operator.py
[2024-05-25T00:10:04.218+0000] {processor.py:840} INFO - DAG(s) 'example_python_operator' retrieved from /home/airflow/.local/lib/python3.12/site-packages/airflow/example_dags/example_python_operator.py
[2024-05-25T00:10:04.253+0000] {logging_mixin.py:188} INFO - [2024-05-25T00:10:04.253+0000] {dag.py:3096} INFO - Sync 1 DAGs
[2024-05-25T00:10:04.275+0000] {logging_mixin.py:188} INFO - [2024-05-25T00:10:04.274+0000] {dag.py:3954} INFO - Setting next_dagrun for example_python_operator to None, run_after=None
[2024-05-25T00:10:04.332+0000] {processor.py:183} INFO - Processing /home/airflow/.local/lib/python3.12/site-packages/airflow/example_dags/example_python_operator.py took 0.145 seconds
[2024-05-25T00:10:51.542+0000] {processor.py:161} INFO - Started process (PID=39717) to work on /home/airflow/.local/lib/python3.12/site-packages/airflow/example_dags/example_python_operator.py
[2024-05-25T00:10:51.543+0000] {processor.py:830} INFO - Processing file /home/airflow/.local/lib/python3.12/site-packages/airflow/example_dags/example_python_operator.py for tasks to queue
[2024-05-25T00:10:51.545+0000] {logging_mixin.py:188} INFO - [2024-05-25T00:10:51.544+0000] {dagbag.py:545} INFO - Filling up the DagBag from /home/airflow/.local/lib/python3.12/site-packages/airflow/example_dags/example_python_operator.py
[2024-05-25T00:10:51.557+0000] {processor.py:840} INFO - DAG(s) 'example_python_operator' retrieved from /home/airflow/.local/lib/python3.12/site-packages/airflow/example_dags/example_python_operator.py
[2024-05-25T00:10:51.590+0000] {logging_mixin.py:188} INFO - [2024-05-25T00:10:51.589+0000] {dag.py:3096} INFO - Sync 1 DAGs
[2024-05-25T00:10:51.623+0000] {logging_mixin.py:188} INFO - [2024-05-25T00:10:51.623+0000] {dag.py:3954} INFO - Setting next_dagrun for example_python_operator to None, run_after=None
[2024-05-25T00:10:51.647+0000] {processor.py:183} INFO - Processing /home/airflow/.local/lib/python3.12/site-packages/airflow/example_dags/example_python_operator.py took 0.112 seconds
[2024-05-25T00:11:22.613+0000] {processor.py:161} INFO - Started process (PID=39775) to work on /home/airflow/.local/lib/python3.12/site-packages/airflow/example_dags/example_python_operator.py
[2024-05-25T00:11:22.615+0000] {processor.py:830} INFO - Processing file /home/airflow/.local/lib/python3.12/site-packages/airflow/example_dags/example_python_operator.py for tasks to queue
[2024-05-25T00:11:22.617+0000] {logging_mixin.py:188} INFO - [2024-05-25T00:11:22.616+0000] {dagbag.py:545} INFO - Filling up the DagBag from /home/airflow/.local/lib/python3.12/site-packages/airflow/example_dags/example_python_operator.py
[2024-05-25T00:11:22.631+0000] {processor.py:840} INFO - DAG(s) 'example_python_operator' retrieved from /home/airflow/.local/lib/python3.12/site-packages/airflow/example_dags/example_python_operator.py
[2024-05-25T00:11:22.654+0000] {logging_mixin.py:188} INFO - [2024-05-25T00:11:22.654+0000] {dag.py:3096} INFO - Sync 1 DAGs
[2024-05-25T00:11:22.666+0000] {logging_mixin.py:188} INFO - [2024-05-25T00:11:22.666+0000] {dag.py:3954} INFO - Setting next_dagrun for example_python_operator to None, run_after=None
[2024-05-25T00:11:22.685+0000] {processor.py:183} INFO - Processing /home/airflow/.local/lib/python3.12/site-packages/airflow/example_dags/example_python_operator.py took 0.082 seconds
[2024-05-25T00:11:53.702+0000] {processor.py:161} INFO - Started process (PID=39833) to work on /home/airflow/.local/lib/python3.12/site-packages/airflow/example_dags/example_python_operator.py
[2024-05-25T00:11:53.703+0000] {processor.py:830} INFO - Processing file /home/airflow/.local/lib/python3.12/site-packages/airflow/example_dags/example_python_operator.py for tasks to queue
[2024-05-25T00:11:53.704+0000] {logging_mixin.py:188} INFO - [2024-05-25T00:11:53.704+0000] {dagbag.py:545} INFO - Filling up the DagBag from /home/airflow/.local/lib/python3.12/site-packages/airflow/example_dags/example_python_operator.py
[2024-05-25T00:11:53.720+0000] {processor.py:840} INFO - DAG(s) 'example_python_operator' retrieved from /home/airflow/.local/lib/python3.12/site-packages/airflow/example_dags/example_python_operator.py
[2024-05-25T00:11:53.747+0000] {logging_mixin.py:188} INFO - [2024-05-25T00:11:53.746+0000] {dag.py:3096} INFO - Sync 1 DAGs
[2024-05-25T00:11:53.761+0000] {logging_mixin.py:188} INFO - [2024-05-25T00:11:53.761+0000] {dag.py:3954} INFO - Setting next_dagrun for example_python_operator to None, run_after=None
[2024-05-25T00:11:53.792+0000] {processor.py:183} INFO - Processing /home/airflow/.local/lib/python3.12/site-packages/airflow/example_dags/example_python_operator.py took 0.096 seconds
[2024-05-25T00:12:45.568+0000] {processor.py:161} INFO - Started process (PID=39897) to work on /home/airflow/.local/lib/python3.12/site-packages/airflow/example_dags/example_python_operator.py
[2024-05-25T00:12:45.570+0000] {processor.py:830} INFO - Processing file /home/airflow/.local/lib/python3.12/site-packages/airflow/example_dags/example_python_operator.py for tasks to queue
[2024-05-25T00:12:45.572+0000] {logging_mixin.py:188} INFO - [2024-05-25T00:12:45.572+0000] {dagbag.py:545} INFO - Filling up the DagBag from /home/airflow/.local/lib/python3.12/site-packages/airflow/example_dags/example_python_operator.py
[2024-05-25T00:12:45.590+0000] {processor.py:840} INFO - DAG(s) 'example_python_operator' retrieved from /home/airflow/.local/lib/python3.12/site-packages/airflow/example_dags/example_python_operator.py
[2024-05-25T00:12:45.701+0000] {logging_mixin.py:188} INFO - [2024-05-25T00:12:45.690+0000] {dag.py:3096} INFO - Sync 1 DAGs
[2024-05-25T00:12:45.789+0000] {logging_mixin.py:188} INFO - [2024-05-25T00:12:45.789+0000] {dag.py:3954} INFO - Setting next_dagrun for example_python_operator to None, run_after=None
[2024-05-25T00:12:45.837+0000] {processor.py:183} INFO - Processing /home/airflow/.local/lib/python3.12/site-packages/airflow/example_dags/example_python_operator.py took 0.280 seconds
[2024-05-25T00:13:16.218+0000] {processor.py:161} INFO - Started process (PID=39955) to work on /home/airflow/.local/lib/python3.12/site-packages/airflow/example_dags/example_python_operator.py
[2024-05-25T00:13:16.220+0000] {processor.py:830} INFO - Processing file /home/airflow/.local/lib/python3.12/site-packages/airflow/example_dags/example_python_operator.py for tasks to queue
[2024-05-25T00:13:16.222+0000] {logging_mixin.py:188} INFO - [2024-05-25T00:13:16.221+0000] {dagbag.py:545} INFO - Filling up the DagBag from /home/airflow/.local/lib/python3.12/site-packages/airflow/example_dags/example_python_operator.py
[2024-05-25T00:13:16.239+0000] {processor.py:840} INFO - DAG(s) 'example_python_operator' retrieved from /home/airflow/.local/lib/python3.12/site-packages/airflow/example_dags/example_python_operator.py
[2024-05-25T00:13:16.286+0000] {logging_mixin.py:188} INFO - [2024-05-25T00:13:16.285+0000] {dag.py:3096} INFO - Sync 1 DAGs
[2024-05-25T00:13:16.318+0000] {logging_mixin.py:188} INFO - [2024-05-25T00:13:16.317+0000] {dag.py:3954} INFO - Setting next_dagrun for example_python_operator to None, run_after=None
[2024-05-25T00:13:16.348+0000] {processor.py:183} INFO - Processing /home/airflow/.local/lib/python3.12/site-packages/airflow/example_dags/example_python_operator.py took 0.142 seconds
[2024-05-25T00:14:17.904+0000] {processor.py:161} INFO - Started process (PID=40015) to work on /home/airflow/.local/lib/python3.12/site-packages/airflow/example_dags/example_python_operator.py
[2024-05-25T00:14:17.906+0000] {processor.py:830} INFO - Processing file /home/airflow/.local/lib/python3.12/site-packages/airflow/example_dags/example_python_operator.py for tasks to queue
[2024-05-25T00:14:17.909+0000] {logging_mixin.py:188} INFO - [2024-05-25T00:14:17.907+0000] {dagbag.py:545} INFO - Filling up the DagBag from /home/airflow/.local/lib/python3.12/site-packages/airflow/example_dags/example_python_operator.py
[2024-05-25T00:14:17.924+0000] {processor.py:840} INFO - DAG(s) 'example_python_operator' retrieved from /home/airflow/.local/lib/python3.12/site-packages/airflow/example_dags/example_python_operator.py
[2024-05-25T00:14:17.960+0000] {logging_mixin.py:188} INFO - [2024-05-25T00:14:17.959+0000] {dag.py:3096} INFO - Sync 1 DAGs
[2024-05-25T00:14:17.978+0000] {logging_mixin.py:188} INFO - [2024-05-25T00:14:17.977+0000] {dag.py:3954} INFO - Setting next_dagrun for example_python_operator to None, run_after=None
[2024-05-25T00:14:18.004+0000] {processor.py:183} INFO - Processing /home/airflow/.local/lib/python3.12/site-packages/airflow/example_dags/example_python_operator.py took 0.106 seconds
[2024-05-25T00:15:18.947+0000] {processor.py:161} INFO - Started process (PID=40080) to work on /home/airflow/.local/lib/python3.12/site-packages/airflow/example_dags/example_python_operator.py
[2024-05-25T00:15:18.949+0000] {processor.py:830} INFO - Processing file /home/airflow/.local/lib/python3.12/site-packages/airflow/example_dags/example_python_operator.py for tasks to queue
[2024-05-25T00:15:18.951+0000] {logging_mixin.py:188} INFO - [2024-05-25T00:15:18.950+0000] {dagbag.py:545} INFO - Filling up the DagBag from /home/airflow/.local/lib/python3.12/site-packages/airflow/example_dags/example_python_operator.py
[2024-05-25T00:15:18.966+0000] {processor.py:840} INFO - DAG(s) 'example_python_operator' retrieved from /home/airflow/.local/lib/python3.12/site-packages/airflow/example_dags/example_python_operator.py
[2024-05-25T00:15:18.994+0000] {logging_mixin.py:188} INFO - [2024-05-25T00:15:18.994+0000] {dag.py:3096} INFO - Sync 1 DAGs
[2024-05-25T00:15:19.009+0000] {logging_mixin.py:188} INFO - [2024-05-25T00:15:19.009+0000] {dag.py:3954} INFO - Setting next_dagrun for example_python_operator to None, run_after=None
[2024-05-25T00:15:19.355+0000] {processor.py:183} INFO - Processing /home/airflow/.local/lib/python3.12/site-packages/airflow/example_dags/example_python_operator.py took 0.414 seconds
[2024-05-25T00:15:50.342+0000] {processor.py:161} INFO - Started process (PID=40140) to work on /home/airflow/.local/lib/python3.12/site-packages/airflow/example_dags/example_python_operator.py
[2024-05-25T00:15:50.345+0000] {processor.py:830} INFO - Processing file /home/airflow/.local/lib/python3.12/site-packages/airflow/example_dags/example_python_operator.py for tasks to queue
[2024-05-25T00:15:50.346+0000] {logging_mixin.py:188} INFO - [2024-05-25T00:15:50.346+0000] {dagbag.py:545} INFO - Filling up the DagBag from /home/airflow/.local/lib/python3.12/site-packages/airflow/example_dags/example_python_operator.py
[2024-05-25T00:15:50.358+0000] {processor.py:840} INFO - DAG(s) 'example_python_operator' retrieved from /home/airflow/.local/lib/python3.12/site-packages/airflow/example_dags/example_python_operator.py
[2024-05-25T00:15:50.400+0000] {logging_mixin.py:188} INFO - [2024-05-25T00:15:50.400+0000] {dag.py:3096} INFO - Sync 1 DAGs
[2024-05-25T00:15:50.417+0000] {logging_mixin.py:188} INFO - [2024-05-25T00:15:50.416+0000] {dag.py:3954} INFO - Setting next_dagrun for example_python_operator to None, run_after=None
[2024-05-25T00:15:50.445+0000] {processor.py:183} INFO - Processing /home/airflow/.local/lib/python3.12/site-packages/airflow/example_dags/example_python_operator.py took 0.110 seconds
[2024-05-25T00:16:21.510+0000] {processor.py:161} INFO - Started process (PID=40200) to work on /home/airflow/.local/lib/python3.12/site-packages/airflow/example_dags/example_python_operator.py
[2024-05-25T00:16:21.512+0000] {processor.py:830} INFO - Processing file /home/airflow/.local/lib/python3.12/site-packages/airflow/example_dags/example_python_operator.py for tasks to queue
[2024-05-25T00:16:21.513+0000] {logging_mixin.py:188} INFO - [2024-05-25T00:16:21.512+0000] {dagbag.py:545} INFO - Filling up the DagBag from /home/airflow/.local/lib/python3.12/site-packages/airflow/example_dags/example_python_operator.py
[2024-05-25T00:16:21.526+0000] {processor.py:840} INFO - DAG(s) 'example_python_operator' retrieved from /home/airflow/.local/lib/python3.12/site-packages/airflow/example_dags/example_python_operator.py
[2024-05-25T00:16:21.550+0000] {logging_mixin.py:188} INFO - [2024-05-25T00:16:21.550+0000] {dag.py:3096} INFO - Sync 1 DAGs
[2024-05-25T00:16:21.565+0000] {logging_mixin.py:188} INFO - [2024-05-25T00:16:21.565+0000] {dag.py:3954} INFO - Setting next_dagrun for example_python_operator to None, run_after=None
[2024-05-25T00:16:21.610+0000] {processor.py:183} INFO - Processing /home/airflow/.local/lib/python3.12/site-packages/airflow/example_dags/example_python_operator.py took 0.105 seconds
[2024-05-25T00:16:51.912+0000] {processor.py:161} INFO - Started process (PID=40258) to work on /home/airflow/.local/lib/python3.12/site-packages/airflow/example_dags/example_python_operator.py
[2024-05-25T00:16:51.913+0000] {processor.py:830} INFO - Processing file /home/airflow/.local/lib/python3.12/site-packages/airflow/example_dags/example_python_operator.py for tasks to queue
[2024-05-25T00:16:51.914+0000] {logging_mixin.py:188} INFO - [2024-05-25T00:16:51.914+0000] {dagbag.py:545} INFO - Filling up the DagBag from /home/airflow/.local/lib/python3.12/site-packages/airflow/example_dags/example_python_operator.py
[2024-05-25T00:16:51.939+0000] {processor.py:840} INFO - DAG(s) 'example_python_operator' retrieved from /home/airflow/.local/lib/python3.12/site-packages/airflow/example_dags/example_python_operator.py
[2024-05-25T00:16:51.963+0000] {logging_mixin.py:188} INFO - [2024-05-25T00:16:51.963+0000] {dag.py:3096} INFO - Sync 1 DAGs
[2024-05-25T00:16:51.975+0000] {logging_mixin.py:188} INFO - [2024-05-25T00:16:51.975+0000] {dag.py:3954} INFO - Setting next_dagrun for example_python_operator to None, run_after=None
[2024-05-25T00:16:52.006+0000] {processor.py:183} INFO - Processing /home/airflow/.local/lib/python3.12/site-packages/airflow/example_dags/example_python_operator.py took 0.100 seconds
[2024-05-25T00:17:23.128+0000] {processor.py:161} INFO - Started process (PID=40319) to work on /home/airflow/.local/lib/python3.12/site-packages/airflow/example_dags/example_python_operator.py
[2024-05-25T00:17:23.130+0000] {processor.py:830} INFO - Processing file /home/airflow/.local/lib/python3.12/site-packages/airflow/example_dags/example_python_operator.py for tasks to queue
[2024-05-25T00:17:23.131+0000] {logging_mixin.py:188} INFO - [2024-05-25T00:17:23.131+0000] {dagbag.py:545} INFO - Filling up the DagBag from /home/airflow/.local/lib/python3.12/site-packages/airflow/example_dags/example_python_operator.py
[2024-05-25T00:17:23.387+0000] {processor.py:840} INFO - DAG(s) 'example_python_operator' retrieved from /home/airflow/.local/lib/python3.12/site-packages/airflow/example_dags/example_python_operator.py
[2024-05-25T00:17:23.410+0000] {logging_mixin.py:188} INFO - [2024-05-25T00:17:23.410+0000] {dag.py:3096} INFO - Sync 1 DAGs
[2024-05-25T00:17:23.422+0000] {logging_mixin.py:188} INFO - [2024-05-25T00:17:23.422+0000] {dag.py:3954} INFO - Setting next_dagrun for example_python_operator to None, run_after=None
[2024-05-25T00:17:23.446+0000] {processor.py:183} INFO - Processing /home/airflow/.local/lib/python3.12/site-packages/airflow/example_dags/example_python_operator.py took 0.323 seconds
[2024-05-25T00:17:53.815+0000] {processor.py:161} INFO - Started process (PID=40377) to work on /home/airflow/.local/lib/python3.12/site-packages/airflow/example_dags/example_python_operator.py
[2024-05-25T00:17:53.816+0000] {processor.py:830} INFO - Processing file /home/airflow/.local/lib/python3.12/site-packages/airflow/example_dags/example_python_operator.py for tasks to queue
[2024-05-25T00:17:53.817+0000] {logging_mixin.py:188} INFO - [2024-05-25T00:17:53.817+0000] {dagbag.py:545} INFO - Filling up the DagBag from /home/airflow/.local/lib/python3.12/site-packages/airflow/example_dags/example_python_operator.py
[2024-05-25T00:17:53.829+0000] {processor.py:840} INFO - DAG(s) 'example_python_operator' retrieved from /home/airflow/.local/lib/python3.12/site-packages/airflow/example_dags/example_python_operator.py
[2024-05-25T00:17:53.852+0000] {logging_mixin.py:188} INFO - [2024-05-25T00:17:53.852+0000] {dag.py:3096} INFO - Sync 1 DAGs
[2024-05-25T00:17:53.869+0000] {logging_mixin.py:188} INFO - [2024-05-25T00:17:53.869+0000] {dag.py:3954} INFO - Setting next_dagrun for example_python_operator to None, run_after=None
[2024-05-25T00:17:53.890+0000] {processor.py:183} INFO - Processing /home/airflow/.local/lib/python3.12/site-packages/airflow/example_dags/example_python_operator.py took 0.081 seconds
[2024-05-25T00:18:24.716+0000] {processor.py:161} INFO - Started process (PID=40435) to work on /home/airflow/.local/lib/python3.12/site-packages/airflow/example_dags/example_python_operator.py
[2024-05-25T00:18:24.717+0000] {processor.py:830} INFO - Processing file /home/airflow/.local/lib/python3.12/site-packages/airflow/example_dags/example_python_operator.py for tasks to queue
[2024-05-25T00:18:24.718+0000] {logging_mixin.py:188} INFO - [2024-05-25T00:18:24.718+0000] {dagbag.py:545} INFO - Filling up the DagBag from /home/airflow/.local/lib/python3.12/site-packages/airflow/example_dags/example_python_operator.py
[2024-05-25T00:18:24.728+0000] {processor.py:840} INFO - DAG(s) 'example_python_operator' retrieved from /home/airflow/.local/lib/python3.12/site-packages/airflow/example_dags/example_python_operator.py
[2024-05-25T00:18:24.752+0000] {logging_mixin.py:188} INFO - [2024-05-25T00:18:24.752+0000] {dag.py:3096} INFO - Sync 1 DAGs
[2024-05-25T00:18:24.765+0000] {logging_mixin.py:188} INFO - [2024-05-25T00:18:24.765+0000] {dag.py:3954} INFO - Setting next_dagrun for example_python_operator to None, run_after=None
[2024-05-25T00:18:24.785+0000] {processor.py:183} INFO - Processing /home/airflow/.local/lib/python3.12/site-packages/airflow/example_dags/example_python_operator.py took 0.075 seconds
