[2024-05-25T00:00:25.900+0000] {processor.py:161} INFO - Started process (PID=38661) to work on /home/airflow/.local/lib/python3.12/site-packages/airflow/example_dags/example_sla_dag.py
[2024-05-25T00:00:25.902+0000] {processor.py:830} INFO - Processing file /home/airflow/.local/lib/python3.12/site-packages/airflow/example_dags/example_sla_dag.py for tasks to queue
[2024-05-25T00:00:25.907+0000] {logging_mixin.py:188} INFO - [2024-05-25T00:00:25.906+0000] {dagbag.py:545} INFO - Filling up the DagBag from /home/airflow/.local/lib/python3.12/site-packages/airflow/example_dags/example_sla_dag.py
[2024-05-25T00:00:25.916+0000] {processor.py:840} INFO - DAG(s) 'example_sla_dag' retrieved from /home/airflow/.local/lib/python3.12/site-packages/airflow/example_dags/example_sla_dag.py
[2024-05-25T00:00:25.939+0000] {logging_mixin.py:188} INFO - [2024-05-25T00:00:25.939+0000] {dag.py:3096} INFO - Sync 1 DAGs
[2024-05-25T00:00:25.965+0000] {logging_mixin.py:188} INFO - [2024-05-25T00:00:25.964+0000] {dag.py:3954} INFO - Setting next_dagrun for example_sla_dag to 2024-05-24 23:58:00+00:00, run_after=2024-05-25 00:00:00+00:00
[2024-05-25T00:00:25.987+0000] {processor.py:183} INFO - Processing /home/airflow/.local/lib/python3.12/site-packages/airflow/example_dags/example_sla_dag.py took 0.092 seconds
[2024-05-25T00:00:56.119+0000] {processor.py:161} INFO - Started process (PID=38719) to work on /home/airflow/.local/lib/python3.12/site-packages/airflow/example_dags/example_sla_dag.py
[2024-05-25T00:00:56.121+0000] {processor.py:830} INFO - Processing file /home/airflow/.local/lib/python3.12/site-packages/airflow/example_dags/example_sla_dag.py for tasks to queue
[2024-05-25T00:00:56.125+0000] {logging_mixin.py:188} INFO - [2024-05-25T00:00:56.124+0000] {dagbag.py:545} INFO - Filling up the DagBag from /home/airflow/.local/lib/python3.12/site-packages/airflow/example_dags/example_sla_dag.py
[2024-05-25T00:00:56.137+0000] {processor.py:840} INFO - DAG(s) 'example_sla_dag' retrieved from /home/airflow/.local/lib/python3.12/site-packages/airflow/example_dags/example_sla_dag.py
[2024-05-25T00:00:56.166+0000] {logging_mixin.py:188} INFO - [2024-05-25T00:00:56.166+0000] {dag.py:3096} INFO - Sync 1 DAGs
[2024-05-25T00:00:56.195+0000] {logging_mixin.py:188} INFO - [2024-05-25T00:00:56.194+0000] {dag.py:3954} INFO - Setting next_dagrun for example_sla_dag to 2024-05-24 23:58:00+00:00, run_after=2024-05-25 00:00:00+00:00
[2024-05-25T00:00:56.219+0000] {processor.py:183} INFO - Processing /home/airflow/.local/lib/python3.12/site-packages/airflow/example_dags/example_sla_dag.py took 0.106 seconds
[2024-05-25T00:01:27.017+0000] {processor.py:161} INFO - Started process (PID=38777) to work on /home/airflow/.local/lib/python3.12/site-packages/airflow/example_dags/example_sla_dag.py
[2024-05-25T00:01:27.018+0000] {processor.py:830} INFO - Processing file /home/airflow/.local/lib/python3.12/site-packages/airflow/example_dags/example_sla_dag.py for tasks to queue
[2024-05-25T00:01:27.021+0000] {logging_mixin.py:188} INFO - [2024-05-25T00:01:27.021+0000] {dagbag.py:545} INFO - Filling up the DagBag from /home/airflow/.local/lib/python3.12/site-packages/airflow/example_dags/example_sla_dag.py
[2024-05-25T00:01:27.031+0000] {processor.py:840} INFO - DAG(s) 'example_sla_dag' retrieved from /home/airflow/.local/lib/python3.12/site-packages/airflow/example_dags/example_sla_dag.py
[2024-05-25T00:01:27.056+0000] {logging_mixin.py:188} INFO - [2024-05-25T00:01:27.056+0000] {dag.py:3096} INFO - Sync 1 DAGs
[2024-05-25T00:01:27.089+0000] {logging_mixin.py:188} INFO - [2024-05-25T00:01:27.089+0000] {dag.py:3954} INFO - Setting next_dagrun for example_sla_dag to 2024-05-24 23:58:00+00:00, run_after=2024-05-25 00:00:00+00:00
[2024-05-25T00:01:27.121+0000] {processor.py:183} INFO - Processing /home/airflow/.local/lib/python3.12/site-packages/airflow/example_dags/example_sla_dag.py took 0.112 seconds
[2024-05-25T00:01:57.273+0000] {processor.py:161} INFO - Started process (PID=38835) to work on /home/airflow/.local/lib/python3.12/site-packages/airflow/example_dags/example_sla_dag.py
[2024-05-25T00:01:57.275+0000] {processor.py:830} INFO - Processing file /home/airflow/.local/lib/python3.12/site-packages/airflow/example_dags/example_sla_dag.py for tasks to queue
[2024-05-25T00:01:57.277+0000] {logging_mixin.py:188} INFO - [2024-05-25T00:01:57.277+0000] {dagbag.py:545} INFO - Filling up the DagBag from /home/airflow/.local/lib/python3.12/site-packages/airflow/example_dags/example_sla_dag.py
[2024-05-25T00:01:57.285+0000] {processor.py:840} INFO - DAG(s) 'example_sla_dag' retrieved from /home/airflow/.local/lib/python3.12/site-packages/airflow/example_dags/example_sla_dag.py
[2024-05-25T00:01:57.302+0000] {logging_mixin.py:188} INFO - [2024-05-25T00:01:57.301+0000] {dag.py:3096} INFO - Sync 1 DAGs
[2024-05-25T00:01:57.321+0000] {logging_mixin.py:188} INFO - [2024-05-25T00:01:57.321+0000] {dag.py:3954} INFO - Setting next_dagrun for example_sla_dag to 2024-05-24 23:58:00+00:00, run_after=2024-05-25 00:00:00+00:00
[2024-05-25T00:01:57.338+0000] {processor.py:183} INFO - Processing /home/airflow/.local/lib/python3.12/site-packages/airflow/example_dags/example_sla_dag.py took 0.070 seconds
[2024-05-25T00:02:27.872+0000] {processor.py:161} INFO - Started process (PID=38893) to work on /home/airflow/.local/lib/python3.12/site-packages/airflow/example_dags/example_sla_dag.py
[2024-05-25T00:02:27.873+0000] {processor.py:830} INFO - Processing file /home/airflow/.local/lib/python3.12/site-packages/airflow/example_dags/example_sla_dag.py for tasks to queue
[2024-05-25T00:02:27.876+0000] {logging_mixin.py:188} INFO - [2024-05-25T00:02:27.876+0000] {dagbag.py:545} INFO - Filling up the DagBag from /home/airflow/.local/lib/python3.12/site-packages/airflow/example_dags/example_sla_dag.py
[2024-05-25T00:02:27.884+0000] {processor.py:840} INFO - DAG(s) 'example_sla_dag' retrieved from /home/airflow/.local/lib/python3.12/site-packages/airflow/example_dags/example_sla_dag.py
[2024-05-25T00:02:27.902+0000] {logging_mixin.py:188} INFO - [2024-05-25T00:02:27.902+0000] {dag.py:3096} INFO - Sync 1 DAGs
[2024-05-25T00:02:27.923+0000] {logging_mixin.py:188} INFO - [2024-05-25T00:02:27.923+0000] {dag.py:3954} INFO - Setting next_dagrun for example_sla_dag to 2024-05-25 00:00:00+00:00, run_after=2024-05-25 00:02:00+00:00
[2024-05-25T00:02:27.943+0000] {processor.py:183} INFO - Processing /home/airflow/.local/lib/python3.12/site-packages/airflow/example_dags/example_sla_dag.py took 0.077 seconds
[2024-05-25T00:02:58.794+0000] {processor.py:161} INFO - Started process (PID=38955) to work on /home/airflow/.local/lib/python3.12/site-packages/airflow/example_dags/example_sla_dag.py
[2024-05-25T00:02:58.796+0000] {processor.py:830} INFO - Processing file /home/airflow/.local/lib/python3.12/site-packages/airflow/example_dags/example_sla_dag.py for tasks to queue
[2024-05-25T00:02:58.799+0000] {logging_mixin.py:188} INFO - [2024-05-25T00:02:58.798+0000] {dagbag.py:545} INFO - Filling up the DagBag from /home/airflow/.local/lib/python3.12/site-packages/airflow/example_dags/example_sla_dag.py
[2024-05-25T00:02:58.806+0000] {processor.py:840} INFO - DAG(s) 'example_sla_dag' retrieved from /home/airflow/.local/lib/python3.12/site-packages/airflow/example_dags/example_sla_dag.py
[2024-05-25T00:02:58.829+0000] {logging_mixin.py:188} INFO - [2024-05-25T00:02:58.828+0000] {dag.py:3096} INFO - Sync 1 DAGs
[2024-05-25T00:02:58.855+0000] {logging_mixin.py:188} INFO - [2024-05-25T00:02:58.855+0000] {dag.py:3954} INFO - Setting next_dagrun for example_sla_dag to 2024-05-25 00:00:00+00:00, run_after=2024-05-25 00:02:00+00:00
[2024-05-25T00:02:58.881+0000] {processor.py:183} INFO - Processing /home/airflow/.local/lib/python3.12/site-packages/airflow/example_dags/example_sla_dag.py took 0.093 seconds
[2024-05-25T00:03:29.164+0000] {processor.py:161} INFO - Started process (PID=39013) to work on /home/airflow/.local/lib/python3.12/site-packages/airflow/example_dags/example_sla_dag.py
[2024-05-25T00:03:29.166+0000] {processor.py:830} INFO - Processing file /home/airflow/.local/lib/python3.12/site-packages/airflow/example_dags/example_sla_dag.py for tasks to queue
[2024-05-25T00:03:29.170+0000] {logging_mixin.py:188} INFO - [2024-05-25T00:03:29.169+0000] {dagbag.py:545} INFO - Filling up the DagBag from /home/airflow/.local/lib/python3.12/site-packages/airflow/example_dags/example_sla_dag.py
[2024-05-25T00:03:29.180+0000] {processor.py:840} INFO - DAG(s) 'example_sla_dag' retrieved from /home/airflow/.local/lib/python3.12/site-packages/airflow/example_dags/example_sla_dag.py
[2024-05-25T00:03:29.208+0000] {logging_mixin.py:188} INFO - [2024-05-25T00:03:29.208+0000] {dag.py:3096} INFO - Sync 1 DAGs
[2024-05-25T00:03:29.238+0000] {logging_mixin.py:188} INFO - [2024-05-25T00:03:29.238+0000] {dag.py:3954} INFO - Setting next_dagrun for example_sla_dag to 2024-05-25 00:00:00+00:00, run_after=2024-05-25 00:02:00+00:00
[2024-05-25T00:03:29.261+0000] {processor.py:183} INFO - Processing /home/airflow/.local/lib/python3.12/site-packages/airflow/example_dags/example_sla_dag.py took 0.105 seconds
[2024-05-25T00:04:00.186+0000] {processor.py:161} INFO - Started process (PID=39071) to work on /home/airflow/.local/lib/python3.12/site-packages/airflow/example_dags/example_sla_dag.py
[2024-05-25T00:04:00.188+0000] {processor.py:830} INFO - Processing file /home/airflow/.local/lib/python3.12/site-packages/airflow/example_dags/example_sla_dag.py for tasks to queue
[2024-05-25T00:04:00.191+0000] {logging_mixin.py:188} INFO - [2024-05-25T00:04:00.191+0000] {dagbag.py:545} INFO - Filling up the DagBag from /home/airflow/.local/lib/python3.12/site-packages/airflow/example_dags/example_sla_dag.py
[2024-05-25T00:04:00.199+0000] {processor.py:840} INFO - DAG(s) 'example_sla_dag' retrieved from /home/airflow/.local/lib/python3.12/site-packages/airflow/example_dags/example_sla_dag.py
[2024-05-25T00:04:00.219+0000] {logging_mixin.py:188} INFO - [2024-05-25T00:04:00.219+0000] {dag.py:3096} INFO - Sync 1 DAGs
[2024-05-25T00:04:00.241+0000] {logging_mixin.py:188} INFO - [2024-05-25T00:04:00.241+0000] {dag.py:3954} INFO - Setting next_dagrun for example_sla_dag to 2024-05-25 00:02:00+00:00, run_after=2024-05-25 00:04:00+00:00
[2024-05-25T00:04:00.265+0000] {processor.py:183} INFO - Processing /home/airflow/.local/lib/python3.12/site-packages/airflow/example_dags/example_sla_dag.py took 0.086 seconds
[2024-05-25T00:04:30.641+0000] {processor.py:161} INFO - Started process (PID=39129) to work on /home/airflow/.local/lib/python3.12/site-packages/airflow/example_dags/example_sla_dag.py
[2024-05-25T00:04:30.643+0000] {processor.py:830} INFO - Processing file /home/airflow/.local/lib/python3.12/site-packages/airflow/example_dags/example_sla_dag.py for tasks to queue
[2024-05-25T00:04:30.646+0000] {logging_mixin.py:188} INFO - [2024-05-25T00:04:30.646+0000] {dagbag.py:545} INFO - Filling up the DagBag from /home/airflow/.local/lib/python3.12/site-packages/airflow/example_dags/example_sla_dag.py
[2024-05-25T00:04:30.654+0000] {processor.py:840} INFO - DAG(s) 'example_sla_dag' retrieved from /home/airflow/.local/lib/python3.12/site-packages/airflow/example_dags/example_sla_dag.py
[2024-05-25T00:04:30.678+0000] {logging_mixin.py:188} INFO - [2024-05-25T00:04:30.677+0000] {dag.py:3096} INFO - Sync 1 DAGs
[2024-05-25T00:04:30.716+0000] {logging_mixin.py:188} INFO - [2024-05-25T00:04:30.716+0000] {dag.py:3954} INFO - Setting next_dagrun for example_sla_dag to 2024-05-25 00:02:00+00:00, run_after=2024-05-25 00:04:00+00:00
[2024-05-25T00:04:30.751+0000] {processor.py:183} INFO - Processing /home/airflow/.local/lib/python3.12/site-packages/airflow/example_dags/example_sla_dag.py took 0.116 seconds
[2024-05-25T00:05:05.311+0000] {processor.py:161} INFO - Started process (PID=39187) to work on /home/airflow/.local/lib/python3.12/site-packages/airflow/example_dags/example_sla_dag.py
[2024-05-25T00:05:05.313+0000] {processor.py:830} INFO - Processing file /home/airflow/.local/lib/python3.12/site-packages/airflow/example_dags/example_sla_dag.py for tasks to queue
[2024-05-25T00:05:05.316+0000] {logging_mixin.py:188} INFO - [2024-05-25T00:05:05.315+0000] {dagbag.py:545} INFO - Filling up the DagBag from /home/airflow/.local/lib/python3.12/site-packages/airflow/example_dags/example_sla_dag.py
[2024-05-25T00:05:05.328+0000] {processor.py:840} INFO - DAG(s) 'example_sla_dag' retrieved from /home/airflow/.local/lib/python3.12/site-packages/airflow/example_dags/example_sla_dag.py
[2024-05-25T00:05:05.355+0000] {logging_mixin.py:188} INFO - [2024-05-25T00:05:05.355+0000] {dag.py:3096} INFO - Sync 1 DAGs
[2024-05-25T00:05:05.393+0000] {logging_mixin.py:188} INFO - [2024-05-25T00:05:05.393+0000] {dag.py:3954} INFO - Setting next_dagrun for example_sla_dag to 2024-05-25 00:02:00+00:00, run_after=2024-05-25 00:04:00+00:00
[2024-05-25T00:05:05.427+0000] {processor.py:183} INFO - Processing /home/airflow/.local/lib/python3.12/site-packages/airflow/example_dags/example_sla_dag.py took 0.123 seconds
[2024-05-25T00:05:36.390+0000] {processor.py:161} INFO - Started process (PID=39244) to work on /home/airflow/.local/lib/python3.12/site-packages/airflow/example_dags/example_sla_dag.py
[2024-05-25T00:05:36.392+0000] {processor.py:830} INFO - Processing file /home/airflow/.local/lib/python3.12/site-packages/airflow/example_dags/example_sla_dag.py for tasks to queue
[2024-05-25T00:05:36.394+0000] {logging_mixin.py:188} INFO - [2024-05-25T00:05:36.394+0000] {dagbag.py:545} INFO - Filling up the DagBag from /home/airflow/.local/lib/python3.12/site-packages/airflow/example_dags/example_sla_dag.py
[2024-05-25T00:05:36.406+0000] {processor.py:840} INFO - DAG(s) 'example_sla_dag' retrieved from /home/airflow/.local/lib/python3.12/site-packages/airflow/example_dags/example_sla_dag.py
[2024-05-25T00:05:36.426+0000] {logging_mixin.py:188} INFO - [2024-05-25T00:05:36.426+0000] {dag.py:3096} INFO - Sync 1 DAGs
[2024-05-25T00:05:36.449+0000] {logging_mixin.py:188} INFO - [2024-05-25T00:05:36.449+0000] {dag.py:3954} INFO - Setting next_dagrun for example_sla_dag to 2024-05-25 00:02:00+00:00, run_after=2024-05-25 00:04:00+00:00
[2024-05-25T00:05:36.469+0000] {processor.py:183} INFO - Processing /home/airflow/.local/lib/python3.12/site-packages/airflow/example_dags/example_sla_dag.py took 0.084 seconds
[2024-05-25T00:06:06.542+0000] {processor.py:161} INFO - Started process (PID=39301) to work on /home/airflow/.local/lib/python3.12/site-packages/airflow/example_dags/example_sla_dag.py
[2024-05-25T00:06:06.543+0000] {processor.py:830} INFO - Processing file /home/airflow/.local/lib/python3.12/site-packages/airflow/example_dags/example_sla_dag.py for tasks to queue
[2024-05-25T00:06:06.546+0000] {logging_mixin.py:188} INFO - [2024-05-25T00:06:06.546+0000] {dagbag.py:545} INFO - Filling up the DagBag from /home/airflow/.local/lib/python3.12/site-packages/airflow/example_dags/example_sla_dag.py
[2024-05-25T00:06:06.557+0000] {processor.py:840} INFO - DAG(s) 'example_sla_dag' retrieved from /home/airflow/.local/lib/python3.12/site-packages/airflow/example_dags/example_sla_dag.py
[2024-05-25T00:06:06.588+0000] {logging_mixin.py:188} INFO - [2024-05-25T00:06:06.588+0000] {dag.py:3096} INFO - Sync 1 DAGs
[2024-05-25T00:06:06.627+0000] {logging_mixin.py:188} INFO - [2024-05-25T00:06:06.627+0000] {dag.py:3954} INFO - Setting next_dagrun for example_sla_dag to 2024-05-25 00:04:00+00:00, run_after=2024-05-25 00:06:00+00:00
[2024-05-25T00:06:06.656+0000] {processor.py:183} INFO - Processing /home/airflow/.local/lib/python3.12/site-packages/airflow/example_dags/example_sla_dag.py took 0.119 seconds
[2024-05-25T00:06:36.730+0000] {processor.py:161} INFO - Started process (PID=39359) to work on /home/airflow/.local/lib/python3.12/site-packages/airflow/example_dags/example_sla_dag.py
[2024-05-25T00:06:36.732+0000] {processor.py:830} INFO - Processing file /home/airflow/.local/lib/python3.12/site-packages/airflow/example_dags/example_sla_dag.py for tasks to queue
[2024-05-25T00:06:36.735+0000] {logging_mixin.py:188} INFO - [2024-05-25T00:06:36.735+0000] {dagbag.py:545} INFO - Filling up the DagBag from /home/airflow/.local/lib/python3.12/site-packages/airflow/example_dags/example_sla_dag.py
[2024-05-25T00:06:36.745+0000] {processor.py:840} INFO - DAG(s) 'example_sla_dag' retrieved from /home/airflow/.local/lib/python3.12/site-packages/airflow/example_dags/example_sla_dag.py
[2024-05-25T00:06:36.764+0000] {logging_mixin.py:188} INFO - [2024-05-25T00:06:36.764+0000] {dag.py:3096} INFO - Sync 1 DAGs
[2024-05-25T00:06:36.790+0000] {logging_mixin.py:188} INFO - [2024-05-25T00:06:36.790+0000] {dag.py:3954} INFO - Setting next_dagrun for example_sla_dag to 2024-05-25 00:04:00+00:00, run_after=2024-05-25 00:06:00+00:00
[2024-05-25T00:06:36.809+0000] {processor.py:183} INFO - Processing /home/airflow/.local/lib/python3.12/site-packages/airflow/example_dags/example_sla_dag.py took 0.085 seconds
[2024-05-25T00:07:08.244+0000] {processor.py:161} INFO - Started process (PID=39417) to work on /home/airflow/.local/lib/python3.12/site-packages/airflow/example_dags/example_sla_dag.py
[2024-05-25T00:07:08.246+0000] {processor.py:830} INFO - Processing file /home/airflow/.local/lib/python3.12/site-packages/airflow/example_dags/example_sla_dag.py for tasks to queue
[2024-05-25T00:07:08.251+0000] {logging_mixin.py:188} INFO - [2024-05-25T00:07:08.250+0000] {dagbag.py:545} INFO - Filling up the DagBag from /home/airflow/.local/lib/python3.12/site-packages/airflow/example_dags/example_sla_dag.py
[2024-05-25T00:07:08.264+0000] {processor.py:840} INFO - DAG(s) 'example_sla_dag' retrieved from /home/airflow/.local/lib/python3.12/site-packages/airflow/example_dags/example_sla_dag.py
[2024-05-25T00:07:08.301+0000] {logging_mixin.py:188} INFO - [2024-05-25T00:07:08.300+0000] {dag.py:3096} INFO - Sync 1 DAGs
[2024-05-25T00:07:08.355+0000] {logging_mixin.py:188} INFO - [2024-05-25T00:07:08.354+0000] {dag.py:3954} INFO - Setting next_dagrun for example_sla_dag to 2024-05-25 00:04:00+00:00, run_after=2024-05-25 00:06:00+00:00
[2024-05-25T00:07:08.404+0000] {processor.py:183} INFO - Processing /home/airflow/.local/lib/python3.12/site-packages/airflow/example_dags/example_sla_dag.py took 0.171 seconds
[2024-05-25T00:07:38.509+0000] {processor.py:161} INFO - Started process (PID=39475) to work on /home/airflow/.local/lib/python3.12/site-packages/airflow/example_dags/example_sla_dag.py
[2024-05-25T00:07:38.511+0000] {processor.py:830} INFO - Processing file /home/airflow/.local/lib/python3.12/site-packages/airflow/example_dags/example_sla_dag.py for tasks to queue
[2024-05-25T00:07:38.513+0000] {logging_mixin.py:188} INFO - [2024-05-25T00:07:38.513+0000] {dagbag.py:545} INFO - Filling up the DagBag from /home/airflow/.local/lib/python3.12/site-packages/airflow/example_dags/example_sla_dag.py
[2024-05-25T00:07:38.522+0000] {processor.py:840} INFO - DAG(s) 'example_sla_dag' retrieved from /home/airflow/.local/lib/python3.12/site-packages/airflow/example_dags/example_sla_dag.py
[2024-05-25T00:07:38.543+0000] {logging_mixin.py:188} INFO - [2024-05-25T00:07:38.543+0000] {dag.py:3096} INFO - Sync 1 DAGs
[2024-05-25T00:07:38.567+0000] {logging_mixin.py:188} INFO - [2024-05-25T00:07:38.567+0000] {dag.py:3954} INFO - Setting next_dagrun for example_sla_dag to 2024-05-25 00:04:00+00:00, run_after=2024-05-25 00:06:00+00:00
[2024-05-25T00:07:38.588+0000] {processor.py:183} INFO - Processing /home/airflow/.local/lib/python3.12/site-packages/airflow/example_dags/example_sla_dag.py took 0.085 seconds
[2024-05-25T00:08:09.398+0000] {processor.py:161} INFO - Started process (PID=39533) to work on /home/airflow/.local/lib/python3.12/site-packages/airflow/example_dags/example_sla_dag.py
[2024-05-25T00:08:09.400+0000] {processor.py:830} INFO - Processing file /home/airflow/.local/lib/python3.12/site-packages/airflow/example_dags/example_sla_dag.py for tasks to queue
[2024-05-25T00:08:09.405+0000] {logging_mixin.py:188} INFO - [2024-05-25T00:08:09.404+0000] {dagbag.py:545} INFO - Filling up the DagBag from /home/airflow/.local/lib/python3.12/site-packages/airflow/example_dags/example_sla_dag.py
[2024-05-25T00:08:09.425+0000] {processor.py:840} INFO - DAG(s) 'example_sla_dag' retrieved from /home/airflow/.local/lib/python3.12/site-packages/airflow/example_dags/example_sla_dag.py
[2024-05-25T00:08:29.943+0000] {logging_mixin.py:188} INFO - [2024-05-25T00:08:29.937+0000] {dag.py:3096} INFO - Sync 1 DAGs
[2024-05-25T00:08:30.101+0000] {logging_mixin.py:188} INFO - [2024-05-25T00:08:30.098+0000] {dag.py:3954} INFO - Setting next_dagrun for example_sla_dag to 2024-05-25 00:06:00+00:00, run_after=2024-05-25 00:08:00+00:00
[2024-05-25T00:08:30.217+0000] {processor.py:183} INFO - Processing /home/airflow/.local/lib/python3.12/site-packages/airflow/example_dags/example_sla_dag.py took 20.829 seconds
[2024-05-25T00:09:00.636+0000] {processor.py:161} INFO - Started process (PID=39591) to work on /home/airflow/.local/lib/python3.12/site-packages/airflow/example_dags/example_sla_dag.py
[2024-05-25T00:09:00.637+0000] {processor.py:830} INFO - Processing file /home/airflow/.local/lib/python3.12/site-packages/airflow/example_dags/example_sla_dag.py for tasks to queue
[2024-05-25T00:09:00.643+0000] {logging_mixin.py:188} INFO - [2024-05-25T00:09:00.642+0000] {dagbag.py:545} INFO - Filling up the DagBag from /home/airflow/.local/lib/python3.12/site-packages/airflow/example_dags/example_sla_dag.py
[2024-05-25T00:09:00.655+0000] {processor.py:840} INFO - DAG(s) 'example_sla_dag' retrieved from /home/airflow/.local/lib/python3.12/site-packages/airflow/example_dags/example_sla_dag.py
[2024-05-25T00:09:00.677+0000] {logging_mixin.py:188} INFO - [2024-05-25T00:09:00.677+0000] {dag.py:3096} INFO - Sync 1 DAGs
[2024-05-25T00:09:00.712+0000] {logging_mixin.py:188} INFO - [2024-05-25T00:09:00.712+0000] {dag.py:3954} INFO - Setting next_dagrun for example_sla_dag to 2024-05-25 00:06:00+00:00, run_after=2024-05-25 00:08:00+00:00
[2024-05-25T00:09:00.743+0000] {processor.py:183} INFO - Processing /home/airflow/.local/lib/python3.12/site-packages/airflow/example_dags/example_sla_dag.py took 0.114 seconds
[2024-05-25T00:10:04.434+0000] {processor.py:161} INFO - Started process (PID=39663) to work on /home/airflow/.local/lib/python3.12/site-packages/airflow/example_dags/example_sla_dag.py
[2024-05-25T00:10:04.435+0000] {processor.py:830} INFO - Processing file /home/airflow/.local/lib/python3.12/site-packages/airflow/example_dags/example_sla_dag.py for tasks to queue
[2024-05-25T00:10:04.437+0000] {logging_mixin.py:188} INFO - [2024-05-25T00:10:04.437+0000] {dagbag.py:545} INFO - Filling up the DagBag from /home/airflow/.local/lib/python3.12/site-packages/airflow/example_dags/example_sla_dag.py
[2024-05-25T00:10:04.453+0000] {processor.py:840} INFO - DAG(s) 'example_sla_dag' retrieved from /home/airflow/.local/lib/python3.12/site-packages/airflow/example_dags/example_sla_dag.py
[2024-05-25T00:10:04.480+0000] {logging_mixin.py:188} INFO - [2024-05-25T00:10:04.480+0000] {dag.py:3096} INFO - Sync 1 DAGs
[2024-05-25T00:10:04.534+0000] {logging_mixin.py:188} INFO - [2024-05-25T00:10:04.534+0000] {dag.py:3954} INFO - Setting next_dagrun for example_sla_dag to 2024-05-25 00:08:00+00:00, run_after=2024-05-25 00:10:00+00:00
[2024-05-25T00:10:04.570+0000] {processor.py:183} INFO - Processing /home/airflow/.local/lib/python3.12/site-packages/airflow/example_dags/example_sla_dag.py took 0.143 seconds
[2024-05-25T00:10:51.690+0000] {processor.py:161} INFO - Started process (PID=39719) to work on /home/airflow/.local/lib/python3.12/site-packages/airflow/example_dags/example_sla_dag.py
[2024-05-25T00:10:51.691+0000] {processor.py:830} INFO - Processing file /home/airflow/.local/lib/python3.12/site-packages/airflow/example_dags/example_sla_dag.py for tasks to queue
[2024-05-25T00:10:51.693+0000] {logging_mixin.py:188} INFO - [2024-05-25T00:10:51.692+0000] {dagbag.py:545} INFO - Filling up the DagBag from /home/airflow/.local/lib/python3.12/site-packages/airflow/example_dags/example_sla_dag.py
[2024-05-25T00:10:51.703+0000] {processor.py:840} INFO - DAG(s) 'example_sla_dag' retrieved from /home/airflow/.local/lib/python3.12/site-packages/airflow/example_dags/example_sla_dag.py
[2024-05-25T00:10:51.730+0000] {logging_mixin.py:188} INFO - [2024-05-25T00:10:51.729+0000] {dag.py:3096} INFO - Sync 1 DAGs
[2024-05-25T00:10:51.766+0000] {logging_mixin.py:188} INFO - [2024-05-25T00:10:51.765+0000] {dag.py:3954} INFO - Setting next_dagrun for example_sla_dag to 2024-05-25 00:08:00+00:00, run_after=2024-05-25 00:10:00+00:00
[2024-05-25T00:10:51.790+0000] {processor.py:183} INFO - Processing /home/airflow/.local/lib/python3.12/site-packages/airflow/example_dags/example_sla_dag.py took 0.107 seconds
[2024-05-25T00:11:22.820+0000] {processor.py:161} INFO - Started process (PID=39778) to work on /home/airflow/.local/lib/python3.12/site-packages/airflow/example_dags/example_sla_dag.py
[2024-05-25T00:11:22.822+0000] {processor.py:830} INFO - Processing file /home/airflow/.local/lib/python3.12/site-packages/airflow/example_dags/example_sla_dag.py for tasks to queue
[2024-05-25T00:11:22.826+0000] {logging_mixin.py:188} INFO - [2024-05-25T00:11:22.825+0000] {dagbag.py:545} INFO - Filling up the DagBag from /home/airflow/.local/lib/python3.12/site-packages/airflow/example_dags/example_sla_dag.py
[2024-05-25T00:11:22.839+0000] {processor.py:840} INFO - DAG(s) 'example_sla_dag' retrieved from /home/airflow/.local/lib/python3.12/site-packages/airflow/example_dags/example_sla_dag.py
[2024-05-25T00:11:22.876+0000] {logging_mixin.py:188} INFO - [2024-05-25T00:11:22.875+0000] {dag.py:3096} INFO - Sync 1 DAGs
[2024-05-25T00:11:22.911+0000] {logging_mixin.py:188} INFO - [2024-05-25T00:11:22.911+0000] {dag.py:3954} INFO - Setting next_dagrun for example_sla_dag to 2024-05-25 00:08:00+00:00, run_after=2024-05-25 00:10:00+00:00
[2024-05-25T00:11:22.938+0000] {processor.py:183} INFO - Processing /home/airflow/.local/lib/python3.12/site-packages/airflow/example_dags/example_sla_dag.py took 0.124 seconds
[2024-05-25T00:11:53.887+0000] {processor.py:161} INFO - Started process (PID=39836) to work on /home/airflow/.local/lib/python3.12/site-packages/airflow/example_dags/example_sla_dag.py
[2024-05-25T00:11:53.888+0000] {processor.py:830} INFO - Processing file /home/airflow/.local/lib/python3.12/site-packages/airflow/example_dags/example_sla_dag.py for tasks to queue
[2024-05-25T00:11:53.891+0000] {logging_mixin.py:188} INFO - [2024-05-25T00:11:53.889+0000] {dagbag.py:545} INFO - Filling up the DagBag from /home/airflow/.local/lib/python3.12/site-packages/airflow/example_dags/example_sla_dag.py
[2024-05-25T00:11:53.902+0000] {processor.py:840} INFO - DAG(s) 'example_sla_dag' retrieved from /home/airflow/.local/lib/python3.12/site-packages/airflow/example_dags/example_sla_dag.py
[2024-05-25T00:11:53.928+0000] {logging_mixin.py:188} INFO - [2024-05-25T00:11:53.928+0000] {dag.py:3096} INFO - Sync 1 DAGs
[2024-05-25T00:11:53.966+0000] {logging_mixin.py:188} INFO - [2024-05-25T00:11:53.965+0000] {dag.py:3954} INFO - Setting next_dagrun for example_sla_dag to 2024-05-25 00:08:00+00:00, run_after=2024-05-25 00:10:00+00:00
[2024-05-25T00:11:53.996+0000] {processor.py:183} INFO - Processing /home/airflow/.local/lib/python3.12/site-packages/airflow/example_dags/example_sla_dag.py took 0.118 seconds
[2024-05-25T00:12:45.964+0000] {processor.py:161} INFO - Started process (PID=39900) to work on /home/airflow/.local/lib/python3.12/site-packages/airflow/example_dags/example_sla_dag.py
[2024-05-25T00:12:45.966+0000] {processor.py:830} INFO - Processing file /home/airflow/.local/lib/python3.12/site-packages/airflow/example_dags/example_sla_dag.py for tasks to queue
[2024-05-25T00:12:45.967+0000] {logging_mixin.py:188} INFO - [2024-05-25T00:12:45.967+0000] {dagbag.py:545} INFO - Filling up the DagBag from /home/airflow/.local/lib/python3.12/site-packages/airflow/example_dags/example_sla_dag.py
[2024-05-25T00:12:45.976+0000] {processor.py:840} INFO - DAG(s) 'example_sla_dag' retrieved from /home/airflow/.local/lib/python3.12/site-packages/airflow/example_dags/example_sla_dag.py
[2024-05-25T00:12:45.998+0000] {logging_mixin.py:188} INFO - [2024-05-25T00:12:45.998+0000] {dag.py:3096} INFO - Sync 1 DAGs
[2024-05-25T00:12:46.024+0000] {logging_mixin.py:188} INFO - [2024-05-25T00:12:46.023+0000] {dag.py:3954} INFO - Setting next_dagrun for example_sla_dag to 2024-05-25 00:10:00+00:00, run_after=2024-05-25 00:12:00+00:00
[2024-05-25T00:12:46.046+0000] {processor.py:183} INFO - Processing /home/airflow/.local/lib/python3.12/site-packages/airflow/example_dags/example_sla_dag.py took 0.087 seconds
[2024-05-25T00:13:17.640+0000] {processor.py:161} INFO - Started process (PID=39964) to work on /home/airflow/.local/lib/python3.12/site-packages/airflow/example_dags/example_sla_dag.py
[2024-05-25T00:13:17.642+0000] {processor.py:830} INFO - Processing file /home/airflow/.local/lib/python3.12/site-packages/airflow/example_dags/example_sla_dag.py for tasks to queue
[2024-05-25T00:13:17.644+0000] {logging_mixin.py:188} INFO - [2024-05-25T00:13:17.644+0000] {dagbag.py:545} INFO - Filling up the DagBag from /home/airflow/.local/lib/python3.12/site-packages/airflow/example_dags/example_sla_dag.py
[2024-05-25T00:13:17.662+0000] {processor.py:840} INFO - DAG(s) 'example_sla_dag' retrieved from /home/airflow/.local/lib/python3.12/site-packages/airflow/example_dags/example_sla_dag.py
[2024-05-25T00:13:17.718+0000] {logging_mixin.py:188} INFO - [2024-05-25T00:13:17.717+0000] {dag.py:3096} INFO - Sync 1 DAGs
[2024-05-25T00:13:17.789+0000] {logging_mixin.py:188} INFO - [2024-05-25T00:13:17.788+0000] {dag.py:3954} INFO - Setting next_dagrun for example_sla_dag to 2024-05-25 00:10:00+00:00, run_after=2024-05-25 00:12:00+00:00
[2024-05-25T00:13:17.845+0000] {processor.py:183} INFO - Processing /home/airflow/.local/lib/python3.12/site-packages/airflow/example_dags/example_sla_dag.py took 0.215 seconds
[2024-05-25T00:14:20.136+0000] {processor.py:161} INFO - Started process (PID=40034) to work on /home/airflow/.local/lib/python3.12/site-packages/airflow/example_dags/example_sla_dag.py
[2024-05-25T00:14:20.138+0000] {processor.py:830} INFO - Processing file /home/airflow/.local/lib/python3.12/site-packages/airflow/example_dags/example_sla_dag.py for tasks to queue
[2024-05-25T00:14:20.140+0000] {logging_mixin.py:188} INFO - [2024-05-25T00:14:20.139+0000] {dagbag.py:545} INFO - Filling up the DagBag from /home/airflow/.local/lib/python3.12/site-packages/airflow/example_dags/example_sla_dag.py
[2024-05-25T00:14:20.151+0000] {processor.py:840} INFO - DAG(s) 'example_sla_dag' retrieved from /home/airflow/.local/lib/python3.12/site-packages/airflow/example_dags/example_sla_dag.py
[2024-05-25T00:14:20.186+0000] {logging_mixin.py:188} INFO - [2024-05-25T00:14:20.186+0000] {dag.py:3096} INFO - Sync 1 DAGs
[2024-05-25T00:14:20.229+0000] {logging_mixin.py:188} INFO - [2024-05-25T00:14:20.229+0000] {dag.py:3954} INFO - Setting next_dagrun for example_sla_dag to 2024-05-25 00:12:00+00:00, run_after=2024-05-25 00:14:00+00:00
[2024-05-25T00:14:20.262+0000] {processor.py:183} INFO - Processing /home/airflow/.local/lib/python3.12/site-packages/airflow/example_dags/example_sla_dag.py took 0.135 seconds
[2024-05-25T00:15:21.838+0000] {processor.py:161} INFO - Started process (PID=40108) to work on /home/airflow/.local/lib/python3.12/site-packages/airflow/example_dags/example_sla_dag.py
[2024-05-25T00:15:21.839+0000] {processor.py:830} INFO - Processing file /home/airflow/.local/lib/python3.12/site-packages/airflow/example_dags/example_sla_dag.py for tasks to queue
[2024-05-25T00:15:21.840+0000] {logging_mixin.py:188} INFO - [2024-05-25T00:15:21.840+0000] {dagbag.py:545} INFO - Filling up the DagBag from /home/airflow/.local/lib/python3.12/site-packages/airflow/example_dags/example_sla_dag.py
[2024-05-25T00:15:21.850+0000] {processor.py:840} INFO - DAG(s) 'example_sla_dag' retrieved from /home/airflow/.local/lib/python3.12/site-packages/airflow/example_dags/example_sla_dag.py
[2024-05-25T00:15:21.875+0000] {logging_mixin.py:188} INFO - [2024-05-25T00:15:21.874+0000] {dag.py:3096} INFO - Sync 1 DAGs
[2024-05-25T00:15:21.899+0000] {logging_mixin.py:188} INFO - [2024-05-25T00:15:21.899+0000] {dag.py:3954} INFO - Setting next_dagrun for example_sla_dag to 2024-05-25 00:12:00+00:00, run_after=2024-05-25 00:14:00+00:00
[2024-05-25T00:15:21.920+0000] {processor.py:183} INFO - Processing /home/airflow/.local/lib/python3.12/site-packages/airflow/example_dags/example_sla_dag.py took 0.087 seconds
[2024-05-25T00:15:53.637+0000] {processor.py:161} INFO - Started process (PID=40166) to work on /home/airflow/.local/lib/python3.12/site-packages/airflow/example_dags/example_sla_dag.py
[2024-05-25T00:15:53.640+0000] {processor.py:830} INFO - Processing file /home/airflow/.local/lib/python3.12/site-packages/airflow/example_dags/example_sla_dag.py for tasks to queue
[2024-05-25T00:15:53.642+0000] {logging_mixin.py:188} INFO - [2024-05-25T00:15:53.642+0000] {dagbag.py:545} INFO - Filling up the DagBag from /home/airflow/.local/lib/python3.12/site-packages/airflow/example_dags/example_sla_dag.py
[2024-05-25T00:15:53.656+0000] {processor.py:840} INFO - DAG(s) 'example_sla_dag' retrieved from /home/airflow/.local/lib/python3.12/site-packages/airflow/example_dags/example_sla_dag.py
[2024-05-25T00:15:53.686+0000] {logging_mixin.py:188} INFO - [2024-05-25T00:15:53.685+0000] {dag.py:3096} INFO - Sync 1 DAGs
[2024-05-25T00:15:53.726+0000] {logging_mixin.py:188} INFO - [2024-05-25T00:15:53.726+0000] {dag.py:3954} INFO - Setting next_dagrun for example_sla_dag to 2024-05-25 00:12:00+00:00, run_after=2024-05-25 00:14:00+00:00
[2024-05-25T00:15:53.758+0000] {processor.py:183} INFO - Processing /home/airflow/.local/lib/python3.12/site-packages/airflow/example_dags/example_sla_dag.py took 0.130 seconds
[2024-05-25T00:16:26.378+0000] {processor.py:161} INFO - Started process (PID=40224) to work on /home/airflow/.local/lib/python3.12/site-packages/airflow/example_dags/example_sla_dag.py
[2024-05-25T00:16:26.379+0000] {processor.py:830} INFO - Processing file /home/airflow/.local/lib/python3.12/site-packages/airflow/example_dags/example_sla_dag.py for tasks to queue
[2024-05-25T00:16:26.380+0000] {logging_mixin.py:188} INFO - [2024-05-25T00:16:26.380+0000] {dagbag.py:545} INFO - Filling up the DagBag from /home/airflow/.local/lib/python3.12/site-packages/airflow/example_dags/example_sla_dag.py
[2024-05-25T00:16:26.389+0000] {processor.py:840} INFO - DAG(s) 'example_sla_dag' retrieved from /home/airflow/.local/lib/python3.12/site-packages/airflow/example_dags/example_sla_dag.py
[2024-05-25T00:16:26.411+0000] {logging_mixin.py:188} INFO - [2024-05-25T00:16:26.410+0000] {dag.py:3096} INFO - Sync 1 DAGs
[2024-05-25T00:16:26.580+0000] {logging_mixin.py:188} INFO - [2024-05-25T00:16:26.580+0000] {dag.py:3954} INFO - Setting next_dagrun for example_sla_dag to 2024-05-25 00:14:00+00:00, run_after=2024-05-25 00:16:00+00:00
[2024-05-25T00:16:26.598+0000] {processor.py:183} INFO - Processing /home/airflow/.local/lib/python3.12/site-packages/airflow/example_dags/example_sla_dag.py took 0.226 seconds
[2024-05-25T00:16:57.366+0000] {processor.py:161} INFO - Started process (PID=40282) to work on /home/airflow/.local/lib/python3.12/site-packages/airflow/example_dags/example_sla_dag.py
[2024-05-25T00:16:57.368+0000] {processor.py:830} INFO - Processing file /home/airflow/.local/lib/python3.12/site-packages/airflow/example_dags/example_sla_dag.py for tasks to queue
[2024-05-25T00:16:57.370+0000] {logging_mixin.py:188} INFO - [2024-05-25T00:16:57.369+0000] {dagbag.py:545} INFO - Filling up the DagBag from /home/airflow/.local/lib/python3.12/site-packages/airflow/example_dags/example_sla_dag.py
[2024-05-25T00:16:57.389+0000] {processor.py:840} INFO - DAG(s) 'example_sla_dag' retrieved from /home/airflow/.local/lib/python3.12/site-packages/airflow/example_dags/example_sla_dag.py
[2024-05-25T00:16:57.412+0000] {logging_mixin.py:188} INFO - [2024-05-25T00:16:57.411+0000] {dag.py:3096} INFO - Sync 1 DAGs
[2024-05-25T00:16:57.457+0000] {logging_mixin.py:188} INFO - [2024-05-25T00:16:57.457+0000] {dag.py:3954} INFO - Setting next_dagrun for example_sla_dag to 2024-05-25 00:14:00+00:00, run_after=2024-05-25 00:16:00+00:00
[2024-05-25T00:16:57.634+0000] {processor.py:183} INFO - Processing /home/airflow/.local/lib/python3.12/site-packages/airflow/example_dags/example_sla_dag.py took 0.274 seconds
[2024-05-25T00:17:28.420+0000] {processor.py:161} INFO - Started process (PID=40340) to work on /home/airflow/.local/lib/python3.12/site-packages/airflow/example_dags/example_sla_dag.py
[2024-05-25T00:17:28.421+0000] {processor.py:830} INFO - Processing file /home/airflow/.local/lib/python3.12/site-packages/airflow/example_dags/example_sla_dag.py for tasks to queue
[2024-05-25T00:17:28.423+0000] {logging_mixin.py:188} INFO - [2024-05-25T00:17:28.423+0000] {dagbag.py:545} INFO - Filling up the DagBag from /home/airflow/.local/lib/python3.12/site-packages/airflow/example_dags/example_sla_dag.py
[2024-05-25T00:17:28.435+0000] {processor.py:840} INFO - DAG(s) 'example_sla_dag' retrieved from /home/airflow/.local/lib/python3.12/site-packages/airflow/example_dags/example_sla_dag.py
[2024-05-25T00:17:28.458+0000] {logging_mixin.py:188} INFO - [2024-05-25T00:17:28.458+0000] {dag.py:3096} INFO - Sync 1 DAGs
[2024-05-25T00:17:28.489+0000] {logging_mixin.py:188} INFO - [2024-05-25T00:17:28.488+0000] {dag.py:3954} INFO - Setting next_dagrun for example_sla_dag to 2024-05-25 00:14:00+00:00, run_after=2024-05-25 00:16:00+00:00
[2024-05-25T00:17:28.514+0000] {processor.py:183} INFO - Processing /home/airflow/.local/lib/python3.12/site-packages/airflow/example_dags/example_sla_dag.py took 0.101 seconds
[2024-05-25T00:17:59.237+0000] {processor.py:161} INFO - Started process (PID=40398) to work on /home/airflow/.local/lib/python3.12/site-packages/airflow/example_dags/example_sla_dag.py
[2024-05-25T00:17:59.239+0000] {processor.py:830} INFO - Processing file /home/airflow/.local/lib/python3.12/site-packages/airflow/example_dags/example_sla_dag.py for tasks to queue
[2024-05-25T00:17:59.241+0000] {logging_mixin.py:188} INFO - [2024-05-25T00:17:59.240+0000] {dagbag.py:545} INFO - Filling up the DagBag from /home/airflow/.local/lib/python3.12/site-packages/airflow/example_dags/example_sla_dag.py
[2024-05-25T00:17:59.254+0000] {processor.py:840} INFO - DAG(s) 'example_sla_dag' retrieved from /home/airflow/.local/lib/python3.12/site-packages/airflow/example_dags/example_sla_dag.py
[2024-05-25T00:17:59.275+0000] {logging_mixin.py:188} INFO - [2024-05-25T00:17:59.275+0000] {dag.py:3096} INFO - Sync 1 DAGs
[2024-05-25T00:17:59.299+0000] {logging_mixin.py:188} INFO - [2024-05-25T00:17:59.299+0000] {dag.py:3954} INFO - Setting next_dagrun for example_sla_dag to 2024-05-25 00:14:00+00:00, run_after=2024-05-25 00:16:00+00:00
[2024-05-25T00:17:59.322+0000] {processor.py:183} INFO - Processing /home/airflow/.local/lib/python3.12/site-packages/airflow/example_dags/example_sla_dag.py took 0.089 seconds
