[2024-05-25T00:00:25.741+0000] {processor.py:161} INFO - Started process (PID=38659) to work on /home/airflow/.local/lib/python3.12/site-packages/airflow/example_dags/example_bash_operator.py
[2024-05-25T00:00:25.743+0000] {processor.py:830} INFO - Processing file /home/airflow/.local/lib/python3.12/site-packages/airflow/example_dags/example_bash_operator.py for tasks to queue
[2024-05-25T00:00:25.747+0000] {logging_mixin.py:188} INFO - [2024-05-25T00:00:25.746+0000] {dagbag.py:545} INFO - Filling up the DagBag from /home/airflow/.local/lib/python3.12/site-packages/airflow/example_dags/example_bash_operator.py
[2024-05-25T00:00:25.765+0000] {processor.py:840} INFO - DAG(s) 'example_bash_operator' retrieved from /home/airflow/.local/lib/python3.12/site-packages/airflow/example_dags/example_bash_operator.py
[2024-05-25T00:00:25.796+0000] {logging_mixin.py:188} INFO - [2024-05-25T00:00:25.796+0000] {dag.py:3096} INFO - Sync 1 DAGs
[2024-05-25T00:00:25.829+0000] {logging_mixin.py:188} INFO - [2024-05-25T00:00:25.828+0000] {dag.py:3954} INFO - Setting next_dagrun for example_bash_operator to 2024-05-24 00:00:00+00:00, run_after=2024-05-25 00:00:00+00:00
[2024-05-25T00:00:25.863+0000] {processor.py:183} INFO - Processing /home/airflow/.local/lib/python3.12/site-packages/airflow/example_dags/example_bash_operator.py took 0.129 seconds
[2024-05-25T00:00:55.969+0000] {processor.py:161} INFO - Started process (PID=38717) to work on /home/airflow/.local/lib/python3.12/site-packages/airflow/example_dags/example_bash_operator.py
[2024-05-25T00:00:55.971+0000] {processor.py:830} INFO - Processing file /home/airflow/.local/lib/python3.12/site-packages/airflow/example_dags/example_bash_operator.py for tasks to queue
[2024-05-25T00:00:55.974+0000] {logging_mixin.py:188} INFO - [2024-05-25T00:00:55.974+0000] {dagbag.py:545} INFO - Filling up the DagBag from /home/airflow/.local/lib/python3.12/site-packages/airflow/example_dags/example_bash_operator.py
[2024-05-25T00:00:55.990+0000] {processor.py:840} INFO - DAG(s) 'example_bash_operator' retrieved from /home/airflow/.local/lib/python3.12/site-packages/airflow/example_dags/example_bash_operator.py
[2024-05-25T00:00:56.027+0000] {logging_mixin.py:188} INFO - [2024-05-25T00:00:56.026+0000] {dag.py:3096} INFO - Sync 1 DAGs
[2024-05-25T00:00:56.053+0000] {logging_mixin.py:188} INFO - [2024-05-25T00:00:56.053+0000] {dag.py:3954} INFO - Setting next_dagrun for example_bash_operator to 2024-05-24 00:00:00+00:00, run_after=2024-05-25 00:00:00+00:00
[2024-05-25T00:00:56.088+0000] {processor.py:183} INFO - Processing /home/airflow/.local/lib/python3.12/site-packages/airflow/example_dags/example_bash_operator.py took 0.125 seconds
[2024-05-25T00:01:26.807+0000] {processor.py:161} INFO - Started process (PID=38775) to work on /home/airflow/.local/lib/python3.12/site-packages/airflow/example_dags/example_bash_operator.py
[2024-05-25T00:01:26.808+0000] {processor.py:830} INFO - Processing file /home/airflow/.local/lib/python3.12/site-packages/airflow/example_dags/example_bash_operator.py for tasks to queue
[2024-05-25T00:01:26.811+0000] {logging_mixin.py:188} INFO - [2024-05-25T00:01:26.811+0000] {dagbag.py:545} INFO - Filling up the DagBag from /home/airflow/.local/lib/python3.12/site-packages/airflow/example_dags/example_bash_operator.py
[2024-05-25T00:01:26.827+0000] {processor.py:840} INFO - DAG(s) 'example_bash_operator' retrieved from /home/airflow/.local/lib/python3.12/site-packages/airflow/example_dags/example_bash_operator.py
[2024-05-25T00:01:26.865+0000] {logging_mixin.py:188} INFO - [2024-05-25T00:01:26.864+0000] {dag.py:3096} INFO - Sync 1 DAGs
[2024-05-25T00:01:26.929+0000] {logging_mixin.py:188} INFO - [2024-05-25T00:01:26.926+0000] {dag.py:3954} INFO - Setting next_dagrun for example_bash_operator to 2024-05-24 00:00:00+00:00, run_after=2024-05-25 00:00:00+00:00
[2024-05-25T00:01:26.969+0000] {processor.py:183} INFO - Processing /home/airflow/.local/lib/python3.12/site-packages/airflow/example_dags/example_bash_operator.py took 0.173 seconds
[2024-05-25T00:01:57.124+0000] {processor.py:161} INFO - Started process (PID=38833) to work on /home/airflow/.local/lib/python3.12/site-packages/airflow/example_dags/example_bash_operator.py
[2024-05-25T00:01:57.126+0000] {processor.py:830} INFO - Processing file /home/airflow/.local/lib/python3.12/site-packages/airflow/example_dags/example_bash_operator.py for tasks to queue
[2024-05-25T00:01:57.129+0000] {logging_mixin.py:188} INFO - [2024-05-25T00:01:57.129+0000] {dagbag.py:545} INFO - Filling up the DagBag from /home/airflow/.local/lib/python3.12/site-packages/airflow/example_dags/example_bash_operator.py
[2024-05-25T00:01:57.142+0000] {processor.py:840} INFO - DAG(s) 'example_bash_operator' retrieved from /home/airflow/.local/lib/python3.12/site-packages/airflow/example_dags/example_bash_operator.py
[2024-05-25T00:01:57.175+0000] {logging_mixin.py:188} INFO - [2024-05-25T00:01:57.175+0000] {dag.py:3096} INFO - Sync 1 DAGs
[2024-05-25T00:01:57.205+0000] {logging_mixin.py:188} INFO - [2024-05-25T00:01:57.205+0000] {dag.py:3954} INFO - Setting next_dagrun for example_bash_operator to 2024-05-24 00:00:00+00:00, run_after=2024-05-25 00:00:00+00:00
[2024-05-25T00:01:57.232+0000] {processor.py:183} INFO - Processing /home/airflow/.local/lib/python3.12/site-packages/airflow/example_dags/example_bash_operator.py took 0.112 seconds
[2024-05-25T00:02:27.755+0000] {processor.py:161} INFO - Started process (PID=38891) to work on /home/airflow/.local/lib/python3.12/site-packages/airflow/example_dags/example_bash_operator.py
[2024-05-25T00:02:27.757+0000] {processor.py:830} INFO - Processing file /home/airflow/.local/lib/python3.12/site-packages/airflow/example_dags/example_bash_operator.py for tasks to queue
[2024-05-25T00:02:27.759+0000] {logging_mixin.py:188} INFO - [2024-05-25T00:02:27.759+0000] {dagbag.py:545} INFO - Filling up the DagBag from /home/airflow/.local/lib/python3.12/site-packages/airflow/example_dags/example_bash_operator.py
[2024-05-25T00:02:27.770+0000] {processor.py:840} INFO - DAG(s) 'example_bash_operator' retrieved from /home/airflow/.local/lib/python3.12/site-packages/airflow/example_dags/example_bash_operator.py
[2024-05-25T00:02:27.795+0000] {logging_mixin.py:188} INFO - [2024-05-25T00:02:27.794+0000] {dag.py:3096} INFO - Sync 1 DAGs
[2024-05-25T00:02:27.815+0000] {logging_mixin.py:188} INFO - [2024-05-25T00:02:27.815+0000] {dag.py:3954} INFO - Setting next_dagrun for example_bash_operator to 2024-05-24 00:00:00+00:00, run_after=2024-05-25 00:00:00+00:00
[2024-05-25T00:02:27.835+0000] {processor.py:183} INFO - Processing /home/airflow/.local/lib/python3.12/site-packages/airflow/example_dags/example_bash_operator.py took 0.085 seconds
[2024-05-25T00:02:58.638+0000] {processor.py:161} INFO - Started process (PID=38953) to work on /home/airflow/.local/lib/python3.12/site-packages/airflow/example_dags/example_bash_operator.py
[2024-05-25T00:02:58.640+0000] {processor.py:830} INFO - Processing file /home/airflow/.local/lib/python3.12/site-packages/airflow/example_dags/example_bash_operator.py for tasks to queue
[2024-05-25T00:02:58.642+0000] {logging_mixin.py:188} INFO - [2024-05-25T00:02:58.641+0000] {dagbag.py:545} INFO - Filling up the DagBag from /home/airflow/.local/lib/python3.12/site-packages/airflow/example_dags/example_bash_operator.py
[2024-05-25T00:02:58.657+0000] {processor.py:840} INFO - DAG(s) 'example_bash_operator' retrieved from /home/airflow/.local/lib/python3.12/site-packages/airflow/example_dags/example_bash_operator.py
[2024-05-25T00:02:58.695+0000] {logging_mixin.py:188} INFO - [2024-05-25T00:02:58.695+0000] {dag.py:3096} INFO - Sync 1 DAGs
[2024-05-25T00:02:58.725+0000] {logging_mixin.py:188} INFO - [2024-05-25T00:02:58.725+0000] {dag.py:3954} INFO - Setting next_dagrun for example_bash_operator to 2024-05-24 00:00:00+00:00, run_after=2024-05-25 00:00:00+00:00
[2024-05-25T00:02:58.752+0000] {processor.py:183} INFO - Processing /home/airflow/.local/lib/python3.12/site-packages/airflow/example_dags/example_bash_operator.py took 0.119 seconds
[2024-05-25T00:03:29.008+0000] {processor.py:161} INFO - Started process (PID=39011) to work on /home/airflow/.local/lib/python3.12/site-packages/airflow/example_dags/example_bash_operator.py
[2024-05-25T00:03:29.010+0000] {processor.py:830} INFO - Processing file /home/airflow/.local/lib/python3.12/site-packages/airflow/example_dags/example_bash_operator.py for tasks to queue
[2024-05-25T00:03:29.013+0000] {logging_mixin.py:188} INFO - [2024-05-25T00:03:29.012+0000] {dagbag.py:545} INFO - Filling up the DagBag from /home/airflow/.local/lib/python3.12/site-packages/airflow/example_dags/example_bash_operator.py
[2024-05-25T00:03:29.025+0000] {processor.py:840} INFO - DAG(s) 'example_bash_operator' retrieved from /home/airflow/.local/lib/python3.12/site-packages/airflow/example_dags/example_bash_operator.py
[2024-05-25T00:03:29.059+0000] {logging_mixin.py:188} INFO - [2024-05-25T00:03:29.059+0000] {dag.py:3096} INFO - Sync 1 DAGs
[2024-05-25T00:03:29.088+0000] {logging_mixin.py:188} INFO - [2024-05-25T00:03:29.087+0000] {dag.py:3954} INFO - Setting next_dagrun for example_bash_operator to 2024-05-24 00:00:00+00:00, run_after=2024-05-25 00:00:00+00:00
[2024-05-25T00:03:29.122+0000] {processor.py:183} INFO - Processing /home/airflow/.local/lib/python3.12/site-packages/airflow/example_dags/example_bash_operator.py took 0.119 seconds
[2024-05-25T00:03:59.980+0000] {processor.py:161} INFO - Started process (PID=39069) to work on /home/airflow/.local/lib/python3.12/site-packages/airflow/example_dags/example_bash_operator.py
[2024-05-25T00:03:59.982+0000] {processor.py:830} INFO - Processing file /home/airflow/.local/lib/python3.12/site-packages/airflow/example_dags/example_bash_operator.py for tasks to queue
[2024-05-25T00:03:59.997+0000] {logging_mixin.py:188} INFO - [2024-05-25T00:03:59.995+0000] {dagbag.py:545} INFO - Filling up the DagBag from /home/airflow/.local/lib/python3.12/site-packages/airflow/example_dags/example_bash_operator.py
[2024-05-25T00:04:00.033+0000] {processor.py:840} INFO - DAG(s) 'example_bash_operator' retrieved from /home/airflow/.local/lib/python3.12/site-packages/airflow/example_dags/example_bash_operator.py
[2024-05-25T00:04:00.081+0000] {logging_mixin.py:188} INFO - [2024-05-25T00:04:00.080+0000] {dag.py:3096} INFO - Sync 1 DAGs
[2024-05-25T00:04:00.122+0000] {logging_mixin.py:188} INFO - [2024-05-25T00:04:00.121+0000] {dag.py:3954} INFO - Setting next_dagrun for example_bash_operator to 2024-05-24 00:00:00+00:00, run_after=2024-05-25 00:00:00+00:00
[2024-05-25T00:04:00.158+0000] {processor.py:183} INFO - Processing /home/airflow/.local/lib/python3.12/site-packages/airflow/example_dags/example_bash_operator.py took 0.184 seconds
[2024-05-25T00:04:30.463+0000] {processor.py:161} INFO - Started process (PID=39127) to work on /home/airflow/.local/lib/python3.12/site-packages/airflow/example_dags/example_bash_operator.py
[2024-05-25T00:04:30.465+0000] {processor.py:830} INFO - Processing file /home/airflow/.local/lib/python3.12/site-packages/airflow/example_dags/example_bash_operator.py for tasks to queue
[2024-05-25T00:04:30.468+0000] {logging_mixin.py:188} INFO - [2024-05-25T00:04:30.468+0000] {dagbag.py:545} INFO - Filling up the DagBag from /home/airflow/.local/lib/python3.12/site-packages/airflow/example_dags/example_bash_operator.py
[2024-05-25T00:04:30.484+0000] {processor.py:840} INFO - DAG(s) 'example_bash_operator' retrieved from /home/airflow/.local/lib/python3.12/site-packages/airflow/example_dags/example_bash_operator.py
[2024-05-25T00:04:30.536+0000] {logging_mixin.py:188} INFO - [2024-05-25T00:04:30.536+0000] {dag.py:3096} INFO - Sync 1 DAGs
[2024-05-25T00:04:30.567+0000] {logging_mixin.py:188} INFO - [2024-05-25T00:04:30.567+0000] {dag.py:3954} INFO - Setting next_dagrun for example_bash_operator to 2024-05-24 00:00:00+00:00, run_after=2024-05-25 00:00:00+00:00
[2024-05-25T00:04:30.594+0000] {processor.py:183} INFO - Processing /home/airflow/.local/lib/python3.12/site-packages/airflow/example_dags/example_bash_operator.py took 0.137 seconds
[2024-05-25T00:05:05.160+0000] {processor.py:161} INFO - Started process (PID=39185) to work on /home/airflow/.local/lib/python3.12/site-packages/airflow/example_dags/example_bash_operator.py
[2024-05-25T00:05:05.161+0000] {processor.py:830} INFO - Processing file /home/airflow/.local/lib/python3.12/site-packages/airflow/example_dags/example_bash_operator.py for tasks to queue
[2024-05-25T00:05:05.165+0000] {logging_mixin.py:188} INFO - [2024-05-25T00:05:05.164+0000] {dagbag.py:545} INFO - Filling up the DagBag from /home/airflow/.local/lib/python3.12/site-packages/airflow/example_dags/example_bash_operator.py
[2024-05-25T00:05:05.177+0000] {processor.py:840} INFO - DAG(s) 'example_bash_operator' retrieved from /home/airflow/.local/lib/python3.12/site-packages/airflow/example_dags/example_bash_operator.py
[2024-05-25T00:05:05.212+0000] {logging_mixin.py:188} INFO - [2024-05-25T00:05:05.212+0000] {dag.py:3096} INFO - Sync 1 DAGs
[2024-05-25T00:05:05.241+0000] {logging_mixin.py:188} INFO - [2024-05-25T00:05:05.241+0000] {dag.py:3954} INFO - Setting next_dagrun for example_bash_operator to 2024-05-24 00:00:00+00:00, run_after=2024-05-25 00:00:00+00:00
[2024-05-25T00:05:05.268+0000] {processor.py:183} INFO - Processing /home/airflow/.local/lib/python3.12/site-packages/airflow/example_dags/example_bash_operator.py took 0.115 seconds
[2024-05-25T00:05:36.097+0000] {processor.py:161} INFO - Started process (PID=39241) to work on /home/airflow/.local/lib/python3.12/site-packages/airflow/example_dags/example_bash_operator.py
[2024-05-25T00:05:36.098+0000] {processor.py:830} INFO - Processing file /home/airflow/.local/lib/python3.12/site-packages/airflow/example_dags/example_bash_operator.py for tasks to queue
[2024-05-25T00:05:36.101+0000] {logging_mixin.py:188} INFO - [2024-05-25T00:05:36.100+0000] {dagbag.py:545} INFO - Filling up the DagBag from /home/airflow/.local/lib/python3.12/site-packages/airflow/example_dags/example_bash_operator.py
[2024-05-25T00:05:36.112+0000] {processor.py:840} INFO - DAG(s) 'example_bash_operator' retrieved from /home/airflow/.local/lib/python3.12/site-packages/airflow/example_dags/example_bash_operator.py
[2024-05-25T00:05:36.138+0000] {logging_mixin.py:188} INFO - [2024-05-25T00:05:36.138+0000] {dag.py:3096} INFO - Sync 1 DAGs
[2024-05-25T00:05:36.158+0000] {logging_mixin.py:188} INFO - [2024-05-25T00:05:36.158+0000] {dag.py:3954} INFO - Setting next_dagrun for example_bash_operator to 2024-05-24 00:00:00+00:00, run_after=2024-05-25 00:00:00+00:00
[2024-05-25T00:05:36.186+0000] {processor.py:183} INFO - Processing /home/airflow/.local/lib/python3.12/site-packages/airflow/example_dags/example_bash_operator.py took 0.095 seconds
[2024-05-25T00:06:06.396+0000] {processor.py:161} INFO - Started process (PID=39299) to work on /home/airflow/.local/lib/python3.12/site-packages/airflow/example_dags/example_bash_operator.py
[2024-05-25T00:06:06.398+0000] {processor.py:830} INFO - Processing file /home/airflow/.local/lib/python3.12/site-packages/airflow/example_dags/example_bash_operator.py for tasks to queue
[2024-05-25T00:06:06.402+0000] {logging_mixin.py:188} INFO - [2024-05-25T00:06:06.401+0000] {dagbag.py:545} INFO - Filling up the DagBag from /home/airflow/.local/lib/python3.12/site-packages/airflow/example_dags/example_bash_operator.py
[2024-05-25T00:06:06.418+0000] {processor.py:840} INFO - DAG(s) 'example_bash_operator' retrieved from /home/airflow/.local/lib/python3.12/site-packages/airflow/example_dags/example_bash_operator.py
[2024-05-25T00:06:06.452+0000] {logging_mixin.py:188} INFO - [2024-05-25T00:06:06.452+0000] {dag.py:3096} INFO - Sync 1 DAGs
[2024-05-25T00:06:06.476+0000] {logging_mixin.py:188} INFO - [2024-05-25T00:06:06.476+0000] {dag.py:3954} INFO - Setting next_dagrun for example_bash_operator to 2024-05-24 00:00:00+00:00, run_after=2024-05-25 00:00:00+00:00
[2024-05-25T00:06:06.498+0000] {processor.py:183} INFO - Processing /home/airflow/.local/lib/python3.12/site-packages/airflow/example_dags/example_bash_operator.py took 0.111 seconds
[2024-05-25T00:06:36.603+0000] {processor.py:161} INFO - Started process (PID=39357) to work on /home/airflow/.local/lib/python3.12/site-packages/airflow/example_dags/example_bash_operator.py
[2024-05-25T00:06:36.605+0000] {processor.py:830} INFO - Processing file /home/airflow/.local/lib/python3.12/site-packages/airflow/example_dags/example_bash_operator.py for tasks to queue
[2024-05-25T00:06:36.607+0000] {logging_mixin.py:188} INFO - [2024-05-25T00:06:36.607+0000] {dagbag.py:545} INFO - Filling up the DagBag from /home/airflow/.local/lib/python3.12/site-packages/airflow/example_dags/example_bash_operator.py
[2024-05-25T00:06:36.617+0000] {processor.py:840} INFO - DAG(s) 'example_bash_operator' retrieved from /home/airflow/.local/lib/python3.12/site-packages/airflow/example_dags/example_bash_operator.py
[2024-05-25T00:06:36.641+0000] {logging_mixin.py:188} INFO - [2024-05-25T00:06:36.640+0000] {dag.py:3096} INFO - Sync 1 DAGs
[2024-05-25T00:06:36.659+0000] {logging_mixin.py:188} INFO - [2024-05-25T00:06:36.659+0000] {dag.py:3954} INFO - Setting next_dagrun for example_bash_operator to 2024-05-24 00:00:00+00:00, run_after=2024-05-25 00:00:00+00:00
[2024-05-25T00:06:36.674+0000] {processor.py:183} INFO - Processing /home/airflow/.local/lib/python3.12/site-packages/airflow/example_dags/example_bash_operator.py took 0.076 seconds
[2024-05-25T00:07:07.872+0000] {processor.py:161} INFO - Started process (PID=39415) to work on /home/airflow/.local/lib/python3.12/site-packages/airflow/example_dags/example_bash_operator.py
[2024-05-25T00:07:07.876+0000] {processor.py:830} INFO - Processing file /home/airflow/.local/lib/python3.12/site-packages/airflow/example_dags/example_bash_operator.py for tasks to queue
[2024-05-25T00:07:07.889+0000] {logging_mixin.py:188} INFO - [2024-05-25T00:07:07.888+0000] {dagbag.py:545} INFO - Filling up the DagBag from /home/airflow/.local/lib/python3.12/site-packages/airflow/example_dags/example_bash_operator.py
[2024-05-25T00:07:07.932+0000] {processor.py:840} INFO - DAG(s) 'example_bash_operator' retrieved from /home/airflow/.local/lib/python3.12/site-packages/airflow/example_dags/example_bash_operator.py
[2024-05-25T00:07:08.088+0000] {logging_mixin.py:188} INFO - [2024-05-25T00:07:08.087+0000] {dag.py:3096} INFO - Sync 1 DAGs
[2024-05-25T00:07:08.151+0000] {logging_mixin.py:188} INFO - [2024-05-25T00:07:08.151+0000] {dag.py:3954} INFO - Setting next_dagrun for example_bash_operator to 2024-05-24 00:00:00+00:00, run_after=2024-05-25 00:00:00+00:00
[2024-05-25T00:07:08.205+0000] {processor.py:183} INFO - Processing /home/airflow/.local/lib/python3.12/site-packages/airflow/example_dags/example_bash_operator.py took 0.349 seconds
[2024-05-25T00:07:38.275+0000] {processor.py:161} INFO - Started process (PID=39473) to work on /home/airflow/.local/lib/python3.12/site-packages/airflow/example_dags/example_bash_operator.py
[2024-05-25T00:07:38.276+0000] {processor.py:830} INFO - Processing file /home/airflow/.local/lib/python3.12/site-packages/airflow/example_dags/example_bash_operator.py for tasks to queue
[2024-05-25T00:07:38.278+0000] {logging_mixin.py:188} INFO - [2024-05-25T00:07:38.278+0000] {dagbag.py:545} INFO - Filling up the DagBag from /home/airflow/.local/lib/python3.12/site-packages/airflow/example_dags/example_bash_operator.py
[2024-05-25T00:07:38.288+0000] {processor.py:840} INFO - DAG(s) 'example_bash_operator' retrieved from /home/airflow/.local/lib/python3.12/site-packages/airflow/example_dags/example_bash_operator.py
[2024-05-25T00:07:38.312+0000] {logging_mixin.py:188} INFO - [2024-05-25T00:07:38.312+0000] {dag.py:3096} INFO - Sync 1 DAGs
[2024-05-25T00:07:38.331+0000] {logging_mixin.py:188} INFO - [2024-05-25T00:07:38.331+0000] {dag.py:3954} INFO - Setting next_dagrun for example_bash_operator to 2024-05-24 00:00:00+00:00, run_after=2024-05-25 00:00:00+00:00
[2024-05-25T00:07:38.350+0000] {processor.py:183} INFO - Processing /home/airflow/.local/lib/python3.12/site-packages/airflow/example_dags/example_bash_operator.py took 0.081 seconds
[2024-05-25T00:08:08.919+0000] {processor.py:161} INFO - Started process (PID=39531) to work on /home/airflow/.local/lib/python3.12/site-packages/airflow/example_dags/example_bash_operator.py
[2024-05-25T00:08:08.920+0000] {processor.py:830} INFO - Processing file /home/airflow/.local/lib/python3.12/site-packages/airflow/example_dags/example_bash_operator.py for tasks to queue
[2024-05-25T00:08:08.923+0000] {logging_mixin.py:188} INFO - [2024-05-25T00:08:08.922+0000] {dagbag.py:545} INFO - Filling up the DagBag from /home/airflow/.local/lib/python3.12/site-packages/airflow/example_dags/example_bash_operator.py
[2024-05-25T00:08:08.947+0000] {processor.py:840} INFO - DAG(s) 'example_bash_operator' retrieved from /home/airflow/.local/lib/python3.12/site-packages/airflow/example_dags/example_bash_operator.py
[2024-05-25T00:08:09.234+0000] {logging_mixin.py:188} INFO - [2024-05-25T00:08:09.223+0000] {dag.py:3096} INFO - Sync 1 DAGs
[2024-05-25T00:08:09.289+0000] {logging_mixin.py:188} INFO - [2024-05-25T00:08:09.289+0000] {dag.py:3954} INFO - Setting next_dagrun for example_bash_operator to 2024-05-24 00:00:00+00:00, run_after=2024-05-25 00:00:00+00:00
[2024-05-25T00:08:09.332+0000] {processor.py:183} INFO - Processing /home/airflow/.local/lib/python3.12/site-packages/airflow/example_dags/example_bash_operator.py took 0.420 seconds
[2024-05-25T00:08:46.050+0000] {processor.py:161} INFO - Started process (PID=39589) to work on /home/airflow/.local/lib/python3.12/site-packages/airflow/example_dags/example_bash_operator.py
[2024-05-25T00:08:46.054+0000] {processor.py:830} INFO - Processing file /home/airflow/.local/lib/python3.12/site-packages/airflow/example_dags/example_bash_operator.py for tasks to queue
[2024-05-25T00:08:46.061+0000] {logging_mixin.py:188} INFO - [2024-05-25T00:08:46.060+0000] {dagbag.py:545} INFO - Filling up the DagBag from /home/airflow/.local/lib/python3.12/site-packages/airflow/example_dags/example_bash_operator.py
[2024-05-25T00:08:46.127+0000] {processor.py:840} INFO - DAG(s) 'example_bash_operator' retrieved from /home/airflow/.local/lib/python3.12/site-packages/airflow/example_dags/example_bash_operator.py
[2024-05-25T00:08:46.279+0000] {logging_mixin.py:188} INFO - [2024-05-25T00:08:46.277+0000] {dag.py:3096} INFO - Sync 1 DAGs
[2024-05-25T00:08:46.399+0000] {logging_mixin.py:188} INFO - [2024-05-25T00:08:46.399+0000] {dag.py:3954} INFO - Setting next_dagrun for example_bash_operator to 2024-05-24 00:00:00+00:00, run_after=2024-05-25 00:00:00+00:00
[2024-05-25T00:08:46.484+0000] {processor.py:183} INFO - Processing /home/airflow/.local/lib/python3.12/site-packages/airflow/example_dags/example_bash_operator.py took 0.465 seconds
[2024-05-25T00:09:56.317+0000] {processor.py:161} INFO - Started process (PID=39631) to work on /home/airflow/.local/lib/python3.12/site-packages/airflow/example_dags/example_bash_operator.py
[2024-05-25T00:09:56.325+0000] {processor.py:830} INFO - Processing file /home/airflow/.local/lib/python3.12/site-packages/airflow/example_dags/example_bash_operator.py for tasks to queue
[2024-05-25T00:09:56.340+0000] {logging_mixin.py:188} INFO - [2024-05-25T00:09:56.338+0000] {dagbag.py:545} INFO - Filling up the DagBag from /home/airflow/.local/lib/python3.12/site-packages/airflow/example_dags/example_bash_operator.py
[2024-05-25T00:09:56.411+0000] {processor.py:840} INFO - DAG(s) 'example_bash_operator' retrieved from /home/airflow/.local/lib/python3.12/site-packages/airflow/example_dags/example_bash_operator.py
[2024-05-25T00:09:56.581+0000] {logging_mixin.py:188} INFO - [2024-05-25T00:09:56.577+0000] {dag.py:3096} INFO - Sync 1 DAGs
[2024-05-25T00:09:56.742+0000] {logging_mixin.py:188} INFO - [2024-05-25T00:09:56.740+0000] {dag.py:3954} INFO - Setting next_dagrun for example_bash_operator to 2024-05-24 00:00:00+00:00, run_after=2024-05-25 00:00:00+00:00
[2024-05-25T00:09:56.815+0000] {processor.py:183} INFO - Processing /home/airflow/.local/lib/python3.12/site-packages/airflow/example_dags/example_bash_operator.py took 0.523 seconds
[2024-05-25T00:10:28.897+0000] {processor.py:161} INFO - Started process (PID=39689) to work on /home/airflow/.local/lib/python3.12/site-packages/airflow/example_dags/example_bash_operator.py
[2024-05-25T00:10:28.900+0000] {processor.py:830} INFO - Processing file /home/airflow/.local/lib/python3.12/site-packages/airflow/example_dags/example_bash_operator.py for tasks to queue
[2024-05-25T00:10:28.909+0000] {logging_mixin.py:188} INFO - [2024-05-25T00:10:28.907+0000] {dagbag.py:545} INFO - Filling up the DagBag from /home/airflow/.local/lib/python3.12/site-packages/airflow/example_dags/example_bash_operator.py
[2024-05-25T00:10:28.988+0000] {processor.py:840} INFO - DAG(s) 'example_bash_operator' retrieved from /home/airflow/.local/lib/python3.12/site-packages/airflow/example_dags/example_bash_operator.py
[2024-05-25T00:10:29.189+0000] {logging_mixin.py:188} INFO - [2024-05-25T00:10:29.186+0000] {dag.py:3096} INFO - Sync 1 DAGs
[2024-05-25T00:10:29.389+0000] {logging_mixin.py:188} INFO - [2024-05-25T00:10:29.388+0000] {dag.py:3954} INFO - Setting next_dagrun for example_bash_operator to 2024-05-24 00:00:00+00:00, run_after=2024-05-25 00:00:00+00:00
[2024-05-25T00:10:29.541+0000] {processor.py:183} INFO - Processing /home/airflow/.local/lib/python3.12/site-packages/airflow/example_dags/example_bash_operator.py took 0.671 seconds
[2024-05-25T00:10:59.994+0000] {processor.py:161} INFO - Started process (PID=39747) to work on /home/airflow/.local/lib/python3.12/site-packages/airflow/example_dags/example_bash_operator.py
[2024-05-25T00:10:59.996+0000] {processor.py:830} INFO - Processing file /home/airflow/.local/lib/python3.12/site-packages/airflow/example_dags/example_bash_operator.py for tasks to queue
[2024-05-25T00:10:59.997+0000] {logging_mixin.py:188} INFO - [2024-05-25T00:10:59.997+0000] {dagbag.py:545} INFO - Filling up the DagBag from /home/airflow/.local/lib/python3.12/site-packages/airflow/example_dags/example_bash_operator.py
[2024-05-25T00:11:00.021+0000] {processor.py:840} INFO - DAG(s) 'example_bash_operator' retrieved from /home/airflow/.local/lib/python3.12/site-packages/airflow/example_dags/example_bash_operator.py
[2024-05-25T00:11:00.060+0000] {logging_mixin.py:188} INFO - [2024-05-25T00:11:00.059+0000] {dag.py:3096} INFO - Sync 1 DAGs
[2024-05-25T00:11:00.088+0000] {logging_mixin.py:188} INFO - [2024-05-25T00:11:00.088+0000] {dag.py:3954} INFO - Setting next_dagrun for example_bash_operator to 2024-05-24 00:00:00+00:00, run_after=2024-05-25 00:00:00+00:00
[2024-05-25T00:11:00.118+0000] {processor.py:183} INFO - Processing /home/airflow/.local/lib/python3.12/site-packages/airflow/example_dags/example_bash_operator.py took 0.132 seconds
[2024-05-25T00:11:30.310+0000] {processor.py:161} INFO - Started process (PID=39805) to work on /home/airflow/.local/lib/python3.12/site-packages/airflow/example_dags/example_bash_operator.py
[2024-05-25T00:11:30.312+0000] {processor.py:830} INFO - Processing file /home/airflow/.local/lib/python3.12/site-packages/airflow/example_dags/example_bash_operator.py for tasks to queue
[2024-05-25T00:11:30.316+0000] {logging_mixin.py:188} INFO - [2024-05-25T00:11:30.315+0000] {dagbag.py:545} INFO - Filling up the DagBag from /home/airflow/.local/lib/python3.12/site-packages/airflow/example_dags/example_bash_operator.py
[2024-05-25T00:11:30.329+0000] {processor.py:840} INFO - DAG(s) 'example_bash_operator' retrieved from /home/airflow/.local/lib/python3.12/site-packages/airflow/example_dags/example_bash_operator.py
[2024-05-25T00:11:30.359+0000] {logging_mixin.py:188} INFO - [2024-05-25T00:11:30.359+0000] {dag.py:3096} INFO - Sync 1 DAGs
[2024-05-25T00:11:30.383+0000] {logging_mixin.py:188} INFO - [2024-05-25T00:11:30.382+0000] {dag.py:3954} INFO - Setting next_dagrun for example_bash_operator to 2024-05-24 00:00:00+00:00, run_after=2024-05-25 00:00:00+00:00
[2024-05-25T00:11:30.408+0000] {processor.py:183} INFO - Processing /home/airflow/.local/lib/python3.12/site-packages/airflow/example_dags/example_bash_operator.py took 0.104 seconds
[2024-05-25T00:12:01.227+0000] {processor.py:161} INFO - Started process (PID=39863) to work on /home/airflow/.local/lib/python3.12/site-packages/airflow/example_dags/example_bash_operator.py
[2024-05-25T00:12:01.229+0000] {processor.py:830} INFO - Processing file /home/airflow/.local/lib/python3.12/site-packages/airflow/example_dags/example_bash_operator.py for tasks to queue
[2024-05-25T00:12:01.230+0000] {logging_mixin.py:188} INFO - [2024-05-25T00:12:01.230+0000] {dagbag.py:545} INFO - Filling up the DagBag from /home/airflow/.local/lib/python3.12/site-packages/airflow/example_dags/example_bash_operator.py
[2024-05-25T00:12:01.247+0000] {processor.py:840} INFO - DAG(s) 'example_bash_operator' retrieved from /home/airflow/.local/lib/python3.12/site-packages/airflow/example_dags/example_bash_operator.py
[2024-05-25T00:12:01.288+0000] {logging_mixin.py:188} INFO - [2024-05-25T00:12:01.288+0000] {dag.py:3096} INFO - Sync 1 DAGs
[2024-05-25T00:12:01.340+0000] {logging_mixin.py:188} INFO - [2024-05-25T00:12:01.340+0000] {dag.py:3954} INFO - Setting next_dagrun for example_bash_operator to 2024-05-24 00:00:00+00:00, run_after=2024-05-25 00:00:00+00:00
[2024-05-25T00:12:01.367+0000] {processor.py:183} INFO - Processing /home/airflow/.local/lib/python3.12/site-packages/airflow/example_dags/example_bash_operator.py took 0.145 seconds
[2024-05-25T00:12:48.016+0000] {processor.py:161} INFO - Started process (PID=39924) to work on /home/airflow/.local/lib/python3.12/site-packages/airflow/example_dags/example_bash_operator.py
[2024-05-25T00:12:48.017+0000] {processor.py:830} INFO - Processing file /home/airflow/.local/lib/python3.12/site-packages/airflow/example_dags/example_bash_operator.py for tasks to queue
[2024-05-25T00:12:48.019+0000] {logging_mixin.py:188} INFO - [2024-05-25T00:12:48.018+0000] {dagbag.py:545} INFO - Filling up the DagBag from /home/airflow/.local/lib/python3.12/site-packages/airflow/example_dags/example_bash_operator.py
[2024-05-25T00:12:48.032+0000] {processor.py:840} INFO - DAG(s) 'example_bash_operator' retrieved from /home/airflow/.local/lib/python3.12/site-packages/airflow/example_dags/example_bash_operator.py
[2024-05-25T00:12:48.069+0000] {logging_mixin.py:188} INFO - [2024-05-25T00:12:48.068+0000] {dag.py:3096} INFO - Sync 1 DAGs
[2024-05-25T00:12:48.100+0000] {logging_mixin.py:188} INFO - [2024-05-25T00:12:48.100+0000] {dag.py:3954} INFO - Setting next_dagrun for example_bash_operator to 2024-05-24 00:00:00+00:00, run_after=2024-05-25 00:00:00+00:00
[2024-05-25T00:12:48.124+0000] {processor.py:183} INFO - Processing /home/airflow/.local/lib/python3.12/site-packages/airflow/example_dags/example_bash_operator.py took 0.116 seconds
[2024-05-25T00:13:24.133+0000] {processor.py:161} INFO - Started process (PID=39982) to work on /home/airflow/.local/lib/python3.12/site-packages/airflow/example_dags/example_bash_operator.py
[2024-05-25T00:13:24.138+0000] {processor.py:830} INFO - Processing file /home/airflow/.local/lib/python3.12/site-packages/airflow/example_dags/example_bash_operator.py for tasks to queue
[2024-05-25T00:13:24.141+0000] {logging_mixin.py:188} INFO - [2024-05-25T00:13:24.140+0000] {dagbag.py:545} INFO - Filling up the DagBag from /home/airflow/.local/lib/python3.12/site-packages/airflow/example_dags/example_bash_operator.py
[2024-05-25T00:13:24.191+0000] {processor.py:840} INFO - DAG(s) 'example_bash_operator' retrieved from /home/airflow/.local/lib/python3.12/site-packages/airflow/example_dags/example_bash_operator.py
[2024-05-25T00:13:56.116+0000] {processor.py:186} ERROR - Got an exception! Propagating...
Traceback (most recent call last):
  File "/home/airflow/.local/lib/python3.12/site-packages/sqlalchemy/engine/base.py", line 3371, in _wrap_pool_connect
    return fn()
           ^^^^
  File "/home/airflow/.local/lib/python3.12/site-packages/sqlalchemy/pool/base.py", line 327, in connect
    return _ConnectionFairy._checkout(self)
           ^^^^^^^^^^^^^^^^^^^^^^^^^^^^^^^^
  File "/home/airflow/.local/lib/python3.12/site-packages/sqlalchemy/pool/base.py", line 894, in _checkout
    fairy = _ConnectionRecord.checkout(pool)
            ^^^^^^^^^^^^^^^^^^^^^^^^^^^^^^^^
  File "/home/airflow/.local/lib/python3.12/site-packages/sqlalchemy/pool/base.py", line 493, in checkout
    rec = pool._do_get()
          ^^^^^^^^^^^^^^
  File "/home/airflow/.local/lib/python3.12/site-packages/sqlalchemy/pool/impl.py", line 145, in _do_get
    with util.safe_reraise():
  File "/home/airflow/.local/lib/python3.12/site-packages/sqlalchemy/util/langhelpers.py", line 70, in __exit__
    compat.raise_(
  File "/home/airflow/.local/lib/python3.12/site-packages/sqlalchemy/util/compat.py", line 211, in raise_
    raise exception
  File "/home/airflow/.local/lib/python3.12/site-packages/sqlalchemy/pool/impl.py", line 143, in _do_get
    return self._create_connection()
           ^^^^^^^^^^^^^^^^^^^^^^^^^
  File "/home/airflow/.local/lib/python3.12/site-packages/sqlalchemy/pool/base.py", line 273, in _create_connection
    return _ConnectionRecord(self)
           ^^^^^^^^^^^^^^^^^^^^^^^
  File "/home/airflow/.local/lib/python3.12/site-packages/sqlalchemy/pool/base.py", line 388, in __init__
    self.__connect()
  File "/home/airflow/.local/lib/python3.12/site-packages/sqlalchemy/pool/base.py", line 690, in __connect
    with util.safe_reraise():
  File "/home/airflow/.local/lib/python3.12/site-packages/sqlalchemy/util/langhelpers.py", line 70, in __exit__
    compat.raise_(
  File "/home/airflow/.local/lib/python3.12/site-packages/sqlalchemy/util/compat.py", line 211, in raise_
    raise exception
  File "/home/airflow/.local/lib/python3.12/site-packages/sqlalchemy/pool/base.py", line 686, in __connect
    self.dbapi_connection = connection = pool._invoke_creator(self)
                                         ^^^^^^^^^^^^^^^^^^^^^^^^^^
  File "/home/airflow/.local/lib/python3.12/site-packages/sqlalchemy/engine/create.py", line 574, in connect
    return dialect.connect(*cargs, **cparams)
           ^^^^^^^^^^^^^^^^^^^^^^^^^^^^^^^^^^
  File "/home/airflow/.local/lib/python3.12/site-packages/sqlalchemy/engine/default.py", line 598, in connect
    return self.dbapi.connect(*cargs, **cparams)
           ^^^^^^^^^^^^^^^^^^^^^^^^^^^^^^^^^^^^^
  File "/home/airflow/.local/lib/python3.12/site-packages/psycopg2/__init__.py", line 122, in connect
    conn = _connect(dsn, connection_factory=connection_factory, **kwasync)
           ^^^^^^^^^^^^^^^^^^^^^^^^^^^^^^^^^^^^^^^^^^^^^^^^^^^^^^^^^^^^^^^
psycopg2.OperationalError: could not translate host name "postgres" to address: Temporary failure in name resolution


The above exception was the direct cause of the following exception:

Traceback (most recent call last):
  File "/home/airflow/.local/lib/python3.12/site-packages/airflow/dag_processing/processor.py", line 182, in _run_file_processor
    _handle_dag_file_processing()
  File "/home/airflow/.local/lib/python3.12/site-packages/airflow/dag_processing/processor.py", line 163, in _handle_dag_file_processing
    result: tuple[int, int] = dag_file_processor.process_file(
                              ^^^^^^^^^^^^^^^^^^^^^^^^^^^^^^^^
  File "/home/airflow/.local/lib/python3.12/site-packages/airflow/utils/session.py", line 79, in wrapper
    return func(*args, session=session, **kwargs)
           ^^^^^^^^^^^^^^^^^^^^^^^^^^^^^^^^^^^^^^
  File "/home/airflow/.local/lib/python3.12/site-packages/airflow/dag_processing/processor.py", line 859, in process_file
    serialize_errors = DagFileProcessor.save_dag_to_db(
                       ^^^^^^^^^^^^^^^^^^^^^^^^^^^^^^^^
  File "/home/airflow/.local/lib/python3.12/site-packages/airflow/api_internal/internal_api_call.py", line 115, in wrapper
    return func(*args, **kwargs)
           ^^^^^^^^^^^^^^^^^^^^^
  File "/home/airflow/.local/lib/python3.12/site-packages/airflow/utils/session.py", line 79, in wrapper
    return func(*args, session=session, **kwargs)
           ^^^^^^^^^^^^^^^^^^^^^^^^^^^^^^^^^^^^^^
  File "/home/airflow/.local/lib/python3.12/site-packages/airflow/dag_processing/processor.py", line 895, in save_dag_to_db
    import_errors = DagBag._sync_to_db(dags=dags, processor_subdir=dag_directory, session=session)
                    ^^^^^^^^^^^^^^^^^^^^^^^^^^^^^^^^^^^^^^^^^^^^^^^^^^^^^^^^^^^^^^^^^^^^^^^^^^^^^^
  File "/home/airflow/.local/lib/python3.12/site-packages/airflow/utils/session.py", line 76, in wrapper
    return func(*args, **kwargs)
           ^^^^^^^^^^^^^^^^^^^^^
  File "/home/airflow/.local/lib/python3.12/site-packages/airflow/models/dagbag.py", line 664, in _sync_to_db
    for attempt in run_with_db_retries(logger=log):
  File "/home/airflow/.local/lib/python3.12/site-packages/tenacity/__init__.py", line 347, in __iter__
    do = self.iter(retry_state=retry_state)
         ^^^^^^^^^^^^^^^^^^^^^^^^^^^^^^^^^^
  File "/home/airflow/.local/lib/python3.12/site-packages/tenacity/__init__.py", line 325, in iter
    raise retry_exc.reraise()
          ^^^^^^^^^^^^^^^^^^^
  File "/home/airflow/.local/lib/python3.12/site-packages/tenacity/__init__.py", line 158, in reraise
    raise self.last_attempt.result()
          ^^^^^^^^^^^^^^^^^^^^^^^^^^
  File "/usr/local/lib/python3.12/concurrent/futures/_base.py", line 449, in result
    return self.__get_result()
           ^^^^^^^^^^^^^^^^^^^
  File "/usr/local/lib/python3.12/concurrent/futures/_base.py", line 401, in __get_result
    raise self._exception
  File "/home/airflow/.local/lib/python3.12/site-packages/airflow/models/dagbag.py", line 677, in _sync_to_db
    _serialize_dag_capturing_errors(dag, session, processor_subdir)
  File "/home/airflow/.local/lib/python3.12/site-packages/airflow/models/dagbag.py", line 642, in _serialize_dag_capturing_errors
    dag_was_updated = SerializedDagModel.write_dag(
                      ^^^^^^^^^^^^^^^^^^^^^^^^^^^^^
  File "/home/airflow/.local/lib/python3.12/site-packages/airflow/utils/session.py", line 76, in wrapper
    return func(*args, **kwargs)
           ^^^^^^^^^^^^^^^^^^^^^
  File "/home/airflow/.local/lib/python3.12/site-packages/airflow/models/serialized_dag.py", line 158, in write_dag
    if session.scalar(
       ^^^^^^^^^^^^^^^
  File "/home/airflow/.local/lib/python3.12/site-packages/sqlalchemy/orm/session.py", line 1747, in scalar
    return self.execute(
           ^^^^^^^^^^^^^
  File "/home/airflow/.local/lib/python3.12/site-packages/sqlalchemy/orm/session.py", line 1716, in execute
    conn = self._connection_for_bind(bind)
           ^^^^^^^^^^^^^^^^^^^^^^^^^^^^^^^
  File "/home/airflow/.local/lib/python3.12/site-packages/sqlalchemy/orm/session.py", line 1555, in _connection_for_bind
    return self._transaction._connection_for_bind(
           ^^^^^^^^^^^^^^^^^^^^^^^^^^^^^^^^^^^^^^^
  File "/home/airflow/.local/lib/python3.12/site-packages/sqlalchemy/orm/session.py", line 750, in _connection_for_bind
    conn = bind.connect()
           ^^^^^^^^^^^^^^
  File "/home/airflow/.local/lib/python3.12/site-packages/sqlalchemy/future/engine.py", line 412, in connect
    return super(Engine, self).connect()
           ^^^^^^^^^^^^^^^^^^^^^^^^^^^^^
  File "/home/airflow/.local/lib/python3.12/site-packages/sqlalchemy/engine/base.py", line 3325, in connect
    return self._connection_cls(self, close_with_result=close_with_result)
           ^^^^^^^^^^^^^^^^^^^^^^^^^^^^^^^^^^^^^^^^^^^^^^^^^^^^^^^^^^^^^^^
  File "/home/airflow/.local/lib/python3.12/site-packages/sqlalchemy/engine/base.py", line 96, in __init__
    else engine.raw_connection()
         ^^^^^^^^^^^^^^^^^^^^^^^
  File "/home/airflow/.local/lib/python3.12/site-packages/sqlalchemy/engine/base.py", line 3404, in raw_connection
    return self._wrap_pool_connect(self.pool.connect, _connection)
           ^^^^^^^^^^^^^^^^^^^^^^^^^^^^^^^^^^^^^^^^^^^^^^^^^^^^^^^
  File "/home/airflow/.local/lib/python3.12/site-packages/sqlalchemy/engine/base.py", line 3374, in _wrap_pool_connect
    Connection._handle_dbapi_exception_noconnection(
  File "/home/airflow/.local/lib/python3.12/site-packages/sqlalchemy/engine/base.py", line 2208, in _handle_dbapi_exception_noconnection
    util.raise_(
  File "/home/airflow/.local/lib/python3.12/site-packages/sqlalchemy/util/compat.py", line 211, in raise_
    raise exception
  File "/home/airflow/.local/lib/python3.12/site-packages/sqlalchemy/engine/base.py", line 3371, in _wrap_pool_connect
    return fn()
           ^^^^
  File "/home/airflow/.local/lib/python3.12/site-packages/sqlalchemy/pool/base.py", line 327, in connect
    return _ConnectionFairy._checkout(self)
           ^^^^^^^^^^^^^^^^^^^^^^^^^^^^^^^^
  File "/home/airflow/.local/lib/python3.12/site-packages/sqlalchemy/pool/base.py", line 894, in _checkout
    fairy = _ConnectionRecord.checkout(pool)
            ^^^^^^^^^^^^^^^^^^^^^^^^^^^^^^^^
  File "/home/airflow/.local/lib/python3.12/site-packages/sqlalchemy/pool/base.py", line 493, in checkout
    rec = pool._do_get()
          ^^^^^^^^^^^^^^
  File "/home/airflow/.local/lib/python3.12/site-packages/sqlalchemy/pool/impl.py", line 145, in _do_get
    with util.safe_reraise():
  File "/home/airflow/.local/lib/python3.12/site-packages/sqlalchemy/util/langhelpers.py", line 70, in __exit__
    compat.raise_(
  File "/home/airflow/.local/lib/python3.12/site-packages/sqlalchemy/util/compat.py", line 211, in raise_
    raise exception
  File "/home/airflow/.local/lib/python3.12/site-packages/sqlalchemy/pool/impl.py", line 143, in _do_get
    return self._create_connection()
           ^^^^^^^^^^^^^^^^^^^^^^^^^
  File "/home/airflow/.local/lib/python3.12/site-packages/sqlalchemy/pool/base.py", line 273, in _create_connection
    return _ConnectionRecord(self)
           ^^^^^^^^^^^^^^^^^^^^^^^
  File "/home/airflow/.local/lib/python3.12/site-packages/sqlalchemy/pool/base.py", line 388, in __init__
    self.__connect()
  File "/home/airflow/.local/lib/python3.12/site-packages/sqlalchemy/pool/base.py", line 690, in __connect
    with util.safe_reraise():
  File "/home/airflow/.local/lib/python3.12/site-packages/sqlalchemy/util/langhelpers.py", line 70, in __exit__
    compat.raise_(
  File "/home/airflow/.local/lib/python3.12/site-packages/sqlalchemy/util/compat.py", line 211, in raise_
    raise exception
  File "/home/airflow/.local/lib/python3.12/site-packages/sqlalchemy/pool/base.py", line 686, in __connect
    self.dbapi_connection = connection = pool._invoke_creator(self)
                                         ^^^^^^^^^^^^^^^^^^^^^^^^^^
  File "/home/airflow/.local/lib/python3.12/site-packages/sqlalchemy/engine/create.py", line 574, in connect
    return dialect.connect(*cargs, **cparams)
           ^^^^^^^^^^^^^^^^^^^^^^^^^^^^^^^^^^
  File "/home/airflow/.local/lib/python3.12/site-packages/sqlalchemy/engine/default.py", line 598, in connect
    return self.dbapi.connect(*cargs, **cparams)
           ^^^^^^^^^^^^^^^^^^^^^^^^^^^^^^^^^^^^^
  File "/home/airflow/.local/lib/python3.12/site-packages/psycopg2/__init__.py", line 122, in connect
    conn = _connect(dsn, connection_factory=connection_factory, **kwasync)
           ^^^^^^^^^^^^^^^^^^^^^^^^^^^^^^^^^^^^^^^^^^^^^^^^^^^^^^^^^^^^^^^
sqlalchemy.exc.OperationalError: (psycopg2.OperationalError) could not translate host name "postgres" to address: Temporary failure in name resolution

(Background on this error at: https://sqlalche.me/e/14/e3q8)
[2024-05-25T00:14:44.730+0000] {processor.py:161} INFO - Started process (PID=40040) to work on /home/airflow/.local/lib/python3.12/site-packages/airflow/example_dags/example_bash_operator.py
[2024-05-25T00:14:44.731+0000] {processor.py:830} INFO - Processing file /home/airflow/.local/lib/python3.12/site-packages/airflow/example_dags/example_bash_operator.py for tasks to queue
[2024-05-25T00:14:44.733+0000] {logging_mixin.py:188} INFO - [2024-05-25T00:14:44.732+0000] {dagbag.py:545} INFO - Filling up the DagBag from /home/airflow/.local/lib/python3.12/site-packages/airflow/example_dags/example_bash_operator.py
[2024-05-25T00:14:44.754+0000] {processor.py:840} INFO - DAG(s) 'example_bash_operator' retrieved from /home/airflow/.local/lib/python3.12/site-packages/airflow/example_dags/example_bash_operator.py
[2024-05-25T00:14:45.300+0000] {logging_mixin.py:188} INFO - [2024-05-25T00:14:45.298+0000] {dag.py:3096} INFO - Sync 1 DAGs
[2024-05-25T00:14:45.330+0000] {logging_mixin.py:188} INFO - [2024-05-25T00:14:45.329+0000] {dag.py:3954} INFO - Setting next_dagrun for example_bash_operator to 2024-05-24 00:00:00+00:00, run_after=2024-05-25 00:00:00+00:00
[2024-05-25T00:14:45.370+0000] {processor.py:183} INFO - Processing /home/airflow/.local/lib/python3.12/site-packages/airflow/example_dags/example_bash_operator.py took 0.652 seconds
[2024-05-25T00:15:21.590+0000] {processor.py:161} INFO - Started process (PID=40106) to work on /home/airflow/.local/lib/python3.12/site-packages/airflow/example_dags/example_bash_operator.py
[2024-05-25T00:15:21.592+0000] {processor.py:830} INFO - Processing file /home/airflow/.local/lib/python3.12/site-packages/airflow/example_dags/example_bash_operator.py for tasks to queue
[2024-05-25T00:15:21.593+0000] {logging_mixin.py:188} INFO - [2024-05-25T00:15:21.593+0000] {dagbag.py:545} INFO - Filling up the DagBag from /home/airflow/.local/lib/python3.12/site-packages/airflow/example_dags/example_bash_operator.py
[2024-05-25T00:15:21.604+0000] {processor.py:840} INFO - DAG(s) 'example_bash_operator' retrieved from /home/airflow/.local/lib/python3.12/site-packages/airflow/example_dags/example_bash_operator.py
[2024-05-25T00:15:21.631+0000] {logging_mixin.py:188} INFO - [2024-05-25T00:15:21.631+0000] {dag.py:3096} INFO - Sync 1 DAGs
[2024-05-25T00:15:21.651+0000] {logging_mixin.py:188} INFO - [2024-05-25T00:15:21.650+0000] {dag.py:3954} INFO - Setting next_dagrun for example_bash_operator to 2024-05-24 00:00:00+00:00, run_after=2024-05-25 00:00:00+00:00
[2024-05-25T00:15:21.672+0000] {processor.py:183} INFO - Processing /home/airflow/.local/lib/python3.12/site-packages/airflow/example_dags/example_bash_operator.py took 0.087 seconds
