[2024-05-25T00:00:18.758+0000] {processor.py:161} INFO - Started process (PID=38640) to work on /home/airflow/.local/lib/python3.12/site-packages/airflow/example_dags/example_sensor_decorator.py
[2024-05-25T00:00:18.760+0000] {processor.py:830} INFO - Processing file /home/airflow/.local/lib/python3.12/site-packages/airflow/example_dags/example_sensor_decorator.py for tasks to queue
[2024-05-25T00:00:18.763+0000] {logging_mixin.py:188} INFO - [2024-05-25T00:00:18.762+0000] {dagbag.py:545} INFO - Filling up the DagBag from /home/airflow/.local/lib/python3.12/site-packages/airflow/example_dags/example_sensor_decorator.py
[2024-05-25T00:00:18.770+0000] {processor.py:840} INFO - DAG(s) 'example_sensor_decorator' retrieved from /home/airflow/.local/lib/python3.12/site-packages/airflow/example_dags/example_sensor_decorator.py
[2024-05-25T00:00:18.796+0000] {logging_mixin.py:188} INFO - [2024-05-25T00:00:18.796+0000] {dag.py:3096} INFO - Sync 1 DAGs
[2024-05-25T00:00:18.810+0000] {logging_mixin.py:188} INFO - [2024-05-25T00:00:18.810+0000] {dag.py:3954} INFO - Setting next_dagrun for example_sensor_decorator to None, run_after=None
[2024-05-25T00:00:18.840+0000] {processor.py:183} INFO - Processing /home/airflow/.local/lib/python3.12/site-packages/airflow/example_dags/example_sensor_decorator.py took 0.088 seconds
[2024-05-25T00:00:48.890+0000] {processor.py:161} INFO - Started process (PID=38698) to work on /home/airflow/.local/lib/python3.12/site-packages/airflow/example_dags/example_sensor_decorator.py
[2024-05-25T00:00:48.891+0000] {processor.py:830} INFO - Processing file /home/airflow/.local/lib/python3.12/site-packages/airflow/example_dags/example_sensor_decorator.py for tasks to queue
[2024-05-25T00:00:48.894+0000] {logging_mixin.py:188} INFO - [2024-05-25T00:00:48.893+0000] {dagbag.py:545} INFO - Filling up the DagBag from /home/airflow/.local/lib/python3.12/site-packages/airflow/example_dags/example_sensor_decorator.py
[2024-05-25T00:00:48.901+0000] {processor.py:840} INFO - DAG(s) 'example_sensor_decorator' retrieved from /home/airflow/.local/lib/python3.12/site-packages/airflow/example_dags/example_sensor_decorator.py
[2024-05-25T00:00:48.924+0000] {logging_mixin.py:188} INFO - [2024-05-25T00:00:48.924+0000] {dag.py:3096} INFO - Sync 1 DAGs
[2024-05-25T00:00:48.944+0000] {logging_mixin.py:188} INFO - [2024-05-25T00:00:48.944+0000] {dag.py:3954} INFO - Setting next_dagrun for example_sensor_decorator to None, run_after=None
[2024-05-25T00:00:48.978+0000] {processor.py:183} INFO - Processing /home/airflow/.local/lib/python3.12/site-packages/airflow/example_dags/example_sensor_decorator.py took 0.094 seconds
[2024-05-25T00:01:19.401+0000] {processor.py:161} INFO - Started process (PID=38756) to work on /home/airflow/.local/lib/python3.12/site-packages/airflow/example_dags/example_sensor_decorator.py
[2024-05-25T00:01:19.403+0000] {processor.py:830} INFO - Processing file /home/airflow/.local/lib/python3.12/site-packages/airflow/example_dags/example_sensor_decorator.py for tasks to queue
[2024-05-25T00:01:19.408+0000] {logging_mixin.py:188} INFO - [2024-05-25T00:01:19.407+0000] {dagbag.py:545} INFO - Filling up the DagBag from /home/airflow/.local/lib/python3.12/site-packages/airflow/example_dags/example_sensor_decorator.py
[2024-05-25T00:01:19.416+0000] {processor.py:840} INFO - DAG(s) 'example_sensor_decorator' retrieved from /home/airflow/.local/lib/python3.12/site-packages/airflow/example_dags/example_sensor_decorator.py
[2024-05-25T00:01:19.437+0000] {logging_mixin.py:188} INFO - [2024-05-25T00:01:19.437+0000] {dag.py:3096} INFO - Sync 1 DAGs
[2024-05-25T00:01:19.449+0000] {logging_mixin.py:188} INFO - [2024-05-25T00:01:19.449+0000] {dag.py:3954} INFO - Setting next_dagrun for example_sensor_decorator to None, run_after=None
[2024-05-25T00:01:19.474+0000] {processor.py:183} INFO - Processing /home/airflow/.local/lib/python3.12/site-packages/airflow/example_dags/example_sensor_decorator.py took 0.079 seconds
[2024-05-25T00:01:50.297+0000] {processor.py:161} INFO - Started process (PID=38814) to work on /home/airflow/.local/lib/python3.12/site-packages/airflow/example_dags/example_sensor_decorator.py
[2024-05-25T00:01:50.298+0000] {processor.py:830} INFO - Processing file /home/airflow/.local/lib/python3.12/site-packages/airflow/example_dags/example_sensor_decorator.py for tasks to queue
[2024-05-25T00:01:50.301+0000] {logging_mixin.py:188} INFO - [2024-05-25T00:01:50.300+0000] {dagbag.py:545} INFO - Filling up the DagBag from /home/airflow/.local/lib/python3.12/site-packages/airflow/example_dags/example_sensor_decorator.py
[2024-05-25T00:01:50.306+0000] {processor.py:840} INFO - DAG(s) 'example_sensor_decorator' retrieved from /home/airflow/.local/lib/python3.12/site-packages/airflow/example_dags/example_sensor_decorator.py
[2024-05-25T00:01:50.326+0000] {logging_mixin.py:188} INFO - [2024-05-25T00:01:50.326+0000] {dag.py:3096} INFO - Sync 1 DAGs
[2024-05-25T00:01:50.340+0000] {logging_mixin.py:188} INFO - [2024-05-25T00:01:50.340+0000] {dag.py:3954} INFO - Setting next_dagrun for example_sensor_decorator to None, run_after=None
[2024-05-25T00:01:50.361+0000] {processor.py:183} INFO - Processing /home/airflow/.local/lib/python3.12/site-packages/airflow/example_dags/example_sensor_decorator.py took 0.070 seconds
[2024-05-25T00:02:20.716+0000] {processor.py:161} INFO - Started process (PID=38872) to work on /home/airflow/.local/lib/python3.12/site-packages/airflow/example_dags/example_sensor_decorator.py
[2024-05-25T00:02:20.718+0000] {processor.py:830} INFO - Processing file /home/airflow/.local/lib/python3.12/site-packages/airflow/example_dags/example_sensor_decorator.py for tasks to queue
[2024-05-25T00:02:20.721+0000] {logging_mixin.py:188} INFO - [2024-05-25T00:02:20.720+0000] {dagbag.py:545} INFO - Filling up the DagBag from /home/airflow/.local/lib/python3.12/site-packages/airflow/example_dags/example_sensor_decorator.py
[2024-05-25T00:02:20.731+0000] {processor.py:840} INFO - DAG(s) 'example_sensor_decorator' retrieved from /home/airflow/.local/lib/python3.12/site-packages/airflow/example_dags/example_sensor_decorator.py
[2024-05-25T00:02:20.763+0000] {logging_mixin.py:188} INFO - [2024-05-25T00:02:20.763+0000] {dag.py:3096} INFO - Sync 1 DAGs
[2024-05-25T00:02:20.781+0000] {logging_mixin.py:188} INFO - [2024-05-25T00:02:20.781+0000] {dag.py:3954} INFO - Setting next_dagrun for example_sensor_decorator to None, run_after=None
[2024-05-25T00:02:20.816+0000] {processor.py:183} INFO - Processing /home/airflow/.local/lib/python3.12/site-packages/airflow/example_dags/example_sensor_decorator.py took 0.108 seconds
[2024-05-25T00:02:51.432+0000] {processor.py:161} INFO - Started process (PID=38930) to work on /home/airflow/.local/lib/python3.12/site-packages/airflow/example_dags/example_sensor_decorator.py
[2024-05-25T00:02:51.434+0000] {processor.py:830} INFO - Processing file /home/airflow/.local/lib/python3.12/site-packages/airflow/example_dags/example_sensor_decorator.py for tasks to queue
[2024-05-25T00:02:51.438+0000] {logging_mixin.py:188} INFO - [2024-05-25T00:02:51.437+0000] {dagbag.py:545} INFO - Filling up the DagBag from /home/airflow/.local/lib/python3.12/site-packages/airflow/example_dags/example_sensor_decorator.py
[2024-05-25T00:02:51.448+0000] {processor.py:840} INFO - DAG(s) 'example_sensor_decorator' retrieved from /home/airflow/.local/lib/python3.12/site-packages/airflow/example_dags/example_sensor_decorator.py
[2024-05-25T00:02:51.488+0000] {logging_mixin.py:188} INFO - [2024-05-25T00:02:51.488+0000] {dag.py:3096} INFO - Sync 1 DAGs
[2024-05-25T00:02:51.512+0000] {logging_mixin.py:188} INFO - [2024-05-25T00:02:51.511+0000] {dag.py:3954} INFO - Setting next_dagrun for example_sensor_decorator to None, run_after=None
[2024-05-25T00:02:51.562+0000] {processor.py:183} INFO - Processing /home/airflow/.local/lib/python3.12/site-packages/airflow/example_dags/example_sensor_decorator.py took 0.137 seconds
[2024-05-25T00:03:21.732+0000] {processor.py:161} INFO - Started process (PID=38992) to work on /home/airflow/.local/lib/python3.12/site-packages/airflow/example_dags/example_sensor_decorator.py
[2024-05-25T00:03:21.733+0000] {processor.py:830} INFO - Processing file /home/airflow/.local/lib/python3.12/site-packages/airflow/example_dags/example_sensor_decorator.py for tasks to queue
[2024-05-25T00:03:21.736+0000] {logging_mixin.py:188} INFO - [2024-05-25T00:03:21.736+0000] {dagbag.py:545} INFO - Filling up the DagBag from /home/airflow/.local/lib/python3.12/site-packages/airflow/example_dags/example_sensor_decorator.py
[2024-05-25T00:03:21.742+0000] {processor.py:840} INFO - DAG(s) 'example_sensor_decorator' retrieved from /home/airflow/.local/lib/python3.12/site-packages/airflow/example_dags/example_sensor_decorator.py
[2024-05-25T00:03:21.767+0000] {logging_mixin.py:188} INFO - [2024-05-25T00:03:21.767+0000] {dag.py:3096} INFO - Sync 1 DAGs
[2024-05-25T00:03:21.782+0000] {logging_mixin.py:188} INFO - [2024-05-25T00:03:21.782+0000] {dag.py:3954} INFO - Setting next_dagrun for example_sensor_decorator to None, run_after=None
[2024-05-25T00:03:21.811+0000] {processor.py:183} INFO - Processing /home/airflow/.local/lib/python3.12/site-packages/airflow/example_dags/example_sensor_decorator.py took 0.087 seconds
[2024-05-25T00:03:52.004+0000] {processor.py:161} INFO - Started process (PID=39050) to work on /home/airflow/.local/lib/python3.12/site-packages/airflow/example_dags/example_sensor_decorator.py
[2024-05-25T00:03:52.005+0000] {processor.py:830} INFO - Processing file /home/airflow/.local/lib/python3.12/site-packages/airflow/example_dags/example_sensor_decorator.py for tasks to queue
[2024-05-25T00:03:52.008+0000] {logging_mixin.py:188} INFO - [2024-05-25T00:03:52.008+0000] {dagbag.py:545} INFO - Filling up the DagBag from /home/airflow/.local/lib/python3.12/site-packages/airflow/example_dags/example_sensor_decorator.py
[2024-05-25T00:03:52.015+0000] {processor.py:840} INFO - DAG(s) 'example_sensor_decorator' retrieved from /home/airflow/.local/lib/python3.12/site-packages/airflow/example_dags/example_sensor_decorator.py
[2024-05-25T00:03:52.033+0000] {logging_mixin.py:188} INFO - [2024-05-25T00:03:52.033+0000] {dag.py:3096} INFO - Sync 1 DAGs
[2024-05-25T00:03:52.045+0000] {logging_mixin.py:188} INFO - [2024-05-25T00:03:52.045+0000] {dag.py:3954} INFO - Setting next_dagrun for example_sensor_decorator to None, run_after=None
[2024-05-25T00:03:52.066+0000] {processor.py:183} INFO - Processing /home/airflow/.local/lib/python3.12/site-packages/airflow/example_dags/example_sensor_decorator.py took 0.067 seconds
[2024-05-25T00:04:22.559+0000] {processor.py:161} INFO - Started process (PID=39108) to work on /home/airflow/.local/lib/python3.12/site-packages/airflow/example_dags/example_sensor_decorator.py
[2024-05-25T00:04:22.561+0000] {processor.py:830} INFO - Processing file /home/airflow/.local/lib/python3.12/site-packages/airflow/example_dags/example_sensor_decorator.py for tasks to queue
[2024-05-25T00:04:22.564+0000] {logging_mixin.py:188} INFO - [2024-05-25T00:04:22.563+0000] {dagbag.py:545} INFO - Filling up the DagBag from /home/airflow/.local/lib/python3.12/site-packages/airflow/example_dags/example_sensor_decorator.py
[2024-05-25T00:04:22.574+0000] {processor.py:840} INFO - DAG(s) 'example_sensor_decorator' retrieved from /home/airflow/.local/lib/python3.12/site-packages/airflow/example_dags/example_sensor_decorator.py
[2024-05-25T00:04:22.599+0000] {logging_mixin.py:188} INFO - [2024-05-25T00:04:22.599+0000] {dag.py:3096} INFO - Sync 1 DAGs
[2024-05-25T00:04:22.637+0000] {logging_mixin.py:188} INFO - [2024-05-25T00:04:22.637+0000] {dag.py:3954} INFO - Setting next_dagrun for example_sensor_decorator to None, run_after=None
[2024-05-25T00:04:22.675+0000] {processor.py:183} INFO - Processing /home/airflow/.local/lib/python3.12/site-packages/airflow/example_dags/example_sensor_decorator.py took 0.122 seconds
[2024-05-25T00:04:58.726+0000] {processor.py:161} INFO - Started process (PID=39164) to work on /home/airflow/.local/lib/python3.12/site-packages/airflow/example_dags/example_sensor_decorator.py
[2024-05-25T00:04:58.728+0000] {processor.py:830} INFO - Processing file /home/airflow/.local/lib/python3.12/site-packages/airflow/example_dags/example_sensor_decorator.py for tasks to queue
[2024-05-25T00:04:58.730+0000] {logging_mixin.py:188} INFO - [2024-05-25T00:04:58.729+0000] {dagbag.py:545} INFO - Filling up the DagBag from /home/airflow/.local/lib/python3.12/site-packages/airflow/example_dags/example_sensor_decorator.py
[2024-05-25T00:04:58.743+0000] {processor.py:840} INFO - DAG(s) 'example_sensor_decorator' retrieved from /home/airflow/.local/lib/python3.12/site-packages/airflow/example_dags/example_sensor_decorator.py
[2024-05-25T00:04:59.363+0000] {logging_mixin.py:188} INFO - [2024-05-25T00:04:59.353+0000] {dag.py:3096} INFO - Sync 1 DAGs
[2024-05-25T00:04:59.407+0000] {logging_mixin.py:188} INFO - [2024-05-25T00:04:59.407+0000] {dag.py:3954} INFO - Setting next_dagrun for example_sensor_decorator to None, run_after=None
[2024-05-25T00:04:59.481+0000] {processor.py:183} INFO - Processing /home/airflow/.local/lib/python3.12/site-packages/airflow/example_dags/example_sensor_decorator.py took 0.772 seconds
[2024-05-25T00:05:30.085+0000] {processor.py:161} INFO - Started process (PID=39222) to work on /home/airflow/.local/lib/python3.12/site-packages/airflow/example_dags/example_sensor_decorator.py
[2024-05-25T00:05:30.086+0000] {processor.py:830} INFO - Processing file /home/airflow/.local/lib/python3.12/site-packages/airflow/example_dags/example_sensor_decorator.py for tasks to queue
[2024-05-25T00:05:30.088+0000] {logging_mixin.py:188} INFO - [2024-05-25T00:05:30.088+0000] {dagbag.py:545} INFO - Filling up the DagBag from /home/airflow/.local/lib/python3.12/site-packages/airflow/example_dags/example_sensor_decorator.py
[2024-05-25T00:05:30.095+0000] {processor.py:840} INFO - DAG(s) 'example_sensor_decorator' retrieved from /home/airflow/.local/lib/python3.12/site-packages/airflow/example_dags/example_sensor_decorator.py
[2024-05-25T00:05:30.117+0000] {logging_mixin.py:188} INFO - [2024-05-25T00:05:30.117+0000] {dag.py:3096} INFO - Sync 1 DAGs
[2024-05-25T00:05:30.129+0000] {logging_mixin.py:188} INFO - [2024-05-25T00:05:30.128+0000] {dag.py:3954} INFO - Setting next_dagrun for example_sensor_decorator to None, run_after=None
[2024-05-25T00:05:30.151+0000] {processor.py:183} INFO - Processing /home/airflow/.local/lib/python3.12/site-packages/airflow/example_dags/example_sensor_decorator.py took 0.072 seconds
[2024-05-25T00:06:00.190+0000] {processor.py:161} INFO - Started process (PID=39280) to work on /home/airflow/.local/lib/python3.12/site-packages/airflow/example_dags/example_sensor_decorator.py
[2024-05-25T00:06:00.193+0000] {processor.py:830} INFO - Processing file /home/airflow/.local/lib/python3.12/site-packages/airflow/example_dags/example_sensor_decorator.py for tasks to queue
[2024-05-25T00:06:00.195+0000] {logging_mixin.py:188} INFO - [2024-05-25T00:06:00.195+0000] {dagbag.py:545} INFO - Filling up the DagBag from /home/airflow/.local/lib/python3.12/site-packages/airflow/example_dags/example_sensor_decorator.py
[2024-05-25T00:06:00.202+0000] {processor.py:840} INFO - DAG(s) 'example_sensor_decorator' retrieved from /home/airflow/.local/lib/python3.12/site-packages/airflow/example_dags/example_sensor_decorator.py
[2024-05-25T00:06:00.223+0000] {logging_mixin.py:188} INFO - [2024-05-25T00:06:00.223+0000] {dag.py:3096} INFO - Sync 1 DAGs
[2024-05-25T00:06:00.236+0000] {logging_mixin.py:188} INFO - [2024-05-25T00:06:00.236+0000] {dag.py:3954} INFO - Setting next_dagrun for example_sensor_decorator to None, run_after=None
[2024-05-25T00:06:00.260+0000] {processor.py:183} INFO - Processing /home/airflow/.local/lib/python3.12/site-packages/airflow/example_dags/example_sensor_decorator.py took 0.077 seconds
[2024-05-25T00:06:30.458+0000] {processor.py:161} INFO - Started process (PID=39338) to work on /home/airflow/.local/lib/python3.12/site-packages/airflow/example_dags/example_sensor_decorator.py
[2024-05-25T00:06:30.459+0000] {processor.py:830} INFO - Processing file /home/airflow/.local/lib/python3.12/site-packages/airflow/example_dags/example_sensor_decorator.py for tasks to queue
[2024-05-25T00:06:30.464+0000] {logging_mixin.py:188} INFO - [2024-05-25T00:06:30.463+0000] {dagbag.py:545} INFO - Filling up the DagBag from /home/airflow/.local/lib/python3.12/site-packages/airflow/example_dags/example_sensor_decorator.py
[2024-05-25T00:06:30.473+0000] {processor.py:840} INFO - DAG(s) 'example_sensor_decorator' retrieved from /home/airflow/.local/lib/python3.12/site-packages/airflow/example_dags/example_sensor_decorator.py
[2024-05-25T00:06:30.504+0000] {logging_mixin.py:188} INFO - [2024-05-25T00:06:30.504+0000] {dag.py:3096} INFO - Sync 1 DAGs
[2024-05-25T00:06:30.521+0000] {logging_mixin.py:188} INFO - [2024-05-25T00:06:30.521+0000] {dag.py:3954} INFO - Setting next_dagrun for example_sensor_decorator to None, run_after=None
[2024-05-25T00:06:30.551+0000] {processor.py:183} INFO - Processing /home/airflow/.local/lib/python3.12/site-packages/airflow/example_dags/example_sensor_decorator.py took 0.099 seconds
[2024-05-25T00:07:01.023+0000] {processor.py:161} INFO - Started process (PID=39396) to work on /home/airflow/.local/lib/python3.12/site-packages/airflow/example_dags/example_sensor_decorator.py
[2024-05-25T00:07:01.024+0000] {processor.py:830} INFO - Processing file /home/airflow/.local/lib/python3.12/site-packages/airflow/example_dags/example_sensor_decorator.py for tasks to queue
[2024-05-25T00:07:01.027+0000] {logging_mixin.py:188} INFO - [2024-05-25T00:07:01.026+0000] {dagbag.py:545} INFO - Filling up the DagBag from /home/airflow/.local/lib/python3.12/site-packages/airflow/example_dags/example_sensor_decorator.py
[2024-05-25T00:07:01.038+0000] {processor.py:840} INFO - DAG(s) 'example_sensor_decorator' retrieved from /home/airflow/.local/lib/python3.12/site-packages/airflow/example_dags/example_sensor_decorator.py
[2024-05-25T00:07:01.059+0000] {logging_mixin.py:188} INFO - [2024-05-25T00:07:01.059+0000] {dag.py:3096} INFO - Sync 1 DAGs
[2024-05-25T00:07:01.076+0000] {logging_mixin.py:188} INFO - [2024-05-25T00:07:01.075+0000] {dag.py:3954} INFO - Setting next_dagrun for example_sensor_decorator to None, run_after=None
[2024-05-25T00:07:01.100+0000] {processor.py:183} INFO - Processing /home/airflow/.local/lib/python3.12/site-packages/airflow/example_dags/example_sensor_decorator.py took 0.084 seconds
[2024-05-25T00:07:31.458+0000] {processor.py:161} INFO - Started process (PID=39454) to work on /home/airflow/.local/lib/python3.12/site-packages/airflow/example_dags/example_sensor_decorator.py
[2024-05-25T00:07:31.460+0000] {processor.py:830} INFO - Processing file /home/airflow/.local/lib/python3.12/site-packages/airflow/example_dags/example_sensor_decorator.py for tasks to queue
[2024-05-25T00:07:31.462+0000] {logging_mixin.py:188} INFO - [2024-05-25T00:07:31.462+0000] {dagbag.py:545} INFO - Filling up the DagBag from /home/airflow/.local/lib/python3.12/site-packages/airflow/example_dags/example_sensor_decorator.py
[2024-05-25T00:07:31.470+0000] {processor.py:840} INFO - DAG(s) 'example_sensor_decorator' retrieved from /home/airflow/.local/lib/python3.12/site-packages/airflow/example_dags/example_sensor_decorator.py
[2024-05-25T00:07:31.489+0000] {logging_mixin.py:188} INFO - [2024-05-25T00:07:31.489+0000] {dag.py:3096} INFO - Sync 1 DAGs
[2024-05-25T00:07:31.501+0000] {logging_mixin.py:188} INFO - [2024-05-25T00:07:31.501+0000] {dag.py:3954} INFO - Setting next_dagrun for example_sensor_decorator to None, run_after=None
[2024-05-25T00:07:31.521+0000] {processor.py:183} INFO - Processing /home/airflow/.local/lib/python3.12/site-packages/airflow/example_dags/example_sensor_decorator.py took 0.069 seconds
[2024-05-25T00:08:03.565+0000] {processor.py:161} INFO - Started process (PID=39512) to work on /home/airflow/.local/lib/python3.12/site-packages/airflow/example_dags/example_sensor_decorator.py
[2024-05-25T00:08:03.570+0000] {processor.py:830} INFO - Processing file /home/airflow/.local/lib/python3.12/site-packages/airflow/example_dags/example_sensor_decorator.py for tasks to queue
[2024-05-25T00:08:03.605+0000] {logging_mixin.py:188} INFO - [2024-05-25T00:08:03.604+0000] {dagbag.py:545} INFO - Filling up the DagBag from /home/airflow/.local/lib/python3.12/site-packages/airflow/example_dags/example_sensor_decorator.py
[2024-05-25T00:08:03.709+0000] {processor.py:840} INFO - DAG(s) 'example_sensor_decorator' retrieved from /home/airflow/.local/lib/python3.12/site-packages/airflow/example_dags/example_sensor_decorator.py
[2024-05-25T00:08:03.963+0000] {logging_mixin.py:188} INFO - [2024-05-25T00:08:03.958+0000] {dag.py:3096} INFO - Sync 1 DAGs
[2024-05-25T00:08:04.065+0000] {logging_mixin.py:188} INFO - [2024-05-25T00:08:04.063+0000] {dag.py:3954} INFO - Setting next_dagrun for example_sensor_decorator to None, run_after=None
[2024-05-25T00:08:04.244+0000] {processor.py:183} INFO - Processing /home/airflow/.local/lib/python3.12/site-packages/airflow/example_dags/example_sensor_decorator.py took 0.722 seconds
[2024-05-25T00:08:39.936+0000] {processor.py:161} INFO - Started process (PID=39576) to work on /home/airflow/.local/lib/python3.12/site-packages/airflow/example_dags/example_sensor_decorator.py
[2024-05-25T00:08:39.938+0000] {processor.py:830} INFO - Processing file /home/airflow/.local/lib/python3.12/site-packages/airflow/example_dags/example_sensor_decorator.py for tasks to queue
[2024-05-25T00:08:39.944+0000] {logging_mixin.py:188} INFO - [2024-05-25T00:08:39.940+0000] {dagbag.py:545} INFO - Filling up the DagBag from /home/airflow/.local/lib/python3.12/site-packages/airflow/example_dags/example_sensor_decorator.py
[2024-05-25T00:08:39.956+0000] {processor.py:840} INFO - DAG(s) 'example_sensor_decorator' retrieved from /home/airflow/.local/lib/python3.12/site-packages/airflow/example_dags/example_sensor_decorator.py
[2024-05-25T00:08:39.985+0000] {logging_mixin.py:188} INFO - [2024-05-25T00:08:39.984+0000] {dag.py:3096} INFO - Sync 1 DAGs
[2024-05-25T00:08:40.036+0000] {logging_mixin.py:188} INFO - [2024-05-25T00:08:40.034+0000] {dag.py:3954} INFO - Setting next_dagrun for example_sensor_decorator to None, run_after=None
[2024-05-25T00:08:40.099+0000] {processor.py:183} INFO - Processing /home/airflow/.local/lib/python3.12/site-packages/airflow/example_dags/example_sensor_decorator.py took 0.168 seconds
[2024-05-25T00:09:53.900+0000] {processor.py:161} INFO - Started process (PID=39611) to work on /home/airflow/.local/lib/python3.12/site-packages/airflow/example_dags/example_sensor_decorator.py
[2024-05-25T00:09:53.910+0000] {processor.py:830} INFO - Processing file /home/airflow/.local/lib/python3.12/site-packages/airflow/example_dags/example_sensor_decorator.py for tasks to queue
[2024-05-25T00:09:53.928+0000] {logging_mixin.py:188} INFO - [2024-05-25T00:09:53.926+0000] {dagbag.py:545} INFO - Filling up the DagBag from /home/airflow/.local/lib/python3.12/site-packages/airflow/example_dags/example_sensor_decorator.py
[2024-05-25T00:09:53.965+0000] {processor.py:840} INFO - DAG(s) 'example_sensor_decorator' retrieved from /home/airflow/.local/lib/python3.12/site-packages/airflow/example_dags/example_sensor_decorator.py
[2024-05-25T00:09:54.113+0000] {logging_mixin.py:188} INFO - [2024-05-25T00:09:54.108+0000] {dag.py:3096} INFO - Sync 1 DAGs
[2024-05-25T00:09:54.185+0000] {logging_mixin.py:188} INFO - [2024-05-25T00:09:54.184+0000] {dag.py:3954} INFO - Setting next_dagrun for example_sensor_decorator to None, run_after=None
[2024-05-25T00:09:54.337+0000] {processor.py:183} INFO - Processing /home/airflow/.local/lib/python3.12/site-packages/airflow/example_dags/example_sensor_decorator.py took 0.469 seconds
[2024-05-25T00:10:24.931+0000] {processor.py:161} INFO - Started process (PID=39675) to work on /home/airflow/.local/lib/python3.12/site-packages/airflow/example_dags/example_sensor_decorator.py
[2024-05-25T00:10:24.935+0000] {processor.py:830} INFO - Processing file /home/airflow/.local/lib/python3.12/site-packages/airflow/example_dags/example_sensor_decorator.py for tasks to queue
[2024-05-25T00:10:24.941+0000] {logging_mixin.py:188} INFO - [2024-05-25T00:10:24.940+0000] {dagbag.py:545} INFO - Filling up the DagBag from /home/airflow/.local/lib/python3.12/site-packages/airflow/example_dags/example_sensor_decorator.py
[2024-05-25T00:10:24.977+0000] {processor.py:840} INFO - DAG(s) 'example_sensor_decorator' retrieved from /home/airflow/.local/lib/python3.12/site-packages/airflow/example_dags/example_sensor_decorator.py
[2024-05-25T00:10:25.118+0000] {logging_mixin.py:188} INFO - [2024-05-25T00:10:25.117+0000] {dag.py:3096} INFO - Sync 1 DAGs
[2024-05-25T00:10:25.207+0000] {logging_mixin.py:188} INFO - [2024-05-25T00:10:25.202+0000] {dag.py:3954} INFO - Setting next_dagrun for example_sensor_decorator to None, run_after=None
[2024-05-25T00:10:25.364+0000] {processor.py:183} INFO - Processing /home/airflow/.local/lib/python3.12/site-packages/airflow/example_dags/example_sensor_decorator.py took 0.453 seconds
[2024-05-25T00:10:56.092+0000] {processor.py:161} INFO - Started process (PID=39733) to work on /home/airflow/.local/lib/python3.12/site-packages/airflow/example_dags/example_sensor_decorator.py
[2024-05-25T00:10:56.093+0000] {processor.py:830} INFO - Processing file /home/airflow/.local/lib/python3.12/site-packages/airflow/example_dags/example_sensor_decorator.py for tasks to queue
[2024-05-25T00:10:56.097+0000] {logging_mixin.py:188} INFO - [2024-05-25T00:10:56.094+0000] {dagbag.py:545} INFO - Filling up the DagBag from /home/airflow/.local/lib/python3.12/site-packages/airflow/example_dags/example_sensor_decorator.py
[2024-05-25T00:10:56.107+0000] {processor.py:840} INFO - DAG(s) 'example_sensor_decorator' retrieved from /home/airflow/.local/lib/python3.12/site-packages/airflow/example_dags/example_sensor_decorator.py
[2024-05-25T00:10:56.136+0000] {logging_mixin.py:188} INFO - [2024-05-25T00:10:56.135+0000] {dag.py:3096} INFO - Sync 1 DAGs
[2024-05-25T00:10:56.151+0000] {logging_mixin.py:188} INFO - [2024-05-25T00:10:56.151+0000] {dag.py:3954} INFO - Setting next_dagrun for example_sensor_decorator to None, run_after=None
[2024-05-25T00:10:56.179+0000] {processor.py:183} INFO - Processing /home/airflow/.local/lib/python3.12/site-packages/airflow/example_dags/example_sensor_decorator.py took 0.092 seconds
[2024-05-25T00:11:26.294+0000] {processor.py:161} INFO - Started process (PID=39791) to work on /home/airflow/.local/lib/python3.12/site-packages/airflow/example_dags/example_sensor_decorator.py
[2024-05-25T00:11:26.296+0000] {processor.py:830} INFO - Processing file /home/airflow/.local/lib/python3.12/site-packages/airflow/example_dags/example_sensor_decorator.py for tasks to queue
[2024-05-25T00:11:26.297+0000] {logging_mixin.py:188} INFO - [2024-05-25T00:11:26.296+0000] {dagbag.py:545} INFO - Filling up the DagBag from /home/airflow/.local/lib/python3.12/site-packages/airflow/example_dags/example_sensor_decorator.py
[2024-05-25T00:11:26.304+0000] {processor.py:840} INFO - DAG(s) 'example_sensor_decorator' retrieved from /home/airflow/.local/lib/python3.12/site-packages/airflow/example_dags/example_sensor_decorator.py
[2024-05-25T00:11:26.340+0000] {logging_mixin.py:188} INFO - [2024-05-25T00:11:26.340+0000] {dag.py:3096} INFO - Sync 1 DAGs
[2024-05-25T00:11:26.374+0000] {logging_mixin.py:188} INFO - [2024-05-25T00:11:26.374+0000] {dag.py:3954} INFO - Setting next_dagrun for example_sensor_decorator to None, run_after=None
[2024-05-25T00:11:26.407+0000] {processor.py:183} INFO - Processing /home/airflow/.local/lib/python3.12/site-packages/airflow/example_dags/example_sensor_decorator.py took 0.118 seconds
[2024-05-25T00:11:57.249+0000] {processor.py:161} INFO - Started process (PID=39849) to work on /home/airflow/.local/lib/python3.12/site-packages/airflow/example_dags/example_sensor_decorator.py
[2024-05-25T00:11:57.251+0000] {processor.py:830} INFO - Processing file /home/airflow/.local/lib/python3.12/site-packages/airflow/example_dags/example_sensor_decorator.py for tasks to queue
[2024-05-25T00:11:57.252+0000] {logging_mixin.py:188} INFO - [2024-05-25T00:11:57.252+0000] {dagbag.py:545} INFO - Filling up the DagBag from /home/airflow/.local/lib/python3.12/site-packages/airflow/example_dags/example_sensor_decorator.py
[2024-05-25T00:11:57.261+0000] {processor.py:840} INFO - DAG(s) 'example_sensor_decorator' retrieved from /home/airflow/.local/lib/python3.12/site-packages/airflow/example_dags/example_sensor_decorator.py
[2024-05-25T00:11:57.284+0000] {logging_mixin.py:188} INFO - [2024-05-25T00:11:57.284+0000] {dag.py:3096} INFO - Sync 1 DAGs
[2024-05-25T00:11:57.299+0000] {logging_mixin.py:188} INFO - [2024-05-25T00:11:57.299+0000] {dag.py:3954} INFO - Setting next_dagrun for example_sensor_decorator to None, run_after=None
[2024-05-25T00:11:57.325+0000] {processor.py:183} INFO - Processing /home/airflow/.local/lib/python3.12/site-packages/airflow/example_dags/example_sensor_decorator.py took 0.081 seconds
[2024-05-25T00:12:46.752+0000] {processor.py:161} INFO - Started process (PID=39910) to work on /home/airflow/.local/lib/python3.12/site-packages/airflow/example_dags/example_sensor_decorator.py
[2024-05-25T00:12:46.754+0000] {processor.py:830} INFO - Processing file /home/airflow/.local/lib/python3.12/site-packages/airflow/example_dags/example_sensor_decorator.py for tasks to queue
[2024-05-25T00:12:46.756+0000] {logging_mixin.py:188} INFO - [2024-05-25T00:12:46.755+0000] {dagbag.py:545} INFO - Filling up the DagBag from /home/airflow/.local/lib/python3.12/site-packages/airflow/example_dags/example_sensor_decorator.py
[2024-05-25T00:12:46.767+0000] {processor.py:840} INFO - DAG(s) 'example_sensor_decorator' retrieved from /home/airflow/.local/lib/python3.12/site-packages/airflow/example_dags/example_sensor_decorator.py
[2024-05-25T00:12:46.838+0000] {logging_mixin.py:188} INFO - [2024-05-25T00:12:46.837+0000] {dag.py:3096} INFO - Sync 1 DAGs
[2024-05-25T00:12:46.870+0000] {logging_mixin.py:188} INFO - [2024-05-25T00:12:46.869+0000] {dag.py:3954} INFO - Setting next_dagrun for example_sensor_decorator to None, run_after=None
[2024-05-25T00:12:46.909+0000] {processor.py:183} INFO - Processing /home/airflow/.local/lib/python3.12/site-packages/airflow/example_dags/example_sensor_decorator.py took 0.168 seconds
[2024-05-25T00:13:18.111+0000] {processor.py:161} INFO - Started process (PID=39968) to work on /home/airflow/.local/lib/python3.12/site-packages/airflow/example_dags/example_sensor_decorator.py
[2024-05-25T00:13:18.113+0000] {processor.py:830} INFO - Processing file /home/airflow/.local/lib/python3.12/site-packages/airflow/example_dags/example_sensor_decorator.py for tasks to queue
[2024-05-25T00:13:18.114+0000] {logging_mixin.py:188} INFO - [2024-05-25T00:13:18.114+0000] {dagbag.py:545} INFO - Filling up the DagBag from /home/airflow/.local/lib/python3.12/site-packages/airflow/example_dags/example_sensor_decorator.py
[2024-05-25T00:13:18.122+0000] {processor.py:840} INFO - DAG(s) 'example_sensor_decorator' retrieved from /home/airflow/.local/lib/python3.12/site-packages/airflow/example_dags/example_sensor_decorator.py
[2024-05-25T00:13:18.149+0000] {logging_mixin.py:188} INFO - [2024-05-25T00:13:18.149+0000] {dag.py:3096} INFO - Sync 1 DAGs
[2024-05-25T00:13:18.166+0000] {logging_mixin.py:188} INFO - [2024-05-25T00:13:18.166+0000] {dag.py:3954} INFO - Setting next_dagrun for example_sensor_decorator to None, run_after=None
[2024-05-25T00:13:18.192+0000] {processor.py:183} INFO - Processing /home/airflow/.local/lib/python3.12/site-packages/airflow/example_dags/example_sensor_decorator.py took 0.086 seconds
[2024-05-25T00:14:18.388+0000] {processor.py:161} INFO - Started process (PID=40020) to work on /home/airflow/.local/lib/python3.12/site-packages/airflow/example_dags/example_sensor_decorator.py
[2024-05-25T00:14:18.391+0000] {processor.py:830} INFO - Processing file /home/airflow/.local/lib/python3.12/site-packages/airflow/example_dags/example_sensor_decorator.py for tasks to queue
[2024-05-25T00:14:18.393+0000] {logging_mixin.py:188} INFO - [2024-05-25T00:14:18.393+0000] {dagbag.py:545} INFO - Filling up the DagBag from /home/airflow/.local/lib/python3.12/site-packages/airflow/example_dags/example_sensor_decorator.py
[2024-05-25T00:14:18.400+0000] {processor.py:840} INFO - DAG(s) 'example_sensor_decorator' retrieved from /home/airflow/.local/lib/python3.12/site-packages/airflow/example_dags/example_sensor_decorator.py
[2024-05-25T00:14:18.429+0000] {logging_mixin.py:188} INFO - [2024-05-25T00:14:18.429+0000] {dag.py:3096} INFO - Sync 1 DAGs
[2024-05-25T00:14:18.443+0000] {logging_mixin.py:188} INFO - [2024-05-25T00:14:18.443+0000] {dag.py:3954} INFO - Setting next_dagrun for example_sensor_decorator to None, run_after=None
[2024-05-25T00:14:18.469+0000] {processor.py:183} INFO - Processing /home/airflow/.local/lib/python3.12/site-packages/airflow/example_dags/example_sensor_decorator.py took 0.087 seconds
[2024-05-25T00:15:20.538+0000] {processor.py:161} INFO - Started process (PID=40092) to work on /home/airflow/.local/lib/python3.12/site-packages/airflow/example_dags/example_sensor_decorator.py
[2024-05-25T00:15:20.539+0000] {processor.py:830} INFO - Processing file /home/airflow/.local/lib/python3.12/site-packages/airflow/example_dags/example_sensor_decorator.py for tasks to queue
[2024-05-25T00:15:20.540+0000] {logging_mixin.py:188} INFO - [2024-05-25T00:15:20.540+0000] {dagbag.py:545} INFO - Filling up the DagBag from /home/airflow/.local/lib/python3.12/site-packages/airflow/example_dags/example_sensor_decorator.py
[2024-05-25T00:15:20.550+0000] {processor.py:840} INFO - DAG(s) 'example_sensor_decorator' retrieved from /home/airflow/.local/lib/python3.12/site-packages/airflow/example_dags/example_sensor_decorator.py
[2024-05-25T00:15:20.573+0000] {logging_mixin.py:188} INFO - [2024-05-25T00:15:20.572+0000] {dag.py:3096} INFO - Sync 1 DAGs
[2024-05-25T00:15:20.587+0000] {logging_mixin.py:188} INFO - [2024-05-25T00:15:20.587+0000] {dag.py:3954} INFO - Setting next_dagrun for example_sensor_decorator to None, run_after=None
[2024-05-25T00:15:20.608+0000] {processor.py:183} INFO - Processing /home/airflow/.local/lib/python3.12/site-packages/airflow/example_dags/example_sensor_decorator.py took 0.075 seconds
