[2024-05-25T00:00:26.917+0000] {processor.py:161} INFO - Started process (PID=38663) to work on /home/airflow/.local/lib/python3.12/site-packages/airflow/example_dags/example_latest_only.py
[2024-05-25T00:00:26.918+0000] {processor.py:830} INFO - Processing file /home/airflow/.local/lib/python3.12/site-packages/airflow/example_dags/example_latest_only.py for tasks to queue
[2024-05-25T00:00:26.922+0000] {logging_mixin.py:188} INFO - [2024-05-25T00:00:26.922+0000] {dagbag.py:545} INFO - Filling up the DagBag from /home/airflow/.local/lib/python3.12/site-packages/airflow/example_dags/example_latest_only.py
[2024-05-25T00:00:26.930+0000] {processor.py:840} INFO - DAG(s) 'latest_only' retrieved from /home/airflow/.local/lib/python3.12/site-packages/airflow/example_dags/example_latest_only.py
[2024-05-25T00:00:26.954+0000] {logging_mixin.py:188} INFO - [2024-05-25T00:00:26.954+0000] {dag.py:3096} INFO - Sync 1 DAGs
[2024-05-25T00:00:26.981+0000] {logging_mixin.py:188} INFO - [2024-05-25T00:00:26.981+0000] {dag.py:3954} INFO - Setting next_dagrun for latest_only to 2024-05-24 20:00:00+00:00, run_after=2024-05-25 00:00:00+00:00
[2024-05-25T00:00:27.011+0000] {processor.py:183} INFO - Processing /home/airflow/.local/lib/python3.12/site-packages/airflow/example_dags/example_latest_only.py took 0.100 seconds
[2024-05-25T00:00:57.153+0000] {processor.py:161} INFO - Started process (PID=38721) to work on /home/airflow/.local/lib/python3.12/site-packages/airflow/example_dags/example_latest_only.py
[2024-05-25T00:00:57.156+0000] {processor.py:830} INFO - Processing file /home/airflow/.local/lib/python3.12/site-packages/airflow/example_dags/example_latest_only.py for tasks to queue
[2024-05-25T00:00:57.166+0000] {logging_mixin.py:188} INFO - [2024-05-25T00:00:57.165+0000] {dagbag.py:545} INFO - Filling up the DagBag from /home/airflow/.local/lib/python3.12/site-packages/airflow/example_dags/example_latest_only.py
[2024-05-25T00:00:57.181+0000] {processor.py:840} INFO - DAG(s) 'latest_only' retrieved from /home/airflow/.local/lib/python3.12/site-packages/airflow/example_dags/example_latest_only.py
[2024-05-25T00:00:57.218+0000] {logging_mixin.py:188} INFO - [2024-05-25T00:00:57.217+0000] {dag.py:3096} INFO - Sync 1 DAGs
[2024-05-25T00:00:57.247+0000] {logging_mixin.py:188} INFO - [2024-05-25T00:00:57.247+0000] {dag.py:3954} INFO - Setting next_dagrun for latest_only to 2024-05-24 20:00:00+00:00, run_after=2024-05-25 00:00:00+00:00
[2024-05-25T00:00:57.283+0000] {processor.py:183} INFO - Processing /home/airflow/.local/lib/python3.12/site-packages/airflow/example_dags/example_latest_only.py took 0.139 seconds
[2024-05-25T00:01:28.040+0000] {processor.py:161} INFO - Started process (PID=38779) to work on /home/airflow/.local/lib/python3.12/site-packages/airflow/example_dags/example_latest_only.py
[2024-05-25T00:01:28.042+0000] {processor.py:830} INFO - Processing file /home/airflow/.local/lib/python3.12/site-packages/airflow/example_dags/example_latest_only.py for tasks to queue
[2024-05-25T00:01:28.046+0000] {logging_mixin.py:188} INFO - [2024-05-25T00:01:28.046+0000] {dagbag.py:545} INFO - Filling up the DagBag from /home/airflow/.local/lib/python3.12/site-packages/airflow/example_dags/example_latest_only.py
[2024-05-25T00:01:28.053+0000] {processor.py:840} INFO - DAG(s) 'latest_only' retrieved from /home/airflow/.local/lib/python3.12/site-packages/airflow/example_dags/example_latest_only.py
[2024-05-25T00:01:28.077+0000] {logging_mixin.py:188} INFO - [2024-05-25T00:01:28.077+0000] {dag.py:3096} INFO - Sync 1 DAGs
[2024-05-25T00:01:28.110+0000] {logging_mixin.py:188} INFO - [2024-05-25T00:01:28.109+0000] {dag.py:3954} INFO - Setting next_dagrun for latest_only to 2024-05-24 20:00:00+00:00, run_after=2024-05-25 00:00:00+00:00
[2024-05-25T00:01:28.150+0000] {processor.py:183} INFO - Processing /home/airflow/.local/lib/python3.12/site-packages/airflow/example_dags/example_latest_only.py took 0.124 seconds
[2024-05-25T00:01:58.298+0000] {processor.py:161} INFO - Started process (PID=38837) to work on /home/airflow/.local/lib/python3.12/site-packages/airflow/example_dags/example_latest_only.py
[2024-05-25T00:01:58.300+0000] {processor.py:830} INFO - Processing file /home/airflow/.local/lib/python3.12/site-packages/airflow/example_dags/example_latest_only.py for tasks to queue
[2024-05-25T00:01:58.306+0000] {logging_mixin.py:188} INFO - [2024-05-25T00:01:58.305+0000] {dagbag.py:545} INFO - Filling up the DagBag from /home/airflow/.local/lib/python3.12/site-packages/airflow/example_dags/example_latest_only.py
[2024-05-25T00:01:58.311+0000] {processor.py:840} INFO - DAG(s) 'latest_only' retrieved from /home/airflow/.local/lib/python3.12/site-packages/airflow/example_dags/example_latest_only.py
[2024-05-25T00:01:58.342+0000] {logging_mixin.py:188} INFO - [2024-05-25T00:01:58.342+0000] {dag.py:3096} INFO - Sync 1 DAGs
[2024-05-25T00:01:58.371+0000] {logging_mixin.py:188} INFO - [2024-05-25T00:01:58.371+0000] {dag.py:3954} INFO - Setting next_dagrun for latest_only to 2024-05-24 20:00:00+00:00, run_after=2024-05-25 00:00:00+00:00
[2024-05-25T00:01:58.399+0000] {processor.py:183} INFO - Processing /home/airflow/.local/lib/python3.12/site-packages/airflow/example_dags/example_latest_only.py took 0.106 seconds
[2024-05-25T00:02:28.881+0000] {processor.py:161} INFO - Started process (PID=38895) to work on /home/airflow/.local/lib/python3.12/site-packages/airflow/example_dags/example_latest_only.py
[2024-05-25T00:02:28.881+0000] {processor.py:830} INFO - Processing file /home/airflow/.local/lib/python3.12/site-packages/airflow/example_dags/example_latest_only.py for tasks to queue
[2024-05-25T00:02:28.884+0000] {logging_mixin.py:188} INFO - [2024-05-25T00:02:28.884+0000] {dagbag.py:545} INFO - Filling up the DagBag from /home/airflow/.local/lib/python3.12/site-packages/airflow/example_dags/example_latest_only.py
[2024-05-25T00:02:28.888+0000] {processor.py:840} INFO - DAG(s) 'latest_only' retrieved from /home/airflow/.local/lib/python3.12/site-packages/airflow/example_dags/example_latest_only.py
[2024-05-25T00:02:28.907+0000] {logging_mixin.py:188} INFO - [2024-05-25T00:02:28.907+0000] {dag.py:3096} INFO - Sync 1 DAGs
[2024-05-25T00:02:28.929+0000] {logging_mixin.py:188} INFO - [2024-05-25T00:02:28.928+0000] {dag.py:3954} INFO - Setting next_dagrun for latest_only to 2024-05-24 20:00:00+00:00, run_after=2024-05-25 00:00:00+00:00
[2024-05-25T00:02:28.950+0000] {processor.py:183} INFO - Processing /home/airflow/.local/lib/python3.12/site-packages/airflow/example_dags/example_latest_only.py took 0.074 seconds
[2024-05-25T00:02:59.887+0000] {processor.py:161} INFO - Started process (PID=38957) to work on /home/airflow/.local/lib/python3.12/site-packages/airflow/example_dags/example_latest_only.py
[2024-05-25T00:02:59.888+0000] {processor.py:830} INFO - Processing file /home/airflow/.local/lib/python3.12/site-packages/airflow/example_dags/example_latest_only.py for tasks to queue
[2024-05-25T00:02:59.895+0000] {logging_mixin.py:188} INFO - [2024-05-25T00:02:59.894+0000] {dagbag.py:545} INFO - Filling up the DagBag from /home/airflow/.local/lib/python3.12/site-packages/airflow/example_dags/example_latest_only.py
[2024-05-25T00:02:59.902+0000] {processor.py:840} INFO - DAG(s) 'latest_only' retrieved from /home/airflow/.local/lib/python3.12/site-packages/airflow/example_dags/example_latest_only.py
[2024-05-25T00:02:59.932+0000] {logging_mixin.py:188} INFO - [2024-05-25T00:02:59.932+0000] {dag.py:3096} INFO - Sync 1 DAGs
[2024-05-25T00:02:59.962+0000] {logging_mixin.py:188} INFO - [2024-05-25T00:02:59.961+0000] {dag.py:3954} INFO - Setting next_dagrun for latest_only to 2024-05-24 20:00:00+00:00, run_after=2024-05-25 00:00:00+00:00
[2024-05-25T00:02:59.998+0000] {processor.py:183} INFO - Processing /home/airflow/.local/lib/python3.12/site-packages/airflow/example_dags/example_latest_only.py took 0.120 seconds
[2024-05-25T00:03:30.192+0000] {processor.py:161} INFO - Started process (PID=39015) to work on /home/airflow/.local/lib/python3.12/site-packages/airflow/example_dags/example_latest_only.py
[2024-05-25T00:03:30.194+0000] {processor.py:830} INFO - Processing file /home/airflow/.local/lib/python3.12/site-packages/airflow/example_dags/example_latest_only.py for tasks to queue
[2024-05-25T00:03:30.204+0000] {logging_mixin.py:188} INFO - [2024-05-25T00:03:30.203+0000] {dagbag.py:545} INFO - Filling up the DagBag from /home/airflow/.local/lib/python3.12/site-packages/airflow/example_dags/example_latest_only.py
[2024-05-25T00:03:30.210+0000] {processor.py:840} INFO - DAG(s) 'latest_only' retrieved from /home/airflow/.local/lib/python3.12/site-packages/airflow/example_dags/example_latest_only.py
[2024-05-25T00:03:30.253+0000] {logging_mixin.py:188} INFO - [2024-05-25T00:03:30.252+0000] {dag.py:3096} INFO - Sync 1 DAGs
[2024-05-25T00:03:30.286+0000] {logging_mixin.py:188} INFO - [2024-05-25T00:03:30.285+0000] {dag.py:3954} INFO - Setting next_dagrun for latest_only to 2024-05-24 20:00:00+00:00, run_after=2024-05-25 00:00:00+00:00
[2024-05-25T00:03:30.322+0000] {processor.py:183} INFO - Processing /home/airflow/.local/lib/python3.12/site-packages/airflow/example_dags/example_latest_only.py took 0.137 seconds
[2024-05-25T00:04:01.246+0000] {processor.py:161} INFO - Started process (PID=39073) to work on /home/airflow/.local/lib/python3.12/site-packages/airflow/example_dags/example_latest_only.py
[2024-05-25T00:04:01.248+0000] {processor.py:830} INFO - Processing file /home/airflow/.local/lib/python3.12/site-packages/airflow/example_dags/example_latest_only.py for tasks to queue
[2024-05-25T00:04:01.252+0000] {logging_mixin.py:188} INFO - [2024-05-25T00:04:01.251+0000] {dagbag.py:545} INFO - Filling up the DagBag from /home/airflow/.local/lib/python3.12/site-packages/airflow/example_dags/example_latest_only.py
[2024-05-25T00:04:01.258+0000] {processor.py:840} INFO - DAG(s) 'latest_only' retrieved from /home/airflow/.local/lib/python3.12/site-packages/airflow/example_dags/example_latest_only.py
[2024-05-25T00:04:01.298+0000] {logging_mixin.py:188} INFO - [2024-05-25T00:04:01.297+0000] {dag.py:3096} INFO - Sync 1 DAGs
[2024-05-25T00:04:01.361+0000] {logging_mixin.py:188} INFO - [2024-05-25T00:04:01.361+0000] {dag.py:3954} INFO - Setting next_dagrun for latest_only to 2024-05-24 20:00:00+00:00, run_after=2024-05-25 00:00:00+00:00
[2024-05-25T00:04:01.405+0000] {processor.py:183} INFO - Processing /home/airflow/.local/lib/python3.12/site-packages/airflow/example_dags/example_latest_only.py took 0.168 seconds
[2024-05-25T00:04:31.662+0000] {processor.py:161} INFO - Started process (PID=39131) to work on /home/airflow/.local/lib/python3.12/site-packages/airflow/example_dags/example_latest_only.py
[2024-05-25T00:04:31.666+0000] {processor.py:830} INFO - Processing file /home/airflow/.local/lib/python3.12/site-packages/airflow/example_dags/example_latest_only.py for tasks to queue
[2024-05-25T00:04:31.670+0000] {logging_mixin.py:188} INFO - [2024-05-25T00:04:31.669+0000] {dagbag.py:545} INFO - Filling up the DagBag from /home/airflow/.local/lib/python3.12/site-packages/airflow/example_dags/example_latest_only.py
[2024-05-25T00:04:31.678+0000] {processor.py:840} INFO - DAG(s) 'latest_only' retrieved from /home/airflow/.local/lib/python3.12/site-packages/airflow/example_dags/example_latest_only.py
[2024-05-25T00:04:31.713+0000] {logging_mixin.py:188} INFO - [2024-05-25T00:04:31.712+0000] {dag.py:3096} INFO - Sync 1 DAGs
[2024-05-25T00:04:31.752+0000] {logging_mixin.py:188} INFO - [2024-05-25T00:04:31.751+0000] {dag.py:3954} INFO - Setting next_dagrun for latest_only to 2024-05-24 20:00:00+00:00, run_after=2024-05-25 00:00:00+00:00
[2024-05-25T00:04:31.784+0000] {processor.py:183} INFO - Processing /home/airflow/.local/lib/python3.12/site-packages/airflow/example_dags/example_latest_only.py took 0.131 seconds
[2024-05-25T00:05:05.488+0000] {processor.py:161} INFO - Started process (PID=39189) to work on /home/airflow/.local/lib/python3.12/site-packages/airflow/example_dags/example_latest_only.py
[2024-05-25T00:05:05.490+0000] {processor.py:830} INFO - Processing file /home/airflow/.local/lib/python3.12/site-packages/airflow/example_dags/example_latest_only.py for tasks to queue
[2024-05-25T00:05:05.492+0000] {logging_mixin.py:188} INFO - [2024-05-25T00:05:05.491+0000] {dagbag.py:545} INFO - Filling up the DagBag from /home/airflow/.local/lib/python3.12/site-packages/airflow/example_dags/example_latest_only.py
[2024-05-25T00:05:05.498+0000] {processor.py:840} INFO - DAG(s) 'latest_only' retrieved from /home/airflow/.local/lib/python3.12/site-packages/airflow/example_dags/example_latest_only.py
[2024-05-25T00:05:05.520+0000] {logging_mixin.py:188} INFO - [2024-05-25T00:05:05.520+0000] {dag.py:3096} INFO - Sync 1 DAGs
[2024-05-25T00:05:05.542+0000] {logging_mixin.py:188} INFO - [2024-05-25T00:05:05.542+0000] {dag.py:3954} INFO - Setting next_dagrun for latest_only to 2024-05-24 20:00:00+00:00, run_after=2024-05-25 00:00:00+00:00
[2024-05-25T00:05:05.569+0000] {processor.py:183} INFO - Processing /home/airflow/.local/lib/python3.12/site-packages/airflow/example_dags/example_latest_only.py took 0.088 seconds
[2024-05-25T00:05:36.612+0000] {processor.py:161} INFO - Started process (PID=39247) to work on /home/airflow/.local/lib/python3.12/site-packages/airflow/example_dags/example_latest_only.py
[2024-05-25T00:05:36.614+0000] {processor.py:830} INFO - Processing file /home/airflow/.local/lib/python3.12/site-packages/airflow/example_dags/example_latest_only.py for tasks to queue
[2024-05-25T00:05:36.616+0000] {logging_mixin.py:188} INFO - [2024-05-25T00:05:36.615+0000] {dagbag.py:545} INFO - Filling up the DagBag from /home/airflow/.local/lib/python3.12/site-packages/airflow/example_dags/example_latest_only.py
[2024-05-25T00:05:36.621+0000] {processor.py:840} INFO - DAG(s) 'latest_only' retrieved from /home/airflow/.local/lib/python3.12/site-packages/airflow/example_dags/example_latest_only.py
[2024-05-25T00:05:36.640+0000] {logging_mixin.py:188} INFO - [2024-05-25T00:05:36.640+0000] {dag.py:3096} INFO - Sync 1 DAGs
[2024-05-25T00:05:36.663+0000] {logging_mixin.py:188} INFO - [2024-05-25T00:05:36.663+0000] {dag.py:3954} INFO - Setting next_dagrun for latest_only to 2024-05-24 20:00:00+00:00, run_after=2024-05-25 00:00:00+00:00
[2024-05-25T00:05:36.686+0000] {processor.py:183} INFO - Processing /home/airflow/.local/lib/python3.12/site-packages/airflow/example_dags/example_latest_only.py took 0.080 seconds
[2024-05-25T00:06:06.994+0000] {processor.py:161} INFO - Started process (PID=39303) to work on /home/airflow/.local/lib/python3.12/site-packages/airflow/example_dags/example_latest_only.py
[2024-05-25T00:06:06.996+0000] {processor.py:830} INFO - Processing file /home/airflow/.local/lib/python3.12/site-packages/airflow/example_dags/example_latest_only.py for tasks to queue
[2024-05-25T00:06:07.000+0000] {logging_mixin.py:188} INFO - [2024-05-25T00:06:06.999+0000] {dagbag.py:545} INFO - Filling up the DagBag from /home/airflow/.local/lib/python3.12/site-packages/airflow/example_dags/example_latest_only.py
[2024-05-25T00:06:07.012+0000] {processor.py:840} INFO - DAG(s) 'latest_only' retrieved from /home/airflow/.local/lib/python3.12/site-packages/airflow/example_dags/example_latest_only.py
[2024-05-25T00:06:07.059+0000] {logging_mixin.py:188} INFO - [2024-05-25T00:06:07.058+0000] {dag.py:3096} INFO - Sync 1 DAGs
[2024-05-25T00:06:07.098+0000] {logging_mixin.py:188} INFO - [2024-05-25T00:06:07.098+0000] {dag.py:3954} INFO - Setting next_dagrun for latest_only to 2024-05-24 20:00:00+00:00, run_after=2024-05-25 00:00:00+00:00
[2024-05-25T00:06:07.143+0000] {processor.py:183} INFO - Processing /home/airflow/.local/lib/python3.12/site-packages/airflow/example_dags/example_latest_only.py took 0.163 seconds
[2024-05-25T00:06:37.759+0000] {processor.py:161} INFO - Started process (PID=39361) to work on /home/airflow/.local/lib/python3.12/site-packages/airflow/example_dags/example_latest_only.py
[2024-05-25T00:06:37.760+0000] {processor.py:830} INFO - Processing file /home/airflow/.local/lib/python3.12/site-packages/airflow/example_dags/example_latest_only.py for tasks to queue
[2024-05-25T00:06:37.764+0000] {logging_mixin.py:188} INFO - [2024-05-25T00:06:37.763+0000] {dagbag.py:545} INFO - Filling up the DagBag from /home/airflow/.local/lib/python3.12/site-packages/airflow/example_dags/example_latest_only.py
[2024-05-25T00:06:37.769+0000] {processor.py:840} INFO - DAG(s) 'latest_only' retrieved from /home/airflow/.local/lib/python3.12/site-packages/airflow/example_dags/example_latest_only.py
[2024-05-25T00:06:37.801+0000] {logging_mixin.py:188} INFO - [2024-05-25T00:06:37.800+0000] {dag.py:3096} INFO - Sync 1 DAGs
[2024-05-25T00:06:37.828+0000] {logging_mixin.py:188} INFO - [2024-05-25T00:06:37.828+0000] {dag.py:3954} INFO - Setting next_dagrun for latest_only to 2024-05-24 20:00:00+00:00, run_after=2024-05-25 00:00:00+00:00
[2024-05-25T00:06:37.861+0000] {processor.py:183} INFO - Processing /home/airflow/.local/lib/python3.12/site-packages/airflow/example_dags/example_latest_only.py took 0.109 seconds
[2024-05-25T00:07:08.483+0000] {processor.py:161} INFO - Started process (PID=39419) to work on /home/airflow/.local/lib/python3.12/site-packages/airflow/example_dags/example_latest_only.py
[2024-05-25T00:07:08.484+0000] {processor.py:830} INFO - Processing file /home/airflow/.local/lib/python3.12/site-packages/airflow/example_dags/example_latest_only.py for tasks to queue
[2024-05-25T00:07:08.489+0000] {logging_mixin.py:188} INFO - [2024-05-25T00:07:08.488+0000] {dagbag.py:545} INFO - Filling up the DagBag from /home/airflow/.local/lib/python3.12/site-packages/airflow/example_dags/example_latest_only.py
[2024-05-25T00:07:08.498+0000] {processor.py:840} INFO - DAG(s) 'latest_only' retrieved from /home/airflow/.local/lib/python3.12/site-packages/airflow/example_dags/example_latest_only.py
[2024-05-25T00:07:08.534+0000] {logging_mixin.py:188} INFO - [2024-05-25T00:07:08.533+0000] {dag.py:3096} INFO - Sync 1 DAGs
[2024-05-25T00:07:08.564+0000] {logging_mixin.py:188} INFO - [2024-05-25T00:07:08.564+0000] {dag.py:3954} INFO - Setting next_dagrun for latest_only to 2024-05-24 20:00:00+00:00, run_after=2024-05-25 00:00:00+00:00
[2024-05-25T00:07:08.595+0000] {processor.py:183} INFO - Processing /home/airflow/.local/lib/python3.12/site-packages/airflow/example_dags/example_latest_only.py took 0.121 seconds
[2024-05-25T00:07:39.540+0000] {processor.py:161} INFO - Started process (PID=39477) to work on /home/airflow/.local/lib/python3.12/site-packages/airflow/example_dags/example_latest_only.py
[2024-05-25T00:07:39.541+0000] {processor.py:830} INFO - Processing file /home/airflow/.local/lib/python3.12/site-packages/airflow/example_dags/example_latest_only.py for tasks to queue
[2024-05-25T00:07:39.544+0000] {logging_mixin.py:188} INFO - [2024-05-25T00:07:39.543+0000] {dagbag.py:545} INFO - Filling up the DagBag from /home/airflow/.local/lib/python3.12/site-packages/airflow/example_dags/example_latest_only.py
[2024-05-25T00:07:39.550+0000] {processor.py:840} INFO - DAG(s) 'latest_only' retrieved from /home/airflow/.local/lib/python3.12/site-packages/airflow/example_dags/example_latest_only.py
[2024-05-25T00:07:39.573+0000] {logging_mixin.py:188} INFO - [2024-05-25T00:07:39.572+0000] {dag.py:3096} INFO - Sync 1 DAGs
[2024-05-25T00:07:39.594+0000] {logging_mixin.py:188} INFO - [2024-05-25T00:07:39.593+0000] {dag.py:3954} INFO - Setting next_dagrun for latest_only to 2024-05-24 20:00:00+00:00, run_after=2024-05-25 00:00:00+00:00
[2024-05-25T00:07:39.615+0000] {processor.py:183} INFO - Processing /home/airflow/.local/lib/python3.12/site-packages/airflow/example_dags/example_latest_only.py took 0.081 seconds
[2024-05-25T00:08:34.368+0000] {processor.py:161} INFO - Started process (PID=39552) to work on /home/airflow/.local/lib/python3.12/site-packages/airflow/example_dags/example_latest_only.py
[2024-05-25T00:08:34.373+0000] {processor.py:830} INFO - Processing file /home/airflow/.local/lib/python3.12/site-packages/airflow/example_dags/example_latest_only.py for tasks to queue
[2024-05-25T00:08:34.378+0000] {logging_mixin.py:188} INFO - [2024-05-25T00:08:34.376+0000] {dagbag.py:545} INFO - Filling up the DagBag from /home/airflow/.local/lib/python3.12/site-packages/airflow/example_dags/example_latest_only.py
[2024-05-25T00:08:34.388+0000] {processor.py:840} INFO - DAG(s) 'latest_only' retrieved from /home/airflow/.local/lib/python3.12/site-packages/airflow/example_dags/example_latest_only.py
[2024-05-25T00:08:34.430+0000] {logging_mixin.py:188} INFO - [2024-05-25T00:08:34.429+0000] {dag.py:3096} INFO - Sync 1 DAGs
[2024-05-25T00:08:34.558+0000] {logging_mixin.py:188} INFO - [2024-05-25T00:08:34.556+0000] {dag.py:3954} INFO - Setting next_dagrun for latest_only to 2024-05-24 20:00:00+00:00, run_after=2024-05-25 00:00:00+00:00
[2024-05-25T00:08:34.734+0000] {processor.py:183} INFO - Processing /home/airflow/.local/lib/python3.12/site-packages/airflow/example_dags/example_latest_only.py took 0.388 seconds
[2024-05-25T00:09:56.429+0000] {processor.py:161} INFO - Started process (PID=39632) to work on /home/airflow/.local/lib/python3.12/site-packages/airflow/example_dags/example_latest_only.py
[2024-05-25T00:09:56.437+0000] {processor.py:830} INFO - Processing file /home/airflow/.local/lib/python3.12/site-packages/airflow/example_dags/example_latest_only.py for tasks to queue
[2024-05-25T00:09:56.445+0000] {logging_mixin.py:188} INFO - [2024-05-25T00:09:56.444+0000] {dagbag.py:545} INFO - Filling up the DagBag from /home/airflow/.local/lib/python3.12/site-packages/airflow/example_dags/example_latest_only.py
[2024-05-25T00:09:56.478+0000] {processor.py:840} INFO - DAG(s) 'latest_only' retrieved from /home/airflow/.local/lib/python3.12/site-packages/airflow/example_dags/example_latest_only.py
[2024-05-25T00:09:56.627+0000] {logging_mixin.py:188} INFO - [2024-05-25T00:09:56.624+0000] {dag.py:3096} INFO - Sync 1 DAGs
[2024-05-25T00:09:56.759+0000] {logging_mixin.py:188} INFO - [2024-05-25T00:09:56.759+0000] {dag.py:3954} INFO - Setting next_dagrun for latest_only to 2024-05-24 20:00:00+00:00, run_after=2024-05-25 00:00:00+00:00
[2024-05-25T00:09:56.829+0000] {processor.py:183} INFO - Processing /home/airflow/.local/lib/python3.12/site-packages/airflow/example_dags/example_latest_only.py took 0.427 seconds
[2024-05-25T00:10:29.379+0000] {processor.py:161} INFO - Started process (PID=39690) to work on /home/airflow/.local/lib/python3.12/site-packages/airflow/example_dags/example_latest_only.py
[2024-05-25T00:10:29.389+0000] {processor.py:830} INFO - Processing file /home/airflow/.local/lib/python3.12/site-packages/airflow/example_dags/example_latest_only.py for tasks to queue
[2024-05-25T00:10:29.397+0000] {logging_mixin.py:188} INFO - [2024-05-25T00:10:29.396+0000] {dagbag.py:545} INFO - Filling up the DagBag from /home/airflow/.local/lib/python3.12/site-packages/airflow/example_dags/example_latest_only.py
[2024-05-25T00:10:29.436+0000] {processor.py:840} INFO - DAG(s) 'latest_only' retrieved from /home/airflow/.local/lib/python3.12/site-packages/airflow/example_dags/example_latest_only.py
[2024-05-25T00:10:29.569+0000] {logging_mixin.py:188} INFO - [2024-05-25T00:10:29.566+0000] {dag.py:3096} INFO - Sync 1 DAGs
[2024-05-25T00:10:29.748+0000] {logging_mixin.py:188} INFO - [2024-05-25T00:10:29.747+0000] {dag.py:3954} INFO - Setting next_dagrun for latest_only to 2024-05-24 20:00:00+00:00, run_after=2024-05-25 00:00:00+00:00
[2024-05-25T00:10:29.916+0000] {processor.py:183} INFO - Processing /home/airflow/.local/lib/python3.12/site-packages/airflow/example_dags/example_latest_only.py took 0.578 seconds
[2024-05-25T00:11:00.155+0000] {processor.py:161} INFO - Started process (PID=39748) to work on /home/airflow/.local/lib/python3.12/site-packages/airflow/example_dags/example_latest_only.py
[2024-05-25T00:11:00.157+0000] {processor.py:830} INFO - Processing file /home/airflow/.local/lib/python3.12/site-packages/airflow/example_dags/example_latest_only.py for tasks to queue
[2024-05-25T00:11:00.158+0000] {logging_mixin.py:188} INFO - [2024-05-25T00:11:00.158+0000] {dagbag.py:545} INFO - Filling up the DagBag from /home/airflow/.local/lib/python3.12/site-packages/airflow/example_dags/example_latest_only.py
[2024-05-25T00:11:00.165+0000] {processor.py:840} INFO - DAG(s) 'latest_only' retrieved from /home/airflow/.local/lib/python3.12/site-packages/airflow/example_dags/example_latest_only.py
[2024-05-25T00:11:00.187+0000] {logging_mixin.py:188} INFO - [2024-05-25T00:11:00.187+0000] {dag.py:3096} INFO - Sync 1 DAGs
[2024-05-25T00:11:00.211+0000] {logging_mixin.py:188} INFO - [2024-05-25T00:11:00.210+0000] {dag.py:3954} INFO - Setting next_dagrun for latest_only to 2024-05-24 20:00:00+00:00, run_after=2024-05-25 00:00:00+00:00
[2024-05-25T00:11:00.232+0000] {processor.py:183} INFO - Processing /home/airflow/.local/lib/python3.12/site-packages/airflow/example_dags/example_latest_only.py took 0.082 seconds
[2024-05-25T00:11:30.462+0000] {processor.py:161} INFO - Started process (PID=39806) to work on /home/airflow/.local/lib/python3.12/site-packages/airflow/example_dags/example_latest_only.py
[2024-05-25T00:11:30.464+0000] {processor.py:830} INFO - Processing file /home/airflow/.local/lib/python3.12/site-packages/airflow/example_dags/example_latest_only.py for tasks to queue
[2024-05-25T00:11:30.465+0000] {logging_mixin.py:188} INFO - [2024-05-25T00:11:30.464+0000] {dagbag.py:545} INFO - Filling up the DagBag from /home/airflow/.local/lib/python3.12/site-packages/airflow/example_dags/example_latest_only.py
[2024-05-25T00:11:30.470+0000] {processor.py:840} INFO - DAG(s) 'latest_only' retrieved from /home/airflow/.local/lib/python3.12/site-packages/airflow/example_dags/example_latest_only.py
[2024-05-25T00:11:30.488+0000] {logging_mixin.py:188} INFO - [2024-05-25T00:11:30.488+0000] {dag.py:3096} INFO - Sync 1 DAGs
[2024-05-25T00:11:30.508+0000] {logging_mixin.py:188} INFO - [2024-05-25T00:11:30.508+0000] {dag.py:3954} INFO - Setting next_dagrun for latest_only to 2024-05-24 20:00:00+00:00, run_after=2024-05-25 00:00:00+00:00
[2024-05-25T00:11:30.526+0000] {processor.py:183} INFO - Processing /home/airflow/.local/lib/python3.12/site-packages/airflow/example_dags/example_latest_only.py took 0.071 seconds
[2024-05-25T00:12:01.415+0000] {processor.py:161} INFO - Started process (PID=39864) to work on /home/airflow/.local/lib/python3.12/site-packages/airflow/example_dags/example_latest_only.py
[2024-05-25T00:12:01.418+0000] {processor.py:830} INFO - Processing file /home/airflow/.local/lib/python3.12/site-packages/airflow/example_dags/example_latest_only.py for tasks to queue
[2024-05-25T00:12:01.419+0000] {logging_mixin.py:188} INFO - [2024-05-25T00:12:01.419+0000] {dagbag.py:545} INFO - Filling up the DagBag from /home/airflow/.local/lib/python3.12/site-packages/airflow/example_dags/example_latest_only.py
[2024-05-25T00:12:01.426+0000] {processor.py:840} INFO - DAG(s) 'latest_only' retrieved from /home/airflow/.local/lib/python3.12/site-packages/airflow/example_dags/example_latest_only.py
[2024-05-25T00:12:01.447+0000] {logging_mixin.py:188} INFO - [2024-05-25T00:12:01.446+0000] {dag.py:3096} INFO - Sync 1 DAGs
[2024-05-25T00:12:01.471+0000] {logging_mixin.py:188} INFO - [2024-05-25T00:12:01.470+0000] {dag.py:3954} INFO - Setting next_dagrun for latest_only to 2024-05-24 20:00:00+00:00, run_after=2024-05-25 00:00:00+00:00
[2024-05-25T00:12:01.489+0000] {processor.py:183} INFO - Processing /home/airflow/.local/lib/python3.12/site-packages/airflow/example_dags/example_latest_only.py took 0.080 seconds
[2024-05-25T00:12:48.153+0000] {processor.py:161} INFO - Started process (PID=39925) to work on /home/airflow/.local/lib/python3.12/site-packages/airflow/example_dags/example_latest_only.py
[2024-05-25T00:12:48.155+0000] {processor.py:830} INFO - Processing file /home/airflow/.local/lib/python3.12/site-packages/airflow/example_dags/example_latest_only.py for tasks to queue
[2024-05-25T00:12:48.156+0000] {logging_mixin.py:188} INFO - [2024-05-25T00:12:48.156+0000] {dagbag.py:545} INFO - Filling up the DagBag from /home/airflow/.local/lib/python3.12/site-packages/airflow/example_dags/example_latest_only.py
[2024-05-25T00:12:48.162+0000] {processor.py:840} INFO - DAG(s) 'latest_only' retrieved from /home/airflow/.local/lib/python3.12/site-packages/airflow/example_dags/example_latest_only.py
[2024-05-25T00:12:48.188+0000] {logging_mixin.py:188} INFO - [2024-05-25T00:12:48.187+0000] {dag.py:3096} INFO - Sync 1 DAGs
[2024-05-25T00:12:48.215+0000] {logging_mixin.py:188} INFO - [2024-05-25T00:12:48.214+0000] {dag.py:3954} INFO - Setting next_dagrun for latest_only to 2024-05-24 20:00:00+00:00, run_after=2024-05-25 00:00:00+00:00
[2024-05-25T00:12:48.239+0000] {processor.py:183} INFO - Processing /home/airflow/.local/lib/python3.12/site-packages/airflow/example_dags/example_latest_only.py took 0.093 seconds
[2024-05-25T00:14:13.932+0000] {processor.py:161} INFO - Started process (PID=39983) to work on /home/airflow/.local/lib/python3.12/site-packages/airflow/example_dags/example_latest_only.py
[2024-05-25T00:14:13.934+0000] {processor.py:830} INFO - Processing file /home/airflow/.local/lib/python3.12/site-packages/airflow/example_dags/example_latest_only.py for tasks to queue
[2024-05-25T00:14:13.936+0000] {logging_mixin.py:188} INFO - [2024-05-25T00:14:13.935+0000] {dagbag.py:545} INFO - Filling up the DagBag from /home/airflow/.local/lib/python3.12/site-packages/airflow/example_dags/example_latest_only.py
[2024-05-25T00:14:13.961+0000] {processor.py:840} INFO - DAG(s) 'latest_only' retrieved from /home/airflow/.local/lib/python3.12/site-packages/airflow/example_dags/example_latest_only.py
[2024-05-25T00:14:14.424+0000] {logging_mixin.py:188} INFO - [2024-05-25T00:14:14.424+0000] {dag.py:3096} INFO - Sync 1 DAGs
[2024-05-25T00:14:14.524+0000] {logging_mixin.py:188} INFO - [2024-05-25T00:14:14.523+0000] {dag.py:3954} INFO - Setting next_dagrun for latest_only to 2024-05-24 20:00:00+00:00, run_after=2024-05-25 00:00:00+00:00
[2024-05-25T00:14:14.587+0000] {processor.py:183} INFO - Processing /home/airflow/.local/lib/python3.12/site-packages/airflow/example_dags/example_latest_only.py took 0.677 seconds
[2024-05-25T00:14:45.425+0000] {processor.py:161} INFO - Started process (PID=40041) to work on /home/airflow/.local/lib/python3.12/site-packages/airflow/example_dags/example_latest_only.py
[2024-05-25T00:14:45.426+0000] {processor.py:830} INFO - Processing file /home/airflow/.local/lib/python3.12/site-packages/airflow/example_dags/example_latest_only.py for tasks to queue
[2024-05-25T00:14:45.427+0000] {logging_mixin.py:188} INFO - [2024-05-25T00:14:45.427+0000] {dagbag.py:545} INFO - Filling up the DagBag from /home/airflow/.local/lib/python3.12/site-packages/airflow/example_dags/example_latest_only.py
[2024-05-25T00:14:45.438+0000] {processor.py:840} INFO - DAG(s) 'latest_only' retrieved from /home/airflow/.local/lib/python3.12/site-packages/airflow/example_dags/example_latest_only.py
[2024-05-25T00:14:45.587+0000] {logging_mixin.py:188} INFO - [2024-05-25T00:14:45.587+0000] {dag.py:3096} INFO - Sync 1 DAGs
[2024-05-25T00:14:45.628+0000] {logging_mixin.py:188} INFO - [2024-05-25T00:14:45.627+0000] {dag.py:3954} INFO - Setting next_dagrun for latest_only to 2024-05-24 20:00:00+00:00, run_after=2024-05-25 00:00:00+00:00
[2024-05-25T00:14:45.673+0000] {processor.py:183} INFO - Processing /home/airflow/.local/lib/python3.12/site-packages/airflow/example_dags/example_latest_only.py took 0.257 seconds
[2024-05-25T00:15:21.966+0000] {processor.py:161} INFO - Started process (PID=40110) to work on /home/airflow/.local/lib/python3.12/site-packages/airflow/example_dags/example_latest_only.py
[2024-05-25T00:15:21.967+0000] {processor.py:830} INFO - Processing file /home/airflow/.local/lib/python3.12/site-packages/airflow/example_dags/example_latest_only.py for tasks to queue
[2024-05-25T00:15:21.969+0000] {logging_mixin.py:188} INFO - [2024-05-25T00:15:21.968+0000] {dagbag.py:545} INFO - Filling up the DagBag from /home/airflow/.local/lib/python3.12/site-packages/airflow/example_dags/example_latest_only.py
[2024-05-25T00:15:21.974+0000] {processor.py:840} INFO - DAG(s) 'latest_only' retrieved from /home/airflow/.local/lib/python3.12/site-packages/airflow/example_dags/example_latest_only.py
[2024-05-25T00:15:21.995+0000] {logging_mixin.py:188} INFO - [2024-05-25T00:15:21.994+0000] {dag.py:3096} INFO - Sync 1 DAGs
[2024-05-25T00:15:22.014+0000] {logging_mixin.py:188} INFO - [2024-05-25T00:15:22.014+0000] {dag.py:3954} INFO - Setting next_dagrun for latest_only to 2024-05-24 20:00:00+00:00, run_after=2024-05-25 00:00:00+00:00
[2024-05-25T00:15:22.032+0000] {processor.py:183} INFO - Processing /home/airflow/.local/lib/python3.12/site-packages/airflow/example_dags/example_latest_only.py took 0.072 seconds
[2024-05-25T00:15:53.802+0000] {processor.py:161} INFO - Started process (PID=40168) to work on /home/airflow/.local/lib/python3.12/site-packages/airflow/example_dags/example_latest_only.py
[2024-05-25T00:15:53.803+0000] {processor.py:830} INFO - Processing file /home/airflow/.local/lib/python3.12/site-packages/airflow/example_dags/example_latest_only.py for tasks to queue
[2024-05-25T00:15:53.804+0000] {logging_mixin.py:188} INFO - [2024-05-25T00:15:53.804+0000] {dagbag.py:545} INFO - Filling up the DagBag from /home/airflow/.local/lib/python3.12/site-packages/airflow/example_dags/example_latest_only.py
[2024-05-25T00:15:53.811+0000] {processor.py:840} INFO - DAG(s) 'latest_only' retrieved from /home/airflow/.local/lib/python3.12/site-packages/airflow/example_dags/example_latest_only.py
[2024-05-25T00:15:53.846+0000] {logging_mixin.py:188} INFO - [2024-05-25T00:15:53.845+0000] {dag.py:3096} INFO - Sync 1 DAGs
[2024-05-25T00:15:53.875+0000] {logging_mixin.py:188} INFO - [2024-05-25T00:15:53.874+0000] {dag.py:3954} INFO - Setting next_dagrun for latest_only to 2024-05-24 20:00:00+00:00, run_after=2024-05-25 00:00:00+00:00
[2024-05-25T00:15:53.895+0000] {processor.py:183} INFO - Processing /home/airflow/.local/lib/python3.12/site-packages/airflow/example_dags/example_latest_only.py took 0.098 seconds
[2024-05-25T00:16:26.649+0000] {processor.py:161} INFO - Started process (PID=40226) to work on /home/airflow/.local/lib/python3.12/site-packages/airflow/example_dags/example_latest_only.py
[2024-05-25T00:16:26.651+0000] {processor.py:830} INFO - Processing file /home/airflow/.local/lib/python3.12/site-packages/airflow/example_dags/example_latest_only.py for tasks to queue
[2024-05-25T00:16:26.652+0000] {logging_mixin.py:188} INFO - [2024-05-25T00:16:26.652+0000] {dagbag.py:545} INFO - Filling up the DagBag from /home/airflow/.local/lib/python3.12/site-packages/airflow/example_dags/example_latest_only.py
[2024-05-25T00:16:26.659+0000] {processor.py:840} INFO - DAG(s) 'latest_only' retrieved from /home/airflow/.local/lib/python3.12/site-packages/airflow/example_dags/example_latest_only.py
[2024-05-25T00:16:26.681+0000] {logging_mixin.py:188} INFO - [2024-05-25T00:16:26.681+0000] {dag.py:3096} INFO - Sync 1 DAGs
[2024-05-25T00:16:27.006+0000] {logging_mixin.py:188} INFO - [2024-05-25T00:16:27.006+0000] {dag.py:3954} INFO - Setting next_dagrun for latest_only to 2024-05-24 20:00:00+00:00, run_after=2024-05-25 00:00:00+00:00
[2024-05-25T00:16:27.035+0000] {processor.py:183} INFO - Processing /home/airflow/.local/lib/python3.12/site-packages/airflow/example_dags/example_latest_only.py took 0.392 seconds
[2024-05-25T00:16:57.689+0000] {processor.py:161} INFO - Started process (PID=40284) to work on /home/airflow/.local/lib/python3.12/site-packages/airflow/example_dags/example_latest_only.py
[2024-05-25T00:16:57.690+0000] {processor.py:830} INFO - Processing file /home/airflow/.local/lib/python3.12/site-packages/airflow/example_dags/example_latest_only.py for tasks to queue
[2024-05-25T00:16:57.692+0000] {logging_mixin.py:188} INFO - [2024-05-25T00:16:57.691+0000] {dagbag.py:545} INFO - Filling up the DagBag from /home/airflow/.local/lib/python3.12/site-packages/airflow/example_dags/example_latest_only.py
[2024-05-25T00:16:57.712+0000] {processor.py:840} INFO - DAG(s) 'latest_only' retrieved from /home/airflow/.local/lib/python3.12/site-packages/airflow/example_dags/example_latest_only.py
[2024-05-25T00:16:57.731+0000] {logging_mixin.py:188} INFO - [2024-05-25T00:16:57.730+0000] {dag.py:3096} INFO - Sync 1 DAGs
[2024-05-25T00:16:57.749+0000] {logging_mixin.py:188} INFO - [2024-05-25T00:16:57.749+0000] {dag.py:3954} INFO - Setting next_dagrun for latest_only to 2024-05-24 20:00:00+00:00, run_after=2024-05-25 00:00:00+00:00
[2024-05-25T00:16:57.903+0000] {processor.py:183} INFO - Processing /home/airflow/.local/lib/python3.12/site-packages/airflow/example_dags/example_latest_only.py took 0.219 seconds
[2024-05-25T00:17:28.553+0000] {processor.py:161} INFO - Started process (PID=40342) to work on /home/airflow/.local/lib/python3.12/site-packages/airflow/example_dags/example_latest_only.py
[2024-05-25T00:17:28.555+0000] {processor.py:830} INFO - Processing file /home/airflow/.local/lib/python3.12/site-packages/airflow/example_dags/example_latest_only.py for tasks to queue
[2024-05-25T00:17:28.556+0000] {logging_mixin.py:188} INFO - [2024-05-25T00:17:28.556+0000] {dagbag.py:545} INFO - Filling up the DagBag from /home/airflow/.local/lib/python3.12/site-packages/airflow/example_dags/example_latest_only.py
[2024-05-25T00:17:28.564+0000] {processor.py:840} INFO - DAG(s) 'latest_only' retrieved from /home/airflow/.local/lib/python3.12/site-packages/airflow/example_dags/example_latest_only.py
[2024-05-25T00:17:28.584+0000] {logging_mixin.py:188} INFO - [2024-05-25T00:17:28.584+0000] {dag.py:3096} INFO - Sync 1 DAGs
[2024-05-25T00:17:28.605+0000] {logging_mixin.py:188} INFO - [2024-05-25T00:17:28.605+0000] {dag.py:3954} INFO - Setting next_dagrun for latest_only to 2024-05-24 20:00:00+00:00, run_after=2024-05-25 00:00:00+00:00
[2024-05-25T00:17:28.625+0000] {processor.py:183} INFO - Processing /home/airflow/.local/lib/python3.12/site-packages/airflow/example_dags/example_latest_only.py took 0.078 seconds
[2024-05-25T00:17:59.363+0000] {processor.py:161} INFO - Started process (PID=40400) to work on /home/airflow/.local/lib/python3.12/site-packages/airflow/example_dags/example_latest_only.py
[2024-05-25T00:17:59.364+0000] {processor.py:830} INFO - Processing file /home/airflow/.local/lib/python3.12/site-packages/airflow/example_dags/example_latest_only.py for tasks to queue
[2024-05-25T00:17:59.365+0000] {logging_mixin.py:188} INFO - [2024-05-25T00:17:59.365+0000] {dagbag.py:545} INFO - Filling up the DagBag from /home/airflow/.local/lib/python3.12/site-packages/airflow/example_dags/example_latest_only.py
[2024-05-25T00:17:59.372+0000] {processor.py:840} INFO - DAG(s) 'latest_only' retrieved from /home/airflow/.local/lib/python3.12/site-packages/airflow/example_dags/example_latest_only.py
[2024-05-25T00:17:59.397+0000] {logging_mixin.py:188} INFO - [2024-05-25T00:17:59.397+0000] {dag.py:3096} INFO - Sync 1 DAGs
[2024-05-25T00:17:59.421+0000] {logging_mixin.py:188} INFO - [2024-05-25T00:17:59.421+0000] {dag.py:3954} INFO - Setting next_dagrun for latest_only to 2024-05-24 20:00:00+00:00, run_after=2024-05-25 00:00:00+00:00
[2024-05-25T00:17:59.443+0000] {processor.py:183} INFO - Processing /home/airflow/.local/lib/python3.12/site-packages/airflow/example_dags/example_latest_only.py took 0.086 seconds
