[2024-05-25T00:00:20.942+0000] {processor.py:161} INFO - Started process (PID=38643) to work on /home/airflow/.local/lib/python3.12/site-packages/airflow/example_dags/example_kubernetes_executor.py
[2024-05-25T00:00:20.944+0000] {processor.py:830} INFO - Processing file /home/airflow/.local/lib/python3.12/site-packages/airflow/example_dags/example_kubernetes_executor.py for tasks to queue
[2024-05-25T00:00:20.946+0000] {logging_mixin.py:188} INFO - [2024-05-25T00:00:20.946+0000] {dagbag.py:545} INFO - Filling up the DagBag from /home/airflow/.local/lib/python3.12/site-packages/airflow/example_dags/example_kubernetes_executor.py
[2024-05-25T00:00:20.962+0000] {processor.py:840} INFO - DAG(s) 'example_kubernetes_executor' retrieved from /home/airflow/.local/lib/python3.12/site-packages/airflow/example_dags/example_kubernetes_executor.py
[2024-05-25T00:00:21.011+0000] {logging_mixin.py:188} INFO - [2024-05-25T00:00:21.010+0000] {dag.py:3096} INFO - Sync 1 DAGs
[2024-05-25T00:00:21.027+0000] {logging_mixin.py:188} INFO - [2024-05-25T00:00:21.026+0000] {dag.py:3954} INFO - Setting next_dagrun for example_kubernetes_executor to None, run_after=None
[2024-05-25T00:00:21.053+0000] {processor.py:183} INFO - Processing /home/airflow/.local/lib/python3.12/site-packages/airflow/example_dags/example_kubernetes_executor.py took 0.117 seconds
[2024-05-25T00:00:51.111+0000] {processor.py:161} INFO - Started process (PID=38701) to work on /home/airflow/.local/lib/python3.12/site-packages/airflow/example_dags/example_kubernetes_executor.py
[2024-05-25T00:00:51.113+0000] {processor.py:830} INFO - Processing file /home/airflow/.local/lib/python3.12/site-packages/airflow/example_dags/example_kubernetes_executor.py for tasks to queue
[2024-05-25T00:00:51.116+0000] {logging_mixin.py:188} INFO - [2024-05-25T00:00:51.115+0000] {dagbag.py:545} INFO - Filling up the DagBag from /home/airflow/.local/lib/python3.12/site-packages/airflow/example_dags/example_kubernetes_executor.py
[2024-05-25T00:00:51.127+0000] {processor.py:840} INFO - DAG(s) 'example_kubernetes_executor' retrieved from /home/airflow/.local/lib/python3.12/site-packages/airflow/example_dags/example_kubernetes_executor.py
[2024-05-25T00:00:51.168+0000] {logging_mixin.py:188} INFO - [2024-05-25T00:00:51.168+0000] {dag.py:3096} INFO - Sync 1 DAGs
[2024-05-25T00:00:51.183+0000] {logging_mixin.py:188} INFO - [2024-05-25T00:00:51.183+0000] {dag.py:3954} INFO - Setting next_dagrun for example_kubernetes_executor to None, run_after=None
[2024-05-25T00:00:51.212+0000] {processor.py:183} INFO - Processing /home/airflow/.local/lib/python3.12/site-packages/airflow/example_dags/example_kubernetes_executor.py took 0.106 seconds
[2024-05-25T00:01:21.605+0000] {processor.py:161} INFO - Started process (PID=38759) to work on /home/airflow/.local/lib/python3.12/site-packages/airflow/example_dags/example_kubernetes_executor.py
[2024-05-25T00:01:21.606+0000] {processor.py:830} INFO - Processing file /home/airflow/.local/lib/python3.12/site-packages/airflow/example_dags/example_kubernetes_executor.py for tasks to queue
[2024-05-25T00:01:21.610+0000] {logging_mixin.py:188} INFO - [2024-05-25T00:01:21.610+0000] {dagbag.py:545} INFO - Filling up the DagBag from /home/airflow/.local/lib/python3.12/site-packages/airflow/example_dags/example_kubernetes_executor.py
[2024-05-25T00:01:21.632+0000] {processor.py:840} INFO - DAG(s) 'example_kubernetes_executor' retrieved from /home/airflow/.local/lib/python3.12/site-packages/airflow/example_dags/example_kubernetes_executor.py
[2024-05-25T00:01:21.680+0000] {logging_mixin.py:188} INFO - [2024-05-25T00:01:21.680+0000] {dag.py:3096} INFO - Sync 1 DAGs
[2024-05-25T00:01:21.695+0000] {logging_mixin.py:188} INFO - [2024-05-25T00:01:21.694+0000] {dag.py:3954} INFO - Setting next_dagrun for example_kubernetes_executor to None, run_after=None
[2024-05-25T00:01:21.721+0000] {processor.py:183} INFO - Processing /home/airflow/.local/lib/python3.12/site-packages/airflow/example_dags/example_kubernetes_executor.py took 0.122 seconds
[2024-05-25T00:01:52.498+0000] {processor.py:161} INFO - Started process (PID=38817) to work on /home/airflow/.local/lib/python3.12/site-packages/airflow/example_dags/example_kubernetes_executor.py
[2024-05-25T00:01:52.500+0000] {processor.py:830} INFO - Processing file /home/airflow/.local/lib/python3.12/site-packages/airflow/example_dags/example_kubernetes_executor.py for tasks to queue
[2024-05-25T00:01:52.503+0000] {logging_mixin.py:188} INFO - [2024-05-25T00:01:52.503+0000] {dagbag.py:545} INFO - Filling up the DagBag from /home/airflow/.local/lib/python3.12/site-packages/airflow/example_dags/example_kubernetes_executor.py
[2024-05-25T00:01:52.522+0000] {processor.py:840} INFO - DAG(s) 'example_kubernetes_executor' retrieved from /home/airflow/.local/lib/python3.12/site-packages/airflow/example_dags/example_kubernetes_executor.py
[2024-05-25T00:01:52.569+0000] {logging_mixin.py:188} INFO - [2024-05-25T00:01:52.568+0000] {dag.py:3096} INFO - Sync 1 DAGs
[2024-05-25T00:01:52.584+0000] {logging_mixin.py:188} INFO - [2024-05-25T00:01:52.584+0000] {dag.py:3954} INFO - Setting next_dagrun for example_kubernetes_executor to None, run_after=None
[2024-05-25T00:01:52.612+0000] {processor.py:183} INFO - Processing /home/airflow/.local/lib/python3.12/site-packages/airflow/example_dags/example_kubernetes_executor.py took 0.122 seconds
[2024-05-25T00:02:22.965+0000] {processor.py:161} INFO - Started process (PID=38881) to work on /home/airflow/.local/lib/python3.12/site-packages/airflow/example_dags/example_kubernetes_executor.py
[2024-05-25T00:02:22.970+0000] {processor.py:830} INFO - Processing file /home/airflow/.local/lib/python3.12/site-packages/airflow/example_dags/example_kubernetes_executor.py for tasks to queue
[2024-05-25T00:02:22.975+0000] {logging_mixin.py:188} INFO - [2024-05-25T00:02:22.974+0000] {dagbag.py:545} INFO - Filling up the DagBag from /home/airflow/.local/lib/python3.12/site-packages/airflow/example_dags/example_kubernetes_executor.py
[2024-05-25T00:02:22.994+0000] {processor.py:840} INFO - DAG(s) 'example_kubernetes_executor' retrieved from /home/airflow/.local/lib/python3.12/site-packages/airflow/example_dags/example_kubernetes_executor.py
[2024-05-25T00:02:23.070+0000] {logging_mixin.py:188} INFO - [2024-05-25T00:02:23.069+0000] {dag.py:3096} INFO - Sync 1 DAGs
[2024-05-25T00:02:23.127+0000] {logging_mixin.py:188} INFO - [2024-05-25T00:02:23.126+0000] {dag.py:3954} INFO - Setting next_dagrun for example_kubernetes_executor to None, run_after=None
[2024-05-25T00:02:23.186+0000] {processor.py:183} INFO - Processing /home/airflow/.local/lib/python3.12/site-packages/airflow/example_dags/example_kubernetes_executor.py took 0.226 seconds
[2024-05-25T00:02:53.828+0000] {processor.py:161} INFO - Started process (PID=38939) to work on /home/airflow/.local/lib/python3.12/site-packages/airflow/example_dags/example_kubernetes_executor.py
[2024-05-25T00:02:53.830+0000] {processor.py:830} INFO - Processing file /home/airflow/.local/lib/python3.12/site-packages/airflow/example_dags/example_kubernetes_executor.py for tasks to queue
[2024-05-25T00:02:53.837+0000] {logging_mixin.py:188} INFO - [2024-05-25T00:02:53.836+0000] {dagbag.py:545} INFO - Filling up the DagBag from /home/airflow/.local/lib/python3.12/site-packages/airflow/example_dags/example_kubernetes_executor.py
[2024-05-25T00:02:53.856+0000] {processor.py:840} INFO - DAG(s) 'example_kubernetes_executor' retrieved from /home/airflow/.local/lib/python3.12/site-packages/airflow/example_dags/example_kubernetes_executor.py
[2024-05-25T00:02:53.950+0000] {logging_mixin.py:188} INFO - [2024-05-25T00:02:53.949+0000] {dag.py:3096} INFO - Sync 1 DAGs
[2024-05-25T00:02:53.971+0000] {logging_mixin.py:188} INFO - [2024-05-25T00:02:53.970+0000] {dag.py:3954} INFO - Setting next_dagrun for example_kubernetes_executor to None, run_after=None
[2024-05-25T00:02:54.001+0000] {processor.py:183} INFO - Processing /home/airflow/.local/lib/python3.12/site-packages/airflow/example_dags/example_kubernetes_executor.py took 0.178 seconds
[2024-05-25T00:03:24.149+0000] {processor.py:161} INFO - Started process (PID=39002) to work on /home/airflow/.local/lib/python3.12/site-packages/airflow/example_dags/example_kubernetes_executor.py
[2024-05-25T00:03:24.150+0000] {processor.py:830} INFO - Processing file /home/airflow/.local/lib/python3.12/site-packages/airflow/example_dags/example_kubernetes_executor.py for tasks to queue
[2024-05-25T00:03:24.156+0000] {logging_mixin.py:188} INFO - [2024-05-25T00:03:24.155+0000] {dagbag.py:545} INFO - Filling up the DagBag from /home/airflow/.local/lib/python3.12/site-packages/airflow/example_dags/example_kubernetes_executor.py
[2024-05-25T00:03:24.172+0000] {processor.py:840} INFO - DAG(s) 'example_kubernetes_executor' retrieved from /home/airflow/.local/lib/python3.12/site-packages/airflow/example_dags/example_kubernetes_executor.py
[2024-05-25T00:03:24.216+0000] {logging_mixin.py:188} INFO - [2024-05-25T00:03:24.216+0000] {dag.py:3096} INFO - Sync 1 DAGs
[2024-05-25T00:03:24.232+0000] {logging_mixin.py:188} INFO - [2024-05-25T00:03:24.232+0000] {dag.py:3954} INFO - Setting next_dagrun for example_kubernetes_executor to None, run_after=None
[2024-05-25T00:03:24.258+0000] {processor.py:183} INFO - Processing /home/airflow/.local/lib/python3.12/site-packages/airflow/example_dags/example_kubernetes_executor.py took 0.117 seconds
[2024-05-25T00:03:54.312+0000] {processor.py:161} INFO - Started process (PID=39059) to work on /home/airflow/.local/lib/python3.12/site-packages/airflow/example_dags/example_kubernetes_executor.py
[2024-05-25T00:03:54.313+0000] {processor.py:830} INFO - Processing file /home/airflow/.local/lib/python3.12/site-packages/airflow/example_dags/example_kubernetes_executor.py for tasks to queue
[2024-05-25T00:03:54.316+0000] {logging_mixin.py:188} INFO - [2024-05-25T00:03:54.315+0000] {dagbag.py:545} INFO - Filling up the DagBag from /home/airflow/.local/lib/python3.12/site-packages/airflow/example_dags/example_kubernetes_executor.py
[2024-05-25T00:03:54.328+0000] {processor.py:840} INFO - DAG(s) 'example_kubernetes_executor' retrieved from /home/airflow/.local/lib/python3.12/site-packages/airflow/example_dags/example_kubernetes_executor.py
[2024-05-25T00:03:54.369+0000] {logging_mixin.py:188} INFO - [2024-05-25T00:03:54.369+0000] {dag.py:3096} INFO - Sync 1 DAGs
[2024-05-25T00:03:54.385+0000] {logging_mixin.py:188} INFO - [2024-05-25T00:03:54.384+0000] {dag.py:3954} INFO - Setting next_dagrun for example_kubernetes_executor to None, run_after=None
[2024-05-25T00:03:54.412+0000] {processor.py:183} INFO - Processing /home/airflow/.local/lib/python3.12/site-packages/airflow/example_dags/example_kubernetes_executor.py took 0.107 seconds
[2024-05-25T00:04:24.616+0000] {processor.py:161} INFO - Started process (PID=39117) to work on /home/airflow/.local/lib/python3.12/site-packages/airflow/example_dags/example_kubernetes_executor.py
[2024-05-25T00:04:24.618+0000] {processor.py:830} INFO - Processing file /home/airflow/.local/lib/python3.12/site-packages/airflow/example_dags/example_kubernetes_executor.py for tasks to queue
[2024-05-25T00:04:24.620+0000] {logging_mixin.py:188} INFO - [2024-05-25T00:04:24.620+0000] {dagbag.py:545} INFO - Filling up the DagBag from /home/airflow/.local/lib/python3.12/site-packages/airflow/example_dags/example_kubernetes_executor.py
[2024-05-25T00:04:24.632+0000] {processor.py:840} INFO - DAG(s) 'example_kubernetes_executor' retrieved from /home/airflow/.local/lib/python3.12/site-packages/airflow/example_dags/example_kubernetes_executor.py
[2024-05-25T00:04:24.708+0000] {logging_mixin.py:188} INFO - [2024-05-25T00:04:24.708+0000] {dag.py:3096} INFO - Sync 1 DAGs
[2024-05-25T00:04:24.723+0000] {logging_mixin.py:188} INFO - [2024-05-25T00:04:24.723+0000] {dag.py:3954} INFO - Setting next_dagrun for example_kubernetes_executor to None, run_after=None
[2024-05-25T00:04:24.740+0000] {processor.py:183} INFO - Processing /home/airflow/.local/lib/python3.12/site-packages/airflow/example_dags/example_kubernetes_executor.py took 0.131 seconds
[2024-05-25T00:04:59.587+0000] {processor.py:161} INFO - Started process (PID=39167) to work on /home/airflow/.local/lib/python3.12/site-packages/airflow/example_dags/example_kubernetes_executor.py
[2024-05-25T00:04:59.589+0000] {processor.py:830} INFO - Processing file /home/airflow/.local/lib/python3.12/site-packages/airflow/example_dags/example_kubernetes_executor.py for tasks to queue
[2024-05-25T00:04:59.593+0000] {logging_mixin.py:188} INFO - [2024-05-25T00:04:59.591+0000] {dagbag.py:545} INFO - Filling up the DagBag from /home/airflow/.local/lib/python3.12/site-packages/airflow/example_dags/example_kubernetes_executor.py
[2024-05-25T00:04:59.617+0000] {processor.py:840} INFO - DAG(s) 'example_kubernetes_executor' retrieved from /home/airflow/.local/lib/python3.12/site-packages/airflow/example_dags/example_kubernetes_executor.py
[2024-05-25T00:05:00.660+0000] {logging_mixin.py:188} INFO - [2024-05-25T00:05:00.659+0000] {dag.py:3096} INFO - Sync 1 DAGs
[2024-05-25T00:05:00.680+0000] {logging_mixin.py:188} INFO - [2024-05-25T00:05:00.679+0000] {dag.py:3954} INFO - Setting next_dagrun for example_kubernetes_executor to None, run_after=None
[2024-05-25T00:05:00.753+0000] {processor.py:183} INFO - Processing /home/airflow/.local/lib/python3.12/site-packages/airflow/example_dags/example_kubernetes_executor.py took 1.177 seconds
[2024-05-25T00:05:31.211+0000] {processor.py:161} INFO - Started process (PID=39225) to work on /home/airflow/.local/lib/python3.12/site-packages/airflow/example_dags/example_kubernetes_executor.py
[2024-05-25T00:05:31.212+0000] {processor.py:830} INFO - Processing file /home/airflow/.local/lib/python3.12/site-packages/airflow/example_dags/example_kubernetes_executor.py for tasks to queue
[2024-05-25T00:05:31.214+0000] {logging_mixin.py:188} INFO - [2024-05-25T00:05:31.214+0000] {dagbag.py:545} INFO - Filling up the DagBag from /home/airflow/.local/lib/python3.12/site-packages/airflow/example_dags/example_kubernetes_executor.py
[2024-05-25T00:05:31.240+0000] {processor.py:840} INFO - DAG(s) 'example_kubernetes_executor' retrieved from /home/airflow/.local/lib/python3.12/site-packages/airflow/example_dags/example_kubernetes_executor.py
[2024-05-25T00:05:31.296+0000] {logging_mixin.py:188} INFO - [2024-05-25T00:05:31.295+0000] {dag.py:3096} INFO - Sync 1 DAGs
[2024-05-25T00:05:31.311+0000] {logging_mixin.py:188} INFO - [2024-05-25T00:05:31.310+0000] {dag.py:3954} INFO - Setting next_dagrun for example_kubernetes_executor to None, run_after=None
[2024-05-25T00:05:31.339+0000] {processor.py:183} INFO - Processing /home/airflow/.local/lib/python3.12/site-packages/airflow/example_dags/example_kubernetes_executor.py took 0.135 seconds
[2024-05-25T00:06:01.474+0000] {processor.py:161} INFO - Started process (PID=39283) to work on /home/airflow/.local/lib/python3.12/site-packages/airflow/example_dags/example_kubernetes_executor.py
[2024-05-25T00:06:01.475+0000] {processor.py:830} INFO - Processing file /home/airflow/.local/lib/python3.12/site-packages/airflow/example_dags/example_kubernetes_executor.py for tasks to queue
[2024-05-25T00:06:01.477+0000] {logging_mixin.py:188} INFO - [2024-05-25T00:06:01.477+0000] {dagbag.py:545} INFO - Filling up the DagBag from /home/airflow/.local/lib/python3.12/site-packages/airflow/example_dags/example_kubernetes_executor.py
[2024-05-25T00:06:01.490+0000] {processor.py:840} INFO - DAG(s) 'example_kubernetes_executor' retrieved from /home/airflow/.local/lib/python3.12/site-packages/airflow/example_dags/example_kubernetes_executor.py
[2024-05-25T00:06:01.534+0000] {logging_mixin.py:188} INFO - [2024-05-25T00:06:01.534+0000] {dag.py:3096} INFO - Sync 1 DAGs
[2024-05-25T00:06:01.547+0000] {logging_mixin.py:188} INFO - [2024-05-25T00:06:01.546+0000] {dag.py:3954} INFO - Setting next_dagrun for example_kubernetes_executor to None, run_after=None
[2024-05-25T00:06:01.566+0000] {processor.py:183} INFO - Processing /home/airflow/.local/lib/python3.12/site-packages/airflow/example_dags/example_kubernetes_executor.py took 0.098 seconds
[2024-05-25T00:06:31.673+0000] {processor.py:161} INFO - Started process (PID=39341) to work on /home/airflow/.local/lib/python3.12/site-packages/airflow/example_dags/example_kubernetes_executor.py
[2024-05-25T00:06:31.674+0000] {processor.py:830} INFO - Processing file /home/airflow/.local/lib/python3.12/site-packages/airflow/example_dags/example_kubernetes_executor.py for tasks to queue
[2024-05-25T00:06:31.676+0000] {logging_mixin.py:188} INFO - [2024-05-25T00:06:31.676+0000] {dagbag.py:545} INFO - Filling up the DagBag from /home/airflow/.local/lib/python3.12/site-packages/airflow/example_dags/example_kubernetes_executor.py
[2024-05-25T00:06:31.689+0000] {processor.py:840} INFO - DAG(s) 'example_kubernetes_executor' retrieved from /home/airflow/.local/lib/python3.12/site-packages/airflow/example_dags/example_kubernetes_executor.py
[2024-05-25T00:06:31.737+0000] {logging_mixin.py:188} INFO - [2024-05-25T00:06:31.737+0000] {dag.py:3096} INFO - Sync 1 DAGs
[2024-05-25T00:06:31.748+0000] {logging_mixin.py:188} INFO - [2024-05-25T00:06:31.748+0000] {dag.py:3954} INFO - Setting next_dagrun for example_kubernetes_executor to None, run_after=None
[2024-05-25T00:06:31.766+0000] {processor.py:183} INFO - Processing /home/airflow/.local/lib/python3.12/site-packages/airflow/example_dags/example_kubernetes_executor.py took 0.098 seconds
[2024-05-25T00:07:02.188+0000] {processor.py:161} INFO - Started process (PID=39399) to work on /home/airflow/.local/lib/python3.12/site-packages/airflow/example_dags/example_kubernetes_executor.py
[2024-05-25T00:07:02.191+0000] {processor.py:830} INFO - Processing file /home/airflow/.local/lib/python3.12/site-packages/airflow/example_dags/example_kubernetes_executor.py for tasks to queue
[2024-05-25T00:07:02.195+0000] {logging_mixin.py:188} INFO - [2024-05-25T00:07:02.194+0000] {dagbag.py:545} INFO - Filling up the DagBag from /home/airflow/.local/lib/python3.12/site-packages/airflow/example_dags/example_kubernetes_executor.py
[2024-05-25T00:07:02.217+0000] {processor.py:840} INFO - DAG(s) 'example_kubernetes_executor' retrieved from /home/airflow/.local/lib/python3.12/site-packages/airflow/example_dags/example_kubernetes_executor.py
[2024-05-25T00:07:02.276+0000] {logging_mixin.py:188} INFO - [2024-05-25T00:07:02.276+0000] {dag.py:3096} INFO - Sync 1 DAGs
[2024-05-25T00:07:02.296+0000] {logging_mixin.py:188} INFO - [2024-05-25T00:07:02.295+0000] {dag.py:3954} INFO - Setting next_dagrun for example_kubernetes_executor to None, run_after=None
[2024-05-25T00:07:02.322+0000] {processor.py:183} INFO - Processing /home/airflow/.local/lib/python3.12/site-packages/airflow/example_dags/example_kubernetes_executor.py took 0.147 seconds
[2024-05-25T00:07:32.577+0000] {processor.py:161} INFO - Started process (PID=39457) to work on /home/airflow/.local/lib/python3.12/site-packages/airflow/example_dags/example_kubernetes_executor.py
[2024-05-25T00:07:32.578+0000] {processor.py:830} INFO - Processing file /home/airflow/.local/lib/python3.12/site-packages/airflow/example_dags/example_kubernetes_executor.py for tasks to queue
[2024-05-25T00:07:32.580+0000] {logging_mixin.py:188} INFO - [2024-05-25T00:07:32.580+0000] {dagbag.py:545} INFO - Filling up the DagBag from /home/airflow/.local/lib/python3.12/site-packages/airflow/example_dags/example_kubernetes_executor.py
[2024-05-25T00:07:32.598+0000] {processor.py:840} INFO - DAG(s) 'example_kubernetes_executor' retrieved from /home/airflow/.local/lib/python3.12/site-packages/airflow/example_dags/example_kubernetes_executor.py
[2024-05-25T00:07:32.651+0000] {logging_mixin.py:188} INFO - [2024-05-25T00:07:32.651+0000] {dag.py:3096} INFO - Sync 1 DAGs
[2024-05-25T00:07:32.664+0000] {logging_mixin.py:188} INFO - [2024-05-25T00:07:32.664+0000] {dag.py:3954} INFO - Setting next_dagrun for example_kubernetes_executor to None, run_after=None
[2024-05-25T00:07:32.684+0000] {processor.py:183} INFO - Processing /home/airflow/.local/lib/python3.12/site-packages/airflow/example_dags/example_kubernetes_executor.py took 0.113 seconds
[2024-05-25T00:08:04.900+0000] {processor.py:161} INFO - Started process (PID=39515) to work on /home/airflow/.local/lib/python3.12/site-packages/airflow/example_dags/example_kubernetes_executor.py
[2024-05-25T00:08:04.909+0000] {processor.py:830} INFO - Processing file /home/airflow/.local/lib/python3.12/site-packages/airflow/example_dags/example_kubernetes_executor.py for tasks to queue
[2024-05-25T00:08:04.920+0000] {logging_mixin.py:188} INFO - [2024-05-25T00:08:04.916+0000] {dagbag.py:545} INFO - Filling up the DagBag from /home/airflow/.local/lib/python3.12/site-packages/airflow/example_dags/example_kubernetes_executor.py
[2024-05-25T00:08:04.992+0000] {processor.py:840} INFO - DAG(s) 'example_kubernetes_executor' retrieved from /home/airflow/.local/lib/python3.12/site-packages/airflow/example_dags/example_kubernetes_executor.py
[2024-05-25T00:08:05.234+0000] {logging_mixin.py:188} INFO - [2024-05-25T00:08:05.232+0000] {dag.py:3096} INFO - Sync 1 DAGs
[2024-05-25T00:08:05.324+0000] {logging_mixin.py:188} INFO - [2024-05-25T00:08:05.322+0000] {dag.py:3954} INFO - Setting next_dagrun for example_kubernetes_executor to None, run_after=None
[2024-05-25T00:08:05.533+0000] {processor.py:183} INFO - Processing /home/airflow/.local/lib/python3.12/site-packages/airflow/example_dags/example_kubernetes_executor.py took 0.669 seconds
[2024-05-25T00:08:41.568+0000] {processor.py:161} INFO - Started process (PID=39579) to work on /home/airflow/.local/lib/python3.12/site-packages/airflow/example_dags/example_kubernetes_executor.py
[2024-05-25T00:08:41.573+0000] {processor.py:830} INFO - Processing file /home/airflow/.local/lib/python3.12/site-packages/airflow/example_dags/example_kubernetes_executor.py for tasks to queue
[2024-05-25T00:08:41.582+0000] {logging_mixin.py:188} INFO - [2024-05-25T00:08:41.579+0000] {dagbag.py:545} INFO - Filling up the DagBag from /home/airflow/.local/lib/python3.12/site-packages/airflow/example_dags/example_kubernetes_executor.py
[2024-05-25T00:08:41.644+0000] {processor.py:840} INFO - DAG(s) 'example_kubernetes_executor' retrieved from /home/airflow/.local/lib/python3.12/site-packages/airflow/example_dags/example_kubernetes_executor.py
[2024-05-25T00:08:43.452+0000] {logging_mixin.py:188} INFO - [2024-05-25T00:08:43.429+0000] {dag.py:3096} INFO - Sync 1 DAGs
[2024-05-25T00:08:43.496+0000] {logging_mixin.py:188} INFO - [2024-05-25T00:08:43.496+0000] {dag.py:3954} INFO - Setting next_dagrun for example_kubernetes_executor to None, run_after=None
[2024-05-25T00:08:43.547+0000] {processor.py:183} INFO - Processing /home/airflow/.local/lib/python3.12/site-packages/airflow/example_dags/example_kubernetes_executor.py took 2.014 seconds
[2024-05-25T00:09:54.786+0000] {processor.py:161} INFO - Started process (PID=39620) to work on /home/airflow/.local/lib/python3.12/site-packages/airflow/example_dags/example_kubernetes_executor.py
[2024-05-25T00:09:54.789+0000] {processor.py:830} INFO - Processing file /home/airflow/.local/lib/python3.12/site-packages/airflow/example_dags/example_kubernetes_executor.py for tasks to queue
[2024-05-25T00:09:54.797+0000] {logging_mixin.py:188} INFO - [2024-05-25T00:09:54.796+0000] {dagbag.py:545} INFO - Filling up the DagBag from /home/airflow/.local/lib/python3.12/site-packages/airflow/example_dags/example_kubernetes_executor.py
[2024-05-25T00:09:54.845+0000] {processor.py:840} INFO - DAG(s) 'example_kubernetes_executor' retrieved from /home/airflow/.local/lib/python3.12/site-packages/airflow/example_dags/example_kubernetes_executor.py
[2024-05-25T00:09:54.901+0000] {logging_mixin.py:188} INFO - [2024-05-25T00:09:54.900+0000] {dag.py:3096} INFO - Sync 1 DAGs
[2024-05-25T00:09:54.918+0000] {logging_mixin.py:188} INFO - [2024-05-25T00:09:54.918+0000] {dag.py:3954} INFO - Setting next_dagrun for example_kubernetes_executor to None, run_after=None
[2024-05-25T00:09:54.946+0000] {processor.py:183} INFO - Processing /home/airflow/.local/lib/python3.12/site-packages/airflow/example_dags/example_kubernetes_executor.py took 0.185 seconds
[2024-05-25T00:10:25.636+0000] {processor.py:161} INFO - Started process (PID=39678) to work on /home/airflow/.local/lib/python3.12/site-packages/airflow/example_dags/example_kubernetes_executor.py
[2024-05-25T00:10:25.639+0000] {processor.py:830} INFO - Processing file /home/airflow/.local/lib/python3.12/site-packages/airflow/example_dags/example_kubernetes_executor.py for tasks to queue
[2024-05-25T00:10:25.643+0000] {logging_mixin.py:188} INFO - [2024-05-25T00:10:25.642+0000] {dagbag.py:545} INFO - Filling up the DagBag from /home/airflow/.local/lib/python3.12/site-packages/airflow/example_dags/example_kubernetes_executor.py
[2024-05-25T00:10:25.675+0000] {processor.py:840} INFO - DAG(s) 'example_kubernetes_executor' retrieved from /home/airflow/.local/lib/python3.12/site-packages/airflow/example_dags/example_kubernetes_executor.py
[2024-05-25T00:10:25.871+0000] {logging_mixin.py:188} INFO - [2024-05-25T00:10:25.870+0000] {dag.py:3096} INFO - Sync 1 DAGs
[2024-05-25T00:10:25.896+0000] {logging_mixin.py:188} INFO - [2024-05-25T00:10:25.896+0000] {dag.py:3954} INFO - Setting next_dagrun for example_kubernetes_executor to None, run_after=None
[2024-05-25T00:10:25.950+0000] {processor.py:183} INFO - Processing /home/airflow/.local/lib/python3.12/site-packages/airflow/example_dags/example_kubernetes_executor.py took 0.342 seconds
[2024-05-25T00:10:56.248+0000] {processor.py:161} INFO - Started process (PID=39736) to work on /home/airflow/.local/lib/python3.12/site-packages/airflow/example_dags/example_kubernetes_executor.py
[2024-05-25T00:10:56.250+0000] {processor.py:830} INFO - Processing file /home/airflow/.local/lib/python3.12/site-packages/airflow/example_dags/example_kubernetes_executor.py for tasks to queue
[2024-05-25T00:10:56.251+0000] {logging_mixin.py:188} INFO - [2024-05-25T00:10:56.251+0000] {dagbag.py:545} INFO - Filling up the DagBag from /home/airflow/.local/lib/python3.12/site-packages/airflow/example_dags/example_kubernetes_executor.py
[2024-05-25T00:10:56.265+0000] {processor.py:840} INFO - DAG(s) 'example_kubernetes_executor' retrieved from /home/airflow/.local/lib/python3.12/site-packages/airflow/example_dags/example_kubernetes_executor.py
[2024-05-25T00:10:56.328+0000] {logging_mixin.py:188} INFO - [2024-05-25T00:10:56.327+0000] {dag.py:3096} INFO - Sync 1 DAGs
[2024-05-25T00:10:56.343+0000] {logging_mixin.py:188} INFO - [2024-05-25T00:10:56.343+0000] {dag.py:3954} INFO - Setting next_dagrun for example_kubernetes_executor to None, run_after=None
[2024-05-25T00:10:56.375+0000] {processor.py:183} INFO - Processing /home/airflow/.local/lib/python3.12/site-packages/airflow/example_dags/example_kubernetes_executor.py took 0.133 seconds
[2024-05-25T00:11:26.481+0000] {processor.py:161} INFO - Started process (PID=39794) to work on /home/airflow/.local/lib/python3.12/site-packages/airflow/example_dags/example_kubernetes_executor.py
[2024-05-25T00:11:26.483+0000] {processor.py:830} INFO - Processing file /home/airflow/.local/lib/python3.12/site-packages/airflow/example_dags/example_kubernetes_executor.py for tasks to queue
[2024-05-25T00:11:26.484+0000] {logging_mixin.py:188} INFO - [2024-05-25T00:11:26.484+0000] {dagbag.py:545} INFO - Filling up the DagBag from /home/airflow/.local/lib/python3.12/site-packages/airflow/example_dags/example_kubernetes_executor.py
[2024-05-25T00:11:26.496+0000] {processor.py:840} INFO - DAG(s) 'example_kubernetes_executor' retrieved from /home/airflow/.local/lib/python3.12/site-packages/airflow/example_dags/example_kubernetes_executor.py
[2024-05-25T00:11:26.549+0000] {logging_mixin.py:188} INFO - [2024-05-25T00:11:26.548+0000] {dag.py:3096} INFO - Sync 1 DAGs
[2024-05-25T00:11:26.561+0000] {logging_mixin.py:188} INFO - [2024-05-25T00:11:26.560+0000] {dag.py:3954} INFO - Setting next_dagrun for example_kubernetes_executor to None, run_after=None
[2024-05-25T00:11:26.583+0000] {processor.py:183} INFO - Processing /home/airflow/.local/lib/python3.12/site-packages/airflow/example_dags/example_kubernetes_executor.py took 0.107 seconds
[2024-05-25T00:11:57.395+0000] {processor.py:161} INFO - Started process (PID=39852) to work on /home/airflow/.local/lib/python3.12/site-packages/airflow/example_dags/example_kubernetes_executor.py
[2024-05-25T00:11:57.396+0000] {processor.py:830} INFO - Processing file /home/airflow/.local/lib/python3.12/site-packages/airflow/example_dags/example_kubernetes_executor.py for tasks to queue
[2024-05-25T00:11:57.398+0000] {logging_mixin.py:188} INFO - [2024-05-25T00:11:57.398+0000] {dagbag.py:545} INFO - Filling up the DagBag from /home/airflow/.local/lib/python3.12/site-packages/airflow/example_dags/example_kubernetes_executor.py
[2024-05-25T00:11:57.411+0000] {processor.py:840} INFO - DAG(s) 'example_kubernetes_executor' retrieved from /home/airflow/.local/lib/python3.12/site-packages/airflow/example_dags/example_kubernetes_executor.py
[2024-05-25T00:11:57.476+0000] {logging_mixin.py:188} INFO - [2024-05-25T00:11:57.475+0000] {dag.py:3096} INFO - Sync 1 DAGs
[2024-05-25T00:11:57.493+0000] {logging_mixin.py:188} INFO - [2024-05-25T00:11:57.493+0000] {dag.py:3954} INFO - Setting next_dagrun for example_kubernetes_executor to None, run_after=None
[2024-05-25T00:11:57.526+0000] {processor.py:183} INFO - Processing /home/airflow/.local/lib/python3.12/site-packages/airflow/example_dags/example_kubernetes_executor.py took 0.136 seconds
[2024-05-25T00:12:47.042+0000] {processor.py:161} INFO - Started process (PID=39913) to work on /home/airflow/.local/lib/python3.12/site-packages/airflow/example_dags/example_kubernetes_executor.py
[2024-05-25T00:12:47.043+0000] {processor.py:830} INFO - Processing file /home/airflow/.local/lib/python3.12/site-packages/airflow/example_dags/example_kubernetes_executor.py for tasks to queue
[2024-05-25T00:12:47.045+0000] {logging_mixin.py:188} INFO - [2024-05-25T00:12:47.044+0000] {dagbag.py:545} INFO - Filling up the DagBag from /home/airflow/.local/lib/python3.12/site-packages/airflow/example_dags/example_kubernetes_executor.py
[2024-05-25T00:12:47.059+0000] {processor.py:840} INFO - DAG(s) 'example_kubernetes_executor' retrieved from /home/airflow/.local/lib/python3.12/site-packages/airflow/example_dags/example_kubernetes_executor.py
[2024-05-25T00:12:47.117+0000] {logging_mixin.py:188} INFO - [2024-05-25T00:12:47.117+0000] {dag.py:3096} INFO - Sync 1 DAGs
[2024-05-25T00:12:47.133+0000] {logging_mixin.py:188} INFO - [2024-05-25T00:12:47.132+0000] {dag.py:3954} INFO - Setting next_dagrun for example_kubernetes_executor to None, run_after=None
[2024-05-25T00:12:47.156+0000] {processor.py:183} INFO - Processing /home/airflow/.local/lib/python3.12/site-packages/airflow/example_dags/example_kubernetes_executor.py took 0.121 seconds
[2024-05-25T00:13:18.312+0000] {processor.py:161} INFO - Started process (PID=39971) to work on /home/airflow/.local/lib/python3.12/site-packages/airflow/example_dags/example_kubernetes_executor.py
[2024-05-25T00:13:18.314+0000] {processor.py:830} INFO - Processing file /home/airflow/.local/lib/python3.12/site-packages/airflow/example_dags/example_kubernetes_executor.py for tasks to queue
[2024-05-25T00:13:18.315+0000] {logging_mixin.py:188} INFO - [2024-05-25T00:13:18.314+0000] {dagbag.py:545} INFO - Filling up the DagBag from /home/airflow/.local/lib/python3.12/site-packages/airflow/example_dags/example_kubernetes_executor.py
[2024-05-25T00:13:18.332+0000] {processor.py:840} INFO - DAG(s) 'example_kubernetes_executor' retrieved from /home/airflow/.local/lib/python3.12/site-packages/airflow/example_dags/example_kubernetes_executor.py
[2024-05-25T00:13:18.424+0000] {logging_mixin.py:188} INFO - [2024-05-25T00:13:18.424+0000] {dag.py:3096} INFO - Sync 1 DAGs
[2024-05-25T00:13:18.460+0000] {logging_mixin.py:188} INFO - [2024-05-25T00:13:18.460+0000] {dag.py:3954} INFO - Setting next_dagrun for example_kubernetes_executor to None, run_after=None
[2024-05-25T00:13:18.519+0000] {processor.py:183} INFO - Processing /home/airflow/.local/lib/python3.12/site-packages/airflow/example_dags/example_kubernetes_executor.py took 0.213 seconds
[2024-05-25T00:14:18.687+0000] {processor.py:161} INFO - Started process (PID=40023) to work on /home/airflow/.local/lib/python3.12/site-packages/airflow/example_dags/example_kubernetes_executor.py
[2024-05-25T00:14:18.689+0000] {processor.py:830} INFO - Processing file /home/airflow/.local/lib/python3.12/site-packages/airflow/example_dags/example_kubernetes_executor.py for tasks to queue
[2024-05-25T00:14:18.690+0000] {logging_mixin.py:188} INFO - [2024-05-25T00:14:18.690+0000] {dagbag.py:545} INFO - Filling up the DagBag from /home/airflow/.local/lib/python3.12/site-packages/airflow/example_dags/example_kubernetes_executor.py
[2024-05-25T00:14:18.704+0000] {processor.py:840} INFO - DAG(s) 'example_kubernetes_executor' retrieved from /home/airflow/.local/lib/python3.12/site-packages/airflow/example_dags/example_kubernetes_executor.py
[2024-05-25T00:14:18.752+0000] {logging_mixin.py:188} INFO - [2024-05-25T00:14:18.751+0000] {dag.py:3096} INFO - Sync 1 DAGs
[2024-05-25T00:14:18.773+0000] {logging_mixin.py:188} INFO - [2024-05-25T00:14:18.772+0000] {dag.py:3954} INFO - Setting next_dagrun for example_kubernetes_executor to None, run_after=None
[2024-05-25T00:14:18.805+0000] {processor.py:183} INFO - Processing /home/airflow/.local/lib/python3.12/site-packages/airflow/example_dags/example_kubernetes_executor.py took 0.125 seconds
[2024-05-25T00:15:20.768+0000] {processor.py:161} INFO - Started process (PID=40095) to work on /home/airflow/.local/lib/python3.12/site-packages/airflow/example_dags/example_kubernetes_executor.py
[2024-05-25T00:15:20.769+0000] {processor.py:830} INFO - Processing file /home/airflow/.local/lib/python3.12/site-packages/airflow/example_dags/example_kubernetes_executor.py for tasks to queue
[2024-05-25T00:15:20.770+0000] {logging_mixin.py:188} INFO - [2024-05-25T00:15:20.770+0000] {dagbag.py:545} INFO - Filling up the DagBag from /home/airflow/.local/lib/python3.12/site-packages/airflow/example_dags/example_kubernetes_executor.py
[2024-05-25T00:15:20.783+0000] {processor.py:840} INFO - DAG(s) 'example_kubernetes_executor' retrieved from /home/airflow/.local/lib/python3.12/site-packages/airflow/example_dags/example_kubernetes_executor.py
[2024-05-25T00:15:20.845+0000] {logging_mixin.py:188} INFO - [2024-05-25T00:15:20.844+0000] {dag.py:3096} INFO - Sync 1 DAGs
[2024-05-25T00:15:20.858+0000] {logging_mixin.py:188} INFO - [2024-05-25T00:15:20.857+0000] {dag.py:3954} INFO - Setting next_dagrun for example_kubernetes_executor to None, run_after=None
[2024-05-25T00:15:20.881+0000] {processor.py:183} INFO - Processing /home/airflow/.local/lib/python3.12/site-packages/airflow/example_dags/example_kubernetes_executor.py took 0.119 seconds
