[2024-05-25T00:00:11.169+0000] {processor.py:161} INFO - Started process (PID=38622) to work on /home/airflow/.local/lib/python3.12/site-packages/airflow/example_dags/example_branch_operator.py
[2024-05-25T00:00:11.171+0000] {processor.py:830} INFO - Processing file /home/airflow/.local/lib/python3.12/site-packages/airflow/example_dags/example_branch_operator.py for tasks to queue
[2024-05-25T00:00:11.173+0000] {logging_mixin.py:188} INFO - [2024-05-25T00:00:11.173+0000] {dagbag.py:545} INFO - Filling up the DagBag from /home/airflow/.local/lib/python3.12/site-packages/airflow/example_dags/example_branch_operator.py
[2024-05-25T00:00:11.190+0000] {processor.py:840} INFO - DAG(s) 'example_branch_operator' retrieved from /home/airflow/.local/lib/python3.12/site-packages/airflow/example_dags/example_branch_operator.py
[2024-05-25T00:00:11.223+0000] {logging_mixin.py:188} INFO - [2024-05-25T00:00:11.222+0000] {dag.py:3096} INFO - Sync 1 DAGs
[2024-05-25T00:00:11.248+0000] {logging_mixin.py:188} INFO - [2024-05-25T00:00:11.248+0000] {dag.py:3954} INFO - Setting next_dagrun for example_branch_operator to 2024-05-24 00:00:00+00:00, run_after=2024-05-25 00:00:00+00:00
[2024-05-25T00:00:11.272+0000] {processor.py:183} INFO - Processing /home/airflow/.local/lib/python3.12/site-packages/airflow/example_dags/example_branch_operator.py took 0.109 seconds
[2024-05-25T00:00:41.377+0000] {processor.py:161} INFO - Started process (PID=38680) to work on /home/airflow/.local/lib/python3.12/site-packages/airflow/example_dags/example_branch_operator.py
[2024-05-25T00:00:41.378+0000] {processor.py:830} INFO - Processing file /home/airflow/.local/lib/python3.12/site-packages/airflow/example_dags/example_branch_operator.py for tasks to queue
[2024-05-25T00:00:41.380+0000] {logging_mixin.py:188} INFO - [2024-05-25T00:00:41.379+0000] {dagbag.py:545} INFO - Filling up the DagBag from /home/airflow/.local/lib/python3.12/site-packages/airflow/example_dags/example_branch_operator.py
[2024-05-25T00:00:41.397+0000] {processor.py:840} INFO - DAG(s) 'example_branch_operator' retrieved from /home/airflow/.local/lib/python3.12/site-packages/airflow/example_dags/example_branch_operator.py
[2024-05-25T00:00:41.425+0000] {logging_mixin.py:188} INFO - [2024-05-25T00:00:41.425+0000] {dag.py:3096} INFO - Sync 1 DAGs
[2024-05-25T00:00:41.449+0000] {logging_mixin.py:188} INFO - [2024-05-25T00:00:41.448+0000] {dag.py:3954} INFO - Setting next_dagrun for example_branch_operator to 2024-05-24 00:00:00+00:00, run_after=2024-05-25 00:00:00+00:00
[2024-05-25T00:00:41.475+0000] {processor.py:183} INFO - Processing /home/airflow/.local/lib/python3.12/site-packages/airflow/example_dags/example_branch_operator.py took 0.104 seconds
[2024-05-25T00:01:11.779+0000] {processor.py:161} INFO - Started process (PID=38738) to work on /home/airflow/.local/lib/python3.12/site-packages/airflow/example_dags/example_branch_operator.py
[2024-05-25T00:01:11.781+0000] {processor.py:830} INFO - Processing file /home/airflow/.local/lib/python3.12/site-packages/airflow/example_dags/example_branch_operator.py for tasks to queue
[2024-05-25T00:01:11.783+0000] {logging_mixin.py:188} INFO - [2024-05-25T00:01:11.783+0000] {dagbag.py:545} INFO - Filling up the DagBag from /home/airflow/.local/lib/python3.12/site-packages/airflow/example_dags/example_branch_operator.py
[2024-05-25T00:01:11.799+0000] {processor.py:840} INFO - DAG(s) 'example_branch_operator' retrieved from /home/airflow/.local/lib/python3.12/site-packages/airflow/example_dags/example_branch_operator.py
[2024-05-25T00:01:11.836+0000] {logging_mixin.py:188} INFO - [2024-05-25T00:01:11.835+0000] {dag.py:3096} INFO - Sync 1 DAGs
[2024-05-25T00:01:11.865+0000] {logging_mixin.py:188} INFO - [2024-05-25T00:01:11.865+0000] {dag.py:3954} INFO - Setting next_dagrun for example_branch_operator to 2024-05-24 00:00:00+00:00, run_after=2024-05-25 00:00:00+00:00
[2024-05-25T00:01:11.891+0000] {processor.py:183} INFO - Processing /home/airflow/.local/lib/python3.12/site-packages/airflow/example_dags/example_branch_operator.py took 0.119 seconds
[2024-05-25T00:01:43.266+0000] {processor.py:161} INFO - Started process (PID=38796) to work on /home/airflow/.local/lib/python3.12/site-packages/airflow/example_dags/example_branch_operator.py
[2024-05-25T00:01:43.267+0000] {processor.py:830} INFO - Processing file /home/airflow/.local/lib/python3.12/site-packages/airflow/example_dags/example_branch_operator.py for tasks to queue
[2024-05-25T00:01:43.270+0000] {logging_mixin.py:188} INFO - [2024-05-25T00:01:43.269+0000] {dagbag.py:545} INFO - Filling up the DagBag from /home/airflow/.local/lib/python3.12/site-packages/airflow/example_dags/example_branch_operator.py
[2024-05-25T00:01:43.288+0000] {processor.py:840} INFO - DAG(s) 'example_branch_operator' retrieved from /home/airflow/.local/lib/python3.12/site-packages/airflow/example_dags/example_branch_operator.py
[2024-05-25T00:01:43.321+0000] {logging_mixin.py:188} INFO - [2024-05-25T00:01:43.321+0000] {dag.py:3096} INFO - Sync 1 DAGs
[2024-05-25T00:01:43.349+0000] {logging_mixin.py:188} INFO - [2024-05-25T00:01:43.349+0000] {dag.py:3954} INFO - Setting next_dagrun for example_branch_operator to 2024-05-24 00:00:00+00:00, run_after=2024-05-25 00:00:00+00:00
[2024-05-25T00:01:43.373+0000] {processor.py:183} INFO - Processing /home/airflow/.local/lib/python3.12/site-packages/airflow/example_dags/example_branch_operator.py took 0.115 seconds
[2024-05-25T00:02:13.995+0000] {processor.py:161} INFO - Started process (PID=38854) to work on /home/airflow/.local/lib/python3.12/site-packages/airflow/example_dags/example_branch_operator.py
[2024-05-25T00:02:13.997+0000] {processor.py:830} INFO - Processing file /home/airflow/.local/lib/python3.12/site-packages/airflow/example_dags/example_branch_operator.py for tasks to queue
[2024-05-25T00:02:14.000+0000] {logging_mixin.py:188} INFO - [2024-05-25T00:02:13.999+0000] {dagbag.py:545} INFO - Filling up the DagBag from /home/airflow/.local/lib/python3.12/site-packages/airflow/example_dags/example_branch_operator.py
[2024-05-25T00:02:14.027+0000] {processor.py:840} INFO - DAG(s) 'example_branch_operator' retrieved from /home/airflow/.local/lib/python3.12/site-packages/airflow/example_dags/example_branch_operator.py
[2024-05-25T00:02:14.070+0000] {logging_mixin.py:188} INFO - [2024-05-25T00:02:14.070+0000] {dag.py:3096} INFO - Sync 1 DAGs
[2024-05-25T00:02:14.100+0000] {logging_mixin.py:188} INFO - [2024-05-25T00:02:14.100+0000] {dag.py:3954} INFO - Setting next_dagrun for example_branch_operator to 2024-05-24 00:00:00+00:00, run_after=2024-05-25 00:00:00+00:00
[2024-05-25T00:02:14.131+0000] {processor.py:183} INFO - Processing /home/airflow/.local/lib/python3.12/site-packages/airflow/example_dags/example_branch_operator.py took 0.143 seconds
[2024-05-25T00:02:45.103+0000] {processor.py:161} INFO - Started process (PID=38914) to work on /home/airflow/.local/lib/python3.12/site-packages/airflow/example_dags/example_branch_operator.py
[2024-05-25T00:02:45.106+0000] {processor.py:830} INFO - Processing file /home/airflow/.local/lib/python3.12/site-packages/airflow/example_dags/example_branch_operator.py for tasks to queue
[2024-05-25T00:02:45.110+0000] {logging_mixin.py:188} INFO - [2024-05-25T00:02:45.109+0000] {dagbag.py:545} INFO - Filling up the DagBag from /home/airflow/.local/lib/python3.12/site-packages/airflow/example_dags/example_branch_operator.py
[2024-05-25T00:02:45.138+0000] {processor.py:840} INFO - DAG(s) 'example_branch_operator' retrieved from /home/airflow/.local/lib/python3.12/site-packages/airflow/example_dags/example_branch_operator.py
[2024-05-25T00:02:45.186+0000] {logging_mixin.py:188} INFO - [2024-05-25T00:02:45.184+0000] {dag.py:3096} INFO - Sync 1 DAGs
[2024-05-25T00:02:45.264+0000] {logging_mixin.py:188} INFO - [2024-05-25T00:02:45.264+0000] {dag.py:3954} INFO - Setting next_dagrun for example_branch_operator to 2024-05-24 00:00:00+00:00, run_after=2024-05-25 00:00:00+00:00
[2024-05-25T00:02:45.345+0000] {processor.py:183} INFO - Processing /home/airflow/.local/lib/python3.12/site-packages/airflow/example_dags/example_branch_operator.py took 0.249 seconds
[2024-05-25T00:03:15.468+0000] {processor.py:161} INFO - Started process (PID=38978) to work on /home/airflow/.local/lib/python3.12/site-packages/airflow/example_dags/example_branch_operator.py
[2024-05-25T00:03:15.470+0000] {processor.py:830} INFO - Processing file /home/airflow/.local/lib/python3.12/site-packages/airflow/example_dags/example_branch_operator.py for tasks to queue
[2024-05-25T00:03:15.472+0000] {logging_mixin.py:188} INFO - [2024-05-25T00:03:15.472+0000] {dagbag.py:545} INFO - Filling up the DagBag from /home/airflow/.local/lib/python3.12/site-packages/airflow/example_dags/example_branch_operator.py
[2024-05-25T00:03:15.488+0000] {processor.py:840} INFO - DAG(s) 'example_branch_operator' retrieved from /home/airflow/.local/lib/python3.12/site-packages/airflow/example_dags/example_branch_operator.py
[2024-05-25T00:03:15.517+0000] {logging_mixin.py:188} INFO - [2024-05-25T00:03:15.517+0000] {dag.py:3096} INFO - Sync 1 DAGs
[2024-05-25T00:03:15.540+0000] {logging_mixin.py:188} INFO - [2024-05-25T00:03:15.539+0000] {dag.py:3954} INFO - Setting next_dagrun for example_branch_operator to 2024-05-24 00:00:00+00:00, run_after=2024-05-25 00:00:00+00:00
[2024-05-25T00:03:15.560+0000] {processor.py:183} INFO - Processing /home/airflow/.local/lib/python3.12/site-packages/airflow/example_dags/example_branch_operator.py took 0.098 seconds
[2024-05-25T00:03:45.944+0000] {processor.py:161} INFO - Started process (PID=39036) to work on /home/airflow/.local/lib/python3.12/site-packages/airflow/example_dags/example_branch_operator.py
[2024-05-25T00:03:45.945+0000] {processor.py:830} INFO - Processing file /home/airflow/.local/lib/python3.12/site-packages/airflow/example_dags/example_branch_operator.py for tasks to queue
[2024-05-25T00:03:45.948+0000] {logging_mixin.py:188} INFO - [2024-05-25T00:03:45.947+0000] {dagbag.py:545} INFO - Filling up the DagBag from /home/airflow/.local/lib/python3.12/site-packages/airflow/example_dags/example_branch_operator.py
[2024-05-25T00:03:45.962+0000] {processor.py:840} INFO - DAG(s) 'example_branch_operator' retrieved from /home/airflow/.local/lib/python3.12/site-packages/airflow/example_dags/example_branch_operator.py
[2024-05-25T00:03:45.989+0000] {logging_mixin.py:188} INFO - [2024-05-25T00:03:45.989+0000] {dag.py:3096} INFO - Sync 1 DAGs
[2024-05-25T00:03:46.010+0000] {logging_mixin.py:188} INFO - [2024-05-25T00:03:46.010+0000] {dag.py:3954} INFO - Setting next_dagrun for example_branch_operator to 2024-05-24 00:00:00+00:00, run_after=2024-05-25 00:00:00+00:00
[2024-05-25T00:03:46.034+0000] {processor.py:183} INFO - Processing /home/airflow/.local/lib/python3.12/site-packages/airflow/example_dags/example_branch_operator.py took 0.095 seconds
[2024-05-25T00:04:17.239+0000] {processor.py:161} INFO - Started process (PID=39095) to work on /home/airflow/.local/lib/python3.12/site-packages/airflow/example_dags/example_branch_operator.py
[2024-05-25T00:04:17.241+0000] {processor.py:830} INFO - Processing file /home/airflow/.local/lib/python3.12/site-packages/airflow/example_dags/example_branch_operator.py for tasks to queue
[2024-05-25T00:04:17.246+0000] {logging_mixin.py:188} INFO - [2024-05-25T00:04:17.245+0000] {dagbag.py:545} INFO - Filling up the DagBag from /home/airflow/.local/lib/python3.12/site-packages/airflow/example_dags/example_branch_operator.py
[2024-05-25T00:04:17.290+0000] {processor.py:840} INFO - DAG(s) 'example_branch_operator' retrieved from /home/airflow/.local/lib/python3.12/site-packages/airflow/example_dags/example_branch_operator.py
[2024-05-25T00:04:17.353+0000] {logging_mixin.py:188} INFO - [2024-05-25T00:04:17.352+0000] {dag.py:3096} INFO - Sync 1 DAGs
[2024-05-25T00:04:17.429+0000] {logging_mixin.py:188} INFO - [2024-05-25T00:04:17.428+0000] {dag.py:3954} INFO - Setting next_dagrun for example_branch_operator to 2024-05-24 00:00:00+00:00, run_after=2024-05-25 00:00:00+00:00
[2024-05-25T00:04:17.491+0000] {processor.py:183} INFO - Processing /home/airflow/.local/lib/python3.12/site-packages/airflow/example_dags/example_branch_operator.py took 0.261 seconds
[2024-05-25T00:04:51.644+0000] {processor.py:161} INFO - Started process (PID=39154) to work on /home/airflow/.local/lib/python3.12/site-packages/airflow/example_dags/example_branch_operator.py
[2024-05-25T00:04:51.645+0000] {processor.py:830} INFO - Processing file /home/airflow/.local/lib/python3.12/site-packages/airflow/example_dags/example_branch_operator.py for tasks to queue
[2024-05-25T00:04:51.648+0000] {logging_mixin.py:188} INFO - [2024-05-25T00:04:51.647+0000] {dagbag.py:545} INFO - Filling up the DagBag from /home/airflow/.local/lib/python3.12/site-packages/airflow/example_dags/example_branch_operator.py
[2024-05-25T00:04:51.693+0000] {processor.py:840} INFO - DAG(s) 'example_branch_operator' retrieved from /home/airflow/.local/lib/python3.12/site-packages/airflow/example_dags/example_branch_operator.py
[2024-05-25T00:04:52.111+0000] {logging_mixin.py:188} INFO - [2024-05-25T00:04:52.104+0000] {dag.py:3096} INFO - Sync 1 DAGs
[2024-05-25T00:04:52.144+0000] {logging_mixin.py:188} INFO - [2024-05-25T00:04:52.144+0000] {dag.py:3954} INFO - Setting next_dagrun for example_branch_operator to 2024-05-24 00:00:00+00:00, run_after=2024-05-25 00:00:00+00:00
[2024-05-25T00:04:52.184+0000] {processor.py:183} INFO - Processing /home/airflow/.local/lib/python3.12/site-packages/airflow/example_dags/example_branch_operator.py took 0.552 seconds
[2024-05-25T00:05:22.278+0000] {processor.py:161} INFO - Started process (PID=39212) to work on /home/airflow/.local/lib/python3.12/site-packages/airflow/example_dags/example_branch_operator.py
[2024-05-25T00:05:22.279+0000] {processor.py:830} INFO - Processing file /home/airflow/.local/lib/python3.12/site-packages/airflow/example_dags/example_branch_operator.py for tasks to queue
[2024-05-25T00:05:22.281+0000] {logging_mixin.py:188} INFO - [2024-05-25T00:05:22.281+0000] {dagbag.py:545} INFO - Filling up the DagBag from /home/airflow/.local/lib/python3.12/site-packages/airflow/example_dags/example_branch_operator.py
[2024-05-25T00:05:22.308+0000] {processor.py:840} INFO - DAG(s) 'example_branch_operator' retrieved from /home/airflow/.local/lib/python3.12/site-packages/airflow/example_dags/example_branch_operator.py
[2024-05-25T00:05:22.361+0000] {logging_mixin.py:188} INFO - [2024-05-25T00:05:22.360+0000] {dag.py:3096} INFO - Sync 1 DAGs
[2024-05-25T00:05:22.389+0000] {logging_mixin.py:188} INFO - [2024-05-25T00:05:22.388+0000] {dag.py:3954} INFO - Setting next_dagrun for example_branch_operator to 2024-05-24 00:00:00+00:00, run_after=2024-05-25 00:00:00+00:00
[2024-05-25T00:05:22.415+0000] {processor.py:183} INFO - Processing /home/airflow/.local/lib/python3.12/site-packages/airflow/example_dags/example_branch_operator.py took 0.142 seconds
[2024-05-25T00:05:52.476+0000] {processor.py:161} INFO - Started process (PID=39270) to work on /home/airflow/.local/lib/python3.12/site-packages/airflow/example_dags/example_branch_operator.py
[2024-05-25T00:05:52.478+0000] {processor.py:830} INFO - Processing file /home/airflow/.local/lib/python3.12/site-packages/airflow/example_dags/example_branch_operator.py for tasks to queue
[2024-05-25T00:05:52.480+0000] {logging_mixin.py:188} INFO - [2024-05-25T00:05:52.480+0000] {dagbag.py:545} INFO - Filling up the DagBag from /home/airflow/.local/lib/python3.12/site-packages/airflow/example_dags/example_branch_operator.py
[2024-05-25T00:05:52.494+0000] {processor.py:840} INFO - DAG(s) 'example_branch_operator' retrieved from /home/airflow/.local/lib/python3.12/site-packages/airflow/example_dags/example_branch_operator.py
[2024-05-25T00:05:52.520+0000] {logging_mixin.py:188} INFO - [2024-05-25T00:05:52.520+0000] {dag.py:3096} INFO - Sync 1 DAGs
[2024-05-25T00:05:52.539+0000] {logging_mixin.py:188} INFO - [2024-05-25T00:05:52.539+0000] {dag.py:3954} INFO - Setting next_dagrun for example_branch_operator to 2024-05-24 00:00:00+00:00, run_after=2024-05-25 00:00:00+00:00
[2024-05-25T00:05:52.556+0000] {processor.py:183} INFO - Processing /home/airflow/.local/lib/python3.12/site-packages/airflow/example_dags/example_branch_operator.py took 0.085 seconds
[2024-05-25T00:06:22.747+0000] {processor.py:161} INFO - Started process (PID=39328) to work on /home/airflow/.local/lib/python3.12/site-packages/airflow/example_dags/example_branch_operator.py
[2024-05-25T00:06:22.748+0000] {processor.py:830} INFO - Processing file /home/airflow/.local/lib/python3.12/site-packages/airflow/example_dags/example_branch_operator.py for tasks to queue
[2024-05-25T00:06:22.750+0000] {logging_mixin.py:188} INFO - [2024-05-25T00:06:22.750+0000] {dagbag.py:545} INFO - Filling up the DagBag from /home/airflow/.local/lib/python3.12/site-packages/airflow/example_dags/example_branch_operator.py
[2024-05-25T00:06:22.766+0000] {processor.py:840} INFO - DAG(s) 'example_branch_operator' retrieved from /home/airflow/.local/lib/python3.12/site-packages/airflow/example_dags/example_branch_operator.py
[2024-05-25T00:06:22.792+0000] {logging_mixin.py:188} INFO - [2024-05-25T00:06:22.792+0000] {dag.py:3096} INFO - Sync 1 DAGs
[2024-05-25T00:06:22.812+0000] {logging_mixin.py:188} INFO - [2024-05-25T00:06:22.811+0000] {dag.py:3954} INFO - Setting next_dagrun for example_branch_operator to 2024-05-24 00:00:00+00:00, run_after=2024-05-25 00:00:00+00:00
[2024-05-25T00:06:22.830+0000] {processor.py:183} INFO - Processing /home/airflow/.local/lib/python3.12/site-packages/airflow/example_dags/example_branch_operator.py took 0.089 seconds
[2024-05-25T00:06:53.309+0000] {processor.py:161} INFO - Started process (PID=39383) to work on /home/airflow/.local/lib/python3.12/site-packages/airflow/example_dags/example_branch_operator.py
[2024-05-25T00:06:53.311+0000] {processor.py:830} INFO - Processing file /home/airflow/.local/lib/python3.12/site-packages/airflow/example_dags/example_branch_operator.py for tasks to queue
[2024-05-25T00:06:53.316+0000] {logging_mixin.py:188} INFO - [2024-05-25T00:06:53.314+0000] {dagbag.py:545} INFO - Filling up the DagBag from /home/airflow/.local/lib/python3.12/site-packages/airflow/example_dags/example_branch_operator.py
[2024-05-25T00:06:53.348+0000] {processor.py:840} INFO - DAG(s) 'example_branch_operator' retrieved from /home/airflow/.local/lib/python3.12/site-packages/airflow/example_dags/example_branch_operator.py
[2024-05-25T00:06:53.447+0000] {logging_mixin.py:188} INFO - [2024-05-25T00:06:53.447+0000] {dag.py:3096} INFO - Sync 1 DAGs
[2024-05-25T00:06:53.504+0000] {logging_mixin.py:188} INFO - [2024-05-25T00:06:53.503+0000] {dag.py:3954} INFO - Setting next_dagrun for example_branch_operator to 2024-05-24 00:00:00+00:00, run_after=2024-05-25 00:00:00+00:00
[2024-05-25T00:06:53.565+0000] {processor.py:183} INFO - Processing /home/airflow/.local/lib/python3.12/site-packages/airflow/example_dags/example_branch_operator.py took 0.267 seconds
[2024-05-25T00:07:24.387+0000] {processor.py:161} INFO - Started process (PID=39441) to work on /home/airflow/.local/lib/python3.12/site-packages/airflow/example_dags/example_branch_operator.py
[2024-05-25T00:07:24.389+0000] {processor.py:830} INFO - Processing file /home/airflow/.local/lib/python3.12/site-packages/airflow/example_dags/example_branch_operator.py for tasks to queue
[2024-05-25T00:07:24.392+0000] {logging_mixin.py:188} INFO - [2024-05-25T00:07:24.391+0000] {dagbag.py:545} INFO - Filling up the DagBag from /home/airflow/.local/lib/python3.12/site-packages/airflow/example_dags/example_branch_operator.py
[2024-05-25T00:07:24.409+0000] {processor.py:840} INFO - DAG(s) 'example_branch_operator' retrieved from /home/airflow/.local/lib/python3.12/site-packages/airflow/example_dags/example_branch_operator.py
[2024-05-25T00:07:24.440+0000] {logging_mixin.py:188} INFO - [2024-05-25T00:07:24.439+0000] {dag.py:3096} INFO - Sync 1 DAGs
[2024-05-25T00:07:24.468+0000] {logging_mixin.py:188} INFO - [2024-05-25T00:07:24.468+0000] {dag.py:3954} INFO - Setting next_dagrun for example_branch_operator to 2024-05-24 00:00:00+00:00, run_after=2024-05-25 00:00:00+00:00
[2024-05-25T00:07:24.508+0000] {processor.py:183} INFO - Processing /home/airflow/.local/lib/python3.12/site-packages/airflow/example_dags/example_branch_operator.py took 0.128 seconds
[2024-05-25T00:07:54.633+0000] {processor.py:161} INFO - Started process (PID=39499) to work on /home/airflow/.local/lib/python3.12/site-packages/airflow/example_dags/example_branch_operator.py
[2024-05-25T00:07:54.635+0000] {processor.py:830} INFO - Processing file /home/airflow/.local/lib/python3.12/site-packages/airflow/example_dags/example_branch_operator.py for tasks to queue
[2024-05-25T00:07:54.637+0000] {logging_mixin.py:188} INFO - [2024-05-25T00:07:54.636+0000] {dagbag.py:545} INFO - Filling up the DagBag from /home/airflow/.local/lib/python3.12/site-packages/airflow/example_dags/example_branch_operator.py
[2024-05-25T00:07:54.654+0000] {processor.py:840} INFO - DAG(s) 'example_branch_operator' retrieved from /home/airflow/.local/lib/python3.12/site-packages/airflow/example_dags/example_branch_operator.py
[2024-05-25T00:07:54.691+0000] {logging_mixin.py:188} INFO - [2024-05-25T00:07:54.691+0000] {dag.py:3096} INFO - Sync 1 DAGs
[2024-05-25T00:07:54.723+0000] {logging_mixin.py:188} INFO - [2024-05-25T00:07:54.722+0000] {dag.py:3954} INFO - Setting next_dagrun for example_branch_operator to 2024-05-24 00:00:00+00:00, run_after=2024-05-25 00:00:00+00:00
[2024-05-25T00:07:54.775+0000] {processor.py:183} INFO - Processing /home/airflow/.local/lib/python3.12/site-packages/airflow/example_dags/example_branch_operator.py took 0.148 seconds
[2024-05-25T00:08:37.912+0000] {processor.py:161} INFO - Started process (PID=39561) to work on /home/airflow/.local/lib/python3.12/site-packages/airflow/example_dags/example_branch_operator.py
[2024-05-25T00:08:37.919+0000] {processor.py:830} INFO - Processing file /home/airflow/.local/lib/python3.12/site-packages/airflow/example_dags/example_branch_operator.py for tasks to queue
[2024-05-25T00:08:37.927+0000] {logging_mixin.py:188} INFO - [2024-05-25T00:08:37.926+0000] {dagbag.py:545} INFO - Filling up the DagBag from /home/airflow/.local/lib/python3.12/site-packages/airflow/example_dags/example_branch_operator.py
[2024-05-25T00:08:38.034+0000] {processor.py:840} INFO - DAG(s) 'example_branch_operator' retrieved from /home/airflow/.local/lib/python3.12/site-packages/airflow/example_dags/example_branch_operator.py
[2024-05-25T00:08:38.226+0000] {logging_mixin.py:188} INFO - [2024-05-25T00:08:38.225+0000] {dag.py:3096} INFO - Sync 1 DAGs
[2024-05-25T00:08:38.427+0000] {logging_mixin.py:188} INFO - [2024-05-25T00:08:38.418+0000] {dag.py:3954} INFO - Setting next_dagrun for example_branch_operator to 2024-05-24 00:00:00+00:00, run_after=2024-05-25 00:00:00+00:00
[2024-05-25T00:08:38.663+0000] {processor.py:183} INFO - Processing /home/airflow/.local/lib/python3.12/site-packages/airflow/example_dags/example_branch_operator.py took 0.778 seconds
[2024-05-25T00:09:59.686+0000] {processor.py:161} INFO - Started process (PID=39641) to work on /home/airflow/.local/lib/python3.12/site-packages/airflow/example_dags/example_branch_operator.py
[2024-05-25T00:09:59.700+0000] {processor.py:830} INFO - Processing file /home/airflow/.local/lib/python3.12/site-packages/airflow/example_dags/example_branch_operator.py for tasks to queue
[2024-05-25T00:09:59.712+0000] {logging_mixin.py:188} INFO - [2024-05-25T00:09:59.705+0000] {dagbag.py:545} INFO - Filling up the DagBag from /home/airflow/.local/lib/python3.12/site-packages/airflow/example_dags/example_branch_operator.py
[2024-05-25T00:09:59.807+0000] {processor.py:840} INFO - DAG(s) 'example_branch_operator' retrieved from /home/airflow/.local/lib/python3.12/site-packages/airflow/example_dags/example_branch_operator.py
[2024-05-25T00:09:59.957+0000] {logging_mixin.py:188} INFO - [2024-05-25T00:09:59.956+0000] {dag.py:3096} INFO - Sync 1 DAGs
[2024-05-25T00:10:00.149+0000] {logging_mixin.py:188} INFO - [2024-05-25T00:10:00.148+0000] {dag.py:3954} INFO - Setting next_dagrun for example_branch_operator to 2024-05-24 00:00:00+00:00, run_after=2024-05-25 00:00:00+00:00
[2024-05-25T00:10:00.371+0000] {processor.py:183} INFO - Processing /home/airflow/.local/lib/python3.12/site-packages/airflow/example_dags/example_branch_operator.py took 0.724 seconds
[2024-05-25T00:10:33.724+0000] {processor.py:161} INFO - Started process (PID=39704) to work on /home/airflow/.local/lib/python3.12/site-packages/airflow/example_dags/example_branch_operator.py
[2024-05-25T00:10:33.727+0000] {processor.py:830} INFO - Processing file /home/airflow/.local/lib/python3.12/site-packages/airflow/example_dags/example_branch_operator.py for tasks to queue
[2024-05-25T00:10:33.731+0000] {logging_mixin.py:188} INFO - [2024-05-25T00:10:33.729+0000] {dagbag.py:545} INFO - Filling up the DagBag from /home/airflow/.local/lib/python3.12/site-packages/airflow/example_dags/example_branch_operator.py
[2024-05-25T00:10:33.839+0000] {processor.py:840} INFO - DAG(s) 'example_branch_operator' retrieved from /home/airflow/.local/lib/python3.12/site-packages/airflow/example_dags/example_branch_operator.py
[2024-05-25T00:10:34.191+0000] {logging_mixin.py:188} INFO - [2024-05-25T00:10:34.184+0000] {dag.py:3096} INFO - Sync 1 DAGs
[2024-05-25T00:10:34.249+0000] {logging_mixin.py:188} INFO - [2024-05-25T00:10:34.248+0000] {dag.py:3954} INFO - Setting next_dagrun for example_branch_operator to 2024-05-24 00:00:00+00:00, run_after=2024-05-25 00:00:00+00:00
[2024-05-25T00:10:34.292+0000] {processor.py:183} INFO - Processing /home/airflow/.local/lib/python3.12/site-packages/airflow/example_dags/example_branch_operator.py took 0.587 seconds
[2024-05-25T00:11:05.072+0000] {processor.py:161} INFO - Started process (PID=39762) to work on /home/airflow/.local/lib/python3.12/site-packages/airflow/example_dags/example_branch_operator.py
[2024-05-25T00:11:05.077+0000] {processor.py:830} INFO - Processing file /home/airflow/.local/lib/python3.12/site-packages/airflow/example_dags/example_branch_operator.py for tasks to queue
[2024-05-25T00:11:05.083+0000] {logging_mixin.py:188} INFO - [2024-05-25T00:11:05.079+0000] {dagbag.py:545} INFO - Filling up the DagBag from /home/airflow/.local/lib/python3.12/site-packages/airflow/example_dags/example_branch_operator.py
[2024-05-25T00:11:05.115+0000] {processor.py:840} INFO - DAG(s) 'example_branch_operator' retrieved from /home/airflow/.local/lib/python3.12/site-packages/airflow/example_dags/example_branch_operator.py
[2024-05-25T00:11:05.159+0000] {logging_mixin.py:188} INFO - [2024-05-25T00:11:05.159+0000] {dag.py:3096} INFO - Sync 1 DAGs
[2024-05-25T00:11:05.199+0000] {logging_mixin.py:188} INFO - [2024-05-25T00:11:05.198+0000] {dag.py:3954} INFO - Setting next_dagrun for example_branch_operator to 2024-05-24 00:00:00+00:00, run_after=2024-05-25 00:00:00+00:00
[2024-05-25T00:11:05.236+0000] {processor.py:183} INFO - Processing /home/airflow/.local/lib/python3.12/site-packages/airflow/example_dags/example_branch_operator.py took 0.178 seconds
[2024-05-25T00:11:35.348+0000] {processor.py:161} INFO - Started process (PID=39822) to work on /home/airflow/.local/lib/python3.12/site-packages/airflow/example_dags/example_branch_operator.py
[2024-05-25T00:11:35.349+0000] {processor.py:830} INFO - Processing file /home/airflow/.local/lib/python3.12/site-packages/airflow/example_dags/example_branch_operator.py for tasks to queue
[2024-05-25T00:11:35.350+0000] {logging_mixin.py:188} INFO - [2024-05-25T00:11:35.350+0000] {dagbag.py:545} INFO - Filling up the DagBag from /home/airflow/.local/lib/python3.12/site-packages/airflow/example_dags/example_branch_operator.py
[2024-05-25T00:11:35.365+0000] {processor.py:840} INFO - DAG(s) 'example_branch_operator' retrieved from /home/airflow/.local/lib/python3.12/site-packages/airflow/example_dags/example_branch_operator.py
[2024-05-25T00:11:35.395+0000] {logging_mixin.py:188} INFO - [2024-05-25T00:11:35.395+0000] {dag.py:3096} INFO - Sync 1 DAGs
[2024-05-25T00:11:35.415+0000] {logging_mixin.py:188} INFO - [2024-05-25T00:11:35.415+0000] {dag.py:3954} INFO - Setting next_dagrun for example_branch_operator to 2024-05-24 00:00:00+00:00, run_after=2024-05-25 00:00:00+00:00
[2024-05-25T00:11:35.435+0000] {processor.py:183} INFO - Processing /home/airflow/.local/lib/python3.12/site-packages/airflow/example_dags/example_branch_operator.py took 0.093 seconds
[2024-05-25T00:12:05.533+0000] {processor.py:161} INFO - Started process (PID=39880) to work on /home/airflow/.local/lib/python3.12/site-packages/airflow/example_dags/example_branch_operator.py
[2024-05-25T00:12:05.535+0000] {processor.py:830} INFO - Processing file /home/airflow/.local/lib/python3.12/site-packages/airflow/example_dags/example_branch_operator.py for tasks to queue
[2024-05-25T00:12:05.536+0000] {logging_mixin.py:188} INFO - [2024-05-25T00:12:05.536+0000] {dagbag.py:545} INFO - Filling up the DagBag from /home/airflow/.local/lib/python3.12/site-packages/airflow/example_dags/example_branch_operator.py
[2024-05-25T00:12:05.556+0000] {processor.py:840} INFO - DAG(s) 'example_branch_operator' retrieved from /home/airflow/.local/lib/python3.12/site-packages/airflow/example_dags/example_branch_operator.py
[2024-05-25T00:12:05.588+0000] {logging_mixin.py:188} INFO - [2024-05-25T00:12:05.588+0000] {dag.py:3096} INFO - Sync 1 DAGs
[2024-05-25T00:12:05.611+0000] {logging_mixin.py:188} INFO - [2024-05-25T00:12:05.611+0000] {dag.py:3954} INFO - Setting next_dagrun for example_branch_operator to 2024-05-24 00:00:00+00:00, run_after=2024-05-25 00:00:00+00:00
[2024-05-25T00:12:05.633+0000] {processor.py:183} INFO - Processing /home/airflow/.local/lib/python3.12/site-packages/airflow/example_dags/example_branch_operator.py took 0.107 seconds
[2024-05-25T00:12:49.264+0000] {processor.py:161} INFO - Started process (PID=39934) to work on /home/airflow/.local/lib/python3.12/site-packages/airflow/example_dags/example_branch_operator.py
[2024-05-25T00:12:49.272+0000] {processor.py:830} INFO - Processing file /home/airflow/.local/lib/python3.12/site-packages/airflow/example_dags/example_branch_operator.py for tasks to queue
[2024-05-25T00:12:49.280+0000] {logging_mixin.py:188} INFO - [2024-05-25T00:12:49.278+0000] {dagbag.py:545} INFO - Filling up the DagBag from /home/airflow/.local/lib/python3.12/site-packages/airflow/example_dags/example_branch_operator.py
[2024-05-25T00:12:49.364+0000] {processor.py:840} INFO - DAG(s) 'example_branch_operator' retrieved from /home/airflow/.local/lib/python3.12/site-packages/airflow/example_dags/example_branch_operator.py
[2024-05-25T00:12:49.543+0000] {logging_mixin.py:188} INFO - [2024-05-25T00:12:49.541+0000] {dag.py:3096} INFO - Sync 1 DAGs
[2024-05-25T00:12:49.683+0000] {logging_mixin.py:188} INFO - [2024-05-25T00:12:49.681+0000] {dag.py:3954} INFO - Setting next_dagrun for example_branch_operator to 2024-05-24 00:00:00+00:00, run_after=2024-05-25 00:00:00+00:00
[2024-05-25T00:12:49.853+0000] {processor.py:183} INFO - Processing /home/airflow/.local/lib/python3.12/site-packages/airflow/example_dags/example_branch_operator.py took 0.616 seconds
[2024-05-25T00:14:15.733+0000] {processor.py:161} INFO - Started process (PID=39998) to work on /home/airflow/.local/lib/python3.12/site-packages/airflow/example_dags/example_branch_operator.py
[2024-05-25T00:14:15.734+0000] {processor.py:830} INFO - Processing file /home/airflow/.local/lib/python3.12/site-packages/airflow/example_dags/example_branch_operator.py for tasks to queue
[2024-05-25T00:14:15.736+0000] {logging_mixin.py:188} INFO - [2024-05-25T00:14:15.735+0000] {dagbag.py:545} INFO - Filling up the DagBag from /home/airflow/.local/lib/python3.12/site-packages/airflow/example_dags/example_branch_operator.py
[2024-05-25T00:14:15.757+0000] {processor.py:840} INFO - DAG(s) 'example_branch_operator' retrieved from /home/airflow/.local/lib/python3.12/site-packages/airflow/example_dags/example_branch_operator.py
[2024-05-25T00:14:15.797+0000] {logging_mixin.py:188} INFO - [2024-05-25T00:14:15.797+0000] {dag.py:3096} INFO - Sync 1 DAGs
[2024-05-25T00:14:15.827+0000] {logging_mixin.py:188} INFO - [2024-05-25T00:14:15.826+0000] {dag.py:3954} INFO - Setting next_dagrun for example_branch_operator to 2024-05-24 00:00:00+00:00, run_after=2024-05-25 00:00:00+00:00
[2024-05-25T00:14:15.860+0000] {processor.py:183} INFO - Processing /home/airflow/.local/lib/python3.12/site-packages/airflow/example_dags/example_branch_operator.py took 0.134 seconds
[2024-05-25T00:14:46.515+0000] {processor.py:161} INFO - Started process (PID=40056) to work on /home/airflow/.local/lib/python3.12/site-packages/airflow/example_dags/example_branch_operator.py
[2024-05-25T00:14:46.516+0000] {processor.py:830} INFO - Processing file /home/airflow/.local/lib/python3.12/site-packages/airflow/example_dags/example_branch_operator.py for tasks to queue
[2024-05-25T00:14:46.517+0000] {logging_mixin.py:188} INFO - [2024-05-25T00:14:46.517+0000] {dagbag.py:545} INFO - Filling up the DagBag from /home/airflow/.local/lib/python3.12/site-packages/airflow/example_dags/example_branch_operator.py
[2024-05-25T00:14:46.532+0000] {processor.py:840} INFO - DAG(s) 'example_branch_operator' retrieved from /home/airflow/.local/lib/python3.12/site-packages/airflow/example_dags/example_branch_operator.py
[2024-05-25T00:14:46.562+0000] {logging_mixin.py:188} INFO - [2024-05-25T00:14:46.562+0000] {dag.py:3096} INFO - Sync 1 DAGs
[2024-05-25T00:14:46.590+0000] {logging_mixin.py:188} INFO - [2024-05-25T00:14:46.590+0000] {dag.py:3954} INFO - Setting next_dagrun for example_branch_operator to 2024-05-24 00:00:00+00:00, run_after=2024-05-25 00:00:00+00:00
[2024-05-25T00:14:46.612+0000] {processor.py:183} INFO - Processing /home/airflow/.local/lib/python3.12/site-packages/airflow/example_dags/example_branch_operator.py took 0.103 seconds
[2024-05-25T00:15:22.774+0000] {processor.py:161} INFO - Started process (PID=40119) to work on /home/airflow/.local/lib/python3.12/site-packages/airflow/example_dags/example_branch_operator.py
[2024-05-25T00:15:22.776+0000] {processor.py:830} INFO - Processing file /home/airflow/.local/lib/python3.12/site-packages/airflow/example_dags/example_branch_operator.py for tasks to queue
[2024-05-25T00:15:22.777+0000] {logging_mixin.py:188} INFO - [2024-05-25T00:15:22.777+0000] {dagbag.py:545} INFO - Filling up the DagBag from /home/airflow/.local/lib/python3.12/site-packages/airflow/example_dags/example_branch_operator.py
[2024-05-25T00:15:22.794+0000] {processor.py:840} INFO - DAG(s) 'example_branch_operator' retrieved from /home/airflow/.local/lib/python3.12/site-packages/airflow/example_dags/example_branch_operator.py
[2024-05-25T00:15:22.824+0000] {logging_mixin.py:188} INFO - [2024-05-25T00:15:22.824+0000] {dag.py:3096} INFO - Sync 1 DAGs
[2024-05-25T00:15:22.850+0000] {logging_mixin.py:188} INFO - [2024-05-25T00:15:22.850+0000] {dag.py:3954} INFO - Setting next_dagrun for example_branch_operator to 2024-05-24 00:00:00+00:00, run_after=2024-05-25 00:00:00+00:00
[2024-05-25T00:15:22.871+0000] {processor.py:183} INFO - Processing /home/airflow/.local/lib/python3.12/site-packages/airflow/example_dags/example_branch_operator.py took 0.102 seconds
