[2024-05-25T00:00:16.099+0000] {processor.py:161} INFO - Started process (PID=38632) to work on /home/airflow/.local/lib/python3.12/site-packages/airflow/example_dags/example_python_decorator.py
[2024-05-25T00:00:16.100+0000] {processor.py:830} INFO - Processing file /home/airflow/.local/lib/python3.12/site-packages/airflow/example_dags/example_python_decorator.py for tasks to queue
[2024-05-25T00:00:16.102+0000] {logging_mixin.py:188} INFO - [2024-05-25T00:00:16.102+0000] {dagbag.py:545} INFO - Filling up the DagBag from /home/airflow/.local/lib/python3.12/site-packages/airflow/example_dags/example_python_decorator.py
[2024-05-25T00:00:16.117+0000] {processor.py:840} INFO - DAG(s) 'example_python_decorator' retrieved from /home/airflow/.local/lib/python3.12/site-packages/airflow/example_dags/example_python_decorator.py
[2024-05-25T00:00:16.138+0000] {logging_mixin.py:188} INFO - [2024-05-25T00:00:16.138+0000] {dag.py:3096} INFO - Sync 1 DAGs
[2024-05-25T00:00:16.152+0000] {logging_mixin.py:188} INFO - [2024-05-25T00:00:16.152+0000] {dag.py:3954} INFO - Setting next_dagrun for example_python_decorator to None, run_after=None
[2024-05-25T00:00:16.177+0000] {processor.py:183} INFO - Processing /home/airflow/.local/lib/python3.12/site-packages/airflow/example_dags/example_python_decorator.py took 0.083 seconds
[2024-05-25T00:00:46.230+0000] {processor.py:161} INFO - Started process (PID=38689) to work on /home/airflow/.local/lib/python3.12/site-packages/airflow/example_dags/example_python_decorator.py
[2024-05-25T00:00:46.232+0000] {processor.py:830} INFO - Processing file /home/airflow/.local/lib/python3.12/site-packages/airflow/example_dags/example_python_decorator.py for tasks to queue
[2024-05-25T00:00:46.236+0000] {logging_mixin.py:188} INFO - [2024-05-25T00:00:46.234+0000] {dagbag.py:545} INFO - Filling up the DagBag from /home/airflow/.local/lib/python3.12/site-packages/airflow/example_dags/example_python_decorator.py
[2024-05-25T00:00:46.250+0000] {processor.py:840} INFO - DAG(s) 'example_python_decorator' retrieved from /home/airflow/.local/lib/python3.12/site-packages/airflow/example_dags/example_python_decorator.py
[2024-05-25T00:00:46.292+0000] {logging_mixin.py:188} INFO - [2024-05-25T00:00:46.292+0000] {dag.py:3096} INFO - Sync 1 DAGs
[2024-05-25T00:00:46.306+0000] {logging_mixin.py:188} INFO - [2024-05-25T00:00:46.306+0000] {dag.py:3954} INFO - Setting next_dagrun for example_python_decorator to None, run_after=None
[2024-05-25T00:00:46.345+0000] {processor.py:183} INFO - Processing /home/airflow/.local/lib/python3.12/site-packages/airflow/example_dags/example_python_decorator.py took 0.122 seconds
[2024-05-25T00:01:16.780+0000] {processor.py:161} INFO - Started process (PID=38748) to work on /home/airflow/.local/lib/python3.12/site-packages/airflow/example_dags/example_python_decorator.py
[2024-05-25T00:01:16.782+0000] {processor.py:830} INFO - Processing file /home/airflow/.local/lib/python3.12/site-packages/airflow/example_dags/example_python_decorator.py for tasks to queue
[2024-05-25T00:01:16.785+0000] {logging_mixin.py:188} INFO - [2024-05-25T00:01:16.785+0000] {dagbag.py:545} INFO - Filling up the DagBag from /home/airflow/.local/lib/python3.12/site-packages/airflow/example_dags/example_python_decorator.py
[2024-05-25T00:01:16.801+0000] {processor.py:840} INFO - DAG(s) 'example_python_decorator' retrieved from /home/airflow/.local/lib/python3.12/site-packages/airflow/example_dags/example_python_decorator.py
[2024-05-25T00:01:16.836+0000] {logging_mixin.py:188} INFO - [2024-05-25T00:01:16.836+0000] {dag.py:3096} INFO - Sync 1 DAGs
[2024-05-25T00:01:16.856+0000] {logging_mixin.py:188} INFO - [2024-05-25T00:01:16.855+0000] {dag.py:3954} INFO - Setting next_dagrun for example_python_decorator to None, run_after=None
[2024-05-25T00:01:16.882+0000] {processor.py:183} INFO - Processing /home/airflow/.local/lib/python3.12/site-packages/airflow/example_dags/example_python_decorator.py took 0.114 seconds
[2024-05-25T00:01:47.498+0000] {processor.py:161} INFO - Started process (PID=38806) to work on /home/airflow/.local/lib/python3.12/site-packages/airflow/example_dags/example_python_decorator.py
[2024-05-25T00:01:47.499+0000] {processor.py:830} INFO - Processing file /home/airflow/.local/lib/python3.12/site-packages/airflow/example_dags/example_python_decorator.py for tasks to queue
[2024-05-25T00:01:47.501+0000] {logging_mixin.py:188} INFO - [2024-05-25T00:01:47.501+0000] {dagbag.py:545} INFO - Filling up the DagBag from /home/airflow/.local/lib/python3.12/site-packages/airflow/example_dags/example_python_decorator.py
[2024-05-25T00:01:47.520+0000] {processor.py:840} INFO - DAG(s) 'example_python_decorator' retrieved from /home/airflow/.local/lib/python3.12/site-packages/airflow/example_dags/example_python_decorator.py
[2024-05-25T00:01:47.555+0000] {logging_mixin.py:188} INFO - [2024-05-25T00:01:47.554+0000] {dag.py:3096} INFO - Sync 1 DAGs
[2024-05-25T00:01:47.571+0000] {logging_mixin.py:188} INFO - [2024-05-25T00:01:47.571+0000] {dag.py:3954} INFO - Setting next_dagrun for example_python_decorator to None, run_after=None
[2024-05-25T00:01:47.608+0000] {processor.py:183} INFO - Processing /home/airflow/.local/lib/python3.12/site-packages/airflow/example_dags/example_python_decorator.py took 0.118 seconds
[2024-05-25T00:02:18.035+0000] {processor.py:161} INFO - Started process (PID=38864) to work on /home/airflow/.local/lib/python3.12/site-packages/airflow/example_dags/example_python_decorator.py
[2024-05-25T00:02:18.036+0000] {processor.py:830} INFO - Processing file /home/airflow/.local/lib/python3.12/site-packages/airflow/example_dags/example_python_decorator.py for tasks to queue
[2024-05-25T00:02:18.039+0000] {logging_mixin.py:188} INFO - [2024-05-25T00:02:18.038+0000] {dagbag.py:545} INFO - Filling up the DagBag from /home/airflow/.local/lib/python3.12/site-packages/airflow/example_dags/example_python_decorator.py
[2024-05-25T00:02:18.054+0000] {processor.py:840} INFO - DAG(s) 'example_python_decorator' retrieved from /home/airflow/.local/lib/python3.12/site-packages/airflow/example_dags/example_python_decorator.py
[2024-05-25T00:02:18.082+0000] {logging_mixin.py:188} INFO - [2024-05-25T00:02:18.082+0000] {dag.py:3096} INFO - Sync 1 DAGs
[2024-05-25T00:02:18.099+0000] {logging_mixin.py:188} INFO - [2024-05-25T00:02:18.098+0000] {dag.py:3954} INFO - Setting next_dagrun for example_python_decorator to None, run_after=None
[2024-05-25T00:02:18.127+0000] {processor.py:183} INFO - Processing /home/airflow/.local/lib/python3.12/site-packages/airflow/example_dags/example_python_decorator.py took 0.101 seconds
[2024-05-25T00:02:49.623+0000] {processor.py:161} INFO - Started process (PID=38922) to work on /home/airflow/.local/lib/python3.12/site-packages/airflow/example_dags/example_python_decorator.py
[2024-05-25T00:02:49.626+0000] {processor.py:830} INFO - Processing file /home/airflow/.local/lib/python3.12/site-packages/airflow/example_dags/example_python_decorator.py for tasks to queue
[2024-05-25T00:02:49.641+0000] {logging_mixin.py:188} INFO - [2024-05-25T00:02:49.639+0000] {dagbag.py:545} INFO - Filling up the DagBag from /home/airflow/.local/lib/python3.12/site-packages/airflow/example_dags/example_python_decorator.py
[2024-05-25T00:02:49.677+0000] {processor.py:840} INFO - DAG(s) 'example_python_decorator' retrieved from /home/airflow/.local/lib/python3.12/site-packages/airflow/example_dags/example_python_decorator.py
[2024-05-25T00:02:49.790+0000] {logging_mixin.py:188} INFO - [2024-05-25T00:02:49.789+0000] {dag.py:3096} INFO - Sync 1 DAGs
[2024-05-25T00:02:49.824+0000] {logging_mixin.py:188} INFO - [2024-05-25T00:02:49.823+0000] {dag.py:3954} INFO - Setting next_dagrun for example_python_decorator to None, run_after=None
[2024-05-25T00:02:49.854+0000] {processor.py:183} INFO - Processing /home/airflow/.local/lib/python3.12/site-packages/airflow/example_dags/example_python_decorator.py took 0.250 seconds
[2024-05-25T00:03:20.946+0000] {processor.py:161} INFO - Started process (PID=38984) to work on /home/airflow/.local/lib/python3.12/site-packages/airflow/example_dags/example_python_decorator.py
[2024-05-25T00:03:20.947+0000] {processor.py:830} INFO - Processing file /home/airflow/.local/lib/python3.12/site-packages/airflow/example_dags/example_python_decorator.py for tasks to queue
[2024-05-25T00:03:20.951+0000] {logging_mixin.py:188} INFO - [2024-05-25T00:03:20.950+0000] {dagbag.py:545} INFO - Filling up the DagBag from /home/airflow/.local/lib/python3.12/site-packages/airflow/example_dags/example_python_decorator.py
[2024-05-25T00:03:20.965+0000] {processor.py:840} INFO - DAG(s) 'example_python_decorator' retrieved from /home/airflow/.local/lib/python3.12/site-packages/airflow/example_dags/example_python_decorator.py
[2024-05-25T00:03:20.992+0000] {logging_mixin.py:188} INFO - [2024-05-25T00:03:20.992+0000] {dag.py:3096} INFO - Sync 1 DAGs
[2024-05-25T00:03:21.011+0000] {logging_mixin.py:188} INFO - [2024-05-25T00:03:21.011+0000] {dag.py:3954} INFO - Setting next_dagrun for example_python_decorator to None, run_after=None
[2024-05-25T00:03:21.042+0000] {processor.py:183} INFO - Processing /home/airflow/.local/lib/python3.12/site-packages/airflow/example_dags/example_python_decorator.py took 0.106 seconds
[2024-05-25T00:03:51.104+0000] {processor.py:161} INFO - Started process (PID=39040) to work on /home/airflow/.local/lib/python3.12/site-packages/airflow/example_dags/example_python_decorator.py
[2024-05-25T00:03:51.105+0000] {processor.py:830} INFO - Processing file /home/airflow/.local/lib/python3.12/site-packages/airflow/example_dags/example_python_decorator.py for tasks to queue
[2024-05-25T00:03:51.108+0000] {logging_mixin.py:188} INFO - [2024-05-25T00:03:51.107+0000] {dagbag.py:545} INFO - Filling up the DagBag from /home/airflow/.local/lib/python3.12/site-packages/airflow/example_dags/example_python_decorator.py
[2024-05-25T00:03:51.120+0000] {processor.py:840} INFO - DAG(s) 'example_python_decorator' retrieved from /home/airflow/.local/lib/python3.12/site-packages/airflow/example_dags/example_python_decorator.py
[2024-05-25T00:03:51.141+0000] {logging_mixin.py:188} INFO - [2024-05-25T00:03:51.141+0000] {dag.py:3096} INFO - Sync 1 DAGs
[2024-05-25T00:03:51.153+0000] {logging_mixin.py:188} INFO - [2024-05-25T00:03:51.152+0000] {dag.py:3954} INFO - Setting next_dagrun for example_python_decorator to None, run_after=None
[2024-05-25T00:03:51.177+0000] {processor.py:183} INFO - Processing /home/airflow/.local/lib/python3.12/site-packages/airflow/example_dags/example_python_decorator.py took 0.079 seconds
[2024-05-25T00:04:21.466+0000] {processor.py:161} INFO - Started process (PID=39098) to work on /home/airflow/.local/lib/python3.12/site-packages/airflow/example_dags/example_python_decorator.py
[2024-05-25T00:04:21.468+0000] {processor.py:830} INFO - Processing file /home/airflow/.local/lib/python3.12/site-packages/airflow/example_dags/example_python_decorator.py for tasks to queue
[2024-05-25T00:04:21.472+0000] {logging_mixin.py:188} INFO - [2024-05-25T00:04:21.470+0000] {dagbag.py:545} INFO - Filling up the DagBag from /home/airflow/.local/lib/python3.12/site-packages/airflow/example_dags/example_python_decorator.py
[2024-05-25T00:04:21.508+0000] {processor.py:840} INFO - DAG(s) 'example_python_decorator' retrieved from /home/airflow/.local/lib/python3.12/site-packages/airflow/example_dags/example_python_decorator.py
[2024-05-25T00:04:21.539+0000] {logging_mixin.py:188} INFO - [2024-05-25T00:04:21.539+0000] {dag.py:3096} INFO - Sync 1 DAGs
[2024-05-25T00:04:21.562+0000] {logging_mixin.py:188} INFO - [2024-05-25T00:04:21.561+0000] {dag.py:3954} INFO - Setting next_dagrun for example_python_decorator to None, run_after=None
[2024-05-25T00:04:21.598+0000] {processor.py:183} INFO - Processing /home/airflow/.local/lib/python3.12/site-packages/airflow/example_dags/example_python_decorator.py took 0.146 seconds
[2024-05-25T00:04:52.256+0000] {processor.py:161} INFO - Started process (PID=39156) to work on /home/airflow/.local/lib/python3.12/site-packages/airflow/example_dags/example_python_decorator.py
[2024-05-25T00:04:52.257+0000] {processor.py:830} INFO - Processing file /home/airflow/.local/lib/python3.12/site-packages/airflow/example_dags/example_python_decorator.py for tasks to queue
[2024-05-25T00:04:52.260+0000] {logging_mixin.py:188} INFO - [2024-05-25T00:04:52.259+0000] {dagbag.py:545} INFO - Filling up the DagBag from /home/airflow/.local/lib/python3.12/site-packages/airflow/example_dags/example_python_decorator.py
[2024-05-25T00:04:52.298+0000] {processor.py:840} INFO - DAG(s) 'example_python_decorator' retrieved from /home/airflow/.local/lib/python3.12/site-packages/airflow/example_dags/example_python_decorator.py
[2024-05-25T00:04:52.546+0000] {logging_mixin.py:188} INFO - [2024-05-25T00:04:52.537+0000] {dag.py:3096} INFO - Sync 1 DAGs
[2024-05-25T00:04:52.668+0000] {logging_mixin.py:188} INFO - [2024-05-25T00:04:52.649+0000] {dag.py:3954} INFO - Setting next_dagrun for example_python_decorator to None, run_after=None
[2024-05-25T00:04:53.161+0000] {processor.py:183} INFO - Processing /home/airflow/.local/lib/python3.12/site-packages/airflow/example_dags/example_python_decorator.py took 0.916 seconds
[2024-05-25T00:05:23.479+0000] {processor.py:161} INFO - Started process (PID=39214) to work on /home/airflow/.local/lib/python3.12/site-packages/airflow/example_dags/example_python_decorator.py
[2024-05-25T00:05:23.480+0000] {processor.py:830} INFO - Processing file /home/airflow/.local/lib/python3.12/site-packages/airflow/example_dags/example_python_decorator.py for tasks to queue
[2024-05-25T00:05:23.482+0000] {logging_mixin.py:188} INFO - [2024-05-25T00:05:23.482+0000] {dagbag.py:545} INFO - Filling up the DagBag from /home/airflow/.local/lib/python3.12/site-packages/airflow/example_dags/example_python_decorator.py
[2024-05-25T00:05:23.511+0000] {processor.py:840} INFO - DAG(s) 'example_python_decorator' retrieved from /home/airflow/.local/lib/python3.12/site-packages/airflow/example_dags/example_python_decorator.py
[2024-05-25T00:05:23.531+0000] {logging_mixin.py:188} INFO - [2024-05-25T00:05:23.531+0000] {dag.py:3096} INFO - Sync 1 DAGs
[2024-05-25T00:05:23.541+0000] {logging_mixin.py:188} INFO - [2024-05-25T00:05:23.541+0000] {dag.py:3954} INFO - Setting next_dagrun for example_python_decorator to None, run_after=None
[2024-05-25T00:05:23.568+0000] {processor.py:183} INFO - Processing /home/airflow/.local/lib/python3.12/site-packages/airflow/example_dags/example_python_decorator.py took 0.095 seconds
[2024-05-25T00:05:53.671+0000] {processor.py:161} INFO - Started process (PID=39272) to work on /home/airflow/.local/lib/python3.12/site-packages/airflow/example_dags/example_python_decorator.py
[2024-05-25T00:05:53.672+0000] {processor.py:830} INFO - Processing file /home/airflow/.local/lib/python3.12/site-packages/airflow/example_dags/example_python_decorator.py for tasks to queue
[2024-05-25T00:05:53.674+0000] {logging_mixin.py:188} INFO - [2024-05-25T00:05:53.673+0000] {dagbag.py:545} INFO - Filling up the DagBag from /home/airflow/.local/lib/python3.12/site-packages/airflow/example_dags/example_python_decorator.py
[2024-05-25T00:05:53.687+0000] {processor.py:840} INFO - DAG(s) 'example_python_decorator' retrieved from /home/airflow/.local/lib/python3.12/site-packages/airflow/example_dags/example_python_decorator.py
[2024-05-25T00:05:53.707+0000] {logging_mixin.py:188} INFO - [2024-05-25T00:05:53.707+0000] {dag.py:3096} INFO - Sync 1 DAGs
[2024-05-25T00:05:53.722+0000] {logging_mixin.py:188} INFO - [2024-05-25T00:05:53.722+0000] {dag.py:3954} INFO - Setting next_dagrun for example_python_decorator to None, run_after=None
[2024-05-25T00:05:53.744+0000] {processor.py:183} INFO - Processing /home/airflow/.local/lib/python3.12/site-packages/airflow/example_dags/example_python_decorator.py took 0.078 seconds
[2024-05-25T00:06:23.893+0000] {processor.py:161} INFO - Started process (PID=39330) to work on /home/airflow/.local/lib/python3.12/site-packages/airflow/example_dags/example_python_decorator.py
[2024-05-25T00:06:23.896+0000] {processor.py:830} INFO - Processing file /home/airflow/.local/lib/python3.12/site-packages/airflow/example_dags/example_python_decorator.py for tasks to queue
[2024-05-25T00:06:23.898+0000] {logging_mixin.py:188} INFO - [2024-05-25T00:06:23.897+0000] {dagbag.py:545} INFO - Filling up the DagBag from /home/airflow/.local/lib/python3.12/site-packages/airflow/example_dags/example_python_decorator.py
[2024-05-25T00:06:23.910+0000] {processor.py:840} INFO - DAG(s) 'example_python_decorator' retrieved from /home/airflow/.local/lib/python3.12/site-packages/airflow/example_dags/example_python_decorator.py
[2024-05-25T00:06:23.930+0000] {logging_mixin.py:188} INFO - [2024-05-25T00:06:23.930+0000] {dag.py:3096} INFO - Sync 1 DAGs
[2024-05-25T00:06:23.941+0000] {logging_mixin.py:188} INFO - [2024-05-25T00:06:23.941+0000] {dag.py:3954} INFO - Setting next_dagrun for example_python_decorator to None, run_after=None
[2024-05-25T00:06:23.960+0000] {processor.py:183} INFO - Processing /home/airflow/.local/lib/python3.12/site-packages/airflow/example_dags/example_python_decorator.py took 0.071 seconds
[2024-05-25T00:06:54.276+0000] {processor.py:161} INFO - Started process (PID=39388) to work on /home/airflow/.local/lib/python3.12/site-packages/airflow/example_dags/example_python_decorator.py
[2024-05-25T00:06:54.277+0000] {processor.py:830} INFO - Processing file /home/airflow/.local/lib/python3.12/site-packages/airflow/example_dags/example_python_decorator.py for tasks to queue
[2024-05-25T00:06:54.279+0000] {logging_mixin.py:188} INFO - [2024-05-25T00:06:54.278+0000] {dagbag.py:545} INFO - Filling up the DagBag from /home/airflow/.local/lib/python3.12/site-packages/airflow/example_dags/example_python_decorator.py
[2024-05-25T00:06:54.300+0000] {processor.py:840} INFO - DAG(s) 'example_python_decorator' retrieved from /home/airflow/.local/lib/python3.12/site-packages/airflow/example_dags/example_python_decorator.py
[2024-05-25T00:06:54.348+0000] {logging_mixin.py:188} INFO - [2024-05-25T00:06:54.348+0000] {dag.py:3096} INFO - Sync 1 DAGs
[2024-05-25T00:06:54.376+0000] {logging_mixin.py:188} INFO - [2024-05-25T00:06:54.375+0000] {dag.py:3954} INFO - Setting next_dagrun for example_python_decorator to None, run_after=None
[2024-05-25T00:06:54.446+0000] {processor.py:183} INFO - Processing /home/airflow/.local/lib/python3.12/site-packages/airflow/example_dags/example_python_decorator.py took 0.177 seconds
[2024-05-25T00:07:24.615+0000] {processor.py:161} INFO - Started process (PID=39446) to work on /home/airflow/.local/lib/python3.12/site-packages/airflow/example_dags/example_python_decorator.py
[2024-05-25T00:07:24.617+0000] {processor.py:830} INFO - Processing file /home/airflow/.local/lib/python3.12/site-packages/airflow/example_dags/example_python_decorator.py for tasks to queue
[2024-05-25T00:07:24.620+0000] {logging_mixin.py:188} INFO - [2024-05-25T00:07:24.620+0000] {dagbag.py:545} INFO - Filling up the DagBag from /home/airflow/.local/lib/python3.12/site-packages/airflow/example_dags/example_python_decorator.py
[2024-05-25T00:07:24.637+0000] {processor.py:840} INFO - DAG(s) 'example_python_decorator' retrieved from /home/airflow/.local/lib/python3.12/site-packages/airflow/example_dags/example_python_decorator.py
[2024-05-25T00:07:24.666+0000] {logging_mixin.py:188} INFO - [2024-05-25T00:07:24.665+0000] {dag.py:3096} INFO - Sync 1 DAGs
[2024-05-25T00:07:24.680+0000] {logging_mixin.py:188} INFO - [2024-05-25T00:07:24.679+0000] {dag.py:3954} INFO - Setting next_dagrun for example_python_decorator to None, run_after=None
[2024-05-25T00:07:24.701+0000] {processor.py:183} INFO - Processing /home/airflow/.local/lib/python3.12/site-packages/airflow/example_dags/example_python_decorator.py took 0.093 seconds
[2024-05-25T00:07:54.873+0000] {processor.py:161} INFO - Started process (PID=39504) to work on /home/airflow/.local/lib/python3.12/site-packages/airflow/example_dags/example_python_decorator.py
[2024-05-25T00:07:54.875+0000] {processor.py:830} INFO - Processing file /home/airflow/.local/lib/python3.12/site-packages/airflow/example_dags/example_python_decorator.py for tasks to queue
[2024-05-25T00:07:54.877+0000] {logging_mixin.py:188} INFO - [2024-05-25T00:07:54.877+0000] {dagbag.py:545} INFO - Filling up the DagBag from /home/airflow/.local/lib/python3.12/site-packages/airflow/example_dags/example_python_decorator.py
[2024-05-25T00:07:54.890+0000] {processor.py:840} INFO - DAG(s) 'example_python_decorator' retrieved from /home/airflow/.local/lib/python3.12/site-packages/airflow/example_dags/example_python_decorator.py
[2024-05-25T00:07:54.913+0000] {logging_mixin.py:188} INFO - [2024-05-25T00:07:54.913+0000] {dag.py:3096} INFO - Sync 1 DAGs
[2024-05-25T00:07:54.925+0000] {logging_mixin.py:188} INFO - [2024-05-25T00:07:54.925+0000] {dag.py:3954} INFO - Setting next_dagrun for example_python_decorator to None, run_after=None
[2024-05-25T00:07:54.944+0000] {processor.py:183} INFO - Processing /home/airflow/.local/lib/python3.12/site-packages/airflow/example_dags/example_python_decorator.py took 0.075 seconds
[2024-05-25T00:08:33.470+0000] {processor.py:161} INFO - Started process (PID=39545) to work on /home/airflow/.local/lib/python3.12/site-packages/airflow/example_dags/example_python_decorator.py
[2024-05-25T00:08:33.471+0000] {processor.py:830} INFO - Processing file /home/airflow/.local/lib/python3.12/site-packages/airflow/example_dags/example_python_decorator.py for tasks to queue
[2024-05-25T00:08:33.473+0000] {logging_mixin.py:188} INFO - [2024-05-25T00:08:33.473+0000] {dagbag.py:545} INFO - Filling up the DagBag from /home/airflow/.local/lib/python3.12/site-packages/airflow/example_dags/example_python_decorator.py
[2024-05-25T00:08:33.501+0000] {processor.py:840} INFO - DAG(s) 'example_python_decorator' retrieved from /home/airflow/.local/lib/python3.12/site-packages/airflow/example_dags/example_python_decorator.py
[2024-05-25T00:08:33.537+0000] {logging_mixin.py:188} INFO - [2024-05-25T00:08:33.537+0000] {dag.py:3096} INFO - Sync 1 DAGs
[2024-05-25T00:08:33.559+0000] {logging_mixin.py:188} INFO - [2024-05-25T00:08:33.559+0000] {dag.py:3954} INFO - Setting next_dagrun for example_python_decorator to None, run_after=None
[2024-05-25T00:08:33.598+0000] {processor.py:183} INFO - Processing /home/airflow/.local/lib/python3.12/site-packages/airflow/example_dags/example_python_decorator.py took 0.140 seconds
[2024-05-25T00:09:03.856+0000] {processor.py:161} INFO - Started process (PID=39602) to work on /home/airflow/.local/lib/python3.12/site-packages/airflow/example_dags/example_python_decorator.py
[2024-05-25T00:09:03.857+0000] {processor.py:830} INFO - Processing file /home/airflow/.local/lib/python3.12/site-packages/airflow/example_dags/example_python_decorator.py for tasks to queue
[2024-05-25T00:09:03.859+0000] {logging_mixin.py:188} INFO - [2024-05-25T00:09:03.859+0000] {dagbag.py:545} INFO - Filling up the DagBag from /home/airflow/.local/lib/python3.12/site-packages/airflow/example_dags/example_python_decorator.py
[2024-05-25T00:09:03.880+0000] {processor.py:840} INFO - DAG(s) 'example_python_decorator' retrieved from /home/airflow/.local/lib/python3.12/site-packages/airflow/example_dags/example_python_decorator.py
[2024-05-25T00:09:03.913+0000] {logging_mixin.py:188} INFO - [2024-05-25T00:09:03.912+0000] {dag.py:3096} INFO - Sync 1 DAGs
[2024-05-25T00:09:03.928+0000] {logging_mixin.py:188} INFO - [2024-05-25T00:09:03.928+0000] {dag.py:3954} INFO - Setting next_dagrun for example_python_decorator to None, run_after=None
[2024-05-25T00:09:03.961+0000] {processor.py:183} INFO - Processing /home/airflow/.local/lib/python3.12/site-packages/airflow/example_dags/example_python_decorator.py took 0.115 seconds
[2024-05-25T00:10:03.833+0000] {processor.py:161} INFO - Started process (PID=39658) to work on /home/airflow/.local/lib/python3.12/site-packages/airflow/example_dags/example_python_decorator.py
[2024-05-25T00:10:03.835+0000] {processor.py:830} INFO - Processing file /home/airflow/.local/lib/python3.12/site-packages/airflow/example_dags/example_python_decorator.py for tasks to queue
[2024-05-25T00:10:03.839+0000] {logging_mixin.py:188} INFO - [2024-05-25T00:10:03.837+0000] {dagbag.py:545} INFO - Filling up the DagBag from /home/airflow/.local/lib/python3.12/site-packages/airflow/example_dags/example_python_decorator.py
[2024-05-25T00:10:03.879+0000] {processor.py:840} INFO - DAG(s) 'example_python_decorator' retrieved from /home/airflow/.local/lib/python3.12/site-packages/airflow/example_dags/example_python_decorator.py
[2024-05-25T00:10:04.044+0000] {logging_mixin.py:188} INFO - [2024-05-25T00:10:04.043+0000] {dag.py:3096} INFO - Sync 1 DAGs
[2024-05-25T00:10:04.061+0000] {logging_mixin.py:188} INFO - [2024-05-25T00:10:04.061+0000] {dag.py:3954} INFO - Setting next_dagrun for example_python_decorator to None, run_after=None
[2024-05-25T00:10:04.101+0000] {processor.py:183} INFO - Processing /home/airflow/.local/lib/python3.12/site-packages/airflow/example_dags/example_python_decorator.py took 0.282 seconds
[2024-05-25T00:10:51.325+0000] {processor.py:161} INFO - Started process (PID=39714) to work on /home/airflow/.local/lib/python3.12/site-packages/airflow/example_dags/example_python_decorator.py
[2024-05-25T00:10:51.326+0000] {processor.py:830} INFO - Processing file /home/airflow/.local/lib/python3.12/site-packages/airflow/example_dags/example_python_decorator.py for tasks to queue
[2024-05-25T00:10:51.327+0000] {logging_mixin.py:188} INFO - [2024-05-25T00:10:51.327+0000] {dagbag.py:545} INFO - Filling up the DagBag from /home/airflow/.local/lib/python3.12/site-packages/airflow/example_dags/example_python_decorator.py
[2024-05-25T00:10:51.359+0000] {processor.py:840} INFO - DAG(s) 'example_python_decorator' retrieved from /home/airflow/.local/lib/python3.12/site-packages/airflow/example_dags/example_python_decorator.py
[2024-05-25T00:10:51.387+0000] {logging_mixin.py:188} INFO - [2024-05-25T00:10:51.387+0000] {dag.py:3096} INFO - Sync 1 DAGs
[2024-05-25T00:10:51.403+0000] {logging_mixin.py:188} INFO - [2024-05-25T00:10:51.403+0000] {dag.py:3954} INFO - Setting next_dagrun for example_python_decorator to None, run_after=None
[2024-05-25T00:10:51.429+0000] {processor.py:183} INFO - Processing /home/airflow/.local/lib/python3.12/site-packages/airflow/example_dags/example_python_decorator.py took 0.110 seconds
[2024-05-25T00:11:22.363+0000] {processor.py:161} INFO - Started process (PID=39772) to work on /home/airflow/.local/lib/python3.12/site-packages/airflow/example_dags/example_python_decorator.py
[2024-05-25T00:11:22.365+0000] {processor.py:830} INFO - Processing file /home/airflow/.local/lib/python3.12/site-packages/airflow/example_dags/example_python_decorator.py for tasks to queue
[2024-05-25T00:11:22.366+0000] {logging_mixin.py:188} INFO - [2024-05-25T00:11:22.366+0000] {dagbag.py:545} INFO - Filling up the DagBag from /home/airflow/.local/lib/python3.12/site-packages/airflow/example_dags/example_python_decorator.py
[2024-05-25T00:11:22.380+0000] {processor.py:840} INFO - DAG(s) 'example_python_decorator' retrieved from /home/airflow/.local/lib/python3.12/site-packages/airflow/example_dags/example_python_decorator.py
[2024-05-25T00:11:22.404+0000] {logging_mixin.py:188} INFO - [2024-05-25T00:11:22.404+0000] {dag.py:3096} INFO - Sync 1 DAGs
[2024-05-25T00:11:22.416+0000] {logging_mixin.py:188} INFO - [2024-05-25T00:11:22.416+0000] {dag.py:3954} INFO - Setting next_dagrun for example_python_decorator to None, run_after=None
[2024-05-25T00:11:22.437+0000] {processor.py:183} INFO - Processing /home/airflow/.local/lib/python3.12/site-packages/airflow/example_dags/example_python_decorator.py took 0.079 seconds
[2024-05-25T00:11:53.339+0000] {processor.py:161} INFO - Started process (PID=39830) to work on /home/airflow/.local/lib/python3.12/site-packages/airflow/example_dags/example_python_decorator.py
[2024-05-25T00:11:53.341+0000] {processor.py:830} INFO - Processing file /home/airflow/.local/lib/python3.12/site-packages/airflow/example_dags/example_python_decorator.py for tasks to queue
[2024-05-25T00:11:53.344+0000] {logging_mixin.py:188} INFO - [2024-05-25T00:11:53.343+0000] {dagbag.py:545} INFO - Filling up the DagBag from /home/airflow/.local/lib/python3.12/site-packages/airflow/example_dags/example_python_decorator.py
[2024-05-25T00:11:53.368+0000] {processor.py:840} INFO - DAG(s) 'example_python_decorator' retrieved from /home/airflow/.local/lib/python3.12/site-packages/airflow/example_dags/example_python_decorator.py
[2024-05-25T00:11:53.408+0000] {logging_mixin.py:188} INFO - [2024-05-25T00:11:53.407+0000] {dag.py:3096} INFO - Sync 1 DAGs
[2024-05-25T00:11:53.423+0000] {logging_mixin.py:188} INFO - [2024-05-25T00:11:53.423+0000] {dag.py:3954} INFO - Setting next_dagrun for example_python_decorator to None, run_after=None
[2024-05-25T00:11:53.455+0000] {processor.py:183} INFO - Processing /home/airflow/.local/lib/python3.12/site-packages/airflow/example_dags/example_python_decorator.py took 0.123 seconds
[2024-05-25T00:12:45.197+0000] {processor.py:161} INFO - Started process (PID=39894) to work on /home/airflow/.local/lib/python3.12/site-packages/airflow/example_dags/example_python_decorator.py
[2024-05-25T00:12:45.198+0000] {processor.py:830} INFO - Processing file /home/airflow/.local/lib/python3.12/site-packages/airflow/example_dags/example_python_decorator.py for tasks to queue
[2024-05-25T00:12:45.199+0000] {logging_mixin.py:188} INFO - [2024-05-25T00:12:45.199+0000] {dagbag.py:545} INFO - Filling up the DagBag from /home/airflow/.local/lib/python3.12/site-packages/airflow/example_dags/example_python_decorator.py
[2024-05-25T00:12:45.213+0000] {processor.py:840} INFO - DAG(s) 'example_python_decorator' retrieved from /home/airflow/.local/lib/python3.12/site-packages/airflow/example_dags/example_python_decorator.py
[2024-05-25T00:12:45.239+0000] {logging_mixin.py:188} INFO - [2024-05-25T00:12:45.239+0000] {dag.py:3096} INFO - Sync 1 DAGs
[2024-05-25T00:12:45.253+0000] {logging_mixin.py:188} INFO - [2024-05-25T00:12:45.252+0000] {dag.py:3954} INFO - Setting next_dagrun for example_python_decorator to None, run_after=None
[2024-05-25T00:12:45.274+0000] {processor.py:183} INFO - Processing /home/airflow/.local/lib/python3.12/site-packages/airflow/example_dags/example_python_decorator.py took 0.083 seconds
[2024-05-25T00:13:15.763+0000] {processor.py:161} INFO - Started process (PID=39951) to work on /home/airflow/.local/lib/python3.12/site-packages/airflow/example_dags/example_python_decorator.py
[2024-05-25T00:13:15.764+0000] {processor.py:830} INFO - Processing file /home/airflow/.local/lib/python3.12/site-packages/airflow/example_dags/example_python_decorator.py for tasks to queue
[2024-05-25T00:13:15.765+0000] {logging_mixin.py:188} INFO - [2024-05-25T00:13:15.765+0000] {dagbag.py:545} INFO - Filling up the DagBag from /home/airflow/.local/lib/python3.12/site-packages/airflow/example_dags/example_python_decorator.py
[2024-05-25T00:13:15.780+0000] {processor.py:840} INFO - DAG(s) 'example_python_decorator' retrieved from /home/airflow/.local/lib/python3.12/site-packages/airflow/example_dags/example_python_decorator.py
[2024-05-25T00:13:15.808+0000] {logging_mixin.py:188} INFO - [2024-05-25T00:13:15.808+0000] {dag.py:3096} INFO - Sync 1 DAGs
[2024-05-25T00:13:15.828+0000] {logging_mixin.py:188} INFO - [2024-05-25T00:13:15.827+0000] {dag.py:3954} INFO - Setting next_dagrun for example_python_decorator to None, run_after=None
[2024-05-25T00:13:15.852+0000] {processor.py:183} INFO - Processing /home/airflow/.local/lib/python3.12/site-packages/airflow/example_dags/example_python_decorator.py took 0.096 seconds
[2024-05-25T00:14:17.558+0000] {processor.py:161} INFO - Started process (PID=40012) to work on /home/airflow/.local/lib/python3.12/site-packages/airflow/example_dags/example_python_decorator.py
[2024-05-25T00:14:17.560+0000] {processor.py:830} INFO - Processing file /home/airflow/.local/lib/python3.12/site-packages/airflow/example_dags/example_python_decorator.py for tasks to queue
[2024-05-25T00:14:17.562+0000] {logging_mixin.py:188} INFO - [2024-05-25T00:14:17.562+0000] {dagbag.py:545} INFO - Filling up the DagBag from /home/airflow/.local/lib/python3.12/site-packages/airflow/example_dags/example_python_decorator.py
[2024-05-25T00:14:17.583+0000] {processor.py:840} INFO - DAG(s) 'example_python_decorator' retrieved from /home/airflow/.local/lib/python3.12/site-packages/airflow/example_dags/example_python_decorator.py
[2024-05-25T00:14:17.627+0000] {logging_mixin.py:188} INFO - [2024-05-25T00:14:17.626+0000] {dag.py:3096} INFO - Sync 1 DAGs
[2024-05-25T00:14:17.651+0000] {logging_mixin.py:188} INFO - [2024-05-25T00:14:17.651+0000] {dag.py:3954} INFO - Setting next_dagrun for example_python_decorator to None, run_after=None
[2024-05-25T00:14:17.695+0000] {processor.py:183} INFO - Processing /home/airflow/.local/lib/python3.12/site-packages/airflow/example_dags/example_python_decorator.py took 0.145 seconds
[2024-05-25T00:15:18.177+0000] {processor.py:161} INFO - Started process (PID=40070) to work on /home/airflow/.local/lib/python3.12/site-packages/airflow/example_dags/example_python_decorator.py
[2024-05-25T00:15:18.179+0000] {processor.py:830} INFO - Processing file /home/airflow/.local/lib/python3.12/site-packages/airflow/example_dags/example_python_decorator.py for tasks to queue
[2024-05-25T00:15:18.186+0000] {logging_mixin.py:188} INFO - [2024-05-25T00:15:18.183+0000] {dagbag.py:545} INFO - Filling up the DagBag from /home/airflow/.local/lib/python3.12/site-packages/airflow/example_dags/example_python_decorator.py
[2024-05-25T00:15:18.234+0000] {processor.py:840} INFO - DAG(s) 'example_python_decorator' retrieved from /home/airflow/.local/lib/python3.12/site-packages/airflow/example_dags/example_python_decorator.py
[2024-05-25T00:15:18.398+0000] {logging_mixin.py:188} INFO - [2024-05-25T00:15:18.397+0000] {dag.py:3096} INFO - Sync 1 DAGs
[2024-05-25T00:15:18.440+0000] {logging_mixin.py:188} INFO - [2024-05-25T00:15:18.439+0000] {dag.py:3954} INFO - Setting next_dagrun for example_python_decorator to None, run_after=None
[2024-05-25T00:15:18.481+0000] {processor.py:183} INFO - Processing /home/airflow/.local/lib/python3.12/site-packages/airflow/example_dags/example_python_decorator.py took 0.322 seconds
