[2024-05-25T00:00:10.920+0000] {processor.py:161} INFO - Started process (PID=38619) to work on /home/airflow/.local/lib/python3.12/site-packages/airflow/example_dags/example_short_circuit_operator.py
[2024-05-25T00:00:10.922+0000] {processor.py:830} INFO - Processing file /home/airflow/.local/lib/python3.12/site-packages/airflow/example_dags/example_short_circuit_operator.py for tasks to queue
[2024-05-25T00:00:10.924+0000] {logging_mixin.py:188} INFO - [2024-05-25T00:00:10.924+0000] {dagbag.py:545} INFO - Filling up the DagBag from /home/airflow/.local/lib/python3.12/site-packages/airflow/example_dags/example_short_circuit_operator.py
[2024-05-25T00:00:10.935+0000] {processor.py:840} INFO - DAG(s) 'example_short_circuit_operator' retrieved from /home/airflow/.local/lib/python3.12/site-packages/airflow/example_dags/example_short_circuit_operator.py
[2024-05-25T00:00:10.962+0000] {logging_mixin.py:188} INFO - [2024-05-25T00:00:10.961+0000] {dag.py:3096} INFO - Sync 1 DAGs
[2024-05-25T00:00:10.987+0000] {logging_mixin.py:188} INFO - [2024-05-25T00:00:10.987+0000] {dag.py:3954} INFO - Setting next_dagrun for example_short_circuit_operator to 2024-05-24 00:00:00+00:00, run_after=2024-05-25 00:00:00+00:00
[2024-05-25T00:00:11.007+0000] {processor.py:183} INFO - Processing /home/airflow/.local/lib/python3.12/site-packages/airflow/example_dags/example_short_circuit_operator.py took 0.095 seconds
[2024-05-25T00:00:41.108+0000] {processor.py:161} INFO - Started process (PID=38677) to work on /home/airflow/.local/lib/python3.12/site-packages/airflow/example_dags/example_short_circuit_operator.py
[2024-05-25T00:00:41.109+0000] {processor.py:830} INFO - Processing file /home/airflow/.local/lib/python3.12/site-packages/airflow/example_dags/example_short_circuit_operator.py for tasks to queue
[2024-05-25T00:00:41.111+0000] {logging_mixin.py:188} INFO - [2024-05-25T00:00:41.111+0000] {dagbag.py:545} INFO - Filling up the DagBag from /home/airflow/.local/lib/python3.12/site-packages/airflow/example_dags/example_short_circuit_operator.py
[2024-05-25T00:00:41.118+0000] {processor.py:840} INFO - DAG(s) 'example_short_circuit_operator' retrieved from /home/airflow/.local/lib/python3.12/site-packages/airflow/example_dags/example_short_circuit_operator.py
[2024-05-25T00:00:41.144+0000] {logging_mixin.py:188} INFO - [2024-05-25T00:00:41.143+0000] {dag.py:3096} INFO - Sync 1 DAGs
[2024-05-25T00:00:41.166+0000] {logging_mixin.py:188} INFO - [2024-05-25T00:00:41.166+0000] {dag.py:3954} INFO - Setting next_dagrun for example_short_circuit_operator to 2024-05-24 00:00:00+00:00, run_after=2024-05-25 00:00:00+00:00
[2024-05-25T00:00:41.206+0000] {processor.py:183} INFO - Processing /home/airflow/.local/lib/python3.12/site-packages/airflow/example_dags/example_short_circuit_operator.py took 0.105 seconds
[2024-05-25T00:01:11.373+0000] {processor.py:161} INFO - Started process (PID=38735) to work on /home/airflow/.local/lib/python3.12/site-packages/airflow/example_dags/example_short_circuit_operator.py
[2024-05-25T00:01:11.374+0000] {processor.py:830} INFO - Processing file /home/airflow/.local/lib/python3.12/site-packages/airflow/example_dags/example_short_circuit_operator.py for tasks to queue
[2024-05-25T00:01:11.377+0000] {logging_mixin.py:188} INFO - [2024-05-25T00:01:11.376+0000] {dagbag.py:545} INFO - Filling up the DagBag from /home/airflow/.local/lib/python3.12/site-packages/airflow/example_dags/example_short_circuit_operator.py
[2024-05-25T00:01:11.385+0000] {processor.py:840} INFO - DAG(s) 'example_short_circuit_operator' retrieved from /home/airflow/.local/lib/python3.12/site-packages/airflow/example_dags/example_short_circuit_operator.py
[2024-05-25T00:01:11.415+0000] {logging_mixin.py:188} INFO - [2024-05-25T00:01:11.414+0000] {dag.py:3096} INFO - Sync 1 DAGs
[2024-05-25T00:01:11.439+0000] {logging_mixin.py:188} INFO - [2024-05-25T00:01:11.439+0000] {dag.py:3954} INFO - Setting next_dagrun for example_short_circuit_operator to 2024-05-24 00:00:00+00:00, run_after=2024-05-25 00:00:00+00:00
[2024-05-25T00:01:11.467+0000] {processor.py:183} INFO - Processing /home/airflow/.local/lib/python3.12/site-packages/airflow/example_dags/example_short_circuit_operator.py took 0.100 seconds
[2024-05-25T00:01:42.471+0000] {processor.py:161} INFO - Started process (PID=38793) to work on /home/airflow/.local/lib/python3.12/site-packages/airflow/example_dags/example_short_circuit_operator.py
[2024-05-25T00:01:42.473+0000] {processor.py:830} INFO - Processing file /home/airflow/.local/lib/python3.12/site-packages/airflow/example_dags/example_short_circuit_operator.py for tasks to queue
[2024-05-25T00:01:42.484+0000] {logging_mixin.py:188} INFO - [2024-05-25T00:01:42.479+0000] {dagbag.py:545} INFO - Filling up the DagBag from /home/airflow/.local/lib/python3.12/site-packages/airflow/example_dags/example_short_circuit_operator.py
[2024-05-25T00:01:42.529+0000] {processor.py:840} INFO - DAG(s) 'example_short_circuit_operator' retrieved from /home/airflow/.local/lib/python3.12/site-packages/airflow/example_dags/example_short_circuit_operator.py
[2024-05-25T00:01:42.681+0000] {logging_mixin.py:188} INFO - [2024-05-25T00:01:42.680+0000] {dag.py:3096} INFO - Sync 1 DAGs
[2024-05-25T00:01:42.720+0000] {logging_mixin.py:188} INFO - [2024-05-25T00:01:42.720+0000] {dag.py:3954} INFO - Setting next_dagrun for example_short_circuit_operator to 2024-05-24 00:00:00+00:00, run_after=2024-05-25 00:00:00+00:00
[2024-05-25T00:01:42.757+0000] {processor.py:183} INFO - Processing /home/airflow/.local/lib/python3.12/site-packages/airflow/example_dags/example_short_circuit_operator.py took 0.305 seconds
[2024-05-25T00:02:13.632+0000] {processor.py:161} INFO - Started process (PID=38851) to work on /home/airflow/.local/lib/python3.12/site-packages/airflow/example_dags/example_short_circuit_operator.py
[2024-05-25T00:02:13.634+0000] {processor.py:830} INFO - Processing file /home/airflow/.local/lib/python3.12/site-packages/airflow/example_dags/example_short_circuit_operator.py for tasks to queue
[2024-05-25T00:02:13.639+0000] {logging_mixin.py:188} INFO - [2024-05-25T00:02:13.638+0000] {dagbag.py:545} INFO - Filling up the DagBag from /home/airflow/.local/lib/python3.12/site-packages/airflow/example_dags/example_short_circuit_operator.py
[2024-05-25T00:02:13.649+0000] {processor.py:840} INFO - DAG(s) 'example_short_circuit_operator' retrieved from /home/airflow/.local/lib/python3.12/site-packages/airflow/example_dags/example_short_circuit_operator.py
[2024-05-25T00:02:13.680+0000] {logging_mixin.py:188} INFO - [2024-05-25T00:02:13.679+0000] {dag.py:3096} INFO - Sync 1 DAGs
[2024-05-25T00:02:13.721+0000] {logging_mixin.py:188} INFO - [2024-05-25T00:02:13.721+0000] {dag.py:3954} INFO - Setting next_dagrun for example_short_circuit_operator to 2024-05-24 00:00:00+00:00, run_after=2024-05-25 00:00:00+00:00
[2024-05-25T00:02:13.750+0000] {processor.py:183} INFO - Processing /home/airflow/.local/lib/python3.12/site-packages/airflow/example_dags/example_short_circuit_operator.py took 0.124 seconds
[2024-05-25T00:02:43.967+0000] {processor.py:161} INFO - Started process (PID=38909) to work on /home/airflow/.local/lib/python3.12/site-packages/airflow/example_dags/example_short_circuit_operator.py
[2024-05-25T00:02:43.969+0000] {processor.py:830} INFO - Processing file /home/airflow/.local/lib/python3.12/site-packages/airflow/example_dags/example_short_circuit_operator.py for tasks to queue
[2024-05-25T00:02:43.972+0000] {logging_mixin.py:188} INFO - [2024-05-25T00:02:43.972+0000] {dagbag.py:545} INFO - Filling up the DagBag from /home/airflow/.local/lib/python3.12/site-packages/airflow/example_dags/example_short_circuit_operator.py
[2024-05-25T00:02:44.010+0000] {processor.py:840} INFO - DAG(s) 'example_short_circuit_operator' retrieved from /home/airflow/.local/lib/python3.12/site-packages/airflow/example_dags/example_short_circuit_operator.py
[2024-05-25T00:02:44.152+0000] {logging_mixin.py:188} INFO - [2024-05-25T00:02:44.151+0000] {dag.py:3096} INFO - Sync 1 DAGs
[2024-05-25T00:02:44.311+0000] {logging_mixin.py:188} INFO - [2024-05-25T00:02:44.310+0000] {dag.py:3954} INFO - Setting next_dagrun for example_short_circuit_operator to 2024-05-24 00:00:00+00:00, run_after=2024-05-25 00:00:00+00:00
[2024-05-25T00:02:44.477+0000] {processor.py:183} INFO - Processing /home/airflow/.local/lib/python3.12/site-packages/airflow/example_dags/example_short_circuit_operator.py took 0.522 seconds
[2024-05-25T00:03:14.868+0000] {processor.py:161} INFO - Started process (PID=38971) to work on /home/airflow/.local/lib/python3.12/site-packages/airflow/example_dags/example_short_circuit_operator.py
[2024-05-25T00:03:14.870+0000] {processor.py:830} INFO - Processing file /home/airflow/.local/lib/python3.12/site-packages/airflow/example_dags/example_short_circuit_operator.py for tasks to queue
[2024-05-25T00:03:14.873+0000] {logging_mixin.py:188} INFO - [2024-05-25T00:03:14.873+0000] {dagbag.py:545} INFO - Filling up the DagBag from /home/airflow/.local/lib/python3.12/site-packages/airflow/example_dags/example_short_circuit_operator.py
[2024-05-25T00:03:14.883+0000] {processor.py:840} INFO - DAG(s) 'example_short_circuit_operator' retrieved from /home/airflow/.local/lib/python3.12/site-packages/airflow/example_dags/example_short_circuit_operator.py
[2024-05-25T00:03:14.913+0000] {logging_mixin.py:188} INFO - [2024-05-25T00:03:14.912+0000] {dag.py:3096} INFO - Sync 1 DAGs
[2024-05-25T00:03:14.938+0000] {logging_mixin.py:188} INFO - [2024-05-25T00:03:14.938+0000] {dag.py:3954} INFO - Setting next_dagrun for example_short_circuit_operator to 2024-05-24 00:00:00+00:00, run_after=2024-05-25 00:00:00+00:00
[2024-05-25T00:03:14.964+0000] {processor.py:183} INFO - Processing /home/airflow/.local/lib/python3.12/site-packages/airflow/example_dags/example_short_circuit_operator.py took 0.102 seconds
[2024-05-25T00:03:45.466+0000] {processor.py:161} INFO - Started process (PID=39029) to work on /home/airflow/.local/lib/python3.12/site-packages/airflow/example_dags/example_short_circuit_operator.py
[2024-05-25T00:03:45.468+0000] {processor.py:830} INFO - Processing file /home/airflow/.local/lib/python3.12/site-packages/airflow/example_dags/example_short_circuit_operator.py for tasks to queue
[2024-05-25T00:03:45.470+0000] {logging_mixin.py:188} INFO - [2024-05-25T00:03:45.470+0000] {dagbag.py:545} INFO - Filling up the DagBag from /home/airflow/.local/lib/python3.12/site-packages/airflow/example_dags/example_short_circuit_operator.py
[2024-05-25T00:03:45.477+0000] {processor.py:840} INFO - DAG(s) 'example_short_circuit_operator' retrieved from /home/airflow/.local/lib/python3.12/site-packages/airflow/example_dags/example_short_circuit_operator.py
[2024-05-25T00:03:45.501+0000] {logging_mixin.py:188} INFO - [2024-05-25T00:03:45.501+0000] {dag.py:3096} INFO - Sync 1 DAGs
[2024-05-25T00:03:45.524+0000] {logging_mixin.py:188} INFO - [2024-05-25T00:03:45.524+0000] {dag.py:3954} INFO - Setting next_dagrun for example_short_circuit_operator to 2024-05-24 00:00:00+00:00, run_after=2024-05-25 00:00:00+00:00
[2024-05-25T00:03:45.546+0000] {processor.py:183} INFO - Processing /home/airflow/.local/lib/python3.12/site-packages/airflow/example_dags/example_short_circuit_operator.py took 0.085 seconds
[2024-05-25T00:04:16.312+0000] {processor.py:161} INFO - Started process (PID=39087) to work on /home/airflow/.local/lib/python3.12/site-packages/airflow/example_dags/example_short_circuit_operator.py
[2024-05-25T00:04:16.313+0000] {processor.py:830} INFO - Processing file /home/airflow/.local/lib/python3.12/site-packages/airflow/example_dags/example_short_circuit_operator.py for tasks to queue
[2024-05-25T00:04:16.319+0000] {logging_mixin.py:188} INFO - [2024-05-25T00:04:16.318+0000] {dagbag.py:545} INFO - Filling up the DagBag from /home/airflow/.local/lib/python3.12/site-packages/airflow/example_dags/example_short_circuit_operator.py
[2024-05-25T00:04:16.333+0000] {processor.py:840} INFO - DAG(s) 'example_short_circuit_operator' retrieved from /home/airflow/.local/lib/python3.12/site-packages/airflow/example_dags/example_short_circuit_operator.py
[2024-05-25T00:04:16.420+0000] {logging_mixin.py:188} INFO - [2024-05-25T00:04:16.419+0000] {dag.py:3096} INFO - Sync 1 DAGs
[2024-05-25T00:04:16.452+0000] {logging_mixin.py:188} INFO - [2024-05-25T00:04:16.450+0000] {dag.py:3954} INFO - Setting next_dagrun for example_short_circuit_operator to 2024-05-24 00:00:00+00:00, run_after=2024-05-25 00:00:00+00:00
[2024-05-25T00:04:16.489+0000] {processor.py:183} INFO - Processing /home/airflow/.local/lib/python3.12/site-packages/airflow/example_dags/example_short_circuit_operator.py took 0.263 seconds
[2024-05-25T00:04:47.518+0000] {processor.py:161} INFO - Started process (PID=39145) to work on /home/airflow/.local/lib/python3.12/site-packages/airflow/example_dags/example_short_circuit_operator.py
[2024-05-25T00:04:47.520+0000] {processor.py:830} INFO - Processing file /home/airflow/.local/lib/python3.12/site-packages/airflow/example_dags/example_short_circuit_operator.py for tasks to queue
[2024-05-25T00:04:47.523+0000] {logging_mixin.py:188} INFO - [2024-05-25T00:04:47.522+0000] {dagbag.py:545} INFO - Filling up the DagBag from /home/airflow/.local/lib/python3.12/site-packages/airflow/example_dags/example_short_circuit_operator.py
[2024-05-25T00:04:47.549+0000] {processor.py:840} INFO - DAG(s) 'example_short_circuit_operator' retrieved from /home/airflow/.local/lib/python3.12/site-packages/airflow/example_dags/example_short_circuit_operator.py
[2024-05-25T00:04:48.279+0000] {logging_mixin.py:188} INFO - [2024-05-25T00:04:48.271+0000] {dag.py:3096} INFO - Sync 1 DAGs
[2024-05-25T00:04:48.322+0000] {logging_mixin.py:188} INFO - [2024-05-25T00:04:48.321+0000] {dag.py:3954} INFO - Setting next_dagrun for example_short_circuit_operator to 2024-05-24 00:00:00+00:00, run_after=2024-05-25 00:00:00+00:00
[2024-05-25T00:04:48.356+0000] {processor.py:183} INFO - Processing /home/airflow/.local/lib/python3.12/site-packages/airflow/example_dags/example_short_circuit_operator.py took 0.855 seconds
[2024-05-25T00:05:18.670+0000] {processor.py:161} INFO - Started process (PID=39203) to work on /home/airflow/.local/lib/python3.12/site-packages/airflow/example_dags/example_short_circuit_operator.py
[2024-05-25T00:05:18.671+0000] {processor.py:830} INFO - Processing file /home/airflow/.local/lib/python3.12/site-packages/airflow/example_dags/example_short_circuit_operator.py for tasks to queue
[2024-05-25T00:05:18.673+0000] {logging_mixin.py:188} INFO - [2024-05-25T00:05:18.673+0000] {dagbag.py:545} INFO - Filling up the DagBag from /home/airflow/.local/lib/python3.12/site-packages/airflow/example_dags/example_short_circuit_operator.py
[2024-05-25T00:05:18.686+0000] {processor.py:840} INFO - DAG(s) 'example_short_circuit_operator' retrieved from /home/airflow/.local/lib/python3.12/site-packages/airflow/example_dags/example_short_circuit_operator.py
[2024-05-25T00:05:18.711+0000] {logging_mixin.py:188} INFO - [2024-05-25T00:05:18.711+0000] {dag.py:3096} INFO - Sync 1 DAGs
[2024-05-25T00:05:18.749+0000] {logging_mixin.py:188} INFO - [2024-05-25T00:05:18.749+0000] {dag.py:3954} INFO - Setting next_dagrun for example_short_circuit_operator to 2024-05-24 00:00:00+00:00, run_after=2024-05-25 00:00:00+00:00
[2024-05-25T00:05:18.775+0000] {processor.py:183} INFO - Processing /home/airflow/.local/lib/python3.12/site-packages/airflow/example_dags/example_short_circuit_operator.py took 0.112 seconds
[2024-05-25T00:05:48.980+0000] {processor.py:161} INFO - Started process (PID=39261) to work on /home/airflow/.local/lib/python3.12/site-packages/airflow/example_dags/example_short_circuit_operator.py
[2024-05-25T00:05:48.981+0000] {processor.py:830} INFO - Processing file /home/airflow/.local/lib/python3.12/site-packages/airflow/example_dags/example_short_circuit_operator.py for tasks to queue
[2024-05-25T00:05:48.984+0000] {logging_mixin.py:188} INFO - [2024-05-25T00:05:48.983+0000] {dagbag.py:545} INFO - Filling up the DagBag from /home/airflow/.local/lib/python3.12/site-packages/airflow/example_dags/example_short_circuit_operator.py
[2024-05-25T00:05:48.993+0000] {processor.py:840} INFO - DAG(s) 'example_short_circuit_operator' retrieved from /home/airflow/.local/lib/python3.12/site-packages/airflow/example_dags/example_short_circuit_operator.py
[2024-05-25T00:05:49.021+0000] {logging_mixin.py:188} INFO - [2024-05-25T00:05:49.020+0000] {dag.py:3096} INFO - Sync 1 DAGs
[2024-05-25T00:05:49.045+0000] {logging_mixin.py:188} INFO - [2024-05-25T00:05:49.045+0000] {dag.py:3954} INFO - Setting next_dagrun for example_short_circuit_operator to 2024-05-24 00:00:00+00:00, run_after=2024-05-25 00:00:00+00:00
[2024-05-25T00:05:49.066+0000] {processor.py:183} INFO - Processing /home/airflow/.local/lib/python3.12/site-packages/airflow/example_dags/example_short_circuit_operator.py took 0.094 seconds
[2024-05-25T00:06:19.141+0000] {processor.py:161} INFO - Started process (PID=39319) to work on /home/airflow/.local/lib/python3.12/site-packages/airflow/example_dags/example_short_circuit_operator.py
[2024-05-25T00:06:19.143+0000] {processor.py:830} INFO - Processing file /home/airflow/.local/lib/python3.12/site-packages/airflow/example_dags/example_short_circuit_operator.py for tasks to queue
[2024-05-25T00:06:19.146+0000] {logging_mixin.py:188} INFO - [2024-05-25T00:06:19.146+0000] {dagbag.py:545} INFO - Filling up the DagBag from /home/airflow/.local/lib/python3.12/site-packages/airflow/example_dags/example_short_circuit_operator.py
[2024-05-25T00:06:19.153+0000] {processor.py:840} INFO - DAG(s) 'example_short_circuit_operator' retrieved from /home/airflow/.local/lib/python3.12/site-packages/airflow/example_dags/example_short_circuit_operator.py
[2024-05-25T00:06:19.211+0000] {logging_mixin.py:188} INFO - [2024-05-25T00:06:19.211+0000] {dag.py:3096} INFO - Sync 1 DAGs
[2024-05-25T00:06:19.242+0000] {logging_mixin.py:188} INFO - [2024-05-25T00:06:19.241+0000] {dag.py:3954} INFO - Setting next_dagrun for example_short_circuit_operator to 2024-05-24 00:00:00+00:00, run_after=2024-05-25 00:00:00+00:00
[2024-05-25T00:06:19.264+0000] {processor.py:183} INFO - Processing /home/airflow/.local/lib/python3.12/site-packages/airflow/example_dags/example_short_circuit_operator.py took 0.134 seconds
[2024-05-25T00:06:49.820+0000] {processor.py:161} INFO - Started process (PID=39377) to work on /home/airflow/.local/lib/python3.12/site-packages/airflow/example_dags/example_short_circuit_operator.py
[2024-05-25T00:06:49.821+0000] {processor.py:830} INFO - Processing file /home/airflow/.local/lib/python3.12/site-packages/airflow/example_dags/example_short_circuit_operator.py for tasks to queue
[2024-05-25T00:06:49.823+0000] {logging_mixin.py:188} INFO - [2024-05-25T00:06:49.823+0000] {dagbag.py:545} INFO - Filling up the DagBag from /home/airflow/.local/lib/python3.12/site-packages/airflow/example_dags/example_short_circuit_operator.py
[2024-05-25T00:06:49.833+0000] {processor.py:840} INFO - DAG(s) 'example_short_circuit_operator' retrieved from /home/airflow/.local/lib/python3.12/site-packages/airflow/example_dags/example_short_circuit_operator.py
[2024-05-25T00:06:49.860+0000] {logging_mixin.py:188} INFO - [2024-05-25T00:06:49.860+0000] {dag.py:3096} INFO - Sync 1 DAGs
[2024-05-25T00:06:49.886+0000] {logging_mixin.py:188} INFO - [2024-05-25T00:06:49.885+0000] {dag.py:3954} INFO - Setting next_dagrun for example_short_circuit_operator to 2024-05-24 00:00:00+00:00, run_after=2024-05-25 00:00:00+00:00
[2024-05-25T00:06:49.923+0000] {processor.py:183} INFO - Processing /home/airflow/.local/lib/python3.12/site-packages/airflow/example_dags/example_short_circuit_operator.py took 0.109 seconds
[2024-05-25T00:07:20.087+0000] {processor.py:161} INFO - Started process (PID=39435) to work on /home/airflow/.local/lib/python3.12/site-packages/airflow/example_dags/example_short_circuit_operator.py
[2024-05-25T00:07:20.089+0000] {processor.py:830} INFO - Processing file /home/airflow/.local/lib/python3.12/site-packages/airflow/example_dags/example_short_circuit_operator.py for tasks to queue
[2024-05-25T00:07:20.091+0000] {logging_mixin.py:188} INFO - [2024-05-25T00:07:20.091+0000] {dagbag.py:545} INFO - Filling up the DagBag from /home/airflow/.local/lib/python3.12/site-packages/airflow/example_dags/example_short_circuit_operator.py
[2024-05-25T00:07:20.099+0000] {processor.py:840} INFO - DAG(s) 'example_short_circuit_operator' retrieved from /home/airflow/.local/lib/python3.12/site-packages/airflow/example_dags/example_short_circuit_operator.py
[2024-05-25T00:07:20.125+0000] {logging_mixin.py:188} INFO - [2024-05-25T00:07:20.124+0000] {dag.py:3096} INFO - Sync 1 DAGs
[2024-05-25T00:07:20.147+0000] {logging_mixin.py:188} INFO - [2024-05-25T00:07:20.146+0000] {dag.py:3954} INFO - Setting next_dagrun for example_short_circuit_operator to 2024-05-24 00:00:00+00:00, run_after=2024-05-25 00:00:00+00:00
[2024-05-25T00:07:20.167+0000] {processor.py:183} INFO - Processing /home/airflow/.local/lib/python3.12/site-packages/airflow/example_dags/example_short_circuit_operator.py took 0.084 seconds
[2024-05-25T00:07:50.393+0000] {processor.py:161} INFO - Started process (PID=39493) to work on /home/airflow/.local/lib/python3.12/site-packages/airflow/example_dags/example_short_circuit_operator.py
[2024-05-25T00:07:50.395+0000] {processor.py:830} INFO - Processing file /home/airflow/.local/lib/python3.12/site-packages/airflow/example_dags/example_short_circuit_operator.py for tasks to queue
[2024-05-25T00:07:50.398+0000] {logging_mixin.py:188} INFO - [2024-05-25T00:07:50.397+0000] {dagbag.py:545} INFO - Filling up the DagBag from /home/airflow/.local/lib/python3.12/site-packages/airflow/example_dags/example_short_circuit_operator.py
[2024-05-25T00:07:50.406+0000] {processor.py:840} INFO - DAG(s) 'example_short_circuit_operator' retrieved from /home/airflow/.local/lib/python3.12/site-packages/airflow/example_dags/example_short_circuit_operator.py
[2024-05-25T00:07:50.434+0000] {logging_mixin.py:188} INFO - [2024-05-25T00:07:50.433+0000] {dag.py:3096} INFO - Sync 1 DAGs
[2024-05-25T00:07:50.459+0000] {logging_mixin.py:188} INFO - [2024-05-25T00:07:50.459+0000] {dag.py:3954} INFO - Setting next_dagrun for example_short_circuit_operator to 2024-05-24 00:00:00+00:00, run_after=2024-05-25 00:00:00+00:00
[2024-05-25T00:07:50.481+0000] {processor.py:183} INFO - Processing /home/airflow/.local/lib/python3.12/site-packages/airflow/example_dags/example_short_circuit_operator.py took 0.094 seconds
[2024-05-25T00:08:32.023+0000] {processor.py:161} INFO - Started process (PID=39538) to work on /home/airflow/.local/lib/python3.12/site-packages/airflow/example_dags/example_short_circuit_operator.py
[2024-05-25T00:08:32.026+0000] {processor.py:830} INFO - Processing file /home/airflow/.local/lib/python3.12/site-packages/airflow/example_dags/example_short_circuit_operator.py for tasks to queue
[2024-05-25T00:08:32.032+0000] {logging_mixin.py:188} INFO - [2024-05-25T00:08:32.031+0000] {dagbag.py:545} INFO - Filling up the DagBag from /home/airflow/.local/lib/python3.12/site-packages/airflow/example_dags/example_short_circuit_operator.py
[2024-05-25T00:08:32.050+0000] {processor.py:840} INFO - DAG(s) 'example_short_circuit_operator' retrieved from /home/airflow/.local/lib/python3.12/site-packages/airflow/example_dags/example_short_circuit_operator.py
[2024-05-25T00:08:32.461+0000] {logging_mixin.py:188} INFO - [2024-05-25T00:08:32.460+0000] {dag.py:3096} INFO - Sync 1 DAGs
[2024-05-25T00:08:32.506+0000] {logging_mixin.py:188} INFO - [2024-05-25T00:08:32.506+0000] {dag.py:3954} INFO - Setting next_dagrun for example_short_circuit_operator to 2024-05-24 00:00:00+00:00, run_after=2024-05-25 00:00:00+00:00
[2024-05-25T00:08:32.560+0000] {processor.py:183} INFO - Processing /home/airflow/.local/lib/python3.12/site-packages/airflow/example_dags/example_short_circuit_operator.py took 0.549 seconds
[2024-05-25T00:09:03.112+0000] {processor.py:161} INFO - Started process (PID=39596) to work on /home/airflow/.local/lib/python3.12/site-packages/airflow/example_dags/example_short_circuit_operator.py
[2024-05-25T00:09:03.113+0000] {processor.py:830} INFO - Processing file /home/airflow/.local/lib/python3.12/site-packages/airflow/example_dags/example_short_circuit_operator.py for tasks to queue
[2024-05-25T00:09:03.115+0000] {logging_mixin.py:188} INFO - [2024-05-25T00:09:03.115+0000] {dagbag.py:545} INFO - Filling up the DagBag from /home/airflow/.local/lib/python3.12/site-packages/airflow/example_dags/example_short_circuit_operator.py
[2024-05-25T00:09:03.126+0000] {processor.py:840} INFO - DAG(s) 'example_short_circuit_operator' retrieved from /home/airflow/.local/lib/python3.12/site-packages/airflow/example_dags/example_short_circuit_operator.py
[2024-05-25T00:09:03.196+0000] {logging_mixin.py:188} INFO - [2024-05-25T00:09:03.195+0000] {dag.py:3096} INFO - Sync 1 DAGs
[2024-05-25T00:09:03.233+0000] {logging_mixin.py:188} INFO - [2024-05-25T00:09:03.233+0000] {dag.py:3954} INFO - Setting next_dagrun for example_short_circuit_operator to 2024-05-24 00:00:00+00:00, run_after=2024-05-25 00:00:00+00:00
[2024-05-25T00:09:03.266+0000] {processor.py:183} INFO - Processing /home/airflow/.local/lib/python3.12/site-packages/airflow/example_dags/example_short_circuit_operator.py took 0.160 seconds
[2024-05-25T00:10:01.725+0000] {processor.py:161} INFO - Started process (PID=39651) to work on /home/airflow/.local/lib/python3.12/site-packages/airflow/example_dags/example_short_circuit_operator.py
[2024-05-25T00:10:01.729+0000] {processor.py:830} INFO - Processing file /home/airflow/.local/lib/python3.12/site-packages/airflow/example_dags/example_short_circuit_operator.py for tasks to queue
[2024-05-25T00:10:01.737+0000] {logging_mixin.py:188} INFO - [2024-05-25T00:10:01.736+0000] {dagbag.py:545} INFO - Filling up the DagBag from /home/airflow/.local/lib/python3.12/site-packages/airflow/example_dags/example_short_circuit_operator.py
[2024-05-25T00:10:01.754+0000] {processor.py:840} INFO - DAG(s) 'example_short_circuit_operator' retrieved from /home/airflow/.local/lib/python3.12/site-packages/airflow/example_dags/example_short_circuit_operator.py
[2024-05-25T00:10:01.828+0000] {logging_mixin.py:188} INFO - [2024-05-25T00:10:01.827+0000] {dag.py:3096} INFO - Sync 1 DAGs
[2024-05-25T00:10:01.923+0000] {logging_mixin.py:188} INFO - [2024-05-25T00:10:01.922+0000] {dag.py:3954} INFO - Setting next_dagrun for example_short_circuit_operator to 2024-05-24 00:00:00+00:00, run_after=2024-05-25 00:00:00+00:00
[2024-05-25T00:10:02.016+0000] {processor.py:183} INFO - Processing /home/airflow/.local/lib/python3.12/site-packages/airflow/example_dags/example_short_circuit_operator.py took 0.302 seconds
[2024-05-25T00:10:33.158+0000] {processor.py:161} INFO - Started process (PID=39701) to work on /home/airflow/.local/lib/python3.12/site-packages/airflow/example_dags/example_short_circuit_operator.py
[2024-05-25T00:10:33.162+0000] {processor.py:830} INFO - Processing file /home/airflow/.local/lib/python3.12/site-packages/airflow/example_dags/example_short_circuit_operator.py for tasks to queue
[2024-05-25T00:10:33.166+0000] {logging_mixin.py:188} INFO - [2024-05-25T00:10:33.164+0000] {dagbag.py:545} INFO - Filling up the DagBag from /home/airflow/.local/lib/python3.12/site-packages/airflow/example_dags/example_short_circuit_operator.py
[2024-05-25T00:10:33.202+0000] {processor.py:840} INFO - DAG(s) 'example_short_circuit_operator' retrieved from /home/airflow/.local/lib/python3.12/site-packages/airflow/example_dags/example_short_circuit_operator.py
[2024-05-25T00:10:33.296+0000] {logging_mixin.py:188} INFO - [2024-05-25T00:10:33.292+0000] {dag.py:3096} INFO - Sync 1 DAGs
[2024-05-25T00:10:33.355+0000] {logging_mixin.py:188} INFO - [2024-05-25T00:10:33.354+0000] {dag.py:3954} INFO - Setting next_dagrun for example_short_circuit_operator to 2024-05-24 00:00:00+00:00, run_after=2024-05-25 00:00:00+00:00
[2024-05-25T00:10:33.398+0000] {processor.py:183} INFO - Processing /home/airflow/.local/lib/python3.12/site-packages/airflow/example_dags/example_short_circuit_operator.py took 0.255 seconds
[2024-05-25T00:11:03.794+0000] {processor.py:161} INFO - Started process (PID=39759) to work on /home/airflow/.local/lib/python3.12/site-packages/airflow/example_dags/example_short_circuit_operator.py
[2024-05-25T00:11:03.795+0000] {processor.py:830} INFO - Processing file /home/airflow/.local/lib/python3.12/site-packages/airflow/example_dags/example_short_circuit_operator.py for tasks to queue
[2024-05-25T00:11:03.797+0000] {logging_mixin.py:188} INFO - [2024-05-25T00:11:03.796+0000] {dagbag.py:545} INFO - Filling up the DagBag from /home/airflow/.local/lib/python3.12/site-packages/airflow/example_dags/example_short_circuit_operator.py
[2024-05-25T00:11:03.806+0000] {processor.py:840} INFO - DAG(s) 'example_short_circuit_operator' retrieved from /home/airflow/.local/lib/python3.12/site-packages/airflow/example_dags/example_short_circuit_operator.py
[2024-05-25T00:11:03.828+0000] {logging_mixin.py:188} INFO - [2024-05-25T00:11:03.828+0000] {dag.py:3096} INFO - Sync 1 DAGs
[2024-05-25T00:11:03.849+0000] {logging_mixin.py:188} INFO - [2024-05-25T00:11:03.849+0000] {dag.py:3954} INFO - Setting next_dagrun for example_short_circuit_operator to 2024-05-24 00:00:00+00:00, run_after=2024-05-25 00:00:00+00:00
[2024-05-25T00:11:03.871+0000] {processor.py:183} INFO - Processing /home/airflow/.local/lib/python3.12/site-packages/airflow/example_dags/example_short_circuit_operator.py took 0.084 seconds
[2024-05-25T00:11:33.931+0000] {processor.py:161} INFO - Started process (PID=39815) to work on /home/airflow/.local/lib/python3.12/site-packages/airflow/example_dags/example_short_circuit_operator.py
[2024-05-25T00:11:33.932+0000] {processor.py:830} INFO - Processing file /home/airflow/.local/lib/python3.12/site-packages/airflow/example_dags/example_short_circuit_operator.py for tasks to queue
[2024-05-25T00:11:33.934+0000] {logging_mixin.py:188} INFO - [2024-05-25T00:11:33.933+0000] {dagbag.py:545} INFO - Filling up the DagBag from /home/airflow/.local/lib/python3.12/site-packages/airflow/example_dags/example_short_circuit_operator.py
[2024-05-25T00:11:33.942+0000] {processor.py:840} INFO - DAG(s) 'example_short_circuit_operator' retrieved from /home/airflow/.local/lib/python3.12/site-packages/airflow/example_dags/example_short_circuit_operator.py
[2024-05-25T00:11:33.963+0000] {logging_mixin.py:188} INFO - [2024-05-25T00:11:33.963+0000] {dag.py:3096} INFO - Sync 1 DAGs
[2024-05-25T00:11:33.986+0000] {logging_mixin.py:188} INFO - [2024-05-25T00:11:33.986+0000] {dag.py:3954} INFO - Setting next_dagrun for example_short_circuit_operator to 2024-05-24 00:00:00+00:00, run_after=2024-05-25 00:00:00+00:00
[2024-05-25T00:11:34.006+0000] {processor.py:183} INFO - Processing /home/airflow/.local/lib/python3.12/site-packages/airflow/example_dags/example_short_circuit_operator.py took 0.081 seconds
[2024-05-25T00:12:04.924+0000] {processor.py:161} INFO - Started process (PID=39872) to work on /home/airflow/.local/lib/python3.12/site-packages/airflow/example_dags/example_short_circuit_operator.py
[2024-05-25T00:12:04.926+0000] {processor.py:830} INFO - Processing file /home/airflow/.local/lib/python3.12/site-packages/airflow/example_dags/example_short_circuit_operator.py for tasks to queue
[2024-05-25T00:12:04.928+0000] {logging_mixin.py:188} INFO - [2024-05-25T00:12:04.927+0000] {dagbag.py:545} INFO - Filling up the DagBag from /home/airflow/.local/lib/python3.12/site-packages/airflow/example_dags/example_short_circuit_operator.py
[2024-05-25T00:12:04.941+0000] {processor.py:840} INFO - DAG(s) 'example_short_circuit_operator' retrieved from /home/airflow/.local/lib/python3.12/site-packages/airflow/example_dags/example_short_circuit_operator.py
[2024-05-25T00:12:04.975+0000] {logging_mixin.py:188} INFO - [2024-05-25T00:12:04.974+0000] {dag.py:3096} INFO - Sync 1 DAGs
[2024-05-25T00:12:05.007+0000] {logging_mixin.py:188} INFO - [2024-05-25T00:12:05.006+0000] {dag.py:3954} INFO - Setting next_dagrun for example_short_circuit_operator to 2024-05-24 00:00:00+00:00, run_after=2024-05-25 00:00:00+00:00
[2024-05-25T00:12:05.040+0000] {processor.py:183} INFO - Processing /home/airflow/.local/lib/python3.12/site-packages/airflow/example_dags/example_short_circuit_operator.py took 0.127 seconds
[2024-05-25T00:12:46.285+0000] {processor.py:161} INFO - Started process (PID=39905) to work on /home/airflow/.local/lib/python3.12/site-packages/airflow/example_dags/example_short_circuit_operator.py
[2024-05-25T00:12:46.286+0000] {processor.py:830} INFO - Processing file /home/airflow/.local/lib/python3.12/site-packages/airflow/example_dags/example_short_circuit_operator.py for tasks to queue
[2024-05-25T00:12:46.288+0000] {logging_mixin.py:188} INFO - [2024-05-25T00:12:46.288+0000] {dagbag.py:545} INFO - Filling up the DagBag from /home/airflow/.local/lib/python3.12/site-packages/airflow/example_dags/example_short_circuit_operator.py
[2024-05-25T00:12:46.299+0000] {processor.py:840} INFO - DAG(s) 'example_short_circuit_operator' retrieved from /home/airflow/.local/lib/python3.12/site-packages/airflow/example_dags/example_short_circuit_operator.py
[2024-05-25T00:12:46.329+0000] {logging_mixin.py:188} INFO - [2024-05-25T00:12:46.329+0000] {dag.py:3096} INFO - Sync 1 DAGs
[2024-05-25T00:12:46.352+0000] {logging_mixin.py:188} INFO - [2024-05-25T00:12:46.352+0000] {dag.py:3954} INFO - Setting next_dagrun for example_short_circuit_operator to 2024-05-24 00:00:00+00:00, run_after=2024-05-25 00:00:00+00:00
[2024-05-25T00:12:46.386+0000] {processor.py:183} INFO - Processing /home/airflow/.local/lib/python3.12/site-packages/airflow/example_dags/example_short_circuit_operator.py took 0.107 seconds
[2024-05-25T00:13:17.086+0000] {processor.py:161} INFO - Started process (PID=39960) to work on /home/airflow/.local/lib/python3.12/site-packages/airflow/example_dags/example_short_circuit_operator.py
[2024-05-25T00:13:17.088+0000] {processor.py:830} INFO - Processing file /home/airflow/.local/lib/python3.12/site-packages/airflow/example_dags/example_short_circuit_operator.py for tasks to queue
[2024-05-25T00:13:17.091+0000] {logging_mixin.py:188} INFO - [2024-05-25T00:13:17.090+0000] {dagbag.py:545} INFO - Filling up the DagBag from /home/airflow/.local/lib/python3.12/site-packages/airflow/example_dags/example_short_circuit_operator.py
[2024-05-25T00:13:17.113+0000] {processor.py:840} INFO - DAG(s) 'example_short_circuit_operator' retrieved from /home/airflow/.local/lib/python3.12/site-packages/airflow/example_dags/example_short_circuit_operator.py
[2024-05-25T00:13:17.172+0000] {logging_mixin.py:188} INFO - [2024-05-25T00:13:17.170+0000] {dag.py:3096} INFO - Sync 1 DAGs
[2024-05-25T00:13:17.236+0000] {logging_mixin.py:188} INFO - [2024-05-25T00:13:17.235+0000] {dag.py:3954} INFO - Setting next_dagrun for example_short_circuit_operator to 2024-05-24 00:00:00+00:00, run_after=2024-05-25 00:00:00+00:00
[2024-05-25T00:13:17.287+0000] {processor.py:183} INFO - Processing /home/airflow/.local/lib/python3.12/site-packages/airflow/example_dags/example_short_circuit_operator.py took 0.214 seconds
[2024-05-25T00:14:16.264+0000] {processor.py:161} INFO - Started process (PID=40005) to work on /home/airflow/.local/lib/python3.12/site-packages/airflow/example_dags/example_short_circuit_operator.py
[2024-05-25T00:14:16.265+0000] {processor.py:830} INFO - Processing file /home/airflow/.local/lib/python3.12/site-packages/airflow/example_dags/example_short_circuit_operator.py for tasks to queue
[2024-05-25T00:14:16.267+0000] {logging_mixin.py:188} INFO - [2024-05-25T00:14:16.267+0000] {dagbag.py:545} INFO - Filling up the DagBag from /home/airflow/.local/lib/python3.12/site-packages/airflow/example_dags/example_short_circuit_operator.py
[2024-05-25T00:14:16.276+0000] {processor.py:840} INFO - DAG(s) 'example_short_circuit_operator' retrieved from /home/airflow/.local/lib/python3.12/site-packages/airflow/example_dags/example_short_circuit_operator.py
[2024-05-25T00:14:16.305+0000] {logging_mixin.py:188} INFO - [2024-05-25T00:14:16.305+0000] {dag.py:3096} INFO - Sync 1 DAGs
[2024-05-25T00:14:16.331+0000] {logging_mixin.py:188} INFO - [2024-05-25T00:14:16.331+0000] {dag.py:3954} INFO - Setting next_dagrun for example_short_circuit_operator to 2024-05-24 00:00:00+00:00, run_after=2024-05-25 00:00:00+00:00
[2024-05-25T00:14:16.574+0000] {processor.py:183} INFO - Processing /home/airflow/.local/lib/python3.12/site-packages/airflow/example_dags/example_short_circuit_operator.py took 0.317 seconds
[2024-05-25T00:14:46.933+0000] {processor.py:161} INFO - Started process (PID=40062) to work on /home/airflow/.local/lib/python3.12/site-packages/airflow/example_dags/example_short_circuit_operator.py
[2024-05-25T00:14:46.934+0000] {processor.py:830} INFO - Processing file /home/airflow/.local/lib/python3.12/site-packages/airflow/example_dags/example_short_circuit_operator.py for tasks to queue
[2024-05-25T00:14:46.935+0000] {logging_mixin.py:188} INFO - [2024-05-25T00:14:46.935+0000] {dagbag.py:545} INFO - Filling up the DagBag from /home/airflow/.local/lib/python3.12/site-packages/airflow/example_dags/example_short_circuit_operator.py
[2024-05-25T00:14:46.943+0000] {processor.py:840} INFO - DAG(s) 'example_short_circuit_operator' retrieved from /home/airflow/.local/lib/python3.12/site-packages/airflow/example_dags/example_short_circuit_operator.py
[2024-05-25T00:14:46.978+0000] {logging_mixin.py:188} INFO - [2024-05-25T00:14:46.977+0000] {dag.py:3096} INFO - Sync 1 DAGs
[2024-05-25T00:14:47.013+0000] {logging_mixin.py:188} INFO - [2024-05-25T00:14:47.013+0000] {dag.py:3954} INFO - Setting next_dagrun for example_short_circuit_operator to 2024-05-24 00:00:00+00:00, run_after=2024-05-25 00:00:00+00:00
[2024-05-25T00:14:47.040+0000] {processor.py:183} INFO - Processing /home/airflow/.local/lib/python3.12/site-packages/airflow/example_dags/example_short_circuit_operator.py took 0.114 seconds
[2024-05-25T00:15:20.131+0000] {processor.py:161} INFO - Started process (PID=40086) to work on /home/airflow/.local/lib/python3.12/site-packages/airflow/example_dags/example_short_circuit_operator.py
[2024-05-25T00:15:20.133+0000] {processor.py:830} INFO - Processing file /home/airflow/.local/lib/python3.12/site-packages/airflow/example_dags/example_short_circuit_operator.py for tasks to queue
[2024-05-25T00:15:20.134+0000] {logging_mixin.py:188} INFO - [2024-05-25T00:15:20.134+0000] {dagbag.py:545} INFO - Filling up the DagBag from /home/airflow/.local/lib/python3.12/site-packages/airflow/example_dags/example_short_circuit_operator.py
[2024-05-25T00:15:20.142+0000] {processor.py:840} INFO - DAG(s) 'example_short_circuit_operator' retrieved from /home/airflow/.local/lib/python3.12/site-packages/airflow/example_dags/example_short_circuit_operator.py
[2024-05-25T00:15:20.170+0000] {logging_mixin.py:188} INFO - [2024-05-25T00:15:20.169+0000] {dag.py:3096} INFO - Sync 1 DAGs
[2024-05-25T00:15:20.192+0000] {logging_mixin.py:188} INFO - [2024-05-25T00:15:20.191+0000] {dag.py:3954} INFO - Setting next_dagrun for example_short_circuit_operator to 2024-05-24 00:00:00+00:00, run_after=2024-05-25 00:00:00+00:00
[2024-05-25T00:15:20.221+0000] {processor.py:183} INFO - Processing /home/airflow/.local/lib/python3.12/site-packages/airflow/example_dags/example_short_circuit_operator.py took 0.096 seconds
