[2024-05-25T00:00:23.428+0000] {processor.py:161} INFO - Started process (PID=38654) to work on /home/airflow/.local/lib/python3.12/site-packages/airflow/example_dags/example_branch_labels.py
[2024-05-25T00:00:23.429+0000] {processor.py:830} INFO - Processing file /home/airflow/.local/lib/python3.12/site-packages/airflow/example_dags/example_branch_labels.py for tasks to queue
[2024-05-25T00:00:23.431+0000] {logging_mixin.py:188} INFO - [2024-05-25T00:00:23.431+0000] {dagbag.py:545} INFO - Filling up the DagBag from /home/airflow/.local/lib/python3.12/site-packages/airflow/example_dags/example_branch_labels.py
[2024-05-25T00:00:23.439+0000] {processor.py:840} INFO - DAG(s) 'example_branch_labels' retrieved from /home/airflow/.local/lib/python3.12/site-packages/airflow/example_dags/example_branch_labels.py
[2024-05-25T00:00:23.465+0000] {logging_mixin.py:188} INFO - [2024-05-25T00:00:23.465+0000] {dag.py:3096} INFO - Sync 1 DAGs
[2024-05-25T00:00:23.493+0000] {logging_mixin.py:188} INFO - [2024-05-25T00:00:23.492+0000] {dag.py:3954} INFO - Setting next_dagrun for example_branch_labels to 2024-05-24 00:00:00+00:00, run_after=2024-05-25 00:00:00+00:00
[2024-05-25T00:00:23.518+0000] {processor.py:183} INFO - Processing /home/airflow/.local/lib/python3.12/site-packages/airflow/example_dags/example_branch_labels.py took 0.100 seconds
[2024-05-25T00:00:54.409+0000] {processor.py:161} INFO - Started process (PID=38711) to work on /home/airflow/.local/lib/python3.12/site-packages/airflow/example_dags/example_branch_labels.py
[2024-05-25T00:00:54.411+0000] {processor.py:830} INFO - Processing file /home/airflow/.local/lib/python3.12/site-packages/airflow/example_dags/example_branch_labels.py for tasks to queue
[2024-05-25T00:00:54.414+0000] {logging_mixin.py:188} INFO - [2024-05-25T00:00:54.414+0000] {dagbag.py:545} INFO - Filling up the DagBag from /home/airflow/.local/lib/python3.12/site-packages/airflow/example_dags/example_branch_labels.py
[2024-05-25T00:00:54.423+0000] {processor.py:840} INFO - DAG(s) 'example_branch_labels' retrieved from /home/airflow/.local/lib/python3.12/site-packages/airflow/example_dags/example_branch_labels.py
[2024-05-25T00:00:54.451+0000] {logging_mixin.py:188} INFO - [2024-05-25T00:00:54.451+0000] {dag.py:3096} INFO - Sync 1 DAGs
[2024-05-25T00:00:54.479+0000] {logging_mixin.py:188} INFO - [2024-05-25T00:00:54.478+0000] {dag.py:3954} INFO - Setting next_dagrun for example_branch_labels to 2024-05-24 00:00:00+00:00, run_after=2024-05-25 00:00:00+00:00
[2024-05-25T00:00:54.507+0000] {processor.py:183} INFO - Processing /home/airflow/.local/lib/python3.12/site-packages/airflow/example_dags/example_branch_labels.py took 0.104 seconds
[2024-05-25T00:01:24.918+0000] {processor.py:161} INFO - Started process (PID=38769) to work on /home/airflow/.local/lib/python3.12/site-packages/airflow/example_dags/example_branch_labels.py
[2024-05-25T00:01:24.919+0000] {processor.py:830} INFO - Processing file /home/airflow/.local/lib/python3.12/site-packages/airflow/example_dags/example_branch_labels.py for tasks to queue
[2024-05-25T00:01:24.922+0000] {logging_mixin.py:188} INFO - [2024-05-25T00:01:24.921+0000] {dagbag.py:545} INFO - Filling up the DagBag from /home/airflow/.local/lib/python3.12/site-packages/airflow/example_dags/example_branch_labels.py
[2024-05-25T00:01:24.929+0000] {processor.py:840} INFO - DAG(s) 'example_branch_labels' retrieved from /home/airflow/.local/lib/python3.12/site-packages/airflow/example_dags/example_branch_labels.py
[2024-05-25T00:01:24.954+0000] {logging_mixin.py:188} INFO - [2024-05-25T00:01:24.953+0000] {dag.py:3096} INFO - Sync 1 DAGs
[2024-05-25T00:01:24.978+0000] {logging_mixin.py:188} INFO - [2024-05-25T00:01:24.977+0000] {dag.py:3954} INFO - Setting next_dagrun for example_branch_labels to 2024-05-24 00:00:00+00:00, run_after=2024-05-25 00:00:00+00:00
[2024-05-25T00:01:25.006+0000] {processor.py:183} INFO - Processing /home/airflow/.local/lib/python3.12/site-packages/airflow/example_dags/example_branch_labels.py took 0.095 seconds
[2024-05-25T00:01:55.785+0000] {processor.py:161} INFO - Started process (PID=38827) to work on /home/airflow/.local/lib/python3.12/site-packages/airflow/example_dags/example_branch_labels.py
[2024-05-25T00:01:55.786+0000] {processor.py:830} INFO - Processing file /home/airflow/.local/lib/python3.12/site-packages/airflow/example_dags/example_branch_labels.py for tasks to queue
[2024-05-25T00:01:55.788+0000] {logging_mixin.py:188} INFO - [2024-05-25T00:01:55.788+0000] {dagbag.py:545} INFO - Filling up the DagBag from /home/airflow/.local/lib/python3.12/site-packages/airflow/example_dags/example_branch_labels.py
[2024-05-25T00:01:55.796+0000] {processor.py:840} INFO - DAG(s) 'example_branch_labels' retrieved from /home/airflow/.local/lib/python3.12/site-packages/airflow/example_dags/example_branch_labels.py
[2024-05-25T00:01:55.815+0000] {logging_mixin.py:188} INFO - [2024-05-25T00:01:55.815+0000] {dag.py:3096} INFO - Sync 1 DAGs
[2024-05-25T00:01:55.833+0000] {logging_mixin.py:188} INFO - [2024-05-25T00:01:55.833+0000] {dag.py:3954} INFO - Setting next_dagrun for example_branch_labels to 2024-05-24 00:00:00+00:00, run_after=2024-05-25 00:00:00+00:00
[2024-05-25T00:01:55.850+0000] {processor.py:183} INFO - Processing /home/airflow/.local/lib/python3.12/site-packages/airflow/example_dags/example_branch_labels.py took 0.070 seconds
[2024-05-25T00:02:26.395+0000] {processor.py:161} INFO - Started process (PID=38885) to work on /home/airflow/.local/lib/python3.12/site-packages/airflow/example_dags/example_branch_labels.py
[2024-05-25T00:02:26.396+0000] {processor.py:830} INFO - Processing file /home/airflow/.local/lib/python3.12/site-packages/airflow/example_dags/example_branch_labels.py for tasks to queue
[2024-05-25T00:02:26.398+0000] {logging_mixin.py:188} INFO - [2024-05-25T00:02:26.398+0000] {dagbag.py:545} INFO - Filling up the DagBag from /home/airflow/.local/lib/python3.12/site-packages/airflow/example_dags/example_branch_labels.py
[2024-05-25T00:02:26.405+0000] {processor.py:840} INFO - DAG(s) 'example_branch_labels' retrieved from /home/airflow/.local/lib/python3.12/site-packages/airflow/example_dags/example_branch_labels.py
[2024-05-25T00:02:26.427+0000] {logging_mixin.py:188} INFO - [2024-05-25T00:02:26.427+0000] {dag.py:3096} INFO - Sync 1 DAGs
[2024-05-25T00:02:26.450+0000] {logging_mixin.py:188} INFO - [2024-05-25T00:02:26.450+0000] {dag.py:3954} INFO - Setting next_dagrun for example_branch_labels to 2024-05-24 00:00:00+00:00, run_after=2024-05-25 00:00:00+00:00
[2024-05-25T00:02:26.470+0000] {processor.py:183} INFO - Processing /home/airflow/.local/lib/python3.12/site-packages/airflow/example_dags/example_branch_labels.py took 0.082 seconds
[2024-05-25T00:02:57.233+0000] {processor.py:161} INFO - Started process (PID=38947) to work on /home/airflow/.local/lib/python3.12/site-packages/airflow/example_dags/example_branch_labels.py
[2024-05-25T00:02:57.234+0000] {processor.py:830} INFO - Processing file /home/airflow/.local/lib/python3.12/site-packages/airflow/example_dags/example_branch_labels.py for tasks to queue
[2024-05-25T00:02:57.237+0000] {logging_mixin.py:188} INFO - [2024-05-25T00:02:57.236+0000] {dagbag.py:545} INFO - Filling up the DagBag from /home/airflow/.local/lib/python3.12/site-packages/airflow/example_dags/example_branch_labels.py
[2024-05-25T00:02:57.244+0000] {processor.py:840} INFO - DAG(s) 'example_branch_labels' retrieved from /home/airflow/.local/lib/python3.12/site-packages/airflow/example_dags/example_branch_labels.py
[2024-05-25T00:02:57.269+0000] {logging_mixin.py:188} INFO - [2024-05-25T00:02:57.269+0000] {dag.py:3096} INFO - Sync 1 DAGs
[2024-05-25T00:02:57.292+0000] {logging_mixin.py:188} INFO - [2024-05-25T00:02:57.292+0000] {dag.py:3954} INFO - Setting next_dagrun for example_branch_labels to 2024-05-24 00:00:00+00:00, run_after=2024-05-25 00:00:00+00:00
[2024-05-25T00:02:57.318+0000] {processor.py:183} INFO - Processing /home/airflow/.local/lib/python3.12/site-packages/airflow/example_dags/example_branch_labels.py took 0.096 seconds
[2024-05-25T00:03:27.505+0000] {processor.py:161} INFO - Started process (PID=39005) to work on /home/airflow/.local/lib/python3.12/site-packages/airflow/example_dags/example_branch_labels.py
[2024-05-25T00:03:27.508+0000] {processor.py:830} INFO - Processing file /home/airflow/.local/lib/python3.12/site-packages/airflow/example_dags/example_branch_labels.py for tasks to queue
[2024-05-25T00:03:27.511+0000] {logging_mixin.py:188} INFO - [2024-05-25T00:03:27.511+0000] {dagbag.py:545} INFO - Filling up the DagBag from /home/airflow/.local/lib/python3.12/site-packages/airflow/example_dags/example_branch_labels.py
[2024-05-25T00:03:27.528+0000] {processor.py:840} INFO - DAG(s) 'example_branch_labels' retrieved from /home/airflow/.local/lib/python3.12/site-packages/airflow/example_dags/example_branch_labels.py
[2024-05-25T00:03:27.564+0000] {logging_mixin.py:188} INFO - [2024-05-25T00:03:27.563+0000] {dag.py:3096} INFO - Sync 1 DAGs
[2024-05-25T00:03:27.595+0000] {logging_mixin.py:188} INFO - [2024-05-25T00:03:27.594+0000] {dag.py:3954} INFO - Setting next_dagrun for example_branch_labels to 2024-05-24 00:00:00+00:00, run_after=2024-05-25 00:00:00+00:00
[2024-05-25T00:03:27.623+0000] {processor.py:183} INFO - Processing /home/airflow/.local/lib/python3.12/site-packages/airflow/example_dags/example_branch_labels.py took 0.128 seconds
[2024-05-25T00:03:58.586+0000] {processor.py:161} INFO - Started process (PID=39063) to work on /home/airflow/.local/lib/python3.12/site-packages/airflow/example_dags/example_branch_labels.py
[2024-05-25T00:03:58.587+0000] {processor.py:830} INFO - Processing file /home/airflow/.local/lib/python3.12/site-packages/airflow/example_dags/example_branch_labels.py for tasks to queue
[2024-05-25T00:03:58.589+0000] {logging_mixin.py:188} INFO - [2024-05-25T00:03:58.589+0000] {dagbag.py:545} INFO - Filling up the DagBag from /home/airflow/.local/lib/python3.12/site-packages/airflow/example_dags/example_branch_labels.py
[2024-05-25T00:03:58.596+0000] {processor.py:840} INFO - DAG(s) 'example_branch_labels' retrieved from /home/airflow/.local/lib/python3.12/site-packages/airflow/example_dags/example_branch_labels.py
[2024-05-25T00:03:58.617+0000] {logging_mixin.py:188} INFO - [2024-05-25T00:03:58.616+0000] {dag.py:3096} INFO - Sync 1 DAGs
[2024-05-25T00:03:58.640+0000] {logging_mixin.py:188} INFO - [2024-05-25T00:03:58.639+0000] {dag.py:3954} INFO - Setting next_dagrun for example_branch_labels to 2024-05-24 00:00:00+00:00, run_after=2024-05-25 00:00:00+00:00
[2024-05-25T00:03:58.660+0000] {processor.py:183} INFO - Processing /home/airflow/.local/lib/python3.12/site-packages/airflow/example_dags/example_branch_labels.py took 0.079 seconds
[2024-05-25T00:04:28.900+0000] {processor.py:161} INFO - Started process (PID=39121) to work on /home/airflow/.local/lib/python3.12/site-packages/airflow/example_dags/example_branch_labels.py
[2024-05-25T00:04:28.901+0000] {processor.py:830} INFO - Processing file /home/airflow/.local/lib/python3.12/site-packages/airflow/example_dags/example_branch_labels.py for tasks to queue
[2024-05-25T00:04:28.903+0000] {logging_mixin.py:188} INFO - [2024-05-25T00:04:28.903+0000] {dagbag.py:545} INFO - Filling up the DagBag from /home/airflow/.local/lib/python3.12/site-packages/airflow/example_dags/example_branch_labels.py
[2024-05-25T00:04:28.914+0000] {processor.py:840} INFO - DAG(s) 'example_branch_labels' retrieved from /home/airflow/.local/lib/python3.12/site-packages/airflow/example_dags/example_branch_labels.py
[2024-05-25T00:04:28.940+0000] {logging_mixin.py:188} INFO - [2024-05-25T00:04:28.939+0000] {dag.py:3096} INFO - Sync 1 DAGs
[2024-05-25T00:04:28.979+0000] {logging_mixin.py:188} INFO - [2024-05-25T00:04:28.979+0000] {dag.py:3954} INFO - Setting next_dagrun for example_branch_labels to 2024-05-24 00:00:00+00:00, run_after=2024-05-25 00:00:00+00:00
[2024-05-25T00:04:28.997+0000] {processor.py:183} INFO - Processing /home/airflow/.local/lib/python3.12/site-packages/airflow/example_dags/example_branch_labels.py took 0.103 seconds
[2024-05-25T00:05:04.649+0000] {processor.py:161} INFO - Started process (PID=39173) to work on /home/airflow/.local/lib/python3.12/site-packages/airflow/example_dags/example_branch_labels.py
[2024-05-25T00:05:04.650+0000] {processor.py:830} INFO - Processing file /home/airflow/.local/lib/python3.12/site-packages/airflow/example_dags/example_branch_labels.py for tasks to queue
[2024-05-25T00:05:04.652+0000] {logging_mixin.py:188} INFO - [2024-05-25T00:05:04.652+0000] {dagbag.py:545} INFO - Filling up the DagBag from /home/airflow/.local/lib/python3.12/site-packages/airflow/example_dags/example_branch_labels.py
[2024-05-25T00:05:04.668+0000] {processor.py:840} INFO - DAG(s) 'example_branch_labels' retrieved from /home/airflow/.local/lib/python3.12/site-packages/airflow/example_dags/example_branch_labels.py
[2024-05-25T00:05:04.694+0000] {logging_mixin.py:188} INFO - [2024-05-25T00:05:04.693+0000] {dag.py:3096} INFO - Sync 1 DAGs
[2024-05-25T00:05:04.744+0000] {logging_mixin.py:188} INFO - [2024-05-25T00:05:04.744+0000] {dag.py:3954} INFO - Setting next_dagrun for example_branch_labels to 2024-05-24 00:00:00+00:00, run_after=2024-05-25 00:00:00+00:00
[2024-05-25T00:05:04.769+0000] {processor.py:183} INFO - Processing /home/airflow/.local/lib/python3.12/site-packages/airflow/example_dags/example_branch_labels.py took 0.127 seconds
[2024-05-25T00:05:35.608+0000] {processor.py:161} INFO - Started process (PID=39235) to work on /home/airflow/.local/lib/python3.12/site-packages/airflow/example_dags/example_branch_labels.py
[2024-05-25T00:05:35.610+0000] {processor.py:830} INFO - Processing file /home/airflow/.local/lib/python3.12/site-packages/airflow/example_dags/example_branch_labels.py for tasks to queue
[2024-05-25T00:05:35.613+0000] {logging_mixin.py:188} INFO - [2024-05-25T00:05:35.612+0000] {dagbag.py:545} INFO - Filling up the DagBag from /home/airflow/.local/lib/python3.12/site-packages/airflow/example_dags/example_branch_labels.py
[2024-05-25T00:05:35.642+0000] {processor.py:840} INFO - DAG(s) 'example_branch_labels' retrieved from /home/airflow/.local/lib/python3.12/site-packages/airflow/example_dags/example_branch_labels.py
[2024-05-25T00:05:35.671+0000] {logging_mixin.py:188} INFO - [2024-05-25T00:05:35.671+0000] {dag.py:3096} INFO - Sync 1 DAGs
[2024-05-25T00:05:35.695+0000] {logging_mixin.py:188} INFO - [2024-05-25T00:05:35.695+0000] {dag.py:3954} INFO - Setting next_dagrun for example_branch_labels to 2024-05-24 00:00:00+00:00, run_after=2024-05-25 00:00:00+00:00
[2024-05-25T00:05:35.733+0000] {processor.py:183} INFO - Processing /home/airflow/.local/lib/python3.12/site-packages/airflow/example_dags/example_branch_labels.py took 0.130 seconds
[2024-05-25T00:06:05.801+0000] {processor.py:161} INFO - Started process (PID=39293) to work on /home/airflow/.local/lib/python3.12/site-packages/airflow/example_dags/example_branch_labels.py
[2024-05-25T00:06:05.803+0000] {processor.py:830} INFO - Processing file /home/airflow/.local/lib/python3.12/site-packages/airflow/example_dags/example_branch_labels.py for tasks to queue
[2024-05-25T00:06:05.805+0000] {logging_mixin.py:188} INFO - [2024-05-25T00:06:05.804+0000] {dagbag.py:545} INFO - Filling up the DagBag from /home/airflow/.local/lib/python3.12/site-packages/airflow/example_dags/example_branch_labels.py
[2024-05-25T00:06:05.813+0000] {processor.py:840} INFO - DAG(s) 'example_branch_labels' retrieved from /home/airflow/.local/lib/python3.12/site-packages/airflow/example_dags/example_branch_labels.py
[2024-05-25T00:06:05.846+0000] {logging_mixin.py:188} INFO - [2024-05-25T00:06:05.846+0000] {dag.py:3096} INFO - Sync 1 DAGs
[2024-05-25T00:06:05.867+0000] {logging_mixin.py:188} INFO - [2024-05-25T00:06:05.866+0000] {dag.py:3954} INFO - Setting next_dagrun for example_branch_labels to 2024-05-24 00:00:00+00:00, run_after=2024-05-25 00:00:00+00:00
[2024-05-25T00:06:05.884+0000] {processor.py:183} INFO - Processing /home/airflow/.local/lib/python3.12/site-packages/airflow/example_dags/example_branch_labels.py took 0.088 seconds
[2024-05-25T00:06:35.979+0000] {processor.py:161} INFO - Started process (PID=39351) to work on /home/airflow/.local/lib/python3.12/site-packages/airflow/example_dags/example_branch_labels.py
[2024-05-25T00:06:35.980+0000] {processor.py:830} INFO - Processing file /home/airflow/.local/lib/python3.12/site-packages/airflow/example_dags/example_branch_labels.py for tasks to queue
[2024-05-25T00:06:35.982+0000] {logging_mixin.py:188} INFO - [2024-05-25T00:06:35.982+0000] {dagbag.py:545} INFO - Filling up the DagBag from /home/airflow/.local/lib/python3.12/site-packages/airflow/example_dags/example_branch_labels.py
[2024-05-25T00:06:35.991+0000] {processor.py:840} INFO - DAG(s) 'example_branch_labels' retrieved from /home/airflow/.local/lib/python3.12/site-packages/airflow/example_dags/example_branch_labels.py
[2024-05-25T00:06:36.012+0000] {logging_mixin.py:188} INFO - [2024-05-25T00:06:36.012+0000] {dag.py:3096} INFO - Sync 1 DAGs
[2024-05-25T00:06:36.041+0000] {logging_mixin.py:188} INFO - [2024-05-25T00:06:36.041+0000] {dag.py:3954} INFO - Setting next_dagrun for example_branch_labels to 2024-05-24 00:00:00+00:00, run_after=2024-05-25 00:00:00+00:00
[2024-05-25T00:06:36.060+0000] {processor.py:183} INFO - Processing /home/airflow/.local/lib/python3.12/site-packages/airflow/example_dags/example_branch_labels.py took 0.086 seconds
[2024-05-25T00:07:06.771+0000] {processor.py:161} INFO - Started process (PID=39409) to work on /home/airflow/.local/lib/python3.12/site-packages/airflow/example_dags/example_branch_labels.py
[2024-05-25T00:07:06.773+0000] {processor.py:830} INFO - Processing file /home/airflow/.local/lib/python3.12/site-packages/airflow/example_dags/example_branch_labels.py for tasks to queue
[2024-05-25T00:07:06.779+0000] {logging_mixin.py:188} INFO - [2024-05-25T00:07:06.777+0000] {dagbag.py:545} INFO - Filling up the DagBag from /home/airflow/.local/lib/python3.12/site-packages/airflow/example_dags/example_branch_labels.py
[2024-05-25T00:07:06.792+0000] {processor.py:840} INFO - DAG(s) 'example_branch_labels' retrieved from /home/airflow/.local/lib/python3.12/site-packages/airflow/example_dags/example_branch_labels.py
[2024-05-25T00:07:06.840+0000] {logging_mixin.py:188} INFO - [2024-05-25T00:07:06.839+0000] {dag.py:3096} INFO - Sync 1 DAGs
[2024-05-25T00:07:06.880+0000] {logging_mixin.py:188} INFO - [2024-05-25T00:07:06.879+0000] {dag.py:3954} INFO - Setting next_dagrun for example_branch_labels to 2024-05-24 00:00:00+00:00, run_after=2024-05-25 00:00:00+00:00
[2024-05-25T00:07:06.964+0000] {processor.py:183} INFO - Processing /home/airflow/.local/lib/python3.12/site-packages/airflow/example_dags/example_branch_labels.py took 0.201 seconds
[2024-05-25T00:07:37.925+0000] {processor.py:161} INFO - Started process (PID=39467) to work on /home/airflow/.local/lib/python3.12/site-packages/airflow/example_dags/example_branch_labels.py
[2024-05-25T00:07:37.927+0000] {processor.py:830} INFO - Processing file /home/airflow/.local/lib/python3.12/site-packages/airflow/example_dags/example_branch_labels.py for tasks to queue
[2024-05-25T00:07:37.930+0000] {logging_mixin.py:188} INFO - [2024-05-25T00:07:37.930+0000] {dagbag.py:545} INFO - Filling up the DagBag from /home/airflow/.local/lib/python3.12/site-packages/airflow/example_dags/example_branch_labels.py
[2024-05-25T00:07:37.940+0000] {processor.py:840} INFO - DAG(s) 'example_branch_labels' retrieved from /home/airflow/.local/lib/python3.12/site-packages/airflow/example_dags/example_branch_labels.py
[2024-05-25T00:07:37.962+0000] {logging_mixin.py:188} INFO - [2024-05-25T00:07:37.962+0000] {dag.py:3096} INFO - Sync 1 DAGs
[2024-05-25T00:07:37.983+0000] {logging_mixin.py:188} INFO - [2024-05-25T00:07:37.983+0000] {dag.py:3954} INFO - Setting next_dagrun for example_branch_labels to 2024-05-24 00:00:00+00:00, run_after=2024-05-25 00:00:00+00:00
[2024-05-25T00:07:38.002+0000] {processor.py:183} INFO - Processing /home/airflow/.local/lib/python3.12/site-packages/airflow/example_dags/example_branch_labels.py took 0.081 seconds
[2024-05-25T00:08:08.254+0000] {processor.py:161} INFO - Started process (PID=39525) to work on /home/airflow/.local/lib/python3.12/site-packages/airflow/example_dags/example_branch_labels.py
[2024-05-25T00:08:08.255+0000] {processor.py:830} INFO - Processing file /home/airflow/.local/lib/python3.12/site-packages/airflow/example_dags/example_branch_labels.py for tasks to queue
[2024-05-25T00:08:08.257+0000] {logging_mixin.py:188} INFO - [2024-05-25T00:08:08.257+0000] {dagbag.py:545} INFO - Filling up the DagBag from /home/airflow/.local/lib/python3.12/site-packages/airflow/example_dags/example_branch_labels.py
[2024-05-25T00:08:08.268+0000] {processor.py:840} INFO - DAG(s) 'example_branch_labels' retrieved from /home/airflow/.local/lib/python3.12/site-packages/airflow/example_dags/example_branch_labels.py
[2024-05-25T00:08:08.305+0000] {logging_mixin.py:188} INFO - [2024-05-25T00:08:08.305+0000] {dag.py:3096} INFO - Sync 1 DAGs
[2024-05-25T00:08:08.340+0000] {logging_mixin.py:188} INFO - [2024-05-25T00:08:08.339+0000] {dag.py:3954} INFO - Setting next_dagrun for example_branch_labels to 2024-05-24 00:00:00+00:00, run_after=2024-05-25 00:00:00+00:00
[2024-05-25T00:08:08.366+0000] {processor.py:183} INFO - Processing /home/airflow/.local/lib/python3.12/site-packages/airflow/example_dags/example_branch_labels.py took 0.121 seconds
[2024-05-25T00:08:44.328+0000] {processor.py:161} INFO - Started process (PID=39583) to work on /home/airflow/.local/lib/python3.12/site-packages/airflow/example_dags/example_branch_labels.py
[2024-05-25T00:08:44.330+0000] {processor.py:830} INFO - Processing file /home/airflow/.local/lib/python3.12/site-packages/airflow/example_dags/example_branch_labels.py for tasks to queue
[2024-05-25T00:08:44.339+0000] {logging_mixin.py:188} INFO - [2024-05-25T00:08:44.337+0000] {dagbag.py:545} INFO - Filling up the DagBag from /home/airflow/.local/lib/python3.12/site-packages/airflow/example_dags/example_branch_labels.py
[2024-05-25T00:08:44.370+0000] {processor.py:840} INFO - DAG(s) 'example_branch_labels' retrieved from /home/airflow/.local/lib/python3.12/site-packages/airflow/example_dags/example_branch_labels.py
[2024-05-25T00:08:44.427+0000] {logging_mixin.py:188} INFO - [2024-05-25T00:08:44.426+0000] {dag.py:3096} INFO - Sync 1 DAGs
[2024-05-25T00:08:44.479+0000] {logging_mixin.py:188} INFO - [2024-05-25T00:08:44.478+0000] {dag.py:3954} INFO - Setting next_dagrun for example_branch_labels to 2024-05-24 00:00:00+00:00, run_after=2024-05-25 00:00:00+00:00
[2024-05-25T00:08:44.576+0000] {processor.py:183} INFO - Processing /home/airflow/.local/lib/python3.12/site-packages/airflow/example_dags/example_branch_labels.py took 0.258 seconds
[2024-05-25T00:09:55.266+0000] {processor.py:161} INFO - Started process (PID=39625) to work on /home/airflow/.local/lib/python3.12/site-packages/airflow/example_dags/example_branch_labels.py
[2024-05-25T00:09:55.267+0000] {processor.py:830} INFO - Processing file /home/airflow/.local/lib/python3.12/site-packages/airflow/example_dags/example_branch_labels.py for tasks to queue
[2024-05-25T00:09:55.271+0000] {logging_mixin.py:188} INFO - [2024-05-25T00:09:55.270+0000] {dagbag.py:545} INFO - Filling up the DagBag from /home/airflow/.local/lib/python3.12/site-packages/airflow/example_dags/example_branch_labels.py
[2024-05-25T00:09:55.282+0000] {processor.py:840} INFO - DAG(s) 'example_branch_labels' retrieved from /home/airflow/.local/lib/python3.12/site-packages/airflow/example_dags/example_branch_labels.py
[2024-05-25T00:09:55.308+0000] {logging_mixin.py:188} INFO - [2024-05-25T00:09:55.307+0000] {dag.py:3096} INFO - Sync 1 DAGs
[2024-05-25T00:09:55.330+0000] {logging_mixin.py:188} INFO - [2024-05-25T00:09:55.329+0000] {dag.py:3954} INFO - Setting next_dagrun for example_branch_labels to 2024-05-24 00:00:00+00:00, run_after=2024-05-25 00:00:00+00:00
[2024-05-25T00:09:55.354+0000] {processor.py:183} INFO - Processing /home/airflow/.local/lib/python3.12/site-packages/airflow/example_dags/example_branch_labels.py took 0.093 seconds
[2024-05-25T00:10:26.852+0000] {processor.py:161} INFO - Started process (PID=39683) to work on /home/airflow/.local/lib/python3.12/site-packages/airflow/example_dags/example_branch_labels.py
[2024-05-25T00:10:26.855+0000] {processor.py:830} INFO - Processing file /home/airflow/.local/lib/python3.12/site-packages/airflow/example_dags/example_branch_labels.py for tasks to queue
[2024-05-25T00:10:26.860+0000] {logging_mixin.py:188} INFO - [2024-05-25T00:10:26.858+0000] {dagbag.py:545} INFO - Filling up the DagBag from /home/airflow/.local/lib/python3.12/site-packages/airflow/example_dags/example_branch_labels.py
[2024-05-25T00:10:26.891+0000] {processor.py:840} INFO - DAG(s) 'example_branch_labels' retrieved from /home/airflow/.local/lib/python3.12/site-packages/airflow/example_dags/example_branch_labels.py
[2024-05-25T00:10:26.980+0000] {logging_mixin.py:188} INFO - [2024-05-25T00:10:26.979+0000] {dag.py:3096} INFO - Sync 1 DAGs
[2024-05-25T00:10:27.060+0000] {logging_mixin.py:188} INFO - [2024-05-25T00:10:27.059+0000] {dag.py:3954} INFO - Setting next_dagrun for example_branch_labels to 2024-05-24 00:00:00+00:00, run_after=2024-05-25 00:00:00+00:00
[2024-05-25T00:10:27.123+0000] {processor.py:183} INFO - Processing /home/airflow/.local/lib/python3.12/site-packages/airflow/example_dags/example_branch_labels.py took 0.294 seconds
[2024-05-25T00:10:57.635+0000] {processor.py:161} INFO - Started process (PID=39741) to work on /home/airflow/.local/lib/python3.12/site-packages/airflow/example_dags/example_branch_labels.py
[2024-05-25T00:10:57.636+0000] {processor.py:830} INFO - Processing file /home/airflow/.local/lib/python3.12/site-packages/airflow/example_dags/example_branch_labels.py for tasks to queue
[2024-05-25T00:10:57.638+0000] {logging_mixin.py:188} INFO - [2024-05-25T00:10:57.637+0000] {dagbag.py:545} INFO - Filling up the DagBag from /home/airflow/.local/lib/python3.12/site-packages/airflow/example_dags/example_branch_labels.py
[2024-05-25T00:10:57.647+0000] {processor.py:840} INFO - DAG(s) 'example_branch_labels' retrieved from /home/airflow/.local/lib/python3.12/site-packages/airflow/example_dags/example_branch_labels.py
[2024-05-25T00:10:57.670+0000] {logging_mixin.py:188} INFO - [2024-05-25T00:10:57.670+0000] {dag.py:3096} INFO - Sync 1 DAGs
[2024-05-25T00:10:57.701+0000] {logging_mixin.py:188} INFO - [2024-05-25T00:10:57.700+0000] {dag.py:3954} INFO - Setting next_dagrun for example_branch_labels to 2024-05-24 00:00:00+00:00, run_after=2024-05-25 00:00:00+00:00
[2024-05-25T00:10:57.728+0000] {processor.py:183} INFO - Processing /home/airflow/.local/lib/python3.12/site-packages/airflow/example_dags/example_branch_labels.py took 0.098 seconds
[2024-05-25T00:11:27.861+0000] {processor.py:161} INFO - Started process (PID=39799) to work on /home/airflow/.local/lib/python3.12/site-packages/airflow/example_dags/example_branch_labels.py
[2024-05-25T00:11:27.863+0000] {processor.py:830} INFO - Processing file /home/airflow/.local/lib/python3.12/site-packages/airflow/example_dags/example_branch_labels.py for tasks to queue
[2024-05-25T00:11:27.864+0000] {logging_mixin.py:188} INFO - [2024-05-25T00:11:27.864+0000] {dagbag.py:545} INFO - Filling up the DagBag from /home/airflow/.local/lib/python3.12/site-packages/airflow/example_dags/example_branch_labels.py
[2024-05-25T00:11:27.875+0000] {processor.py:840} INFO - DAG(s) 'example_branch_labels' retrieved from /home/airflow/.local/lib/python3.12/site-packages/airflow/example_dags/example_branch_labels.py
[2024-05-25T00:11:27.908+0000] {logging_mixin.py:188} INFO - [2024-05-25T00:11:27.907+0000] {dag.py:3096} INFO - Sync 1 DAGs
[2024-05-25T00:11:27.931+0000] {logging_mixin.py:188} INFO - [2024-05-25T00:11:27.931+0000] {dag.py:3954} INFO - Setting next_dagrun for example_branch_labels to 2024-05-24 00:00:00+00:00, run_after=2024-05-25 00:00:00+00:00
[2024-05-25T00:11:27.953+0000] {processor.py:183} INFO - Processing /home/airflow/.local/lib/python3.12/site-packages/airflow/example_dags/example_branch_labels.py took 0.098 seconds
[2024-05-25T00:11:58.825+0000] {processor.py:161} INFO - Started process (PID=39857) to work on /home/airflow/.local/lib/python3.12/site-packages/airflow/example_dags/example_branch_labels.py
[2024-05-25T00:11:58.826+0000] {processor.py:830} INFO - Processing file /home/airflow/.local/lib/python3.12/site-packages/airflow/example_dags/example_branch_labels.py for tasks to queue
[2024-05-25T00:11:58.827+0000] {logging_mixin.py:188} INFO - [2024-05-25T00:11:58.827+0000] {dagbag.py:545} INFO - Filling up the DagBag from /home/airflow/.local/lib/python3.12/site-packages/airflow/example_dags/example_branch_labels.py
[2024-05-25T00:11:58.834+0000] {processor.py:840} INFO - DAG(s) 'example_branch_labels' retrieved from /home/airflow/.local/lib/python3.12/site-packages/airflow/example_dags/example_branch_labels.py
[2024-05-25T00:11:58.863+0000] {logging_mixin.py:188} INFO - [2024-05-25T00:11:58.863+0000] {dag.py:3096} INFO - Sync 1 DAGs
[2024-05-25T00:11:58.896+0000] {logging_mixin.py:188} INFO - [2024-05-25T00:11:58.895+0000] {dag.py:3954} INFO - Setting next_dagrun for example_branch_labels to 2024-05-24 00:00:00+00:00, run_after=2024-05-25 00:00:00+00:00
[2024-05-25T00:11:58.936+0000] {processor.py:183} INFO - Processing /home/airflow/.local/lib/python3.12/site-packages/airflow/example_dags/example_branch_labels.py took 0.118 seconds
[2024-05-25T00:12:47.483+0000] {processor.py:161} INFO - Started process (PID=39918) to work on /home/airflow/.local/lib/python3.12/site-packages/airflow/example_dags/example_branch_labels.py
[2024-05-25T00:12:47.484+0000] {processor.py:830} INFO - Processing file /home/airflow/.local/lib/python3.12/site-packages/airflow/example_dags/example_branch_labels.py for tasks to queue
[2024-05-25T00:12:47.487+0000] {logging_mixin.py:188} INFO - [2024-05-25T00:12:47.486+0000] {dagbag.py:545} INFO - Filling up the DagBag from /home/airflow/.local/lib/python3.12/site-packages/airflow/example_dags/example_branch_labels.py
[2024-05-25T00:12:47.505+0000] {processor.py:840} INFO - DAG(s) 'example_branch_labels' retrieved from /home/airflow/.local/lib/python3.12/site-packages/airflow/example_dags/example_branch_labels.py
[2024-05-25T00:12:47.566+0000] {logging_mixin.py:188} INFO - [2024-05-25T00:12:47.565+0000] {dag.py:3096} INFO - Sync 1 DAGs
[2024-05-25T00:12:47.605+0000] {logging_mixin.py:188} INFO - [2024-05-25T00:12:47.604+0000] {dag.py:3954} INFO - Setting next_dagrun for example_branch_labels to 2024-05-24 00:00:00+00:00, run_after=2024-05-25 00:00:00+00:00
[2024-05-25T00:12:47.633+0000] {processor.py:183} INFO - Processing /home/airflow/.local/lib/python3.12/site-packages/airflow/example_dags/example_branch_labels.py took 0.161 seconds
[2024-05-25T00:13:19.650+0000] {processor.py:161} INFO - Started process (PID=39976) to work on /home/airflow/.local/lib/python3.12/site-packages/airflow/example_dags/example_branch_labels.py
[2024-05-25T00:13:19.661+0000] {processor.py:830} INFO - Processing file /home/airflow/.local/lib/python3.12/site-packages/airflow/example_dags/example_branch_labels.py for tasks to queue
[2024-05-25T00:13:19.666+0000] {logging_mixin.py:188} INFO - [2024-05-25T00:13:19.664+0000] {dagbag.py:545} INFO - Filling up the DagBag from /home/airflow/.local/lib/python3.12/site-packages/airflow/example_dags/example_branch_labels.py
[2024-05-25T00:13:19.710+0000] {processor.py:840} INFO - DAG(s) 'example_branch_labels' retrieved from /home/airflow/.local/lib/python3.12/site-packages/airflow/example_dags/example_branch_labels.py
[2024-05-25T00:13:19.838+0000] {logging_mixin.py:188} INFO - [2024-05-25T00:13:19.836+0000] {dag.py:3096} INFO - Sync 1 DAGs
[2024-05-25T00:13:20.013+0000] {logging_mixin.py:188} INFO - [2024-05-25T00:13:20.008+0000] {dag.py:3954} INFO - Setting next_dagrun for example_branch_labels to 2024-05-24 00:00:00+00:00, run_after=2024-05-25 00:00:00+00:00
[2024-05-25T00:13:20.243+0000] {processor.py:183} INFO - Processing /home/airflow/.local/lib/python3.12/site-packages/airflow/example_dags/example_branch_labels.py took 0.613 seconds
[2024-05-25T00:14:19.515+0000] {processor.py:161} INFO - Started process (PID=40028) to work on /home/airflow/.local/lib/python3.12/site-packages/airflow/example_dags/example_branch_labels.py
[2024-05-25T00:14:19.516+0000] {processor.py:830} INFO - Processing file /home/airflow/.local/lib/python3.12/site-packages/airflow/example_dags/example_branch_labels.py for tasks to queue
[2024-05-25T00:14:19.517+0000] {logging_mixin.py:188} INFO - [2024-05-25T00:14:19.517+0000] {dagbag.py:545} INFO - Filling up the DagBag from /home/airflow/.local/lib/python3.12/site-packages/airflow/example_dags/example_branch_labels.py
[2024-05-25T00:14:19.530+0000] {processor.py:840} INFO - DAG(s) 'example_branch_labels' retrieved from /home/airflow/.local/lib/python3.12/site-packages/airflow/example_dags/example_branch_labels.py
[2024-05-25T00:14:19.560+0000] {logging_mixin.py:188} INFO - [2024-05-25T00:14:19.560+0000] {dag.py:3096} INFO - Sync 1 DAGs
[2024-05-25T00:14:19.592+0000] {logging_mixin.py:188} INFO - [2024-05-25T00:14:19.591+0000] {dag.py:3954} INFO - Setting next_dagrun for example_branch_labels to 2024-05-24 00:00:00+00:00, run_after=2024-05-25 00:00:00+00:00
[2024-05-25T00:14:19.627+0000] {processor.py:183} INFO - Processing /home/airflow/.local/lib/python3.12/site-packages/airflow/example_dags/example_branch_labels.py took 0.123 seconds
[2024-05-25T00:15:21.164+0000] {processor.py:161} INFO - Started process (PID=40100) to work on /home/airflow/.local/lib/python3.12/site-packages/airflow/example_dags/example_branch_labels.py
[2024-05-25T00:15:21.165+0000] {processor.py:830} INFO - Processing file /home/airflow/.local/lib/python3.12/site-packages/airflow/example_dags/example_branch_labels.py for tasks to queue
[2024-05-25T00:15:21.167+0000] {logging_mixin.py:188} INFO - [2024-05-25T00:15:21.166+0000] {dagbag.py:545} INFO - Filling up the DagBag from /home/airflow/.local/lib/python3.12/site-packages/airflow/example_dags/example_branch_labels.py
[2024-05-25T00:15:21.177+0000] {processor.py:840} INFO - DAG(s) 'example_branch_labels' retrieved from /home/airflow/.local/lib/python3.12/site-packages/airflow/example_dags/example_branch_labels.py
[2024-05-25T00:15:21.201+0000] {logging_mixin.py:188} INFO - [2024-05-25T00:15:21.201+0000] {dag.py:3096} INFO - Sync 1 DAGs
[2024-05-25T00:15:21.222+0000] {logging_mixin.py:188} INFO - [2024-05-25T00:15:21.222+0000] {dag.py:3954} INFO - Setting next_dagrun for example_branch_labels to 2024-05-24 00:00:00+00:00, run_after=2024-05-25 00:00:00+00:00
[2024-05-25T00:15:21.242+0000] {processor.py:183} INFO - Processing /home/airflow/.local/lib/python3.12/site-packages/airflow/example_dags/example_branch_labels.py took 0.084 seconds
[2024-05-25T00:15:52.852+0000] {processor.py:161} INFO - Started process (PID=40158) to work on /home/airflow/.local/lib/python3.12/site-packages/airflow/example_dags/example_branch_labels.py
[2024-05-25T00:15:52.854+0000] {processor.py:830} INFO - Processing file /home/airflow/.local/lib/python3.12/site-packages/airflow/example_dags/example_branch_labels.py for tasks to queue
[2024-05-25T00:15:52.855+0000] {logging_mixin.py:188} INFO - [2024-05-25T00:15:52.855+0000] {dagbag.py:545} INFO - Filling up the DagBag from /home/airflow/.local/lib/python3.12/site-packages/airflow/example_dags/example_branch_labels.py
[2024-05-25T00:15:52.866+0000] {processor.py:840} INFO - DAG(s) 'example_branch_labels' retrieved from /home/airflow/.local/lib/python3.12/site-packages/airflow/example_dags/example_branch_labels.py
[2024-05-25T00:15:52.895+0000] {logging_mixin.py:188} INFO - [2024-05-25T00:15:52.894+0000] {dag.py:3096} INFO - Sync 1 DAGs
[2024-05-25T00:15:52.922+0000] {logging_mixin.py:188} INFO - [2024-05-25T00:15:52.921+0000] {dag.py:3954} INFO - Setting next_dagrun for example_branch_labels to 2024-05-24 00:00:00+00:00, run_after=2024-05-25 00:00:00+00:00
[2024-05-25T00:15:52.947+0000] {processor.py:183} INFO - Processing /home/airflow/.local/lib/python3.12/site-packages/airflow/example_dags/example_branch_labels.py took 0.103 seconds
[2024-05-25T00:16:24.411+0000] {processor.py:161} INFO - Started process (PID=40216) to work on /home/airflow/.local/lib/python3.12/site-packages/airflow/example_dags/example_branch_labels.py
[2024-05-25T00:16:24.412+0000] {processor.py:830} INFO - Processing file /home/airflow/.local/lib/python3.12/site-packages/airflow/example_dags/example_branch_labels.py for tasks to queue
[2024-05-25T00:16:24.413+0000] {logging_mixin.py:188} INFO - [2024-05-25T00:16:24.413+0000] {dagbag.py:545} INFO - Filling up the DagBag from /home/airflow/.local/lib/python3.12/site-packages/airflow/example_dags/example_branch_labels.py
[2024-05-25T00:16:24.423+0000] {processor.py:840} INFO - DAG(s) 'example_branch_labels' retrieved from /home/airflow/.local/lib/python3.12/site-packages/airflow/example_dags/example_branch_labels.py
[2024-05-25T00:16:24.449+0000] {logging_mixin.py:188} INFO - [2024-05-25T00:16:24.448+0000] {dag.py:3096} INFO - Sync 1 DAGs
[2024-05-25T00:16:24.743+0000] {logging_mixin.py:188} INFO - [2024-05-25T00:16:24.742+0000] {dag.py:3954} INFO - Setting next_dagrun for example_branch_labels to 2024-05-24 00:00:00+00:00, run_after=2024-05-25 00:00:00+00:00
[2024-05-25T00:16:24.768+0000] {processor.py:183} INFO - Processing /home/airflow/.local/lib/python3.12/site-packages/airflow/example_dags/example_branch_labels.py took 0.366 seconds
[2024-05-25T00:16:55.464+0000] {processor.py:161} INFO - Started process (PID=40274) to work on /home/airflow/.local/lib/python3.12/site-packages/airflow/example_dags/example_branch_labels.py
[2024-05-25T00:16:55.466+0000] {processor.py:830} INFO - Processing file /home/airflow/.local/lib/python3.12/site-packages/airflow/example_dags/example_branch_labels.py for tasks to queue
[2024-05-25T00:16:55.467+0000] {logging_mixin.py:188} INFO - [2024-05-25T00:16:55.467+0000] {dagbag.py:545} INFO - Filling up the DagBag from /home/airflow/.local/lib/python3.12/site-packages/airflow/example_dags/example_branch_labels.py
[2024-05-25T00:16:55.485+0000] {processor.py:840} INFO - DAG(s) 'example_branch_labels' retrieved from /home/airflow/.local/lib/python3.12/site-packages/airflow/example_dags/example_branch_labels.py
[2024-05-25T00:16:55.509+0000] {logging_mixin.py:188} INFO - [2024-05-25T00:16:55.508+0000] {dag.py:3096} INFO - Sync 1 DAGs
[2024-05-25T00:16:55.532+0000] {logging_mixin.py:188} INFO - [2024-05-25T00:16:55.532+0000] {dag.py:3954} INFO - Setting next_dagrun for example_branch_labels to 2024-05-24 00:00:00+00:00, run_after=2024-05-25 00:00:00+00:00
[2024-05-25T00:16:55.768+0000] {processor.py:183} INFO - Processing /home/airflow/.local/lib/python3.12/site-packages/airflow/example_dags/example_branch_labels.py took 0.309 seconds
[2024-05-25T00:17:25.823+0000] {processor.py:161} INFO - Started process (PID=40331) to work on /home/airflow/.local/lib/python3.12/site-packages/airflow/example_dags/example_branch_labels.py
[2024-05-25T00:17:25.824+0000] {processor.py:830} INFO - Processing file /home/airflow/.local/lib/python3.12/site-packages/airflow/example_dags/example_branch_labels.py for tasks to queue
[2024-05-25T00:17:25.826+0000] {logging_mixin.py:188} INFO - [2024-05-25T00:17:25.825+0000] {dagbag.py:545} INFO - Filling up the DagBag from /home/airflow/.local/lib/python3.12/site-packages/airflow/example_dags/example_branch_labels.py
[2024-05-25T00:17:25.833+0000] {processor.py:840} INFO - DAG(s) 'example_branch_labels' retrieved from /home/airflow/.local/lib/python3.12/site-packages/airflow/example_dags/example_branch_labels.py
[2024-05-25T00:17:25.855+0000] {logging_mixin.py:188} INFO - [2024-05-25T00:17:25.855+0000] {dag.py:3096} INFO - Sync 1 DAGs
[2024-05-25T00:17:25.878+0000] {logging_mixin.py:188} INFO - [2024-05-25T00:17:25.878+0000] {dag.py:3954} INFO - Setting next_dagrun for example_branch_labels to 2024-05-24 00:00:00+00:00, run_after=2024-05-25 00:00:00+00:00
[2024-05-25T00:17:25.903+0000] {processor.py:183} INFO - Processing /home/airflow/.local/lib/python3.12/site-packages/airflow/example_dags/example_branch_labels.py took 0.085 seconds
[2024-05-25T00:17:56.586+0000] {processor.py:161} INFO - Started process (PID=40390) to work on /home/airflow/.local/lib/python3.12/site-packages/airflow/example_dags/example_branch_labels.py
[2024-05-25T00:17:56.588+0000] {processor.py:830} INFO - Processing file /home/airflow/.local/lib/python3.12/site-packages/airflow/example_dags/example_branch_labels.py for tasks to queue
[2024-05-25T00:17:56.589+0000] {logging_mixin.py:188} INFO - [2024-05-25T00:17:56.589+0000] {dagbag.py:545} INFO - Filling up the DagBag from /home/airflow/.local/lib/python3.12/site-packages/airflow/example_dags/example_branch_labels.py
[2024-05-25T00:17:56.597+0000] {processor.py:840} INFO - DAG(s) 'example_branch_labels' retrieved from /home/airflow/.local/lib/python3.12/site-packages/airflow/example_dags/example_branch_labels.py
[2024-05-25T00:17:56.634+0000] {logging_mixin.py:188} INFO - [2024-05-25T00:17:56.634+0000] {dag.py:3096} INFO - Sync 1 DAGs
[2024-05-25T00:17:56.656+0000] {logging_mixin.py:188} INFO - [2024-05-25T00:17:56.656+0000] {dag.py:3954} INFO - Setting next_dagrun for example_branch_labels to 2024-05-24 00:00:00+00:00, run_after=2024-05-25 00:00:00+00:00
[2024-05-25T00:17:56.680+0000] {processor.py:183} INFO - Processing /home/airflow/.local/lib/python3.12/site-packages/airflow/example_dags/example_branch_labels.py took 0.100 seconds
[2024-05-25T00:18:28.047+0000] {processor.py:161} INFO - Started process (PID=40448) to work on /home/airflow/.local/lib/python3.12/site-packages/airflow/example_dags/example_branch_labels.py
[2024-05-25T00:18:28.063+0000] {processor.py:830} INFO - Processing file /home/airflow/.local/lib/python3.12/site-packages/airflow/example_dags/example_branch_labels.py for tasks to queue
[2024-05-25T00:18:28.094+0000] {logging_mixin.py:188} INFO - [2024-05-25T00:18:28.080+0000] {dagbag.py:545} INFO - Filling up the DagBag from /home/airflow/.local/lib/python3.12/site-packages/airflow/example_dags/example_branch_labels.py
[2024-05-25T00:18:30.768+0000] {logging_mixin.py:188} INFO - [2024-05-25T00:18:30.767+0000] {process_utils.py:263} INFO - Waiting up to 5 seconds for processes to exit...
