[2024-05-25T00:00:11.052+0000] {processor.py:161} INFO - Started process (PID=38620) to work on /home/airflow/.local/lib/python3.12/site-packages/airflow/example_dags/example_dynamic_task_mapping.py
[2024-05-25T00:00:11.053+0000] {processor.py:830} INFO - Processing file /home/airflow/.local/lib/python3.12/site-packages/airflow/example_dags/example_dynamic_task_mapping.py for tasks to queue
[2024-05-25T00:00:11.055+0000] {logging_mixin.py:188} INFO - [2024-05-25T00:00:11.055+0000] {dagbag.py:545} INFO - Filling up the DagBag from /home/airflow/.local/lib/python3.12/site-packages/airflow/example_dags/example_dynamic_task_mapping.py
[2024-05-25T00:00:11.062+0000] {processor.py:840} INFO - DAG(s) 'example_dynamic_task_mapping' retrieved from /home/airflow/.local/lib/python3.12/site-packages/airflow/example_dags/example_dynamic_task_mapping.py
[2024-05-25T00:00:11.083+0000] {logging_mixin.py:188} INFO - [2024-05-25T00:00:11.083+0000] {dag.py:3096} INFO - Sync 1 DAGs
[2024-05-25T00:00:11.104+0000] {logging_mixin.py:188} INFO - [2024-05-25T00:00:11.103+0000] {dag.py:3954} INFO - Setting next_dagrun for example_dynamic_task_mapping to 2022-03-04 00:00:00+00:00, run_after=2022-03-05 00:00:00+00:00
[2024-05-25T00:00:11.123+0000] {processor.py:183} INFO - Processing /home/airflow/.local/lib/python3.12/site-packages/airflow/example_dags/example_dynamic_task_mapping.py took 0.078 seconds
[2024-05-25T00:00:41.254+0000] {processor.py:161} INFO - Started process (PID=38678) to work on /home/airflow/.local/lib/python3.12/site-packages/airflow/example_dags/example_dynamic_task_mapping.py
[2024-05-25T00:00:41.256+0000] {processor.py:830} INFO - Processing file /home/airflow/.local/lib/python3.12/site-packages/airflow/example_dags/example_dynamic_task_mapping.py for tasks to queue
[2024-05-25T00:00:41.258+0000] {logging_mixin.py:188} INFO - [2024-05-25T00:00:41.257+0000] {dagbag.py:545} INFO - Filling up the DagBag from /home/airflow/.local/lib/python3.12/site-packages/airflow/example_dags/example_dynamic_task_mapping.py
[2024-05-25T00:00:41.264+0000] {processor.py:840} INFO - DAG(s) 'example_dynamic_task_mapping' retrieved from /home/airflow/.local/lib/python3.12/site-packages/airflow/example_dags/example_dynamic_task_mapping.py
[2024-05-25T00:00:41.290+0000] {logging_mixin.py:188} INFO - [2024-05-25T00:00:41.290+0000] {dag.py:3096} INFO - Sync 1 DAGs
[2024-05-25T00:00:41.310+0000] {logging_mixin.py:188} INFO - [2024-05-25T00:00:41.310+0000] {dag.py:3954} INFO - Setting next_dagrun for example_dynamic_task_mapping to 2022-03-04 00:00:00+00:00, run_after=2022-03-05 00:00:00+00:00
[2024-05-25T00:00:41.333+0000] {processor.py:183} INFO - Processing /home/airflow/.local/lib/python3.12/site-packages/airflow/example_dags/example_dynamic_task_mapping.py took 0.084 seconds
[2024-05-25T00:01:11.515+0000] {processor.py:161} INFO - Started process (PID=38736) to work on /home/airflow/.local/lib/python3.12/site-packages/airflow/example_dags/example_dynamic_task_mapping.py
[2024-05-25T00:01:11.516+0000] {processor.py:830} INFO - Processing file /home/airflow/.local/lib/python3.12/site-packages/airflow/example_dags/example_dynamic_task_mapping.py for tasks to queue
[2024-05-25T00:01:11.519+0000] {logging_mixin.py:188} INFO - [2024-05-25T00:01:11.518+0000] {dagbag.py:545} INFO - Filling up the DagBag from /home/airflow/.local/lib/python3.12/site-packages/airflow/example_dags/example_dynamic_task_mapping.py
[2024-05-25T00:01:11.528+0000] {processor.py:840} INFO - DAG(s) 'example_dynamic_task_mapping' retrieved from /home/airflow/.local/lib/python3.12/site-packages/airflow/example_dags/example_dynamic_task_mapping.py
[2024-05-25T00:01:11.550+0000] {logging_mixin.py:188} INFO - [2024-05-25T00:01:11.550+0000] {dag.py:3096} INFO - Sync 1 DAGs
[2024-05-25T00:01:11.574+0000] {logging_mixin.py:188} INFO - [2024-05-25T00:01:11.574+0000] {dag.py:3954} INFO - Setting next_dagrun for example_dynamic_task_mapping to 2022-03-04 00:00:00+00:00, run_after=2022-03-05 00:00:00+00:00
[2024-05-25T00:01:11.599+0000] {processor.py:183} INFO - Processing /home/airflow/.local/lib/python3.12/site-packages/airflow/example_dags/example_dynamic_task_mapping.py took 0.092 seconds
[2024-05-25T00:01:42.826+0000] {processor.py:161} INFO - Started process (PID=38794) to work on /home/airflow/.local/lib/python3.12/site-packages/airflow/example_dags/example_dynamic_task_mapping.py
[2024-05-25T00:01:42.828+0000] {processor.py:830} INFO - Processing file /home/airflow/.local/lib/python3.12/site-packages/airflow/example_dags/example_dynamic_task_mapping.py for tasks to queue
[2024-05-25T00:01:42.833+0000] {logging_mixin.py:188} INFO - [2024-05-25T00:01:42.830+0000] {dagbag.py:545} INFO - Filling up the DagBag from /home/airflow/.local/lib/python3.12/site-packages/airflow/example_dags/example_dynamic_task_mapping.py
[2024-05-25T00:01:42.948+0000] {processor.py:840} INFO - DAG(s) 'example_dynamic_task_mapping' retrieved from /home/airflow/.local/lib/python3.12/site-packages/airflow/example_dags/example_dynamic_task_mapping.py
[2024-05-25T00:01:43.024+0000] {logging_mixin.py:188} INFO - [2024-05-25T00:01:43.024+0000] {dag.py:3096} INFO - Sync 1 DAGs
[2024-05-25T00:01:43.081+0000] {logging_mixin.py:188} INFO - [2024-05-25T00:01:43.080+0000] {dag.py:3954} INFO - Setting next_dagrun for example_dynamic_task_mapping to 2022-03-04 00:00:00+00:00, run_after=2022-03-05 00:00:00+00:00
[2024-05-25T00:01:43.211+0000] {processor.py:183} INFO - Processing /home/airflow/.local/lib/python3.12/site-packages/airflow/example_dags/example_dynamic_task_mapping.py took 0.392 seconds
[2024-05-25T00:02:13.815+0000] {processor.py:161} INFO - Started process (PID=38852) to work on /home/airflow/.local/lib/python3.12/site-packages/airflow/example_dags/example_dynamic_task_mapping.py
[2024-05-25T00:02:13.816+0000] {processor.py:830} INFO - Processing file /home/airflow/.local/lib/python3.12/site-packages/airflow/example_dags/example_dynamic_task_mapping.py for tasks to queue
[2024-05-25T00:02:13.820+0000] {logging_mixin.py:188} INFO - [2024-05-25T00:02:13.819+0000] {dagbag.py:545} INFO - Filling up the DagBag from /home/airflow/.local/lib/python3.12/site-packages/airflow/example_dags/example_dynamic_task_mapping.py
[2024-05-25T00:02:13.828+0000] {processor.py:840} INFO - DAG(s) 'example_dynamic_task_mapping' retrieved from /home/airflow/.local/lib/python3.12/site-packages/airflow/example_dags/example_dynamic_task_mapping.py
[2024-05-25T00:02:13.877+0000] {logging_mixin.py:188} INFO - [2024-05-25T00:02:13.876+0000] {dag.py:3096} INFO - Sync 1 DAGs
[2024-05-25T00:02:13.910+0000] {logging_mixin.py:188} INFO - [2024-05-25T00:02:13.909+0000] {dag.py:3954} INFO - Setting next_dagrun for example_dynamic_task_mapping to 2022-03-04 00:00:00+00:00, run_after=2022-03-05 00:00:00+00:00
[2024-05-25T00:02:13.938+0000] {processor.py:183} INFO - Processing /home/airflow/.local/lib/python3.12/site-packages/airflow/example_dags/example_dynamic_task_mapping.py took 0.130 seconds
[2024-05-25T00:02:44.519+0000] {processor.py:161} INFO - Started process (PID=38910) to work on /home/airflow/.local/lib/python3.12/site-packages/airflow/example_dags/example_dynamic_task_mapping.py
[2024-05-25T00:02:44.520+0000] {processor.py:830} INFO - Processing file /home/airflow/.local/lib/python3.12/site-packages/airflow/example_dags/example_dynamic_task_mapping.py for tasks to queue
[2024-05-25T00:02:44.526+0000] {logging_mixin.py:188} INFO - [2024-05-25T00:02:44.524+0000] {dagbag.py:545} INFO - Filling up the DagBag from /home/airflow/.local/lib/python3.12/site-packages/airflow/example_dags/example_dynamic_task_mapping.py
[2024-05-25T00:02:44.549+0000] {processor.py:840} INFO - DAG(s) 'example_dynamic_task_mapping' retrieved from /home/airflow/.local/lib/python3.12/site-packages/airflow/example_dags/example_dynamic_task_mapping.py
[2024-05-25T00:02:44.597+0000] {logging_mixin.py:188} INFO - [2024-05-25T00:02:44.596+0000] {dag.py:3096} INFO - Sync 1 DAGs
[2024-05-25T00:02:44.668+0000] {logging_mixin.py:188} INFO - [2024-05-25T00:02:44.658+0000] {dag.py:3954} INFO - Setting next_dagrun for example_dynamic_task_mapping to 2022-03-04 00:00:00+00:00, run_after=2022-03-05 00:00:00+00:00
[2024-05-25T00:02:44.828+0000] {processor.py:183} INFO - Processing /home/airflow/.local/lib/python3.12/site-packages/airflow/example_dags/example_dynamic_task_mapping.py took 0.316 seconds
[2024-05-25T00:03:15.005+0000] {processor.py:161} INFO - Started process (PID=38972) to work on /home/airflow/.local/lib/python3.12/site-packages/airflow/example_dags/example_dynamic_task_mapping.py
[2024-05-25T00:03:15.007+0000] {processor.py:830} INFO - Processing file /home/airflow/.local/lib/python3.12/site-packages/airflow/example_dags/example_dynamic_task_mapping.py for tasks to queue
[2024-05-25T00:03:15.009+0000] {logging_mixin.py:188} INFO - [2024-05-25T00:03:15.009+0000] {dagbag.py:545} INFO - Filling up the DagBag from /home/airflow/.local/lib/python3.12/site-packages/airflow/example_dags/example_dynamic_task_mapping.py
[2024-05-25T00:03:15.017+0000] {processor.py:840} INFO - DAG(s) 'example_dynamic_task_mapping' retrieved from /home/airflow/.local/lib/python3.12/site-packages/airflow/example_dags/example_dynamic_task_mapping.py
[2024-05-25T00:03:15.036+0000] {logging_mixin.py:188} INFO - [2024-05-25T00:03:15.036+0000] {dag.py:3096} INFO - Sync 1 DAGs
[2024-05-25T00:03:15.056+0000] {logging_mixin.py:188} INFO - [2024-05-25T00:03:15.056+0000] {dag.py:3954} INFO - Setting next_dagrun for example_dynamic_task_mapping to 2022-03-04 00:00:00+00:00, run_after=2022-03-05 00:00:00+00:00
[2024-05-25T00:03:15.076+0000] {processor.py:183} INFO - Processing /home/airflow/.local/lib/python3.12/site-packages/airflow/example_dags/example_dynamic_task_mapping.py took 0.076 seconds
[2024-05-25T00:03:45.591+0000] {processor.py:161} INFO - Started process (PID=39030) to work on /home/airflow/.local/lib/python3.12/site-packages/airflow/example_dags/example_dynamic_task_mapping.py
[2024-05-25T00:03:45.593+0000] {processor.py:830} INFO - Processing file /home/airflow/.local/lib/python3.12/site-packages/airflow/example_dags/example_dynamic_task_mapping.py for tasks to queue
[2024-05-25T00:03:45.595+0000] {logging_mixin.py:188} INFO - [2024-05-25T00:03:45.594+0000] {dagbag.py:545} INFO - Filling up the DagBag from /home/airflow/.local/lib/python3.12/site-packages/airflow/example_dags/example_dynamic_task_mapping.py
[2024-05-25T00:03:45.602+0000] {processor.py:840} INFO - DAG(s) 'example_dynamic_task_mapping' retrieved from /home/airflow/.local/lib/python3.12/site-packages/airflow/example_dags/example_dynamic_task_mapping.py
[2024-05-25T00:03:45.623+0000] {logging_mixin.py:188} INFO - [2024-05-25T00:03:45.623+0000] {dag.py:3096} INFO - Sync 1 DAGs
[2024-05-25T00:03:45.643+0000] {logging_mixin.py:188} INFO - [2024-05-25T00:03:45.642+0000] {dag.py:3954} INFO - Setting next_dagrun for example_dynamic_task_mapping to 2022-03-04 00:00:00+00:00, run_after=2022-03-05 00:00:00+00:00
[2024-05-25T00:03:45.662+0000] {processor.py:183} INFO - Processing /home/airflow/.local/lib/python3.12/site-packages/airflow/example_dags/example_dynamic_task_mapping.py took 0.076 seconds
[2024-05-25T00:04:16.516+0000] {processor.py:161} INFO - Started process (PID=39088) to work on /home/airflow/.local/lib/python3.12/site-packages/airflow/example_dags/example_dynamic_task_mapping.py
[2024-05-25T00:04:16.518+0000] {processor.py:830} INFO - Processing file /home/airflow/.local/lib/python3.12/site-packages/airflow/example_dags/example_dynamic_task_mapping.py for tasks to queue
[2024-05-25T00:04:16.522+0000] {logging_mixin.py:188} INFO - [2024-05-25T00:04:16.521+0000] {dagbag.py:545} INFO - Filling up the DagBag from /home/airflow/.local/lib/python3.12/site-packages/airflow/example_dags/example_dynamic_task_mapping.py
[2024-05-25T00:04:16.533+0000] {processor.py:840} INFO - DAG(s) 'example_dynamic_task_mapping' retrieved from /home/airflow/.local/lib/python3.12/site-packages/airflow/example_dags/example_dynamic_task_mapping.py
[2024-05-25T00:04:16.575+0000] {logging_mixin.py:188} INFO - [2024-05-25T00:04:16.575+0000] {dag.py:3096} INFO - Sync 1 DAGs
[2024-05-25T00:04:16.603+0000] {logging_mixin.py:188} INFO - [2024-05-25T00:04:16.602+0000] {dag.py:3954} INFO - Setting next_dagrun for example_dynamic_task_mapping to 2022-03-04 00:00:00+00:00, run_after=2022-03-05 00:00:00+00:00
[2024-05-25T00:04:16.633+0000] {processor.py:183} INFO - Processing /home/airflow/.local/lib/python3.12/site-packages/airflow/example_dags/example_dynamic_task_mapping.py took 0.130 seconds
[2024-05-25T00:04:48.444+0000] {processor.py:161} INFO - Started process (PID=39146) to work on /home/airflow/.local/lib/python3.12/site-packages/airflow/example_dags/example_dynamic_task_mapping.py
[2024-05-25T00:04:48.446+0000] {processor.py:830} INFO - Processing file /home/airflow/.local/lib/python3.12/site-packages/airflow/example_dags/example_dynamic_task_mapping.py for tasks to queue
[2024-05-25T00:04:48.451+0000] {logging_mixin.py:188} INFO - [2024-05-25T00:04:48.449+0000] {dagbag.py:545} INFO - Filling up the DagBag from /home/airflow/.local/lib/python3.12/site-packages/airflow/example_dags/example_dynamic_task_mapping.py
[2024-05-25T00:04:48.467+0000] {processor.py:840} INFO - DAG(s) 'example_dynamic_task_mapping' retrieved from /home/airflow/.local/lib/python3.12/site-packages/airflow/example_dags/example_dynamic_task_mapping.py
[2024-05-25T00:04:49.235+0000] {logging_mixin.py:188} INFO - [2024-05-25T00:04:49.227+0000] {dag.py:3096} INFO - Sync 1 DAGs
[2024-05-25T00:04:49.287+0000] {logging_mixin.py:188} INFO - [2024-05-25T00:04:49.286+0000] {dag.py:3954} INFO - Setting next_dagrun for example_dynamic_task_mapping to 2022-03-04 00:00:00+00:00, run_after=2022-03-05 00:00:00+00:00
[2024-05-25T00:04:49.317+0000] {processor.py:183} INFO - Processing /home/airflow/.local/lib/python3.12/site-packages/airflow/example_dags/example_dynamic_task_mapping.py took 0.892 seconds
[2024-05-25T00:05:19.818+0000] {processor.py:161} INFO - Started process (PID=39204) to work on /home/airflow/.local/lib/python3.12/site-packages/airflow/example_dags/example_dynamic_task_mapping.py
[2024-05-25T00:05:19.819+0000] {processor.py:830} INFO - Processing file /home/airflow/.local/lib/python3.12/site-packages/airflow/example_dags/example_dynamic_task_mapping.py for tasks to queue
[2024-05-25T00:05:19.821+0000] {logging_mixin.py:188} INFO - [2024-05-25T00:05:19.821+0000] {dagbag.py:545} INFO - Filling up the DagBag from /home/airflow/.local/lib/python3.12/site-packages/airflow/example_dags/example_dynamic_task_mapping.py
[2024-05-25T00:05:19.842+0000] {processor.py:840} INFO - DAG(s) 'example_dynamic_task_mapping' retrieved from /home/airflow/.local/lib/python3.12/site-packages/airflow/example_dags/example_dynamic_task_mapping.py
[2024-05-25T00:05:19.861+0000] {logging_mixin.py:188} INFO - [2024-05-25T00:05:19.861+0000] {dag.py:3096} INFO - Sync 1 DAGs
[2024-05-25T00:05:19.881+0000] {logging_mixin.py:188} INFO - [2024-05-25T00:05:19.881+0000] {dag.py:3954} INFO - Setting next_dagrun for example_dynamic_task_mapping to 2022-03-04 00:00:00+00:00, run_after=2022-03-05 00:00:00+00:00
[2024-05-25T00:05:19.916+0000] {processor.py:183} INFO - Processing /home/airflow/.local/lib/python3.12/site-packages/airflow/example_dags/example_dynamic_task_mapping.py took 0.103 seconds
[2024-05-25T00:05:50.104+0000] {processor.py:161} INFO - Started process (PID=39262) to work on /home/airflow/.local/lib/python3.12/site-packages/airflow/example_dags/example_dynamic_task_mapping.py
[2024-05-25T00:05:50.105+0000] {processor.py:830} INFO - Processing file /home/airflow/.local/lib/python3.12/site-packages/airflow/example_dags/example_dynamic_task_mapping.py for tasks to queue
[2024-05-25T00:05:50.108+0000] {logging_mixin.py:188} INFO - [2024-05-25T00:05:50.108+0000] {dagbag.py:545} INFO - Filling up the DagBag from /home/airflow/.local/lib/python3.12/site-packages/airflow/example_dags/example_dynamic_task_mapping.py
[2024-05-25T00:05:50.118+0000] {processor.py:840} INFO - DAG(s) 'example_dynamic_task_mapping' retrieved from /home/airflow/.local/lib/python3.12/site-packages/airflow/example_dags/example_dynamic_task_mapping.py
[2024-05-25T00:05:50.151+0000] {logging_mixin.py:188} INFO - [2024-05-25T00:05:50.151+0000] {dag.py:3096} INFO - Sync 1 DAGs
[2024-05-25T00:05:50.175+0000] {logging_mixin.py:188} INFO - [2024-05-25T00:05:50.175+0000] {dag.py:3954} INFO - Setting next_dagrun for example_dynamic_task_mapping to 2022-03-04 00:00:00+00:00, run_after=2022-03-05 00:00:00+00:00
[2024-05-25T00:05:50.197+0000] {processor.py:183} INFO - Processing /home/airflow/.local/lib/python3.12/site-packages/airflow/example_dags/example_dynamic_task_mapping.py took 0.100 seconds
[2024-05-25T00:06:20.334+0000] {processor.py:161} INFO - Started process (PID=39320) to work on /home/airflow/.local/lib/python3.12/site-packages/airflow/example_dags/example_dynamic_task_mapping.py
[2024-05-25T00:06:20.339+0000] {processor.py:830} INFO - Processing file /home/airflow/.local/lib/python3.12/site-packages/airflow/example_dags/example_dynamic_task_mapping.py for tasks to queue
[2024-05-25T00:06:20.343+0000] {logging_mixin.py:188} INFO - [2024-05-25T00:06:20.343+0000] {dagbag.py:545} INFO - Filling up the DagBag from /home/airflow/.local/lib/python3.12/site-packages/airflow/example_dags/example_dynamic_task_mapping.py
[2024-05-25T00:06:20.355+0000] {processor.py:840} INFO - DAG(s) 'example_dynamic_task_mapping' retrieved from /home/airflow/.local/lib/python3.12/site-packages/airflow/example_dags/example_dynamic_task_mapping.py
[2024-05-25T00:06:20.381+0000] {logging_mixin.py:188} INFO - [2024-05-25T00:06:20.381+0000] {dag.py:3096} INFO - Sync 1 DAGs
[2024-05-25T00:06:20.406+0000] {logging_mixin.py:188} INFO - [2024-05-25T00:06:20.406+0000] {dag.py:3954} INFO - Setting next_dagrun for example_dynamic_task_mapping to 2022-03-04 00:00:00+00:00, run_after=2022-03-05 00:00:00+00:00
[2024-05-25T00:06:20.430+0000] {processor.py:183} INFO - Processing /home/airflow/.local/lib/python3.12/site-packages/airflow/example_dags/example_dynamic_task_mapping.py took 0.115 seconds
[2024-05-25T00:06:50.988+0000] {processor.py:161} INFO - Started process (PID=39378) to work on /home/airflow/.local/lib/python3.12/site-packages/airflow/example_dags/example_dynamic_task_mapping.py
[2024-05-25T00:06:50.990+0000] {processor.py:830} INFO - Processing file /home/airflow/.local/lib/python3.12/site-packages/airflow/example_dags/example_dynamic_task_mapping.py for tasks to queue
[2024-05-25T00:06:50.993+0000] {logging_mixin.py:188} INFO - [2024-05-25T00:06:50.993+0000] {dagbag.py:545} INFO - Filling up the DagBag from /home/airflow/.local/lib/python3.12/site-packages/airflow/example_dags/example_dynamic_task_mapping.py
[2024-05-25T00:06:51.005+0000] {processor.py:840} INFO - DAG(s) 'example_dynamic_task_mapping' retrieved from /home/airflow/.local/lib/python3.12/site-packages/airflow/example_dags/example_dynamic_task_mapping.py
[2024-05-25T00:06:51.036+0000] {logging_mixin.py:188} INFO - [2024-05-25T00:06:51.036+0000] {dag.py:3096} INFO - Sync 1 DAGs
[2024-05-25T00:06:51.063+0000] {logging_mixin.py:188} INFO - [2024-05-25T00:06:51.063+0000] {dag.py:3954} INFO - Setting next_dagrun for example_dynamic_task_mapping to 2022-03-04 00:00:00+00:00, run_after=2022-03-05 00:00:00+00:00
[2024-05-25T00:06:51.089+0000] {processor.py:183} INFO - Processing /home/airflow/.local/lib/python3.12/site-packages/airflow/example_dags/example_dynamic_task_mapping.py took 0.109 seconds
[2024-05-25T00:07:21.159+0000] {processor.py:161} INFO - Started process (PID=39436) to work on /home/airflow/.local/lib/python3.12/site-packages/airflow/example_dags/example_dynamic_task_mapping.py
[2024-05-25T00:07:21.161+0000] {processor.py:830} INFO - Processing file /home/airflow/.local/lib/python3.12/site-packages/airflow/example_dags/example_dynamic_task_mapping.py for tasks to queue
[2024-05-25T00:07:21.163+0000] {logging_mixin.py:188} INFO - [2024-05-25T00:07:21.163+0000] {dagbag.py:545} INFO - Filling up the DagBag from /home/airflow/.local/lib/python3.12/site-packages/airflow/example_dags/example_dynamic_task_mapping.py
[2024-05-25T00:07:21.171+0000] {processor.py:840} INFO - DAG(s) 'example_dynamic_task_mapping' retrieved from /home/airflow/.local/lib/python3.12/site-packages/airflow/example_dags/example_dynamic_task_mapping.py
[2024-05-25T00:07:21.192+0000] {logging_mixin.py:188} INFO - [2024-05-25T00:07:21.191+0000] {dag.py:3096} INFO - Sync 1 DAGs
[2024-05-25T00:07:21.222+0000] {logging_mixin.py:188} INFO - [2024-05-25T00:07:21.221+0000] {dag.py:3954} INFO - Setting next_dagrun for example_dynamic_task_mapping to 2022-03-04 00:00:00+00:00, run_after=2022-03-05 00:00:00+00:00
[2024-05-25T00:07:21.243+0000] {processor.py:183} INFO - Processing /home/airflow/.local/lib/python3.12/site-packages/airflow/example_dags/example_dynamic_task_mapping.py took 0.088 seconds
[2024-05-25T00:07:51.420+0000] {processor.py:161} INFO - Started process (PID=39494) to work on /home/airflow/.local/lib/python3.12/site-packages/airflow/example_dags/example_dynamic_task_mapping.py
[2024-05-25T00:07:51.422+0000] {processor.py:830} INFO - Processing file /home/airflow/.local/lib/python3.12/site-packages/airflow/example_dags/example_dynamic_task_mapping.py for tasks to queue
[2024-05-25T00:07:51.424+0000] {logging_mixin.py:188} INFO - [2024-05-25T00:07:51.424+0000] {dagbag.py:545} INFO - Filling up the DagBag from /home/airflow/.local/lib/python3.12/site-packages/airflow/example_dags/example_dynamic_task_mapping.py
[2024-05-25T00:07:51.432+0000] {processor.py:840} INFO - DAG(s) 'example_dynamic_task_mapping' retrieved from /home/airflow/.local/lib/python3.12/site-packages/airflow/example_dags/example_dynamic_task_mapping.py
[2024-05-25T00:07:51.453+0000] {logging_mixin.py:188} INFO - [2024-05-25T00:07:51.452+0000] {dag.py:3096} INFO - Sync 1 DAGs
[2024-05-25T00:07:51.475+0000] {logging_mixin.py:188} INFO - [2024-05-25T00:07:51.475+0000] {dag.py:3954} INFO - Setting next_dagrun for example_dynamic_task_mapping to 2022-03-04 00:00:00+00:00, run_after=2022-03-05 00:00:00+00:00
[2024-05-25T00:07:51.496+0000] {processor.py:183} INFO - Processing /home/airflow/.local/lib/python3.12/site-packages/airflow/example_dags/example_dynamic_task_mapping.py took 0.083 seconds
[2024-05-25T00:08:32.607+0000] {processor.py:161} INFO - Started process (PID=39539) to work on /home/airflow/.local/lib/python3.12/site-packages/airflow/example_dags/example_dynamic_task_mapping.py
[2024-05-25T00:08:32.608+0000] {processor.py:830} INFO - Processing file /home/airflow/.local/lib/python3.12/site-packages/airflow/example_dags/example_dynamic_task_mapping.py for tasks to queue
[2024-05-25T00:08:32.613+0000] {logging_mixin.py:188} INFO - [2024-05-25T00:08:32.612+0000] {dagbag.py:545} INFO - Filling up the DagBag from /home/airflow/.local/lib/python3.12/site-packages/airflow/example_dags/example_dynamic_task_mapping.py
[2024-05-25T00:08:32.639+0000] {processor.py:840} INFO - DAG(s) 'example_dynamic_task_mapping' retrieved from /home/airflow/.local/lib/python3.12/site-packages/airflow/example_dags/example_dynamic_task_mapping.py
[2024-05-25T00:08:32.687+0000] {logging_mixin.py:188} INFO - [2024-05-25T00:08:32.687+0000] {dag.py:3096} INFO - Sync 1 DAGs
[2024-05-25T00:08:32.751+0000] {logging_mixin.py:188} INFO - [2024-05-25T00:08:32.750+0000] {dag.py:3954} INFO - Setting next_dagrun for example_dynamic_task_mapping to 2022-03-04 00:00:00+00:00, run_after=2022-03-05 00:00:00+00:00
[2024-05-25T00:08:32.788+0000] {processor.py:183} INFO - Processing /home/airflow/.local/lib/python3.12/site-packages/airflow/example_dags/example_dynamic_task_mapping.py took 0.188 seconds
[2024-05-25T00:09:03.298+0000] {processor.py:161} INFO - Started process (PID=39597) to work on /home/airflow/.local/lib/python3.12/site-packages/airflow/example_dags/example_dynamic_task_mapping.py
[2024-05-25T00:09:03.299+0000] {processor.py:830} INFO - Processing file /home/airflow/.local/lib/python3.12/site-packages/airflow/example_dags/example_dynamic_task_mapping.py for tasks to queue
[2024-05-25T00:09:03.302+0000] {logging_mixin.py:188} INFO - [2024-05-25T00:09:03.301+0000] {dagbag.py:545} INFO - Filling up the DagBag from /home/airflow/.local/lib/python3.12/site-packages/airflow/example_dags/example_dynamic_task_mapping.py
[2024-05-25T00:09:03.311+0000] {processor.py:840} INFO - DAG(s) 'example_dynamic_task_mapping' retrieved from /home/airflow/.local/lib/python3.12/site-packages/airflow/example_dags/example_dynamic_task_mapping.py
[2024-05-25T00:09:03.338+0000] {logging_mixin.py:188} INFO - [2024-05-25T00:09:03.337+0000] {dag.py:3096} INFO - Sync 1 DAGs
[2024-05-25T00:09:03.363+0000] {logging_mixin.py:188} INFO - [2024-05-25T00:09:03.363+0000] {dag.py:3954} INFO - Setting next_dagrun for example_dynamic_task_mapping to 2022-03-04 00:00:00+00:00, run_after=2022-03-05 00:00:00+00:00
[2024-05-25T00:09:03.390+0000] {processor.py:183} INFO - Processing /home/airflow/.local/lib/python3.12/site-packages/airflow/example_dags/example_dynamic_task_mapping.py took 0.098 seconds
[2024-05-25T00:10:02.127+0000] {processor.py:161} INFO - Started process (PID=39652) to work on /home/airflow/.local/lib/python3.12/site-packages/airflow/example_dags/example_dynamic_task_mapping.py
[2024-05-25T00:10:02.130+0000] {processor.py:830} INFO - Processing file /home/airflow/.local/lib/python3.12/site-packages/airflow/example_dags/example_dynamic_task_mapping.py for tasks to queue
[2024-05-25T00:10:02.136+0000] {logging_mixin.py:188} INFO - [2024-05-25T00:10:02.136+0000] {dagbag.py:545} INFO - Filling up the DagBag from /home/airflow/.local/lib/python3.12/site-packages/airflow/example_dags/example_dynamic_task_mapping.py
[2024-05-25T00:10:02.150+0000] {processor.py:840} INFO - DAG(s) 'example_dynamic_task_mapping' retrieved from /home/airflow/.local/lib/python3.12/site-packages/airflow/example_dags/example_dynamic_task_mapping.py
[2024-05-25T00:10:02.334+0000] {logging_mixin.py:188} INFO - [2024-05-25T00:10:02.332+0000] {dag.py:3096} INFO - Sync 1 DAGs
[2024-05-25T00:10:02.363+0000] {logging_mixin.py:188} INFO - [2024-05-25T00:10:02.362+0000] {dag.py:3954} INFO - Setting next_dagrun for example_dynamic_task_mapping to 2022-03-04 00:00:00+00:00, run_after=2022-03-05 00:00:00+00:00
[2024-05-25T00:10:02.397+0000] {processor.py:183} INFO - Processing /home/airflow/.local/lib/python3.12/site-packages/airflow/example_dags/example_dynamic_task_mapping.py took 0.281 seconds
[2024-05-25T00:10:33.358+0000] {processor.py:161} INFO - Started process (PID=39702) to work on /home/airflow/.local/lib/python3.12/site-packages/airflow/example_dags/example_dynamic_task_mapping.py
[2024-05-25T00:10:33.359+0000] {processor.py:830} INFO - Processing file /home/airflow/.local/lib/python3.12/site-packages/airflow/example_dags/example_dynamic_task_mapping.py for tasks to queue
[2024-05-25T00:10:33.361+0000] {logging_mixin.py:188} INFO - [2024-05-25T00:10:33.360+0000] {dagbag.py:545} INFO - Filling up the DagBag from /home/airflow/.local/lib/python3.12/site-packages/airflow/example_dags/example_dynamic_task_mapping.py
[2024-05-25T00:10:33.379+0000] {processor.py:840} INFO - DAG(s) 'example_dynamic_task_mapping' retrieved from /home/airflow/.local/lib/python3.12/site-packages/airflow/example_dags/example_dynamic_task_mapping.py
[2024-05-25T00:10:33.456+0000] {logging_mixin.py:188} INFO - [2024-05-25T00:10:33.455+0000] {dag.py:3096} INFO - Sync 1 DAGs
[2024-05-25T00:10:33.537+0000] {logging_mixin.py:188} INFO - [2024-05-25T00:10:33.536+0000] {dag.py:3954} INFO - Setting next_dagrun for example_dynamic_task_mapping to 2022-03-04 00:00:00+00:00, run_after=2022-03-05 00:00:00+00:00
[2024-05-25T00:10:33.611+0000] {processor.py:183} INFO - Processing /home/airflow/.local/lib/python3.12/site-packages/airflow/example_dags/example_dynamic_task_mapping.py took 0.266 seconds
[2024-05-25T00:11:03.914+0000] {processor.py:161} INFO - Started process (PID=39760) to work on /home/airflow/.local/lib/python3.12/site-packages/airflow/example_dags/example_dynamic_task_mapping.py
[2024-05-25T00:11:03.916+0000] {processor.py:830} INFO - Processing file /home/airflow/.local/lib/python3.12/site-packages/airflow/example_dags/example_dynamic_task_mapping.py for tasks to queue
[2024-05-25T00:11:03.917+0000] {logging_mixin.py:188} INFO - [2024-05-25T00:11:03.917+0000] {dagbag.py:545} INFO - Filling up the DagBag from /home/airflow/.local/lib/python3.12/site-packages/airflow/example_dags/example_dynamic_task_mapping.py
[2024-05-25T00:11:03.926+0000] {processor.py:840} INFO - DAG(s) 'example_dynamic_task_mapping' retrieved from /home/airflow/.local/lib/python3.12/site-packages/airflow/example_dags/example_dynamic_task_mapping.py
[2024-05-25T00:11:03.946+0000] {logging_mixin.py:188} INFO - [2024-05-25T00:11:03.945+0000] {dag.py:3096} INFO - Sync 1 DAGs
[2024-05-25T00:11:03.966+0000] {logging_mixin.py:188} INFO - [2024-05-25T00:11:03.966+0000] {dag.py:3954} INFO - Setting next_dagrun for example_dynamic_task_mapping to 2022-03-04 00:00:00+00:00, run_after=2022-03-05 00:00:00+00:00
[2024-05-25T00:11:03.984+0000] {processor.py:183} INFO - Processing /home/airflow/.local/lib/python3.12/site-packages/airflow/example_dags/example_dynamic_task_mapping.py took 0.075 seconds
[2024-05-25T00:11:34.070+0000] {processor.py:161} INFO - Started process (PID=39818) to work on /home/airflow/.local/lib/python3.12/site-packages/airflow/example_dags/example_dynamic_task_mapping.py
[2024-05-25T00:11:34.072+0000] {processor.py:830} INFO - Processing file /home/airflow/.local/lib/python3.12/site-packages/airflow/example_dags/example_dynamic_task_mapping.py for tasks to queue
[2024-05-25T00:11:34.074+0000] {logging_mixin.py:188} INFO - [2024-05-25T00:11:34.073+0000] {dagbag.py:545} INFO - Filling up the DagBag from /home/airflow/.local/lib/python3.12/site-packages/airflow/example_dags/example_dynamic_task_mapping.py
[2024-05-25T00:11:34.083+0000] {processor.py:840} INFO - DAG(s) 'example_dynamic_task_mapping' retrieved from /home/airflow/.local/lib/python3.12/site-packages/airflow/example_dags/example_dynamic_task_mapping.py
[2024-05-25T00:11:34.105+0000] {logging_mixin.py:188} INFO - [2024-05-25T00:11:34.104+0000] {dag.py:3096} INFO - Sync 1 DAGs
[2024-05-25T00:11:34.131+0000] {logging_mixin.py:188} INFO - [2024-05-25T00:11:34.130+0000] {dag.py:3954} INFO - Setting next_dagrun for example_dynamic_task_mapping to 2022-03-04 00:00:00+00:00, run_after=2022-03-05 00:00:00+00:00
[2024-05-25T00:11:34.149+0000] {processor.py:183} INFO - Processing /home/airflow/.local/lib/python3.12/site-packages/airflow/example_dags/example_dynamic_task_mapping.py took 0.085 seconds
[2024-05-25T00:12:05.044+0000] {processor.py:161} INFO - Started process (PID=39873) to work on /home/airflow/.local/lib/python3.12/site-packages/airflow/example_dags/example_dynamic_task_mapping.py
[2024-05-25T00:12:05.047+0000] {processor.py:830} INFO - Processing file /home/airflow/.local/lib/python3.12/site-packages/airflow/example_dags/example_dynamic_task_mapping.py for tasks to queue
[2024-05-25T00:12:05.050+0000] {logging_mixin.py:188} INFO - [2024-05-25T00:12:05.049+0000] {dagbag.py:545} INFO - Filling up the DagBag from /home/airflow/.local/lib/python3.12/site-packages/airflow/example_dags/example_dynamic_task_mapping.py
[2024-05-25T00:12:05.062+0000] {processor.py:840} INFO - DAG(s) 'example_dynamic_task_mapping' retrieved from /home/airflow/.local/lib/python3.12/site-packages/airflow/example_dags/example_dynamic_task_mapping.py
[2024-05-25T00:12:05.093+0000] {logging_mixin.py:188} INFO - [2024-05-25T00:12:05.093+0000] {dag.py:3096} INFO - Sync 1 DAGs
[2024-05-25T00:12:05.131+0000] {logging_mixin.py:188} INFO - [2024-05-25T00:12:05.130+0000] {dag.py:3954} INFO - Setting next_dagrun for example_dynamic_task_mapping to 2022-03-04 00:00:00+00:00, run_after=2022-03-05 00:00:00+00:00
[2024-05-25T00:12:05.172+0000] {processor.py:183} INFO - Processing /home/airflow/.local/lib/python3.12/site-packages/airflow/example_dags/example_dynamic_task_mapping.py took 0.138 seconds
[2024-05-25T00:12:46.405+0000] {processor.py:161} INFO - Started process (PID=39906) to work on /home/airflow/.local/lib/python3.12/site-packages/airflow/example_dags/example_dynamic_task_mapping.py
[2024-05-25T00:12:46.406+0000] {processor.py:830} INFO - Processing file /home/airflow/.local/lib/python3.12/site-packages/airflow/example_dags/example_dynamic_task_mapping.py for tasks to queue
[2024-05-25T00:12:46.407+0000] {logging_mixin.py:188} INFO - [2024-05-25T00:12:46.407+0000] {dagbag.py:545} INFO - Filling up the DagBag from /home/airflow/.local/lib/python3.12/site-packages/airflow/example_dags/example_dynamic_task_mapping.py
[2024-05-25T00:12:46.418+0000] {processor.py:840} INFO - DAG(s) 'example_dynamic_task_mapping' retrieved from /home/airflow/.local/lib/python3.12/site-packages/airflow/example_dags/example_dynamic_task_mapping.py
[2024-05-25T00:12:46.446+0000] {logging_mixin.py:188} INFO - [2024-05-25T00:12:46.445+0000] {dag.py:3096} INFO - Sync 1 DAGs
[2024-05-25T00:12:46.471+0000] {logging_mixin.py:188} INFO - [2024-05-25T00:12:46.471+0000] {dag.py:3954} INFO - Setting next_dagrun for example_dynamic_task_mapping to 2022-03-04 00:00:00+00:00, run_after=2022-03-05 00:00:00+00:00
[2024-05-25T00:12:46.499+0000] {processor.py:183} INFO - Processing /home/airflow/.local/lib/python3.12/site-packages/airflow/example_dags/example_dynamic_task_mapping.py took 0.099 seconds
[2024-05-25T00:13:17.214+0000] {processor.py:161} INFO - Started process (PID=39961) to work on /home/airflow/.local/lib/python3.12/site-packages/airflow/example_dags/example_dynamic_task_mapping.py
[2024-05-25T00:13:17.217+0000] {processor.py:830} INFO - Processing file /home/airflow/.local/lib/python3.12/site-packages/airflow/example_dags/example_dynamic_task_mapping.py for tasks to queue
[2024-05-25T00:13:17.219+0000] {logging_mixin.py:188} INFO - [2024-05-25T00:13:17.219+0000] {dagbag.py:545} INFO - Filling up the DagBag from /home/airflow/.local/lib/python3.12/site-packages/airflow/example_dags/example_dynamic_task_mapping.py
[2024-05-25T00:13:17.238+0000] {processor.py:840} INFO - DAG(s) 'example_dynamic_task_mapping' retrieved from /home/airflow/.local/lib/python3.12/site-packages/airflow/example_dags/example_dynamic_task_mapping.py
[2024-05-25T00:13:17.287+0000] {logging_mixin.py:188} INFO - [2024-05-25T00:13:17.286+0000] {dag.py:3096} INFO - Sync 1 DAGs
[2024-05-25T00:13:17.363+0000] {logging_mixin.py:188} INFO - [2024-05-25T00:13:17.362+0000] {dag.py:3954} INFO - Setting next_dagrun for example_dynamic_task_mapping to 2022-03-04 00:00:00+00:00, run_after=2022-03-05 00:00:00+00:00
[2024-05-25T00:13:17.442+0000] {processor.py:183} INFO - Processing /home/airflow/.local/lib/python3.12/site-packages/airflow/example_dags/example_dynamic_task_mapping.py took 0.239 seconds
[2024-05-25T00:14:16.266+0000] {processor.py:161} INFO - Started process (PID=40006) to work on /home/airflow/.local/lib/python3.12/site-packages/airflow/example_dags/example_dynamic_task_mapping.py
[2024-05-25T00:14:16.267+0000] {processor.py:830} INFO - Processing file /home/airflow/.local/lib/python3.12/site-packages/airflow/example_dags/example_dynamic_task_mapping.py for tasks to queue
[2024-05-25T00:14:16.269+0000] {logging_mixin.py:188} INFO - [2024-05-25T00:14:16.268+0000] {dagbag.py:545} INFO - Filling up the DagBag from /home/airflow/.local/lib/python3.12/site-packages/airflow/example_dags/example_dynamic_task_mapping.py
[2024-05-25T00:14:16.277+0000] {processor.py:840} INFO - DAG(s) 'example_dynamic_task_mapping' retrieved from /home/airflow/.local/lib/python3.12/site-packages/airflow/example_dags/example_dynamic_task_mapping.py
[2024-05-25T00:14:16.302+0000] {logging_mixin.py:188} INFO - [2024-05-25T00:14:16.301+0000] {dag.py:3096} INFO - Sync 1 DAGs
[2024-05-25T00:14:16.325+0000] {logging_mixin.py:188} INFO - [2024-05-25T00:14:16.325+0000] {dag.py:3954} INFO - Setting next_dagrun for example_dynamic_task_mapping to 2022-03-04 00:00:00+00:00, run_after=2022-03-05 00:00:00+00:00
[2024-05-25T00:14:16.574+0000] {processor.py:183} INFO - Processing /home/airflow/.local/lib/python3.12/site-packages/airflow/example_dags/example_dynamic_task_mapping.py took 0.316 seconds
[2024-05-25T00:14:47.042+0000] {processor.py:161} INFO - Started process (PID=40063) to work on /home/airflow/.local/lib/python3.12/site-packages/airflow/example_dags/example_dynamic_task_mapping.py
[2024-05-25T00:14:47.044+0000] {processor.py:830} INFO - Processing file /home/airflow/.local/lib/python3.12/site-packages/airflow/example_dags/example_dynamic_task_mapping.py for tasks to queue
[2024-05-25T00:14:47.046+0000] {logging_mixin.py:188} INFO - [2024-05-25T00:14:47.045+0000] {dagbag.py:545} INFO - Filling up the DagBag from /home/airflow/.local/lib/python3.12/site-packages/airflow/example_dags/example_dynamic_task_mapping.py
[2024-05-25T00:14:47.055+0000] {processor.py:840} INFO - DAG(s) 'example_dynamic_task_mapping' retrieved from /home/airflow/.local/lib/python3.12/site-packages/airflow/example_dags/example_dynamic_task_mapping.py
[2024-05-25T00:14:47.082+0000] {logging_mixin.py:188} INFO - [2024-05-25T00:14:47.082+0000] {dag.py:3096} INFO - Sync 1 DAGs
[2024-05-25T00:14:47.107+0000] {logging_mixin.py:188} INFO - [2024-05-25T00:14:47.107+0000] {dag.py:3954} INFO - Setting next_dagrun for example_dynamic_task_mapping to 2022-03-04 00:00:00+00:00, run_after=2022-03-05 00:00:00+00:00
[2024-05-25T00:14:47.133+0000] {processor.py:183} INFO - Processing /home/airflow/.local/lib/python3.12/site-packages/airflow/example_dags/example_dynamic_task_mapping.py took 0.097 seconds
[2024-05-25T00:15:20.234+0000] {processor.py:161} INFO - Started process (PID=40087) to work on /home/airflow/.local/lib/python3.12/site-packages/airflow/example_dags/example_dynamic_task_mapping.py
[2024-05-25T00:15:20.235+0000] {processor.py:830} INFO - Processing file /home/airflow/.local/lib/python3.12/site-packages/airflow/example_dags/example_dynamic_task_mapping.py for tasks to queue
[2024-05-25T00:15:20.236+0000] {logging_mixin.py:188} INFO - [2024-05-25T00:15:20.236+0000] {dagbag.py:545} INFO - Filling up the DagBag from /home/airflow/.local/lib/python3.12/site-packages/airflow/example_dags/example_dynamic_task_mapping.py
[2024-05-25T00:15:20.248+0000] {processor.py:840} INFO - DAG(s) 'example_dynamic_task_mapping' retrieved from /home/airflow/.local/lib/python3.12/site-packages/airflow/example_dags/example_dynamic_task_mapping.py
[2024-05-25T00:15:20.272+0000] {logging_mixin.py:188} INFO - [2024-05-25T00:15:20.271+0000] {dag.py:3096} INFO - Sync 1 DAGs
[2024-05-25T00:15:20.301+0000] {logging_mixin.py:188} INFO - [2024-05-25T00:15:20.301+0000] {dag.py:3954} INFO - Setting next_dagrun for example_dynamic_task_mapping to 2022-03-04 00:00:00+00:00, run_after=2022-03-05 00:00:00+00:00
[2024-05-25T00:15:20.334+0000] {processor.py:183} INFO - Processing /home/airflow/.local/lib/python3.12/site-packages/airflow/example_dags/example_dynamic_task_mapping.py took 0.106 seconds
[2024-05-25T00:15:50.975+0000] {processor.py:161} INFO - Started process (PID=40145) to work on /home/airflow/.local/lib/python3.12/site-packages/airflow/example_dags/example_dynamic_task_mapping.py
[2024-05-25T00:15:50.976+0000] {processor.py:830} INFO - Processing file /home/airflow/.local/lib/python3.12/site-packages/airflow/example_dags/example_dynamic_task_mapping.py for tasks to queue
[2024-05-25T00:15:50.977+0000] {logging_mixin.py:188} INFO - [2024-05-25T00:15:50.977+0000] {dagbag.py:545} INFO - Filling up the DagBag from /home/airflow/.local/lib/python3.12/site-packages/airflow/example_dags/example_dynamic_task_mapping.py
[2024-05-25T00:15:50.987+0000] {processor.py:840} INFO - DAG(s) 'example_dynamic_task_mapping' retrieved from /home/airflow/.local/lib/python3.12/site-packages/airflow/example_dags/example_dynamic_task_mapping.py
[2024-05-25T00:15:51.019+0000] {logging_mixin.py:188} INFO - [2024-05-25T00:15:51.018+0000] {dag.py:3096} INFO - Sync 1 DAGs
[2024-05-25T00:15:51.242+0000] {logging_mixin.py:188} INFO - [2024-05-25T00:15:51.242+0000] {dag.py:3954} INFO - Setting next_dagrun for example_dynamic_task_mapping to 2022-03-04 00:00:00+00:00, run_after=2022-03-05 00:00:00+00:00
[2024-05-25T00:15:51.263+0000] {processor.py:183} INFO - Processing /home/airflow/.local/lib/python3.12/site-packages/airflow/example_dags/example_dynamic_task_mapping.py took 0.296 seconds
[2024-05-25T00:16:21.672+0000] {processor.py:161} INFO - Started process (PID=40203) to work on /home/airflow/.local/lib/python3.12/site-packages/airflow/example_dags/example_dynamic_task_mapping.py
[2024-05-25T00:16:21.673+0000] {processor.py:830} INFO - Processing file /home/airflow/.local/lib/python3.12/site-packages/airflow/example_dags/example_dynamic_task_mapping.py for tasks to queue
[2024-05-25T00:16:21.675+0000] {logging_mixin.py:188} INFO - [2024-05-25T00:16:21.674+0000] {dagbag.py:545} INFO - Filling up the DagBag from /home/airflow/.local/lib/python3.12/site-packages/airflow/example_dags/example_dynamic_task_mapping.py
[2024-05-25T00:16:21.683+0000] {processor.py:840} INFO - DAG(s) 'example_dynamic_task_mapping' retrieved from /home/airflow/.local/lib/python3.12/site-packages/airflow/example_dags/example_dynamic_task_mapping.py
[2024-05-25T00:16:21.704+0000] {logging_mixin.py:188} INFO - [2024-05-25T00:16:21.704+0000] {dag.py:3096} INFO - Sync 1 DAGs
[2024-05-25T00:16:21.725+0000] {logging_mixin.py:188} INFO - [2024-05-25T00:16:21.725+0000] {dag.py:3954} INFO - Setting next_dagrun for example_dynamic_task_mapping to 2022-03-04 00:00:00+00:00, run_after=2022-03-05 00:00:00+00:00
[2024-05-25T00:16:21.748+0000] {processor.py:183} INFO - Processing /home/airflow/.local/lib/python3.12/site-packages/airflow/example_dags/example_dynamic_task_mapping.py took 0.082 seconds
[2024-05-25T00:16:52.204+0000] {processor.py:161} INFO - Started process (PID=40260) to work on /home/airflow/.local/lib/python3.12/site-packages/airflow/example_dags/example_dynamic_task_mapping.py
[2024-05-25T00:16:52.206+0000] {processor.py:830} INFO - Processing file /home/airflow/.local/lib/python3.12/site-packages/airflow/example_dags/example_dynamic_task_mapping.py for tasks to queue
[2024-05-25T00:16:52.207+0000] {logging_mixin.py:188} INFO - [2024-05-25T00:16:52.207+0000] {dagbag.py:545} INFO - Filling up the DagBag from /home/airflow/.local/lib/python3.12/site-packages/airflow/example_dags/example_dynamic_task_mapping.py
[2024-05-25T00:16:52.225+0000] {processor.py:840} INFO - DAG(s) 'example_dynamic_task_mapping' retrieved from /home/airflow/.local/lib/python3.12/site-packages/airflow/example_dags/example_dynamic_task_mapping.py
[2024-05-25T00:16:52.249+0000] {logging_mixin.py:188} INFO - [2024-05-25T00:16:52.248+0000] {dag.py:3096} INFO - Sync 1 DAGs
[2024-05-25T00:16:52.269+0000] {logging_mixin.py:188} INFO - [2024-05-25T00:16:52.269+0000] {dag.py:3954} INFO - Setting next_dagrun for example_dynamic_task_mapping to 2022-03-04 00:00:00+00:00, run_after=2022-03-05 00:00:00+00:00
[2024-05-25T00:16:52.308+0000] {processor.py:183} INFO - Processing /home/airflow/.local/lib/python3.12/site-packages/airflow/example_dags/example_dynamic_task_mapping.py took 0.109 seconds
[2024-05-25T00:17:22.578+0000] {processor.py:161} INFO - Started process (PID=40316) to work on /home/airflow/.local/lib/python3.12/site-packages/airflow/example_dags/example_dynamic_task_mapping.py
[2024-05-25T00:17:22.579+0000] {processor.py:830} INFO - Processing file /home/airflow/.local/lib/python3.12/site-packages/airflow/example_dags/example_dynamic_task_mapping.py for tasks to queue
[2024-05-25T00:17:22.581+0000] {logging_mixin.py:188} INFO - [2024-05-25T00:17:22.581+0000] {dagbag.py:545} INFO - Filling up the DagBag from /home/airflow/.local/lib/python3.12/site-packages/airflow/example_dags/example_dynamic_task_mapping.py
[2024-05-25T00:17:22.769+0000] {processor.py:840} INFO - DAG(s) 'example_dynamic_task_mapping' retrieved from /home/airflow/.local/lib/python3.12/site-packages/airflow/example_dags/example_dynamic_task_mapping.py
[2024-05-25T00:17:22.789+0000] {logging_mixin.py:188} INFO - [2024-05-25T00:17:22.788+0000] {dag.py:3096} INFO - Sync 1 DAGs
[2024-05-25T00:17:22.806+0000] {logging_mixin.py:188} INFO - [2024-05-25T00:17:22.805+0000] {dag.py:3954} INFO - Setting next_dagrun for example_dynamic_task_mapping to 2022-03-04 00:00:00+00:00, run_after=2022-03-05 00:00:00+00:00
[2024-05-25T00:17:22.825+0000] {processor.py:183} INFO - Processing /home/airflow/.local/lib/python3.12/site-packages/airflow/example_dags/example_dynamic_task_mapping.py took 0.253 seconds
[2024-05-25T00:17:53.255+0000] {processor.py:161} INFO - Started process (PID=40373) to work on /home/airflow/.local/lib/python3.12/site-packages/airflow/example_dags/example_dynamic_task_mapping.py
[2024-05-25T00:17:53.257+0000] {processor.py:830} INFO - Processing file /home/airflow/.local/lib/python3.12/site-packages/airflow/example_dags/example_dynamic_task_mapping.py for tasks to queue
[2024-05-25T00:17:53.258+0000] {logging_mixin.py:188} INFO - [2024-05-25T00:17:53.258+0000] {dagbag.py:545} INFO - Filling up the DagBag from /home/airflow/.local/lib/python3.12/site-packages/airflow/example_dags/example_dynamic_task_mapping.py
[2024-05-25T00:17:53.266+0000] {processor.py:840} INFO - DAG(s) 'example_dynamic_task_mapping' retrieved from /home/airflow/.local/lib/python3.12/site-packages/airflow/example_dags/example_dynamic_task_mapping.py
[2024-05-25T00:17:53.283+0000] {logging_mixin.py:188} INFO - [2024-05-25T00:17:53.283+0000] {dag.py:3096} INFO - Sync 1 DAGs
[2024-05-25T00:17:53.300+0000] {logging_mixin.py:188} INFO - [2024-05-25T00:17:53.300+0000] {dag.py:3954} INFO - Setting next_dagrun for example_dynamic_task_mapping to 2022-03-04 00:00:00+00:00, run_after=2022-03-05 00:00:00+00:00
[2024-05-25T00:17:53.318+0000] {processor.py:183} INFO - Processing /home/airflow/.local/lib/python3.12/site-packages/airflow/example_dags/example_dynamic_task_mapping.py took 0.068 seconds
[2024-05-25T00:18:24.409+0000] {processor.py:161} INFO - Started process (PID=40431) to work on /home/airflow/.local/lib/python3.12/site-packages/airflow/example_dags/example_dynamic_task_mapping.py
[2024-05-25T00:18:24.411+0000] {processor.py:830} INFO - Processing file /home/airflow/.local/lib/python3.12/site-packages/airflow/example_dags/example_dynamic_task_mapping.py for tasks to queue
[2024-05-25T00:18:24.412+0000] {logging_mixin.py:188} INFO - [2024-05-25T00:18:24.412+0000] {dagbag.py:545} INFO - Filling up the DagBag from /home/airflow/.local/lib/python3.12/site-packages/airflow/example_dags/example_dynamic_task_mapping.py
[2024-05-25T00:18:24.420+0000] {processor.py:840} INFO - DAG(s) 'example_dynamic_task_mapping' retrieved from /home/airflow/.local/lib/python3.12/site-packages/airflow/example_dags/example_dynamic_task_mapping.py
[2024-05-25T00:18:24.439+0000] {logging_mixin.py:188} INFO - [2024-05-25T00:18:24.439+0000] {dag.py:3096} INFO - Sync 1 DAGs
[2024-05-25T00:18:24.456+0000] {logging_mixin.py:188} INFO - [2024-05-25T00:18:24.456+0000] {dag.py:3954} INFO - Setting next_dagrun for example_dynamic_task_mapping to 2022-03-04 00:00:00+00:00, run_after=2022-03-05 00:00:00+00:00
[2024-05-25T00:18:24.554+0000] {processor.py:183} INFO - Processing /home/airflow/.local/lib/python3.12/site-packages/airflow/example_dags/example_dynamic_task_mapping.py took 0.151 seconds
