[2024-05-25T00:00:23.111+0000] {processor.py:161} INFO - Started process (PID=38652) to work on /home/airflow/.local/lib/python3.12/site-packages/airflow/example_dags/example_xcom.py
[2024-05-25T00:00:23.112+0000] {processor.py:830} INFO - Processing file /home/airflow/.local/lib/python3.12/site-packages/airflow/example_dags/example_xcom.py for tasks to queue
[2024-05-25T00:00:23.114+0000] {logging_mixin.py:188} INFO - [2024-05-25T00:00:23.114+0000] {dagbag.py:545} INFO - Filling up the DagBag from /home/airflow/.local/lib/python3.12/site-packages/airflow/example_dags/example_xcom.py
[2024-05-25T00:00:23.121+0000] {processor.py:840} INFO - DAG(s) 'example_xcom' retrieved from /home/airflow/.local/lib/python3.12/site-packages/airflow/example_dags/example_xcom.py
[2024-05-25T00:00:23.162+0000] {logging_mixin.py:188} INFO - [2024-05-25T00:00:23.161+0000] {dag.py:3096} INFO - Sync 1 DAGs
[2024-05-25T00:00:23.192+0000] {logging_mixin.py:188} INFO - [2024-05-25T00:00:23.192+0000] {dag.py:3954} INFO - Setting next_dagrun for example_xcom to 2021-01-01 00:00:00+00:00, run_after=2021-01-01 00:00:00+00:00
[2024-05-25T00:00:23.238+0000] {processor.py:183} INFO - Processing /home/airflow/.local/lib/python3.12/site-packages/airflow/example_dags/example_xcom.py took 0.133 seconds
[2024-05-25T00:00:54.268+0000] {processor.py:161} INFO - Started process (PID=38710) to work on /home/airflow/.local/lib/python3.12/site-packages/airflow/example_dags/example_xcom.py
[2024-05-25T00:00:54.269+0000] {processor.py:830} INFO - Processing file /home/airflow/.local/lib/python3.12/site-packages/airflow/example_dags/example_xcom.py for tasks to queue
[2024-05-25T00:00:54.272+0000] {logging_mixin.py:188} INFO - [2024-05-25T00:00:54.271+0000] {dagbag.py:545} INFO - Filling up the DagBag from /home/airflow/.local/lib/python3.12/site-packages/airflow/example_dags/example_xcom.py
[2024-05-25T00:00:54.282+0000] {processor.py:840} INFO - DAG(s) 'example_xcom' retrieved from /home/airflow/.local/lib/python3.12/site-packages/airflow/example_dags/example_xcom.py
[2024-05-25T00:00:54.306+0000] {logging_mixin.py:188} INFO - [2024-05-25T00:00:54.306+0000] {dag.py:3096} INFO - Sync 1 DAGs
[2024-05-25T00:00:54.335+0000] {logging_mixin.py:188} INFO - [2024-05-25T00:00:54.334+0000] {dag.py:3954} INFO - Setting next_dagrun for example_xcom to 2021-01-01 00:00:00+00:00, run_after=2021-01-01 00:00:00+00:00
[2024-05-25T00:00:54.363+0000] {processor.py:183} INFO - Processing /home/airflow/.local/lib/python3.12/site-packages/airflow/example_dags/example_xcom.py took 0.103 seconds
[2024-05-25T00:01:24.784+0000] {processor.py:161} INFO - Started process (PID=38768) to work on /home/airflow/.local/lib/python3.12/site-packages/airflow/example_dags/example_xcom.py
[2024-05-25T00:01:24.786+0000] {processor.py:830} INFO - Processing file /home/airflow/.local/lib/python3.12/site-packages/airflow/example_dags/example_xcom.py for tasks to queue
[2024-05-25T00:01:24.788+0000] {logging_mixin.py:188} INFO - [2024-05-25T00:01:24.788+0000] {dagbag.py:545} INFO - Filling up the DagBag from /home/airflow/.local/lib/python3.12/site-packages/airflow/example_dags/example_xcom.py
[2024-05-25T00:01:24.799+0000] {processor.py:840} INFO - DAG(s) 'example_xcom' retrieved from /home/airflow/.local/lib/python3.12/site-packages/airflow/example_dags/example_xcom.py
[2024-05-25T00:01:24.822+0000] {logging_mixin.py:188} INFO - [2024-05-25T00:01:24.822+0000] {dag.py:3096} INFO - Sync 1 DAGs
[2024-05-25T00:01:24.846+0000] {logging_mixin.py:188} INFO - [2024-05-25T00:01:24.846+0000] {dag.py:3954} INFO - Setting next_dagrun for example_xcom to 2021-01-01 00:00:00+00:00, run_after=2021-01-01 00:00:00+00:00
[2024-05-25T00:01:24.874+0000] {processor.py:183} INFO - Processing /home/airflow/.local/lib/python3.12/site-packages/airflow/example_dags/example_xcom.py took 0.097 seconds
[2024-05-25T00:01:55.667+0000] {processor.py:161} INFO - Started process (PID=38826) to work on /home/airflow/.local/lib/python3.12/site-packages/airflow/example_dags/example_xcom.py
[2024-05-25T00:01:55.669+0000] {processor.py:830} INFO - Processing file /home/airflow/.local/lib/python3.12/site-packages/airflow/example_dags/example_xcom.py for tasks to queue
[2024-05-25T00:01:55.671+0000] {logging_mixin.py:188} INFO - [2024-05-25T00:01:55.671+0000] {dagbag.py:545} INFO - Filling up the DagBag from /home/airflow/.local/lib/python3.12/site-packages/airflow/example_dags/example_xcom.py
[2024-05-25T00:01:55.679+0000] {processor.py:840} INFO - DAG(s) 'example_xcom' retrieved from /home/airflow/.local/lib/python3.12/site-packages/airflow/example_dags/example_xcom.py
[2024-05-25T00:01:55.701+0000] {logging_mixin.py:188} INFO - [2024-05-25T00:01:55.701+0000] {dag.py:3096} INFO - Sync 1 DAGs
[2024-05-25T00:01:55.723+0000] {logging_mixin.py:188} INFO - [2024-05-25T00:01:55.723+0000] {dag.py:3954} INFO - Setting next_dagrun for example_xcom to 2021-01-01 00:00:00+00:00, run_after=2021-01-01 00:00:00+00:00
[2024-05-25T00:01:55.744+0000] {processor.py:183} INFO - Processing /home/airflow/.local/lib/python3.12/site-packages/airflow/example_dags/example_xcom.py took 0.082 seconds
[2024-05-25T00:02:26.277+0000] {processor.py:161} INFO - Started process (PID=38884) to work on /home/airflow/.local/lib/python3.12/site-packages/airflow/example_dags/example_xcom.py
[2024-05-25T00:02:26.279+0000] {processor.py:830} INFO - Processing file /home/airflow/.local/lib/python3.12/site-packages/airflow/example_dags/example_xcom.py for tasks to queue
[2024-05-25T00:02:26.281+0000] {logging_mixin.py:188} INFO - [2024-05-25T00:02:26.281+0000] {dagbag.py:545} INFO - Filling up the DagBag from /home/airflow/.local/lib/python3.12/site-packages/airflow/example_dags/example_xcom.py
[2024-05-25T00:02:26.288+0000] {processor.py:840} INFO - DAG(s) 'example_xcom' retrieved from /home/airflow/.local/lib/python3.12/site-packages/airflow/example_dags/example_xcom.py
[2024-05-25T00:02:26.312+0000] {logging_mixin.py:188} INFO - [2024-05-25T00:02:26.312+0000] {dag.py:3096} INFO - Sync 1 DAGs
[2024-05-25T00:02:26.332+0000] {logging_mixin.py:188} INFO - [2024-05-25T00:02:26.331+0000] {dag.py:3954} INFO - Setting next_dagrun for example_xcom to 2021-01-01 00:00:00+00:00, run_after=2021-01-01 00:00:00+00:00
[2024-05-25T00:02:26.352+0000] {processor.py:183} INFO - Processing /home/airflow/.local/lib/python3.12/site-packages/airflow/example_dags/example_xcom.py took 0.081 seconds
[2024-05-25T00:02:57.086+0000] {processor.py:161} INFO - Started process (PID=38946) to work on /home/airflow/.local/lib/python3.12/site-packages/airflow/example_dags/example_xcom.py
[2024-05-25T00:02:57.087+0000] {processor.py:830} INFO - Processing file /home/airflow/.local/lib/python3.12/site-packages/airflow/example_dags/example_xcom.py for tasks to queue
[2024-05-25T00:02:57.089+0000] {logging_mixin.py:188} INFO - [2024-05-25T00:02:57.088+0000] {dagbag.py:545} INFO - Filling up the DagBag from /home/airflow/.local/lib/python3.12/site-packages/airflow/example_dags/example_xcom.py
[2024-05-25T00:02:57.100+0000] {processor.py:840} INFO - DAG(s) 'example_xcom' retrieved from /home/airflow/.local/lib/python3.12/site-packages/airflow/example_dags/example_xcom.py
[2024-05-25T00:02:57.125+0000] {logging_mixin.py:188} INFO - [2024-05-25T00:02:57.125+0000] {dag.py:3096} INFO - Sync 1 DAGs
[2024-05-25T00:02:57.154+0000] {logging_mixin.py:188} INFO - [2024-05-25T00:02:57.154+0000] {dag.py:3954} INFO - Setting next_dagrun for example_xcom to 2021-01-01 00:00:00+00:00, run_after=2021-01-01 00:00:00+00:00
[2024-05-25T00:02:57.183+0000] {processor.py:183} INFO - Processing /home/airflow/.local/lib/python3.12/site-packages/airflow/example_dags/example_xcom.py took 0.108 seconds
[2024-05-25T00:03:27.318+0000] {processor.py:161} INFO - Started process (PID=39004) to work on /home/airflow/.local/lib/python3.12/site-packages/airflow/example_dags/example_xcom.py
[2024-05-25T00:03:27.320+0000] {processor.py:830} INFO - Processing file /home/airflow/.local/lib/python3.12/site-packages/airflow/example_dags/example_xcom.py for tasks to queue
[2024-05-25T00:03:27.322+0000] {logging_mixin.py:188} INFO - [2024-05-25T00:03:27.321+0000] {dagbag.py:545} INFO - Filling up the DagBag from /home/airflow/.local/lib/python3.12/site-packages/airflow/example_dags/example_xcom.py
[2024-05-25T00:03:27.332+0000] {processor.py:840} INFO - DAG(s) 'example_xcom' retrieved from /home/airflow/.local/lib/python3.12/site-packages/airflow/example_dags/example_xcom.py
[2024-05-25T00:03:27.362+0000] {logging_mixin.py:188} INFO - [2024-05-25T00:03:27.362+0000] {dag.py:3096} INFO - Sync 1 DAGs
[2024-05-25T00:03:27.397+0000] {logging_mixin.py:188} INFO - [2024-05-25T00:03:27.397+0000] {dag.py:3954} INFO - Setting next_dagrun for example_xcom to 2021-01-01 00:00:00+00:00, run_after=2021-01-01 00:00:00+00:00
[2024-05-25T00:03:27.433+0000] {processor.py:183} INFO - Processing /home/airflow/.local/lib/python3.12/site-packages/airflow/example_dags/example_xcom.py took 0.123 seconds
[2024-05-25T00:03:58.466+0000] {processor.py:161} INFO - Started process (PID=39062) to work on /home/airflow/.local/lib/python3.12/site-packages/airflow/example_dags/example_xcom.py
[2024-05-25T00:03:58.468+0000] {processor.py:830} INFO - Processing file /home/airflow/.local/lib/python3.12/site-packages/airflow/example_dags/example_xcom.py for tasks to queue
[2024-05-25T00:03:58.471+0000] {logging_mixin.py:188} INFO - [2024-05-25T00:03:58.471+0000] {dagbag.py:545} INFO - Filling up the DagBag from /home/airflow/.local/lib/python3.12/site-packages/airflow/example_dags/example_xcom.py
[2024-05-25T00:03:58.480+0000] {processor.py:840} INFO - DAG(s) 'example_xcom' retrieved from /home/airflow/.local/lib/python3.12/site-packages/airflow/example_dags/example_xcom.py
[2024-05-25T00:03:58.501+0000] {logging_mixin.py:188} INFO - [2024-05-25T00:03:58.501+0000] {dag.py:3096} INFO - Sync 1 DAGs
[2024-05-25T00:03:58.522+0000] {logging_mixin.py:188} INFO - [2024-05-25T00:03:58.522+0000] {dag.py:3954} INFO - Setting next_dagrun for example_xcom to 2021-01-01 00:00:00+00:00, run_after=2021-01-01 00:00:00+00:00
[2024-05-25T00:03:58.546+0000] {processor.py:183} INFO - Processing /home/airflow/.local/lib/python3.12/site-packages/airflow/example_dags/example_xcom.py took 0.085 seconds
[2024-05-25T00:04:28.782+0000] {processor.py:161} INFO - Started process (PID=39120) to work on /home/airflow/.local/lib/python3.12/site-packages/airflow/example_dags/example_xcom.py
[2024-05-25T00:04:28.784+0000] {processor.py:830} INFO - Processing file /home/airflow/.local/lib/python3.12/site-packages/airflow/example_dags/example_xcom.py for tasks to queue
[2024-05-25T00:04:28.786+0000] {logging_mixin.py:188} INFO - [2024-05-25T00:04:28.786+0000] {dagbag.py:545} INFO - Filling up the DagBag from /home/airflow/.local/lib/python3.12/site-packages/airflow/example_dags/example_xcom.py
[2024-05-25T00:04:28.796+0000] {processor.py:840} INFO - DAG(s) 'example_xcom' retrieved from /home/airflow/.local/lib/python3.12/site-packages/airflow/example_dags/example_xcom.py
[2024-05-25T00:04:28.820+0000] {logging_mixin.py:188} INFO - [2024-05-25T00:04:28.820+0000] {dag.py:3096} INFO - Sync 1 DAGs
[2024-05-25T00:04:28.841+0000] {logging_mixin.py:188} INFO - [2024-05-25T00:04:28.841+0000] {dag.py:3954} INFO - Setting next_dagrun for example_xcom to 2021-01-01 00:00:00+00:00, run_after=2021-01-01 00:00:00+00:00
[2024-05-25T00:04:28.864+0000] {processor.py:183} INFO - Processing /home/airflow/.local/lib/python3.12/site-packages/airflow/example_dags/example_xcom.py took 0.088 seconds
[2024-05-25T00:05:04.592+0000] {processor.py:161} INFO - Started process (PID=39172) to work on /home/airflow/.local/lib/python3.12/site-packages/airflow/example_dags/example_xcom.py
[2024-05-25T00:05:04.594+0000] {processor.py:830} INFO - Processing file /home/airflow/.local/lib/python3.12/site-packages/airflow/example_dags/example_xcom.py for tasks to queue
[2024-05-25T00:05:04.599+0000] {logging_mixin.py:188} INFO - [2024-05-25T00:05:04.599+0000] {dagbag.py:545} INFO - Filling up the DagBag from /home/airflow/.local/lib/python3.12/site-packages/airflow/example_dags/example_xcom.py
[2024-05-25T00:05:04.619+0000] {processor.py:840} INFO - DAG(s) 'example_xcom' retrieved from /home/airflow/.local/lib/python3.12/site-packages/airflow/example_dags/example_xcom.py
[2024-05-25T00:05:04.644+0000] {logging_mixin.py:188} INFO - [2024-05-25T00:05:04.643+0000] {dag.py:3096} INFO - Sync 1 DAGs
[2024-05-25T00:05:04.667+0000] {logging_mixin.py:188} INFO - [2024-05-25T00:05:04.666+0000] {dag.py:3954} INFO - Setting next_dagrun for example_xcom to 2021-01-01 00:00:00+00:00, run_after=2021-01-01 00:00:00+00:00
[2024-05-25T00:05:04.694+0000] {processor.py:183} INFO - Processing /home/airflow/.local/lib/python3.12/site-packages/airflow/example_dags/example_xcom.py took 0.120 seconds
[2024-05-25T00:05:35.404+0000] {processor.py:161} INFO - Started process (PID=39234) to work on /home/airflow/.local/lib/python3.12/site-packages/airflow/example_dags/example_xcom.py
[2024-05-25T00:05:35.405+0000] {processor.py:830} INFO - Processing file /home/airflow/.local/lib/python3.12/site-packages/airflow/example_dags/example_xcom.py for tasks to queue
[2024-05-25T00:05:35.407+0000] {logging_mixin.py:188} INFO - [2024-05-25T00:05:35.407+0000] {dagbag.py:545} INFO - Filling up the DagBag from /home/airflow/.local/lib/python3.12/site-packages/airflow/example_dags/example_xcom.py
[2024-05-25T00:05:35.428+0000] {processor.py:840} INFO - DAG(s) 'example_xcom' retrieved from /home/airflow/.local/lib/python3.12/site-packages/airflow/example_dags/example_xcom.py
[2024-05-25T00:05:35.452+0000] {logging_mixin.py:188} INFO - [2024-05-25T00:05:35.452+0000] {dag.py:3096} INFO - Sync 1 DAGs
[2024-05-25T00:05:35.494+0000] {logging_mixin.py:188} INFO - [2024-05-25T00:05:35.494+0000] {dag.py:3954} INFO - Setting next_dagrun for example_xcom to 2021-01-01 00:00:00+00:00, run_after=2021-01-01 00:00:00+00:00
[2024-05-25T00:05:35.527+0000] {processor.py:183} INFO - Processing /home/airflow/.local/lib/python3.12/site-packages/airflow/example_dags/example_xcom.py took 0.128 seconds
[2024-05-25T00:06:05.649+0000] {processor.py:161} INFO - Started process (PID=39292) to work on /home/airflow/.local/lib/python3.12/site-packages/airflow/example_dags/example_xcom.py
[2024-05-25T00:06:05.651+0000] {processor.py:830} INFO - Processing file /home/airflow/.local/lib/python3.12/site-packages/airflow/example_dags/example_xcom.py for tasks to queue
[2024-05-25T00:06:05.655+0000] {logging_mixin.py:188} INFO - [2024-05-25T00:06:05.654+0000] {dagbag.py:545} INFO - Filling up the DagBag from /home/airflow/.local/lib/python3.12/site-packages/airflow/example_dags/example_xcom.py
[2024-05-25T00:06:05.668+0000] {processor.py:840} INFO - DAG(s) 'example_xcom' retrieved from /home/airflow/.local/lib/python3.12/site-packages/airflow/example_dags/example_xcom.py
[2024-05-25T00:06:05.696+0000] {logging_mixin.py:188} INFO - [2024-05-25T00:06:05.695+0000] {dag.py:3096} INFO - Sync 1 DAGs
[2024-05-25T00:06:05.732+0000] {logging_mixin.py:188} INFO - [2024-05-25T00:06:05.732+0000] {dag.py:3954} INFO - Setting next_dagrun for example_xcom to 2021-01-01 00:00:00+00:00, run_after=2021-01-01 00:00:00+00:00
[2024-05-25T00:06:05.762+0000] {processor.py:183} INFO - Processing /home/airflow/.local/lib/python3.12/site-packages/airflow/example_dags/example_xcom.py took 0.120 seconds
[2024-05-25T00:06:35.851+0000] {processor.py:161} INFO - Started process (PID=39350) to work on /home/airflow/.local/lib/python3.12/site-packages/airflow/example_dags/example_xcom.py
[2024-05-25T00:06:35.852+0000] {processor.py:830} INFO - Processing file /home/airflow/.local/lib/python3.12/site-packages/airflow/example_dags/example_xcom.py for tasks to queue
[2024-05-25T00:06:35.856+0000] {logging_mixin.py:188} INFO - [2024-05-25T00:06:35.855+0000] {dagbag.py:545} INFO - Filling up the DagBag from /home/airflow/.local/lib/python3.12/site-packages/airflow/example_dags/example_xcom.py
[2024-05-25T00:06:35.867+0000] {processor.py:840} INFO - DAG(s) 'example_xcom' retrieved from /home/airflow/.local/lib/python3.12/site-packages/airflow/example_dags/example_xcom.py
[2024-05-25T00:06:35.895+0000] {logging_mixin.py:188} INFO - [2024-05-25T00:06:35.895+0000] {dag.py:3096} INFO - Sync 1 DAGs
[2024-05-25T00:06:35.916+0000] {logging_mixin.py:188} INFO - [2024-05-25T00:06:35.915+0000] {dag.py:3954} INFO - Setting next_dagrun for example_xcom to 2021-01-01 00:00:00+00:00, run_after=2021-01-01 00:00:00+00:00
[2024-05-25T00:06:35.942+0000] {processor.py:183} INFO - Processing /home/airflow/.local/lib/python3.12/site-packages/airflow/example_dags/example_xcom.py took 0.098 seconds
[2024-05-25T00:07:06.520+0000] {processor.py:161} INFO - Started process (PID=39408) to work on /home/airflow/.local/lib/python3.12/site-packages/airflow/example_dags/example_xcom.py
[2024-05-25T00:07:06.523+0000] {processor.py:830} INFO - Processing file /home/airflow/.local/lib/python3.12/site-packages/airflow/example_dags/example_xcom.py for tasks to queue
[2024-05-25T00:07:06.530+0000] {logging_mixin.py:188} INFO - [2024-05-25T00:07:06.528+0000] {dagbag.py:545} INFO - Filling up the DagBag from /home/airflow/.local/lib/python3.12/site-packages/airflow/example_dags/example_xcom.py
[2024-05-25T00:07:06.550+0000] {processor.py:840} INFO - DAG(s) 'example_xcom' retrieved from /home/airflow/.local/lib/python3.12/site-packages/airflow/example_dags/example_xcom.py
[2024-05-25T00:07:06.606+0000] {logging_mixin.py:188} INFO - [2024-05-25T00:07:06.605+0000] {dag.py:3096} INFO - Sync 1 DAGs
[2024-05-25T00:07:06.653+0000] {logging_mixin.py:188} INFO - [2024-05-25T00:07:06.653+0000] {dag.py:3954} INFO - Setting next_dagrun for example_xcom to 2021-01-01 00:00:00+00:00, run_after=2021-01-01 00:00:00+00:00
[2024-05-25T00:07:06.704+0000] {processor.py:183} INFO - Processing /home/airflow/.local/lib/python3.12/site-packages/airflow/example_dags/example_xcom.py took 0.207 seconds
[2024-05-25T00:07:36.771+0000] {processor.py:161} INFO - Started process (PID=39466) to work on /home/airflow/.local/lib/python3.12/site-packages/airflow/example_dags/example_xcom.py
[2024-05-25T00:07:36.773+0000] {processor.py:830} INFO - Processing file /home/airflow/.local/lib/python3.12/site-packages/airflow/example_dags/example_xcom.py for tasks to queue
[2024-05-25T00:07:36.775+0000] {logging_mixin.py:188} INFO - [2024-05-25T00:07:36.775+0000] {dagbag.py:545} INFO - Filling up the DagBag from /home/airflow/.local/lib/python3.12/site-packages/airflow/example_dags/example_xcom.py
[2024-05-25T00:07:36.784+0000] {processor.py:840} INFO - DAG(s) 'example_xcom' retrieved from /home/airflow/.local/lib/python3.12/site-packages/airflow/example_dags/example_xcom.py
[2024-05-25T00:07:36.805+0000] {logging_mixin.py:188} INFO - [2024-05-25T00:07:36.804+0000] {dag.py:3096} INFO - Sync 1 DAGs
[2024-05-25T00:07:36.844+0000] {logging_mixin.py:188} INFO - [2024-05-25T00:07:36.844+0000] {dag.py:3954} INFO - Setting next_dagrun for example_xcom to 2021-01-01 00:00:00+00:00, run_after=2021-01-01 00:00:00+00:00
[2024-05-25T00:07:36.872+0000] {processor.py:183} INFO - Processing /home/airflow/.local/lib/python3.12/site-packages/airflow/example_dags/example_xcom.py took 0.106 seconds
[2024-05-25T00:08:07.904+0000] {processor.py:161} INFO - Started process (PID=39524) to work on /home/airflow/.local/lib/python3.12/site-packages/airflow/example_dags/example_xcom.py
[2024-05-25T00:08:07.905+0000] {processor.py:830} INFO - Processing file /home/airflow/.local/lib/python3.12/site-packages/airflow/example_dags/example_xcom.py for tasks to queue
[2024-05-25T00:08:07.909+0000] {logging_mixin.py:188} INFO - [2024-05-25T00:08:07.908+0000] {dagbag.py:545} INFO - Filling up the DagBag from /home/airflow/.local/lib/python3.12/site-packages/airflow/example_dags/example_xcom.py
[2024-05-25T00:08:07.927+0000] {processor.py:840} INFO - DAG(s) 'example_xcom' retrieved from /home/airflow/.local/lib/python3.12/site-packages/airflow/example_dags/example_xcom.py
[2024-05-25T00:08:08.111+0000] {logging_mixin.py:188} INFO - [2024-05-25T00:08:08.110+0000] {dag.py:3096} INFO - Sync 1 DAGs
[2024-05-25T00:08:08.154+0000] {logging_mixin.py:188} INFO - [2024-05-25T00:08:08.152+0000] {dag.py:3954} INFO - Setting next_dagrun for example_xcom to 2021-01-01 00:00:00+00:00, run_after=2021-01-01 00:00:00+00:00
[2024-05-25T00:08:08.197+0000] {processor.py:183} INFO - Processing /home/airflow/.local/lib/python3.12/site-packages/airflow/example_dags/example_xcom.py took 0.302 seconds
[2024-05-25T00:08:44.053+0000] {processor.py:161} INFO - Started process (PID=39582) to work on /home/airflow/.local/lib/python3.12/site-packages/airflow/example_dags/example_xcom.py
[2024-05-25T00:08:44.055+0000] {processor.py:830} INFO - Processing file /home/airflow/.local/lib/python3.12/site-packages/airflow/example_dags/example_xcom.py for tasks to queue
[2024-05-25T00:08:44.060+0000] {logging_mixin.py:188} INFO - [2024-05-25T00:08:44.057+0000] {dagbag.py:545} INFO - Filling up the DagBag from /home/airflow/.local/lib/python3.12/site-packages/airflow/example_dags/example_xcom.py
[2024-05-25T00:08:44.080+0000] {processor.py:840} INFO - DAG(s) 'example_xcom' retrieved from /home/airflow/.local/lib/python3.12/site-packages/airflow/example_dags/example_xcom.py
[2024-05-25T00:08:44.173+0000] {logging_mixin.py:188} INFO - [2024-05-25T00:08:44.172+0000] {dag.py:3096} INFO - Sync 1 DAGs
[2024-05-25T00:08:44.209+0000] {logging_mixin.py:188} INFO - [2024-05-25T00:08:44.209+0000] {dag.py:3954} INFO - Setting next_dagrun for example_xcom to 2021-01-01 00:00:00+00:00, run_after=2021-01-01 00:00:00+00:00
[2024-05-25T00:08:44.243+0000] {processor.py:183} INFO - Processing /home/airflow/.local/lib/python3.12/site-packages/airflow/example_dags/example_xcom.py took 0.201 seconds
[2024-05-25T00:09:55.132+0000] {processor.py:161} INFO - Started process (PID=39624) to work on /home/airflow/.local/lib/python3.12/site-packages/airflow/example_dags/example_xcom.py
[2024-05-25T00:09:55.134+0000] {processor.py:830} INFO - Processing file /home/airflow/.local/lib/python3.12/site-packages/airflow/example_dags/example_xcom.py for tasks to queue
[2024-05-25T00:09:55.137+0000] {logging_mixin.py:188} INFO - [2024-05-25T00:09:55.137+0000] {dagbag.py:545} INFO - Filling up the DagBag from /home/airflow/.local/lib/python3.12/site-packages/airflow/example_dags/example_xcom.py
[2024-05-25T00:09:55.149+0000] {processor.py:840} INFO - DAG(s) 'example_xcom' retrieved from /home/airflow/.local/lib/python3.12/site-packages/airflow/example_dags/example_xcom.py
[2024-05-25T00:09:55.173+0000] {logging_mixin.py:188} INFO - [2024-05-25T00:09:55.172+0000] {dag.py:3096} INFO - Sync 1 DAGs
[2024-05-25T00:09:55.201+0000] {logging_mixin.py:188} INFO - [2024-05-25T00:09:55.200+0000] {dag.py:3954} INFO - Setting next_dagrun for example_xcom to 2021-01-01 00:00:00+00:00, run_after=2021-01-01 00:00:00+00:00
[2024-05-25T00:09:55.231+0000] {processor.py:183} INFO - Processing /home/airflow/.local/lib/python3.12/site-packages/airflow/example_dags/example_xcom.py took 0.105 seconds
[2024-05-25T00:10:26.460+0000] {processor.py:161} INFO - Started process (PID=39682) to work on /home/airflow/.local/lib/python3.12/site-packages/airflow/example_dags/example_xcom.py
[2024-05-25T00:10:26.461+0000] {processor.py:830} INFO - Processing file /home/airflow/.local/lib/python3.12/site-packages/airflow/example_dags/example_xcom.py for tasks to queue
[2024-05-25T00:10:26.464+0000] {logging_mixin.py:188} INFO - [2024-05-25T00:10:26.462+0000] {dagbag.py:545} INFO - Filling up the DagBag from /home/airflow/.local/lib/python3.12/site-packages/airflow/example_dags/example_xcom.py
[2024-05-25T00:10:26.478+0000] {processor.py:840} INFO - DAG(s) 'example_xcom' retrieved from /home/airflow/.local/lib/python3.12/site-packages/airflow/example_dags/example_xcom.py
[2024-05-25T00:10:26.532+0000] {logging_mixin.py:188} INFO - [2024-05-25T00:10:26.531+0000] {dag.py:3096} INFO - Sync 1 DAGs
[2024-05-25T00:10:26.622+0000] {logging_mixin.py:188} INFO - [2024-05-25T00:10:26.621+0000] {dag.py:3954} INFO - Setting next_dagrun for example_xcom to 2021-01-01 00:00:00+00:00, run_after=2021-01-01 00:00:00+00:00
[2024-05-25T00:10:26.710+0000] {processor.py:183} INFO - Processing /home/airflow/.local/lib/python3.12/site-packages/airflow/example_dags/example_xcom.py took 0.263 seconds
[2024-05-25T00:10:57.508+0000] {processor.py:161} INFO - Started process (PID=39740) to work on /home/airflow/.local/lib/python3.12/site-packages/airflow/example_dags/example_xcom.py
[2024-05-25T00:10:57.509+0000] {processor.py:830} INFO - Processing file /home/airflow/.local/lib/python3.12/site-packages/airflow/example_dags/example_xcom.py for tasks to queue
[2024-05-25T00:10:57.511+0000] {logging_mixin.py:188} INFO - [2024-05-25T00:10:57.511+0000] {dagbag.py:545} INFO - Filling up the DagBag from /home/airflow/.local/lib/python3.12/site-packages/airflow/example_dags/example_xcom.py
[2024-05-25T00:10:57.520+0000] {processor.py:840} INFO - DAG(s) 'example_xcom' retrieved from /home/airflow/.local/lib/python3.12/site-packages/airflow/example_dags/example_xcom.py
[2024-05-25T00:10:57.547+0000] {logging_mixin.py:188} INFO - [2024-05-25T00:10:57.547+0000] {dag.py:3096} INFO - Sync 1 DAGs
[2024-05-25T00:10:57.570+0000] {logging_mixin.py:188} INFO - [2024-05-25T00:10:57.570+0000] {dag.py:3954} INFO - Setting next_dagrun for example_xcom to 2021-01-01 00:00:00+00:00, run_after=2021-01-01 00:00:00+00:00
[2024-05-25T00:10:57.597+0000] {processor.py:183} INFO - Processing /home/airflow/.local/lib/python3.12/site-packages/airflow/example_dags/example_xcom.py took 0.095 seconds
[2024-05-25T00:11:27.716+0000] {processor.py:161} INFO - Started process (PID=39797) to work on /home/airflow/.local/lib/python3.12/site-packages/airflow/example_dags/example_xcom.py
[2024-05-25T00:11:27.718+0000] {processor.py:830} INFO - Processing file /home/airflow/.local/lib/python3.12/site-packages/airflow/example_dags/example_xcom.py for tasks to queue
[2024-05-25T00:11:27.719+0000] {logging_mixin.py:188} INFO - [2024-05-25T00:11:27.719+0000] {dagbag.py:545} INFO - Filling up the DagBag from /home/airflow/.local/lib/python3.12/site-packages/airflow/example_dags/example_xcom.py
[2024-05-25T00:11:27.727+0000] {processor.py:840} INFO - DAG(s) 'example_xcom' retrieved from /home/airflow/.local/lib/python3.12/site-packages/airflow/example_dags/example_xcom.py
[2024-05-25T00:11:27.756+0000] {logging_mixin.py:188} INFO - [2024-05-25T00:11:27.756+0000] {dag.py:3096} INFO - Sync 1 DAGs
[2024-05-25T00:11:27.790+0000] {logging_mixin.py:188} INFO - [2024-05-25T00:11:27.789+0000] {dag.py:3954} INFO - Setting next_dagrun for example_xcom to 2021-01-01 00:00:00+00:00, run_after=2021-01-01 00:00:00+00:00
[2024-05-25T00:11:27.815+0000] {processor.py:183} INFO - Processing /home/airflow/.local/lib/python3.12/site-packages/airflow/example_dags/example_xcom.py took 0.105 seconds
[2024-05-25T00:11:58.671+0000] {processor.py:161} INFO - Started process (PID=39856) to work on /home/airflow/.local/lib/python3.12/site-packages/airflow/example_dags/example_xcom.py
[2024-05-25T00:11:58.674+0000] {processor.py:830} INFO - Processing file /home/airflow/.local/lib/python3.12/site-packages/airflow/example_dags/example_xcom.py for tasks to queue
[2024-05-25T00:11:58.676+0000] {logging_mixin.py:188} INFO - [2024-05-25T00:11:58.676+0000] {dagbag.py:545} INFO - Filling up the DagBag from /home/airflow/.local/lib/python3.12/site-packages/airflow/example_dags/example_xcom.py
[2024-05-25T00:11:58.684+0000] {processor.py:840} INFO - DAG(s) 'example_xcom' retrieved from /home/airflow/.local/lib/python3.12/site-packages/airflow/example_dags/example_xcom.py
[2024-05-25T00:11:58.716+0000] {logging_mixin.py:188} INFO - [2024-05-25T00:11:58.716+0000] {dag.py:3096} INFO - Sync 1 DAGs
[2024-05-25T00:11:58.748+0000] {logging_mixin.py:188} INFO - [2024-05-25T00:11:58.747+0000] {dag.py:3954} INFO - Setting next_dagrun for example_xcom to 2021-01-01 00:00:00+00:00, run_after=2021-01-01 00:00:00+00:00
[2024-05-25T00:11:58.773+0000] {processor.py:183} INFO - Processing /home/airflow/.local/lib/python3.12/site-packages/airflow/example_dags/example_xcom.py took 0.108 seconds
[2024-05-25T00:12:47.332+0000] {processor.py:161} INFO - Started process (PID=39917) to work on /home/airflow/.local/lib/python3.12/site-packages/airflow/example_dags/example_xcom.py
[2024-05-25T00:12:47.334+0000] {processor.py:830} INFO - Processing file /home/airflow/.local/lib/python3.12/site-packages/airflow/example_dags/example_xcom.py for tasks to queue
[2024-05-25T00:12:47.335+0000] {logging_mixin.py:188} INFO - [2024-05-25T00:12:47.335+0000] {dagbag.py:545} INFO - Filling up the DagBag from /home/airflow/.local/lib/python3.12/site-packages/airflow/example_dags/example_xcom.py
[2024-05-25T00:12:47.344+0000] {processor.py:840} INFO - DAG(s) 'example_xcom' retrieved from /home/airflow/.local/lib/python3.12/site-packages/airflow/example_dags/example_xcom.py
[2024-05-25T00:12:47.372+0000] {logging_mixin.py:188} INFO - [2024-05-25T00:12:47.371+0000] {dag.py:3096} INFO - Sync 1 DAGs
[2024-05-25T00:12:47.403+0000] {logging_mixin.py:188} INFO - [2024-05-25T00:12:47.403+0000] {dag.py:3954} INFO - Setting next_dagrun for example_xcom to 2021-01-01 00:00:00+00:00, run_after=2021-01-01 00:00:00+00:00
[2024-05-25T00:12:47.431+0000] {processor.py:183} INFO - Processing /home/airflow/.local/lib/python3.12/site-packages/airflow/example_dags/example_xcom.py took 0.109 seconds
[2024-05-25T00:13:18.892+0000] {processor.py:161} INFO - Started process (PID=39975) to work on /home/airflow/.local/lib/python3.12/site-packages/airflow/example_dags/example_xcom.py
[2024-05-25T00:13:18.897+0000] {processor.py:830} INFO - Processing file /home/airflow/.local/lib/python3.12/site-packages/airflow/example_dags/example_xcom.py for tasks to queue
[2024-05-25T00:13:18.902+0000] {logging_mixin.py:188} INFO - [2024-05-25T00:13:18.901+0000] {dagbag.py:545} INFO - Filling up the DagBag from /home/airflow/.local/lib/python3.12/site-packages/airflow/example_dags/example_xcom.py
[2024-05-25T00:13:18.953+0000] {processor.py:840} INFO - DAG(s) 'example_xcom' retrieved from /home/airflow/.local/lib/python3.12/site-packages/airflow/example_dags/example_xcom.py
[2024-05-25T00:13:19.111+0000] {logging_mixin.py:188} INFO - [2024-05-25T00:13:19.110+0000] {dag.py:3096} INFO - Sync 1 DAGs
[2024-05-25T00:13:19.245+0000] {logging_mixin.py:188} INFO - [2024-05-25T00:13:19.244+0000] {dag.py:3954} INFO - Setting next_dagrun for example_xcom to 2021-01-01 00:00:00+00:00, run_after=2021-01-01 00:00:00+00:00
[2024-05-25T00:13:19.383+0000] {processor.py:183} INFO - Processing /home/airflow/.local/lib/python3.12/site-packages/airflow/example_dags/example_xcom.py took 0.518 seconds
[2024-05-25T00:14:19.512+0000] {processor.py:161} INFO - Started process (PID=40027) to work on /home/airflow/.local/lib/python3.12/site-packages/airflow/example_dags/example_xcom.py
[2024-05-25T00:14:19.514+0000] {processor.py:830} INFO - Processing file /home/airflow/.local/lib/python3.12/site-packages/airflow/example_dags/example_xcom.py for tasks to queue
[2024-05-25T00:14:19.515+0000] {logging_mixin.py:188} INFO - [2024-05-25T00:14:19.515+0000] {dagbag.py:545} INFO - Filling up the DagBag from /home/airflow/.local/lib/python3.12/site-packages/airflow/example_dags/example_xcom.py
[2024-05-25T00:14:19.527+0000] {processor.py:840} INFO - DAG(s) 'example_xcom' retrieved from /home/airflow/.local/lib/python3.12/site-packages/airflow/example_dags/example_xcom.py
[2024-05-25T00:14:19.555+0000] {logging_mixin.py:188} INFO - [2024-05-25T00:14:19.554+0000] {dag.py:3096} INFO - Sync 1 DAGs
[2024-05-25T00:14:19.582+0000] {logging_mixin.py:188} INFO - [2024-05-25T00:14:19.582+0000] {dag.py:3954} INFO - Setting next_dagrun for example_xcom to 2021-01-01 00:00:00+00:00, run_after=2021-01-01 00:00:00+00:00
[2024-05-25T00:14:19.618+0000] {processor.py:183} INFO - Processing /home/airflow/.local/lib/python3.12/site-packages/airflow/example_dags/example_xcom.py took 0.115 seconds
[2024-05-25T00:15:21.035+0000] {processor.py:161} INFO - Started process (PID=40099) to work on /home/airflow/.local/lib/python3.12/site-packages/airflow/example_dags/example_xcom.py
[2024-05-25T00:15:21.036+0000] {processor.py:830} INFO - Processing file /home/airflow/.local/lib/python3.12/site-packages/airflow/example_dags/example_xcom.py for tasks to queue
[2024-05-25T00:15:21.037+0000] {logging_mixin.py:188} INFO - [2024-05-25T00:15:21.037+0000] {dagbag.py:545} INFO - Filling up the DagBag from /home/airflow/.local/lib/python3.12/site-packages/airflow/example_dags/example_xcom.py
[2024-05-25T00:15:21.049+0000] {processor.py:840} INFO - DAG(s) 'example_xcom' retrieved from /home/airflow/.local/lib/python3.12/site-packages/airflow/example_dags/example_xcom.py
[2024-05-25T00:15:21.078+0000] {logging_mixin.py:188} INFO - [2024-05-25T00:15:21.078+0000] {dag.py:3096} INFO - Sync 1 DAGs
[2024-05-25T00:15:21.107+0000] {logging_mixin.py:188} INFO - [2024-05-25T00:15:21.107+0000] {dag.py:3954} INFO - Setting next_dagrun for example_xcom to 2021-01-01 00:00:00+00:00, run_after=2021-01-01 00:00:00+00:00
[2024-05-25T00:15:21.127+0000] {processor.py:183} INFO - Processing /home/airflow/.local/lib/python3.12/site-packages/airflow/example_dags/example_xcom.py took 0.098 seconds
