[2024-05-25T00:00:26.916+0000] {processor.py:161} INFO - Started process (PID=38662) to work on /home/airflow/.local/lib/python3.12/site-packages/airflow/example_dags/example_task_group.py
[2024-05-25T00:00:26.918+0000] {processor.py:830} INFO - Processing file /home/airflow/.local/lib/python3.12/site-packages/airflow/example_dags/example_task_group.py for tasks to queue
[2024-05-25T00:00:26.922+0000] {logging_mixin.py:188} INFO - [2024-05-25T00:00:26.921+0000] {dagbag.py:545} INFO - Filling up the DagBag from /home/airflow/.local/lib/python3.12/site-packages/airflow/example_dags/example_task_group.py
[2024-05-25T00:00:26.933+0000] {processor.py:840} INFO - DAG(s) 'example_task_group' retrieved from /home/airflow/.local/lib/python3.12/site-packages/airflow/example_dags/example_task_group.py
[2024-05-25T00:00:26.959+0000] {logging_mixin.py:188} INFO - [2024-05-25T00:00:26.959+0000] {dag.py:3096} INFO - Sync 1 DAGs
[2024-05-25T00:00:26.984+0000] {logging_mixin.py:188} INFO - [2024-05-25T00:00:26.984+0000] {dag.py:3954} INFO - Setting next_dagrun for example_task_group to 2024-05-24 00:00:00+00:00, run_after=2024-05-25 00:00:00+00:00
[2024-05-25T00:00:27.012+0000] {processor.py:183} INFO - Processing /home/airflow/.local/lib/python3.12/site-packages/airflow/example_dags/example_task_group.py took 0.101 seconds
[2024-05-25T00:00:57.153+0000] {processor.py:161} INFO - Started process (PID=38720) to work on /home/airflow/.local/lib/python3.12/site-packages/airflow/example_dags/example_task_group.py
[2024-05-25T00:00:57.156+0000] {processor.py:830} INFO - Processing file /home/airflow/.local/lib/python3.12/site-packages/airflow/example_dags/example_task_group.py for tasks to queue
[2024-05-25T00:00:57.166+0000] {logging_mixin.py:188} INFO - [2024-05-25T00:00:57.165+0000] {dagbag.py:545} INFO - Filling up the DagBag from /home/airflow/.local/lib/python3.12/site-packages/airflow/example_dags/example_task_group.py
[2024-05-25T00:00:57.184+0000] {processor.py:840} INFO - DAG(s) 'example_task_group' retrieved from /home/airflow/.local/lib/python3.12/site-packages/airflow/example_dags/example_task_group.py
[2024-05-25T00:00:57.220+0000] {logging_mixin.py:188} INFO - [2024-05-25T00:00:57.219+0000] {dag.py:3096} INFO - Sync 1 DAGs
[2024-05-25T00:00:57.251+0000] {logging_mixin.py:188} INFO - [2024-05-25T00:00:57.250+0000] {dag.py:3954} INFO - Setting next_dagrun for example_task_group to 2024-05-24 00:00:00+00:00, run_after=2024-05-25 00:00:00+00:00
[2024-05-25T00:00:57.284+0000] {processor.py:183} INFO - Processing /home/airflow/.local/lib/python3.12/site-packages/airflow/example_dags/example_task_group.py took 0.142 seconds
[2024-05-25T00:01:28.031+0000] {processor.py:161} INFO - Started process (PID=38778) to work on /home/airflow/.local/lib/python3.12/site-packages/airflow/example_dags/example_task_group.py
[2024-05-25T00:01:28.035+0000] {processor.py:830} INFO - Processing file /home/airflow/.local/lib/python3.12/site-packages/airflow/example_dags/example_task_group.py for tasks to queue
[2024-05-25T00:01:28.043+0000] {logging_mixin.py:188} INFO - [2024-05-25T00:01:28.043+0000] {dagbag.py:545} INFO - Filling up the DagBag from /home/airflow/.local/lib/python3.12/site-packages/airflow/example_dags/example_task_group.py
[2024-05-25T00:01:28.054+0000] {processor.py:840} INFO - DAG(s) 'example_task_group' retrieved from /home/airflow/.local/lib/python3.12/site-packages/airflow/example_dags/example_task_group.py
[2024-05-25T00:01:28.081+0000] {logging_mixin.py:188} INFO - [2024-05-25T00:01:28.081+0000] {dag.py:3096} INFO - Sync 1 DAGs
[2024-05-25T00:01:28.110+0000] {logging_mixin.py:188} INFO - [2024-05-25T00:01:28.110+0000] {dag.py:3954} INFO - Setting next_dagrun for example_task_group to 2024-05-24 00:00:00+00:00, run_after=2024-05-25 00:00:00+00:00
[2024-05-25T00:01:28.150+0000] {processor.py:183} INFO - Processing /home/airflow/.local/lib/python3.12/site-packages/airflow/example_dags/example_task_group.py took 0.127 seconds
[2024-05-25T00:01:58.298+0000] {processor.py:161} INFO - Started process (PID=38836) to work on /home/airflow/.local/lib/python3.12/site-packages/airflow/example_dags/example_task_group.py
[2024-05-25T00:01:58.300+0000] {processor.py:830} INFO - Processing file /home/airflow/.local/lib/python3.12/site-packages/airflow/example_dags/example_task_group.py for tasks to queue
[2024-05-25T00:01:58.306+0000] {logging_mixin.py:188} INFO - [2024-05-25T00:01:58.305+0000] {dagbag.py:545} INFO - Filling up the DagBag from /home/airflow/.local/lib/python3.12/site-packages/airflow/example_dags/example_task_group.py
[2024-05-25T00:01:58.312+0000] {processor.py:840} INFO - DAG(s) 'example_task_group' retrieved from /home/airflow/.local/lib/python3.12/site-packages/airflow/example_dags/example_task_group.py
[2024-05-25T00:01:58.345+0000] {logging_mixin.py:188} INFO - [2024-05-25T00:01:58.344+0000] {dag.py:3096} INFO - Sync 1 DAGs
[2024-05-25T00:01:58.378+0000] {logging_mixin.py:188} INFO - [2024-05-25T00:01:58.377+0000] {dag.py:3954} INFO - Setting next_dagrun for example_task_group to 2024-05-24 00:00:00+00:00, run_after=2024-05-25 00:00:00+00:00
[2024-05-25T00:01:58.407+0000] {processor.py:183} INFO - Processing /home/airflow/.local/lib/python3.12/site-packages/airflow/example_dags/example_task_group.py took 0.115 seconds
[2024-05-25T00:02:28.879+0000] {processor.py:161} INFO - Started process (PID=38894) to work on /home/airflow/.local/lib/python3.12/site-packages/airflow/example_dags/example_task_group.py
[2024-05-25T00:02:28.880+0000] {processor.py:830} INFO - Processing file /home/airflow/.local/lib/python3.12/site-packages/airflow/example_dags/example_task_group.py for tasks to queue
[2024-05-25T00:02:28.883+0000] {logging_mixin.py:188} INFO - [2024-05-25T00:02:28.882+0000] {dagbag.py:545} INFO - Filling up the DagBag from /home/airflow/.local/lib/python3.12/site-packages/airflow/example_dags/example_task_group.py
[2024-05-25T00:02:28.890+0000] {processor.py:840} INFO - DAG(s) 'example_task_group' retrieved from /home/airflow/.local/lib/python3.12/site-packages/airflow/example_dags/example_task_group.py
[2024-05-25T00:02:28.915+0000] {logging_mixin.py:188} INFO - [2024-05-25T00:02:28.915+0000] {dag.py:3096} INFO - Sync 1 DAGs
[2024-05-25T00:02:28.935+0000] {logging_mixin.py:188} INFO - [2024-05-25T00:02:28.935+0000] {dag.py:3954} INFO - Setting next_dagrun for example_task_group to 2024-05-24 00:00:00+00:00, run_after=2024-05-25 00:00:00+00:00
[2024-05-25T00:02:28.957+0000] {processor.py:183} INFO - Processing /home/airflow/.local/lib/python3.12/site-packages/airflow/example_dags/example_task_group.py took 0.082 seconds
[2024-05-25T00:02:59.853+0000] {processor.py:161} INFO - Started process (PID=38956) to work on /home/airflow/.local/lib/python3.12/site-packages/airflow/example_dags/example_task_group.py
[2024-05-25T00:02:59.855+0000] {processor.py:830} INFO - Processing file /home/airflow/.local/lib/python3.12/site-packages/airflow/example_dags/example_task_group.py for tasks to queue
[2024-05-25T00:02:59.861+0000] {logging_mixin.py:188} INFO - [2024-05-25T00:02:59.860+0000] {dagbag.py:545} INFO - Filling up the DagBag from /home/airflow/.local/lib/python3.12/site-packages/airflow/example_dags/example_task_group.py
[2024-05-25T00:02:59.869+0000] {processor.py:840} INFO - DAG(s) 'example_task_group' retrieved from /home/airflow/.local/lib/python3.12/site-packages/airflow/example_dags/example_task_group.py
[2024-05-25T00:02:59.908+0000] {logging_mixin.py:188} INFO - [2024-05-25T00:02:59.907+0000] {dag.py:3096} INFO - Sync 1 DAGs
[2024-05-25T00:02:59.939+0000] {logging_mixin.py:188} INFO - [2024-05-25T00:02:59.939+0000] {dag.py:3954} INFO - Setting next_dagrun for example_task_group to 2024-05-24 00:00:00+00:00, run_after=2024-05-25 00:00:00+00:00
[2024-05-25T00:02:59.971+0000] {processor.py:183} INFO - Processing /home/airflow/.local/lib/python3.12/site-packages/airflow/example_dags/example_task_group.py took 0.125 seconds
[2024-05-25T00:03:30.192+0000] {processor.py:161} INFO - Started process (PID=39014) to work on /home/airflow/.local/lib/python3.12/site-packages/airflow/example_dags/example_task_group.py
[2024-05-25T00:03:30.194+0000] {processor.py:830} INFO - Processing file /home/airflow/.local/lib/python3.12/site-packages/airflow/example_dags/example_task_group.py for tasks to queue
[2024-05-25T00:03:30.205+0000] {logging_mixin.py:188} INFO - [2024-05-25T00:03:30.203+0000] {dagbag.py:545} INFO - Filling up the DagBag from /home/airflow/.local/lib/python3.12/site-packages/airflow/example_dags/example_task_group.py
[2024-05-25T00:03:30.214+0000] {processor.py:840} INFO - DAG(s) 'example_task_group' retrieved from /home/airflow/.local/lib/python3.12/site-packages/airflow/example_dags/example_task_group.py
[2024-05-25T00:03:30.253+0000] {logging_mixin.py:188} INFO - [2024-05-25T00:03:30.252+0000] {dag.py:3096} INFO - Sync 1 DAGs
[2024-05-25T00:03:30.289+0000] {logging_mixin.py:188} INFO - [2024-05-25T00:03:30.289+0000] {dag.py:3954} INFO - Setting next_dagrun for example_task_group to 2024-05-24 00:00:00+00:00, run_after=2024-05-25 00:00:00+00:00
[2024-05-25T00:03:30.322+0000] {processor.py:183} INFO - Processing /home/airflow/.local/lib/python3.12/site-packages/airflow/example_dags/example_task_group.py took 0.137 seconds
[2024-05-25T00:04:01.239+0000] {processor.py:161} INFO - Started process (PID=39072) to work on /home/airflow/.local/lib/python3.12/site-packages/airflow/example_dags/example_task_group.py
[2024-05-25T00:04:01.240+0000] {processor.py:830} INFO - Processing file /home/airflow/.local/lib/python3.12/site-packages/airflow/example_dags/example_task_group.py for tasks to queue
[2024-05-25T00:04:01.244+0000] {logging_mixin.py:188} INFO - [2024-05-25T00:04:01.243+0000] {dagbag.py:545} INFO - Filling up the DagBag from /home/airflow/.local/lib/python3.12/site-packages/airflow/example_dags/example_task_group.py
[2024-05-25T00:04:01.253+0000] {processor.py:840} INFO - DAG(s) 'example_task_group' retrieved from /home/airflow/.local/lib/python3.12/site-packages/airflow/example_dags/example_task_group.py
[2024-05-25T00:04:01.292+0000] {logging_mixin.py:188} INFO - [2024-05-25T00:04:01.291+0000] {dag.py:3096} INFO - Sync 1 DAGs
[2024-05-25T00:04:01.355+0000] {logging_mixin.py:188} INFO - [2024-05-25T00:04:01.355+0000] {dag.py:3954} INFO - Setting next_dagrun for example_task_group to 2024-05-24 00:00:00+00:00, run_after=2024-05-25 00:00:00+00:00
[2024-05-25T00:04:01.389+0000] {processor.py:183} INFO - Processing /home/airflow/.local/lib/python3.12/site-packages/airflow/example_dags/example_task_group.py took 0.161 seconds
[2024-05-25T00:04:31.659+0000] {processor.py:161} INFO - Started process (PID=39130) to work on /home/airflow/.local/lib/python3.12/site-packages/airflow/example_dags/example_task_group.py
[2024-05-25T00:04:31.661+0000] {processor.py:830} INFO - Processing file /home/airflow/.local/lib/python3.12/site-packages/airflow/example_dags/example_task_group.py for tasks to queue
[2024-05-25T00:04:31.668+0000] {logging_mixin.py:188} INFO - [2024-05-25T00:04:31.667+0000] {dagbag.py:545} INFO - Filling up the DagBag from /home/airflow/.local/lib/python3.12/site-packages/airflow/example_dags/example_task_group.py
[2024-05-25T00:04:31.678+0000] {processor.py:840} INFO - DAG(s) 'example_task_group' retrieved from /home/airflow/.local/lib/python3.12/site-packages/airflow/example_dags/example_task_group.py
[2024-05-25T00:04:31.716+0000] {logging_mixin.py:188} INFO - [2024-05-25T00:04:31.716+0000] {dag.py:3096} INFO - Sync 1 DAGs
[2024-05-25T00:04:31.752+0000] {logging_mixin.py:188} INFO - [2024-05-25T00:04:31.751+0000] {dag.py:3954} INFO - Setting next_dagrun for example_task_group to 2024-05-24 00:00:00+00:00, run_after=2024-05-25 00:00:00+00:00
[2024-05-25T00:04:31.784+0000] {processor.py:183} INFO - Processing /home/airflow/.local/lib/python3.12/site-packages/airflow/example_dags/example_task_group.py took 0.133 seconds
[2024-05-25T00:05:05.427+0000] {processor.py:161} INFO - Started process (PID=39188) to work on /home/airflow/.local/lib/python3.12/site-packages/airflow/example_dags/example_task_group.py
[2024-05-25T00:05:05.428+0000] {processor.py:830} INFO - Processing file /home/airflow/.local/lib/python3.12/site-packages/airflow/example_dags/example_task_group.py for tasks to queue
[2024-05-25T00:05:05.435+0000] {logging_mixin.py:188} INFO - [2024-05-25T00:05:05.434+0000] {dagbag.py:545} INFO - Filling up the DagBag from /home/airflow/.local/lib/python3.12/site-packages/airflow/example_dags/example_task_group.py
[2024-05-25T00:05:05.453+0000] {processor.py:840} INFO - DAG(s) 'example_task_group' retrieved from /home/airflow/.local/lib/python3.12/site-packages/airflow/example_dags/example_task_group.py
[2024-05-25T00:05:05.489+0000] {logging_mixin.py:188} INFO - [2024-05-25T00:05:05.489+0000] {dag.py:3096} INFO - Sync 1 DAGs
[2024-05-25T00:05:05.515+0000] {logging_mixin.py:188} INFO - [2024-05-25T00:05:05.515+0000] {dag.py:3954} INFO - Setting next_dagrun for example_task_group to 2024-05-24 00:00:00+00:00, run_after=2024-05-25 00:00:00+00:00
[2024-05-25T00:05:05.540+0000] {processor.py:183} INFO - Processing /home/airflow/.local/lib/python3.12/site-packages/airflow/example_dags/example_task_group.py took 0.122 seconds
[2024-05-25T00:05:36.504+0000] {processor.py:161} INFO - Started process (PID=39246) to work on /home/airflow/.local/lib/python3.12/site-packages/airflow/example_dags/example_task_group.py
[2024-05-25T00:05:36.505+0000] {processor.py:830} INFO - Processing file /home/airflow/.local/lib/python3.12/site-packages/airflow/example_dags/example_task_group.py for tasks to queue
[2024-05-25T00:05:36.507+0000] {logging_mixin.py:188} INFO - [2024-05-25T00:05:36.507+0000] {dagbag.py:545} INFO - Filling up the DagBag from /home/airflow/.local/lib/python3.12/site-packages/airflow/example_dags/example_task_group.py
[2024-05-25T00:05:36.516+0000] {processor.py:840} INFO - DAG(s) 'example_task_group' retrieved from /home/airflow/.local/lib/python3.12/site-packages/airflow/example_dags/example_task_group.py
[2024-05-25T00:05:36.536+0000] {logging_mixin.py:188} INFO - [2024-05-25T00:05:36.536+0000] {dag.py:3096} INFO - Sync 1 DAGs
[2024-05-25T00:05:36.556+0000] {logging_mixin.py:188} INFO - [2024-05-25T00:05:36.556+0000] {dag.py:3954} INFO - Setting next_dagrun for example_task_group to 2024-05-24 00:00:00+00:00, run_after=2024-05-25 00:00:00+00:00
[2024-05-25T00:05:36.578+0000] {processor.py:183} INFO - Processing /home/airflow/.local/lib/python3.12/site-packages/airflow/example_dags/example_task_group.py took 0.081 seconds
[2024-05-25T00:06:06.704+0000] {processor.py:161} INFO - Started process (PID=39302) to work on /home/airflow/.local/lib/python3.12/site-packages/airflow/example_dags/example_task_group.py
[2024-05-25T00:06:06.707+0000] {processor.py:830} INFO - Processing file /home/airflow/.local/lib/python3.12/site-packages/airflow/example_dags/example_task_group.py for tasks to queue
[2024-05-25T00:06:06.711+0000] {logging_mixin.py:188} INFO - [2024-05-25T00:06:06.710+0000] {dagbag.py:545} INFO - Filling up the DagBag from /home/airflow/.local/lib/python3.12/site-packages/airflow/example_dags/example_task_group.py
[2024-05-25T00:06:06.749+0000] {processor.py:840} INFO - DAG(s) 'example_task_group' retrieved from /home/airflow/.local/lib/python3.12/site-packages/airflow/example_dags/example_task_group.py
[2024-05-25T00:06:06.810+0000] {logging_mixin.py:188} INFO - [2024-05-25T00:06:06.810+0000] {dag.py:3096} INFO - Sync 1 DAGs
[2024-05-25T00:06:06.860+0000] {logging_mixin.py:188} INFO - [2024-05-25T00:06:06.860+0000] {dag.py:3954} INFO - Setting next_dagrun for example_task_group to 2024-05-24 00:00:00+00:00, run_after=2024-05-25 00:00:00+00:00
[2024-05-25T00:06:06.921+0000] {processor.py:183} INFO - Processing /home/airflow/.local/lib/python3.12/site-packages/airflow/example_dags/example_task_group.py took 0.227 seconds
[2024-05-25T00:06:37.757+0000] {processor.py:161} INFO - Started process (PID=39360) to work on /home/airflow/.local/lib/python3.12/site-packages/airflow/example_dags/example_task_group.py
[2024-05-25T00:06:37.759+0000] {processor.py:830} INFO - Processing file /home/airflow/.local/lib/python3.12/site-packages/airflow/example_dags/example_task_group.py for tasks to queue
[2024-05-25T00:06:37.762+0000] {logging_mixin.py:188} INFO - [2024-05-25T00:06:37.761+0000] {dagbag.py:545} INFO - Filling up the DagBag from /home/airflow/.local/lib/python3.12/site-packages/airflow/example_dags/example_task_group.py
[2024-05-25T00:06:37.769+0000] {processor.py:840} INFO - DAG(s) 'example_task_group' retrieved from /home/airflow/.local/lib/python3.12/site-packages/airflow/example_dags/example_task_group.py
[2024-05-25T00:06:37.801+0000] {logging_mixin.py:188} INFO - [2024-05-25T00:06:37.800+0000] {dag.py:3096} INFO - Sync 1 DAGs
[2024-05-25T00:06:37.828+0000] {logging_mixin.py:188} INFO - [2024-05-25T00:06:37.828+0000] {dag.py:3954} INFO - Setting next_dagrun for example_task_group to 2024-05-24 00:00:00+00:00, run_after=2024-05-25 00:00:00+00:00
[2024-05-25T00:06:37.860+0000] {processor.py:183} INFO - Processing /home/airflow/.local/lib/python3.12/site-packages/airflow/example_dags/example_task_group.py took 0.109 seconds
[2024-05-25T00:07:08.262+0000] {processor.py:161} INFO - Started process (PID=39418) to work on /home/airflow/.local/lib/python3.12/site-packages/airflow/example_dags/example_task_group.py
[2024-05-25T00:07:08.264+0000] {processor.py:830} INFO - Processing file /home/airflow/.local/lib/python3.12/site-packages/airflow/example_dags/example_task_group.py for tasks to queue
[2024-05-25T00:07:08.268+0000] {logging_mixin.py:188} INFO - [2024-05-25T00:07:08.267+0000] {dagbag.py:545} INFO - Filling up the DagBag from /home/airflow/.local/lib/python3.12/site-packages/airflow/example_dags/example_task_group.py
[2024-05-25T00:07:08.280+0000] {processor.py:840} INFO - DAG(s) 'example_task_group' retrieved from /home/airflow/.local/lib/python3.12/site-packages/airflow/example_dags/example_task_group.py
[2024-05-25T00:07:08.323+0000] {logging_mixin.py:188} INFO - [2024-05-25T00:07:08.323+0000] {dag.py:3096} INFO - Sync 1 DAGs
[2024-05-25T00:07:08.372+0000] {logging_mixin.py:188} INFO - [2024-05-25T00:07:08.372+0000] {dag.py:3954} INFO - Setting next_dagrun for example_task_group to 2024-05-24 00:00:00+00:00, run_after=2024-05-25 00:00:00+00:00
[2024-05-25T00:07:08.430+0000] {processor.py:183} INFO - Processing /home/airflow/.local/lib/python3.12/site-packages/airflow/example_dags/example_task_group.py took 0.178 seconds
[2024-05-25T00:07:38.510+0000] {processor.py:161} INFO - Started process (PID=39476) to work on /home/airflow/.local/lib/python3.12/site-packages/airflow/example_dags/example_task_group.py
[2024-05-25T00:07:38.511+0000] {processor.py:830} INFO - Processing file /home/airflow/.local/lib/python3.12/site-packages/airflow/example_dags/example_task_group.py for tasks to queue
[2024-05-25T00:07:38.513+0000] {logging_mixin.py:188} INFO - [2024-05-25T00:07:38.513+0000] {dagbag.py:545} INFO - Filling up the DagBag from /home/airflow/.local/lib/python3.12/site-packages/airflow/example_dags/example_task_group.py
[2024-05-25T00:07:38.521+0000] {processor.py:840} INFO - DAG(s) 'example_task_group' retrieved from /home/airflow/.local/lib/python3.12/site-packages/airflow/example_dags/example_task_group.py
[2024-05-25T00:07:38.545+0000] {logging_mixin.py:188} INFO - [2024-05-25T00:07:38.545+0000] {dag.py:3096} INFO - Sync 1 DAGs
[2024-05-25T00:07:38.565+0000] {logging_mixin.py:188} INFO - [2024-05-25T00:07:38.565+0000] {dag.py:3954} INFO - Setting next_dagrun for example_task_group to 2024-05-24 00:00:00+00:00, run_after=2024-05-25 00:00:00+00:00
[2024-05-25T00:07:38.585+0000] {processor.py:183} INFO - Processing /home/airflow/.local/lib/python3.12/site-packages/airflow/example_dags/example_task_group.py took 0.081 seconds
[2024-05-25T00:08:30.347+0000] {processor.py:161} INFO - Started process (PID=39534) to work on /home/airflow/.local/lib/python3.12/site-packages/airflow/example_dags/example_task_group.py
[2024-05-25T00:08:30.351+0000] {processor.py:830} INFO - Processing file /home/airflow/.local/lib/python3.12/site-packages/airflow/example_dags/example_task_group.py for tasks to queue
[2024-05-25T00:08:30.362+0000] {logging_mixin.py:188} INFO - [2024-05-25T00:08:30.359+0000] {dagbag.py:545} INFO - Filling up the DagBag from /home/airflow/.local/lib/python3.12/site-packages/airflow/example_dags/example_task_group.py
[2024-05-25T00:08:30.392+0000] {processor.py:840} INFO - DAG(s) 'example_task_group' retrieved from /home/airflow/.local/lib/python3.12/site-packages/airflow/example_dags/example_task_group.py
[2024-05-25T00:08:30.692+0000] {logging_mixin.py:188} INFO - [2024-05-25T00:08:30.690+0000] {dag.py:3096} INFO - Sync 1 DAGs
[2024-05-25T00:08:30.821+0000] {logging_mixin.py:188} INFO - [2024-05-25T00:08:30.820+0000] {dag.py:3954} INFO - Setting next_dagrun for example_task_group to 2024-05-24 00:00:00+00:00, run_after=2024-05-25 00:00:00+00:00
[2024-05-25T00:08:30.922+0000] {processor.py:183} INFO - Processing /home/airflow/.local/lib/python3.12/site-packages/airflow/example_dags/example_task_group.py took 0.592 seconds
[2024-05-25T00:09:01.796+0000] {processor.py:161} INFO - Started process (PID=39592) to work on /home/airflow/.local/lib/python3.12/site-packages/airflow/example_dags/example_task_group.py
[2024-05-25T00:09:01.797+0000] {processor.py:830} INFO - Processing file /home/airflow/.local/lib/python3.12/site-packages/airflow/example_dags/example_task_group.py for tasks to queue
[2024-05-25T00:09:01.800+0000] {logging_mixin.py:188} INFO - [2024-05-25T00:09:01.799+0000] {dagbag.py:545} INFO - Filling up the DagBag from /home/airflow/.local/lib/python3.12/site-packages/airflow/example_dags/example_task_group.py
[2024-05-25T00:09:01.813+0000] {processor.py:840} INFO - DAG(s) 'example_task_group' retrieved from /home/airflow/.local/lib/python3.12/site-packages/airflow/example_dags/example_task_group.py
[2024-05-25T00:09:01.841+0000] {logging_mixin.py:188} INFO - [2024-05-25T00:09:01.841+0000] {dag.py:3096} INFO - Sync 1 DAGs
[2024-05-25T00:09:01.864+0000] {logging_mixin.py:188} INFO - [2024-05-25T00:09:01.864+0000] {dag.py:3954} INFO - Setting next_dagrun for example_task_group to 2024-05-24 00:00:00+00:00, run_after=2024-05-25 00:00:00+00:00
[2024-05-25T00:09:01.894+0000] {processor.py:183} INFO - Processing /home/airflow/.local/lib/python3.12/site-packages/airflow/example_dags/example_task_group.py took 0.103 seconds
[2024-05-25T00:10:04.557+0000] {processor.py:161} INFO - Started process (PID=39664) to work on /home/airflow/.local/lib/python3.12/site-packages/airflow/example_dags/example_task_group.py
[2024-05-25T00:10:04.559+0000] {processor.py:830} INFO - Processing file /home/airflow/.local/lib/python3.12/site-packages/airflow/example_dags/example_task_group.py for tasks to queue
[2024-05-25T00:10:04.564+0000] {logging_mixin.py:188} INFO - [2024-05-25T00:10:04.562+0000] {dagbag.py:545} INFO - Filling up the DagBag from /home/airflow/.local/lib/python3.12/site-packages/airflow/example_dags/example_task_group.py
[2024-05-25T00:10:04.577+0000] {processor.py:840} INFO - DAG(s) 'example_task_group' retrieved from /home/airflow/.local/lib/python3.12/site-packages/airflow/example_dags/example_task_group.py
[2024-05-25T00:10:04.601+0000] {logging_mixin.py:188} INFO - [2024-05-25T00:10:04.601+0000] {dag.py:3096} INFO - Sync 1 DAGs
[2024-05-25T00:10:04.662+0000] {logging_mixin.py:188} INFO - [2024-05-25T00:10:04.662+0000] {dag.py:3954} INFO - Setting next_dagrun for example_task_group to 2024-05-24 00:00:00+00:00, run_after=2024-05-25 00:00:00+00:00
[2024-05-25T00:10:04.729+0000] {processor.py:183} INFO - Processing /home/airflow/.local/lib/python3.12/site-packages/airflow/example_dags/example_task_group.py took 0.179 seconds
[2024-05-25T00:10:51.789+0000] {processor.py:161} INFO - Started process (PID=39720) to work on /home/airflow/.local/lib/python3.12/site-packages/airflow/example_dags/example_task_group.py
[2024-05-25T00:10:51.790+0000] {processor.py:830} INFO - Processing file /home/airflow/.local/lib/python3.12/site-packages/airflow/example_dags/example_task_group.py for tasks to queue
[2024-05-25T00:10:51.791+0000] {logging_mixin.py:188} INFO - [2024-05-25T00:10:51.791+0000] {dagbag.py:545} INFO - Filling up the DagBag from /home/airflow/.local/lib/python3.12/site-packages/airflow/example_dags/example_task_group.py
[2024-05-25T00:10:51.803+0000] {processor.py:840} INFO - DAG(s) 'example_task_group' retrieved from /home/airflow/.local/lib/python3.12/site-packages/airflow/example_dags/example_task_group.py
[2024-05-25T00:10:51.828+0000] {logging_mixin.py:188} INFO - [2024-05-25T00:10:51.828+0000] {dag.py:3096} INFO - Sync 1 DAGs
[2024-05-25T00:10:51.851+0000] {logging_mixin.py:188} INFO - [2024-05-25T00:10:51.850+0000] {dag.py:3954} INFO - Setting next_dagrun for example_task_group to 2024-05-24 00:00:00+00:00, run_after=2024-05-25 00:00:00+00:00
[2024-05-25T00:10:51.875+0000] {processor.py:183} INFO - Processing /home/airflow/.local/lib/python3.12/site-packages/airflow/example_dags/example_task_group.py took 0.092 seconds
[2024-05-25T00:11:22.938+0000] {processor.py:161} INFO - Started process (PID=39779) to work on /home/airflow/.local/lib/python3.12/site-packages/airflow/example_dags/example_task_group.py
[2024-05-25T00:11:22.941+0000] {processor.py:830} INFO - Processing file /home/airflow/.local/lib/python3.12/site-packages/airflow/example_dags/example_task_group.py for tasks to queue
[2024-05-25T00:11:22.944+0000] {logging_mixin.py:188} INFO - [2024-05-25T00:11:22.944+0000] {dagbag.py:545} INFO - Filling up the DagBag from /home/airflow/.local/lib/python3.12/site-packages/airflow/example_dags/example_task_group.py
[2024-05-25T00:11:22.953+0000] {processor.py:840} INFO - DAG(s) 'example_task_group' retrieved from /home/airflow/.local/lib/python3.12/site-packages/airflow/example_dags/example_task_group.py
[2024-05-25T00:11:22.982+0000] {logging_mixin.py:188} INFO - [2024-05-25T00:11:22.982+0000] {dag.py:3096} INFO - Sync 1 DAGs
[2024-05-25T00:11:23.007+0000] {logging_mixin.py:188} INFO - [2024-05-25T00:11:23.006+0000] {dag.py:3954} INFO - Setting next_dagrun for example_task_group to 2024-05-24 00:00:00+00:00, run_after=2024-05-25 00:00:00+00:00
[2024-05-25T00:11:23.029+0000] {processor.py:183} INFO - Processing /home/airflow/.local/lib/python3.12/site-packages/airflow/example_dags/example_task_group.py took 0.097 seconds
[2024-05-25T00:11:53.985+0000] {processor.py:161} INFO - Started process (PID=39837) to work on /home/airflow/.local/lib/python3.12/site-packages/airflow/example_dags/example_task_group.py
[2024-05-25T00:11:53.987+0000] {processor.py:830} INFO - Processing file /home/airflow/.local/lib/python3.12/site-packages/airflow/example_dags/example_task_group.py for tasks to queue
[2024-05-25T00:11:53.988+0000] {logging_mixin.py:188} INFO - [2024-05-25T00:11:53.988+0000] {dagbag.py:545} INFO - Filling up the DagBag from /home/airflow/.local/lib/python3.12/site-packages/airflow/example_dags/example_task_group.py
[2024-05-25T00:11:54.002+0000] {processor.py:840} INFO - DAG(s) 'example_task_group' retrieved from /home/airflow/.local/lib/python3.12/site-packages/airflow/example_dags/example_task_group.py
[2024-05-25T00:11:54.031+0000] {logging_mixin.py:188} INFO - [2024-05-25T00:11:54.030+0000] {dag.py:3096} INFO - Sync 1 DAGs
[2024-05-25T00:11:54.054+0000] {logging_mixin.py:188} INFO - [2024-05-25T00:11:54.053+0000] {dag.py:3954} INFO - Setting next_dagrun for example_task_group to 2024-05-24 00:00:00+00:00, run_after=2024-05-25 00:00:00+00:00
[2024-05-25T00:11:54.076+0000] {processor.py:183} INFO - Processing /home/airflow/.local/lib/python3.12/site-packages/airflow/example_dags/example_task_group.py took 0.098 seconds
[2024-05-25T00:12:46.020+0000] {processor.py:161} INFO - Started process (PID=39901) to work on /home/airflow/.local/lib/python3.12/site-packages/airflow/example_dags/example_task_group.py
[2024-05-25T00:12:46.021+0000] {processor.py:830} INFO - Processing file /home/airflow/.local/lib/python3.12/site-packages/airflow/example_dags/example_task_group.py for tasks to queue
[2024-05-25T00:12:46.023+0000] {logging_mixin.py:188} INFO - [2024-05-25T00:12:46.023+0000] {dagbag.py:545} INFO - Filling up the DagBag from /home/airflow/.local/lib/python3.12/site-packages/airflow/example_dags/example_task_group.py
[2024-05-25T00:12:46.031+0000] {processor.py:840} INFO - DAG(s) 'example_task_group' retrieved from /home/airflow/.local/lib/python3.12/site-packages/airflow/example_dags/example_task_group.py
[2024-05-25T00:12:46.057+0000] {logging_mixin.py:188} INFO - [2024-05-25T00:12:46.057+0000] {dag.py:3096} INFO - Sync 1 DAGs
[2024-05-25T00:12:46.080+0000] {logging_mixin.py:188} INFO - [2024-05-25T00:12:46.080+0000] {dag.py:3954} INFO - Setting next_dagrun for example_task_group to 2024-05-24 00:00:00+00:00, run_after=2024-05-25 00:00:00+00:00
[2024-05-25T00:12:46.101+0000] {processor.py:183} INFO - Processing /home/airflow/.local/lib/python3.12/site-packages/airflow/example_dags/example_task_group.py took 0.087 seconds
[2024-05-25T00:13:17.763+0000] {processor.py:161} INFO - Started process (PID=39965) to work on /home/airflow/.local/lib/python3.12/site-packages/airflow/example_dags/example_task_group.py
[2024-05-25T00:13:17.791+0000] {processor.py:830} INFO - Processing file /home/airflow/.local/lib/python3.12/site-packages/airflow/example_dags/example_task_group.py for tasks to queue
[2024-05-25T00:13:17.795+0000] {logging_mixin.py:188} INFO - [2024-05-25T00:13:17.794+0000] {dagbag.py:545} INFO - Filling up the DagBag from /home/airflow/.local/lib/python3.12/site-packages/airflow/example_dags/example_task_group.py
[2024-05-25T00:13:17.830+0000] {processor.py:840} INFO - DAG(s) 'example_task_group' retrieved from /home/airflow/.local/lib/python3.12/site-packages/airflow/example_dags/example_task_group.py
[2024-05-25T00:13:17.863+0000] {logging_mixin.py:188} INFO - [2024-05-25T00:13:17.863+0000] {dag.py:3096} INFO - Sync 1 DAGs
[2024-05-25T00:13:17.902+0000] {logging_mixin.py:188} INFO - [2024-05-25T00:13:17.902+0000] {dag.py:3954} INFO - Setting next_dagrun for example_task_group to 2024-05-24 00:00:00+00:00, run_after=2024-05-25 00:00:00+00:00
[2024-05-25T00:13:17.928+0000] {processor.py:183} INFO - Processing /home/airflow/.local/lib/python3.12/site-packages/airflow/example_dags/example_task_group.py took 0.183 seconds
[2024-05-25T00:14:20.316+0000] {processor.py:161} INFO - Started process (PID=40035) to work on /home/airflow/.local/lib/python3.12/site-packages/airflow/example_dags/example_task_group.py
[2024-05-25T00:14:20.318+0000] {processor.py:830} INFO - Processing file /home/airflow/.local/lib/python3.12/site-packages/airflow/example_dags/example_task_group.py for tasks to queue
[2024-05-25T00:14:20.320+0000] {logging_mixin.py:188} INFO - [2024-05-25T00:14:20.319+0000] {dagbag.py:545} INFO - Filling up the DagBag from /home/airflow/.local/lib/python3.12/site-packages/airflow/example_dags/example_task_group.py
[2024-05-25T00:14:20.329+0000] {processor.py:840} INFO - DAG(s) 'example_task_group' retrieved from /home/airflow/.local/lib/python3.12/site-packages/airflow/example_dags/example_task_group.py
[2024-05-25T00:14:20.365+0000] {logging_mixin.py:188} INFO - [2024-05-25T00:14:20.365+0000] {dag.py:3096} INFO - Sync 1 DAGs
[2024-05-25T00:14:20.390+0000] {logging_mixin.py:188} INFO - [2024-05-25T00:14:20.389+0000] {dag.py:3954} INFO - Setting next_dagrun for example_task_group to 2024-05-24 00:00:00+00:00, run_after=2024-05-25 00:00:00+00:00
[2024-05-25T00:14:20.418+0000] {processor.py:183} INFO - Processing /home/airflow/.local/lib/python3.12/site-packages/airflow/example_dags/example_task_group.py took 0.115 seconds
[2024-05-25T00:15:21.839+0000] {processor.py:161} INFO - Started process (PID=40109) to work on /home/airflow/.local/lib/python3.12/site-packages/airflow/example_dags/example_task_group.py
[2024-05-25T00:15:21.840+0000] {processor.py:830} INFO - Processing file /home/airflow/.local/lib/python3.12/site-packages/airflow/example_dags/example_task_group.py for tasks to queue
[2024-05-25T00:15:21.841+0000] {logging_mixin.py:188} INFO - [2024-05-25T00:15:21.841+0000] {dagbag.py:545} INFO - Filling up the DagBag from /home/airflow/.local/lib/python3.12/site-packages/airflow/example_dags/example_task_group.py
[2024-05-25T00:15:21.850+0000] {processor.py:840} INFO - DAG(s) 'example_task_group' retrieved from /home/airflow/.local/lib/python3.12/site-packages/airflow/example_dags/example_task_group.py
[2024-05-25T00:15:21.875+0000] {logging_mixin.py:188} INFO - [2024-05-25T00:15:21.875+0000] {dag.py:3096} INFO - Sync 1 DAGs
[2024-05-25T00:15:21.899+0000] {logging_mixin.py:188} INFO - [2024-05-25T00:15:21.899+0000] {dag.py:3954} INFO - Setting next_dagrun for example_task_group to 2024-05-24 00:00:00+00:00, run_after=2024-05-25 00:00:00+00:00
[2024-05-25T00:15:21.922+0000] {processor.py:183} INFO - Processing /home/airflow/.local/lib/python3.12/site-packages/airflow/example_dags/example_task_group.py took 0.089 seconds
