[2024-05-25T00:00:29.053+0000] {processor.py:161} INFO - Started process (PID=38665) to work on /home/airflow/.local/lib/python3.12/site-packages/airflow/example_dags/example_sensors.py
[2024-05-25T00:00:29.054+0000] {processor.py:830} INFO - Processing file /home/airflow/.local/lib/python3.12/site-packages/airflow/example_dags/example_sensors.py for tasks to queue
[2024-05-25T00:00:29.056+0000] {logging_mixin.py:188} INFO - [2024-05-25T00:00:29.056+0000] {dagbag.py:545} INFO - Filling up the DagBag from /home/airflow/.local/lib/python3.12/site-packages/airflow/example_dags/example_sensors.py
[2024-05-25T00:00:29.068+0000] {processor.py:840} INFO - DAG(s) 'example_sensors' retrieved from /home/airflow/.local/lib/python3.12/site-packages/airflow/example_dags/example_sensors.py
[2024-05-25T00:00:29.098+0000] {logging_mixin.py:188} INFO - [2024-05-25T00:00:29.098+0000] {dag.py:3096} INFO - Sync 1 DAGs
[2024-05-25T00:00:29.111+0000] {logging_mixin.py:188} INFO - [2024-05-25T00:00:29.110+0000] {dag.py:3954} INFO - Setting next_dagrun for example_sensors to None, run_after=None
[2024-05-25T00:00:29.141+0000] {processor.py:183} INFO - Processing /home/airflow/.local/lib/python3.12/site-packages/airflow/example_dags/example_sensors.py took 0.095 seconds
[2024-05-25T00:00:59.293+0000] {processor.py:161} INFO - Started process (PID=38723) to work on /home/airflow/.local/lib/python3.12/site-packages/airflow/example_dags/example_sensors.py
[2024-05-25T00:00:59.294+0000] {processor.py:830} INFO - Processing file /home/airflow/.local/lib/python3.12/site-packages/airflow/example_dags/example_sensors.py for tasks to queue
[2024-05-25T00:00:59.298+0000] {logging_mixin.py:188} INFO - [2024-05-25T00:00:59.297+0000] {dagbag.py:545} INFO - Filling up the DagBag from /home/airflow/.local/lib/python3.12/site-packages/airflow/example_dags/example_sensors.py
[2024-05-25T00:00:59.314+0000] {processor.py:840} INFO - DAG(s) 'example_sensors' retrieved from /home/airflow/.local/lib/python3.12/site-packages/airflow/example_dags/example_sensors.py
[2024-05-25T00:00:59.345+0000] {logging_mixin.py:188} INFO - [2024-05-25T00:00:59.344+0000] {dag.py:3096} INFO - Sync 1 DAGs
[2024-05-25T00:00:59.362+0000] {logging_mixin.py:188} INFO - [2024-05-25T00:00:59.362+0000] {dag.py:3954} INFO - Setting next_dagrun for example_sensors to None, run_after=None
[2024-05-25T00:00:59.396+0000] {processor.py:183} INFO - Processing /home/airflow/.local/lib/python3.12/site-packages/airflow/example_dags/example_sensors.py took 0.112 seconds
[2024-05-25T00:01:30.368+0000] {processor.py:161} INFO - Started process (PID=38782) to work on /home/airflow/.local/lib/python3.12/site-packages/airflow/example_dags/example_sensors.py
[2024-05-25T00:01:30.369+0000] {processor.py:830} INFO - Processing file /home/airflow/.local/lib/python3.12/site-packages/airflow/example_dags/example_sensors.py for tasks to queue
[2024-05-25T00:01:30.371+0000] {logging_mixin.py:188} INFO - [2024-05-25T00:01:30.371+0000] {dagbag.py:545} INFO - Filling up the DagBag from /home/airflow/.local/lib/python3.12/site-packages/airflow/example_dags/example_sensors.py
[2024-05-25T00:01:30.395+0000] {processor.py:840} INFO - DAG(s) 'example_sensors' retrieved from /home/airflow/.local/lib/python3.12/site-packages/airflow/example_dags/example_sensors.py
[2024-05-25T00:01:30.447+0000] {logging_mixin.py:188} INFO - [2024-05-25T00:01:30.447+0000] {dag.py:3096} INFO - Sync 1 DAGs
[2024-05-25T00:01:30.463+0000] {logging_mixin.py:188} INFO - [2024-05-25T00:01:30.462+0000] {dag.py:3954} INFO - Setting next_dagrun for example_sensors to None, run_after=None
[2024-05-25T00:01:30.488+0000] {processor.py:183} INFO - Processing /home/airflow/.local/lib/python3.12/site-packages/airflow/example_dags/example_sensors.py took 0.128 seconds
[2024-05-25T00:02:00.598+0000] {processor.py:161} INFO - Started process (PID=38840) to work on /home/airflow/.local/lib/python3.12/site-packages/airflow/example_dags/example_sensors.py
[2024-05-25T00:02:00.600+0000] {processor.py:830} INFO - Processing file /home/airflow/.local/lib/python3.12/site-packages/airflow/example_dags/example_sensors.py for tasks to queue
[2024-05-25T00:02:00.602+0000] {logging_mixin.py:188} INFO - [2024-05-25T00:02:00.601+0000] {dagbag.py:545} INFO - Filling up the DagBag from /home/airflow/.local/lib/python3.12/site-packages/airflow/example_dags/example_sensors.py
[2024-05-25T00:02:00.610+0000] {processor.py:840} INFO - DAG(s) 'example_sensors' retrieved from /home/airflow/.local/lib/python3.12/site-packages/airflow/example_dags/example_sensors.py
[2024-05-25T00:02:00.637+0000] {logging_mixin.py:188} INFO - [2024-05-25T00:02:00.637+0000] {dag.py:3096} INFO - Sync 1 DAGs
[2024-05-25T00:02:00.650+0000] {logging_mixin.py:188} INFO - [2024-05-25T00:02:00.649+0000] {dag.py:3954} INFO - Setting next_dagrun for example_sensors to None, run_after=None
[2024-05-25T00:02:00.673+0000] {processor.py:183} INFO - Processing /home/airflow/.local/lib/python3.12/site-packages/airflow/example_dags/example_sensors.py took 0.081 seconds
[2024-05-25T00:02:31.122+0000] {processor.py:161} INFO - Started process (PID=38898) to work on /home/airflow/.local/lib/python3.12/site-packages/airflow/example_dags/example_sensors.py
[2024-05-25T00:02:31.124+0000] {processor.py:830} INFO - Processing file /home/airflow/.local/lib/python3.12/site-packages/airflow/example_dags/example_sensors.py for tasks to queue
[2024-05-25T00:02:31.126+0000] {logging_mixin.py:188} INFO - [2024-05-25T00:02:31.126+0000] {dagbag.py:545} INFO - Filling up the DagBag from /home/airflow/.local/lib/python3.12/site-packages/airflow/example_dags/example_sensors.py
[2024-05-25T00:02:31.136+0000] {processor.py:840} INFO - DAG(s) 'example_sensors' retrieved from /home/airflow/.local/lib/python3.12/site-packages/airflow/example_dags/example_sensors.py
[2024-05-25T00:02:31.168+0000] {logging_mixin.py:188} INFO - [2024-05-25T00:02:31.167+0000] {dag.py:3096} INFO - Sync 1 DAGs
[2024-05-25T00:02:31.182+0000] {logging_mixin.py:188} INFO - [2024-05-25T00:02:31.182+0000] {dag.py:3954} INFO - Setting next_dagrun for example_sensors to None, run_after=None
[2024-05-25T00:02:31.216+0000] {processor.py:183} INFO - Processing /home/airflow/.local/lib/python3.12/site-packages/airflow/example_dags/example_sensors.py took 0.100 seconds
[2024-05-25T00:03:02.352+0000] {processor.py:161} INFO - Started process (PID=38960) to work on /home/airflow/.local/lib/python3.12/site-packages/airflow/example_dags/example_sensors.py
[2024-05-25T00:03:02.353+0000] {processor.py:830} INFO - Processing file /home/airflow/.local/lib/python3.12/site-packages/airflow/example_dags/example_sensors.py for tasks to queue
[2024-05-25T00:03:02.357+0000] {logging_mixin.py:188} INFO - [2024-05-25T00:03:02.356+0000] {dagbag.py:545} INFO - Filling up the DagBag from /home/airflow/.local/lib/python3.12/site-packages/airflow/example_dags/example_sensors.py
[2024-05-25T00:03:02.368+0000] {processor.py:840} INFO - DAG(s) 'example_sensors' retrieved from /home/airflow/.local/lib/python3.12/site-packages/airflow/example_dags/example_sensors.py
[2024-05-25T00:03:02.405+0000] {logging_mixin.py:188} INFO - [2024-05-25T00:03:02.405+0000] {dag.py:3096} INFO - Sync 1 DAGs
[2024-05-25T00:03:02.479+0000] {logging_mixin.py:188} INFO - [2024-05-25T00:03:02.479+0000] {dag.py:3954} INFO - Setting next_dagrun for example_sensors to None, run_after=None
[2024-05-25T00:03:02.635+0000] {processor.py:183} INFO - Processing /home/airflow/.local/lib/python3.12/site-packages/airflow/example_dags/example_sensors.py took 0.289 seconds
[2024-05-25T00:03:33.399+0000] {processor.py:161} INFO - Started process (PID=39018) to work on /home/airflow/.local/lib/python3.12/site-packages/airflow/example_dags/example_sensors.py
[2024-05-25T00:03:33.400+0000] {processor.py:830} INFO - Processing file /home/airflow/.local/lib/python3.12/site-packages/airflow/example_dags/example_sensors.py for tasks to queue
[2024-05-25T00:03:33.402+0000] {logging_mixin.py:188} INFO - [2024-05-25T00:03:33.402+0000] {dagbag.py:545} INFO - Filling up the DagBag from /home/airflow/.local/lib/python3.12/site-packages/airflow/example_dags/example_sensors.py
[2024-05-25T00:03:33.413+0000] {processor.py:840} INFO - DAG(s) 'example_sensors' retrieved from /home/airflow/.local/lib/python3.12/site-packages/airflow/example_dags/example_sensors.py
[2024-05-25T00:03:33.450+0000] {logging_mixin.py:188} INFO - [2024-05-25T00:03:33.449+0000] {dag.py:3096} INFO - Sync 1 DAGs
[2024-05-25T00:03:33.470+0000] {logging_mixin.py:188} INFO - [2024-05-25T00:03:33.469+0000] {dag.py:3954} INFO - Setting next_dagrun for example_sensors to None, run_after=None
[2024-05-25T00:03:33.505+0000] {processor.py:183} INFO - Processing /home/airflow/.local/lib/python3.12/site-packages/airflow/example_dags/example_sensors.py took 0.113 seconds
[2024-05-25T00:04:03.770+0000] {processor.py:161} INFO - Started process (PID=39075) to work on /home/airflow/.local/lib/python3.12/site-packages/airflow/example_dags/example_sensors.py
[2024-05-25T00:04:03.772+0000] {processor.py:830} INFO - Processing file /home/airflow/.local/lib/python3.12/site-packages/airflow/example_dags/example_sensors.py for tasks to queue
[2024-05-25T00:04:03.775+0000] {logging_mixin.py:188} INFO - [2024-05-25T00:04:03.775+0000] {dagbag.py:545} INFO - Filling up the DagBag from /home/airflow/.local/lib/python3.12/site-packages/airflow/example_dags/example_sensors.py
[2024-05-25T00:04:03.787+0000] {processor.py:840} INFO - DAG(s) 'example_sensors' retrieved from /home/airflow/.local/lib/python3.12/site-packages/airflow/example_dags/example_sensors.py
[2024-05-25T00:04:03.831+0000] {logging_mixin.py:188} INFO - [2024-05-25T00:04:03.831+0000] {dag.py:3096} INFO - Sync 1 DAGs
[2024-05-25T00:04:03.858+0000] {logging_mixin.py:188} INFO - [2024-05-25T00:04:03.858+0000] {dag.py:3954} INFO - Setting next_dagrun for example_sensors to None, run_after=None
[2024-05-25T00:04:03.902+0000] {processor.py:183} INFO - Processing /home/airflow/.local/lib/python3.12/site-packages/airflow/example_dags/example_sensors.py took 0.141 seconds
[2024-05-25T00:04:34.011+0000] {processor.py:161} INFO - Started process (PID=39133) to work on /home/airflow/.local/lib/python3.12/site-packages/airflow/example_dags/example_sensors.py
[2024-05-25T00:04:34.013+0000] {processor.py:830} INFO - Processing file /home/airflow/.local/lib/python3.12/site-packages/airflow/example_dags/example_sensors.py for tasks to queue
[2024-05-25T00:04:34.015+0000] {logging_mixin.py:188} INFO - [2024-05-25T00:04:34.014+0000] {dagbag.py:545} INFO - Filling up the DagBag from /home/airflow/.local/lib/python3.12/site-packages/airflow/example_dags/example_sensors.py
[2024-05-25T00:04:34.025+0000] {processor.py:840} INFO - DAG(s) 'example_sensors' retrieved from /home/airflow/.local/lib/python3.12/site-packages/airflow/example_dags/example_sensors.py
[2024-05-25T00:04:34.055+0000] {logging_mixin.py:188} INFO - [2024-05-25T00:04:34.055+0000] {dag.py:3096} INFO - Sync 1 DAGs
[2024-05-25T00:04:34.068+0000] {logging_mixin.py:188} INFO - [2024-05-25T00:04:34.068+0000] {dag.py:3954} INFO - Setting next_dagrun for example_sensors to None, run_after=None
[2024-05-25T00:04:34.096+0000] {processor.py:183} INFO - Processing /home/airflow/.local/lib/python3.12/site-packages/airflow/example_dags/example_sensors.py took 0.092 seconds
[2024-05-25T00:05:05.611+0000] {processor.py:161} INFO - Started process (PID=39191) to work on /home/airflow/.local/lib/python3.12/site-packages/airflow/example_dags/example_sensors.py
[2024-05-25T00:05:05.613+0000] {processor.py:830} INFO - Processing file /home/airflow/.local/lib/python3.12/site-packages/airflow/example_dags/example_sensors.py for tasks to queue
[2024-05-25T00:05:05.615+0000] {logging_mixin.py:188} INFO - [2024-05-25T00:05:05.615+0000] {dagbag.py:545} INFO - Filling up the DagBag from /home/airflow/.local/lib/python3.12/site-packages/airflow/example_dags/example_sensors.py
[2024-05-25T00:05:05.623+0000] {processor.py:840} INFO - DAG(s) 'example_sensors' retrieved from /home/airflow/.local/lib/python3.12/site-packages/airflow/example_dags/example_sensors.py
[2024-05-25T00:05:05.652+0000] {logging_mixin.py:188} INFO - [2024-05-25T00:05:05.652+0000] {dag.py:3096} INFO - Sync 1 DAGs
[2024-05-25T00:05:05.666+0000] {logging_mixin.py:188} INFO - [2024-05-25T00:05:05.665+0000] {dag.py:3954} INFO - Setting next_dagrun for example_sensors to None, run_after=None
[2024-05-25T00:05:05.694+0000] {processor.py:183} INFO - Processing /home/airflow/.local/lib/python3.12/site-packages/airflow/example_dags/example_sensors.py took 0.089 seconds
[2024-05-25T00:05:36.891+0000] {processor.py:161} INFO - Started process (PID=39249) to work on /home/airflow/.local/lib/python3.12/site-packages/airflow/example_dags/example_sensors.py
[2024-05-25T00:05:36.893+0000] {processor.py:830} INFO - Processing file /home/airflow/.local/lib/python3.12/site-packages/airflow/example_dags/example_sensors.py for tasks to queue
[2024-05-25T00:05:36.898+0000] {logging_mixin.py:188} INFO - [2024-05-25T00:05:36.897+0000] {dagbag.py:545} INFO - Filling up the DagBag from /home/airflow/.local/lib/python3.12/site-packages/airflow/example_dags/example_sensors.py
[2024-05-25T00:05:36.919+0000] {processor.py:840} INFO - DAG(s) 'example_sensors' retrieved from /home/airflow/.local/lib/python3.12/site-packages/airflow/example_dags/example_sensors.py
[2024-05-25T00:05:36.946+0000] {logging_mixin.py:188} INFO - [2024-05-25T00:05:36.945+0000] {dag.py:3096} INFO - Sync 1 DAGs
[2024-05-25T00:05:36.958+0000] {logging_mixin.py:188} INFO - [2024-05-25T00:05:36.958+0000] {dag.py:3954} INFO - Setting next_dagrun for example_sensors to None, run_after=None
[2024-05-25T00:05:36.980+0000] {processor.py:183} INFO - Processing /home/airflow/.local/lib/python3.12/site-packages/airflow/example_dags/example_sensors.py took 0.098 seconds
[2024-05-25T00:06:07.207+0000] {processor.py:161} INFO - Started process (PID=39305) to work on /home/airflow/.local/lib/python3.12/site-packages/airflow/example_dags/example_sensors.py
[2024-05-25T00:06:07.209+0000] {processor.py:830} INFO - Processing file /home/airflow/.local/lib/python3.12/site-packages/airflow/example_dags/example_sensors.py for tasks to queue
[2024-05-25T00:06:07.211+0000] {logging_mixin.py:188} INFO - [2024-05-25T00:06:07.211+0000] {dagbag.py:545} INFO - Filling up the DagBag from /home/airflow/.local/lib/python3.12/site-packages/airflow/example_dags/example_sensors.py
[2024-05-25T00:06:07.221+0000] {processor.py:840} INFO - DAG(s) 'example_sensors' retrieved from /home/airflow/.local/lib/python3.12/site-packages/airflow/example_dags/example_sensors.py
[2024-05-25T00:06:07.251+0000] {logging_mixin.py:188} INFO - [2024-05-25T00:06:07.251+0000] {dag.py:3096} INFO - Sync 1 DAGs
[2024-05-25T00:06:07.264+0000] {logging_mixin.py:188} INFO - [2024-05-25T00:06:07.264+0000] {dag.py:3954} INFO - Setting next_dagrun for example_sensors to None, run_after=None
[2024-05-25T00:06:07.289+0000] {processor.py:183} INFO - Processing /home/airflow/.local/lib/python3.12/site-packages/airflow/example_dags/example_sensors.py took 0.089 seconds
[2024-05-25T00:06:38.055+0000] {processor.py:161} INFO - Started process (PID=39363) to work on /home/airflow/.local/lib/python3.12/site-packages/airflow/example_dags/example_sensors.py
[2024-05-25T00:06:38.057+0000] {processor.py:830} INFO - Processing file /home/airflow/.local/lib/python3.12/site-packages/airflow/example_dags/example_sensors.py for tasks to queue
[2024-05-25T00:06:38.059+0000] {logging_mixin.py:188} INFO - [2024-05-25T00:06:38.058+0000] {dagbag.py:545} INFO - Filling up the DagBag from /home/airflow/.local/lib/python3.12/site-packages/airflow/example_dags/example_sensors.py
[2024-05-25T00:06:38.068+0000] {processor.py:840} INFO - DAG(s) 'example_sensors' retrieved from /home/airflow/.local/lib/python3.12/site-packages/airflow/example_dags/example_sensors.py
[2024-05-25T00:06:38.093+0000] {logging_mixin.py:188} INFO - [2024-05-25T00:06:38.093+0000] {dag.py:3096} INFO - Sync 1 DAGs
[2024-05-25T00:06:38.104+0000] {logging_mixin.py:188} INFO - [2024-05-25T00:06:38.104+0000] {dag.py:3954} INFO - Setting next_dagrun for example_sensors to None, run_after=None
[2024-05-25T00:06:38.125+0000] {processor.py:183} INFO - Processing /home/airflow/.local/lib/python3.12/site-packages/airflow/example_dags/example_sensors.py took 0.075 seconds
[2024-05-25T00:07:08.671+0000] {processor.py:161} INFO - Started process (PID=39421) to work on /home/airflow/.local/lib/python3.12/site-packages/airflow/example_dags/example_sensors.py
[2024-05-25T00:07:08.674+0000] {processor.py:830} INFO - Processing file /home/airflow/.local/lib/python3.12/site-packages/airflow/example_dags/example_sensors.py for tasks to queue
[2024-05-25T00:07:08.678+0000] {logging_mixin.py:188} INFO - [2024-05-25T00:07:08.677+0000] {dagbag.py:545} INFO - Filling up the DagBag from /home/airflow/.local/lib/python3.12/site-packages/airflow/example_dags/example_sensors.py
[2024-05-25T00:07:08.693+0000] {processor.py:840} INFO - DAG(s) 'example_sensors' retrieved from /home/airflow/.local/lib/python3.12/site-packages/airflow/example_dags/example_sensors.py
[2024-05-25T00:07:08.758+0000] {logging_mixin.py:188} INFO - [2024-05-25T00:07:08.757+0000] {dag.py:3096} INFO - Sync 1 DAGs
[2024-05-25T00:07:08.783+0000] {logging_mixin.py:188} INFO - [2024-05-25T00:07:08.783+0000] {dag.py:3954} INFO - Setting next_dagrun for example_sensors to None, run_after=None
[2024-05-25T00:07:08.817+0000] {processor.py:183} INFO - Processing /home/airflow/.local/lib/python3.12/site-packages/airflow/example_dags/example_sensors.py took 0.156 seconds
[2024-05-25T00:07:39.657+0000] {processor.py:161} INFO - Started process (PID=39479) to work on /home/airflow/.local/lib/python3.12/site-packages/airflow/example_dags/example_sensors.py
[2024-05-25T00:07:39.659+0000] {processor.py:830} INFO - Processing file /home/airflow/.local/lib/python3.12/site-packages/airflow/example_dags/example_sensors.py for tasks to queue
[2024-05-25T00:07:39.661+0000] {logging_mixin.py:188} INFO - [2024-05-25T00:07:39.661+0000] {dagbag.py:545} INFO - Filling up the DagBag from /home/airflow/.local/lib/python3.12/site-packages/airflow/example_dags/example_sensors.py
[2024-05-25T00:07:39.671+0000] {processor.py:840} INFO - DAG(s) 'example_sensors' retrieved from /home/airflow/.local/lib/python3.12/site-packages/airflow/example_dags/example_sensors.py
[2024-05-25T00:07:39.696+0000] {logging_mixin.py:188} INFO - [2024-05-25T00:07:39.696+0000] {dag.py:3096} INFO - Sync 1 DAGs
[2024-05-25T00:07:39.708+0000] {logging_mixin.py:188} INFO - [2024-05-25T00:07:39.707+0000] {dag.py:3954} INFO - Setting next_dagrun for example_sensors to None, run_after=None
[2024-05-25T00:07:39.728+0000] {processor.py:183} INFO - Processing /home/airflow/.local/lib/python3.12/site-packages/airflow/example_dags/example_sensors.py took 0.076 seconds
[2024-05-25T00:08:35.102+0000] {processor.py:161} INFO - Started process (PID=39554) to work on /home/airflow/.local/lib/python3.12/site-packages/airflow/example_dags/example_sensors.py
[2024-05-25T00:08:35.104+0000] {processor.py:830} INFO - Processing file /home/airflow/.local/lib/python3.12/site-packages/airflow/example_dags/example_sensors.py for tasks to queue
[2024-05-25T00:08:35.108+0000] {logging_mixin.py:188} INFO - [2024-05-25T00:08:35.107+0000] {dagbag.py:545} INFO - Filling up the DagBag from /home/airflow/.local/lib/python3.12/site-packages/airflow/example_dags/example_sensors.py
[2024-05-25T00:08:35.132+0000] {processor.py:840} INFO - DAG(s) 'example_sensors' retrieved from /home/airflow/.local/lib/python3.12/site-packages/airflow/example_dags/example_sensors.py
[2024-05-25T00:08:35.222+0000] {logging_mixin.py:188} INFO - [2024-05-25T00:08:35.221+0000] {dag.py:3096} INFO - Sync 1 DAGs
[2024-05-25T00:08:35.268+0000] {logging_mixin.py:188} INFO - [2024-05-25T00:08:35.268+0000] {dag.py:3954} INFO - Setting next_dagrun for example_sensors to None, run_after=None
[2024-05-25T00:08:35.468+0000] {processor.py:183} INFO - Processing /home/airflow/.local/lib/python3.12/site-packages/airflow/example_dags/example_sensors.py took 0.377 seconds
[2024-05-25T00:09:57.411+0000] {processor.py:161} INFO - Started process (PID=39634) to work on /home/airflow/.local/lib/python3.12/site-packages/airflow/example_dags/example_sensors.py
[2024-05-25T00:09:57.420+0000] {processor.py:830} INFO - Processing file /home/airflow/.local/lib/python3.12/site-packages/airflow/example_dags/example_sensors.py for tasks to queue
[2024-05-25T00:09:57.439+0000] {logging_mixin.py:188} INFO - [2024-05-25T00:09:57.437+0000] {dagbag.py:545} INFO - Filling up the DagBag from /home/airflow/.local/lib/python3.12/site-packages/airflow/example_dags/example_sensors.py
[2024-05-25T00:09:57.486+0000] {processor.py:840} INFO - DAG(s) 'example_sensors' retrieved from /home/airflow/.local/lib/python3.12/site-packages/airflow/example_dags/example_sensors.py
[2024-05-25T00:09:57.613+0000] {logging_mixin.py:188} INFO - [2024-05-25T00:09:57.612+0000] {dag.py:3096} INFO - Sync 1 DAGs
[2024-05-25T00:09:57.676+0000] {logging_mixin.py:188} INFO - [2024-05-25T00:09:57.674+0000] {dag.py:3954} INFO - Setting next_dagrun for example_sensors to None, run_after=None
[2024-05-25T00:09:57.848+0000] {processor.py:183} INFO - Processing /home/airflow/.local/lib/python3.12/site-packages/airflow/example_dags/example_sensors.py took 0.484 seconds
[2024-05-25T00:10:30.239+0000] {processor.py:161} INFO - Started process (PID=39692) to work on /home/airflow/.local/lib/python3.12/site-packages/airflow/example_dags/example_sensors.py
[2024-05-25T00:10:30.249+0000] {processor.py:830} INFO - Processing file /home/airflow/.local/lib/python3.12/site-packages/airflow/example_dags/example_sensors.py for tasks to queue
[2024-05-25T00:10:30.259+0000] {logging_mixin.py:188} INFO - [2024-05-25T00:10:30.258+0000] {dagbag.py:545} INFO - Filling up the DagBag from /home/airflow/.local/lib/python3.12/site-packages/airflow/example_dags/example_sensors.py
[2024-05-25T00:10:30.353+0000] {processor.py:840} INFO - DAG(s) 'example_sensors' retrieved from /home/airflow/.local/lib/python3.12/site-packages/airflow/example_dags/example_sensors.py
[2024-05-25T00:10:30.612+0000] {logging_mixin.py:188} INFO - [2024-05-25T00:10:30.609+0000] {dag.py:3096} INFO - Sync 1 DAGs
[2024-05-25T00:10:30.779+0000] {logging_mixin.py:188} INFO - [2024-05-25T00:10:30.772+0000] {dag.py:3954} INFO - Setting next_dagrun for example_sensors to None, run_after=None
[2024-05-25T00:10:31.034+0000] {processor.py:183} INFO - Processing /home/airflow/.local/lib/python3.12/site-packages/airflow/example_dags/example_sensors.py took 0.836 seconds
[2024-05-25T00:11:01.280+0000] {processor.py:161} INFO - Started process (PID=39750) to work on /home/airflow/.local/lib/python3.12/site-packages/airflow/example_dags/example_sensors.py
[2024-05-25T00:11:01.281+0000] {processor.py:830} INFO - Processing file /home/airflow/.local/lib/python3.12/site-packages/airflow/example_dags/example_sensors.py for tasks to queue
[2024-05-25T00:11:01.282+0000] {logging_mixin.py:188} INFO - [2024-05-25T00:11:01.282+0000] {dagbag.py:545} INFO - Filling up the DagBag from /home/airflow/.local/lib/python3.12/site-packages/airflow/example_dags/example_sensors.py
[2024-05-25T00:11:01.293+0000] {processor.py:840} INFO - DAG(s) 'example_sensors' retrieved from /home/airflow/.local/lib/python3.12/site-packages/airflow/example_dags/example_sensors.py
[2024-05-25T00:11:01.320+0000] {logging_mixin.py:188} INFO - [2024-05-25T00:11:01.319+0000] {dag.py:3096} INFO - Sync 1 DAGs
[2024-05-25T00:11:01.332+0000] {logging_mixin.py:188} INFO - [2024-05-25T00:11:01.332+0000] {dag.py:3954} INFO - Setting next_dagrun for example_sensors to None, run_after=None
[2024-05-25T00:11:01.354+0000] {processor.py:183} INFO - Processing /home/airflow/.local/lib/python3.12/site-packages/airflow/example_dags/example_sensors.py took 0.079 seconds
[2024-05-25T00:11:31.490+0000] {processor.py:161} INFO - Started process (PID=39808) to work on /home/airflow/.local/lib/python3.12/site-packages/airflow/example_dags/example_sensors.py
[2024-05-25T00:11:31.492+0000] {processor.py:830} INFO - Processing file /home/airflow/.local/lib/python3.12/site-packages/airflow/example_dags/example_sensors.py for tasks to queue
[2024-05-25T00:11:31.495+0000] {logging_mixin.py:188} INFO - [2024-05-25T00:11:31.494+0000] {dagbag.py:545} INFO - Filling up the DagBag from /home/airflow/.local/lib/python3.12/site-packages/airflow/example_dags/example_sensors.py
[2024-05-25T00:11:31.508+0000] {processor.py:840} INFO - DAG(s) 'example_sensors' retrieved from /home/airflow/.local/lib/python3.12/site-packages/airflow/example_dags/example_sensors.py
[2024-05-25T00:11:31.539+0000] {logging_mixin.py:188} INFO - [2024-05-25T00:11:31.538+0000] {dag.py:3096} INFO - Sync 1 DAGs
[2024-05-25T00:11:31.553+0000] {logging_mixin.py:188} INFO - [2024-05-25T00:11:31.553+0000] {dag.py:3954} INFO - Setting next_dagrun for example_sensors to None, run_after=None
[2024-05-25T00:11:31.578+0000] {processor.py:183} INFO - Processing /home/airflow/.local/lib/python3.12/site-packages/airflow/example_dags/example_sensors.py took 0.105 seconds
[2024-05-25T00:12:02.434+0000] {processor.py:161} INFO - Started process (PID=39866) to work on /home/airflow/.local/lib/python3.12/site-packages/airflow/example_dags/example_sensors.py
[2024-05-25T00:12:02.436+0000] {processor.py:830} INFO - Processing file /home/airflow/.local/lib/python3.12/site-packages/airflow/example_dags/example_sensors.py for tasks to queue
[2024-05-25T00:12:02.437+0000] {logging_mixin.py:188} INFO - [2024-05-25T00:12:02.437+0000] {dagbag.py:545} INFO - Filling up the DagBag from /home/airflow/.local/lib/python3.12/site-packages/airflow/example_dags/example_sensors.py
[2024-05-25T00:12:02.446+0000] {processor.py:840} INFO - DAG(s) 'example_sensors' retrieved from /home/airflow/.local/lib/python3.12/site-packages/airflow/example_dags/example_sensors.py
[2024-05-25T00:12:02.476+0000] {logging_mixin.py:188} INFO - [2024-05-25T00:12:02.476+0000] {dag.py:3096} INFO - Sync 1 DAGs
[2024-05-25T00:12:02.490+0000] {logging_mixin.py:188} INFO - [2024-05-25T00:12:02.490+0000] {dag.py:3954} INFO - Setting next_dagrun for example_sensors to None, run_after=None
[2024-05-25T00:12:02.523+0000] {processor.py:183} INFO - Processing /home/airflow/.local/lib/python3.12/site-packages/airflow/example_dags/example_sensors.py took 0.094 seconds
[2024-05-25T00:12:48.284+0000] {processor.py:161} INFO - Started process (PID=39927) to work on /home/airflow/.local/lib/python3.12/site-packages/airflow/example_dags/example_sensors.py
[2024-05-25T00:12:48.286+0000] {processor.py:830} INFO - Processing file /home/airflow/.local/lib/python3.12/site-packages/airflow/example_dags/example_sensors.py for tasks to queue
[2024-05-25T00:12:48.289+0000] {logging_mixin.py:188} INFO - [2024-05-25T00:12:48.287+0000] {dagbag.py:545} INFO - Filling up the DagBag from /home/airflow/.local/lib/python3.12/site-packages/airflow/example_dags/example_sensors.py
[2024-05-25T00:12:48.303+0000] {processor.py:840} INFO - DAG(s) 'example_sensors' retrieved from /home/airflow/.local/lib/python3.12/site-packages/airflow/example_dags/example_sensors.py
[2024-05-25T00:12:48.334+0000] {logging_mixin.py:188} INFO - [2024-05-25T00:12:48.334+0000] {dag.py:3096} INFO - Sync 1 DAGs
[2024-05-25T00:12:48.349+0000] {logging_mixin.py:188} INFO - [2024-05-25T00:12:48.349+0000] {dag.py:3954} INFO - Setting next_dagrun for example_sensors to None, run_after=None
[2024-05-25T00:12:48.381+0000] {processor.py:183} INFO - Processing /home/airflow/.local/lib/python3.12/site-packages/airflow/example_dags/example_sensors.py took 0.102 seconds
[2024-05-25T00:14:14.733+0000] {processor.py:161} INFO - Started process (PID=39985) to work on /home/airflow/.local/lib/python3.12/site-packages/airflow/example_dags/example_sensors.py
[2024-05-25T00:14:14.734+0000] {processor.py:830} INFO - Processing file /home/airflow/.local/lib/python3.12/site-packages/airflow/example_dags/example_sensors.py for tasks to queue
[2024-05-25T00:14:14.738+0000] {logging_mixin.py:188} INFO - [2024-05-25T00:14:14.736+0000] {dagbag.py:545} INFO - Filling up the DagBag from /home/airflow/.local/lib/python3.12/site-packages/airflow/example_dags/example_sensors.py
[2024-05-25T00:14:14.769+0000] {processor.py:840} INFO - DAG(s) 'example_sensors' retrieved from /home/airflow/.local/lib/python3.12/site-packages/airflow/example_dags/example_sensors.py
[2024-05-25T00:14:14.923+0000] {logging_mixin.py:188} INFO - [2024-05-25T00:14:14.922+0000] {dag.py:3096} INFO - Sync 1 DAGs
[2024-05-25T00:14:14.969+0000] {logging_mixin.py:188} INFO - [2024-05-25T00:14:14.968+0000] {dag.py:3954} INFO - Setting next_dagrun for example_sensors to None, run_after=None
[2024-05-25T00:14:15.082+0000] {processor.py:183} INFO - Processing /home/airflow/.local/lib/python3.12/site-packages/airflow/example_dags/example_sensors.py took 0.371 seconds
[2024-05-25T00:14:45.993+0000] {processor.py:161} INFO - Started process (PID=40049) to work on /home/airflow/.local/lib/python3.12/site-packages/airflow/example_dags/example_sensors.py
[2024-05-25T00:14:45.996+0000] {processor.py:830} INFO - Processing file /home/airflow/.local/lib/python3.12/site-packages/airflow/example_dags/example_sensors.py for tasks to queue
[2024-05-25T00:14:46.000+0000] {logging_mixin.py:188} INFO - [2024-05-25T00:14:45.999+0000] {dagbag.py:545} INFO - Filling up the DagBag from /home/airflow/.local/lib/python3.12/site-packages/airflow/example_dags/example_sensors.py
[2024-05-25T00:14:46.023+0000] {processor.py:840} INFO - DAG(s) 'example_sensors' retrieved from /home/airflow/.local/lib/python3.12/site-packages/airflow/example_dags/example_sensors.py
[2024-05-25T00:14:46.053+0000] {logging_mixin.py:188} INFO - [2024-05-25T00:14:46.053+0000] {dag.py:3096} INFO - Sync 1 DAGs
[2024-05-25T00:14:46.068+0000] {logging_mixin.py:188} INFO - [2024-05-25T00:14:46.068+0000] {dag.py:3954} INFO - Setting next_dagrun for example_sensors to None, run_after=None
[2024-05-25T00:14:46.091+0000] {processor.py:183} INFO - Processing /home/airflow/.local/lib/python3.12/site-packages/airflow/example_dags/example_sensors.py took 0.119 seconds
[2024-05-25T00:15:22.082+0000] {processor.py:161} INFO - Started process (PID=40112) to work on /home/airflow/.local/lib/python3.12/site-packages/airflow/example_dags/example_sensors.py
[2024-05-25T00:15:22.083+0000] {processor.py:830} INFO - Processing file /home/airflow/.local/lib/python3.12/site-packages/airflow/example_dags/example_sensors.py for tasks to queue
[2024-05-25T00:15:22.084+0000] {logging_mixin.py:188} INFO - [2024-05-25T00:15:22.083+0000] {dagbag.py:545} INFO - Filling up the DagBag from /home/airflow/.local/lib/python3.12/site-packages/airflow/example_dags/example_sensors.py
[2024-05-25T00:15:22.095+0000] {processor.py:840} INFO - DAG(s) 'example_sensors' retrieved from /home/airflow/.local/lib/python3.12/site-packages/airflow/example_dags/example_sensors.py
[2024-05-25T00:15:22.125+0000] {logging_mixin.py:188} INFO - [2024-05-25T00:15:22.124+0000] {dag.py:3096} INFO - Sync 1 DAGs
[2024-05-25T00:15:22.138+0000] {logging_mixin.py:188} INFO - [2024-05-25T00:15:22.138+0000] {dag.py:3954} INFO - Setting next_dagrun for example_sensors to None, run_after=None
[2024-05-25T00:15:22.160+0000] {processor.py:183} INFO - Processing /home/airflow/.local/lib/python3.12/site-packages/airflow/example_dags/example_sensors.py took 0.085 seconds
[2024-05-25T00:15:54.076+0000] {processor.py:161} INFO - Started process (PID=40170) to work on /home/airflow/.local/lib/python3.12/site-packages/airflow/example_dags/example_sensors.py
[2024-05-25T00:15:54.077+0000] {processor.py:830} INFO - Processing file /home/airflow/.local/lib/python3.12/site-packages/airflow/example_dags/example_sensors.py for tasks to queue
[2024-05-25T00:15:54.079+0000] {logging_mixin.py:188} INFO - [2024-05-25T00:15:54.078+0000] {dagbag.py:545} INFO - Filling up the DagBag from /home/airflow/.local/lib/python3.12/site-packages/airflow/example_dags/example_sensors.py
[2024-05-25T00:15:54.088+0000] {processor.py:840} INFO - DAG(s) 'example_sensors' retrieved from /home/airflow/.local/lib/python3.12/site-packages/airflow/example_dags/example_sensors.py
[2024-05-25T00:15:54.114+0000] {logging_mixin.py:188} INFO - [2024-05-25T00:15:54.114+0000] {dag.py:3096} INFO - Sync 1 DAGs
[2024-05-25T00:15:54.128+0000] {logging_mixin.py:188} INFO - [2024-05-25T00:15:54.127+0000] {dag.py:3954} INFO - Setting next_dagrun for example_sensors to None, run_after=None
[2024-05-25T00:15:54.150+0000] {processor.py:183} INFO - Processing /home/airflow/.local/lib/python3.12/site-packages/airflow/example_dags/example_sensors.py took 0.079 seconds
[2024-05-25T00:16:27.379+0000] {processor.py:161} INFO - Started process (PID=40228) to work on /home/airflow/.local/lib/python3.12/site-packages/airflow/example_dags/example_sensors.py
[2024-05-25T00:16:27.380+0000] {processor.py:830} INFO - Processing file /home/airflow/.local/lib/python3.12/site-packages/airflow/example_dags/example_sensors.py for tasks to queue
[2024-05-25T00:16:27.382+0000] {logging_mixin.py:188} INFO - [2024-05-25T00:16:27.381+0000] {dagbag.py:545} INFO - Filling up the DagBag from /home/airflow/.local/lib/python3.12/site-packages/airflow/example_dags/example_sensors.py
[2024-05-25T00:16:27.393+0000] {processor.py:840} INFO - DAG(s) 'example_sensors' retrieved from /home/airflow/.local/lib/python3.12/site-packages/airflow/example_dags/example_sensors.py
[2024-05-25T00:16:27.424+0000] {logging_mixin.py:188} INFO - [2024-05-25T00:16:27.424+0000] {dag.py:3096} INFO - Sync 1 DAGs
[2024-05-25T00:16:27.632+0000] {logging_mixin.py:188} INFO - [2024-05-25T00:16:27.632+0000] {dag.py:3954} INFO - Setting next_dagrun for example_sensors to None, run_after=None
[2024-05-25T00:16:27.657+0000] {processor.py:183} INFO - Processing /home/airflow/.local/lib/python3.12/site-packages/airflow/example_dags/example_sensors.py took 0.284 seconds
[2024-05-25T00:16:57.951+0000] {processor.py:161} INFO - Started process (PID=40286) to work on /home/airflow/.local/lib/python3.12/site-packages/airflow/example_dags/example_sensors.py
[2024-05-25T00:16:57.952+0000] {processor.py:830} INFO - Processing file /home/airflow/.local/lib/python3.12/site-packages/airflow/example_dags/example_sensors.py for tasks to queue
[2024-05-25T00:16:57.953+0000] {logging_mixin.py:188} INFO - [2024-05-25T00:16:57.953+0000] {dagbag.py:545} INFO - Filling up the DagBag from /home/airflow/.local/lib/python3.12/site-packages/airflow/example_dags/example_sensors.py
[2024-05-25T00:16:57.961+0000] {processor.py:840} INFO - DAG(s) 'example_sensors' retrieved from /home/airflow/.local/lib/python3.12/site-packages/airflow/example_dags/example_sensors.py
[2024-05-25T00:16:58.004+0000] {logging_mixin.py:188} INFO - [2024-05-25T00:16:58.003+0000] {dag.py:3096} INFO - Sync 1 DAGs
[2024-05-25T00:16:58.020+0000] {logging_mixin.py:188} INFO - [2024-05-25T00:16:58.020+0000] {dag.py:3954} INFO - Setting next_dagrun for example_sensors to None, run_after=None
[2024-05-25T00:16:58.205+0000] {processor.py:183} INFO - Processing /home/airflow/.local/lib/python3.12/site-packages/airflow/example_dags/example_sensors.py took 0.260 seconds
[2024-05-25T00:17:28.674+0000] {processor.py:161} INFO - Started process (PID=40344) to work on /home/airflow/.local/lib/python3.12/site-packages/airflow/example_dags/example_sensors.py
[2024-05-25T00:17:28.675+0000] {processor.py:830} INFO - Processing file /home/airflow/.local/lib/python3.12/site-packages/airflow/example_dags/example_sensors.py for tasks to queue
[2024-05-25T00:17:28.676+0000] {logging_mixin.py:188} INFO - [2024-05-25T00:17:28.675+0000] {dagbag.py:545} INFO - Filling up the DagBag from /home/airflow/.local/lib/python3.12/site-packages/airflow/example_dags/example_sensors.py
[2024-05-25T00:17:28.688+0000] {processor.py:840} INFO - DAG(s) 'example_sensors' retrieved from /home/airflow/.local/lib/python3.12/site-packages/airflow/example_dags/example_sensors.py
[2024-05-25T00:17:28.716+0000] {logging_mixin.py:188} INFO - [2024-05-25T00:17:28.716+0000] {dag.py:3096} INFO - Sync 1 DAGs
[2024-05-25T00:17:28.731+0000] {logging_mixin.py:188} INFO - [2024-05-25T00:17:28.731+0000] {dag.py:3954} INFO - Setting next_dagrun for example_sensors to None, run_after=None
[2024-05-25T00:17:28.756+0000] {processor.py:183} INFO - Processing /home/airflow/.local/lib/python3.12/site-packages/airflow/example_dags/example_sensors.py took 0.087 seconds
[2024-05-25T00:17:59.484+0000] {processor.py:161} INFO - Started process (PID=40402) to work on /home/airflow/.local/lib/python3.12/site-packages/airflow/example_dags/example_sensors.py
[2024-05-25T00:17:59.485+0000] {processor.py:830} INFO - Processing file /home/airflow/.local/lib/python3.12/site-packages/airflow/example_dags/example_sensors.py for tasks to queue
[2024-05-25T00:17:59.486+0000] {logging_mixin.py:188} INFO - [2024-05-25T00:17:59.486+0000] {dagbag.py:545} INFO - Filling up the DagBag from /home/airflow/.local/lib/python3.12/site-packages/airflow/example_dags/example_sensors.py
[2024-05-25T00:17:59.496+0000] {processor.py:840} INFO - DAG(s) 'example_sensors' retrieved from /home/airflow/.local/lib/python3.12/site-packages/airflow/example_dags/example_sensors.py
[2024-05-25T00:17:59.522+0000] {logging_mixin.py:188} INFO - [2024-05-25T00:17:59.522+0000] {dag.py:3096} INFO - Sync 1 DAGs
[2024-05-25T00:17:59.535+0000] {logging_mixin.py:188} INFO - [2024-05-25T00:17:59.535+0000] {dag.py:3954} INFO - Setting next_dagrun for example_sensors to None, run_after=None
[2024-05-25T00:17:59.555+0000] {processor.py:183} INFO - Processing /home/airflow/.local/lib/python3.12/site-packages/airflow/example_dags/example_sensors.py took 0.077 seconds
