[2024-05-25T00:00:20.947+0000] {processor.py:161} INFO - Started process (PID=38644) to work on /home/airflow/.local/lib/python3.12/site-packages/airflow/example_dags/example_setup_teardown.py
[2024-05-25T00:00:20.949+0000] {processor.py:830} INFO - Processing file /home/airflow/.local/lib/python3.12/site-packages/airflow/example_dags/example_setup_teardown.py for tasks to queue
[2024-05-25T00:00:20.951+0000] {logging_mixin.py:188} INFO - [2024-05-25T00:00:20.951+0000] {dagbag.py:545} INFO - Filling up the DagBag from /home/airflow/.local/lib/python3.12/site-packages/airflow/example_dags/example_setup_teardown.py
[2024-05-25T00:00:20.960+0000] {processor.py:840} INFO - DAG(s) 'example_setup_teardown' retrieved from /home/airflow/.local/lib/python3.12/site-packages/airflow/example_dags/example_setup_teardown.py
[2024-05-25T00:00:20.991+0000] {logging_mixin.py:188} INFO - [2024-05-25T00:00:20.990+0000] {dag.py:3096} INFO - Sync 1 DAGs
[2024-05-25T00:00:21.022+0000] {logging_mixin.py:188} INFO - [2024-05-25T00:00:21.022+0000] {dag.py:3954} INFO - Setting next_dagrun for example_setup_teardown to 2024-05-24 00:00:00+00:00, run_after=2024-05-25 00:00:00+00:00
[2024-05-25T00:00:21.053+0000] {processor.py:183} INFO - Processing /home/airflow/.local/lib/python3.12/site-packages/airflow/example_dags/example_setup_teardown.py took 0.113 seconds
[2024-05-25T00:00:51.116+0000] {processor.py:161} INFO - Started process (PID=38702) to work on /home/airflow/.local/lib/python3.12/site-packages/airflow/example_dags/example_setup_teardown.py
[2024-05-25T00:00:51.118+0000] {processor.py:830} INFO - Processing file /home/airflow/.local/lib/python3.12/site-packages/airflow/example_dags/example_setup_teardown.py for tasks to queue
[2024-05-25T00:00:51.120+0000] {logging_mixin.py:188} INFO - [2024-05-25T00:00:51.120+0000] {dagbag.py:545} INFO - Filling up the DagBag from /home/airflow/.local/lib/python3.12/site-packages/airflow/example_dags/example_setup_teardown.py
[2024-05-25T00:00:51.127+0000] {processor.py:840} INFO - DAG(s) 'example_setup_teardown' retrieved from /home/airflow/.local/lib/python3.12/site-packages/airflow/example_dags/example_setup_teardown.py
[2024-05-25T00:00:51.153+0000] {logging_mixin.py:188} INFO - [2024-05-25T00:00:51.153+0000] {dag.py:3096} INFO - Sync 1 DAGs
[2024-05-25T00:00:51.178+0000] {logging_mixin.py:188} INFO - [2024-05-25T00:00:51.178+0000] {dag.py:3954} INFO - Setting next_dagrun for example_setup_teardown to 2024-05-24 00:00:00+00:00, run_after=2024-05-25 00:00:00+00:00
[2024-05-25T00:00:51.210+0000] {processor.py:183} INFO - Processing /home/airflow/.local/lib/python3.12/site-packages/airflow/example_dags/example_setup_teardown.py took 0.102 seconds
[2024-05-25T00:01:21.609+0000] {processor.py:161} INFO - Started process (PID=38760) to work on /home/airflow/.local/lib/python3.12/site-packages/airflow/example_dags/example_setup_teardown.py
[2024-05-25T00:01:21.610+0000] {processor.py:830} INFO - Processing file /home/airflow/.local/lib/python3.12/site-packages/airflow/example_dags/example_setup_teardown.py for tasks to queue
[2024-05-25T00:01:21.613+0000] {logging_mixin.py:188} INFO - [2024-05-25T00:01:21.612+0000] {dagbag.py:545} INFO - Filling up the DagBag from /home/airflow/.local/lib/python3.12/site-packages/airflow/example_dags/example_setup_teardown.py
[2024-05-25T00:01:21.626+0000] {processor.py:840} INFO - DAG(s) 'example_setup_teardown' retrieved from /home/airflow/.local/lib/python3.12/site-packages/airflow/example_dags/example_setup_teardown.py
[2024-05-25T00:01:21.661+0000] {logging_mixin.py:188} INFO - [2024-05-25T00:01:21.661+0000] {dag.py:3096} INFO - Sync 1 DAGs
[2024-05-25T00:01:21.687+0000] {logging_mixin.py:188} INFO - [2024-05-25T00:01:21.686+0000] {dag.py:3954} INFO - Setting next_dagrun for example_setup_teardown to 2024-05-24 00:00:00+00:00, run_after=2024-05-25 00:00:00+00:00
[2024-05-25T00:01:21.712+0000] {processor.py:183} INFO - Processing /home/airflow/.local/lib/python3.12/site-packages/airflow/example_dags/example_setup_teardown.py took 0.111 seconds
[2024-05-25T00:01:52.500+0000] {processor.py:161} INFO - Started process (PID=38818) to work on /home/airflow/.local/lib/python3.12/site-packages/airflow/example_dags/example_setup_teardown.py
[2024-05-25T00:01:52.501+0000] {processor.py:830} INFO - Processing file /home/airflow/.local/lib/python3.12/site-packages/airflow/example_dags/example_setup_teardown.py for tasks to queue
[2024-05-25T00:01:52.504+0000] {logging_mixin.py:188} INFO - [2024-05-25T00:01:52.503+0000] {dagbag.py:545} INFO - Filling up the DagBag from /home/airflow/.local/lib/python3.12/site-packages/airflow/example_dags/example_setup_teardown.py
[2024-05-25T00:01:52.514+0000] {processor.py:840} INFO - DAG(s) 'example_setup_teardown' retrieved from /home/airflow/.local/lib/python3.12/site-packages/airflow/example_dags/example_setup_teardown.py
[2024-05-25T00:01:52.545+0000] {logging_mixin.py:188} INFO - [2024-05-25T00:01:52.544+0000] {dag.py:3096} INFO - Sync 1 DAGs
[2024-05-25T00:01:52.574+0000] {logging_mixin.py:188} INFO - [2024-05-25T00:01:52.574+0000] {dag.py:3954} INFO - Setting next_dagrun for example_setup_teardown to 2024-05-24 00:00:00+00:00, run_after=2024-05-25 00:00:00+00:00
[2024-05-25T00:01:52.601+0000] {processor.py:183} INFO - Processing /home/airflow/.local/lib/python3.12/site-packages/airflow/example_dags/example_setup_teardown.py took 0.109 seconds
[2024-05-25T00:02:22.966+0000] {processor.py:161} INFO - Started process (PID=38882) to work on /home/airflow/.local/lib/python3.12/site-packages/airflow/example_dags/example_setup_teardown.py
[2024-05-25T00:02:22.971+0000] {processor.py:830} INFO - Processing file /home/airflow/.local/lib/python3.12/site-packages/airflow/example_dags/example_setup_teardown.py for tasks to queue
[2024-05-25T00:02:22.975+0000] {logging_mixin.py:188} INFO - [2024-05-25T00:02:22.975+0000] {dagbag.py:545} INFO - Filling up the DagBag from /home/airflow/.local/lib/python3.12/site-packages/airflow/example_dags/example_setup_teardown.py
[2024-05-25T00:02:22.985+0000] {processor.py:840} INFO - DAG(s) 'example_setup_teardown' retrieved from /home/airflow/.local/lib/python3.12/site-packages/airflow/example_dags/example_setup_teardown.py
[2024-05-25T00:02:23.019+0000] {logging_mixin.py:188} INFO - [2024-05-25T00:02:23.018+0000] {dag.py:3096} INFO - Sync 1 DAGs
[2024-05-25T00:02:23.102+0000] {logging_mixin.py:188} INFO - [2024-05-25T00:02:23.102+0000] {dag.py:3954} INFO - Setting next_dagrun for example_setup_teardown to 2024-05-24 00:00:00+00:00, run_after=2024-05-25 00:00:00+00:00
[2024-05-25T00:02:23.180+0000] {processor.py:183} INFO - Processing /home/airflow/.local/lib/python3.12/site-packages/airflow/example_dags/example_setup_teardown.py took 0.220 seconds
[2024-05-25T00:02:53.834+0000] {processor.py:161} INFO - Started process (PID=38940) to work on /home/airflow/.local/lib/python3.12/site-packages/airflow/example_dags/example_setup_teardown.py
[2024-05-25T00:02:53.836+0000] {processor.py:830} INFO - Processing file /home/airflow/.local/lib/python3.12/site-packages/airflow/example_dags/example_setup_teardown.py for tasks to queue
[2024-05-25T00:02:53.839+0000] {logging_mixin.py:188} INFO - [2024-05-25T00:02:53.838+0000] {dagbag.py:545} INFO - Filling up the DagBag from /home/airflow/.local/lib/python3.12/site-packages/airflow/example_dags/example_setup_teardown.py
[2024-05-25T00:02:53.849+0000] {processor.py:840} INFO - DAG(s) 'example_setup_teardown' retrieved from /home/airflow/.local/lib/python3.12/site-packages/airflow/example_dags/example_setup_teardown.py
[2024-05-25T00:02:53.910+0000] {logging_mixin.py:188} INFO - [2024-05-25T00:02:53.909+0000] {dag.py:3096} INFO - Sync 1 DAGs
[2024-05-25T00:02:53.960+0000] {logging_mixin.py:188} INFO - [2024-05-25T00:02:53.960+0000] {dag.py:3954} INFO - Setting next_dagrun for example_setup_teardown to 2024-05-24 00:00:00+00:00, run_after=2024-05-25 00:00:00+00:00
[2024-05-25T00:02:53.993+0000] {processor.py:183} INFO - Processing /home/airflow/.local/lib/python3.12/site-packages/airflow/example_dags/example_setup_teardown.py took 0.170 seconds
[2024-05-25T00:03:24.050+0000] {processor.py:161} INFO - Started process (PID=39001) to work on /home/airflow/.local/lib/python3.12/site-packages/airflow/example_dags/example_setup_teardown.py
[2024-05-25T00:03:24.053+0000] {processor.py:830} INFO - Processing file /home/airflow/.local/lib/python3.12/site-packages/airflow/example_dags/example_setup_teardown.py for tasks to queue
[2024-05-25T00:03:24.057+0000] {logging_mixin.py:188} INFO - [2024-05-25T00:03:24.056+0000] {dagbag.py:545} INFO - Filling up the DagBag from /home/airflow/.local/lib/python3.12/site-packages/airflow/example_dags/example_setup_teardown.py
[2024-05-25T00:03:24.067+0000] {processor.py:840} INFO - DAG(s) 'example_setup_teardown' retrieved from /home/airflow/.local/lib/python3.12/site-packages/airflow/example_dags/example_setup_teardown.py
[2024-05-25T00:03:24.098+0000] {logging_mixin.py:188} INFO - [2024-05-25T00:03:24.098+0000] {dag.py:3096} INFO - Sync 1 DAGs
[2024-05-25T00:03:24.121+0000] {logging_mixin.py:188} INFO - [2024-05-25T00:03:24.121+0000] {dag.py:3954} INFO - Setting next_dagrun for example_setup_teardown to 2024-05-24 00:00:00+00:00, run_after=2024-05-25 00:00:00+00:00
[2024-05-25T00:03:24.150+0000] {processor.py:183} INFO - Processing /home/airflow/.local/lib/python3.12/site-packages/airflow/example_dags/example_setup_teardown.py took 0.110 seconds
[2024-05-25T00:03:54.312+0000] {processor.py:161} INFO - Started process (PID=39060) to work on /home/airflow/.local/lib/python3.12/site-packages/airflow/example_dags/example_setup_teardown.py
[2024-05-25T00:03:54.313+0000] {processor.py:830} INFO - Processing file /home/airflow/.local/lib/python3.12/site-packages/airflow/example_dags/example_setup_teardown.py for tasks to queue
[2024-05-25T00:03:54.316+0000] {logging_mixin.py:188} INFO - [2024-05-25T00:03:54.315+0000] {dagbag.py:545} INFO - Filling up the DagBag from /home/airflow/.local/lib/python3.12/site-packages/airflow/example_dags/example_setup_teardown.py
[2024-05-25T00:03:54.322+0000] {processor.py:840} INFO - DAG(s) 'example_setup_teardown' retrieved from /home/airflow/.local/lib/python3.12/site-packages/airflow/example_dags/example_setup_teardown.py
[2024-05-25T00:03:54.345+0000] {logging_mixin.py:188} INFO - [2024-05-25T00:03:54.345+0000] {dag.py:3096} INFO - Sync 1 DAGs
[2024-05-25T00:03:54.369+0000] {logging_mixin.py:188} INFO - [2024-05-25T00:03:54.369+0000] {dag.py:3954} INFO - Setting next_dagrun for example_setup_teardown to 2024-05-24 00:00:00+00:00, run_after=2024-05-25 00:00:00+00:00
[2024-05-25T00:03:54.395+0000] {processor.py:183} INFO - Processing /home/airflow/.local/lib/python3.12/site-packages/airflow/example_dags/example_setup_teardown.py took 0.089 seconds
[2024-05-25T00:04:24.617+0000] {processor.py:161} INFO - Started process (PID=39118) to work on /home/airflow/.local/lib/python3.12/site-packages/airflow/example_dags/example_setup_teardown.py
[2024-05-25T00:04:24.618+0000] {processor.py:830} INFO - Processing file /home/airflow/.local/lib/python3.12/site-packages/airflow/example_dags/example_setup_teardown.py for tasks to queue
[2024-05-25T00:04:24.620+0000] {logging_mixin.py:188} INFO - [2024-05-25T00:04:24.620+0000] {dagbag.py:545} INFO - Filling up the DagBag from /home/airflow/.local/lib/python3.12/site-packages/airflow/example_dags/example_setup_teardown.py
[2024-05-25T00:04:24.626+0000] {processor.py:840} INFO - DAG(s) 'example_setup_teardown' retrieved from /home/airflow/.local/lib/python3.12/site-packages/airflow/example_dags/example_setup_teardown.py
[2024-05-25T00:04:24.649+0000] {logging_mixin.py:188} INFO - [2024-05-25T00:04:24.649+0000] {dag.py:3096} INFO - Sync 1 DAGs
[2024-05-25T00:04:24.683+0000] {logging_mixin.py:188} INFO - [2024-05-25T00:04:24.681+0000] {dag.py:3954} INFO - Setting next_dagrun for example_setup_teardown to 2024-05-24 00:00:00+00:00, run_after=2024-05-25 00:00:00+00:00
[2024-05-25T00:04:24.716+0000] {processor.py:183} INFO - Processing /home/airflow/.local/lib/python3.12/site-packages/airflow/example_dags/example_setup_teardown.py took 0.105 seconds
[2024-05-25T00:05:00.872+0000] {processor.py:161} INFO - Started process (PID=39168) to work on /home/airflow/.local/lib/python3.12/site-packages/airflow/example_dags/example_setup_teardown.py
[2024-05-25T00:05:00.875+0000] {processor.py:830} INFO - Processing file /home/airflow/.local/lib/python3.12/site-packages/airflow/example_dags/example_setup_teardown.py for tasks to queue
[2024-05-25T00:05:00.887+0000] {logging_mixin.py:188} INFO - [2024-05-25T00:05:00.880+0000] {dagbag.py:545} INFO - Filling up the DagBag from /home/airflow/.local/lib/python3.12/site-packages/airflow/example_dags/example_setup_teardown.py
[2024-05-25T00:05:00.913+0000] {processor.py:840} INFO - DAG(s) 'example_setup_teardown' retrieved from /home/airflow/.local/lib/python3.12/site-packages/airflow/example_dags/example_setup_teardown.py
[2024-05-25T00:05:01.313+0000] {logging_mixin.py:188} INFO - [2024-05-25T00:05:01.308+0000] {dag.py:3096} INFO - Sync 1 DAGs
[2024-05-25T00:05:01.348+0000] {logging_mixin.py:188} INFO - [2024-05-25T00:05:01.348+0000] {dag.py:3954} INFO - Setting next_dagrun for example_setup_teardown to 2024-05-24 00:00:00+00:00, run_after=2024-05-25 00:00:00+00:00
[2024-05-25T00:05:01.382+0000] {processor.py:183} INFO - Processing /home/airflow/.local/lib/python3.12/site-packages/airflow/example_dags/example_setup_teardown.py took 0.533 seconds
[2024-05-25T00:05:32.370+0000] {processor.py:161} INFO - Started process (PID=39226) to work on /home/airflow/.local/lib/python3.12/site-packages/airflow/example_dags/example_setup_teardown.py
[2024-05-25T00:05:32.371+0000] {processor.py:830} INFO - Processing file /home/airflow/.local/lib/python3.12/site-packages/airflow/example_dags/example_setup_teardown.py for tasks to queue
[2024-05-25T00:05:32.373+0000] {logging_mixin.py:188} INFO - [2024-05-25T00:05:32.373+0000] {dagbag.py:545} INFO - Filling up the DagBag from /home/airflow/.local/lib/python3.12/site-packages/airflow/example_dags/example_setup_teardown.py
[2024-05-25T00:05:32.393+0000] {processor.py:840} INFO - DAG(s) 'example_setup_teardown' retrieved from /home/airflow/.local/lib/python3.12/site-packages/airflow/example_dags/example_setup_teardown.py
[2024-05-25T00:05:32.411+0000] {logging_mixin.py:188} INFO - [2024-05-25T00:05:32.411+0000] {dag.py:3096} INFO - Sync 1 DAGs
[2024-05-25T00:05:32.429+0000] {logging_mixin.py:188} INFO - [2024-05-25T00:05:32.429+0000] {dag.py:3954} INFO - Setting next_dagrun for example_setup_teardown to 2024-05-24 00:00:00+00:00, run_after=2024-05-25 00:00:00+00:00
[2024-05-25T00:05:32.458+0000] {processor.py:183} INFO - Processing /home/airflow/.local/lib/python3.12/site-packages/airflow/example_dags/example_setup_teardown.py took 0.093 seconds
[2024-05-25T00:06:02.611+0000] {processor.py:161} INFO - Started process (PID=39284) to work on /home/airflow/.local/lib/python3.12/site-packages/airflow/example_dags/example_setup_teardown.py
[2024-05-25T00:06:02.613+0000] {processor.py:830} INFO - Processing file /home/airflow/.local/lib/python3.12/site-packages/airflow/example_dags/example_setup_teardown.py for tasks to queue
[2024-05-25T00:06:02.615+0000] {logging_mixin.py:188} INFO - [2024-05-25T00:06:02.614+0000] {dagbag.py:545} INFO - Filling up the DagBag from /home/airflow/.local/lib/python3.12/site-packages/airflow/example_dags/example_setup_teardown.py
[2024-05-25T00:06:02.624+0000] {processor.py:840} INFO - DAG(s) 'example_setup_teardown' retrieved from /home/airflow/.local/lib/python3.12/site-packages/airflow/example_dags/example_setup_teardown.py
[2024-05-25T00:06:02.652+0000] {logging_mixin.py:188} INFO - [2024-05-25T00:06:02.651+0000] {dag.py:3096} INFO - Sync 1 DAGs
[2024-05-25T00:06:02.693+0000] {logging_mixin.py:188} INFO - [2024-05-25T00:06:02.693+0000] {dag.py:3954} INFO - Setting next_dagrun for example_setup_teardown to 2024-05-24 00:00:00+00:00, run_after=2024-05-25 00:00:00+00:00
[2024-05-25T00:06:02.777+0000] {processor.py:183} INFO - Processing /home/airflow/.local/lib/python3.12/site-packages/airflow/example_dags/example_setup_teardown.py took 0.172 seconds
[2024-05-25T00:06:33.765+0000] {processor.py:161} INFO - Started process (PID=39342) to work on /home/airflow/.local/lib/python3.12/site-packages/airflow/example_dags/example_setup_teardown.py
[2024-05-25T00:06:33.766+0000] {processor.py:830} INFO - Processing file /home/airflow/.local/lib/python3.12/site-packages/airflow/example_dags/example_setup_teardown.py for tasks to queue
[2024-05-25T00:06:33.768+0000] {logging_mixin.py:188} INFO - [2024-05-25T00:06:33.767+0000] {dagbag.py:545} INFO - Filling up the DagBag from /home/airflow/.local/lib/python3.12/site-packages/airflow/example_dags/example_setup_teardown.py
[2024-05-25T00:06:33.775+0000] {processor.py:840} INFO - DAG(s) 'example_setup_teardown' retrieved from /home/airflow/.local/lib/python3.12/site-packages/airflow/example_dags/example_setup_teardown.py
[2024-05-25T00:06:33.794+0000] {logging_mixin.py:188} INFO - [2024-05-25T00:06:33.794+0000] {dag.py:3096} INFO - Sync 1 DAGs
[2024-05-25T00:06:33.814+0000] {logging_mixin.py:188} INFO - [2024-05-25T00:06:33.814+0000] {dag.py:3954} INFO - Setting next_dagrun for example_setup_teardown to 2024-05-24 00:00:00+00:00, run_after=2024-05-25 00:00:00+00:00
[2024-05-25T00:06:33.832+0000] {processor.py:183} INFO - Processing /home/airflow/.local/lib/python3.12/site-packages/airflow/example_dags/example_setup_teardown.py took 0.073 seconds
[2024-05-25T00:07:04.358+0000] {processor.py:161} INFO - Started process (PID=39400) to work on /home/airflow/.local/lib/python3.12/site-packages/airflow/example_dags/example_setup_teardown.py
[2024-05-25T00:07:04.360+0000] {processor.py:830} INFO - Processing file /home/airflow/.local/lib/python3.12/site-packages/airflow/example_dags/example_setup_teardown.py for tasks to queue
[2024-05-25T00:07:04.365+0000] {logging_mixin.py:188} INFO - [2024-05-25T00:07:04.365+0000] {dagbag.py:545} INFO - Filling up the DagBag from /home/airflow/.local/lib/python3.12/site-packages/airflow/example_dags/example_setup_teardown.py
[2024-05-25T00:07:04.384+0000] {processor.py:840} INFO - DAG(s) 'example_setup_teardown' retrieved from /home/airflow/.local/lib/python3.12/site-packages/airflow/example_dags/example_setup_teardown.py
[2024-05-25T00:07:04.413+0000] {logging_mixin.py:188} INFO - [2024-05-25T00:07:04.412+0000] {dag.py:3096} INFO - Sync 1 DAGs
[2024-05-25T00:07:04.437+0000] {logging_mixin.py:188} INFO - [2024-05-25T00:07:04.437+0000] {dag.py:3954} INFO - Setting next_dagrun for example_setup_teardown to 2024-05-24 00:00:00+00:00, run_after=2024-05-25 00:00:00+00:00
[2024-05-25T00:07:04.461+0000] {processor.py:183} INFO - Processing /home/airflow/.local/lib/python3.12/site-packages/airflow/example_dags/example_setup_teardown.py took 0.109 seconds
[2024-05-25T00:07:34.737+0000] {processor.py:161} INFO - Started process (PID=39458) to work on /home/airflow/.local/lib/python3.12/site-packages/airflow/example_dags/example_setup_teardown.py
[2024-05-25T00:07:34.739+0000] {processor.py:830} INFO - Processing file /home/airflow/.local/lib/python3.12/site-packages/airflow/example_dags/example_setup_teardown.py for tasks to queue
[2024-05-25T00:07:34.741+0000] {logging_mixin.py:188} INFO - [2024-05-25T00:07:34.740+0000] {dagbag.py:545} INFO - Filling up the DagBag from /home/airflow/.local/lib/python3.12/site-packages/airflow/example_dags/example_setup_teardown.py
[2024-05-25T00:07:34.749+0000] {processor.py:840} INFO - DAG(s) 'example_setup_teardown' retrieved from /home/airflow/.local/lib/python3.12/site-packages/airflow/example_dags/example_setup_teardown.py
[2024-05-25T00:07:34.773+0000] {logging_mixin.py:188} INFO - [2024-05-25T00:07:34.772+0000] {dag.py:3096} INFO - Sync 1 DAGs
[2024-05-25T00:07:34.797+0000] {logging_mixin.py:188} INFO - [2024-05-25T00:07:34.796+0000] {dag.py:3954} INFO - Setting next_dagrun for example_setup_teardown to 2024-05-24 00:00:00+00:00, run_after=2024-05-25 00:00:00+00:00
[2024-05-25T00:07:34.817+0000] {processor.py:183} INFO - Processing /home/airflow/.local/lib/python3.12/site-packages/airflow/example_dags/example_setup_teardown.py took 0.086 seconds
[2024-05-25T00:08:05.200+0000] {processor.py:161} INFO - Started process (PID=39516) to work on /home/airflow/.local/lib/python3.12/site-packages/airflow/example_dags/example_setup_teardown.py
[2024-05-25T00:08:05.203+0000] {processor.py:830} INFO - Processing file /home/airflow/.local/lib/python3.12/site-packages/airflow/example_dags/example_setup_teardown.py for tasks to queue
[2024-05-25T00:08:05.215+0000] {logging_mixin.py:188} INFO - [2024-05-25T00:08:05.211+0000] {dagbag.py:545} INFO - Filling up the DagBag from /home/airflow/.local/lib/python3.12/site-packages/airflow/example_dags/example_setup_teardown.py
[2024-05-25T00:08:05.260+0000] {processor.py:840} INFO - DAG(s) 'example_setup_teardown' retrieved from /home/airflow/.local/lib/python3.12/site-packages/airflow/example_dags/example_setup_teardown.py
[2024-05-25T00:08:05.422+0000] {logging_mixin.py:188} INFO - [2024-05-25T00:08:05.419+0000] {dag.py:3096} INFO - Sync 1 DAGs
[2024-05-25T00:08:05.619+0000] {logging_mixin.py:188} INFO - [2024-05-25T00:08:05.618+0000] {dag.py:3954} INFO - Setting next_dagrun for example_setup_teardown to 2024-05-24 00:00:00+00:00, run_after=2024-05-25 00:00:00+00:00
[2024-05-25T00:08:05.766+0000] {processor.py:183} INFO - Processing /home/airflow/.local/lib/python3.12/site-packages/airflow/example_dags/example_setup_teardown.py took 0.595 seconds
[2024-05-25T00:08:43.554+0000] {processor.py:161} INFO - Started process (PID=39580) to work on /home/airflow/.local/lib/python3.12/site-packages/airflow/example_dags/example_setup_teardown.py
[2024-05-25T00:08:43.556+0000] {processor.py:830} INFO - Processing file /home/airflow/.local/lib/python3.12/site-packages/airflow/example_dags/example_setup_teardown.py for tasks to queue
[2024-05-25T00:08:43.562+0000] {logging_mixin.py:188} INFO - [2024-05-25T00:08:43.561+0000] {dagbag.py:545} INFO - Filling up the DagBag from /home/airflow/.local/lib/python3.12/site-packages/airflow/example_dags/example_setup_teardown.py
[2024-05-25T00:08:43.583+0000] {processor.py:840} INFO - DAG(s) 'example_setup_teardown' retrieved from /home/airflow/.local/lib/python3.12/site-packages/airflow/example_dags/example_setup_teardown.py
[2024-05-25T00:08:43.848+0000] {logging_mixin.py:188} INFO - [2024-05-25T00:08:43.847+0000] {dag.py:3096} INFO - Sync 1 DAGs
[2024-05-25T00:08:43.916+0000] {logging_mixin.py:188} INFO - [2024-05-25T00:08:43.915+0000] {dag.py:3954} INFO - Setting next_dagrun for example_setup_teardown to 2024-05-24 00:00:00+00:00, run_after=2024-05-25 00:00:00+00:00
[2024-05-25T00:08:43.966+0000] {processor.py:183} INFO - Processing /home/airflow/.local/lib/python3.12/site-packages/airflow/example_dags/example_setup_teardown.py took 0.433 seconds
[2024-05-25T00:09:54.878+0000] {processor.py:161} INFO - Started process (PID=39621) to work on /home/airflow/.local/lib/python3.12/site-packages/airflow/example_dags/example_setup_teardown.py
[2024-05-25T00:09:54.879+0000] {processor.py:830} INFO - Processing file /home/airflow/.local/lib/python3.12/site-packages/airflow/example_dags/example_setup_teardown.py for tasks to queue
[2024-05-25T00:09:54.882+0000] {logging_mixin.py:188} INFO - [2024-05-25T00:09:54.881+0000] {dagbag.py:545} INFO - Filling up the DagBag from /home/airflow/.local/lib/python3.12/site-packages/airflow/example_dags/example_setup_teardown.py
[2024-05-25T00:09:54.891+0000] {processor.py:840} INFO - DAG(s) 'example_setup_teardown' retrieved from /home/airflow/.local/lib/python3.12/site-packages/airflow/example_dags/example_setup_teardown.py
[2024-05-25T00:09:54.917+0000] {logging_mixin.py:188} INFO - [2024-05-25T00:09:54.917+0000] {dag.py:3096} INFO - Sync 1 DAGs
[2024-05-25T00:09:54.945+0000] {logging_mixin.py:188} INFO - [2024-05-25T00:09:54.944+0000] {dag.py:3954} INFO - Setting next_dagrun for example_setup_teardown to 2024-05-24 00:00:00+00:00, run_after=2024-05-25 00:00:00+00:00
[2024-05-25T00:09:54.972+0000] {processor.py:183} INFO - Processing /home/airflow/.local/lib/python3.12/site-packages/airflow/example_dags/example_setup_teardown.py took 0.102 seconds
[2024-05-25T00:10:25.892+0000] {processor.py:161} INFO - Started process (PID=39679) to work on /home/airflow/.local/lib/python3.12/site-packages/airflow/example_dags/example_setup_teardown.py
[2024-05-25T00:10:25.894+0000] {processor.py:830} INFO - Processing file /home/airflow/.local/lib/python3.12/site-packages/airflow/example_dags/example_setup_teardown.py for tasks to queue
[2024-05-25T00:10:25.896+0000] {logging_mixin.py:188} INFO - [2024-05-25T00:10:25.896+0000] {dagbag.py:545} INFO - Filling up the DagBag from /home/airflow/.local/lib/python3.12/site-packages/airflow/example_dags/example_setup_teardown.py
[2024-05-25T00:10:25.914+0000] {processor.py:840} INFO - DAG(s) 'example_setup_teardown' retrieved from /home/airflow/.local/lib/python3.12/site-packages/airflow/example_dags/example_setup_teardown.py
[2024-05-25T00:10:25.967+0000] {logging_mixin.py:188} INFO - [2024-05-25T00:10:25.967+0000] {dag.py:3096} INFO - Sync 1 DAGs
[2024-05-25T00:10:26.031+0000] {logging_mixin.py:188} INFO - [2024-05-25T00:10:26.031+0000] {dag.py:3954} INFO - Setting next_dagrun for example_setup_teardown to 2024-05-24 00:00:00+00:00, run_after=2024-05-25 00:00:00+00:00
[2024-05-25T00:10:26.167+0000] {processor.py:183} INFO - Processing /home/airflow/.local/lib/python3.12/site-packages/airflow/example_dags/example_setup_teardown.py took 0.287 seconds
[2024-05-25T00:10:56.344+0000] {processor.py:161} INFO - Started process (PID=39737) to work on /home/airflow/.local/lib/python3.12/site-packages/airflow/example_dags/example_setup_teardown.py
[2024-05-25T00:10:56.346+0000] {processor.py:830} INFO - Processing file /home/airflow/.local/lib/python3.12/site-packages/airflow/example_dags/example_setup_teardown.py for tasks to queue
[2024-05-25T00:10:56.347+0000] {logging_mixin.py:188} INFO - [2024-05-25T00:10:56.346+0000] {dagbag.py:545} INFO - Filling up the DagBag from /home/airflow/.local/lib/python3.12/site-packages/airflow/example_dags/example_setup_teardown.py
[2024-05-25T00:10:56.358+0000] {processor.py:840} INFO - DAG(s) 'example_setup_teardown' retrieved from /home/airflow/.local/lib/python3.12/site-packages/airflow/example_dags/example_setup_teardown.py
[2024-05-25T00:10:56.389+0000] {logging_mixin.py:188} INFO - [2024-05-25T00:10:56.388+0000] {dag.py:3096} INFO - Sync 1 DAGs
[2024-05-25T00:10:56.416+0000] {logging_mixin.py:188} INFO - [2024-05-25T00:10:56.416+0000] {dag.py:3954} INFO - Setting next_dagrun for example_setup_teardown to 2024-05-24 00:00:00+00:00, run_after=2024-05-25 00:00:00+00:00
[2024-05-25T00:10:56.441+0000] {processor.py:183} INFO - Processing /home/airflow/.local/lib/python3.12/site-packages/airflow/example_dags/example_setup_teardown.py took 0.103 seconds
[2024-05-25T00:11:26.565+0000] {processor.py:161} INFO - Started process (PID=39795) to work on /home/airflow/.local/lib/python3.12/site-packages/airflow/example_dags/example_setup_teardown.py
[2024-05-25T00:11:26.567+0000] {processor.py:830} INFO - Processing file /home/airflow/.local/lib/python3.12/site-packages/airflow/example_dags/example_setup_teardown.py for tasks to queue
[2024-05-25T00:11:26.568+0000] {logging_mixin.py:188} INFO - [2024-05-25T00:11:26.568+0000] {dagbag.py:545} INFO - Filling up the DagBag from /home/airflow/.local/lib/python3.12/site-packages/airflow/example_dags/example_setup_teardown.py
[2024-05-25T00:11:26.576+0000] {processor.py:840} INFO - DAG(s) 'example_setup_teardown' retrieved from /home/airflow/.local/lib/python3.12/site-packages/airflow/example_dags/example_setup_teardown.py
[2024-05-25T00:11:26.597+0000] {logging_mixin.py:188} INFO - [2024-05-25T00:11:26.597+0000] {dag.py:3096} INFO - Sync 1 DAGs
[2024-05-25T00:11:26.623+0000] {logging_mixin.py:188} INFO - [2024-05-25T00:11:26.623+0000] {dag.py:3954} INFO - Setting next_dagrun for example_setup_teardown to 2024-05-24 00:00:00+00:00, run_after=2024-05-25 00:00:00+00:00
[2024-05-25T00:11:26.656+0000] {processor.py:183} INFO - Processing /home/airflow/.local/lib/python3.12/site-packages/airflow/example_dags/example_setup_teardown.py took 0.096 seconds
[2024-05-25T00:11:57.497+0000] {processor.py:161} INFO - Started process (PID=39853) to work on /home/airflow/.local/lib/python3.12/site-packages/airflow/example_dags/example_setup_teardown.py
[2024-05-25T00:11:57.499+0000] {processor.py:830} INFO - Processing file /home/airflow/.local/lib/python3.12/site-packages/airflow/example_dags/example_setup_teardown.py for tasks to queue
[2024-05-25T00:11:57.500+0000] {logging_mixin.py:188} INFO - [2024-05-25T00:11:57.500+0000] {dagbag.py:545} INFO - Filling up the DagBag from /home/airflow/.local/lib/python3.12/site-packages/airflow/example_dags/example_setup_teardown.py
[2024-05-25T00:11:57.513+0000] {processor.py:840} INFO - DAG(s) 'example_setup_teardown' retrieved from /home/airflow/.local/lib/python3.12/site-packages/airflow/example_dags/example_setup_teardown.py
[2024-05-25T00:11:57.546+0000] {logging_mixin.py:188} INFO - [2024-05-25T00:11:57.546+0000] {dag.py:3096} INFO - Sync 1 DAGs
[2024-05-25T00:11:57.578+0000] {logging_mixin.py:188} INFO - [2024-05-25T00:11:57.577+0000] {dag.py:3954} INFO - Setting next_dagrun for example_setup_teardown to 2024-05-24 00:00:00+00:00, run_after=2024-05-25 00:00:00+00:00
[2024-05-25T00:11:57.608+0000] {processor.py:183} INFO - Processing /home/airflow/.local/lib/python3.12/site-packages/airflow/example_dags/example_setup_teardown.py took 0.119 seconds
[2024-05-25T00:12:47.113+0000] {processor.py:161} INFO - Started process (PID=39914) to work on /home/airflow/.local/lib/python3.12/site-packages/airflow/example_dags/example_setup_teardown.py
[2024-05-25T00:12:47.114+0000] {processor.py:830} INFO - Processing file /home/airflow/.local/lib/python3.12/site-packages/airflow/example_dags/example_setup_teardown.py for tasks to queue
[2024-05-25T00:12:47.115+0000] {logging_mixin.py:188} INFO - [2024-05-25T00:12:47.115+0000] {dagbag.py:545} INFO - Filling up the DagBag from /home/airflow/.local/lib/python3.12/site-packages/airflow/example_dags/example_setup_teardown.py
[2024-05-25T00:12:47.122+0000] {processor.py:840} INFO - DAG(s) 'example_setup_teardown' retrieved from /home/airflow/.local/lib/python3.12/site-packages/airflow/example_dags/example_setup_teardown.py
[2024-05-25T00:12:47.151+0000] {logging_mixin.py:188} INFO - [2024-05-25T00:12:47.151+0000] {dag.py:3096} INFO - Sync 1 DAGs
[2024-05-25T00:12:47.173+0000] {logging_mixin.py:188} INFO - [2024-05-25T00:12:47.173+0000] {dag.py:3954} INFO - Setting next_dagrun for example_setup_teardown to 2024-05-24 00:00:00+00:00, run_after=2024-05-25 00:00:00+00:00
[2024-05-25T00:12:47.202+0000] {processor.py:183} INFO - Processing /home/airflow/.local/lib/python3.12/site-packages/airflow/example_dags/example_setup_teardown.py took 0.096 seconds
[2024-05-25T00:13:18.403+0000] {processor.py:161} INFO - Started process (PID=39972) to work on /home/airflow/.local/lib/python3.12/site-packages/airflow/example_dags/example_setup_teardown.py
[2024-05-25T00:13:18.406+0000] {processor.py:830} INFO - Processing file /home/airflow/.local/lib/python3.12/site-packages/airflow/example_dags/example_setup_teardown.py for tasks to queue
[2024-05-25T00:13:18.409+0000] {logging_mixin.py:188} INFO - [2024-05-25T00:13:18.408+0000] {dagbag.py:545} INFO - Filling up the DagBag from /home/airflow/.local/lib/python3.12/site-packages/airflow/example_dags/example_setup_teardown.py
[2024-05-25T00:13:18.428+0000] {processor.py:840} INFO - DAG(s) 'example_setup_teardown' retrieved from /home/airflow/.local/lib/python3.12/site-packages/airflow/example_dags/example_setup_teardown.py
[2024-05-25T00:13:18.488+0000] {logging_mixin.py:188} INFO - [2024-05-25T00:13:18.487+0000] {dag.py:3096} INFO - Sync 1 DAGs
[2024-05-25T00:13:18.559+0000] {logging_mixin.py:188} INFO - [2024-05-25T00:13:18.558+0000] {dag.py:3954} INFO - Setting next_dagrun for example_setup_teardown to 2024-05-24 00:00:00+00:00, run_after=2024-05-25 00:00:00+00:00
[2024-05-25T00:13:18.633+0000] {processor.py:183} INFO - Processing /home/airflow/.local/lib/python3.12/site-packages/airflow/example_dags/example_setup_teardown.py took 0.243 seconds
[2024-05-25T00:14:18.896+0000] {processor.py:161} INFO - Started process (PID=40024) to work on /home/airflow/.local/lib/python3.12/site-packages/airflow/example_dags/example_setup_teardown.py
[2024-05-25T00:14:18.904+0000] {processor.py:830} INFO - Processing file /home/airflow/.local/lib/python3.12/site-packages/airflow/example_dags/example_setup_teardown.py for tasks to queue
[2024-05-25T00:14:18.914+0000] {logging_mixin.py:188} INFO - [2024-05-25T00:14:18.912+0000] {dagbag.py:545} INFO - Filling up the DagBag from /home/airflow/.local/lib/python3.12/site-packages/airflow/example_dags/example_setup_teardown.py
[2024-05-25T00:14:18.956+0000] {processor.py:840} INFO - DAG(s) 'example_setup_teardown' retrieved from /home/airflow/.local/lib/python3.12/site-packages/airflow/example_dags/example_setup_teardown.py
[2024-05-25T00:14:19.066+0000] {logging_mixin.py:188} INFO - [2024-05-25T00:14:19.066+0000] {dag.py:3096} INFO - Sync 1 DAGs
[2024-05-25T00:14:19.111+0000] {logging_mixin.py:188} INFO - [2024-05-25T00:14:19.111+0000] {dag.py:3954} INFO - Setting next_dagrun for example_setup_teardown to 2024-05-24 00:00:00+00:00, run_after=2024-05-25 00:00:00+00:00
[2024-05-25T00:14:19.169+0000] {processor.py:183} INFO - Processing /home/airflow/.local/lib/python3.12/site-packages/airflow/example_dags/example_setup_teardown.py took 0.290 seconds
[2024-05-25T00:15:20.789+0000] {processor.py:161} INFO - Started process (PID=40096) to work on /home/airflow/.local/lib/python3.12/site-packages/airflow/example_dags/example_setup_teardown.py
[2024-05-25T00:15:20.790+0000] {processor.py:830} INFO - Processing file /home/airflow/.local/lib/python3.12/site-packages/airflow/example_dags/example_setup_teardown.py for tasks to queue
[2024-05-25T00:15:20.792+0000] {logging_mixin.py:188} INFO - [2024-05-25T00:15:20.792+0000] {dagbag.py:545} INFO - Filling up the DagBag from /home/airflow/.local/lib/python3.12/site-packages/airflow/example_dags/example_setup_teardown.py
[2024-05-25T00:15:20.803+0000] {processor.py:840} INFO - DAG(s) 'example_setup_teardown' retrieved from /home/airflow/.local/lib/python3.12/site-packages/airflow/example_dags/example_setup_teardown.py
[2024-05-25T00:15:20.830+0000] {logging_mixin.py:188} INFO - [2024-05-25T00:15:20.829+0000] {dag.py:3096} INFO - Sync 1 DAGs
[2024-05-25T00:15:20.854+0000] {logging_mixin.py:188} INFO - [2024-05-25T00:15:20.853+0000] {dag.py:3954} INFO - Setting next_dagrun for example_setup_teardown to 2024-05-24 00:00:00+00:00, run_after=2024-05-25 00:00:00+00:00
[2024-05-25T00:15:20.875+0000] {processor.py:183} INFO - Processing /home/airflow/.local/lib/python3.12/site-packages/airflow/example_dags/example_setup_teardown.py took 0.092 seconds
[2024-05-25T00:15:52.449+0000] {processor.py:161} INFO - Started process (PID=40154) to work on /home/airflow/.local/lib/python3.12/site-packages/airflow/example_dags/example_setup_teardown.py
[2024-05-25T00:15:52.450+0000] {processor.py:830} INFO - Processing file /home/airflow/.local/lib/python3.12/site-packages/airflow/example_dags/example_setup_teardown.py for tasks to queue
[2024-05-25T00:15:52.451+0000] {logging_mixin.py:188} INFO - [2024-05-25T00:15:52.451+0000] {dagbag.py:545} INFO - Filling up the DagBag from /home/airflow/.local/lib/python3.12/site-packages/airflow/example_dags/example_setup_teardown.py
[2024-05-25T00:15:52.460+0000] {processor.py:840} INFO - DAG(s) 'example_setup_teardown' retrieved from /home/airflow/.local/lib/python3.12/site-packages/airflow/example_dags/example_setup_teardown.py
[2024-05-25T00:15:52.485+0000] {logging_mixin.py:188} INFO - [2024-05-25T00:15:52.485+0000] {dag.py:3096} INFO - Sync 1 DAGs
[2024-05-25T00:15:52.511+0000] {logging_mixin.py:188} INFO - [2024-05-25T00:15:52.510+0000] {dag.py:3954} INFO - Setting next_dagrun for example_setup_teardown to 2024-05-24 00:00:00+00:00, run_after=2024-05-25 00:00:00+00:00
[2024-05-25T00:15:52.540+0000] {processor.py:183} INFO - Processing /home/airflow/.local/lib/python3.12/site-packages/airflow/example_dags/example_setup_teardown.py took 0.098 seconds
[2024-05-25T00:16:23.729+0000] {processor.py:161} INFO - Started process (PID=40212) to work on /home/airflow/.local/lib/python3.12/site-packages/airflow/example_dags/example_setup_teardown.py
[2024-05-25T00:16:23.730+0000] {processor.py:830} INFO - Processing file /home/airflow/.local/lib/python3.12/site-packages/airflow/example_dags/example_setup_teardown.py for tasks to queue
[2024-05-25T00:16:23.732+0000] {logging_mixin.py:188} INFO - [2024-05-25T00:16:23.731+0000] {dagbag.py:545} INFO - Filling up the DagBag from /home/airflow/.local/lib/python3.12/site-packages/airflow/example_dags/example_setup_teardown.py
[2024-05-25T00:16:23.740+0000] {processor.py:840} INFO - DAG(s) 'example_setup_teardown' retrieved from /home/airflow/.local/lib/python3.12/site-packages/airflow/example_dags/example_setup_teardown.py
[2024-05-25T00:16:23.763+0000] {logging_mixin.py:188} INFO - [2024-05-25T00:16:23.762+0000] {dag.py:3096} INFO - Sync 1 DAGs
[2024-05-25T00:16:23.945+0000] {logging_mixin.py:188} INFO - [2024-05-25T00:16:23.945+0000] {dag.py:3954} INFO - Setting next_dagrun for example_setup_teardown to 2024-05-24 00:00:00+00:00, run_after=2024-05-25 00:00:00+00:00
[2024-05-25T00:16:23.969+0000] {processor.py:183} INFO - Processing /home/airflow/.local/lib/python3.12/site-packages/airflow/example_dags/example_setup_teardown.py took 0.246 seconds
[2024-05-25T00:16:54.275+0000] {processor.py:161} INFO - Started process (PID=40270) to work on /home/airflow/.local/lib/python3.12/site-packages/airflow/example_dags/example_setup_teardown.py
[2024-05-25T00:16:54.278+0000] {processor.py:830} INFO - Processing file /home/airflow/.local/lib/python3.12/site-packages/airflow/example_dags/example_setup_teardown.py for tasks to queue
[2024-05-25T00:16:54.283+0000] {logging_mixin.py:188} INFO - [2024-05-25T00:16:54.281+0000] {dagbag.py:545} INFO - Filling up the DagBag from /home/airflow/.local/lib/python3.12/site-packages/airflow/example_dags/example_setup_teardown.py
[2024-05-25T00:16:54.304+0000] {processor.py:840} INFO - DAG(s) 'example_setup_teardown' retrieved from /home/airflow/.local/lib/python3.12/site-packages/airflow/example_dags/example_setup_teardown.py
[2024-05-25T00:16:54.327+0000] {logging_mixin.py:188} INFO - [2024-05-25T00:16:54.326+0000] {dag.py:3096} INFO - Sync 1 DAGs
[2024-05-25T00:16:54.351+0000] {logging_mixin.py:188} INFO - [2024-05-25T00:16:54.350+0000] {dag.py:3954} INFO - Setting next_dagrun for example_setup_teardown to 2024-05-24 00:00:00+00:00, run_after=2024-05-25 00:00:00+00:00
[2024-05-25T00:16:54.383+0000] {processor.py:183} INFO - Processing /home/airflow/.local/lib/python3.12/site-packages/airflow/example_dags/example_setup_teardown.py took 0.114 seconds
[2024-05-25T00:17:24.548+0000] {processor.py:161} INFO - Started process (PID=40328) to work on /home/airflow/.local/lib/python3.12/site-packages/airflow/example_dags/example_setup_teardown.py
[2024-05-25T00:17:24.549+0000] {processor.py:830} INFO - Processing file /home/airflow/.local/lib/python3.12/site-packages/airflow/example_dags/example_setup_teardown.py for tasks to queue
[2024-05-25T00:17:24.550+0000] {logging_mixin.py:188} INFO - [2024-05-25T00:17:24.549+0000] {dagbag.py:545} INFO - Filling up the DagBag from /home/airflow/.local/lib/python3.12/site-packages/airflow/example_dags/example_setup_teardown.py
[2024-05-25T00:17:24.557+0000] {processor.py:840} INFO - DAG(s) 'example_setup_teardown' retrieved from /home/airflow/.local/lib/python3.12/site-packages/airflow/example_dags/example_setup_teardown.py
[2024-05-25T00:17:24.581+0000] {logging_mixin.py:188} INFO - [2024-05-25T00:17:24.581+0000] {dag.py:3096} INFO - Sync 1 DAGs
[2024-05-25T00:17:24.603+0000] {logging_mixin.py:188} INFO - [2024-05-25T00:17:24.602+0000] {dag.py:3954} INFO - Setting next_dagrun for example_setup_teardown to 2024-05-24 00:00:00+00:00, run_after=2024-05-25 00:00:00+00:00
[2024-05-25T00:17:24.628+0000] {processor.py:183} INFO - Processing /home/airflow/.local/lib/python3.12/site-packages/airflow/example_dags/example_setup_teardown.py took 0.086 seconds
[2024-05-25T00:17:55.406+0000] {processor.py:161} INFO - Started process (PID=40386) to work on /home/airflow/.local/lib/python3.12/site-packages/airflow/example_dags/example_setup_teardown.py
[2024-05-25T00:17:55.407+0000] {processor.py:830} INFO - Processing file /home/airflow/.local/lib/python3.12/site-packages/airflow/example_dags/example_setup_teardown.py for tasks to queue
[2024-05-25T00:17:55.408+0000] {logging_mixin.py:188} INFO - [2024-05-25T00:17:55.408+0000] {dagbag.py:545} INFO - Filling up the DagBag from /home/airflow/.local/lib/python3.12/site-packages/airflow/example_dags/example_setup_teardown.py
[2024-05-25T00:17:55.417+0000] {processor.py:840} INFO - DAG(s) 'example_setup_teardown' retrieved from /home/airflow/.local/lib/python3.12/site-packages/airflow/example_dags/example_setup_teardown.py
[2024-05-25T00:17:55.444+0000] {logging_mixin.py:188} INFO - [2024-05-25T00:17:55.443+0000] {dag.py:3096} INFO - Sync 1 DAGs
[2024-05-25T00:17:55.466+0000] {logging_mixin.py:188} INFO - [2024-05-25T00:17:55.466+0000] {dag.py:3954} INFO - Setting next_dagrun for example_setup_teardown to 2024-05-24 00:00:00+00:00, run_after=2024-05-25 00:00:00+00:00
[2024-05-25T00:17:55.487+0000] {processor.py:183} INFO - Processing /home/airflow/.local/lib/python3.12/site-packages/airflow/example_dags/example_setup_teardown.py took 0.088 seconds
[2024-05-25T00:18:26.324+0000] {processor.py:161} INFO - Started process (PID=40444) to work on /home/airflow/.local/lib/python3.12/site-packages/airflow/example_dags/example_setup_teardown.py
[2024-05-25T00:18:26.326+0000] {processor.py:830} INFO - Processing file /home/airflow/.local/lib/python3.12/site-packages/airflow/example_dags/example_setup_teardown.py for tasks to queue
[2024-05-25T00:18:26.327+0000] {logging_mixin.py:188} INFO - [2024-05-25T00:18:26.327+0000] {dagbag.py:545} INFO - Filling up the DagBag from /home/airflow/.local/lib/python3.12/site-packages/airflow/example_dags/example_setup_teardown.py
[2024-05-25T00:18:26.336+0000] {processor.py:840} INFO - DAG(s) 'example_setup_teardown' retrieved from /home/airflow/.local/lib/python3.12/site-packages/airflow/example_dags/example_setup_teardown.py
[2024-05-25T00:18:26.365+0000] {logging_mixin.py:188} INFO - [2024-05-25T00:18:26.364+0000] {dag.py:3096} INFO - Sync 1 DAGs
[2024-05-25T00:18:26.392+0000] {logging_mixin.py:188} INFO - [2024-05-25T00:18:26.392+0000] {dag.py:3954} INFO - Setting next_dagrun for example_setup_teardown to 2024-05-24 00:00:00+00:00, run_after=2024-05-25 00:00:00+00:00
[2024-05-25T00:18:26.422+0000] {processor.py:183} INFO - Processing /home/airflow/.local/lib/python3.12/site-packages/airflow/example_dags/example_setup_teardown.py took 0.107 seconds
