[2024-05-25T00:00:10.920+0000] {processor.py:161} INFO - Started process (PID=38618) to work on /home/airflow/.local/lib/python3.12/site-packages/airflow/example_dags/example_complex.py
[2024-05-25T00:00:10.922+0000] {processor.py:830} INFO - Processing file /home/airflow/.local/lib/python3.12/site-packages/airflow/example_dags/example_complex.py for tasks to queue
[2024-05-25T00:00:10.925+0000] {logging_mixin.py:188} INFO - [2024-05-25T00:00:10.924+0000] {dagbag.py:545} INFO - Filling up the DagBag from /home/airflow/.local/lib/python3.12/site-packages/airflow/example_dags/example_complex.py
[2024-05-25T00:00:10.937+0000] {processor.py:840} INFO - DAG(s) 'example_complex' retrieved from /home/airflow/.local/lib/python3.12/site-packages/airflow/example_dags/example_complex.py
[2024-05-25T00:00:10.970+0000] {logging_mixin.py:188} INFO - [2024-05-25T00:00:10.970+0000] {dag.py:3096} INFO - Sync 1 DAGs
[2024-05-25T00:00:10.982+0000] {logging_mixin.py:188} INFO - [2024-05-25T00:00:10.982+0000] {dag.py:3954} INFO - Setting next_dagrun for example_complex to None, run_after=None
[2024-05-25T00:00:11.006+0000] {processor.py:183} INFO - Processing /home/airflow/.local/lib/python3.12/site-packages/airflow/example_dags/example_complex.py took 0.094 seconds
[2024-05-25T00:00:41.106+0000] {processor.py:161} INFO - Started process (PID=38676) to work on /home/airflow/.local/lib/python3.12/site-packages/airflow/example_dags/example_complex.py
[2024-05-25T00:00:41.108+0000] {processor.py:830} INFO - Processing file /home/airflow/.local/lib/python3.12/site-packages/airflow/example_dags/example_complex.py for tasks to queue
[2024-05-25T00:00:41.110+0000] {logging_mixin.py:188} INFO - [2024-05-25T00:00:41.110+0000] {dagbag.py:545} INFO - Filling up the DagBag from /home/airflow/.local/lib/python3.12/site-packages/airflow/example_dags/example_complex.py
[2024-05-25T00:00:41.120+0000] {processor.py:840} INFO - DAG(s) 'example_complex' retrieved from /home/airflow/.local/lib/python3.12/site-packages/airflow/example_dags/example_complex.py
[2024-05-25T00:00:41.151+0000] {logging_mixin.py:188} INFO - [2024-05-25T00:00:41.151+0000] {dag.py:3096} INFO - Sync 1 DAGs
[2024-05-25T00:00:41.165+0000] {logging_mixin.py:188} INFO - [2024-05-25T00:00:41.165+0000] {dag.py:3954} INFO - Setting next_dagrun for example_complex to None, run_after=None
[2024-05-25T00:00:41.202+0000] {processor.py:183} INFO - Processing /home/airflow/.local/lib/python3.12/site-packages/airflow/example_dags/example_complex.py took 0.102 seconds
[2024-05-25T00:01:11.371+0000] {processor.py:161} INFO - Started process (PID=38734) to work on /home/airflow/.local/lib/python3.12/site-packages/airflow/example_dags/example_complex.py
[2024-05-25T00:01:11.373+0000] {processor.py:830} INFO - Processing file /home/airflow/.local/lib/python3.12/site-packages/airflow/example_dags/example_complex.py for tasks to queue
[2024-05-25T00:01:11.375+0000] {logging_mixin.py:188} INFO - [2024-05-25T00:01:11.375+0000] {dagbag.py:545} INFO - Filling up the DagBag from /home/airflow/.local/lib/python3.12/site-packages/airflow/example_dags/example_complex.py
[2024-05-25T00:01:11.385+0000] {processor.py:840} INFO - DAG(s) 'example_complex' retrieved from /home/airflow/.local/lib/python3.12/site-packages/airflow/example_dags/example_complex.py
[2024-05-25T00:01:11.422+0000] {logging_mixin.py:188} INFO - [2024-05-25T00:01:11.422+0000] {dag.py:3096} INFO - Sync 1 DAGs
[2024-05-25T00:01:11.438+0000] {logging_mixin.py:188} INFO - [2024-05-25T00:01:11.437+0000] {dag.py:3954} INFO - Setting next_dagrun for example_complex to None, run_after=None
[2024-05-25T00:01:11.466+0000] {processor.py:183} INFO - Processing /home/airflow/.local/lib/python3.12/site-packages/airflow/example_dags/example_complex.py took 0.099 seconds
[2024-05-25T00:01:42.471+0000] {processor.py:161} INFO - Started process (PID=38792) to work on /home/airflow/.local/lib/python3.12/site-packages/airflow/example_dags/example_complex.py
[2024-05-25T00:01:42.473+0000] {processor.py:830} INFO - Processing file /home/airflow/.local/lib/python3.12/site-packages/airflow/example_dags/example_complex.py for tasks to queue
[2024-05-25T00:01:42.484+0000] {logging_mixin.py:188} INFO - [2024-05-25T00:01:42.479+0000] {dagbag.py:545} INFO - Filling up the DagBag from /home/airflow/.local/lib/python3.12/site-packages/airflow/example_dags/example_complex.py
[2024-05-25T00:01:42.542+0000] {processor.py:840} INFO - DAG(s) 'example_complex' retrieved from /home/airflow/.local/lib/python3.12/site-packages/airflow/example_dags/example_complex.py
[2024-05-25T00:01:42.692+0000] {logging_mixin.py:188} INFO - [2024-05-25T00:01:42.692+0000] {dag.py:3096} INFO - Sync 1 DAGs
[2024-05-25T00:01:42.717+0000] {logging_mixin.py:188} INFO - [2024-05-25T00:01:42.717+0000] {dag.py:3954} INFO - Setting next_dagrun for example_complex to None, run_after=None
[2024-05-25T00:01:42.753+0000] {processor.py:183} INFO - Processing /home/airflow/.local/lib/python3.12/site-packages/airflow/example_dags/example_complex.py took 0.306 seconds
[2024-05-25T00:02:13.630+0000] {processor.py:161} INFO - Started process (PID=38850) to work on /home/airflow/.local/lib/python3.12/site-packages/airflow/example_dags/example_complex.py
[2024-05-25T00:02:13.632+0000] {processor.py:830} INFO - Processing file /home/airflow/.local/lib/python3.12/site-packages/airflow/example_dags/example_complex.py for tasks to queue
[2024-05-25T00:02:13.635+0000] {logging_mixin.py:188} INFO - [2024-05-25T00:02:13.635+0000] {dagbag.py:545} INFO - Filling up the DagBag from /home/airflow/.local/lib/python3.12/site-packages/airflow/example_dags/example_complex.py
[2024-05-25T00:02:13.648+0000] {processor.py:840} INFO - DAG(s) 'example_complex' retrieved from /home/airflow/.local/lib/python3.12/site-packages/airflow/example_dags/example_complex.py
[2024-05-25T00:02:13.694+0000] {logging_mixin.py:188} INFO - [2024-05-25T00:02:13.694+0000] {dag.py:3096} INFO - Sync 1 DAGs
[2024-05-25T00:02:13.716+0000] {logging_mixin.py:188} INFO - [2024-05-25T00:02:13.716+0000] {dag.py:3954} INFO - Setting next_dagrun for example_complex to None, run_after=None
[2024-05-25T00:02:13.748+0000] {processor.py:183} INFO - Processing /home/airflow/.local/lib/python3.12/site-packages/airflow/example_dags/example_complex.py took 0.125 seconds
[2024-05-25T00:02:43.964+0000] {processor.py:161} INFO - Started process (PID=38908) to work on /home/airflow/.local/lib/python3.12/site-packages/airflow/example_dags/example_complex.py
[2024-05-25T00:02:43.966+0000] {processor.py:830} INFO - Processing file /home/airflow/.local/lib/python3.12/site-packages/airflow/example_dags/example_complex.py for tasks to queue
[2024-05-25T00:02:43.970+0000] {logging_mixin.py:188} INFO - [2024-05-25T00:02:43.970+0000] {dagbag.py:545} INFO - Filling up the DagBag from /home/airflow/.local/lib/python3.12/site-packages/airflow/example_dags/example_complex.py
[2024-05-25T00:02:44.002+0000] {processor.py:840} INFO - DAG(s) 'example_complex' retrieved from /home/airflow/.local/lib/python3.12/site-packages/airflow/example_dags/example_complex.py
[2024-05-25T00:02:44.170+0000] {logging_mixin.py:188} INFO - [2024-05-25T00:02:44.169+0000] {dag.py:3096} INFO - Sync 1 DAGs
[2024-05-25T00:02:44.236+0000] {logging_mixin.py:188} INFO - [2024-05-25T00:02:44.235+0000] {dag.py:3954} INFO - Setting next_dagrun for example_complex to None, run_after=None
[2024-05-25T00:02:44.389+0000] {processor.py:183} INFO - Processing /home/airflow/.local/lib/python3.12/site-packages/airflow/example_dags/example_complex.py took 0.438 seconds
[2024-05-25T00:03:14.868+0000] {processor.py:161} INFO - Started process (PID=38970) to work on /home/airflow/.local/lib/python3.12/site-packages/airflow/example_dags/example_complex.py
[2024-05-25T00:03:14.870+0000] {processor.py:830} INFO - Processing file /home/airflow/.local/lib/python3.12/site-packages/airflow/example_dags/example_complex.py for tasks to queue
[2024-05-25T00:03:14.873+0000] {logging_mixin.py:188} INFO - [2024-05-25T00:03:14.873+0000] {dagbag.py:545} INFO - Filling up the DagBag from /home/airflow/.local/lib/python3.12/site-packages/airflow/example_dags/example_complex.py
[2024-05-25T00:03:14.885+0000] {processor.py:840} INFO - DAG(s) 'example_complex' retrieved from /home/airflow/.local/lib/python3.12/site-packages/airflow/example_dags/example_complex.py
[2024-05-25T00:03:14.922+0000] {logging_mixin.py:188} INFO - [2024-05-25T00:03:14.922+0000] {dag.py:3096} INFO - Sync 1 DAGs
[2024-05-25T00:03:14.938+0000] {logging_mixin.py:188} INFO - [2024-05-25T00:03:14.937+0000] {dag.py:3954} INFO - Setting next_dagrun for example_complex to None, run_after=None
[2024-05-25T00:03:14.965+0000] {processor.py:183} INFO - Processing /home/airflow/.local/lib/python3.12/site-packages/airflow/example_dags/example_complex.py took 0.104 seconds
[2024-05-25T00:03:45.466+0000] {processor.py:161} INFO - Started process (PID=39028) to work on /home/airflow/.local/lib/python3.12/site-packages/airflow/example_dags/example_complex.py
[2024-05-25T00:03:45.468+0000] {processor.py:830} INFO - Processing file /home/airflow/.local/lib/python3.12/site-packages/airflow/example_dags/example_complex.py for tasks to queue
[2024-05-25T00:03:45.471+0000] {logging_mixin.py:188} INFO - [2024-05-25T00:03:45.471+0000] {dagbag.py:545} INFO - Filling up the DagBag from /home/airflow/.local/lib/python3.12/site-packages/airflow/example_dags/example_complex.py
[2024-05-25T00:03:45.480+0000] {processor.py:840} INFO - DAG(s) 'example_complex' retrieved from /home/airflow/.local/lib/python3.12/site-packages/airflow/example_dags/example_complex.py
[2024-05-25T00:03:45.508+0000] {logging_mixin.py:188} INFO - [2024-05-25T00:03:45.508+0000] {dag.py:3096} INFO - Sync 1 DAGs
[2024-05-25T00:03:45.521+0000] {logging_mixin.py:188} INFO - [2024-05-25T00:03:45.520+0000] {dag.py:3954} INFO - Setting next_dagrun for example_complex to None, run_after=None
[2024-05-25T00:03:45.545+0000] {processor.py:183} INFO - Processing /home/airflow/.local/lib/python3.12/site-packages/airflow/example_dags/example_complex.py took 0.085 seconds
[2024-05-25T00:04:16.236+0000] {processor.py:161} INFO - Started process (PID=39086) to work on /home/airflow/.local/lib/python3.12/site-packages/airflow/example_dags/example_complex.py
[2024-05-25T00:04:16.253+0000] {processor.py:830} INFO - Processing file /home/airflow/.local/lib/python3.12/site-packages/airflow/example_dags/example_complex.py for tasks to queue
[2024-05-25T00:04:16.266+0000] {logging_mixin.py:188} INFO - [2024-05-25T00:04:16.261+0000] {dagbag.py:545} INFO - Filling up the DagBag from /home/airflow/.local/lib/python3.12/site-packages/airflow/example_dags/example_complex.py
[2024-05-25T00:04:16.311+0000] {processor.py:840} INFO - DAG(s) 'example_complex' retrieved from /home/airflow/.local/lib/python3.12/site-packages/airflow/example_dags/example_complex.py
[2024-05-25T00:04:16.423+0000] {logging_mixin.py:188} INFO - [2024-05-25T00:04:16.422+0000] {dag.py:3096} INFO - Sync 1 DAGs
[2024-05-25T00:04:16.440+0000] {logging_mixin.py:188} INFO - [2024-05-25T00:04:16.440+0000] {dag.py:3954} INFO - Setting next_dagrun for example_complex to None, run_after=None
[2024-05-25T00:04:16.467+0000] {processor.py:183} INFO - Processing /home/airflow/.local/lib/python3.12/site-packages/airflow/example_dags/example_complex.py took 0.320 seconds
[2024-05-25T00:04:47.518+0000] {processor.py:161} INFO - Started process (PID=39144) to work on /home/airflow/.local/lib/python3.12/site-packages/airflow/example_dags/example_complex.py
[2024-05-25T00:04:47.520+0000] {processor.py:830} INFO - Processing file /home/airflow/.local/lib/python3.12/site-packages/airflow/example_dags/example_complex.py for tasks to queue
[2024-05-25T00:04:47.523+0000] {logging_mixin.py:188} INFO - [2024-05-25T00:04:47.522+0000] {dagbag.py:545} INFO - Filling up the DagBag from /home/airflow/.local/lib/python3.12/site-packages/airflow/example_dags/example_complex.py
[2024-05-25T00:04:47.552+0000] {processor.py:840} INFO - DAG(s) 'example_complex' retrieved from /home/airflow/.local/lib/python3.12/site-packages/airflow/example_dags/example_complex.py
[2024-05-25T00:04:48.279+0000] {logging_mixin.py:188} INFO - [2024-05-25T00:04:48.271+0000] {dag.py:3096} INFO - Sync 1 DAGs
[2024-05-25T00:04:48.296+0000] {logging_mixin.py:188} INFO - [2024-05-25T00:04:48.296+0000] {dag.py:3954} INFO - Setting next_dagrun for example_complex to None, run_after=None
[2024-05-25T00:04:48.356+0000] {processor.py:183} INFO - Processing /home/airflow/.local/lib/python3.12/site-packages/airflow/example_dags/example_complex.py took 0.855 seconds
[2024-05-25T00:05:18.669+0000] {processor.py:161} INFO - Started process (PID=39202) to work on /home/airflow/.local/lib/python3.12/site-packages/airflow/example_dags/example_complex.py
[2024-05-25T00:05:18.670+0000] {processor.py:830} INFO - Processing file /home/airflow/.local/lib/python3.12/site-packages/airflow/example_dags/example_complex.py for tasks to queue
[2024-05-25T00:05:18.673+0000] {logging_mixin.py:188} INFO - [2024-05-25T00:05:18.673+0000] {dagbag.py:545} INFO - Filling up the DagBag from /home/airflow/.local/lib/python3.12/site-packages/airflow/example_dags/example_complex.py
[2024-05-25T00:05:18.687+0000] {processor.py:840} INFO - DAG(s) 'example_complex' retrieved from /home/airflow/.local/lib/python3.12/site-packages/airflow/example_dags/example_complex.py
[2024-05-25T00:05:18.717+0000] {logging_mixin.py:188} INFO - [2024-05-25T00:05:18.717+0000] {dag.py:3096} INFO - Sync 1 DAGs
[2024-05-25T00:05:18.730+0000] {logging_mixin.py:188} INFO - [2024-05-25T00:05:18.730+0000] {dag.py:3954} INFO - Setting next_dagrun for example_complex to None, run_after=None
[2024-05-25T00:05:18.758+0000] {processor.py:183} INFO - Processing /home/airflow/.local/lib/python3.12/site-packages/airflow/example_dags/example_complex.py took 0.095 seconds
[2024-05-25T00:05:48.978+0000] {processor.py:161} INFO - Started process (PID=39260) to work on /home/airflow/.local/lib/python3.12/site-packages/airflow/example_dags/example_complex.py
[2024-05-25T00:05:48.979+0000] {processor.py:830} INFO - Processing file /home/airflow/.local/lib/python3.12/site-packages/airflow/example_dags/example_complex.py for tasks to queue
[2024-05-25T00:05:48.982+0000] {logging_mixin.py:188} INFO - [2024-05-25T00:05:48.981+0000] {dagbag.py:545} INFO - Filling up the DagBag from /home/airflow/.local/lib/python3.12/site-packages/airflow/example_dags/example_complex.py
[2024-05-25T00:05:48.994+0000] {processor.py:840} INFO - DAG(s) 'example_complex' retrieved from /home/airflow/.local/lib/python3.12/site-packages/airflow/example_dags/example_complex.py
[2024-05-25T00:05:49.025+0000] {logging_mixin.py:188} INFO - [2024-05-25T00:05:49.025+0000] {dag.py:3096} INFO - Sync 1 DAGs
[2024-05-25T00:05:49.039+0000] {logging_mixin.py:188} INFO - [2024-05-25T00:05:49.039+0000] {dag.py:3954} INFO - Setting next_dagrun for example_complex to None, run_after=None
[2024-05-25T00:05:49.059+0000] {processor.py:183} INFO - Processing /home/airflow/.local/lib/python3.12/site-packages/airflow/example_dags/example_complex.py took 0.088 seconds
[2024-05-25T00:06:19.137+0000] {processor.py:161} INFO - Started process (PID=39318) to work on /home/airflow/.local/lib/python3.12/site-packages/airflow/example_dags/example_complex.py
[2024-05-25T00:06:19.142+0000] {processor.py:830} INFO - Processing file /home/airflow/.local/lib/python3.12/site-packages/airflow/example_dags/example_complex.py for tasks to queue
[2024-05-25T00:06:19.145+0000] {logging_mixin.py:188} INFO - [2024-05-25T00:06:19.144+0000] {dagbag.py:545} INFO - Filling up the DagBag from /home/airflow/.local/lib/python3.12/site-packages/airflow/example_dags/example_complex.py
[2024-05-25T00:06:19.156+0000] {processor.py:840} INFO - DAG(s) 'example_complex' retrieved from /home/airflow/.local/lib/python3.12/site-packages/airflow/example_dags/example_complex.py
[2024-05-25T00:06:19.217+0000] {logging_mixin.py:188} INFO - [2024-05-25T00:06:19.216+0000] {dag.py:3096} INFO - Sync 1 DAGs
[2024-05-25T00:06:19.234+0000] {logging_mixin.py:188} INFO - [2024-05-25T00:06:19.233+0000] {dag.py:3954} INFO - Setting next_dagrun for example_complex to None, run_after=None
[2024-05-25T00:06:19.260+0000] {processor.py:183} INFO - Processing /home/airflow/.local/lib/python3.12/site-packages/airflow/example_dags/example_complex.py took 0.132 seconds
[2024-05-25T00:06:49.819+0000] {processor.py:161} INFO - Started process (PID=39376) to work on /home/airflow/.local/lib/python3.12/site-packages/airflow/example_dags/example_complex.py
[2024-05-25T00:06:49.821+0000] {processor.py:830} INFO - Processing file /home/airflow/.local/lib/python3.12/site-packages/airflow/example_dags/example_complex.py for tasks to queue
[2024-05-25T00:06:49.823+0000] {logging_mixin.py:188} INFO - [2024-05-25T00:06:49.823+0000] {dagbag.py:545} INFO - Filling up the DagBag from /home/airflow/.local/lib/python3.12/site-packages/airflow/example_dags/example_complex.py
[2024-05-25T00:06:49.837+0000] {processor.py:840} INFO - DAG(s) 'example_complex' retrieved from /home/airflow/.local/lib/python3.12/site-packages/airflow/example_dags/example_complex.py
[2024-05-25T00:06:49.872+0000] {logging_mixin.py:188} INFO - [2024-05-25T00:06:49.872+0000] {dag.py:3096} INFO - Sync 1 DAGs
[2024-05-25T00:06:49.889+0000] {logging_mixin.py:188} INFO - [2024-05-25T00:06:49.889+0000] {dag.py:3954} INFO - Setting next_dagrun for example_complex to None, run_after=None
[2024-05-25T00:06:49.928+0000] {processor.py:183} INFO - Processing /home/airflow/.local/lib/python3.12/site-packages/airflow/example_dags/example_complex.py took 0.115 seconds
[2024-05-25T00:07:20.085+0000] {processor.py:161} INFO - Started process (PID=39434) to work on /home/airflow/.local/lib/python3.12/site-packages/airflow/example_dags/example_complex.py
[2024-05-25T00:07:20.086+0000] {processor.py:830} INFO - Processing file /home/airflow/.local/lib/python3.12/site-packages/airflow/example_dags/example_complex.py for tasks to queue
[2024-05-25T00:07:20.089+0000] {logging_mixin.py:188} INFO - [2024-05-25T00:07:20.088+0000] {dagbag.py:545} INFO - Filling up the DagBag from /home/airflow/.local/lib/python3.12/site-packages/airflow/example_dags/example_complex.py
[2024-05-25T00:07:20.101+0000] {processor.py:840} INFO - DAG(s) 'example_complex' retrieved from /home/airflow/.local/lib/python3.12/site-packages/airflow/example_dags/example_complex.py
[2024-05-25T00:07:20.131+0000] {logging_mixin.py:188} INFO - [2024-05-25T00:07:20.131+0000] {dag.py:3096} INFO - Sync 1 DAGs
[2024-05-25T00:07:20.144+0000] {logging_mixin.py:188} INFO - [2024-05-25T00:07:20.144+0000] {dag.py:3954} INFO - Setting next_dagrun for example_complex to None, run_after=None
[2024-05-25T00:07:20.165+0000] {processor.py:183} INFO - Processing /home/airflow/.local/lib/python3.12/site-packages/airflow/example_dags/example_complex.py took 0.085 seconds
[2024-05-25T00:07:50.392+0000] {processor.py:161} INFO - Started process (PID=39492) to work on /home/airflow/.local/lib/python3.12/site-packages/airflow/example_dags/example_complex.py
[2024-05-25T00:07:50.394+0000] {processor.py:830} INFO - Processing file /home/airflow/.local/lib/python3.12/site-packages/airflow/example_dags/example_complex.py for tasks to queue
[2024-05-25T00:07:50.398+0000] {logging_mixin.py:188} INFO - [2024-05-25T00:07:50.397+0000] {dagbag.py:545} INFO - Filling up the DagBag from /home/airflow/.local/lib/python3.12/site-packages/airflow/example_dags/example_complex.py
[2024-05-25T00:07:50.410+0000] {processor.py:840} INFO - DAG(s) 'example_complex' retrieved from /home/airflow/.local/lib/python3.12/site-packages/airflow/example_dags/example_complex.py
[2024-05-25T00:07:50.444+0000] {logging_mixin.py:188} INFO - [2024-05-25T00:07:50.444+0000] {dag.py:3096} INFO - Sync 1 DAGs
[2024-05-25T00:07:50.460+0000] {logging_mixin.py:188} INFO - [2024-05-25T00:07:50.459+0000] {dag.py:3954} INFO - Setting next_dagrun for example_complex to None, run_after=None
[2024-05-25T00:07:50.482+0000] {processor.py:183} INFO - Processing /home/airflow/.local/lib/python3.12/site-packages/airflow/example_dags/example_complex.py took 0.096 seconds
[2024-05-25T00:08:31.958+0000] {processor.py:161} INFO - Started process (PID=39537) to work on /home/airflow/.local/lib/python3.12/site-packages/airflow/example_dags/example_complex.py
[2024-05-25T00:08:31.960+0000] {processor.py:830} INFO - Processing file /home/airflow/.local/lib/python3.12/site-packages/airflow/example_dags/example_complex.py for tasks to queue
[2024-05-25T00:08:31.970+0000] {logging_mixin.py:188} INFO - [2024-05-25T00:08:31.966+0000] {dagbag.py:545} INFO - Filling up the DagBag from /home/airflow/.local/lib/python3.12/site-packages/airflow/example_dags/example_complex.py
[2024-05-25T00:08:32.009+0000] {processor.py:840} INFO - DAG(s) 'example_complex' retrieved from /home/airflow/.local/lib/python3.12/site-packages/airflow/example_dags/example_complex.py
[2024-05-25T00:08:32.473+0000] {logging_mixin.py:188} INFO - [2024-05-25T00:08:32.472+0000] {dag.py:3096} INFO - Sync 1 DAGs
[2024-05-25T00:08:32.489+0000] {logging_mixin.py:188} INFO - [2024-05-25T00:08:32.489+0000] {dag.py:3954} INFO - Setting next_dagrun for example_complex to None, run_after=None
[2024-05-25T00:08:32.529+0000] {processor.py:183} INFO - Processing /home/airflow/.local/lib/python3.12/site-packages/airflow/example_dags/example_complex.py took 0.592 seconds
[2024-05-25T00:09:03.109+0000] {processor.py:161} INFO - Started process (PID=39595) to work on /home/airflow/.local/lib/python3.12/site-packages/airflow/example_dags/example_complex.py
[2024-05-25T00:09:03.111+0000] {processor.py:830} INFO - Processing file /home/airflow/.local/lib/python3.12/site-packages/airflow/example_dags/example_complex.py for tasks to queue
[2024-05-25T00:09:03.113+0000] {logging_mixin.py:188} INFO - [2024-05-25T00:09:03.113+0000] {dagbag.py:545} INFO - Filling up the DagBag from /home/airflow/.local/lib/python3.12/site-packages/airflow/example_dags/example_complex.py
[2024-05-25T00:09:03.128+0000] {processor.py:840} INFO - DAG(s) 'example_complex' retrieved from /home/airflow/.local/lib/python3.12/site-packages/airflow/example_dags/example_complex.py
[2024-05-25T00:09:03.199+0000] {logging_mixin.py:188} INFO - [2024-05-25T00:09:03.199+0000] {dag.py:3096} INFO - Sync 1 DAGs
[2024-05-25T00:09:03.223+0000] {logging_mixin.py:188} INFO - [2024-05-25T00:09:03.222+0000] {dag.py:3954} INFO - Setting next_dagrun for example_complex to None, run_after=None
[2024-05-25T00:09:03.251+0000] {processor.py:183} INFO - Processing /home/airflow/.local/lib/python3.12/site-packages/airflow/example_dags/example_complex.py took 0.147 seconds
[2024-05-25T00:10:01.540+0000] {processor.py:161} INFO - Started process (PID=39650) to work on /home/airflow/.local/lib/python3.12/site-packages/airflow/example_dags/example_complex.py
[2024-05-25T00:10:01.542+0000] {processor.py:830} INFO - Processing file /home/airflow/.local/lib/python3.12/site-packages/airflow/example_dags/example_complex.py for tasks to queue
[2024-05-25T00:10:01.545+0000] {logging_mixin.py:188} INFO - [2024-05-25T00:10:01.545+0000] {dagbag.py:545} INFO - Filling up the DagBag from /home/airflow/.local/lib/python3.12/site-packages/airflow/example_dags/example_complex.py
[2024-05-25T00:10:01.557+0000] {processor.py:840} INFO - DAG(s) 'example_complex' retrieved from /home/airflow/.local/lib/python3.12/site-packages/airflow/example_dags/example_complex.py
[2024-05-25T00:10:01.623+0000] {logging_mixin.py:188} INFO - [2024-05-25T00:10:01.622+0000] {dag.py:3096} INFO - Sync 1 DAGs
[2024-05-25T00:10:01.637+0000] {logging_mixin.py:188} INFO - [2024-05-25T00:10:01.636+0000] {dag.py:3954} INFO - Setting next_dagrun for example_complex to None, run_after=None
[2024-05-25T00:10:01.666+0000] {processor.py:183} INFO - Processing /home/airflow/.local/lib/python3.12/site-packages/airflow/example_dags/example_complex.py took 0.133 seconds
[2024-05-25T00:10:33.005+0000] {processor.py:161} INFO - Started process (PID=39700) to work on /home/airflow/.local/lib/python3.12/site-packages/airflow/example_dags/example_complex.py
[2024-05-25T00:10:33.012+0000] {processor.py:830} INFO - Processing file /home/airflow/.local/lib/python3.12/site-packages/airflow/example_dags/example_complex.py for tasks to queue
[2024-05-25T00:10:33.018+0000] {logging_mixin.py:188} INFO - [2024-05-25T00:10:33.015+0000] {dagbag.py:545} INFO - Filling up the DagBag from /home/airflow/.local/lib/python3.12/site-packages/airflow/example_dags/example_complex.py
[2024-05-25T00:10:33.054+0000] {processor.py:840} INFO - DAG(s) 'example_complex' retrieved from /home/airflow/.local/lib/python3.12/site-packages/airflow/example_dags/example_complex.py
[2024-05-25T00:10:33.145+0000] {logging_mixin.py:188} INFO - [2024-05-25T00:10:33.144+0000] {dag.py:3096} INFO - Sync 1 DAGs
[2024-05-25T00:10:33.184+0000] {logging_mixin.py:188} INFO - [2024-05-25T00:10:33.183+0000] {dag.py:3954} INFO - Setting next_dagrun for example_complex to None, run_after=None
[2024-05-25T00:10:33.264+0000] {processor.py:183} INFO - Processing /home/airflow/.local/lib/python3.12/site-packages/airflow/example_dags/example_complex.py took 0.272 seconds
[2024-05-25T00:11:03.555+0000] {processor.py:161} INFO - Started process (PID=39755) to work on /home/airflow/.local/lib/python3.12/site-packages/airflow/example_dags/example_complex.py
[2024-05-25T00:11:03.556+0000] {processor.py:830} INFO - Processing file /home/airflow/.local/lib/python3.12/site-packages/airflow/example_dags/example_complex.py for tasks to queue
[2024-05-25T00:11:03.557+0000] {logging_mixin.py:188} INFO - [2024-05-25T00:11:03.557+0000] {dagbag.py:545} INFO - Filling up the DagBag from /home/airflow/.local/lib/python3.12/site-packages/airflow/example_dags/example_complex.py
[2024-05-25T00:11:03.569+0000] {processor.py:840} INFO - DAG(s) 'example_complex' retrieved from /home/airflow/.local/lib/python3.12/site-packages/airflow/example_dags/example_complex.py
[2024-05-25T00:11:03.600+0000] {logging_mixin.py:188} INFO - [2024-05-25T00:11:03.599+0000] {dag.py:3096} INFO - Sync 1 DAGs
[2024-05-25T00:11:03.612+0000] {logging_mixin.py:188} INFO - [2024-05-25T00:11:03.612+0000] {dag.py:3954} INFO - Setting next_dagrun for example_complex to None, run_after=None
[2024-05-25T00:11:03.632+0000] {processor.py:183} INFO - Processing /home/airflow/.local/lib/python3.12/site-packages/airflow/example_dags/example_complex.py took 0.083 seconds
[2024-05-25T00:11:33.803+0000] {processor.py:161} INFO - Started process (PID=39813) to work on /home/airflow/.local/lib/python3.12/site-packages/airflow/example_dags/example_complex.py
[2024-05-25T00:11:33.805+0000] {processor.py:830} INFO - Processing file /home/airflow/.local/lib/python3.12/site-packages/airflow/example_dags/example_complex.py for tasks to queue
[2024-05-25T00:11:33.806+0000] {logging_mixin.py:188} INFO - [2024-05-25T00:11:33.806+0000] {dagbag.py:545} INFO - Filling up the DagBag from /home/airflow/.local/lib/python3.12/site-packages/airflow/example_dags/example_complex.py
[2024-05-25T00:11:33.818+0000] {processor.py:840} INFO - DAG(s) 'example_complex' retrieved from /home/airflow/.local/lib/python3.12/site-packages/airflow/example_dags/example_complex.py
[2024-05-25T00:11:33.850+0000] {logging_mixin.py:188} INFO - [2024-05-25T00:11:33.849+0000] {dag.py:3096} INFO - Sync 1 DAGs
[2024-05-25T00:11:33.865+0000] {logging_mixin.py:188} INFO - [2024-05-25T00:11:33.865+0000] {dag.py:3954} INFO - Setting next_dagrun for example_complex to None, run_after=None
[2024-05-25T00:11:33.888+0000] {processor.py:183} INFO - Processing /home/airflow/.local/lib/python3.12/site-packages/airflow/example_dags/example_complex.py took 0.093 seconds
[2024-05-25T00:12:04.882+0000] {processor.py:161} INFO - Started process (PID=39871) to work on /home/airflow/.local/lib/python3.12/site-packages/airflow/example_dags/example_complex.py
[2024-05-25T00:12:04.885+0000] {processor.py:830} INFO - Processing file /home/airflow/.local/lib/python3.12/site-packages/airflow/example_dags/example_complex.py for tasks to queue
[2024-05-25T00:12:04.887+0000] {logging_mixin.py:188} INFO - [2024-05-25T00:12:04.886+0000] {dagbag.py:545} INFO - Filling up the DagBag from /home/airflow/.local/lib/python3.12/site-packages/airflow/example_dags/example_complex.py
[2024-05-25T00:12:04.900+0000] {processor.py:840} INFO - DAG(s) 'example_complex' retrieved from /home/airflow/.local/lib/python3.12/site-packages/airflow/example_dags/example_complex.py
[2024-05-25T00:12:04.945+0000] {logging_mixin.py:188} INFO - [2024-05-25T00:12:04.945+0000] {dag.py:3096} INFO - Sync 1 DAGs
[2024-05-25T00:12:04.964+0000] {logging_mixin.py:188} INFO - [2024-05-25T00:12:04.964+0000] {dag.py:3954} INFO - Setting next_dagrun for example_complex to None, run_after=None
[2024-05-25T00:12:04.996+0000] {processor.py:183} INFO - Processing /home/airflow/.local/lib/python3.12/site-packages/airflow/example_dags/example_complex.py took 0.125 seconds
[2024-05-25T00:12:46.260+0000] {processor.py:161} INFO - Started process (PID=39904) to work on /home/airflow/.local/lib/python3.12/site-packages/airflow/example_dags/example_complex.py
[2024-05-25T00:12:46.261+0000] {processor.py:830} INFO - Processing file /home/airflow/.local/lib/python3.12/site-packages/airflow/example_dags/example_complex.py for tasks to queue
[2024-05-25T00:12:46.263+0000] {logging_mixin.py:188} INFO - [2024-05-25T00:12:46.262+0000] {dagbag.py:545} INFO - Filling up the DagBag from /home/airflow/.local/lib/python3.12/site-packages/airflow/example_dags/example_complex.py
[2024-05-25T00:12:46.275+0000] {processor.py:840} INFO - DAG(s) 'example_complex' retrieved from /home/airflow/.local/lib/python3.12/site-packages/airflow/example_dags/example_complex.py
[2024-05-25T00:12:46.311+0000] {logging_mixin.py:188} INFO - [2024-05-25T00:12:46.311+0000] {dag.py:3096} INFO - Sync 1 DAGs
[2024-05-25T00:12:46.328+0000] {logging_mixin.py:188} INFO - [2024-05-25T00:12:46.327+0000] {dag.py:3954} INFO - Setting next_dagrun for example_complex to None, run_after=None
[2024-05-25T00:12:46.353+0000] {processor.py:183} INFO - Processing /home/airflow/.local/lib/python3.12/site-packages/airflow/example_dags/example_complex.py took 0.100 seconds
[2024-05-25T00:13:16.929+0000] {processor.py:161} INFO - Started process (PID=39959) to work on /home/airflow/.local/lib/python3.12/site-packages/airflow/example_dags/example_complex.py
[2024-05-25T00:13:16.932+0000] {processor.py:830} INFO - Processing file /home/airflow/.local/lib/python3.12/site-packages/airflow/example_dags/example_complex.py for tasks to queue
[2024-05-25T00:13:16.937+0000] {logging_mixin.py:188} INFO - [2024-05-25T00:13:16.935+0000] {dagbag.py:545} INFO - Filling up the DagBag from /home/airflow/.local/lib/python3.12/site-packages/airflow/example_dags/example_complex.py
[2024-05-25T00:13:16.958+0000] {processor.py:840} INFO - DAG(s) 'example_complex' retrieved from /home/airflow/.local/lib/python3.12/site-packages/airflow/example_dags/example_complex.py
[2024-05-25T00:13:17.040+0000] {logging_mixin.py:188} INFO - [2024-05-25T00:13:17.040+0000] {dag.py:3096} INFO - Sync 1 DAGs
[2024-05-25T00:13:17.075+0000] {logging_mixin.py:188} INFO - [2024-05-25T00:13:17.073+0000] {dag.py:3954} INFO - Setting next_dagrun for example_complex to None, run_after=None
[2024-05-25T00:13:17.140+0000] {processor.py:183} INFO - Processing /home/airflow/.local/lib/python3.12/site-packages/airflow/example_dags/example_complex.py took 0.223 seconds
[2024-05-25T00:14:16.126+0000] {processor.py:161} INFO - Started process (PID=40004) to work on /home/airflow/.local/lib/python3.12/site-packages/airflow/example_dags/example_complex.py
[2024-05-25T00:14:16.127+0000] {processor.py:830} INFO - Processing file /home/airflow/.local/lib/python3.12/site-packages/airflow/example_dags/example_complex.py for tasks to queue
[2024-05-25T00:14:16.128+0000] {logging_mixin.py:188} INFO - [2024-05-25T00:14:16.128+0000] {dagbag.py:545} INFO - Filling up the DagBag from /home/airflow/.local/lib/python3.12/site-packages/airflow/example_dags/example_complex.py
[2024-05-25T00:14:16.138+0000] {processor.py:840} INFO - DAG(s) 'example_complex' retrieved from /home/airflow/.local/lib/python3.12/site-packages/airflow/example_dags/example_complex.py
[2024-05-25T00:14:16.174+0000] {logging_mixin.py:188} INFO - [2024-05-25T00:14:16.173+0000] {dag.py:3096} INFO - Sync 1 DAGs
[2024-05-25T00:14:16.190+0000] {logging_mixin.py:188} INFO - [2024-05-25T00:14:16.190+0000] {dag.py:3954} INFO - Setting next_dagrun for example_complex to None, run_after=None
[2024-05-25T00:14:16.215+0000] {processor.py:183} INFO - Processing /home/airflow/.local/lib/python3.12/site-packages/airflow/example_dags/example_complex.py took 0.095 seconds
[2024-05-25T00:14:46.900+0000] {processor.py:161} INFO - Started process (PID=40061) to work on /home/airflow/.local/lib/python3.12/site-packages/airflow/example_dags/example_complex.py
[2024-05-25T00:14:46.901+0000] {processor.py:830} INFO - Processing file /home/airflow/.local/lib/python3.12/site-packages/airflow/example_dags/example_complex.py for tasks to queue
[2024-05-25T00:14:46.903+0000] {logging_mixin.py:188} INFO - [2024-05-25T00:14:46.902+0000] {dagbag.py:545} INFO - Filling up the DagBag from /home/airflow/.local/lib/python3.12/site-packages/airflow/example_dags/example_complex.py
[2024-05-25T00:14:46.915+0000] {processor.py:840} INFO - DAG(s) 'example_complex' retrieved from /home/airflow/.local/lib/python3.12/site-packages/airflow/example_dags/example_complex.py
[2024-05-25T00:14:46.950+0000] {logging_mixin.py:188} INFO - [2024-05-25T00:14:46.950+0000] {dag.py:3096} INFO - Sync 1 DAGs
[2024-05-25T00:14:46.970+0000] {logging_mixin.py:188} INFO - [2024-05-25T00:14:46.970+0000] {dag.py:3954} INFO - Setting next_dagrun for example_complex to None, run_after=None
[2024-05-25T00:14:46.997+0000] {processor.py:183} INFO - Processing /home/airflow/.local/lib/python3.12/site-packages/airflow/example_dags/example_complex.py took 0.106 seconds
[2024-05-25T00:15:20.108+0000] {processor.py:161} INFO - Started process (PID=40085) to work on /home/airflow/.local/lib/python3.12/site-packages/airflow/example_dags/example_complex.py
[2024-05-25T00:15:20.109+0000] {processor.py:830} INFO - Processing file /home/airflow/.local/lib/python3.12/site-packages/airflow/example_dags/example_complex.py for tasks to queue
[2024-05-25T00:15:20.110+0000] {logging_mixin.py:188} INFO - [2024-05-25T00:15:20.110+0000] {dagbag.py:545} INFO - Filling up the DagBag from /home/airflow/.local/lib/python3.12/site-packages/airflow/example_dags/example_complex.py
[2024-05-25T00:15:20.120+0000] {processor.py:840} INFO - DAG(s) 'example_complex' retrieved from /home/airflow/.local/lib/python3.12/site-packages/airflow/example_dags/example_complex.py
[2024-05-25T00:15:20.152+0000] {logging_mixin.py:188} INFO - [2024-05-25T00:15:20.152+0000] {dag.py:3096} INFO - Sync 1 DAGs
[2024-05-25T00:15:20.166+0000] {logging_mixin.py:188} INFO - [2024-05-25T00:15:20.166+0000] {dag.py:3954} INFO - Setting next_dagrun for example_complex to None, run_after=None
[2024-05-25T00:15:20.188+0000] {processor.py:183} INFO - Processing /home/airflow/.local/lib/python3.12/site-packages/airflow/example_dags/example_complex.py took 0.086 seconds
