[2024-05-25T00:00:05.589+0000] {processor.py:161} INFO - Started process (PID=38614) to work on /home/airflow/.local/lib/python3.12/site-packages/airflow/example_dags/example_external_task_marker_dag.py
[2024-05-25T00:00:05.591+0000] {processor.py:830} INFO - Processing file /home/airflow/.local/lib/python3.12/site-packages/airflow/example_dags/example_external_task_marker_dag.py for tasks to queue
[2024-05-25T00:00:05.595+0000] {logging_mixin.py:188} INFO - [2024-05-25T00:00:05.595+0000] {dagbag.py:545} INFO - Filling up the DagBag from /home/airflow/.local/lib/python3.12/site-packages/airflow/example_dags/example_external_task_marker_dag.py
[2024-05-25T00:00:05.606+0000] {processor.py:840} INFO - DAG(s) 'example_external_task_marker_child', 'example_external_task_marker_parent' retrieved from /home/airflow/.local/lib/python3.12/site-packages/airflow/example_dags/example_external_task_marker_dag.py
[2024-05-25T00:00:05.632+0000] {logging_mixin.py:188} INFO - [2024-05-25T00:00:05.631+0000] {dag.py:3096} INFO - Sync 2 DAGs
[2024-05-25T00:00:05.647+0000] {logging_mixin.py:188} INFO - [2024-05-25T00:00:05.646+0000] {dag.py:3954} INFO - Setting next_dagrun for example_external_task_marker_child to None, run_after=None
[2024-05-25T00:00:05.652+0000] {logging_mixin.py:188} INFO - [2024-05-25T00:00:05.652+0000] {dag.py:3954} INFO - Setting next_dagrun for example_external_task_marker_parent to None, run_after=None
[2024-05-25T00:00:05.676+0000] {processor.py:183} INFO - Processing /home/airflow/.local/lib/python3.12/site-packages/airflow/example_dags/example_external_task_marker_dag.py took 0.094 seconds
[2024-05-25T00:00:35.783+0000] {processor.py:161} INFO - Started process (PID=38672) to work on /home/airflow/.local/lib/python3.12/site-packages/airflow/example_dags/example_external_task_marker_dag.py
[2024-05-25T00:00:35.785+0000] {processor.py:830} INFO - Processing file /home/airflow/.local/lib/python3.12/site-packages/airflow/example_dags/example_external_task_marker_dag.py for tasks to queue
[2024-05-25T00:00:35.788+0000] {logging_mixin.py:188} INFO - [2024-05-25T00:00:35.788+0000] {dagbag.py:545} INFO - Filling up the DagBag from /home/airflow/.local/lib/python3.12/site-packages/airflow/example_dags/example_external_task_marker_dag.py
[2024-05-25T00:00:35.797+0000] {processor.py:840} INFO - DAG(s) 'example_external_task_marker_child', 'example_external_task_marker_parent' retrieved from /home/airflow/.local/lib/python3.12/site-packages/airflow/example_dags/example_external_task_marker_dag.py
[2024-05-25T00:00:35.831+0000] {logging_mixin.py:188} INFO - [2024-05-25T00:00:35.831+0000] {dag.py:3096} INFO - Sync 2 DAGs
[2024-05-25T00:00:35.850+0000] {logging_mixin.py:188} INFO - [2024-05-25T00:00:35.850+0000] {dag.py:3954} INFO - Setting next_dagrun for example_external_task_marker_child to None, run_after=None
[2024-05-25T00:00:35.856+0000] {logging_mixin.py:188} INFO - [2024-05-25T00:00:35.855+0000] {dag.py:3954} INFO - Setting next_dagrun for example_external_task_marker_parent to None, run_after=None
[2024-05-25T00:00:35.891+0000] {processor.py:183} INFO - Processing /home/airflow/.local/lib/python3.12/site-packages/airflow/example_dags/example_external_task_marker_dag.py took 0.117 seconds
[2024-05-25T00:01:06.019+0000] {processor.py:161} INFO - Started process (PID=38730) to work on /home/airflow/.local/lib/python3.12/site-packages/airflow/example_dags/example_external_task_marker_dag.py
[2024-05-25T00:01:06.021+0000] {processor.py:830} INFO - Processing file /home/airflow/.local/lib/python3.12/site-packages/airflow/example_dags/example_external_task_marker_dag.py for tasks to queue
[2024-05-25T00:01:06.024+0000] {logging_mixin.py:188} INFO - [2024-05-25T00:01:06.024+0000] {dagbag.py:545} INFO - Filling up the DagBag from /home/airflow/.local/lib/python3.12/site-packages/airflow/example_dags/example_external_task_marker_dag.py
[2024-05-25T00:01:06.030+0000] {processor.py:840} INFO - DAG(s) 'example_external_task_marker_parent', 'example_external_task_marker_child' retrieved from /home/airflow/.local/lib/python3.12/site-packages/airflow/example_dags/example_external_task_marker_dag.py
[2024-05-25T00:01:06.059+0000] {logging_mixin.py:188} INFO - [2024-05-25T00:01:06.059+0000] {dag.py:3096} INFO - Sync 2 DAGs
[2024-05-25T00:01:06.074+0000] {logging_mixin.py:188} INFO - [2024-05-25T00:01:06.073+0000] {dag.py:3954} INFO - Setting next_dagrun for example_external_task_marker_child to None, run_after=None
[2024-05-25T00:01:06.079+0000] {logging_mixin.py:188} INFO - [2024-05-25T00:01:06.079+0000] {dag.py:3954} INFO - Setting next_dagrun for example_external_task_marker_parent to None, run_after=None
[2024-05-25T00:01:06.105+0000] {processor.py:183} INFO - Processing /home/airflow/.local/lib/python3.12/site-packages/airflow/example_dags/example_external_task_marker_dag.py took 0.093 seconds
[2024-05-25T00:01:36.940+0000] {processor.py:161} INFO - Started process (PID=38788) to work on /home/airflow/.local/lib/python3.12/site-packages/airflow/example_dags/example_external_task_marker_dag.py
[2024-05-25T00:01:36.941+0000] {processor.py:830} INFO - Processing file /home/airflow/.local/lib/python3.12/site-packages/airflow/example_dags/example_external_task_marker_dag.py for tasks to queue
[2024-05-25T00:01:36.944+0000] {logging_mixin.py:188} INFO - [2024-05-25T00:01:36.943+0000] {dagbag.py:545} INFO - Filling up the DagBag from /home/airflow/.local/lib/python3.12/site-packages/airflow/example_dags/example_external_task_marker_dag.py
[2024-05-25T00:01:36.949+0000] {processor.py:840} INFO - DAG(s) 'example_external_task_marker_child', 'example_external_task_marker_parent' retrieved from /home/airflow/.local/lib/python3.12/site-packages/airflow/example_dags/example_external_task_marker_dag.py
[2024-05-25T00:01:36.973+0000] {logging_mixin.py:188} INFO - [2024-05-25T00:01:36.973+0000] {dag.py:3096} INFO - Sync 2 DAGs
[2024-05-25T00:01:36.984+0000] {logging_mixin.py:188} INFO - [2024-05-25T00:01:36.984+0000] {dag.py:3954} INFO - Setting next_dagrun for example_external_task_marker_child to None, run_after=None
[2024-05-25T00:01:36.988+0000] {logging_mixin.py:188} INFO - [2024-05-25T00:01:36.988+0000] {dag.py:3954} INFO - Setting next_dagrun for example_external_task_marker_parent to None, run_after=None
[2024-05-25T00:01:37.011+0000] {processor.py:183} INFO - Processing /home/airflow/.local/lib/python3.12/site-packages/airflow/example_dags/example_external_task_marker_dag.py took 0.077 seconds
[2024-05-25T00:02:07.116+0000] {processor.py:161} INFO - Started process (PID=38846) to work on /home/airflow/.local/lib/python3.12/site-packages/airflow/example_dags/example_external_task_marker_dag.py
[2024-05-25T00:02:07.118+0000] {processor.py:830} INFO - Processing file /home/airflow/.local/lib/python3.12/site-packages/airflow/example_dags/example_external_task_marker_dag.py for tasks to queue
[2024-05-25T00:02:07.120+0000] {logging_mixin.py:188} INFO - [2024-05-25T00:02:07.120+0000] {dagbag.py:545} INFO - Filling up the DagBag from /home/airflow/.local/lib/python3.12/site-packages/airflow/example_dags/example_external_task_marker_dag.py
[2024-05-25T00:02:07.128+0000] {processor.py:840} INFO - DAG(s) 'example_external_task_marker_parent', 'example_external_task_marker_child' retrieved from /home/airflow/.local/lib/python3.12/site-packages/airflow/example_dags/example_external_task_marker_dag.py
[2024-05-25T00:02:07.155+0000] {logging_mixin.py:188} INFO - [2024-05-25T00:02:07.154+0000] {dag.py:3096} INFO - Sync 2 DAGs
[2024-05-25T00:02:07.169+0000] {logging_mixin.py:188} INFO - [2024-05-25T00:02:07.168+0000] {dag.py:3954} INFO - Setting next_dagrun for example_external_task_marker_child to None, run_after=None
[2024-05-25T00:02:07.177+0000] {logging_mixin.py:188} INFO - [2024-05-25T00:02:07.176+0000] {dag.py:3954} INFO - Setting next_dagrun for example_external_task_marker_parent to None, run_after=None
[2024-05-25T00:02:07.207+0000] {processor.py:183} INFO - Processing /home/airflow/.local/lib/python3.12/site-packages/airflow/example_dags/example_external_task_marker_dag.py took 0.095 seconds
[2024-05-25T00:02:37.660+0000] {processor.py:161} INFO - Started process (PID=38904) to work on /home/airflow/.local/lib/python3.12/site-packages/airflow/example_dags/example_external_task_marker_dag.py
[2024-05-25T00:02:37.662+0000] {processor.py:830} INFO - Processing file /home/airflow/.local/lib/python3.12/site-packages/airflow/example_dags/example_external_task_marker_dag.py for tasks to queue
[2024-05-25T00:02:37.665+0000] {logging_mixin.py:188} INFO - [2024-05-25T00:02:37.665+0000] {dagbag.py:545} INFO - Filling up the DagBag from /home/airflow/.local/lib/python3.12/site-packages/airflow/example_dags/example_external_task_marker_dag.py
[2024-05-25T00:02:37.671+0000] {processor.py:840} INFO - DAG(s) 'example_external_task_marker_child', 'example_external_task_marker_parent' retrieved from /home/airflow/.local/lib/python3.12/site-packages/airflow/example_dags/example_external_task_marker_dag.py
[2024-05-25T00:02:37.697+0000] {logging_mixin.py:188} INFO - [2024-05-25T00:02:37.696+0000] {dag.py:3096} INFO - Sync 2 DAGs
[2024-05-25T00:02:37.718+0000] {logging_mixin.py:188} INFO - [2024-05-25T00:02:37.717+0000] {dag.py:3954} INFO - Setting next_dagrun for example_external_task_marker_child to None, run_after=None
[2024-05-25T00:02:37.722+0000] {logging_mixin.py:188} INFO - [2024-05-25T00:02:37.722+0000] {dag.py:3954} INFO - Setting next_dagrun for example_external_task_marker_parent to None, run_after=None
[2024-05-25T00:02:37.743+0000] {processor.py:183} INFO - Processing /home/airflow/.local/lib/python3.12/site-packages/airflow/example_dags/example_external_task_marker_dag.py took 0.088 seconds
[2024-05-25T00:03:08.344+0000] {processor.py:161} INFO - Started process (PID=38966) to work on /home/airflow/.local/lib/python3.12/site-packages/airflow/example_dags/example_external_task_marker_dag.py
[2024-05-25T00:03:08.390+0000] {processor.py:830} INFO - Processing file /home/airflow/.local/lib/python3.12/site-packages/airflow/example_dags/example_external_task_marker_dag.py for tasks to queue
[2024-05-25T00:03:08.396+0000] {logging_mixin.py:188} INFO - [2024-05-25T00:03:08.393+0000] {dagbag.py:545} INFO - Filling up the DagBag from /home/airflow/.local/lib/python3.12/site-packages/airflow/example_dags/example_external_task_marker_dag.py
[2024-05-25T00:03:08.501+0000] {processor.py:840} INFO - DAG(s) 'example_external_task_marker_parent', 'example_external_task_marker_child' retrieved from /home/airflow/.local/lib/python3.12/site-packages/airflow/example_dags/example_external_task_marker_dag.py
[2024-05-25T00:03:08.673+0000] {logging_mixin.py:188} INFO - [2024-05-25T00:03:08.672+0000] {dag.py:3096} INFO - Sync 2 DAGs
[2024-05-25T00:03:08.926+0000] {logging_mixin.py:188} INFO - [2024-05-25T00:03:08.926+0000] {dag.py:3954} INFO - Setting next_dagrun for example_external_task_marker_child to None, run_after=None
[2024-05-25T00:03:08.938+0000] {logging_mixin.py:188} INFO - [2024-05-25T00:03:08.937+0000] {dag.py:3954} INFO - Setting next_dagrun for example_external_task_marker_parent to None, run_after=None
[2024-05-25T00:03:09.071+0000] {processor.py:183} INFO - Processing /home/airflow/.local/lib/python3.12/site-packages/airflow/example_dags/example_external_task_marker_dag.py took 0.926 seconds
[2024-05-25T00:03:39.142+0000] {processor.py:161} INFO - Started process (PID=39024) to work on /home/airflow/.local/lib/python3.12/site-packages/airflow/example_dags/example_external_task_marker_dag.py
[2024-05-25T00:03:39.144+0000] {processor.py:830} INFO - Processing file /home/airflow/.local/lib/python3.12/site-packages/airflow/example_dags/example_external_task_marker_dag.py for tasks to queue
[2024-05-25T00:03:39.146+0000] {logging_mixin.py:188} INFO - [2024-05-25T00:03:39.146+0000] {dagbag.py:545} INFO - Filling up the DagBag from /home/airflow/.local/lib/python3.12/site-packages/airflow/example_dags/example_external_task_marker_dag.py
[2024-05-25T00:03:39.152+0000] {processor.py:840} INFO - DAG(s) 'example_external_task_marker_parent', 'example_external_task_marker_child' retrieved from /home/airflow/.local/lib/python3.12/site-packages/airflow/example_dags/example_external_task_marker_dag.py
[2024-05-25T00:03:39.183+0000] {logging_mixin.py:188} INFO - [2024-05-25T00:03:39.183+0000] {dag.py:3096} INFO - Sync 2 DAGs
[2024-05-25T00:03:39.211+0000] {logging_mixin.py:188} INFO - [2024-05-25T00:03:39.211+0000] {dag.py:3954} INFO - Setting next_dagrun for example_external_task_marker_child to None, run_after=None
[2024-05-25T00:03:39.215+0000] {logging_mixin.py:188} INFO - [2024-05-25T00:03:39.215+0000] {dag.py:3954} INFO - Setting next_dagrun for example_external_task_marker_parent to None, run_after=None
[2024-05-25T00:03:39.235+0000] {processor.py:183} INFO - Processing /home/airflow/.local/lib/python3.12/site-packages/airflow/example_dags/example_external_task_marker_dag.py took 0.098 seconds
[2024-05-25T00:04:09.590+0000] {processor.py:161} INFO - Started process (PID=39082) to work on /home/airflow/.local/lib/python3.12/site-packages/airflow/example_dags/example_external_task_marker_dag.py
[2024-05-25T00:04:09.592+0000] {processor.py:830} INFO - Processing file /home/airflow/.local/lib/python3.12/site-packages/airflow/example_dags/example_external_task_marker_dag.py for tasks to queue
[2024-05-25T00:04:09.599+0000] {logging_mixin.py:188} INFO - [2024-05-25T00:04:09.598+0000] {dagbag.py:545} INFO - Filling up the DagBag from /home/airflow/.local/lib/python3.12/site-packages/airflow/example_dags/example_external_task_marker_dag.py
[2024-05-25T00:04:09.610+0000] {processor.py:840} INFO - DAG(s) 'example_external_task_marker_child', 'example_external_task_marker_parent' retrieved from /home/airflow/.local/lib/python3.12/site-packages/airflow/example_dags/example_external_task_marker_dag.py
[2024-05-25T00:04:09.635+0000] {logging_mixin.py:188} INFO - [2024-05-25T00:04:09.635+0000] {dag.py:3096} INFO - Sync 2 DAGs
[2024-05-25T00:04:09.650+0000] {logging_mixin.py:188} INFO - [2024-05-25T00:04:09.650+0000] {dag.py:3954} INFO - Setting next_dagrun for example_external_task_marker_child to None, run_after=None
[2024-05-25T00:04:09.655+0000] {logging_mixin.py:188} INFO - [2024-05-25T00:04:09.654+0000] {dag.py:3954} INFO - Setting next_dagrun for example_external_task_marker_parent to None, run_after=None
[2024-05-25T00:04:09.673+0000] {processor.py:183} INFO - Processing /home/airflow/.local/lib/python3.12/site-packages/airflow/example_dags/example_external_task_marker_dag.py took 0.100 seconds
[2024-05-25T00:04:39.771+0000] {processor.py:161} INFO - Started process (PID=39140) to work on /home/airflow/.local/lib/python3.12/site-packages/airflow/example_dags/example_external_task_marker_dag.py
[2024-05-25T00:04:39.774+0000] {processor.py:830} INFO - Processing file /home/airflow/.local/lib/python3.12/site-packages/airflow/example_dags/example_external_task_marker_dag.py for tasks to queue
[2024-05-25T00:04:39.779+0000] {logging_mixin.py:188} INFO - [2024-05-25T00:04:39.777+0000] {dagbag.py:545} INFO - Filling up the DagBag from /home/airflow/.local/lib/python3.12/site-packages/airflow/example_dags/example_external_task_marker_dag.py
[2024-05-25T00:04:39.797+0000] {processor.py:840} INFO - DAG(s) 'example_external_task_marker_parent', 'example_external_task_marker_child' retrieved from /home/airflow/.local/lib/python3.12/site-packages/airflow/example_dags/example_external_task_marker_dag.py
[2024-05-25T00:04:39.962+0000] {logging_mixin.py:188} INFO - [2024-05-25T00:04:39.961+0000] {dag.py:3096} INFO - Sync 2 DAGs
[2024-05-25T00:04:39.980+0000] {logging_mixin.py:188} INFO - [2024-05-25T00:04:39.979+0000] {dag.py:3954} INFO - Setting next_dagrun for example_external_task_marker_child to None, run_after=None
[2024-05-25T00:04:39.986+0000] {logging_mixin.py:188} INFO - [2024-05-25T00:04:39.986+0000] {dag.py:3954} INFO - Setting next_dagrun for example_external_task_marker_parent to None, run_after=None
[2024-05-25T00:04:40.008+0000] {processor.py:183} INFO - Processing /home/airflow/.local/lib/python3.12/site-packages/airflow/example_dags/example_external_task_marker_dag.py took 0.257 seconds
[2024-05-25T00:05:10.118+0000] {processor.py:161} INFO - Started process (PID=39198) to work on /home/airflow/.local/lib/python3.12/site-packages/airflow/example_dags/example_external_task_marker_dag.py
[2024-05-25T00:05:10.119+0000] {processor.py:830} INFO - Processing file /home/airflow/.local/lib/python3.12/site-packages/airflow/example_dags/example_external_task_marker_dag.py for tasks to queue
[2024-05-25T00:05:10.123+0000] {logging_mixin.py:188} INFO - [2024-05-25T00:05:10.121+0000] {dagbag.py:545} INFO - Filling up the DagBag from /home/airflow/.local/lib/python3.12/site-packages/airflow/example_dags/example_external_task_marker_dag.py
[2024-05-25T00:05:10.132+0000] {processor.py:840} INFO - DAG(s) 'example_external_task_marker_parent', 'example_external_task_marker_child' retrieved from /home/airflow/.local/lib/python3.12/site-packages/airflow/example_dags/example_external_task_marker_dag.py
[2024-05-25T00:05:10.177+0000] {logging_mixin.py:188} INFO - [2024-05-25T00:05:10.177+0000] {dag.py:3096} INFO - Sync 2 DAGs
[2024-05-25T00:05:10.194+0000] {logging_mixin.py:188} INFO - [2024-05-25T00:05:10.194+0000] {dag.py:3954} INFO - Setting next_dagrun for example_external_task_marker_child to None, run_after=None
[2024-05-25T00:05:10.198+0000] {logging_mixin.py:188} INFO - [2024-05-25T00:05:10.198+0000] {dag.py:3954} INFO - Setting next_dagrun for example_external_task_marker_parent to None, run_after=None
[2024-05-25T00:05:10.226+0000] {processor.py:183} INFO - Processing /home/airflow/.local/lib/python3.12/site-packages/airflow/example_dags/example_external_task_marker_dag.py took 0.114 seconds
[2024-05-25T00:05:40.582+0000] {processor.py:161} INFO - Started process (PID=39256) to work on /home/airflow/.local/lib/python3.12/site-packages/airflow/example_dags/example_external_task_marker_dag.py
[2024-05-25T00:05:40.583+0000] {processor.py:830} INFO - Processing file /home/airflow/.local/lib/python3.12/site-packages/airflow/example_dags/example_external_task_marker_dag.py for tasks to queue
[2024-05-25T00:05:40.585+0000] {logging_mixin.py:188} INFO - [2024-05-25T00:05:40.585+0000] {dagbag.py:545} INFO - Filling up the DagBag from /home/airflow/.local/lib/python3.12/site-packages/airflow/example_dags/example_external_task_marker_dag.py
[2024-05-25T00:05:40.591+0000] {processor.py:840} INFO - DAG(s) 'example_external_task_marker_child', 'example_external_task_marker_parent' retrieved from /home/airflow/.local/lib/python3.12/site-packages/airflow/example_dags/example_external_task_marker_dag.py
[2024-05-25T00:05:40.612+0000] {logging_mixin.py:188} INFO - [2024-05-25T00:05:40.612+0000] {dag.py:3096} INFO - Sync 2 DAGs
[2024-05-25T00:05:40.625+0000] {logging_mixin.py:188} INFO - [2024-05-25T00:05:40.625+0000] {dag.py:3954} INFO - Setting next_dagrun for example_external_task_marker_child to None, run_after=None
[2024-05-25T00:05:40.630+0000] {logging_mixin.py:188} INFO - [2024-05-25T00:05:40.630+0000] {dag.py:3954} INFO - Setting next_dagrun for example_external_task_marker_parent to None, run_after=None
[2024-05-25T00:05:40.655+0000] {processor.py:183} INFO - Processing /home/airflow/.local/lib/python3.12/site-packages/airflow/example_dags/example_external_task_marker_dag.py took 0.079 seconds
[2024-05-25T00:06:10.859+0000] {processor.py:161} INFO - Started process (PID=39314) to work on /home/airflow/.local/lib/python3.12/site-packages/airflow/example_dags/example_external_task_marker_dag.py
[2024-05-25T00:06:10.861+0000] {processor.py:830} INFO - Processing file /home/airflow/.local/lib/python3.12/site-packages/airflow/example_dags/example_external_task_marker_dag.py for tasks to queue
[2024-05-25T00:06:10.863+0000] {logging_mixin.py:188} INFO - [2024-05-25T00:06:10.863+0000] {dagbag.py:545} INFO - Filling up the DagBag from /home/airflow/.local/lib/python3.12/site-packages/airflow/example_dags/example_external_task_marker_dag.py
[2024-05-25T00:06:10.870+0000] {processor.py:840} INFO - DAG(s) 'example_external_task_marker_parent', 'example_external_task_marker_child' retrieved from /home/airflow/.local/lib/python3.12/site-packages/airflow/example_dags/example_external_task_marker_dag.py
[2024-05-25T00:06:10.892+0000] {logging_mixin.py:188} INFO - [2024-05-25T00:06:10.892+0000] {dag.py:3096} INFO - Sync 2 DAGs
[2024-05-25T00:06:10.904+0000] {logging_mixin.py:188} INFO - [2024-05-25T00:06:10.904+0000] {dag.py:3954} INFO - Setting next_dagrun for example_external_task_marker_child to None, run_after=None
[2024-05-25T00:06:10.908+0000] {logging_mixin.py:188} INFO - [2024-05-25T00:06:10.908+0000] {dag.py:3954} INFO - Setting next_dagrun for example_external_task_marker_parent to None, run_after=None
[2024-05-25T00:06:10.926+0000] {processor.py:183} INFO - Processing /home/airflow/.local/lib/python3.12/site-packages/airflow/example_dags/example_external_task_marker_dag.py took 0.072 seconds
[2024-05-25T00:06:41.439+0000] {processor.py:161} INFO - Started process (PID=39372) to work on /home/airflow/.local/lib/python3.12/site-packages/airflow/example_dags/example_external_task_marker_dag.py
[2024-05-25T00:06:41.440+0000] {processor.py:830} INFO - Processing file /home/airflow/.local/lib/python3.12/site-packages/airflow/example_dags/example_external_task_marker_dag.py for tasks to queue
[2024-05-25T00:06:41.442+0000] {logging_mixin.py:188} INFO - [2024-05-25T00:06:41.442+0000] {dagbag.py:545} INFO - Filling up the DagBag from /home/airflow/.local/lib/python3.12/site-packages/airflow/example_dags/example_external_task_marker_dag.py
[2024-05-25T00:06:41.449+0000] {processor.py:840} INFO - DAG(s) 'example_external_task_marker_child', 'example_external_task_marker_parent' retrieved from /home/airflow/.local/lib/python3.12/site-packages/airflow/example_dags/example_external_task_marker_dag.py
[2024-05-25T00:06:41.476+0000] {logging_mixin.py:188} INFO - [2024-05-25T00:06:41.476+0000] {dag.py:3096} INFO - Sync 2 DAGs
[2024-05-25T00:06:41.490+0000] {logging_mixin.py:188} INFO - [2024-05-25T00:06:41.490+0000] {dag.py:3954} INFO - Setting next_dagrun for example_external_task_marker_child to None, run_after=None
[2024-05-25T00:06:41.494+0000] {logging_mixin.py:188} INFO - [2024-05-25T00:06:41.494+0000] {dag.py:3954} INFO - Setting next_dagrun for example_external_task_marker_parent to None, run_after=None
[2024-05-25T00:06:41.515+0000] {processor.py:183} INFO - Processing /home/airflow/.local/lib/python3.12/site-packages/airflow/example_dags/example_external_task_marker_dag.py took 0.083 seconds
[2024-05-25T00:07:11.603+0000] {processor.py:161} INFO - Started process (PID=39430) to work on /home/airflow/.local/lib/python3.12/site-packages/airflow/example_dags/example_external_task_marker_dag.py
[2024-05-25T00:07:11.608+0000] {processor.py:830} INFO - Processing file /home/airflow/.local/lib/python3.12/site-packages/airflow/example_dags/example_external_task_marker_dag.py for tasks to queue
[2024-05-25T00:07:11.611+0000] {logging_mixin.py:188} INFO - [2024-05-25T00:07:11.610+0000] {dagbag.py:545} INFO - Filling up the DagBag from /home/airflow/.local/lib/python3.12/site-packages/airflow/example_dags/example_external_task_marker_dag.py
[2024-05-25T00:07:11.617+0000] {processor.py:840} INFO - DAG(s) 'example_external_task_marker_child', 'example_external_task_marker_parent' retrieved from /home/airflow/.local/lib/python3.12/site-packages/airflow/example_dags/example_external_task_marker_dag.py
[2024-05-25T00:07:11.644+0000] {logging_mixin.py:188} INFO - [2024-05-25T00:07:11.644+0000] {dag.py:3096} INFO - Sync 2 DAGs
[2024-05-25T00:07:11.655+0000] {logging_mixin.py:188} INFO - [2024-05-25T00:07:11.655+0000] {dag.py:3954} INFO - Setting next_dagrun for example_external_task_marker_child to None, run_after=None
[2024-05-25T00:07:11.659+0000] {logging_mixin.py:188} INFO - [2024-05-25T00:07:11.659+0000] {dag.py:3954} INFO - Setting next_dagrun for example_external_task_marker_parent to None, run_after=None
[2024-05-25T00:07:11.680+0000] {processor.py:183} INFO - Processing /home/airflow/.local/lib/python3.12/site-packages/airflow/example_dags/example_external_task_marker_dag.py took 0.083 seconds
[2024-05-25T00:07:42.163+0000] {processor.py:161} INFO - Started process (PID=39486) to work on /home/airflow/.local/lib/python3.12/site-packages/airflow/example_dags/example_external_task_marker_dag.py
[2024-05-25T00:07:42.164+0000] {processor.py:830} INFO - Processing file /home/airflow/.local/lib/python3.12/site-packages/airflow/example_dags/example_external_task_marker_dag.py for tasks to queue
[2024-05-25T00:07:42.166+0000] {logging_mixin.py:188} INFO - [2024-05-25T00:07:42.166+0000] {dagbag.py:545} INFO - Filling up the DagBag from /home/airflow/.local/lib/python3.12/site-packages/airflow/example_dags/example_external_task_marker_dag.py
[2024-05-25T00:07:42.174+0000] {processor.py:840} INFO - DAG(s) 'example_external_task_marker_child', 'example_external_task_marker_parent' retrieved from /home/airflow/.local/lib/python3.12/site-packages/airflow/example_dags/example_external_task_marker_dag.py
[2024-05-25T00:07:42.205+0000] {logging_mixin.py:188} INFO - [2024-05-25T00:07:42.205+0000] {dag.py:3096} INFO - Sync 2 DAGs
[2024-05-25T00:07:42.217+0000] {logging_mixin.py:188} INFO - [2024-05-25T00:07:42.217+0000] {dag.py:3954} INFO - Setting next_dagrun for example_external_task_marker_child to None, run_after=None
[2024-05-25T00:07:42.221+0000] {logging_mixin.py:188} INFO - [2024-05-25T00:07:42.221+0000] {dag.py:3954} INFO - Setting next_dagrun for example_external_task_marker_parent to None, run_after=None
[2024-05-25T00:07:42.240+0000] {processor.py:183} INFO - Processing /home/airflow/.local/lib/python3.12/site-packages/airflow/example_dags/example_external_task_marker_dag.py took 0.082 seconds
[2024-05-25T00:08:37.886+0000] {processor.py:161} INFO - Started process (PID=39560) to work on /home/airflow/.local/lib/python3.12/site-packages/airflow/example_dags/example_external_task_marker_dag.py
[2024-05-25T00:08:37.893+0000] {processor.py:830} INFO - Processing file /home/airflow/.local/lib/python3.12/site-packages/airflow/example_dags/example_external_task_marker_dag.py for tasks to queue
[2024-05-25T00:08:37.908+0000] {logging_mixin.py:188} INFO - [2024-05-25T00:08:37.907+0000] {dagbag.py:545} INFO - Filling up the DagBag from /home/airflow/.local/lib/python3.12/site-packages/airflow/example_dags/example_external_task_marker_dag.py
[2024-05-25T00:08:37.943+0000] {processor.py:840} INFO - DAG(s) 'example_external_task_marker_parent', 'example_external_task_marker_child' retrieved from /home/airflow/.local/lib/python3.12/site-packages/airflow/example_dags/example_external_task_marker_dag.py
[2024-05-25T00:08:38.131+0000] {logging_mixin.py:188} INFO - [2024-05-25T00:08:38.129+0000] {dag.py:3096} INFO - Sync 2 DAGs
[2024-05-25T00:08:38.293+0000] {logging_mixin.py:188} INFO - [2024-05-25T00:08:38.288+0000] {dag.py:3954} INFO - Setting next_dagrun for example_external_task_marker_child to None, run_after=None
[2024-05-25T00:08:38.341+0000] {logging_mixin.py:188} INFO - [2024-05-25T00:08:38.337+0000] {dag.py:3954} INFO - Setting next_dagrun for example_external_task_marker_parent to None, run_after=None
[2024-05-25T00:08:38.523+0000] {processor.py:183} INFO - Processing /home/airflow/.local/lib/python3.12/site-packages/airflow/example_dags/example_external_task_marker_dag.py took 0.682 seconds
[2024-05-25T00:09:59.643+0000] {processor.py:161} INFO - Started process (PID=39640) to work on /home/airflow/.local/lib/python3.12/site-packages/airflow/example_dags/example_external_task_marker_dag.py
[2024-05-25T00:09:59.649+0000] {processor.py:830} INFO - Processing file /home/airflow/.local/lib/python3.12/site-packages/airflow/example_dags/example_external_task_marker_dag.py for tasks to queue
[2024-05-25T00:09:59.661+0000] {logging_mixin.py:188} INFO - [2024-05-25T00:09:59.659+0000] {dagbag.py:545} INFO - Filling up the DagBag from /home/airflow/.local/lib/python3.12/site-packages/airflow/example_dags/example_external_task_marker_dag.py
[2024-05-25T00:09:59.704+0000] {processor.py:840} INFO - DAG(s) 'example_external_task_marker_child', 'example_external_task_marker_parent' retrieved from /home/airflow/.local/lib/python3.12/site-packages/airflow/example_dags/example_external_task_marker_dag.py
[2024-05-25T00:09:59.847+0000] {logging_mixin.py:188} INFO - [2024-05-25T00:09:59.845+0000] {dag.py:3096} INFO - Sync 2 DAGs
[2024-05-25T00:09:59.920+0000] {logging_mixin.py:188} INFO - [2024-05-25T00:09:59.918+0000] {dag.py:3954} INFO - Setting next_dagrun for example_external_task_marker_child to None, run_after=None
[2024-05-25T00:09:59.945+0000] {logging_mixin.py:188} INFO - [2024-05-25T00:09:59.943+0000] {dag.py:3954} INFO - Setting next_dagrun for example_external_task_marker_parent to None, run_after=None
[2024-05-25T00:10:00.098+0000] {processor.py:183} INFO - Processing /home/airflow/.local/lib/python3.12/site-packages/airflow/example_dags/example_external_task_marker_dag.py took 0.496 seconds
[2024-05-25T00:10:33.509+0000] {processor.py:161} INFO - Started process (PID=39703) to work on /home/airflow/.local/lib/python3.12/site-packages/airflow/example_dags/example_external_task_marker_dag.py
[2024-05-25T00:10:33.511+0000] {processor.py:830} INFO - Processing file /home/airflow/.local/lib/python3.12/site-packages/airflow/example_dags/example_external_task_marker_dag.py for tasks to queue
[2024-05-25T00:10:33.514+0000] {logging_mixin.py:188} INFO - [2024-05-25T00:10:33.513+0000] {dagbag.py:545} INFO - Filling up the DagBag from /home/airflow/.local/lib/python3.12/site-packages/airflow/example_dags/example_external_task_marker_dag.py
[2024-05-25T00:10:33.530+0000] {processor.py:840} INFO - DAG(s) 'example_external_task_marker_parent', 'example_external_task_marker_child' retrieved from /home/airflow/.local/lib/python3.12/site-packages/airflow/example_dags/example_external_task_marker_dag.py
[2024-05-25T00:10:33.613+0000] {logging_mixin.py:188} INFO - [2024-05-25T00:10:33.612+0000] {dag.py:3096} INFO - Sync 2 DAGs
[2024-05-25T00:10:33.656+0000] {logging_mixin.py:188} INFO - [2024-05-25T00:10:33.655+0000] {dag.py:3954} INFO - Setting next_dagrun for example_external_task_marker_child to None, run_after=None
[2024-05-25T00:10:33.672+0000] {logging_mixin.py:188} INFO - [2024-05-25T00:10:33.671+0000] {dag.py:3954} INFO - Setting next_dagrun for example_external_task_marker_parent to None, run_after=None
[2024-05-25T00:10:33.747+0000] {processor.py:183} INFO - Processing /home/airflow/.local/lib/python3.12/site-packages/airflow/example_dags/example_external_task_marker_dag.py took 0.264 seconds
[2024-05-25T00:11:04.042+0000] {processor.py:161} INFO - Started process (PID=39761) to work on /home/airflow/.local/lib/python3.12/site-packages/airflow/example_dags/example_external_task_marker_dag.py
[2024-05-25T00:11:04.043+0000] {processor.py:830} INFO - Processing file /home/airflow/.local/lib/python3.12/site-packages/airflow/example_dags/example_external_task_marker_dag.py for tasks to queue
[2024-05-25T00:11:04.044+0000] {logging_mixin.py:188} INFO - [2024-05-25T00:11:04.044+0000] {dagbag.py:545} INFO - Filling up the DagBag from /home/airflow/.local/lib/python3.12/site-packages/airflow/example_dags/example_external_task_marker_dag.py
[2024-05-25T00:11:04.051+0000] {processor.py:840} INFO - DAG(s) 'example_external_task_marker_child', 'example_external_task_marker_parent' retrieved from /home/airflow/.local/lib/python3.12/site-packages/airflow/example_dags/example_external_task_marker_dag.py
[2024-05-25T00:11:04.076+0000] {logging_mixin.py:188} INFO - [2024-05-25T00:11:04.076+0000] {dag.py:3096} INFO - Sync 2 DAGs
[2024-05-25T00:11:04.089+0000] {logging_mixin.py:188} INFO - [2024-05-25T00:11:04.088+0000] {dag.py:3954} INFO - Setting next_dagrun for example_external_task_marker_child to None, run_after=None
[2024-05-25T00:11:04.093+0000] {logging_mixin.py:188} INFO - [2024-05-25T00:11:04.093+0000] {dag.py:3954} INFO - Setting next_dagrun for example_external_task_marker_parent to None, run_after=None
[2024-05-25T00:11:04.111+0000] {processor.py:183} INFO - Processing /home/airflow/.local/lib/python3.12/site-packages/airflow/example_dags/example_external_task_marker_dag.py took 0.076 seconds
[2024-05-25T00:11:34.156+0000] {processor.py:161} INFO - Started process (PID=39819) to work on /home/airflow/.local/lib/python3.12/site-packages/airflow/example_dags/example_external_task_marker_dag.py
[2024-05-25T00:11:34.159+0000] {processor.py:830} INFO - Processing file /home/airflow/.local/lib/python3.12/site-packages/airflow/example_dags/example_external_task_marker_dag.py for tasks to queue
[2024-05-25T00:11:34.161+0000] {logging_mixin.py:188} INFO - [2024-05-25T00:11:34.160+0000] {dagbag.py:545} INFO - Filling up the DagBag from /home/airflow/.local/lib/python3.12/site-packages/airflow/example_dags/example_external_task_marker_dag.py
[2024-05-25T00:11:34.167+0000] {processor.py:840} INFO - DAG(s) 'example_external_task_marker_child', 'example_external_task_marker_parent' retrieved from /home/airflow/.local/lib/python3.12/site-packages/airflow/example_dags/example_external_task_marker_dag.py
[2024-05-25T00:11:34.191+0000] {logging_mixin.py:188} INFO - [2024-05-25T00:11:34.191+0000] {dag.py:3096} INFO - Sync 2 DAGs
[2024-05-25T00:11:34.205+0000] {logging_mixin.py:188} INFO - [2024-05-25T00:11:34.205+0000] {dag.py:3954} INFO - Setting next_dagrun for example_external_task_marker_child to None, run_after=None
[2024-05-25T00:11:34.211+0000] {logging_mixin.py:188} INFO - [2024-05-25T00:11:34.211+0000] {dag.py:3954} INFO - Setting next_dagrun for example_external_task_marker_parent to None, run_after=None
[2024-05-25T00:11:34.227+0000] {processor.py:183} INFO - Processing /home/airflow/.local/lib/python3.12/site-packages/airflow/example_dags/example_external_task_marker_dag.py took 0.077 seconds
[2024-05-25T00:12:05.405+0000] {processor.py:161} INFO - Started process (PID=39877) to work on /home/airflow/.local/lib/python3.12/site-packages/airflow/example_dags/example_external_task_marker_dag.py
[2024-05-25T00:12:05.407+0000] {processor.py:830} INFO - Processing file /home/airflow/.local/lib/python3.12/site-packages/airflow/example_dags/example_external_task_marker_dag.py for tasks to queue
[2024-05-25T00:12:05.408+0000] {logging_mixin.py:188} INFO - [2024-05-25T00:12:05.408+0000] {dagbag.py:545} INFO - Filling up the DagBag from /home/airflow/.local/lib/python3.12/site-packages/airflow/example_dags/example_external_task_marker_dag.py
[2024-05-25T00:12:05.417+0000] {processor.py:840} INFO - DAG(s) 'example_external_task_marker_child', 'example_external_task_marker_parent' retrieved from /home/airflow/.local/lib/python3.12/site-packages/airflow/example_dags/example_external_task_marker_dag.py
[2024-05-25T00:12:05.443+0000] {logging_mixin.py:188} INFO - [2024-05-25T00:12:05.442+0000] {dag.py:3096} INFO - Sync 2 DAGs
[2024-05-25T00:12:05.460+0000] {logging_mixin.py:188} INFO - [2024-05-25T00:12:05.460+0000] {dag.py:3954} INFO - Setting next_dagrun for example_external_task_marker_child to None, run_after=None
[2024-05-25T00:12:05.466+0000] {logging_mixin.py:188} INFO - [2024-05-25T00:12:05.466+0000] {dag.py:3954} INFO - Setting next_dagrun for example_external_task_marker_parent to None, run_after=None
[2024-05-25T00:12:05.486+0000] {processor.py:183} INFO - Processing /home/airflow/.local/lib/python3.12/site-packages/airflow/example_dags/example_external_task_marker_dag.py took 0.086 seconds
[2024-05-25T00:12:49.125+0000] {processor.py:161} INFO - Started process (PID=39933) to work on /home/airflow/.local/lib/python3.12/site-packages/airflow/example_dags/example_external_task_marker_dag.py
[2024-05-25T00:12:49.129+0000] {processor.py:830} INFO - Processing file /home/airflow/.local/lib/python3.12/site-packages/airflow/example_dags/example_external_task_marker_dag.py for tasks to queue
[2024-05-25T00:12:49.137+0000] {logging_mixin.py:188} INFO - [2024-05-25T00:12:49.131+0000] {dagbag.py:545} INFO - Filling up the DagBag from /home/airflow/.local/lib/python3.12/site-packages/airflow/example_dags/example_external_task_marker_dag.py
[2024-05-25T00:12:49.177+0000] {processor.py:840} INFO - DAG(s) 'example_external_task_marker_child', 'example_external_task_marker_parent' retrieved from /home/airflow/.local/lib/python3.12/site-packages/airflow/example_dags/example_external_task_marker_dag.py
[2024-05-25T00:12:49.329+0000] {logging_mixin.py:188} INFO - [2024-05-25T00:12:49.327+0000] {dag.py:3096} INFO - Sync 2 DAGs
[2024-05-25T00:12:49.403+0000] {logging_mixin.py:188} INFO - [2024-05-25T00:12:49.400+0000] {dag.py:3954} INFO - Setting next_dagrun for example_external_task_marker_child to None, run_after=None
[2024-05-25T00:12:49.435+0000] {logging_mixin.py:188} INFO - [2024-05-25T00:12:49.433+0000] {dag.py:3954} INFO - Setting next_dagrun for example_external_task_marker_parent to None, run_after=None
[2024-05-25T00:12:49.571+0000] {processor.py:183} INFO - Processing /home/airflow/.local/lib/python3.12/site-packages/airflow/example_dags/example_external_task_marker_dag.py took 0.489 seconds
[2024-05-25T00:14:15.654+0000] {processor.py:161} INFO - Started process (PID=39997) to work on /home/airflow/.local/lib/python3.12/site-packages/airflow/example_dags/example_external_task_marker_dag.py
[2024-05-25T00:14:15.655+0000] {processor.py:830} INFO - Processing file /home/airflow/.local/lib/python3.12/site-packages/airflow/example_dags/example_external_task_marker_dag.py for tasks to queue
[2024-05-25T00:14:15.656+0000] {logging_mixin.py:188} INFO - [2024-05-25T00:14:15.656+0000] {dagbag.py:545} INFO - Filling up the DagBag from /home/airflow/.local/lib/python3.12/site-packages/airflow/example_dags/example_external_task_marker_dag.py
[2024-05-25T00:14:15.666+0000] {processor.py:840} INFO - DAG(s) 'example_external_task_marker_parent', 'example_external_task_marker_child' retrieved from /home/airflow/.local/lib/python3.12/site-packages/airflow/example_dags/example_external_task_marker_dag.py
[2024-05-25T00:14:15.701+0000] {logging_mixin.py:188} INFO - [2024-05-25T00:14:15.701+0000] {dag.py:3096} INFO - Sync 2 DAGs
[2024-05-25T00:14:15.722+0000] {logging_mixin.py:188} INFO - [2024-05-25T00:14:15.721+0000] {dag.py:3954} INFO - Setting next_dagrun for example_external_task_marker_child to None, run_after=None
[2024-05-25T00:14:15.730+0000] {logging_mixin.py:188} INFO - [2024-05-25T00:14:15.730+0000] {dag.py:3954} INFO - Setting next_dagrun for example_external_task_marker_parent to None, run_after=None
[2024-05-25T00:14:15.762+0000] {processor.py:183} INFO - Processing /home/airflow/.local/lib/python3.12/site-packages/airflow/example_dags/example_external_task_marker_dag.py took 0.115 seconds
[2024-05-25T00:14:46.401+0000] {processor.py:161} INFO - Started process (PID=40055) to work on /home/airflow/.local/lib/python3.12/site-packages/airflow/example_dags/example_external_task_marker_dag.py
[2024-05-25T00:14:46.402+0000] {processor.py:830} INFO - Processing file /home/airflow/.local/lib/python3.12/site-packages/airflow/example_dags/example_external_task_marker_dag.py for tasks to queue
[2024-05-25T00:14:46.403+0000] {logging_mixin.py:188} INFO - [2024-05-25T00:14:46.403+0000] {dagbag.py:545} INFO - Filling up the DagBag from /home/airflow/.local/lib/python3.12/site-packages/airflow/example_dags/example_external_task_marker_dag.py
[2024-05-25T00:14:46.410+0000] {processor.py:840} INFO - DAG(s) 'example_external_task_marker_parent', 'example_external_task_marker_child' retrieved from /home/airflow/.local/lib/python3.12/site-packages/airflow/example_dags/example_external_task_marker_dag.py
[2024-05-25T00:14:46.442+0000] {logging_mixin.py:188} INFO - [2024-05-25T00:14:46.442+0000] {dag.py:3096} INFO - Sync 2 DAGs
[2024-05-25T00:14:46.455+0000] {logging_mixin.py:188} INFO - [2024-05-25T00:14:46.455+0000] {dag.py:3954} INFO - Setting next_dagrun for example_external_task_marker_child to None, run_after=None
[2024-05-25T00:14:46.459+0000] {logging_mixin.py:188} INFO - [2024-05-25T00:14:46.459+0000] {dag.py:3954} INFO - Setting next_dagrun for example_external_task_marker_parent to None, run_after=None
[2024-05-25T00:14:46.482+0000] {processor.py:183} INFO - Processing /home/airflow/.local/lib/python3.12/site-packages/airflow/example_dags/example_external_task_marker_dag.py took 0.089 seconds
[2024-05-25T00:15:22.594+0000] {processor.py:161} INFO - Started process (PID=40118) to work on /home/airflow/.local/lib/python3.12/site-packages/airflow/example_dags/example_external_task_marker_dag.py
[2024-05-25T00:15:22.596+0000] {processor.py:830} INFO - Processing file /home/airflow/.local/lib/python3.12/site-packages/airflow/example_dags/example_external_task_marker_dag.py for tasks to queue
[2024-05-25T00:15:22.597+0000] {logging_mixin.py:188} INFO - [2024-05-25T00:15:22.597+0000] {dagbag.py:545} INFO - Filling up the DagBag from /home/airflow/.local/lib/python3.12/site-packages/airflow/example_dags/example_external_task_marker_dag.py
[2024-05-25T00:15:22.606+0000] {processor.py:840} INFO - DAG(s) 'example_external_task_marker_parent', 'example_external_task_marker_child' retrieved from /home/airflow/.local/lib/python3.12/site-packages/airflow/example_dags/example_external_task_marker_dag.py
[2024-05-25T00:15:22.631+0000] {logging_mixin.py:188} INFO - [2024-05-25T00:15:22.631+0000] {dag.py:3096} INFO - Sync 2 DAGs
[2024-05-25T00:15:22.644+0000] {logging_mixin.py:188} INFO - [2024-05-25T00:15:22.643+0000] {dag.py:3954} INFO - Setting next_dagrun for example_external_task_marker_child to None, run_after=None
[2024-05-25T00:15:22.648+0000] {logging_mixin.py:188} INFO - [2024-05-25T00:15:22.648+0000] {dag.py:3954} INFO - Setting next_dagrun for example_external_task_marker_parent to None, run_after=None
[2024-05-25T00:15:22.717+0000] {processor.py:183} INFO - Processing /home/airflow/.local/lib/python3.12/site-packages/airflow/example_dags/example_external_task_marker_dag.py took 0.128 seconds
[2024-05-25T00:15:54.468+0000] {processor.py:161} INFO - Started process (PID=40176) to work on /home/airflow/.local/lib/python3.12/site-packages/airflow/example_dags/example_external_task_marker_dag.py
[2024-05-25T00:15:54.470+0000] {processor.py:830} INFO - Processing file /home/airflow/.local/lib/python3.12/site-packages/airflow/example_dags/example_external_task_marker_dag.py for tasks to queue
[2024-05-25T00:15:54.472+0000] {logging_mixin.py:188} INFO - [2024-05-25T00:15:54.471+0000] {dagbag.py:545} INFO - Filling up the DagBag from /home/airflow/.local/lib/python3.12/site-packages/airflow/example_dags/example_external_task_marker_dag.py
[2024-05-25T00:15:54.479+0000] {processor.py:840} INFO - DAG(s) 'example_external_task_marker_parent', 'example_external_task_marker_child' retrieved from /home/airflow/.local/lib/python3.12/site-packages/airflow/example_dags/example_external_task_marker_dag.py
[2024-05-25T00:15:54.507+0000] {logging_mixin.py:188} INFO - [2024-05-25T00:15:54.506+0000] {dag.py:3096} INFO - Sync 2 DAGs
[2024-05-25T00:15:54.519+0000] {logging_mixin.py:188} INFO - [2024-05-25T00:15:54.519+0000] {dag.py:3954} INFO - Setting next_dagrun for example_external_task_marker_child to None, run_after=None
[2024-05-25T00:15:54.524+0000] {logging_mixin.py:188} INFO - [2024-05-25T00:15:54.524+0000] {dag.py:3954} INFO - Setting next_dagrun for example_external_task_marker_parent to None, run_after=None
[2024-05-25T00:15:54.541+0000] {processor.py:183} INFO - Processing /home/airflow/.local/lib/python3.12/site-packages/airflow/example_dags/example_external_task_marker_dag.py took 0.078 seconds
[2024-05-25T00:16:28.333+0000] {processor.py:161} INFO - Started process (PID=40234) to work on /home/airflow/.local/lib/python3.12/site-packages/airflow/example_dags/example_external_task_marker_dag.py
[2024-05-25T00:16:28.334+0000] {processor.py:830} INFO - Processing file /home/airflow/.local/lib/python3.12/site-packages/airflow/example_dags/example_external_task_marker_dag.py for tasks to queue
[2024-05-25T00:16:28.335+0000] {logging_mixin.py:188} INFO - [2024-05-25T00:16:28.335+0000] {dagbag.py:545} INFO - Filling up the DagBag from /home/airflow/.local/lib/python3.12/site-packages/airflow/example_dags/example_external_task_marker_dag.py
[2024-05-25T00:16:28.342+0000] {processor.py:840} INFO - DAG(s) 'example_external_task_marker_parent', 'example_external_task_marker_child' retrieved from /home/airflow/.local/lib/python3.12/site-packages/airflow/example_dags/example_external_task_marker_dag.py
[2024-05-25T00:16:28.381+0000] {logging_mixin.py:188} INFO - [2024-05-25T00:16:28.381+0000] {dag.py:3096} INFO - Sync 2 DAGs
[2024-05-25T00:16:28.595+0000] {logging_mixin.py:188} INFO - [2024-05-25T00:16:28.595+0000] {dag.py:3954} INFO - Setting next_dagrun for example_external_task_marker_child to None, run_after=None
[2024-05-25T00:16:28.600+0000] {logging_mixin.py:188} INFO - [2024-05-25T00:16:28.599+0000] {dag.py:3954} INFO - Setting next_dagrun for example_external_task_marker_parent to None, run_after=None
[2024-05-25T00:16:28.624+0000] {processor.py:183} INFO - Processing /home/airflow/.local/lib/python3.12/site-packages/airflow/example_dags/example_external_task_marker_dag.py took 0.298 seconds
[2024-05-25T00:16:59.074+0000] {processor.py:161} INFO - Started process (PID=40292) to work on /home/airflow/.local/lib/python3.12/site-packages/airflow/example_dags/example_external_task_marker_dag.py
[2024-05-25T00:16:59.075+0000] {processor.py:830} INFO - Processing file /home/airflow/.local/lib/python3.12/site-packages/airflow/example_dags/example_external_task_marker_dag.py for tasks to queue
[2024-05-25T00:16:59.076+0000] {logging_mixin.py:188} INFO - [2024-05-25T00:16:59.076+0000] {dagbag.py:545} INFO - Filling up the DagBag from /home/airflow/.local/lib/python3.12/site-packages/airflow/example_dags/example_external_task_marker_dag.py
[2024-05-25T00:16:59.085+0000] {processor.py:840} INFO - DAG(s) 'example_external_task_marker_parent', 'example_external_task_marker_child' retrieved from /home/airflow/.local/lib/python3.12/site-packages/airflow/example_dags/example_external_task_marker_dag.py
[2024-05-25T00:16:59.109+0000] {logging_mixin.py:188} INFO - [2024-05-25T00:16:59.109+0000] {dag.py:3096} INFO - Sync 2 DAGs
[2024-05-25T00:16:59.123+0000] {logging_mixin.py:188} INFO - [2024-05-25T00:16:59.121+0000] {dag.py:3954} INFO - Setting next_dagrun for example_external_task_marker_child to None, run_after=None
[2024-05-25T00:16:59.127+0000] {logging_mixin.py:188} INFO - [2024-05-25T00:16:59.127+0000] {dag.py:3954} INFO - Setting next_dagrun for example_external_task_marker_parent to None, run_after=None
[2024-05-25T00:16:59.272+0000] {processor.py:183} INFO - Processing /home/airflow/.local/lib/python3.12/site-packages/airflow/example_dags/example_external_task_marker_dag.py took 0.205 seconds
[2024-05-25T00:17:30.209+0000] {processor.py:161} INFO - Started process (PID=40350) to work on /home/airflow/.local/lib/python3.12/site-packages/airflow/example_dags/example_external_task_marker_dag.py
[2024-05-25T00:17:30.211+0000] {processor.py:830} INFO - Processing file /home/airflow/.local/lib/python3.12/site-packages/airflow/example_dags/example_external_task_marker_dag.py for tasks to queue
[2024-05-25T00:17:30.212+0000] {logging_mixin.py:188} INFO - [2024-05-25T00:17:30.212+0000] {dagbag.py:545} INFO - Filling up the DagBag from /home/airflow/.local/lib/python3.12/site-packages/airflow/example_dags/example_external_task_marker_dag.py
[2024-05-25T00:17:30.219+0000] {processor.py:840} INFO - DAG(s) 'example_external_task_marker_child', 'example_external_task_marker_parent' retrieved from /home/airflow/.local/lib/python3.12/site-packages/airflow/example_dags/example_external_task_marker_dag.py
[2024-05-25T00:17:30.245+0000] {logging_mixin.py:188} INFO - [2024-05-25T00:17:30.245+0000] {dag.py:3096} INFO - Sync 2 DAGs
[2024-05-25T00:17:30.260+0000] {logging_mixin.py:188} INFO - [2024-05-25T00:17:30.260+0000] {dag.py:3954} INFO - Setting next_dagrun for example_external_task_marker_child to None, run_after=None
[2024-05-25T00:17:30.265+0000] {logging_mixin.py:188} INFO - [2024-05-25T00:17:30.265+0000] {dag.py:3954} INFO - Setting next_dagrun for example_external_task_marker_parent to None, run_after=None
[2024-05-25T00:17:30.286+0000] {processor.py:183} INFO - Processing /home/airflow/.local/lib/python3.12/site-packages/airflow/example_dags/example_external_task_marker_dag.py took 0.082 seconds
[2024-05-25T00:18:01.001+0000] {processor.py:161} INFO - Started process (PID=40408) to work on /home/airflow/.local/lib/python3.12/site-packages/airflow/example_dags/example_external_task_marker_dag.py
[2024-05-25T00:18:01.003+0000] {processor.py:830} INFO - Processing file /home/airflow/.local/lib/python3.12/site-packages/airflow/example_dags/example_external_task_marker_dag.py for tasks to queue
[2024-05-25T00:18:01.005+0000] {logging_mixin.py:188} INFO - [2024-05-25T00:18:01.004+0000] {dagbag.py:545} INFO - Filling up the DagBag from /home/airflow/.local/lib/python3.12/site-packages/airflow/example_dags/example_external_task_marker_dag.py
[2024-05-25T00:18:01.015+0000] {processor.py:840} INFO - DAG(s) 'example_external_task_marker_child', 'example_external_task_marker_parent' retrieved from /home/airflow/.local/lib/python3.12/site-packages/airflow/example_dags/example_external_task_marker_dag.py
[2024-05-25T00:18:01.045+0000] {logging_mixin.py:188} INFO - [2024-05-25T00:18:01.045+0000] {dag.py:3096} INFO - Sync 2 DAGs
[2024-05-25T00:18:01.057+0000] {logging_mixin.py:188} INFO - [2024-05-25T00:18:01.057+0000] {dag.py:3954} INFO - Setting next_dagrun for example_external_task_marker_child to None, run_after=None
[2024-05-25T00:18:01.062+0000] {logging_mixin.py:188} INFO - [2024-05-25T00:18:01.062+0000] {dag.py:3954} INFO - Setting next_dagrun for example_external_task_marker_parent to None, run_after=None
[2024-05-25T00:18:01.086+0000] {processor.py:183} INFO - Processing /home/airflow/.local/lib/python3.12/site-packages/airflow/example_dags/example_external_task_marker_dag.py took 0.090 seconds
