[2024-05-25T00:00:29.423+0000] {processor.py:161} INFO - Started process (PID=38667) to work on /home/airflow/.local/lib/python3.12/site-packages/airflow/example_dags/example_branch_python_dop_operator_3.py
[2024-05-25T00:00:29.424+0000] {processor.py:830} INFO - Processing file /home/airflow/.local/lib/python3.12/site-packages/airflow/example_dags/example_branch_python_dop_operator_3.py for tasks to queue
[2024-05-25T00:00:29.427+0000] {logging_mixin.py:188} INFO - [2024-05-25T00:00:29.426+0000] {dagbag.py:545} INFO - Filling up the DagBag from /home/airflow/.local/lib/python3.12/site-packages/airflow/example_dags/example_branch_python_dop_operator_3.py
[2024-05-25T00:00:29.435+0000] {processor.py:840} INFO - DAG(s) 'example_branch_dop_operator_v3' retrieved from /home/airflow/.local/lib/python3.12/site-packages/airflow/example_dags/example_branch_python_dop_operator_3.py
[2024-05-25T00:00:29.458+0000] {logging_mixin.py:188} INFO - [2024-05-25T00:00:29.458+0000] {dag.py:3096} INFO - Sync 1 DAGs
[2024-05-25T00:00:29.489+0000] {logging_mixin.py:188} INFO - [2024-05-25T00:00:29.488+0000] {dag.py:3954} INFO - Setting next_dagrun for example_branch_dop_operator_v3 to 2024-05-24 23:59:00+00:00, run_after=2024-05-25 00:00:00+00:00
[2024-05-25T00:00:29.519+0000] {processor.py:183} INFO - Processing /home/airflow/.local/lib/python3.12/site-packages/airflow/example_dags/example_branch_python_dop_operator_3.py took 0.102 seconds
[2024-05-25T00:00:59.686+0000] {processor.py:161} INFO - Started process (PID=38725) to work on /home/airflow/.local/lib/python3.12/site-packages/airflow/example_dags/example_branch_python_dop_operator_3.py
[2024-05-25T00:00:59.688+0000] {processor.py:830} INFO - Processing file /home/airflow/.local/lib/python3.12/site-packages/airflow/example_dags/example_branch_python_dop_operator_3.py for tasks to queue
[2024-05-25T00:00:59.691+0000] {logging_mixin.py:188} INFO - [2024-05-25T00:00:59.691+0000] {dagbag.py:545} INFO - Filling up the DagBag from /home/airflow/.local/lib/python3.12/site-packages/airflow/example_dags/example_branch_python_dop_operator_3.py
[2024-05-25T00:00:59.701+0000] {processor.py:840} INFO - DAG(s) 'example_branch_dop_operator_v3' retrieved from /home/airflow/.local/lib/python3.12/site-packages/airflow/example_dags/example_branch_python_dop_operator_3.py
[2024-05-25T00:00:59.728+0000] {logging_mixin.py:188} INFO - [2024-05-25T00:00:59.728+0000] {dag.py:3096} INFO - Sync 1 DAGs
[2024-05-25T00:00:59.757+0000] {logging_mixin.py:188} INFO - [2024-05-25T00:00:59.757+0000] {dag.py:3954} INFO - Setting next_dagrun for example_branch_dop_operator_v3 to 2024-05-24 23:59:00+00:00, run_after=2024-05-25 00:00:00+00:00
[2024-05-25T00:00:59.782+0000] {processor.py:183} INFO - Processing /home/airflow/.local/lib/python3.12/site-packages/airflow/example_dags/example_branch_python_dop_operator_3.py took 0.101 seconds
[2024-05-25T00:01:30.537+0000] {processor.py:161} INFO - Started process (PID=38783) to work on /home/airflow/.local/lib/python3.12/site-packages/airflow/example_dags/example_branch_python_dop_operator_3.py
[2024-05-25T00:01:30.538+0000] {processor.py:830} INFO - Processing file /home/airflow/.local/lib/python3.12/site-packages/airflow/example_dags/example_branch_python_dop_operator_3.py for tasks to queue
[2024-05-25T00:01:30.541+0000] {logging_mixin.py:188} INFO - [2024-05-25T00:01:30.540+0000] {dagbag.py:545} INFO - Filling up the DagBag from /home/airflow/.local/lib/python3.12/site-packages/airflow/example_dags/example_branch_python_dop_operator_3.py
[2024-05-25T00:01:30.557+0000] {processor.py:840} INFO - DAG(s) 'example_branch_dop_operator_v3' retrieved from /home/airflow/.local/lib/python3.12/site-packages/airflow/example_dags/example_branch_python_dop_operator_3.py
[2024-05-25T00:01:30.584+0000] {logging_mixin.py:188} INFO - [2024-05-25T00:01:30.584+0000] {dag.py:3096} INFO - Sync 1 DAGs
[2024-05-25T00:01:30.619+0000] {logging_mixin.py:188} INFO - [2024-05-25T00:01:30.619+0000] {dag.py:3954} INFO - Setting next_dagrun for example_branch_dop_operator_v3 to 2024-05-25 00:00:00+00:00, run_after=2024-05-25 00:01:00+00:00
[2024-05-25T00:01:30.651+0000] {processor.py:183} INFO - Processing /home/airflow/.local/lib/python3.12/site-packages/airflow/example_dags/example_branch_python_dop_operator_3.py took 0.123 seconds
[2024-05-25T00:02:00.718+0000] {processor.py:161} INFO - Started process (PID=38841) to work on /home/airflow/.local/lib/python3.12/site-packages/airflow/example_dags/example_branch_python_dop_operator_3.py
[2024-05-25T00:02:00.720+0000] {processor.py:830} INFO - Processing file /home/airflow/.local/lib/python3.12/site-packages/airflow/example_dags/example_branch_python_dop_operator_3.py for tasks to queue
[2024-05-25T00:02:00.721+0000] {logging_mixin.py:188} INFO - [2024-05-25T00:02:00.721+0000] {dagbag.py:545} INFO - Filling up the DagBag from /home/airflow/.local/lib/python3.12/site-packages/airflow/example_dags/example_branch_python_dop_operator_3.py
[2024-05-25T00:02:00.731+0000] {processor.py:840} INFO - DAG(s) 'example_branch_dop_operator_v3' retrieved from /home/airflow/.local/lib/python3.12/site-packages/airflow/example_dags/example_branch_python_dop_operator_3.py
[2024-05-25T00:02:00.753+0000] {logging_mixin.py:188} INFO - [2024-05-25T00:02:00.753+0000] {dag.py:3096} INFO - Sync 1 DAGs
[2024-05-25T00:02:00.777+0000] {logging_mixin.py:188} INFO - [2024-05-25T00:02:00.777+0000] {dag.py:3954} INFO - Setting next_dagrun for example_branch_dop_operator_v3 to 2024-05-25 00:01:00+00:00, run_after=2024-05-25 00:02:00+00:00
[2024-05-25T00:02:00.796+0000] {processor.py:183} INFO - Processing /home/airflow/.local/lib/python3.12/site-packages/airflow/example_dags/example_branch_python_dop_operator_3.py took 0.085 seconds
[2024-05-25T00:02:31.260+0000] {processor.py:161} INFO - Started process (PID=38899) to work on /home/airflow/.local/lib/python3.12/site-packages/airflow/example_dags/example_branch_python_dop_operator_3.py
[2024-05-25T00:02:31.261+0000] {processor.py:830} INFO - Processing file /home/airflow/.local/lib/python3.12/site-packages/airflow/example_dags/example_branch_python_dop_operator_3.py for tasks to queue
[2024-05-25T00:02:31.264+0000] {logging_mixin.py:188} INFO - [2024-05-25T00:02:31.263+0000] {dagbag.py:545} INFO - Filling up the DagBag from /home/airflow/.local/lib/python3.12/site-packages/airflow/example_dags/example_branch_python_dop_operator_3.py
[2024-05-25T00:02:31.275+0000] {processor.py:840} INFO - DAG(s) 'example_branch_dop_operator_v3' retrieved from /home/airflow/.local/lib/python3.12/site-packages/airflow/example_dags/example_branch_python_dop_operator_3.py
[2024-05-25T00:02:31.303+0000] {logging_mixin.py:188} INFO - [2024-05-25T00:02:31.302+0000] {dag.py:3096} INFO - Sync 1 DAGs
[2024-05-25T00:02:31.335+0000] {logging_mixin.py:188} INFO - [2024-05-25T00:02:31.334+0000] {dag.py:3954} INFO - Setting next_dagrun for example_branch_dop_operator_v3 to 2024-05-25 00:01:00+00:00, run_after=2024-05-25 00:02:00+00:00
[2024-05-25T00:02:31.368+0000] {processor.py:183} INFO - Processing /home/airflow/.local/lib/python3.12/site-packages/airflow/example_dags/example_branch_python_dop_operator_3.py took 0.114 seconds
[2024-05-25T00:03:02.728+0000] {processor.py:161} INFO - Started process (PID=38961) to work on /home/airflow/.local/lib/python3.12/site-packages/airflow/example_dags/example_branch_python_dop_operator_3.py
[2024-05-25T00:03:02.796+0000] {processor.py:830} INFO - Processing file /home/airflow/.local/lib/python3.12/site-packages/airflow/example_dags/example_branch_python_dop_operator_3.py for tasks to queue
[2024-05-25T00:03:02.892+0000] {logging_mixin.py:188} INFO - [2024-05-25T00:03:02.883+0000] {dagbag.py:545} INFO - Filling up the DagBag from /home/airflow/.local/lib/python3.12/site-packages/airflow/example_dags/example_branch_python_dop_operator_3.py
[2024-05-25T00:03:02.976+0000] {processor.py:840} INFO - DAG(s) 'example_branch_dop_operator_v3' retrieved from /home/airflow/.local/lib/python3.12/site-packages/airflow/example_dags/example_branch_python_dop_operator_3.py
[2024-05-25T00:03:03.175+0000] {logging_mixin.py:188} INFO - [2024-05-25T00:03:03.175+0000] {dag.py:3096} INFO - Sync 1 DAGs
[2024-05-25T00:03:03.247+0000] {logging_mixin.py:188} INFO - [2024-05-25T00:03:03.247+0000] {dag.py:3954} INFO - Setting next_dagrun for example_branch_dop_operator_v3 to 2024-05-25 00:02:00+00:00, run_after=2024-05-25 00:03:00+00:00
[2024-05-25T00:03:03.278+0000] {processor.py:183} INFO - Processing /home/airflow/.local/lib/python3.12/site-packages/airflow/example_dags/example_branch_python_dop_operator_3.py took 0.561 seconds
[2024-05-25T00:03:33.562+0000] {processor.py:161} INFO - Started process (PID=39019) to work on /home/airflow/.local/lib/python3.12/site-packages/airflow/example_dags/example_branch_python_dop_operator_3.py
[2024-05-25T00:03:33.565+0000] {processor.py:830} INFO - Processing file /home/airflow/.local/lib/python3.12/site-packages/airflow/example_dags/example_branch_python_dop_operator_3.py for tasks to queue
[2024-05-25T00:03:33.569+0000] {logging_mixin.py:188} INFO - [2024-05-25T00:03:33.568+0000] {dagbag.py:545} INFO - Filling up the DagBag from /home/airflow/.local/lib/python3.12/site-packages/airflow/example_dags/example_branch_python_dop_operator_3.py
[2024-05-25T00:03:33.584+0000] {processor.py:840} INFO - DAG(s) 'example_branch_dop_operator_v3' retrieved from /home/airflow/.local/lib/python3.12/site-packages/airflow/example_dags/example_branch_python_dop_operator_3.py
[2024-05-25T00:03:33.621+0000] {logging_mixin.py:188} INFO - [2024-05-25T00:03:33.621+0000] {dag.py:3096} INFO - Sync 1 DAGs
[2024-05-25T00:03:33.657+0000] {logging_mixin.py:188} INFO - [2024-05-25T00:03:33.657+0000] {dag.py:3954} INFO - Setting next_dagrun for example_branch_dop_operator_v3 to 2024-05-25 00:02:00+00:00, run_after=2024-05-25 00:03:00+00:00
[2024-05-25T00:03:33.690+0000] {processor.py:183} INFO - Processing /home/airflow/.local/lib/python3.12/site-packages/airflow/example_dags/example_branch_python_dop_operator_3.py took 0.138 seconds
[2024-05-25T00:04:03.774+0000] {processor.py:161} INFO - Started process (PID=39076) to work on /home/airflow/.local/lib/python3.12/site-packages/airflow/example_dags/example_branch_python_dop_operator_3.py
[2024-05-25T00:04:03.776+0000] {processor.py:830} INFO - Processing file /home/airflow/.local/lib/python3.12/site-packages/airflow/example_dags/example_branch_python_dop_operator_3.py for tasks to queue
[2024-05-25T00:04:03.778+0000] {logging_mixin.py:188} INFO - [2024-05-25T00:04:03.777+0000] {dagbag.py:545} INFO - Filling up the DagBag from /home/airflow/.local/lib/python3.12/site-packages/airflow/example_dags/example_branch_python_dop_operator_3.py
[2024-05-25T00:04:03.791+0000] {processor.py:840} INFO - DAG(s) 'example_branch_dop_operator_v3' retrieved from /home/airflow/.local/lib/python3.12/site-packages/airflow/example_dags/example_branch_python_dop_operator_3.py
[2024-05-25T00:04:03.829+0000] {logging_mixin.py:188} INFO - [2024-05-25T00:04:03.828+0000] {dag.py:3096} INFO - Sync 1 DAGs
[2024-05-25T00:04:03.877+0000] {logging_mixin.py:188} INFO - [2024-05-25T00:04:03.877+0000] {dag.py:3954} INFO - Setting next_dagrun for example_branch_dop_operator_v3 to 2024-05-25 00:03:00+00:00, run_after=2024-05-25 00:04:00+00:00
[2024-05-25T00:04:03.926+0000] {processor.py:183} INFO - Processing /home/airflow/.local/lib/python3.12/site-packages/airflow/example_dags/example_branch_python_dop_operator_3.py took 0.161 seconds
[2024-05-25T00:04:34.014+0000] {processor.py:161} INFO - Started process (PID=39134) to work on /home/airflow/.local/lib/python3.12/site-packages/airflow/example_dags/example_branch_python_dop_operator_3.py
[2024-05-25T00:04:34.015+0000] {processor.py:830} INFO - Processing file /home/airflow/.local/lib/python3.12/site-packages/airflow/example_dags/example_branch_python_dop_operator_3.py for tasks to queue
[2024-05-25T00:04:34.018+0000] {logging_mixin.py:188} INFO - [2024-05-25T00:04:34.017+0000] {dagbag.py:545} INFO - Filling up the DagBag from /home/airflow/.local/lib/python3.12/site-packages/airflow/example_dags/example_branch_python_dop_operator_3.py
[2024-05-25T00:04:34.028+0000] {processor.py:840} INFO - DAG(s) 'example_branch_dop_operator_v3' retrieved from /home/airflow/.local/lib/python3.12/site-packages/airflow/example_dags/example_branch_python_dop_operator_3.py
[2024-05-25T00:04:34.050+0000] {logging_mixin.py:188} INFO - [2024-05-25T00:04:34.050+0000] {dag.py:3096} INFO - Sync 1 DAGs
[2024-05-25T00:04:34.083+0000] {logging_mixin.py:188} INFO - [2024-05-25T00:04:34.083+0000] {dag.py:3954} INFO - Setting next_dagrun for example_branch_dop_operator_v3 to 2024-05-25 00:03:00+00:00, run_after=2024-05-25 00:04:00+00:00
[2024-05-25T00:04:34.106+0000] {processor.py:183} INFO - Processing /home/airflow/.local/lib/python3.12/site-packages/airflow/example_dags/example_branch_python_dop_operator_3.py took 0.100 seconds
[2024-05-25T00:05:05.747+0000] {processor.py:161} INFO - Started process (PID=39192) to work on /home/airflow/.local/lib/python3.12/site-packages/airflow/example_dags/example_branch_python_dop_operator_3.py
[2024-05-25T00:05:05.748+0000] {processor.py:830} INFO - Processing file /home/airflow/.local/lib/python3.12/site-packages/airflow/example_dags/example_branch_python_dop_operator_3.py for tasks to queue
[2024-05-25T00:05:05.750+0000] {logging_mixin.py:188} INFO - [2024-05-25T00:05:05.750+0000] {dagbag.py:545} INFO - Filling up the DagBag from /home/airflow/.local/lib/python3.12/site-packages/airflow/example_dags/example_branch_python_dop_operator_3.py
[2024-05-25T00:05:05.758+0000] {processor.py:840} INFO - DAG(s) 'example_branch_dop_operator_v3' retrieved from /home/airflow/.local/lib/python3.12/site-packages/airflow/example_dags/example_branch_python_dop_operator_3.py
[2024-05-25T00:05:05.778+0000] {logging_mixin.py:188} INFO - [2024-05-25T00:05:05.778+0000] {dag.py:3096} INFO - Sync 1 DAGs
[2024-05-25T00:05:05.799+0000] {logging_mixin.py:188} INFO - [2024-05-25T00:05:05.799+0000] {dag.py:3954} INFO - Setting next_dagrun for example_branch_dop_operator_v3 to 2024-05-25 00:04:00+00:00, run_after=2024-05-25 00:05:00+00:00
[2024-05-25T00:05:05.818+0000] {processor.py:183} INFO - Processing /home/airflow/.local/lib/python3.12/site-packages/airflow/example_dags/example_branch_python_dop_operator_3.py took 0.080 seconds
[2024-05-25T00:05:37.022+0000] {processor.py:161} INFO - Started process (PID=39250) to work on /home/airflow/.local/lib/python3.12/site-packages/airflow/example_dags/example_branch_python_dop_operator_3.py
[2024-05-25T00:05:37.024+0000] {processor.py:830} INFO - Processing file /home/airflow/.local/lib/python3.12/site-packages/airflow/example_dags/example_branch_python_dop_operator_3.py for tasks to queue
[2024-05-25T00:05:37.026+0000] {logging_mixin.py:188} INFO - [2024-05-25T00:05:37.025+0000] {dagbag.py:545} INFO - Filling up the DagBag from /home/airflow/.local/lib/python3.12/site-packages/airflow/example_dags/example_branch_python_dop_operator_3.py
[2024-05-25T00:05:37.038+0000] {processor.py:840} INFO - DAG(s) 'example_branch_dop_operator_v3' retrieved from /home/airflow/.local/lib/python3.12/site-packages/airflow/example_dags/example_branch_python_dop_operator_3.py
[2024-05-25T00:05:37.064+0000] {logging_mixin.py:188} INFO - [2024-05-25T00:05:37.063+0000] {dag.py:3096} INFO - Sync 1 DAGs
[2024-05-25T00:05:37.093+0000] {logging_mixin.py:188} INFO - [2024-05-25T00:05:37.093+0000] {dag.py:3954} INFO - Setting next_dagrun for example_branch_dop_operator_v3 to 2024-05-25 00:04:00+00:00, run_after=2024-05-25 00:05:00+00:00
[2024-05-25T00:05:37.122+0000] {processor.py:183} INFO - Processing /home/airflow/.local/lib/python3.12/site-packages/airflow/example_dags/example_branch_python_dop_operator_3.py took 0.106 seconds
[2024-05-25T00:06:07.353+0000] {processor.py:161} INFO - Started process (PID=39306) to work on /home/airflow/.local/lib/python3.12/site-packages/airflow/example_dags/example_branch_python_dop_operator_3.py
[2024-05-25T00:06:07.355+0000] {processor.py:830} INFO - Processing file /home/airflow/.local/lib/python3.12/site-packages/airflow/example_dags/example_branch_python_dop_operator_3.py for tasks to queue
[2024-05-25T00:06:07.358+0000] {logging_mixin.py:188} INFO - [2024-05-25T00:06:07.358+0000] {dagbag.py:545} INFO - Filling up the DagBag from /home/airflow/.local/lib/python3.12/site-packages/airflow/example_dags/example_branch_python_dop_operator_3.py
[2024-05-25T00:06:07.369+0000] {processor.py:840} INFO - DAG(s) 'example_branch_dop_operator_v3' retrieved from /home/airflow/.local/lib/python3.12/site-packages/airflow/example_dags/example_branch_python_dop_operator_3.py
[2024-05-25T00:06:07.394+0000] {logging_mixin.py:188} INFO - [2024-05-25T00:06:07.394+0000] {dag.py:3096} INFO - Sync 1 DAGs
[2024-05-25T00:06:07.420+0000] {logging_mixin.py:188} INFO - [2024-05-25T00:06:07.420+0000] {dag.py:3954} INFO - Setting next_dagrun for example_branch_dop_operator_v3 to 2024-05-25 00:05:00+00:00, run_after=2024-05-25 00:06:00+00:00
[2024-05-25T00:06:07.445+0000] {processor.py:183} INFO - Processing /home/airflow/.local/lib/python3.12/site-packages/airflow/example_dags/example_branch_python_dop_operator_3.py took 0.100 seconds
[2024-05-25T00:06:38.055+0000] {processor.py:161} INFO - Started process (PID=39364) to work on /home/airflow/.local/lib/python3.12/site-packages/airflow/example_dags/example_branch_python_dop_operator_3.py
[2024-05-25T00:06:38.057+0000] {processor.py:830} INFO - Processing file /home/airflow/.local/lib/python3.12/site-packages/airflow/example_dags/example_branch_python_dop_operator_3.py for tasks to queue
[2024-05-25T00:06:38.059+0000] {logging_mixin.py:188} INFO - [2024-05-25T00:06:38.059+0000] {dagbag.py:545} INFO - Filling up the DagBag from /home/airflow/.local/lib/python3.12/site-packages/airflow/example_dags/example_branch_python_dop_operator_3.py
[2024-05-25T00:06:38.068+0000] {processor.py:840} INFO - DAG(s) 'example_branch_dop_operator_v3' retrieved from /home/airflow/.local/lib/python3.12/site-packages/airflow/example_dags/example_branch_python_dop_operator_3.py
[2024-05-25T00:06:38.088+0000] {logging_mixin.py:188} INFO - [2024-05-25T00:06:38.088+0000] {dag.py:3096} INFO - Sync 1 DAGs
[2024-05-25T00:06:38.112+0000] {logging_mixin.py:188} INFO - [2024-05-25T00:06:38.112+0000] {dag.py:3954} INFO - Setting next_dagrun for example_branch_dop_operator_v3 to 2024-05-25 00:05:00+00:00, run_after=2024-05-25 00:06:00+00:00
[2024-05-25T00:06:38.133+0000] {processor.py:183} INFO - Processing /home/airflow/.local/lib/python3.12/site-packages/airflow/example_dags/example_branch_python_dop_operator_3.py took 0.083 seconds
[2024-05-25T00:07:08.873+0000] {processor.py:161} INFO - Started process (PID=39422) to work on /home/airflow/.local/lib/python3.12/site-packages/airflow/example_dags/example_branch_python_dop_operator_3.py
[2024-05-25T00:07:08.876+0000] {processor.py:830} INFO - Processing file /home/airflow/.local/lib/python3.12/site-packages/airflow/example_dags/example_branch_python_dop_operator_3.py for tasks to queue
[2024-05-25T00:07:08.880+0000] {logging_mixin.py:188} INFO - [2024-05-25T00:07:08.879+0000] {dagbag.py:545} INFO - Filling up the DagBag from /home/airflow/.local/lib/python3.12/site-packages/airflow/example_dags/example_branch_python_dop_operator_3.py
[2024-05-25T00:07:08.889+0000] {processor.py:840} INFO - DAG(s) 'example_branch_dop_operator_v3' retrieved from /home/airflow/.local/lib/python3.12/site-packages/airflow/example_dags/example_branch_python_dop_operator_3.py
[2024-05-25T00:07:08.913+0000] {logging_mixin.py:188} INFO - [2024-05-25T00:07:08.913+0000] {dag.py:3096} INFO - Sync 1 DAGs
[2024-05-25T00:07:08.940+0000] {logging_mixin.py:188} INFO - [2024-05-25T00:07:08.940+0000] {dag.py:3954} INFO - Setting next_dagrun for example_branch_dop_operator_v3 to 2024-05-25 00:06:00+00:00, run_after=2024-05-25 00:07:00+00:00
[2024-05-25T00:07:08.970+0000] {processor.py:183} INFO - Processing /home/airflow/.local/lib/python3.12/site-packages/airflow/example_dags/example_branch_python_dop_operator_3.py took 0.103 seconds
[2024-05-25T00:07:39.771+0000] {processor.py:161} INFO - Started process (PID=39480) to work on /home/airflow/.local/lib/python3.12/site-packages/airflow/example_dags/example_branch_python_dop_operator_3.py
[2024-05-25T00:07:39.772+0000] {processor.py:830} INFO - Processing file /home/airflow/.local/lib/python3.12/site-packages/airflow/example_dags/example_branch_python_dop_operator_3.py for tasks to queue
[2024-05-25T00:07:39.774+0000] {logging_mixin.py:188} INFO - [2024-05-25T00:07:39.774+0000] {dagbag.py:545} INFO - Filling up the DagBag from /home/airflow/.local/lib/python3.12/site-packages/airflow/example_dags/example_branch_python_dop_operator_3.py
[2024-05-25T00:07:39.782+0000] {processor.py:840} INFO - DAG(s) 'example_branch_dop_operator_v3' retrieved from /home/airflow/.local/lib/python3.12/site-packages/airflow/example_dags/example_branch_python_dop_operator_3.py
[2024-05-25T00:07:39.802+0000] {logging_mixin.py:188} INFO - [2024-05-25T00:07:39.802+0000] {dag.py:3096} INFO - Sync 1 DAGs
[2024-05-25T00:07:39.824+0000] {logging_mixin.py:188} INFO - [2024-05-25T00:07:39.824+0000] {dag.py:3954} INFO - Setting next_dagrun for example_branch_dop_operator_v3 to 2024-05-25 00:06:00+00:00, run_after=2024-05-25 00:07:00+00:00
[2024-05-25T00:07:39.841+0000] {processor.py:183} INFO - Processing /home/airflow/.local/lib/python3.12/site-packages/airflow/example_dags/example_branch_python_dop_operator_3.py took 0.075 seconds
[2024-05-25T00:08:35.285+0000] {processor.py:161} INFO - Started process (PID=39555) to work on /home/airflow/.local/lib/python3.12/site-packages/airflow/example_dags/example_branch_python_dop_operator_3.py
[2024-05-25T00:08:35.295+0000] {processor.py:830} INFO - Processing file /home/airflow/.local/lib/python3.12/site-packages/airflow/example_dags/example_branch_python_dop_operator_3.py for tasks to queue
[2024-05-25T00:08:35.316+0000] {logging_mixin.py:188} INFO - [2024-05-25T00:08:35.308+0000] {dagbag.py:545} INFO - Filling up the DagBag from /home/airflow/.local/lib/python3.12/site-packages/airflow/example_dags/example_branch_python_dop_operator_3.py
[2024-05-25T00:08:35.379+0000] {processor.py:840} INFO - DAG(s) 'example_branch_dop_operator_v3' retrieved from /home/airflow/.local/lib/python3.12/site-packages/airflow/example_dags/example_branch_python_dop_operator_3.py
[2024-05-25T00:08:35.566+0000] {logging_mixin.py:188} INFO - [2024-05-25T00:08:35.564+0000] {dag.py:3096} INFO - Sync 1 DAGs
[2024-05-25T00:08:35.832+0000] {logging_mixin.py:188} INFO - [2024-05-25T00:08:35.831+0000] {dag.py:3954} INFO - Setting next_dagrun for example_branch_dop_operator_v3 to 2024-05-25 00:07:00+00:00, run_after=2024-05-25 00:08:00+00:00
[2024-05-25T00:08:36.006+0000] {processor.py:183} INFO - Processing /home/airflow/.local/lib/python3.12/site-packages/airflow/example_dags/example_branch_python_dop_operator_3.py took 0.739 seconds
[2024-05-25T00:09:57.452+0000] {processor.py:161} INFO - Started process (PID=39635) to work on /home/airflow/.local/lib/python3.12/site-packages/airflow/example_dags/example_branch_python_dop_operator_3.py
[2024-05-25T00:09:57.457+0000] {processor.py:830} INFO - Processing file /home/airflow/.local/lib/python3.12/site-packages/airflow/example_dags/example_branch_python_dop_operator_3.py for tasks to queue
[2024-05-25T00:09:57.470+0000] {logging_mixin.py:188} INFO - [2024-05-25T00:09:57.469+0000] {dagbag.py:545} INFO - Filling up the DagBag from /home/airflow/.local/lib/python3.12/site-packages/airflow/example_dags/example_branch_python_dop_operator_3.py
[2024-05-25T00:09:57.512+0000] {processor.py:840} INFO - DAG(s) 'example_branch_dop_operator_v3' retrieved from /home/airflow/.local/lib/python3.12/site-packages/airflow/example_dags/example_branch_python_dop_operator_3.py
[2024-05-25T00:09:57.625+0000] {logging_mixin.py:188} INFO - [2024-05-25T00:09:57.622+0000] {dag.py:3096} INFO - Sync 1 DAGs
[2024-05-25T00:09:57.807+0000] {logging_mixin.py:188} INFO - [2024-05-25T00:09:57.805+0000] {dag.py:3954} INFO - Setting next_dagrun for example_branch_dop_operator_v3 to 2024-05-25 00:08:00+00:00, run_after=2024-05-25 00:09:00+00:00
[2024-05-25T00:09:57.940+0000] {processor.py:183} INFO - Processing /home/airflow/.local/lib/python3.12/site-packages/airflow/example_dags/example_branch_python_dop_operator_3.py took 0.525 seconds
[2024-05-25T00:10:30.888+0000] {processor.py:161} INFO - Started process (PID=39693) to work on /home/airflow/.local/lib/python3.12/site-packages/airflow/example_dags/example_branch_python_dop_operator_3.py
[2024-05-25T00:10:30.902+0000] {processor.py:830} INFO - Processing file /home/airflow/.local/lib/python3.12/site-packages/airflow/example_dags/example_branch_python_dop_operator_3.py for tasks to queue
[2024-05-25T00:10:30.907+0000] {logging_mixin.py:188} INFO - [2024-05-25T00:10:30.906+0000] {dagbag.py:545} INFO - Filling up the DagBag from /home/airflow/.local/lib/python3.12/site-packages/airflow/example_dags/example_branch_python_dop_operator_3.py
[2024-05-25T00:10:30.969+0000] {processor.py:840} INFO - DAG(s) 'example_branch_dop_operator_v3' retrieved from /home/airflow/.local/lib/python3.12/site-packages/airflow/example_dags/example_branch_python_dop_operator_3.py
[2024-05-25T00:10:31.260+0000] {logging_mixin.py:188} INFO - [2024-05-25T00:10:31.257+0000] {dag.py:3096} INFO - Sync 1 DAGs
[2024-05-25T00:10:31.641+0000] {logging_mixin.py:188} INFO - [2024-05-25T00:10:31.638+0000] {dag.py:3954} INFO - Setting next_dagrun for example_branch_dop_operator_v3 to 2024-05-25 00:09:00+00:00, run_after=2024-05-25 00:10:00+00:00
[2024-05-25T00:10:31.944+0000] {processor.py:183} INFO - Processing /home/airflow/.local/lib/python3.12/site-packages/airflow/example_dags/example_branch_python_dop_operator_3.py took 1.106 seconds
[2024-05-25T00:11:02.301+0000] {processor.py:161} INFO - Started process (PID=39751) to work on /home/airflow/.local/lib/python3.12/site-packages/airflow/example_dags/example_branch_python_dop_operator_3.py
[2024-05-25T00:11:02.303+0000] {processor.py:830} INFO - Processing file /home/airflow/.local/lib/python3.12/site-packages/airflow/example_dags/example_branch_python_dop_operator_3.py for tasks to queue
[2024-05-25T00:11:02.304+0000] {logging_mixin.py:188} INFO - [2024-05-25T00:11:02.304+0000] {dagbag.py:545} INFO - Filling up the DagBag from /home/airflow/.local/lib/python3.12/site-packages/airflow/example_dags/example_branch_python_dop_operator_3.py
[2024-05-25T00:11:02.313+0000] {processor.py:840} INFO - DAG(s) 'example_branch_dop_operator_v3' retrieved from /home/airflow/.local/lib/python3.12/site-packages/airflow/example_dags/example_branch_python_dop_operator_3.py
[2024-05-25T00:11:02.338+0000] {logging_mixin.py:188} INFO - [2024-05-25T00:11:02.337+0000] {dag.py:3096} INFO - Sync 1 DAGs
[2024-05-25T00:11:02.365+0000] {logging_mixin.py:188} INFO - [2024-05-25T00:11:02.365+0000] {dag.py:3954} INFO - Setting next_dagrun for example_branch_dop_operator_v3 to 2024-05-25 00:10:00+00:00, run_after=2024-05-25 00:11:00+00:00
[2024-05-25T00:11:02.390+0000] {processor.py:183} INFO - Processing /home/airflow/.local/lib/python3.12/site-packages/airflow/example_dags/example_branch_python_dop_operator_3.py took 0.095 seconds
[2024-05-25T00:11:32.578+0000] {processor.py:161} INFO - Started process (PID=39809) to work on /home/airflow/.local/lib/python3.12/site-packages/airflow/example_dags/example_branch_python_dop_operator_3.py
[2024-05-25T00:11:32.580+0000] {processor.py:830} INFO - Processing file /home/airflow/.local/lib/python3.12/site-packages/airflow/example_dags/example_branch_python_dop_operator_3.py for tasks to queue
[2024-05-25T00:11:32.581+0000] {logging_mixin.py:188} INFO - [2024-05-25T00:11:32.581+0000] {dagbag.py:545} INFO - Filling up the DagBag from /home/airflow/.local/lib/python3.12/site-packages/airflow/example_dags/example_branch_python_dop_operator_3.py
[2024-05-25T00:11:32.590+0000] {processor.py:840} INFO - DAG(s) 'example_branch_dop_operator_v3' retrieved from /home/airflow/.local/lib/python3.12/site-packages/airflow/example_dags/example_branch_python_dop_operator_3.py
[2024-05-25T00:11:32.612+0000] {logging_mixin.py:188} INFO - [2024-05-25T00:11:32.612+0000] {dag.py:3096} INFO - Sync 1 DAGs
[2024-05-25T00:11:32.635+0000] {logging_mixin.py:188} INFO - [2024-05-25T00:11:32.635+0000] {dag.py:3954} INFO - Setting next_dagrun for example_branch_dop_operator_v3 to 2024-05-25 00:10:00+00:00, run_after=2024-05-25 00:11:00+00:00
[2024-05-25T00:11:32.658+0000] {processor.py:183} INFO - Processing /home/airflow/.local/lib/python3.12/site-packages/airflow/example_dags/example_branch_python_dop_operator_3.py took 0.085 seconds
[2024-05-25T00:12:03.571+0000] {processor.py:161} INFO - Started process (PID=39867) to work on /home/airflow/.local/lib/python3.12/site-packages/airflow/example_dags/example_branch_python_dop_operator_3.py
[2024-05-25T00:12:03.573+0000] {processor.py:830} INFO - Processing file /home/airflow/.local/lib/python3.12/site-packages/airflow/example_dags/example_branch_python_dop_operator_3.py for tasks to queue
[2024-05-25T00:12:03.574+0000] {logging_mixin.py:188} INFO - [2024-05-25T00:12:03.574+0000] {dagbag.py:545} INFO - Filling up the DagBag from /home/airflow/.local/lib/python3.12/site-packages/airflow/example_dags/example_branch_python_dop_operator_3.py
[2024-05-25T00:12:03.586+0000] {processor.py:840} INFO - DAG(s) 'example_branch_dop_operator_v3' retrieved from /home/airflow/.local/lib/python3.12/site-packages/airflow/example_dags/example_branch_python_dop_operator_3.py
[2024-05-25T00:12:03.611+0000] {logging_mixin.py:188} INFO - [2024-05-25T00:12:03.611+0000] {dag.py:3096} INFO - Sync 1 DAGs
[2024-05-25T00:12:03.642+0000] {logging_mixin.py:188} INFO - [2024-05-25T00:12:03.642+0000] {dag.py:3954} INFO - Setting next_dagrun for example_branch_dop_operator_v3 to 2024-05-25 00:11:00+00:00, run_after=2024-05-25 00:12:00+00:00
[2024-05-25T00:12:03.670+0000] {processor.py:183} INFO - Processing /home/airflow/.local/lib/python3.12/site-packages/airflow/example_dags/example_branch_python_dop_operator_3.py took 0.107 seconds
[2024-05-25T00:12:48.333+0000] {processor.py:161} INFO - Started process (PID=39928) to work on /home/airflow/.local/lib/python3.12/site-packages/airflow/example_dags/example_branch_python_dop_operator_3.py
[2024-05-25T00:12:48.334+0000] {processor.py:830} INFO - Processing file /home/airflow/.local/lib/python3.12/site-packages/airflow/example_dags/example_branch_python_dop_operator_3.py for tasks to queue
[2024-05-25T00:12:48.336+0000] {logging_mixin.py:188} INFO - [2024-05-25T00:12:48.335+0000] {dagbag.py:545} INFO - Filling up the DagBag from /home/airflow/.local/lib/python3.12/site-packages/airflow/example_dags/example_branch_python_dop_operator_3.py
[2024-05-25T00:12:48.347+0000] {processor.py:840} INFO - DAG(s) 'example_branch_dop_operator_v3' retrieved from /home/airflow/.local/lib/python3.12/site-packages/airflow/example_dags/example_branch_python_dop_operator_3.py
[2024-05-25T00:12:48.374+0000] {logging_mixin.py:188} INFO - [2024-05-25T00:12:48.373+0000] {dag.py:3096} INFO - Sync 1 DAGs
[2024-05-25T00:12:48.406+0000] {logging_mixin.py:188} INFO - [2024-05-25T00:12:48.406+0000] {dag.py:3954} INFO - Setting next_dagrun for example_branch_dop_operator_v3 to 2024-05-25 00:11:00+00:00, run_after=2024-05-25 00:12:00+00:00
[2024-05-25T00:12:48.432+0000] {processor.py:183} INFO - Processing /home/airflow/.local/lib/python3.12/site-packages/airflow/example_dags/example_branch_python_dop_operator_3.py took 0.107 seconds
[2024-05-25T00:14:15.081+0000] {processor.py:161} INFO - Started process (PID=39986) to work on /home/airflow/.local/lib/python3.12/site-packages/airflow/example_dags/example_branch_python_dop_operator_3.py
[2024-05-25T00:14:15.084+0000] {processor.py:830} INFO - Processing file /home/airflow/.local/lib/python3.12/site-packages/airflow/example_dags/example_branch_python_dop_operator_3.py for tasks to queue
[2024-05-25T00:14:15.089+0000] {logging_mixin.py:188} INFO - [2024-05-25T00:14:15.088+0000] {dagbag.py:545} INFO - Filling up the DagBag from /home/airflow/.local/lib/python3.12/site-packages/airflow/example_dags/example_branch_python_dop_operator_3.py
[2024-05-25T00:14:15.127+0000] {processor.py:840} INFO - DAG(s) 'example_branch_dop_operator_v3' retrieved from /home/airflow/.local/lib/python3.12/site-packages/airflow/example_dags/example_branch_python_dop_operator_3.py
[2024-05-25T00:14:15.169+0000] {logging_mixin.py:188} INFO - [2024-05-25T00:14:15.169+0000] {dag.py:3096} INFO - Sync 1 DAGs
[2024-05-25T00:14:15.228+0000] {logging_mixin.py:188} INFO - [2024-05-25T00:14:15.227+0000] {dag.py:3954} INFO - Setting next_dagrun for example_branch_dop_operator_v3 to 2024-05-25 00:13:00+00:00, run_after=2024-05-25 00:14:00+00:00
[2024-05-25T00:14:15.287+0000] {processor.py:183} INFO - Processing /home/airflow/.local/lib/python3.12/site-packages/airflow/example_dags/example_branch_python_dop_operator_3.py took 0.227 seconds
[2024-05-25T00:14:46.003+0000] {processor.py:161} INFO - Started process (PID=40050) to work on /home/airflow/.local/lib/python3.12/site-packages/airflow/example_dags/example_branch_python_dop_operator_3.py
[2024-05-25T00:14:46.006+0000] {processor.py:830} INFO - Processing file /home/airflow/.local/lib/python3.12/site-packages/airflow/example_dags/example_branch_python_dop_operator_3.py for tasks to queue
[2024-05-25T00:14:46.007+0000] {logging_mixin.py:188} INFO - [2024-05-25T00:14:46.007+0000] {dagbag.py:545} INFO - Filling up the DagBag from /home/airflow/.local/lib/python3.12/site-packages/airflow/example_dags/example_branch_python_dop_operator_3.py
[2024-05-25T00:14:46.024+0000] {processor.py:840} INFO - DAG(s) 'example_branch_dop_operator_v3' retrieved from /home/airflow/.local/lib/python3.12/site-packages/airflow/example_dags/example_branch_python_dop_operator_3.py
[2024-05-25T00:14:46.050+0000] {logging_mixin.py:188} INFO - [2024-05-25T00:14:46.049+0000] {dag.py:3096} INFO - Sync 1 DAGs
[2024-05-25T00:14:46.077+0000] {logging_mixin.py:188} INFO - [2024-05-25T00:14:46.077+0000] {dag.py:3954} INFO - Setting next_dagrun for example_branch_dop_operator_v3 to 2024-05-25 00:13:00+00:00, run_after=2024-05-25 00:14:00+00:00
[2024-05-25T00:14:46.103+0000] {processor.py:183} INFO - Processing /home/airflow/.local/lib/python3.12/site-packages/airflow/example_dags/example_branch_python_dop_operator_3.py took 0.118 seconds
[2024-05-25T00:15:22.214+0000] {processor.py:161} INFO - Started process (PID=40113) to work on /home/airflow/.local/lib/python3.12/site-packages/airflow/example_dags/example_branch_python_dop_operator_3.py
[2024-05-25T00:15:22.216+0000] {processor.py:830} INFO - Processing file /home/airflow/.local/lib/python3.12/site-packages/airflow/example_dags/example_branch_python_dop_operator_3.py for tasks to queue
[2024-05-25T00:15:22.217+0000] {logging_mixin.py:188} INFO - [2024-05-25T00:15:22.217+0000] {dagbag.py:545} INFO - Filling up the DagBag from /home/airflow/.local/lib/python3.12/site-packages/airflow/example_dags/example_branch_python_dop_operator_3.py
[2024-05-25T00:15:22.228+0000] {processor.py:840} INFO - DAG(s) 'example_branch_dop_operator_v3' retrieved from /home/airflow/.local/lib/python3.12/site-packages/airflow/example_dags/example_branch_python_dop_operator_3.py
[2024-05-25T00:15:22.262+0000] {logging_mixin.py:188} INFO - [2024-05-25T00:15:22.262+0000] {dag.py:3096} INFO - Sync 1 DAGs
[2024-05-25T00:15:22.292+0000] {logging_mixin.py:188} INFO - [2024-05-25T00:15:22.292+0000] {dag.py:3954} INFO - Setting next_dagrun for example_branch_dop_operator_v3 to 2024-05-25 00:14:00+00:00, run_after=2024-05-25 00:15:00+00:00
[2024-05-25T00:15:22.319+0000] {processor.py:183} INFO - Processing /home/airflow/.local/lib/python3.12/site-packages/airflow/example_dags/example_branch_python_dop_operator_3.py took 0.116 seconds
