[2024-05-25T00:00:16.222+0000] {processor.py:161} INFO - Started process (PID=38633) to work on /home/airflow/.local/lib/python3.12/site-packages/airflow/example_dags/example_time_delta_sensor_async.py
[2024-05-25T00:00:16.224+0000] {processor.py:830} INFO - Processing file /home/airflow/.local/lib/python3.12/site-packages/airflow/example_dags/example_time_delta_sensor_async.py for tasks to queue
[2024-05-25T00:00:16.226+0000] {logging_mixin.py:188} INFO - [2024-05-25T00:00:16.225+0000] {dagbag.py:545} INFO - Filling up the DagBag from /home/airflow/.local/lib/python3.12/site-packages/airflow/example_dags/example_time_delta_sensor_async.py
[2024-05-25T00:00:16.233+0000] {processor.py:840} INFO - DAG(s) 'example_time_delta_sensor_async' retrieved from /home/airflow/.local/lib/python3.12/site-packages/airflow/example_dags/example_time_delta_sensor_async.py
[2024-05-25T00:00:16.253+0000] {logging_mixin.py:188} INFO - [2024-05-25T00:00:16.253+0000] {dag.py:3096} INFO - Sync 1 DAGs
[2024-05-25T00:00:16.266+0000] {logging_mixin.py:188} INFO - [2024-05-25T00:00:16.266+0000] {dag.py:3954} INFO - Setting next_dagrun for example_time_delta_sensor_async to None, run_after=None
[2024-05-25T00:00:16.284+0000] {processor.py:183} INFO - Processing /home/airflow/.local/lib/python3.12/site-packages/airflow/example_dags/example_time_delta_sensor_async.py took 0.068 seconds
[2024-05-25T00:00:46.391+0000] {processor.py:161} INFO - Started process (PID=38691) to work on /home/airflow/.local/lib/python3.12/site-packages/airflow/example_dags/example_time_delta_sensor_async.py
[2024-05-25T00:00:46.393+0000] {processor.py:830} INFO - Processing file /home/airflow/.local/lib/python3.12/site-packages/airflow/example_dags/example_time_delta_sensor_async.py for tasks to queue
[2024-05-25T00:00:46.395+0000] {logging_mixin.py:188} INFO - [2024-05-25T00:00:46.395+0000] {dagbag.py:545} INFO - Filling up the DagBag from /home/airflow/.local/lib/python3.12/site-packages/airflow/example_dags/example_time_delta_sensor_async.py
[2024-05-25T00:00:46.399+0000] {processor.py:840} INFO - DAG(s) 'example_time_delta_sensor_async' retrieved from /home/airflow/.local/lib/python3.12/site-packages/airflow/example_dags/example_time_delta_sensor_async.py
[2024-05-25T00:00:46.422+0000] {logging_mixin.py:188} INFO - [2024-05-25T00:00:46.421+0000] {dag.py:3096} INFO - Sync 1 DAGs
[2024-05-25T00:00:46.434+0000] {logging_mixin.py:188} INFO - [2024-05-25T00:00:46.434+0000] {dag.py:3954} INFO - Setting next_dagrun for example_time_delta_sensor_async to None, run_after=None
[2024-05-25T00:00:46.461+0000] {processor.py:183} INFO - Processing /home/airflow/.local/lib/python3.12/site-packages/airflow/example_dags/example_time_delta_sensor_async.py took 0.076 seconds
[2024-05-25T00:01:16.926+0000] {processor.py:161} INFO - Started process (PID=38749) to work on /home/airflow/.local/lib/python3.12/site-packages/airflow/example_dags/example_time_delta_sensor_async.py
[2024-05-25T00:01:16.928+0000] {processor.py:830} INFO - Processing file /home/airflow/.local/lib/python3.12/site-packages/airflow/example_dags/example_time_delta_sensor_async.py for tasks to queue
[2024-05-25T00:01:16.930+0000] {logging_mixin.py:188} INFO - [2024-05-25T00:01:16.929+0000] {dagbag.py:545} INFO - Filling up the DagBag from /home/airflow/.local/lib/python3.12/site-packages/airflow/example_dags/example_time_delta_sensor_async.py
[2024-05-25T00:01:16.933+0000] {processor.py:840} INFO - DAG(s) 'example_time_delta_sensor_async' retrieved from /home/airflow/.local/lib/python3.12/site-packages/airflow/example_dags/example_time_delta_sensor_async.py
[2024-05-25T00:01:16.953+0000] {logging_mixin.py:188} INFO - [2024-05-25T00:01:16.952+0000] {dag.py:3096} INFO - Sync 1 DAGs
[2024-05-25T00:01:16.964+0000] {logging_mixin.py:188} INFO - [2024-05-25T00:01:16.964+0000] {dag.py:3954} INFO - Setting next_dagrun for example_time_delta_sensor_async to None, run_after=None
[2024-05-25T00:01:16.985+0000] {processor.py:183} INFO - Processing /home/airflow/.local/lib/python3.12/site-packages/airflow/example_dags/example_time_delta_sensor_async.py took 0.065 seconds
[2024-05-25T00:01:47.666+0000] {processor.py:161} INFO - Started process (PID=38807) to work on /home/airflow/.local/lib/python3.12/site-packages/airflow/example_dags/example_time_delta_sensor_async.py
[2024-05-25T00:01:47.668+0000] {processor.py:830} INFO - Processing file /home/airflow/.local/lib/python3.12/site-packages/airflow/example_dags/example_time_delta_sensor_async.py for tasks to queue
[2024-05-25T00:01:47.672+0000] {logging_mixin.py:188} INFO - [2024-05-25T00:01:47.671+0000] {dagbag.py:545} INFO - Filling up the DagBag from /home/airflow/.local/lib/python3.12/site-packages/airflow/example_dags/example_time_delta_sensor_async.py
[2024-05-25T00:01:47.684+0000] {processor.py:840} INFO - DAG(s) 'example_time_delta_sensor_async' retrieved from /home/airflow/.local/lib/python3.12/site-packages/airflow/example_dags/example_time_delta_sensor_async.py
[2024-05-25T00:01:47.714+0000] {logging_mixin.py:188} INFO - [2024-05-25T00:01:47.713+0000] {dag.py:3096} INFO - Sync 1 DAGs
[2024-05-25T00:01:47.728+0000] {logging_mixin.py:188} INFO - [2024-05-25T00:01:47.728+0000] {dag.py:3954} INFO - Setting next_dagrun for example_time_delta_sensor_async to None, run_after=None
[2024-05-25T00:01:47.762+0000] {processor.py:183} INFO - Processing /home/airflow/.local/lib/python3.12/site-packages/airflow/example_dags/example_time_delta_sensor_async.py took 0.107 seconds
[2024-05-25T00:02:18.182+0000] {processor.py:161} INFO - Started process (PID=38865) to work on /home/airflow/.local/lib/python3.12/site-packages/airflow/example_dags/example_time_delta_sensor_async.py
[2024-05-25T00:02:18.184+0000] {processor.py:830} INFO - Processing file /home/airflow/.local/lib/python3.12/site-packages/airflow/example_dags/example_time_delta_sensor_async.py for tasks to queue
[2024-05-25T00:02:18.186+0000] {logging_mixin.py:188} INFO - [2024-05-25T00:02:18.186+0000] {dagbag.py:545} INFO - Filling up the DagBag from /home/airflow/.local/lib/python3.12/site-packages/airflow/example_dags/example_time_delta_sensor_async.py
[2024-05-25T00:02:18.192+0000] {processor.py:840} INFO - DAG(s) 'example_time_delta_sensor_async' retrieved from /home/airflow/.local/lib/python3.12/site-packages/airflow/example_dags/example_time_delta_sensor_async.py
[2024-05-25T00:02:18.220+0000] {logging_mixin.py:188} INFO - [2024-05-25T00:02:18.219+0000] {dag.py:3096} INFO - Sync 1 DAGs
[2024-05-25T00:02:18.237+0000] {logging_mixin.py:188} INFO - [2024-05-25T00:02:18.237+0000] {dag.py:3954} INFO - Setting next_dagrun for example_time_delta_sensor_async to None, run_after=None
[2024-05-25T00:02:18.272+0000] {processor.py:183} INFO - Processing /home/airflow/.local/lib/python3.12/site-packages/airflow/example_dags/example_time_delta_sensor_async.py took 0.096 seconds
[2024-05-25T00:02:49.830+0000] {processor.py:161} INFO - Started process (PID=38923) to work on /home/airflow/.local/lib/python3.12/site-packages/airflow/example_dags/example_time_delta_sensor_async.py
[2024-05-25T00:02:49.831+0000] {processor.py:830} INFO - Processing file /home/airflow/.local/lib/python3.12/site-packages/airflow/example_dags/example_time_delta_sensor_async.py for tasks to queue
[2024-05-25T00:02:49.834+0000] {logging_mixin.py:188} INFO - [2024-05-25T00:02:49.833+0000] {dagbag.py:545} INFO - Filling up the DagBag from /home/airflow/.local/lib/python3.12/site-packages/airflow/example_dags/example_time_delta_sensor_async.py
[2024-05-25T00:02:49.842+0000] {processor.py:840} INFO - DAG(s) 'example_time_delta_sensor_async' retrieved from /home/airflow/.local/lib/python3.12/site-packages/airflow/example_dags/example_time_delta_sensor_async.py
[2024-05-25T00:02:49.873+0000] {logging_mixin.py:188} INFO - [2024-05-25T00:02:49.873+0000] {dag.py:3096} INFO - Sync 1 DAGs
[2024-05-25T00:02:49.891+0000] {logging_mixin.py:188} INFO - [2024-05-25T00:02:49.891+0000] {dag.py:3954} INFO - Setting next_dagrun for example_time_delta_sensor_async to None, run_after=None
[2024-05-25T00:02:49.923+0000] {processor.py:183} INFO - Processing /home/airflow/.local/lib/python3.12/site-packages/airflow/example_dags/example_time_delta_sensor_async.py took 0.101 seconds
[2024-05-25T00:03:21.087+0000] {processor.py:161} INFO - Started process (PID=38985) to work on /home/airflow/.local/lib/python3.12/site-packages/airflow/example_dags/example_time_delta_sensor_async.py
[2024-05-25T00:03:21.089+0000] {processor.py:830} INFO - Processing file /home/airflow/.local/lib/python3.12/site-packages/airflow/example_dags/example_time_delta_sensor_async.py for tasks to queue
[2024-05-25T00:03:21.092+0000] {logging_mixin.py:188} INFO - [2024-05-25T00:03:21.092+0000] {dagbag.py:545} INFO - Filling up the DagBag from /home/airflow/.local/lib/python3.12/site-packages/airflow/example_dags/example_time_delta_sensor_async.py
[2024-05-25T00:03:21.097+0000] {processor.py:840} INFO - DAG(s) 'example_time_delta_sensor_async' retrieved from /home/airflow/.local/lib/python3.12/site-packages/airflow/example_dags/example_time_delta_sensor_async.py
[2024-05-25T00:03:21.128+0000] {logging_mixin.py:188} INFO - [2024-05-25T00:03:21.128+0000] {dag.py:3096} INFO - Sync 1 DAGs
[2024-05-25T00:03:21.144+0000] {logging_mixin.py:188} INFO - [2024-05-25T00:03:21.144+0000] {dag.py:3954} INFO - Setting next_dagrun for example_time_delta_sensor_async to None, run_after=None
[2024-05-25T00:03:21.172+0000] {processor.py:183} INFO - Processing /home/airflow/.local/lib/python3.12/site-packages/airflow/example_dags/example_time_delta_sensor_async.py took 0.092 seconds
[2024-05-25T00:03:51.216+0000] {processor.py:161} INFO - Started process (PID=39042) to work on /home/airflow/.local/lib/python3.12/site-packages/airflow/example_dags/example_time_delta_sensor_async.py
[2024-05-25T00:03:51.218+0000] {processor.py:830} INFO - Processing file /home/airflow/.local/lib/python3.12/site-packages/airflow/example_dags/example_time_delta_sensor_async.py for tasks to queue
[2024-05-25T00:03:51.221+0000] {logging_mixin.py:188} INFO - [2024-05-25T00:03:51.220+0000] {dagbag.py:545} INFO - Filling up the DagBag from /home/airflow/.local/lib/python3.12/site-packages/airflow/example_dags/example_time_delta_sensor_async.py
[2024-05-25T00:03:51.225+0000] {processor.py:840} INFO - DAG(s) 'example_time_delta_sensor_async' retrieved from /home/airflow/.local/lib/python3.12/site-packages/airflow/example_dags/example_time_delta_sensor_async.py
[2024-05-25T00:03:51.246+0000] {logging_mixin.py:188} INFO - [2024-05-25T00:03:51.246+0000] {dag.py:3096} INFO - Sync 1 DAGs
[2024-05-25T00:03:51.259+0000] {logging_mixin.py:188} INFO - [2024-05-25T00:03:51.259+0000] {dag.py:3954} INFO - Setting next_dagrun for example_time_delta_sensor_async to None, run_after=None
[2024-05-25T00:03:51.286+0000] {processor.py:183} INFO - Processing /home/airflow/.local/lib/python3.12/site-packages/airflow/example_dags/example_time_delta_sensor_async.py took 0.075 seconds
[2024-05-25T00:04:21.643+0000] {processor.py:161} INFO - Started process (PID=39099) to work on /home/airflow/.local/lib/python3.12/site-packages/airflow/example_dags/example_time_delta_sensor_async.py
[2024-05-25T00:04:21.646+0000] {processor.py:830} INFO - Processing file /home/airflow/.local/lib/python3.12/site-packages/airflow/example_dags/example_time_delta_sensor_async.py for tasks to queue
[2024-05-25T00:04:21.649+0000] {logging_mixin.py:188} INFO - [2024-05-25T00:04:21.649+0000] {dagbag.py:545} INFO - Filling up the DagBag from /home/airflow/.local/lib/python3.12/site-packages/airflow/example_dags/example_time_delta_sensor_async.py
[2024-05-25T00:04:21.654+0000] {processor.py:840} INFO - DAG(s) 'example_time_delta_sensor_async' retrieved from /home/airflow/.local/lib/python3.12/site-packages/airflow/example_dags/example_time_delta_sensor_async.py
[2024-05-25T00:04:21.685+0000] {logging_mixin.py:188} INFO - [2024-05-25T00:04:21.685+0000] {dag.py:3096} INFO - Sync 1 DAGs
[2024-05-25T00:04:21.712+0000] {logging_mixin.py:188} INFO - [2024-05-25T00:04:21.712+0000] {dag.py:3954} INFO - Setting next_dagrun for example_time_delta_sensor_async to None, run_after=None
[2024-05-25T00:04:21.755+0000] {processor.py:183} INFO - Processing /home/airflow/.local/lib/python3.12/site-packages/airflow/example_dags/example_time_delta_sensor_async.py took 0.118 seconds
[2024-05-25T00:04:53.361+0000] {processor.py:161} INFO - Started process (PID=39157) to work on /home/airflow/.local/lib/python3.12/site-packages/airflow/example_dags/example_time_delta_sensor_async.py
[2024-05-25T00:04:53.365+0000] {processor.py:830} INFO - Processing file /home/airflow/.local/lib/python3.12/site-packages/airflow/example_dags/example_time_delta_sensor_async.py for tasks to queue
[2024-05-25T00:04:53.371+0000] {logging_mixin.py:188} INFO - [2024-05-25T00:04:53.368+0000] {dagbag.py:545} INFO - Filling up the DagBag from /home/airflow/.local/lib/python3.12/site-packages/airflow/example_dags/example_time_delta_sensor_async.py
[2024-05-25T00:04:53.400+0000] {processor.py:840} INFO - DAG(s) 'example_time_delta_sensor_async' retrieved from /home/airflow/.local/lib/python3.12/site-packages/airflow/example_dags/example_time_delta_sensor_async.py
[2024-05-25T00:04:53.731+0000] {logging_mixin.py:188} INFO - [2024-05-25T00:04:53.723+0000] {dag.py:3096} INFO - Sync 1 DAGs
[2024-05-25T00:04:53.755+0000] {logging_mixin.py:188} INFO - [2024-05-25T00:04:53.753+0000] {dag.py:3954} INFO - Setting next_dagrun for example_time_delta_sensor_async to None, run_after=None
[2024-05-25T00:04:53.818+0000] {processor.py:183} INFO - Processing /home/airflow/.local/lib/python3.12/site-packages/airflow/example_dags/example_time_delta_sensor_async.py took 0.482 seconds
[2024-05-25T00:05:24.499+0000] {processor.py:161} INFO - Started process (PID=39215) to work on /home/airflow/.local/lib/python3.12/site-packages/airflow/example_dags/example_time_delta_sensor_async.py
[2024-05-25T00:05:24.501+0000] {processor.py:830} INFO - Processing file /home/airflow/.local/lib/python3.12/site-packages/airflow/example_dags/example_time_delta_sensor_async.py for tasks to queue
[2024-05-25T00:05:24.503+0000] {logging_mixin.py:188} INFO - [2024-05-25T00:05:24.503+0000] {dagbag.py:545} INFO - Filling up the DagBag from /home/airflow/.local/lib/python3.12/site-packages/airflow/example_dags/example_time_delta_sensor_async.py
[2024-05-25T00:05:24.518+0000] {processor.py:840} INFO - DAG(s) 'example_time_delta_sensor_async' retrieved from /home/airflow/.local/lib/python3.12/site-packages/airflow/example_dags/example_time_delta_sensor_async.py
[2024-05-25T00:05:24.539+0000] {logging_mixin.py:188} INFO - [2024-05-25T00:05:24.538+0000] {dag.py:3096} INFO - Sync 1 DAGs
[2024-05-25T00:05:24.550+0000] {logging_mixin.py:188} INFO - [2024-05-25T00:05:24.549+0000] {dag.py:3954} INFO - Setting next_dagrun for example_time_delta_sensor_async to None, run_after=None
[2024-05-25T00:05:24.584+0000] {processor.py:183} INFO - Processing /home/airflow/.local/lib/python3.12/site-packages/airflow/example_dags/example_time_delta_sensor_async.py took 0.090 seconds
[2024-05-25T00:05:54.717+0000] {processor.py:161} INFO - Started process (PID=39273) to work on /home/airflow/.local/lib/python3.12/site-packages/airflow/example_dags/example_time_delta_sensor_async.py
[2024-05-25T00:05:54.719+0000] {processor.py:830} INFO - Processing file /home/airflow/.local/lib/python3.12/site-packages/airflow/example_dags/example_time_delta_sensor_async.py for tasks to queue
[2024-05-25T00:05:54.721+0000] {logging_mixin.py:188} INFO - [2024-05-25T00:05:54.720+0000] {dagbag.py:545} INFO - Filling up the DagBag from /home/airflow/.local/lib/python3.12/site-packages/airflow/example_dags/example_time_delta_sensor_async.py
[2024-05-25T00:05:54.727+0000] {processor.py:840} INFO - DAG(s) 'example_time_delta_sensor_async' retrieved from /home/airflow/.local/lib/python3.12/site-packages/airflow/example_dags/example_time_delta_sensor_async.py
[2024-05-25T00:05:54.748+0000] {logging_mixin.py:188} INFO - [2024-05-25T00:05:54.748+0000] {dag.py:3096} INFO - Sync 1 DAGs
[2024-05-25T00:05:54.760+0000] {logging_mixin.py:188} INFO - [2024-05-25T00:05:54.760+0000] {dag.py:3954} INFO - Setting next_dagrun for example_time_delta_sensor_async to None, run_after=None
[2024-05-25T00:05:54.780+0000] {processor.py:183} INFO - Processing /home/airflow/.local/lib/python3.12/site-packages/airflow/example_dags/example_time_delta_sensor_async.py took 0.068 seconds
[2024-05-25T00:06:24.907+0000] {processor.py:161} INFO - Started process (PID=39331) to work on /home/airflow/.local/lib/python3.12/site-packages/airflow/example_dags/example_time_delta_sensor_async.py
[2024-05-25T00:06:24.909+0000] {processor.py:830} INFO - Processing file /home/airflow/.local/lib/python3.12/site-packages/airflow/example_dags/example_time_delta_sensor_async.py for tasks to queue
[2024-05-25T00:06:24.911+0000] {logging_mixin.py:188} INFO - [2024-05-25T00:06:24.911+0000] {dagbag.py:545} INFO - Filling up the DagBag from /home/airflow/.local/lib/python3.12/site-packages/airflow/example_dags/example_time_delta_sensor_async.py
[2024-05-25T00:06:24.917+0000] {processor.py:840} INFO - DAG(s) 'example_time_delta_sensor_async' retrieved from /home/airflow/.local/lib/python3.12/site-packages/airflow/example_dags/example_time_delta_sensor_async.py
[2024-05-25T00:06:24.937+0000] {logging_mixin.py:188} INFO - [2024-05-25T00:06:24.936+0000] {dag.py:3096} INFO - Sync 1 DAGs
[2024-05-25T00:06:24.947+0000] {logging_mixin.py:188} INFO - [2024-05-25T00:06:24.947+0000] {dag.py:3954} INFO - Setting next_dagrun for example_time_delta_sensor_async to None, run_after=None
[2024-05-25T00:06:24.968+0000] {processor.py:183} INFO - Processing /home/airflow/.local/lib/python3.12/site-packages/airflow/example_dags/example_time_delta_sensor_async.py took 0.067 seconds
[2024-05-25T00:06:55.524+0000] {processor.py:161} INFO - Started process (PID=39389) to work on /home/airflow/.local/lib/python3.12/site-packages/airflow/example_dags/example_time_delta_sensor_async.py
[2024-05-25T00:06:55.526+0000] {processor.py:830} INFO - Processing file /home/airflow/.local/lib/python3.12/site-packages/airflow/example_dags/example_time_delta_sensor_async.py for tasks to queue
[2024-05-25T00:06:55.529+0000] {logging_mixin.py:188} INFO - [2024-05-25T00:06:55.528+0000] {dagbag.py:545} INFO - Filling up the DagBag from /home/airflow/.local/lib/python3.12/site-packages/airflow/example_dags/example_time_delta_sensor_async.py
[2024-05-25T00:06:55.534+0000] {processor.py:840} INFO - DAG(s) 'example_time_delta_sensor_async' retrieved from /home/airflow/.local/lib/python3.12/site-packages/airflow/example_dags/example_time_delta_sensor_async.py
[2024-05-25T00:06:55.578+0000] {logging_mixin.py:188} INFO - [2024-05-25T00:06:55.578+0000] {dag.py:3096} INFO - Sync 1 DAGs
[2024-05-25T00:06:55.591+0000] {logging_mixin.py:188} INFO - [2024-05-25T00:06:55.591+0000] {dag.py:3954} INFO - Setting next_dagrun for example_time_delta_sensor_async to None, run_after=None
[2024-05-25T00:06:55.614+0000] {processor.py:183} INFO - Processing /home/airflow/.local/lib/python3.12/site-packages/airflow/example_dags/example_time_delta_sensor_async.py took 0.098 seconds
[2024-05-25T00:07:25.711+0000] {processor.py:161} INFO - Started process (PID=39447) to work on /home/airflow/.local/lib/python3.12/site-packages/airflow/example_dags/example_time_delta_sensor_async.py
[2024-05-25T00:07:25.715+0000] {processor.py:830} INFO - Processing file /home/airflow/.local/lib/python3.12/site-packages/airflow/example_dags/example_time_delta_sensor_async.py for tasks to queue
[2024-05-25T00:07:25.717+0000] {logging_mixin.py:188} INFO - [2024-05-25T00:07:25.717+0000] {dagbag.py:545} INFO - Filling up the DagBag from /home/airflow/.local/lib/python3.12/site-packages/airflow/example_dags/example_time_delta_sensor_async.py
[2024-05-25T00:07:25.723+0000] {processor.py:840} INFO - DAG(s) 'example_time_delta_sensor_async' retrieved from /home/airflow/.local/lib/python3.12/site-packages/airflow/example_dags/example_time_delta_sensor_async.py
[2024-05-25T00:07:25.753+0000] {logging_mixin.py:188} INFO - [2024-05-25T00:07:25.753+0000] {dag.py:3096} INFO - Sync 1 DAGs
[2024-05-25T00:07:25.768+0000] {logging_mixin.py:188} INFO - [2024-05-25T00:07:25.767+0000] {dag.py:3954} INFO - Setting next_dagrun for example_time_delta_sensor_async to None, run_after=None
[2024-05-25T00:07:25.790+0000] {processor.py:183} INFO - Processing /home/airflow/.local/lib/python3.12/site-packages/airflow/example_dags/example_time_delta_sensor_async.py took 0.086 seconds
[2024-05-25T00:07:55.958+0000] {processor.py:161} INFO - Started process (PID=39505) to work on /home/airflow/.local/lib/python3.12/site-packages/airflow/example_dags/example_time_delta_sensor_async.py
[2024-05-25T00:07:55.959+0000] {processor.py:830} INFO - Processing file /home/airflow/.local/lib/python3.12/site-packages/airflow/example_dags/example_time_delta_sensor_async.py for tasks to queue
[2024-05-25T00:07:55.961+0000] {logging_mixin.py:188} INFO - [2024-05-25T00:07:55.961+0000] {dagbag.py:545} INFO - Filling up the DagBag from /home/airflow/.local/lib/python3.12/site-packages/airflow/example_dags/example_time_delta_sensor_async.py
[2024-05-25T00:07:55.969+0000] {processor.py:840} INFO - DAG(s) 'example_time_delta_sensor_async' retrieved from /home/airflow/.local/lib/python3.12/site-packages/airflow/example_dags/example_time_delta_sensor_async.py
[2024-05-25T00:07:55.991+0000] {logging_mixin.py:188} INFO - [2024-05-25T00:07:55.991+0000] {dag.py:3096} INFO - Sync 1 DAGs
[2024-05-25T00:07:56.006+0000] {logging_mixin.py:188} INFO - [2024-05-25T00:07:56.005+0000] {dag.py:3954} INFO - Setting next_dagrun for example_time_delta_sensor_async to None, run_after=None
[2024-05-25T00:07:56.027+0000] {processor.py:183} INFO - Processing /home/airflow/.local/lib/python3.12/site-packages/airflow/example_dags/example_time_delta_sensor_async.py took 0.076 seconds
[2024-05-25T00:08:33.669+0000] {processor.py:161} INFO - Started process (PID=39546) to work on /home/airflow/.local/lib/python3.12/site-packages/airflow/example_dags/example_time_delta_sensor_async.py
[2024-05-25T00:08:33.673+0000] {processor.py:830} INFO - Processing file /home/airflow/.local/lib/python3.12/site-packages/airflow/example_dags/example_time_delta_sensor_async.py for tasks to queue
[2024-05-25T00:08:33.678+0000] {logging_mixin.py:188} INFO - [2024-05-25T00:08:33.677+0000] {dagbag.py:545} INFO - Filling up the DagBag from /home/airflow/.local/lib/python3.12/site-packages/airflow/example_dags/example_time_delta_sensor_async.py
[2024-05-25T00:08:33.695+0000] {processor.py:840} INFO - DAG(s) 'example_time_delta_sensor_async' retrieved from /home/airflow/.local/lib/python3.12/site-packages/airflow/example_dags/example_time_delta_sensor_async.py
[2024-05-25T00:08:33.770+0000] {logging_mixin.py:188} INFO - [2024-05-25T00:08:33.769+0000] {dag.py:3096} INFO - Sync 1 DAGs
[2024-05-25T00:08:33.794+0000] {logging_mixin.py:188} INFO - [2024-05-25T00:08:33.793+0000] {dag.py:3954} INFO - Setting next_dagrun for example_time_delta_sensor_async to None, run_after=None
[2024-05-25T00:08:33.825+0000] {processor.py:183} INFO - Processing /home/airflow/.local/lib/python3.12/site-packages/airflow/example_dags/example_time_delta_sensor_async.py took 0.172 seconds
[2024-05-25T00:09:04.024+0000] {processor.py:161} INFO - Started process (PID=39604) to work on /home/airflow/.local/lib/python3.12/site-packages/airflow/example_dags/example_time_delta_sensor_async.py
[2024-05-25T00:09:04.025+0000] {processor.py:830} INFO - Processing file /home/airflow/.local/lib/python3.12/site-packages/airflow/example_dags/example_time_delta_sensor_async.py for tasks to queue
[2024-05-25T00:09:04.028+0000] {logging_mixin.py:188} INFO - [2024-05-25T00:09:04.027+0000] {dagbag.py:545} INFO - Filling up the DagBag from /home/airflow/.local/lib/python3.12/site-packages/airflow/example_dags/example_time_delta_sensor_async.py
[2024-05-25T00:09:04.034+0000] {processor.py:840} INFO - DAG(s) 'example_time_delta_sensor_async' retrieved from /home/airflow/.local/lib/python3.12/site-packages/airflow/example_dags/example_time_delta_sensor_async.py
[2024-05-25T00:09:04.060+0000] {logging_mixin.py:188} INFO - [2024-05-25T00:09:04.059+0000] {dag.py:3096} INFO - Sync 1 DAGs
[2024-05-25T00:09:04.075+0000] {logging_mixin.py:188} INFO - [2024-05-25T00:09:04.075+0000] {dag.py:3954} INFO - Setting next_dagrun for example_time_delta_sensor_async to None, run_after=None
[2024-05-25T00:09:04.104+0000] {processor.py:183} INFO - Processing /home/airflow/.local/lib/python3.12/site-packages/airflow/example_dags/example_time_delta_sensor_async.py took 0.091 seconds
[2024-05-25T00:10:03.985+0000] {processor.py:161} INFO - Started process (PID=39659) to work on /home/airflow/.local/lib/python3.12/site-packages/airflow/example_dags/example_time_delta_sensor_async.py
[2024-05-25T00:10:03.987+0000] {processor.py:830} INFO - Processing file /home/airflow/.local/lib/python3.12/site-packages/airflow/example_dags/example_time_delta_sensor_async.py for tasks to queue
[2024-05-25T00:10:03.989+0000] {logging_mixin.py:188} INFO - [2024-05-25T00:10:03.989+0000] {dagbag.py:545} INFO - Filling up the DagBag from /home/airflow/.local/lib/python3.12/site-packages/airflow/example_dags/example_time_delta_sensor_async.py
[2024-05-25T00:10:03.997+0000] {processor.py:840} INFO - DAG(s) 'example_time_delta_sensor_async' retrieved from /home/airflow/.local/lib/python3.12/site-packages/airflow/example_dags/example_time_delta_sensor_async.py
[2024-05-25T00:10:04.044+0000] {logging_mixin.py:188} INFO - [2024-05-25T00:10:04.044+0000] {dag.py:3096} INFO - Sync 1 DAGs
[2024-05-25T00:10:04.061+0000] {logging_mixin.py:188} INFO - [2024-05-25T00:10:04.061+0000] {dag.py:3954} INFO - Setting next_dagrun for example_time_delta_sensor_async to None, run_after=None
[2024-05-25T00:10:04.102+0000] {processor.py:183} INFO - Processing /home/airflow/.local/lib/python3.12/site-packages/airflow/example_dags/example_time_delta_sensor_async.py took 0.126 seconds
[2024-05-25T00:10:51.422+0000] {processor.py:161} INFO - Started process (PID=39715) to work on /home/airflow/.local/lib/python3.12/site-packages/airflow/example_dags/example_time_delta_sensor_async.py
[2024-05-25T00:10:51.424+0000] {processor.py:830} INFO - Processing file /home/airflow/.local/lib/python3.12/site-packages/airflow/example_dags/example_time_delta_sensor_async.py for tasks to queue
[2024-05-25T00:10:51.425+0000] {logging_mixin.py:188} INFO - [2024-05-25T00:10:51.425+0000] {dagbag.py:545} INFO - Filling up the DagBag from /home/airflow/.local/lib/python3.12/site-packages/airflow/example_dags/example_time_delta_sensor_async.py
[2024-05-25T00:10:51.430+0000] {processor.py:840} INFO - DAG(s) 'example_time_delta_sensor_async' retrieved from /home/airflow/.local/lib/python3.12/site-packages/airflow/example_dags/example_time_delta_sensor_async.py
[2024-05-25T00:10:51.459+0000] {logging_mixin.py:188} INFO - [2024-05-25T00:10:51.458+0000] {dag.py:3096} INFO - Sync 1 DAGs
[2024-05-25T00:10:51.472+0000] {logging_mixin.py:188} INFO - [2024-05-25T00:10:51.472+0000] {dag.py:3954} INFO - Setting next_dagrun for example_time_delta_sensor_async to None, run_after=None
[2024-05-25T00:10:51.498+0000] {processor.py:183} INFO - Processing /home/airflow/.local/lib/python3.12/site-packages/airflow/example_dags/example_time_delta_sensor_async.py took 0.084 seconds
[2024-05-25T00:11:22.481+0000] {processor.py:161} INFO - Started process (PID=39773) to work on /home/airflow/.local/lib/python3.12/site-packages/airflow/example_dags/example_time_delta_sensor_async.py
[2024-05-25T00:11:22.482+0000] {processor.py:830} INFO - Processing file /home/airflow/.local/lib/python3.12/site-packages/airflow/example_dags/example_time_delta_sensor_async.py for tasks to queue
[2024-05-25T00:11:22.483+0000] {logging_mixin.py:188} INFO - [2024-05-25T00:11:22.483+0000] {dagbag.py:545} INFO - Filling up the DagBag from /home/airflow/.local/lib/python3.12/site-packages/airflow/example_dags/example_time_delta_sensor_async.py
[2024-05-25T00:11:22.493+0000] {processor.py:840} INFO - DAG(s) 'example_time_delta_sensor_async' retrieved from /home/airflow/.local/lib/python3.12/site-packages/airflow/example_dags/example_time_delta_sensor_async.py
[2024-05-25T00:11:22.523+0000] {logging_mixin.py:188} INFO - [2024-05-25T00:11:22.522+0000] {dag.py:3096} INFO - Sync 1 DAGs
[2024-05-25T00:11:22.538+0000] {logging_mixin.py:188} INFO - [2024-05-25T00:11:22.537+0000] {dag.py:3954} INFO - Setting next_dagrun for example_time_delta_sensor_async to None, run_after=None
[2024-05-25T00:11:22.565+0000] {processor.py:183} INFO - Processing /home/airflow/.local/lib/python3.12/site-packages/airflow/example_dags/example_time_delta_sensor_async.py took 0.089 seconds
[2024-05-25T00:11:53.498+0000] {processor.py:161} INFO - Started process (PID=39831) to work on /home/airflow/.local/lib/python3.12/site-packages/airflow/example_dags/example_time_delta_sensor_async.py
[2024-05-25T00:11:53.499+0000] {processor.py:830} INFO - Processing file /home/airflow/.local/lib/python3.12/site-packages/airflow/example_dags/example_time_delta_sensor_async.py for tasks to queue
[2024-05-25T00:11:53.501+0000] {logging_mixin.py:188} INFO - [2024-05-25T00:11:53.500+0000] {dagbag.py:545} INFO - Filling up the DagBag from /home/airflow/.local/lib/python3.12/site-packages/airflow/example_dags/example_time_delta_sensor_async.py
[2024-05-25T00:11:53.505+0000] {processor.py:840} INFO - DAG(s) 'example_time_delta_sensor_async' retrieved from /home/airflow/.local/lib/python3.12/site-packages/airflow/example_dags/example_time_delta_sensor_async.py
[2024-05-25T00:11:53.530+0000] {logging_mixin.py:188} INFO - [2024-05-25T00:11:53.530+0000] {dag.py:3096} INFO - Sync 1 DAGs
[2024-05-25T00:11:53.544+0000] {logging_mixin.py:188} INFO - [2024-05-25T00:11:53.543+0000] {dag.py:3954} INFO - Setting next_dagrun for example_time_delta_sensor_async to None, run_after=None
[2024-05-25T00:11:53.565+0000] {processor.py:183} INFO - Processing /home/airflow/.local/lib/python3.12/site-packages/airflow/example_dags/example_time_delta_sensor_async.py took 0.075 seconds
[2024-05-25T00:12:45.325+0000] {processor.py:161} INFO - Started process (PID=39895) to work on /home/airflow/.local/lib/python3.12/site-packages/airflow/example_dags/example_time_delta_sensor_async.py
[2024-05-25T00:12:45.329+0000] {processor.py:830} INFO - Processing file /home/airflow/.local/lib/python3.12/site-packages/airflow/example_dags/example_time_delta_sensor_async.py for tasks to queue
[2024-05-25T00:12:45.334+0000] {logging_mixin.py:188} INFO - [2024-05-25T00:12:45.332+0000] {dagbag.py:545} INFO - Filling up the DagBag from /home/airflow/.local/lib/python3.12/site-packages/airflow/example_dags/example_time_delta_sensor_async.py
[2024-05-25T00:12:45.340+0000] {processor.py:840} INFO - DAG(s) 'example_time_delta_sensor_async' retrieved from /home/airflow/.local/lib/python3.12/site-packages/airflow/example_dags/example_time_delta_sensor_async.py
[2024-05-25T00:12:45.374+0000] {logging_mixin.py:188} INFO - [2024-05-25T00:12:45.373+0000] {dag.py:3096} INFO - Sync 1 DAGs
[2024-05-25T00:12:45.391+0000] {logging_mixin.py:188} INFO - [2024-05-25T00:12:45.391+0000] {dag.py:3954} INFO - Setting next_dagrun for example_time_delta_sensor_async to None, run_after=None
[2024-05-25T00:12:45.419+0000] {processor.py:183} INFO - Processing /home/airflow/.local/lib/python3.12/site-packages/airflow/example_dags/example_time_delta_sensor_async.py took 0.105 seconds
[2024-05-25T00:13:15.896+0000] {processor.py:161} INFO - Started process (PID=39952) to work on /home/airflow/.local/lib/python3.12/site-packages/airflow/example_dags/example_time_delta_sensor_async.py
[2024-05-25T00:13:15.898+0000] {processor.py:830} INFO - Processing file /home/airflow/.local/lib/python3.12/site-packages/airflow/example_dags/example_time_delta_sensor_async.py for tasks to queue
[2024-05-25T00:13:15.900+0000] {logging_mixin.py:188} INFO - [2024-05-25T00:13:15.899+0000] {dagbag.py:545} INFO - Filling up the DagBag from /home/airflow/.local/lib/python3.12/site-packages/airflow/example_dags/example_time_delta_sensor_async.py
[2024-05-25T00:13:15.904+0000] {processor.py:840} INFO - DAG(s) 'example_time_delta_sensor_async' retrieved from /home/airflow/.local/lib/python3.12/site-packages/airflow/example_dags/example_time_delta_sensor_async.py
[2024-05-25T00:13:15.926+0000] {logging_mixin.py:188} INFO - [2024-05-25T00:13:15.926+0000] {dag.py:3096} INFO - Sync 1 DAGs
[2024-05-25T00:13:15.941+0000] {logging_mixin.py:188} INFO - [2024-05-25T00:13:15.941+0000] {dag.py:3954} INFO - Setting next_dagrun for example_time_delta_sensor_async to None, run_after=None
[2024-05-25T00:13:15.963+0000] {processor.py:183} INFO - Processing /home/airflow/.local/lib/python3.12/site-packages/airflow/example_dags/example_time_delta_sensor_async.py took 0.075 seconds
[2024-05-25T00:14:17.743+0000] {processor.py:161} INFO - Started process (PID=40013) to work on /home/airflow/.local/lib/python3.12/site-packages/airflow/example_dags/example_time_delta_sensor_async.py
[2024-05-25T00:14:17.745+0000] {processor.py:830} INFO - Processing file /home/airflow/.local/lib/python3.12/site-packages/airflow/example_dags/example_time_delta_sensor_async.py for tasks to queue
[2024-05-25T00:14:17.747+0000] {logging_mixin.py:188} INFO - [2024-05-25T00:14:17.746+0000] {dagbag.py:545} INFO - Filling up the DagBag from /home/airflow/.local/lib/python3.12/site-packages/airflow/example_dags/example_time_delta_sensor_async.py
[2024-05-25T00:14:17.754+0000] {processor.py:840} INFO - DAG(s) 'example_time_delta_sensor_async' retrieved from /home/airflow/.local/lib/python3.12/site-packages/airflow/example_dags/example_time_delta_sensor_async.py
[2024-05-25T00:14:17.798+0000] {logging_mixin.py:188} INFO - [2024-05-25T00:14:17.798+0000] {dag.py:3096} INFO - Sync 1 DAGs
[2024-05-25T00:14:17.817+0000] {logging_mixin.py:188} INFO - [2024-05-25T00:14:17.817+0000] {dag.py:3954} INFO - Setting next_dagrun for example_time_delta_sensor_async to None, run_after=None
[2024-05-25T00:14:17.855+0000] {processor.py:183} INFO - Processing /home/airflow/.local/lib/python3.12/site-packages/airflow/example_dags/example_time_delta_sensor_async.py took 0.122 seconds
[2024-05-25T00:15:18.331+0000] {processor.py:161} INFO - Started process (PID=40071) to work on /home/airflow/.local/lib/python3.12/site-packages/airflow/example_dags/example_time_delta_sensor_async.py
[2024-05-25T00:15:18.332+0000] {processor.py:830} INFO - Processing file /home/airflow/.local/lib/python3.12/site-packages/airflow/example_dags/example_time_delta_sensor_async.py for tasks to queue
[2024-05-25T00:15:18.333+0000] {logging_mixin.py:188} INFO - [2024-05-25T00:15:18.333+0000] {dagbag.py:545} INFO - Filling up the DagBag from /home/airflow/.local/lib/python3.12/site-packages/airflow/example_dags/example_time_delta_sensor_async.py
[2024-05-25T00:15:18.340+0000] {processor.py:840} INFO - DAG(s) 'example_time_delta_sensor_async' retrieved from /home/airflow/.local/lib/python3.12/site-packages/airflow/example_dags/example_time_delta_sensor_async.py
[2024-05-25T00:15:18.398+0000] {logging_mixin.py:188} INFO - [2024-05-25T00:15:18.397+0000] {dag.py:3096} INFO - Sync 1 DAGs
[2024-05-25T00:15:18.438+0000] {logging_mixin.py:188} INFO - [2024-05-25T00:15:18.437+0000] {dag.py:3954} INFO - Setting next_dagrun for example_time_delta_sensor_async to None, run_after=None
[2024-05-25T00:15:18.481+0000] {processor.py:183} INFO - Processing /home/airflow/.local/lib/python3.12/site-packages/airflow/example_dags/example_time_delta_sensor_async.py took 0.158 seconds
