[2024-05-25T00:00:24.584+0000] {processor.py:161} INFO - Started process (PID=38657) to work on /home/airflow/.local/lib/python3.12/site-packages/airflow/example_dags/tutorial_taskflow_api.py
[2024-05-25T00:00:24.585+0000] {processor.py:830} INFO - Processing file /home/airflow/.local/lib/python3.12/site-packages/airflow/example_dags/tutorial_taskflow_api.py for tasks to queue
[2024-05-25T00:00:24.589+0000] {logging_mixin.py:188} INFO - [2024-05-25T00:00:24.588+0000] {dagbag.py:545} INFO - Filling up the DagBag from /home/airflow/.local/lib/python3.12/site-packages/airflow/example_dags/tutorial_taskflow_api.py
[2024-05-25T00:00:24.600+0000] {processor.py:840} INFO - DAG(s) 'tutorial_taskflow_api' retrieved from /home/airflow/.local/lib/python3.12/site-packages/airflow/example_dags/tutorial_taskflow_api.py
[2024-05-25T00:00:24.628+0000] {logging_mixin.py:188} INFO - [2024-05-25T00:00:24.628+0000] {dag.py:3096} INFO - Sync 1 DAGs
[2024-05-25T00:00:24.648+0000] {logging_mixin.py:188} INFO - [2024-05-25T00:00:24.648+0000] {dag.py:3954} INFO - Setting next_dagrun for tutorial_taskflow_api to None, run_after=None
[2024-05-25T00:00:24.684+0000] {processor.py:183} INFO - Processing /home/airflow/.local/lib/python3.12/site-packages/airflow/example_dags/tutorial_taskflow_api.py took 0.107 seconds
[2024-05-25T00:00:54.831+0000] {processor.py:161} INFO - Started process (PID=38715) to work on /home/airflow/.local/lib/python3.12/site-packages/airflow/example_dags/tutorial_taskflow_api.py
[2024-05-25T00:00:54.833+0000] {processor.py:830} INFO - Processing file /home/airflow/.local/lib/python3.12/site-packages/airflow/example_dags/tutorial_taskflow_api.py for tasks to queue
[2024-05-25T00:00:54.835+0000] {logging_mixin.py:188} INFO - [2024-05-25T00:00:54.834+0000] {dagbag.py:545} INFO - Filling up the DagBag from /home/airflow/.local/lib/python3.12/site-packages/airflow/example_dags/tutorial_taskflow_api.py
[2024-05-25T00:00:54.842+0000] {processor.py:840} INFO - DAG(s) 'tutorial_taskflow_api' retrieved from /home/airflow/.local/lib/python3.12/site-packages/airflow/example_dags/tutorial_taskflow_api.py
[2024-05-25T00:00:54.867+0000] {logging_mixin.py:188} INFO - [2024-05-25T00:00:54.866+0000] {dag.py:3096} INFO - Sync 1 DAGs
[2024-05-25T00:00:54.882+0000] {logging_mixin.py:188} INFO - [2024-05-25T00:00:54.882+0000] {dag.py:3954} INFO - Setting next_dagrun for tutorial_taskflow_api to None, run_after=None
[2024-05-25T00:00:54.912+0000] {processor.py:183} INFO - Processing /home/airflow/.local/lib/python3.12/site-packages/airflow/example_dags/tutorial_taskflow_api.py took 0.087 seconds
[2024-05-25T00:01:25.493+0000] {processor.py:161} INFO - Started process (PID=38773) to work on /home/airflow/.local/lib/python3.12/site-packages/airflow/example_dags/tutorial_taskflow_api.py
[2024-05-25T00:01:25.497+0000] {processor.py:830} INFO - Processing file /home/airflow/.local/lib/python3.12/site-packages/airflow/example_dags/tutorial_taskflow_api.py for tasks to queue
[2024-05-25T00:01:25.508+0000] {logging_mixin.py:188} INFO - [2024-05-25T00:01:25.505+0000] {dagbag.py:545} INFO - Filling up the DagBag from /home/airflow/.local/lib/python3.12/site-packages/airflow/example_dags/tutorial_taskflow_api.py
[2024-05-25T00:01:25.540+0000] {processor.py:840} INFO - DAG(s) 'tutorial_taskflow_api' retrieved from /home/airflow/.local/lib/python3.12/site-packages/airflow/example_dags/tutorial_taskflow_api.py
[2024-05-25T00:01:25.603+0000] {logging_mixin.py:188} INFO - [2024-05-25T00:01:25.601+0000] {dag.py:3096} INFO - Sync 1 DAGs
[2024-05-25T00:01:25.676+0000] {logging_mixin.py:188} INFO - [2024-05-25T00:01:25.675+0000] {dag.py:3954} INFO - Setting next_dagrun for tutorial_taskflow_api to None, run_after=None
[2024-05-25T00:01:25.744+0000] {processor.py:183} INFO - Processing /home/airflow/.local/lib/python3.12/site-packages/airflow/example_dags/tutorial_taskflow_api.py took 0.266 seconds
[2024-05-25T00:01:55.999+0000] {processor.py:161} INFO - Started process (PID=38831) to work on /home/airflow/.local/lib/python3.12/site-packages/airflow/example_dags/tutorial_taskflow_api.py
[2024-05-25T00:01:56.000+0000] {processor.py:830} INFO - Processing file /home/airflow/.local/lib/python3.12/site-packages/airflow/example_dags/tutorial_taskflow_api.py for tasks to queue
[2024-05-25T00:01:56.002+0000] {logging_mixin.py:188} INFO - [2024-05-25T00:01:56.001+0000] {dagbag.py:545} INFO - Filling up the DagBag from /home/airflow/.local/lib/python3.12/site-packages/airflow/example_dags/tutorial_taskflow_api.py
[2024-05-25T00:01:56.007+0000] {processor.py:840} INFO - DAG(s) 'tutorial_taskflow_api' retrieved from /home/airflow/.local/lib/python3.12/site-packages/airflow/example_dags/tutorial_taskflow_api.py
[2024-05-25T00:01:56.026+0000] {logging_mixin.py:188} INFO - [2024-05-25T00:01:56.025+0000] {dag.py:3096} INFO - Sync 1 DAGs
[2024-05-25T00:01:56.037+0000] {logging_mixin.py:188} INFO - [2024-05-25T00:01:56.037+0000] {dag.py:3954} INFO - Setting next_dagrun for tutorial_taskflow_api to None, run_after=None
[2024-05-25T00:01:56.066+0000] {processor.py:183} INFO - Processing /home/airflow/.local/lib/python3.12/site-packages/airflow/example_dags/tutorial_taskflow_api.py took 0.073 seconds
[2024-05-25T00:02:26.627+0000] {processor.py:161} INFO - Started process (PID=38889) to work on /home/airflow/.local/lib/python3.12/site-packages/airflow/example_dags/tutorial_taskflow_api.py
[2024-05-25T00:02:26.629+0000] {processor.py:830} INFO - Processing file /home/airflow/.local/lib/python3.12/site-packages/airflow/example_dags/tutorial_taskflow_api.py for tasks to queue
[2024-05-25T00:02:26.631+0000] {logging_mixin.py:188} INFO - [2024-05-25T00:02:26.630+0000] {dagbag.py:545} INFO - Filling up the DagBag from /home/airflow/.local/lib/python3.12/site-packages/airflow/example_dags/tutorial_taskflow_api.py
[2024-05-25T00:02:26.637+0000] {processor.py:840} INFO - DAG(s) 'tutorial_taskflow_api' retrieved from /home/airflow/.local/lib/python3.12/site-packages/airflow/example_dags/tutorial_taskflow_api.py
[2024-05-25T00:02:26.658+0000] {logging_mixin.py:188} INFO - [2024-05-25T00:02:26.658+0000] {dag.py:3096} INFO - Sync 1 DAGs
[2024-05-25T00:02:26.670+0000] {logging_mixin.py:188} INFO - [2024-05-25T00:02:26.670+0000] {dag.py:3954} INFO - Setting next_dagrun for tutorial_taskflow_api to None, run_after=None
[2024-05-25T00:02:26.696+0000] {processor.py:183} INFO - Processing /home/airflow/.local/lib/python3.12/site-packages/airflow/example_dags/tutorial_taskflow_api.py took 0.074 seconds
[2024-05-25T00:02:57.499+0000] {processor.py:161} INFO - Started process (PID=38951) to work on /home/airflow/.local/lib/python3.12/site-packages/airflow/example_dags/tutorial_taskflow_api.py
[2024-05-25T00:02:57.500+0000] {processor.py:830} INFO - Processing file /home/airflow/.local/lib/python3.12/site-packages/airflow/example_dags/tutorial_taskflow_api.py for tasks to queue
[2024-05-25T00:02:57.502+0000] {logging_mixin.py:188} INFO - [2024-05-25T00:02:57.502+0000] {dagbag.py:545} INFO - Filling up the DagBag from /home/airflow/.local/lib/python3.12/site-packages/airflow/example_dags/tutorial_taskflow_api.py
[2024-05-25T00:02:57.509+0000] {processor.py:840} INFO - DAG(s) 'tutorial_taskflow_api' retrieved from /home/airflow/.local/lib/python3.12/site-packages/airflow/example_dags/tutorial_taskflow_api.py
[2024-05-25T00:02:57.541+0000] {logging_mixin.py:188} INFO - [2024-05-25T00:02:57.541+0000] {dag.py:3096} INFO - Sync 1 DAGs
[2024-05-25T00:02:57.556+0000] {logging_mixin.py:188} INFO - [2024-05-25T00:02:57.556+0000] {dag.py:3954} INFO - Setting next_dagrun for tutorial_taskflow_api to None, run_after=None
[2024-05-25T00:02:57.582+0000] {processor.py:183} INFO - Processing /home/airflow/.local/lib/python3.12/site-packages/airflow/example_dags/tutorial_taskflow_api.py took 0.090 seconds
[2024-05-25T00:03:27.839+0000] {processor.py:161} INFO - Started process (PID=39009) to work on /home/airflow/.local/lib/python3.12/site-packages/airflow/example_dags/tutorial_taskflow_api.py
[2024-05-25T00:03:27.841+0000] {processor.py:830} INFO - Processing file /home/airflow/.local/lib/python3.12/site-packages/airflow/example_dags/tutorial_taskflow_api.py for tasks to queue
[2024-05-25T00:03:27.845+0000] {logging_mixin.py:188} INFO - [2024-05-25T00:03:27.845+0000] {dagbag.py:545} INFO - Filling up the DagBag from /home/airflow/.local/lib/python3.12/site-packages/airflow/example_dags/tutorial_taskflow_api.py
[2024-05-25T00:03:27.861+0000] {processor.py:840} INFO - DAG(s) 'tutorial_taskflow_api' retrieved from /home/airflow/.local/lib/python3.12/site-packages/airflow/example_dags/tutorial_taskflow_api.py
[2024-05-25T00:03:27.890+0000] {logging_mixin.py:188} INFO - [2024-05-25T00:03:27.889+0000] {dag.py:3096} INFO - Sync 1 DAGs
[2024-05-25T00:03:27.904+0000] {logging_mixin.py:188} INFO - [2024-05-25T00:03:27.904+0000] {dag.py:3954} INFO - Setting next_dagrun for tutorial_taskflow_api to None, run_after=None
[2024-05-25T00:03:27.937+0000] {processor.py:183} INFO - Processing /home/airflow/.local/lib/python3.12/site-packages/airflow/example_dags/tutorial_taskflow_api.py took 0.110 seconds
[2024-05-25T00:03:58.851+0000] {processor.py:161} INFO - Started process (PID=39067) to work on /home/airflow/.local/lib/python3.12/site-packages/airflow/example_dags/tutorial_taskflow_api.py
[2024-05-25T00:03:58.853+0000] {processor.py:830} INFO - Processing file /home/airflow/.local/lib/python3.12/site-packages/airflow/example_dags/tutorial_taskflow_api.py for tasks to queue
[2024-05-25T00:03:58.855+0000] {logging_mixin.py:188} INFO - [2024-05-25T00:03:58.855+0000] {dagbag.py:545} INFO - Filling up the DagBag from /home/airflow/.local/lib/python3.12/site-packages/airflow/example_dags/tutorial_taskflow_api.py
[2024-05-25T00:03:58.862+0000] {processor.py:840} INFO - DAG(s) 'tutorial_taskflow_api' retrieved from /home/airflow/.local/lib/python3.12/site-packages/airflow/example_dags/tutorial_taskflow_api.py
[2024-05-25T00:03:58.884+0000] {logging_mixin.py:188} INFO - [2024-05-25T00:03:58.884+0000] {dag.py:3096} INFO - Sync 1 DAGs
[2024-05-25T00:03:58.899+0000] {logging_mixin.py:188} INFO - [2024-05-25T00:03:58.898+0000] {dag.py:3954} INFO - Setting next_dagrun for tutorial_taskflow_api to None, run_after=None
[2024-05-25T00:03:58.925+0000] {processor.py:183} INFO - Processing /home/airflow/.local/lib/python3.12/site-packages/airflow/example_dags/tutorial_taskflow_api.py took 0.079 seconds
[2024-05-25T00:04:29.321+0000] {processor.py:161} INFO - Started process (PID=39125) to work on /home/airflow/.local/lib/python3.12/site-packages/airflow/example_dags/tutorial_taskflow_api.py
[2024-05-25T00:04:29.325+0000] {processor.py:830} INFO - Processing file /home/airflow/.local/lib/python3.12/site-packages/airflow/example_dags/tutorial_taskflow_api.py for tasks to queue
[2024-05-25T00:04:29.328+0000] {logging_mixin.py:188} INFO - [2024-05-25T00:04:29.328+0000] {dagbag.py:545} INFO - Filling up the DagBag from /home/airflow/.local/lib/python3.12/site-packages/airflow/example_dags/tutorial_taskflow_api.py
[2024-05-25T00:04:29.336+0000] {processor.py:840} INFO - DAG(s) 'tutorial_taskflow_api' retrieved from /home/airflow/.local/lib/python3.12/site-packages/airflow/example_dags/tutorial_taskflow_api.py
[2024-05-25T00:04:29.361+0000] {logging_mixin.py:188} INFO - [2024-05-25T00:04:29.361+0000] {dag.py:3096} INFO - Sync 1 DAGs
[2024-05-25T00:04:29.374+0000] {logging_mixin.py:188} INFO - [2024-05-25T00:04:29.374+0000] {dag.py:3954} INFO - Setting next_dagrun for tutorial_taskflow_api to None, run_after=None
[2024-05-25T00:04:29.400+0000] {processor.py:183} INFO - Processing /home/airflow/.local/lib/python3.12/site-packages/airflow/example_dags/tutorial_taskflow_api.py took 0.085 seconds
[2024-05-25T00:05:05.031+0000] {processor.py:161} INFO - Started process (PID=39183) to work on /home/airflow/.local/lib/python3.12/site-packages/airflow/example_dags/tutorial_taskflow_api.py
[2024-05-25T00:05:05.032+0000] {processor.py:830} INFO - Processing file /home/airflow/.local/lib/python3.12/site-packages/airflow/example_dags/tutorial_taskflow_api.py for tasks to queue
[2024-05-25T00:05:05.036+0000] {logging_mixin.py:188} INFO - [2024-05-25T00:05:05.035+0000] {dagbag.py:545} INFO - Filling up the DagBag from /home/airflow/.local/lib/python3.12/site-packages/airflow/example_dags/tutorial_taskflow_api.py
[2024-05-25T00:05:05.045+0000] {processor.py:840} INFO - DAG(s) 'tutorial_taskflow_api' retrieved from /home/airflow/.local/lib/python3.12/site-packages/airflow/example_dags/tutorial_taskflow_api.py
[2024-05-25T00:05:05.071+0000] {logging_mixin.py:188} INFO - [2024-05-25T00:05:05.071+0000] {dag.py:3096} INFO - Sync 1 DAGs
[2024-05-25T00:05:05.088+0000] {logging_mixin.py:188} INFO - [2024-05-25T00:05:05.088+0000] {dag.py:3954} INFO - Setting next_dagrun for tutorial_taskflow_api to None, run_after=None
[2024-05-25T00:05:05.117+0000] {processor.py:183} INFO - Processing /home/airflow/.local/lib/python3.12/site-packages/airflow/example_dags/tutorial_taskflow_api.py took 0.097 seconds
[2024-05-25T00:05:35.950+0000] {processor.py:161} INFO - Started process (PID=39239) to work on /home/airflow/.local/lib/python3.12/site-packages/airflow/example_dags/tutorial_taskflow_api.py
[2024-05-25T00:05:35.952+0000] {processor.py:830} INFO - Processing file /home/airflow/.local/lib/python3.12/site-packages/airflow/example_dags/tutorial_taskflow_api.py for tasks to queue
[2024-05-25T00:05:35.954+0000] {logging_mixin.py:188} INFO - [2024-05-25T00:05:35.953+0000] {dagbag.py:545} INFO - Filling up the DagBag from /home/airflow/.local/lib/python3.12/site-packages/airflow/example_dags/tutorial_taskflow_api.py
[2024-05-25T00:05:35.968+0000] {processor.py:840} INFO - DAG(s) 'tutorial_taskflow_api' retrieved from /home/airflow/.local/lib/python3.12/site-packages/airflow/example_dags/tutorial_taskflow_api.py
[2024-05-25T00:05:35.994+0000] {logging_mixin.py:188} INFO - [2024-05-25T00:05:35.994+0000] {dag.py:3096} INFO - Sync 1 DAGs
[2024-05-25T00:05:36.007+0000] {logging_mixin.py:188} INFO - [2024-05-25T00:05:36.006+0000] {dag.py:3954} INFO - Setting next_dagrun for tutorial_taskflow_api to None, run_after=None
[2024-05-25T00:05:36.026+0000] {processor.py:183} INFO - Processing /home/airflow/.local/lib/python3.12/site-packages/airflow/example_dags/tutorial_taskflow_api.py took 0.085 seconds
[2024-05-25T00:06:06.157+0000] {processor.py:161} INFO - Started process (PID=39297) to work on /home/airflow/.local/lib/python3.12/site-packages/airflow/example_dags/tutorial_taskflow_api.py
[2024-05-25T00:06:06.159+0000] {processor.py:830} INFO - Processing file /home/airflow/.local/lib/python3.12/site-packages/airflow/example_dags/tutorial_taskflow_api.py for tasks to queue
[2024-05-25T00:06:06.161+0000] {logging_mixin.py:188} INFO - [2024-05-25T00:06:06.161+0000] {dagbag.py:545} INFO - Filling up the DagBag from /home/airflow/.local/lib/python3.12/site-packages/airflow/example_dags/tutorial_taskflow_api.py
[2024-05-25T00:06:06.168+0000] {processor.py:840} INFO - DAG(s) 'tutorial_taskflow_api' retrieved from /home/airflow/.local/lib/python3.12/site-packages/airflow/example_dags/tutorial_taskflow_api.py
[2024-05-25T00:06:06.190+0000] {logging_mixin.py:188} INFO - [2024-05-25T00:06:06.189+0000] {dag.py:3096} INFO - Sync 1 DAGs
[2024-05-25T00:06:06.204+0000] {logging_mixin.py:188} INFO - [2024-05-25T00:06:06.204+0000] {dag.py:3954} INFO - Setting next_dagrun for tutorial_taskflow_api to None, run_after=None
[2024-05-25T00:06:06.224+0000] {processor.py:183} INFO - Processing /home/airflow/.local/lib/python3.12/site-packages/airflow/example_dags/tutorial_taskflow_api.py took 0.073 seconds
[2024-05-25T00:06:36.363+0000] {processor.py:161} INFO - Started process (PID=39355) to work on /home/airflow/.local/lib/python3.12/site-packages/airflow/example_dags/tutorial_taskflow_api.py
[2024-05-25T00:06:36.364+0000] {processor.py:830} INFO - Processing file /home/airflow/.local/lib/python3.12/site-packages/airflow/example_dags/tutorial_taskflow_api.py for tasks to queue
[2024-05-25T00:06:36.366+0000] {logging_mixin.py:188} INFO - [2024-05-25T00:06:36.366+0000] {dagbag.py:545} INFO - Filling up the DagBag from /home/airflow/.local/lib/python3.12/site-packages/airflow/example_dags/tutorial_taskflow_api.py
[2024-05-25T00:06:36.373+0000] {processor.py:840} INFO - DAG(s) 'tutorial_taskflow_api' retrieved from /home/airflow/.local/lib/python3.12/site-packages/airflow/example_dags/tutorial_taskflow_api.py
[2024-05-25T00:06:36.395+0000] {logging_mixin.py:188} INFO - [2024-05-25T00:06:36.395+0000] {dag.py:3096} INFO - Sync 1 DAGs
[2024-05-25T00:06:36.410+0000] {logging_mixin.py:188} INFO - [2024-05-25T00:06:36.410+0000] {dag.py:3954} INFO - Setting next_dagrun for tutorial_taskflow_api to None, run_after=None
[2024-05-25T00:06:36.433+0000] {processor.py:183} INFO - Processing /home/airflow/.local/lib/python3.12/site-packages/airflow/example_dags/tutorial_taskflow_api.py took 0.076 seconds
[2024-05-25T00:07:07.258+0000] {processor.py:161} INFO - Started process (PID=39413) to work on /home/airflow/.local/lib/python3.12/site-packages/airflow/example_dags/tutorial_taskflow_api.py
[2024-05-25T00:07:07.261+0000] {processor.py:830} INFO - Processing file /home/airflow/.local/lib/python3.12/site-packages/airflow/example_dags/tutorial_taskflow_api.py for tasks to queue
[2024-05-25T00:07:07.269+0000] {logging_mixin.py:188} INFO - [2024-05-25T00:07:07.267+0000] {dagbag.py:545} INFO - Filling up the DagBag from /home/airflow/.local/lib/python3.12/site-packages/airflow/example_dags/tutorial_taskflow_api.py
[2024-05-25T00:07:07.293+0000] {processor.py:840} INFO - DAG(s) 'tutorial_taskflow_api' retrieved from /home/airflow/.local/lib/python3.12/site-packages/airflow/example_dags/tutorial_taskflow_api.py
[2024-05-25T00:07:07.348+0000] {logging_mixin.py:188} INFO - [2024-05-25T00:07:07.346+0000] {dag.py:3096} INFO - Sync 1 DAGs
[2024-05-25T00:07:07.382+0000] {logging_mixin.py:188} INFO - [2024-05-25T00:07:07.381+0000] {dag.py:3954} INFO - Setting next_dagrun for tutorial_taskflow_api to None, run_after=None
[2024-05-25T00:07:07.427+0000] {processor.py:183} INFO - Processing /home/airflow/.local/lib/python3.12/site-packages/airflow/example_dags/tutorial_taskflow_api.py took 0.186 seconds
[2024-05-25T00:07:38.170+0000] {processor.py:161} INFO - Started process (PID=39471) to work on /home/airflow/.local/lib/python3.12/site-packages/airflow/example_dags/tutorial_taskflow_api.py
[2024-05-25T00:07:38.171+0000] {processor.py:830} INFO - Processing file /home/airflow/.local/lib/python3.12/site-packages/airflow/example_dags/tutorial_taskflow_api.py for tasks to queue
[2024-05-25T00:07:38.174+0000] {logging_mixin.py:188} INFO - [2024-05-25T00:07:38.173+0000] {dagbag.py:545} INFO - Filling up the DagBag from /home/airflow/.local/lib/python3.12/site-packages/airflow/example_dags/tutorial_taskflow_api.py
[2024-05-25T00:07:38.181+0000] {processor.py:840} INFO - DAG(s) 'tutorial_taskflow_api' retrieved from /home/airflow/.local/lib/python3.12/site-packages/airflow/example_dags/tutorial_taskflow_api.py
[2024-05-25T00:07:38.201+0000] {logging_mixin.py:188} INFO - [2024-05-25T00:07:38.201+0000] {dag.py:3096} INFO - Sync 1 DAGs
[2024-05-25T00:07:38.215+0000] {logging_mixin.py:188} INFO - [2024-05-25T00:07:38.214+0000] {dag.py:3954} INFO - Setting next_dagrun for tutorial_taskflow_api to None, run_after=None
[2024-05-25T00:07:38.236+0000] {processor.py:183} INFO - Processing /home/airflow/.local/lib/python3.12/site-packages/airflow/example_dags/tutorial_taskflow_api.py took 0.071 seconds
[2024-05-25T00:08:08.753+0000] {processor.py:161} INFO - Started process (PID=39529) to work on /home/airflow/.local/lib/python3.12/site-packages/airflow/example_dags/tutorial_taskflow_api.py
[2024-05-25T00:08:08.756+0000] {processor.py:830} INFO - Processing file /home/airflow/.local/lib/python3.12/site-packages/airflow/example_dags/tutorial_taskflow_api.py for tasks to queue
[2024-05-25T00:08:08.759+0000] {logging_mixin.py:188} INFO - [2024-05-25T00:08:08.758+0000] {dagbag.py:545} INFO - Filling up the DagBag from /home/airflow/.local/lib/python3.12/site-packages/airflow/example_dags/tutorial_taskflow_api.py
[2024-05-25T00:08:08.770+0000] {processor.py:840} INFO - DAG(s) 'tutorial_taskflow_api' retrieved from /home/airflow/.local/lib/python3.12/site-packages/airflow/example_dags/tutorial_taskflow_api.py
[2024-05-25T00:08:08.806+0000] {logging_mixin.py:188} INFO - [2024-05-25T00:08:08.805+0000] {dag.py:3096} INFO - Sync 1 DAGs
[2024-05-25T00:08:08.823+0000] {logging_mixin.py:188} INFO - [2024-05-25T00:08:08.823+0000] {dag.py:3954} INFO - Setting next_dagrun for tutorial_taskflow_api to None, run_after=None
[2024-05-25T00:08:08.862+0000] {processor.py:183} INFO - Processing /home/airflow/.local/lib/python3.12/site-packages/airflow/example_dags/tutorial_taskflow_api.py took 0.117 seconds
[2024-05-25T00:08:45.237+0000] {processor.py:161} INFO - Started process (PID=39587) to work on /home/airflow/.local/lib/python3.12/site-packages/airflow/example_dags/tutorial_taskflow_api.py
[2024-05-25T00:08:45.242+0000] {processor.py:830} INFO - Processing file /home/airflow/.local/lib/python3.12/site-packages/airflow/example_dags/tutorial_taskflow_api.py for tasks to queue
[2024-05-25T00:08:45.254+0000] {logging_mixin.py:188} INFO - [2024-05-25T00:08:45.251+0000] {dagbag.py:545} INFO - Filling up the DagBag from /home/airflow/.local/lib/python3.12/site-packages/airflow/example_dags/tutorial_taskflow_api.py
[2024-05-25T00:08:45.296+0000] {processor.py:840} INFO - DAG(s) 'tutorial_taskflow_api' retrieved from /home/airflow/.local/lib/python3.12/site-packages/airflow/example_dags/tutorial_taskflow_api.py
[2024-05-25T00:08:45.439+0000] {logging_mixin.py:188} INFO - [2024-05-25T00:08:45.436+0000] {dag.py:3096} INFO - Sync 1 DAGs
[2024-05-25T00:08:45.564+0000] {logging_mixin.py:188} INFO - [2024-05-25T00:08:45.564+0000] {dag.py:3954} INFO - Setting next_dagrun for tutorial_taskflow_api to None, run_after=None
[2024-05-25T00:08:45.740+0000] {processor.py:183} INFO - Processing /home/airflow/.local/lib/python3.12/site-packages/airflow/example_dags/tutorial_taskflow_api.py took 0.534 seconds
[2024-05-25T00:09:55.841+0000] {processor.py:161} INFO - Started process (PID=39629) to work on /home/airflow/.local/lib/python3.12/site-packages/airflow/example_dags/tutorial_taskflow_api.py
[2024-05-25T00:09:55.845+0000] {processor.py:830} INFO - Processing file /home/airflow/.local/lib/python3.12/site-packages/airflow/example_dags/tutorial_taskflow_api.py for tasks to queue
[2024-05-25T00:09:55.853+0000] {logging_mixin.py:188} INFO - [2024-05-25T00:09:55.851+0000] {dagbag.py:545} INFO - Filling up the DagBag from /home/airflow/.local/lib/python3.12/site-packages/airflow/example_dags/tutorial_taskflow_api.py
[2024-05-25T00:09:55.893+0000] {processor.py:840} INFO - DAG(s) 'tutorial_taskflow_api' retrieved from /home/airflow/.local/lib/python3.12/site-packages/airflow/example_dags/tutorial_taskflow_api.py
[2024-05-25T00:09:55.970+0000] {logging_mixin.py:188} INFO - [2024-05-25T00:09:55.968+0000] {dag.py:3096} INFO - Sync 1 DAGs
[2024-05-25T00:09:56.044+0000] {logging_mixin.py:188} INFO - [2024-05-25T00:09:56.043+0000] {dag.py:3954} INFO - Setting next_dagrun for tutorial_taskflow_api to None, run_after=None
[2024-05-25T00:09:56.153+0000] {processor.py:183} INFO - Processing /home/airflow/.local/lib/python3.12/site-packages/airflow/example_dags/tutorial_taskflow_api.py took 0.330 seconds
[2024-05-25T00:10:28.066+0000] {processor.py:161} INFO - Started process (PID=39687) to work on /home/airflow/.local/lib/python3.12/site-packages/airflow/example_dags/tutorial_taskflow_api.py
[2024-05-25T00:10:28.074+0000] {processor.py:830} INFO - Processing file /home/airflow/.local/lib/python3.12/site-packages/airflow/example_dags/tutorial_taskflow_api.py for tasks to queue
[2024-05-25T00:10:28.085+0000] {logging_mixin.py:188} INFO - [2024-05-25T00:10:28.080+0000] {dagbag.py:545} INFO - Filling up the DagBag from /home/airflow/.local/lib/python3.12/site-packages/airflow/example_dags/tutorial_taskflow_api.py
[2024-05-25T00:10:28.122+0000] {processor.py:840} INFO - DAG(s) 'tutorial_taskflow_api' retrieved from /home/airflow/.local/lib/python3.12/site-packages/airflow/example_dags/tutorial_taskflow_api.py
[2024-05-25T00:10:28.262+0000] {logging_mixin.py:188} INFO - [2024-05-25T00:10:28.246+0000] {dag.py:3096} INFO - Sync 1 DAGs
[2024-05-25T00:10:28.387+0000] {logging_mixin.py:188} INFO - [2024-05-25T00:10:28.386+0000] {dag.py:3954} INFO - Setting next_dagrun for tutorial_taskflow_api to None, run_after=None
[2024-05-25T00:10:28.606+0000] {processor.py:183} INFO - Processing /home/airflow/.local/lib/python3.12/site-packages/airflow/example_dags/tutorial_taskflow_api.py took 0.571 seconds
[2024-05-25T00:10:58.976+0000] {processor.py:161} INFO - Started process (PID=39745) to work on /home/airflow/.local/lib/python3.12/site-packages/airflow/example_dags/tutorial_taskflow_api.py
[2024-05-25T00:10:58.978+0000] {processor.py:830} INFO - Processing file /home/airflow/.local/lib/python3.12/site-packages/airflow/example_dags/tutorial_taskflow_api.py for tasks to queue
[2024-05-25T00:10:58.979+0000] {logging_mixin.py:188} INFO - [2024-05-25T00:10:58.979+0000] {dagbag.py:545} INFO - Filling up the DagBag from /home/airflow/.local/lib/python3.12/site-packages/airflow/example_dags/tutorial_taskflow_api.py
[2024-05-25T00:10:58.987+0000] {processor.py:840} INFO - DAG(s) 'tutorial_taskflow_api' retrieved from /home/airflow/.local/lib/python3.12/site-packages/airflow/example_dags/tutorial_taskflow_api.py
[2024-05-25T00:10:59.013+0000] {logging_mixin.py:188} INFO - [2024-05-25T00:10:59.013+0000] {dag.py:3096} INFO - Sync 1 DAGs
[2024-05-25T00:10:59.028+0000] {logging_mixin.py:188} INFO - [2024-05-25T00:10:59.028+0000] {dag.py:3954} INFO - Setting next_dagrun for tutorial_taskflow_api to None, run_after=None
[2024-05-25T00:10:59.053+0000] {processor.py:183} INFO - Processing /home/airflow/.local/lib/python3.12/site-packages/airflow/example_dags/tutorial_taskflow_api.py took 0.083 seconds
[2024-05-25T00:11:29.296+0000] {processor.py:161} INFO - Started process (PID=39803) to work on /home/airflow/.local/lib/python3.12/site-packages/airflow/example_dags/tutorial_taskflow_api.py
[2024-05-25T00:11:29.297+0000] {processor.py:830} INFO - Processing file /home/airflow/.local/lib/python3.12/site-packages/airflow/example_dags/tutorial_taskflow_api.py for tasks to queue
[2024-05-25T00:11:29.299+0000] {logging_mixin.py:188} INFO - [2024-05-25T00:11:29.298+0000] {dagbag.py:545} INFO - Filling up the DagBag from /home/airflow/.local/lib/python3.12/site-packages/airflow/example_dags/tutorial_taskflow_api.py
[2024-05-25T00:11:29.306+0000] {processor.py:840} INFO - DAG(s) 'tutorial_taskflow_api' retrieved from /home/airflow/.local/lib/python3.12/site-packages/airflow/example_dags/tutorial_taskflow_api.py
[2024-05-25T00:11:29.329+0000] {logging_mixin.py:188} INFO - [2024-05-25T00:11:29.329+0000] {dag.py:3096} INFO - Sync 1 DAGs
[2024-05-25T00:11:29.344+0000] {logging_mixin.py:188} INFO - [2024-05-25T00:11:29.344+0000] {dag.py:3954} INFO - Setting next_dagrun for tutorial_taskflow_api to None, run_after=None
[2024-05-25T00:11:29.398+0000] {processor.py:183} INFO - Processing /home/airflow/.local/lib/python3.12/site-packages/airflow/example_dags/tutorial_taskflow_api.py took 0.108 seconds
[2024-05-25T00:12:00.199+0000] {processor.py:161} INFO - Started process (PID=39861) to work on /home/airflow/.local/lib/python3.12/site-packages/airflow/example_dags/tutorial_taskflow_api.py
[2024-05-25T00:12:00.201+0000] {processor.py:830} INFO - Processing file /home/airflow/.local/lib/python3.12/site-packages/airflow/example_dags/tutorial_taskflow_api.py for tasks to queue
[2024-05-25T00:12:00.203+0000] {logging_mixin.py:188} INFO - [2024-05-25T00:12:00.202+0000] {dagbag.py:545} INFO - Filling up the DagBag from /home/airflow/.local/lib/python3.12/site-packages/airflow/example_dags/tutorial_taskflow_api.py
[2024-05-25T00:12:00.210+0000] {processor.py:840} INFO - DAG(s) 'tutorial_taskflow_api' retrieved from /home/airflow/.local/lib/python3.12/site-packages/airflow/example_dags/tutorial_taskflow_api.py
[2024-05-25T00:12:00.230+0000] {logging_mixin.py:188} INFO - [2024-05-25T00:12:00.230+0000] {dag.py:3096} INFO - Sync 1 DAGs
[2024-05-25T00:12:00.241+0000] {logging_mixin.py:188} INFO - [2024-05-25T00:12:00.241+0000] {dag.py:3954} INFO - Setting next_dagrun for tutorial_taskflow_api to None, run_after=None
[2024-05-25T00:12:00.265+0000] {processor.py:183} INFO - Processing /home/airflow/.local/lib/python3.12/site-packages/airflow/example_dags/tutorial_taskflow_api.py took 0.072 seconds
[2024-05-25T00:12:47.881+0000] {processor.py:161} INFO - Started process (PID=39922) to work on /home/airflow/.local/lib/python3.12/site-packages/airflow/example_dags/tutorial_taskflow_api.py
[2024-05-25T00:12:47.883+0000] {processor.py:830} INFO - Processing file /home/airflow/.local/lib/python3.12/site-packages/airflow/example_dags/tutorial_taskflow_api.py for tasks to queue
[2024-05-25T00:12:47.885+0000] {logging_mixin.py:188} INFO - [2024-05-25T00:12:47.885+0000] {dagbag.py:545} INFO - Filling up the DagBag from /home/airflow/.local/lib/python3.12/site-packages/airflow/example_dags/tutorial_taskflow_api.py
[2024-05-25T00:12:47.904+0000] {processor.py:840} INFO - DAG(s) 'tutorial_taskflow_api' retrieved from /home/airflow/.local/lib/python3.12/site-packages/airflow/example_dags/tutorial_taskflow_api.py
[2024-05-25T00:12:47.933+0000] {logging_mixin.py:188} INFO - [2024-05-25T00:12:47.933+0000] {dag.py:3096} INFO - Sync 1 DAGs
[2024-05-25T00:12:47.945+0000] {logging_mixin.py:188} INFO - [2024-05-25T00:12:47.945+0000] {dag.py:3954} INFO - Setting next_dagrun for tutorial_taskflow_api to None, run_after=None
[2024-05-25T00:12:47.968+0000] {processor.py:183} INFO - Processing /home/airflow/.local/lib/python3.12/site-packages/airflow/example_dags/tutorial_taskflow_api.py took 0.104 seconds
[2024-05-25T00:13:22.460+0000] {processor.py:161} INFO - Started process (PID=39980) to work on /home/airflow/.local/lib/python3.12/site-packages/airflow/example_dags/tutorial_taskflow_api.py
[2024-05-25T00:13:22.463+0000] {processor.py:830} INFO - Processing file /home/airflow/.local/lib/python3.12/site-packages/airflow/example_dags/tutorial_taskflow_api.py for tasks to queue
[2024-05-25T00:13:22.471+0000] {logging_mixin.py:188} INFO - [2024-05-25T00:13:22.468+0000] {dagbag.py:545} INFO - Filling up the DagBag from /home/airflow/.local/lib/python3.12/site-packages/airflow/example_dags/tutorial_taskflow_api.py
[2024-05-25T00:13:22.509+0000] {processor.py:840} INFO - DAG(s) 'tutorial_taskflow_api' retrieved from /home/airflow/.local/lib/python3.12/site-packages/airflow/example_dags/tutorial_taskflow_api.py
[2024-05-25T00:13:23.495+0000] {logging_mixin.py:188} INFO - [2024-05-25T00:13:23.479+0000] {dag.py:3096} INFO - Sync 1 DAGs
[2024-05-25T00:13:23.596+0000] {logging_mixin.py:188} INFO - [2024-05-25T00:13:23.594+0000] {dag.py:3954} INFO - Setting next_dagrun for tutorial_taskflow_api to None, run_after=None
[2024-05-25T00:13:24.010+0000] {processor.py:183} INFO - Processing /home/airflow/.local/lib/python3.12/site-packages/airflow/example_dags/tutorial_taskflow_api.py took 1.600 seconds
[2024-05-25T00:14:19.946+0000] {processor.py:161} INFO - Started process (PID=40032) to work on /home/airflow/.local/lib/python3.12/site-packages/airflow/example_dags/tutorial_taskflow_api.py
[2024-05-25T00:14:19.948+0000] {processor.py:830} INFO - Processing file /home/airflow/.local/lib/python3.12/site-packages/airflow/example_dags/tutorial_taskflow_api.py for tasks to queue
[2024-05-25T00:14:19.950+0000] {logging_mixin.py:188} INFO - [2024-05-25T00:14:19.949+0000] {dagbag.py:545} INFO - Filling up the DagBag from /home/airflow/.local/lib/python3.12/site-packages/airflow/example_dags/tutorial_taskflow_api.py
[2024-05-25T00:14:19.977+0000] {processor.py:840} INFO - DAG(s) 'tutorial_taskflow_api' retrieved from /home/airflow/.local/lib/python3.12/site-packages/airflow/example_dags/tutorial_taskflow_api.py
[2024-05-25T00:14:20.010+0000] {logging_mixin.py:188} INFO - [2024-05-25T00:14:20.010+0000] {dag.py:3096} INFO - Sync 1 DAGs
[2024-05-25T00:14:20.026+0000] {logging_mixin.py:188} INFO - [2024-05-25T00:14:20.026+0000] {dag.py:3954} INFO - Setting next_dagrun for tutorial_taskflow_api to None, run_after=None
[2024-05-25T00:14:20.058+0000] {processor.py:183} INFO - Processing /home/airflow/.local/lib/python3.12/site-packages/airflow/example_dags/tutorial_taskflow_api.py took 0.128 seconds
[2024-05-25T00:15:21.485+0000] {processor.py:161} INFO - Started process (PID=40104) to work on /home/airflow/.local/lib/python3.12/site-packages/airflow/example_dags/tutorial_taskflow_api.py
[2024-05-25T00:15:21.487+0000] {processor.py:830} INFO - Processing file /home/airflow/.local/lib/python3.12/site-packages/airflow/example_dags/tutorial_taskflow_api.py for tasks to queue
[2024-05-25T00:15:21.488+0000] {logging_mixin.py:188} INFO - [2024-05-25T00:15:21.488+0000] {dagbag.py:545} INFO - Filling up the DagBag from /home/airflow/.local/lib/python3.12/site-packages/airflow/example_dags/tutorial_taskflow_api.py
[2024-05-25T00:15:21.495+0000] {processor.py:840} INFO - DAG(s) 'tutorial_taskflow_api' retrieved from /home/airflow/.local/lib/python3.12/site-packages/airflow/example_dags/tutorial_taskflow_api.py
[2024-05-25T00:15:21.514+0000] {logging_mixin.py:188} INFO - [2024-05-25T00:15:21.513+0000] {dag.py:3096} INFO - Sync 1 DAGs
[2024-05-25T00:15:21.524+0000] {logging_mixin.py:188} INFO - [2024-05-25T00:15:21.524+0000] {dag.py:3954} INFO - Setting next_dagrun for tutorial_taskflow_api to None, run_after=None
[2024-05-25T00:15:21.542+0000] {processor.py:183} INFO - Processing /home/airflow/.local/lib/python3.12/site-packages/airflow/example_dags/tutorial_taskflow_api.py took 0.062 seconds
