[2024-05-25T00:00:11.169+0000] {processor.py:161} INFO - Started process (PID=38621) to work on /home/airflow/.local/lib/python3.12/site-packages/airflow/example_dags/tutorial_dag.py
[2024-05-25T00:00:11.171+0000] {processor.py:830} INFO - Processing file /home/airflow/.local/lib/python3.12/site-packages/airflow/example_dags/tutorial_dag.py for tasks to queue
[2024-05-25T00:00:11.173+0000] {logging_mixin.py:188} INFO - [2024-05-25T00:00:11.173+0000] {dagbag.py:545} INFO - Filling up the DagBag from /home/airflow/.local/lib/python3.12/site-packages/airflow/example_dags/tutorial_dag.py
[2024-05-25T00:00:11.179+0000] {processor.py:840} INFO - DAG(s) 'tutorial_dag' retrieved from /home/airflow/.local/lib/python3.12/site-packages/airflow/example_dags/tutorial_dag.py
[2024-05-25T00:00:11.204+0000] {logging_mixin.py:188} INFO - [2024-05-25T00:00:11.204+0000] {dag.py:3096} INFO - Sync 1 DAGs
[2024-05-25T00:00:11.219+0000] {logging_mixin.py:188} INFO - [2024-05-25T00:00:11.218+0000] {dag.py:3954} INFO - Setting next_dagrun for tutorial_dag to None, run_after=None
[2024-05-25T00:00:11.247+0000] {processor.py:183} INFO - Processing /home/airflow/.local/lib/python3.12/site-packages/airflow/example_dags/tutorial_dag.py took 0.084 seconds
[2024-05-25T00:00:41.376+0000] {processor.py:161} INFO - Started process (PID=38679) to work on /home/airflow/.local/lib/python3.12/site-packages/airflow/example_dags/tutorial_dag.py
[2024-05-25T00:00:41.378+0000] {processor.py:830} INFO - Processing file /home/airflow/.local/lib/python3.12/site-packages/airflow/example_dags/tutorial_dag.py for tasks to queue
[2024-05-25T00:00:41.380+0000] {logging_mixin.py:188} INFO - [2024-05-25T00:00:41.379+0000] {dagbag.py:545} INFO - Filling up the DagBag from /home/airflow/.local/lib/python3.12/site-packages/airflow/example_dags/tutorial_dag.py
[2024-05-25T00:00:41.385+0000] {processor.py:840} INFO - DAG(s) 'tutorial_dag' retrieved from /home/airflow/.local/lib/python3.12/site-packages/airflow/example_dags/tutorial_dag.py
[2024-05-25T00:00:41.410+0000] {logging_mixin.py:188} INFO - [2024-05-25T00:00:41.410+0000] {dag.py:3096} INFO - Sync 1 DAGs
[2024-05-25T00:00:41.423+0000] {logging_mixin.py:188} INFO - [2024-05-25T00:00:41.423+0000] {dag.py:3954} INFO - Setting next_dagrun for tutorial_dag to None, run_after=None
[2024-05-25T00:00:41.449+0000] {processor.py:183} INFO - Processing /home/airflow/.local/lib/python3.12/site-packages/airflow/example_dags/tutorial_dag.py took 0.079 seconds
[2024-05-25T00:01:11.650+0000] {processor.py:161} INFO - Started process (PID=38737) to work on /home/airflow/.local/lib/python3.12/site-packages/airflow/example_dags/tutorial_dag.py
[2024-05-25T00:01:11.652+0000] {processor.py:830} INFO - Processing file /home/airflow/.local/lib/python3.12/site-packages/airflow/example_dags/tutorial_dag.py for tasks to queue
[2024-05-25T00:01:11.655+0000] {logging_mixin.py:188} INFO - [2024-05-25T00:01:11.654+0000] {dagbag.py:545} INFO - Filling up the DagBag from /home/airflow/.local/lib/python3.12/site-packages/airflow/example_dags/tutorial_dag.py
[2024-05-25T00:01:11.661+0000] {processor.py:840} INFO - DAG(s) 'tutorial_dag' retrieved from /home/airflow/.local/lib/python3.12/site-packages/airflow/example_dags/tutorial_dag.py
[2024-05-25T00:01:11.686+0000] {logging_mixin.py:188} INFO - [2024-05-25T00:01:11.686+0000] {dag.py:3096} INFO - Sync 1 DAGs
[2024-05-25T00:01:11.702+0000] {logging_mixin.py:188} INFO - [2024-05-25T00:01:11.702+0000] {dag.py:3954} INFO - Setting next_dagrun for tutorial_dag to None, run_after=None
[2024-05-25T00:01:11.725+0000] {processor.py:183} INFO - Processing /home/airflow/.local/lib/python3.12/site-packages/airflow/example_dags/tutorial_dag.py took 0.081 seconds
[2024-05-25T00:01:43.260+0000] {processor.py:161} INFO - Started process (PID=38795) to work on /home/airflow/.local/lib/python3.12/site-packages/airflow/example_dags/tutorial_dag.py
[2024-05-25T00:01:43.262+0000] {processor.py:830} INFO - Processing file /home/airflow/.local/lib/python3.12/site-packages/airflow/example_dags/tutorial_dag.py for tasks to queue
[2024-05-25T00:01:43.265+0000] {logging_mixin.py:188} INFO - [2024-05-25T00:01:43.264+0000] {dagbag.py:545} INFO - Filling up the DagBag from /home/airflow/.local/lib/python3.12/site-packages/airflow/example_dags/tutorial_dag.py
[2024-05-25T00:01:43.270+0000] {processor.py:840} INFO - DAG(s) 'tutorial_dag' retrieved from /home/airflow/.local/lib/python3.12/site-packages/airflow/example_dags/tutorial_dag.py
[2024-05-25T00:01:43.298+0000] {logging_mixin.py:188} INFO - [2024-05-25T00:01:43.298+0000] {dag.py:3096} INFO - Sync 1 DAGs
[2024-05-25T00:01:43.314+0000] {logging_mixin.py:188} INFO - [2024-05-25T00:01:43.314+0000] {dag.py:3954} INFO - Setting next_dagrun for tutorial_dag to None, run_after=None
[2024-05-25T00:01:43.343+0000] {processor.py:183} INFO - Processing /home/airflow/.local/lib/python3.12/site-packages/airflow/example_dags/tutorial_dag.py took 0.089 seconds
[2024-05-25T00:02:13.993+0000] {processor.py:161} INFO - Started process (PID=38853) to work on /home/airflow/.local/lib/python3.12/site-packages/airflow/example_dags/tutorial_dag.py
[2024-05-25T00:02:13.994+0000] {processor.py:830} INFO - Processing file /home/airflow/.local/lib/python3.12/site-packages/airflow/example_dags/tutorial_dag.py for tasks to queue
[2024-05-25T00:02:13.998+0000] {logging_mixin.py:188} INFO - [2024-05-25T00:02:13.997+0000] {dagbag.py:545} INFO - Filling up the DagBag from /home/airflow/.local/lib/python3.12/site-packages/airflow/example_dags/tutorial_dag.py
[2024-05-25T00:02:14.006+0000] {processor.py:840} INFO - DAG(s) 'tutorial_dag' retrieved from /home/airflow/.local/lib/python3.12/site-packages/airflow/example_dags/tutorial_dag.py
[2024-05-25T00:02:14.036+0000] {logging_mixin.py:188} INFO - [2024-05-25T00:02:14.035+0000] {dag.py:3096} INFO - Sync 1 DAGs
[2024-05-25T00:02:14.055+0000] {logging_mixin.py:188} INFO - [2024-05-25T00:02:14.055+0000] {dag.py:3954} INFO - Setting next_dagrun for tutorial_dag to None, run_after=None
[2024-05-25T00:02:14.084+0000] {processor.py:183} INFO - Processing /home/airflow/.local/lib/python3.12/site-packages/airflow/example_dags/tutorial_dag.py took 0.097 seconds
[2024-05-25T00:02:44.555+0000] {processor.py:161} INFO - Started process (PID=38911) to work on /home/airflow/.local/lib/python3.12/site-packages/airflow/example_dags/tutorial_dag.py
[2024-05-25T00:02:44.558+0000] {processor.py:830} INFO - Processing file /home/airflow/.local/lib/python3.12/site-packages/airflow/example_dags/tutorial_dag.py for tasks to queue
[2024-05-25T00:02:44.565+0000] {logging_mixin.py:188} INFO - [2024-05-25T00:02:44.564+0000] {dagbag.py:545} INFO - Filling up the DagBag from /home/airflow/.local/lib/python3.12/site-packages/airflow/example_dags/tutorial_dag.py
[2024-05-25T00:02:44.574+0000] {processor.py:840} INFO - DAG(s) 'tutorial_dag' retrieved from /home/airflow/.local/lib/python3.12/site-packages/airflow/example_dags/tutorial_dag.py
[2024-05-25T00:02:44.627+0000] {logging_mixin.py:188} INFO - [2024-05-25T00:02:44.625+0000] {dag.py:3096} INFO - Sync 1 DAGs
[2024-05-25T00:02:44.679+0000] {logging_mixin.py:188} INFO - [2024-05-25T00:02:44.677+0000] {dag.py:3954} INFO - Setting next_dagrun for tutorial_dag to None, run_after=None
[2024-05-25T00:02:44.830+0000] {processor.py:183} INFO - Processing /home/airflow/.local/lib/python3.12/site-packages/airflow/example_dags/tutorial_dag.py took 0.285 seconds
[2024-05-25T00:03:15.120+0000] {processor.py:161} INFO - Started process (PID=38973) to work on /home/airflow/.local/lib/python3.12/site-packages/airflow/example_dags/tutorial_dag.py
[2024-05-25T00:03:15.121+0000] {processor.py:830} INFO - Processing file /home/airflow/.local/lib/python3.12/site-packages/airflow/example_dags/tutorial_dag.py for tasks to queue
[2024-05-25T00:03:15.123+0000] {logging_mixin.py:188} INFO - [2024-05-25T00:03:15.123+0000] {dagbag.py:545} INFO - Filling up the DagBag from /home/airflow/.local/lib/python3.12/site-packages/airflow/example_dags/tutorial_dag.py
[2024-05-25T00:03:15.129+0000] {processor.py:840} INFO - DAG(s) 'tutorial_dag' retrieved from /home/airflow/.local/lib/python3.12/site-packages/airflow/example_dags/tutorial_dag.py
[2024-05-25T00:03:15.151+0000] {logging_mixin.py:188} INFO - [2024-05-25T00:03:15.151+0000] {dag.py:3096} INFO - Sync 1 DAGs
[2024-05-25T00:03:15.165+0000] {logging_mixin.py:188} INFO - [2024-05-25T00:03:15.164+0000] {dag.py:3954} INFO - Setting next_dagrun for tutorial_dag to None, run_after=None
[2024-05-25T00:03:15.189+0000] {processor.py:183} INFO - Processing /home/airflow/.local/lib/python3.12/site-packages/airflow/example_dags/tutorial_dag.py took 0.075 seconds
[2024-05-25T00:03:45.592+0000] {processor.py:161} INFO - Started process (PID=39031) to work on /home/airflow/.local/lib/python3.12/site-packages/airflow/example_dags/tutorial_dag.py
[2024-05-25T00:03:45.594+0000] {processor.py:830} INFO - Processing file /home/airflow/.local/lib/python3.12/site-packages/airflow/example_dags/tutorial_dag.py for tasks to queue
[2024-05-25T00:03:45.596+0000] {logging_mixin.py:188} INFO - [2024-05-25T00:03:45.596+0000] {dagbag.py:545} INFO - Filling up the DagBag from /home/airflow/.local/lib/python3.12/site-packages/airflow/example_dags/tutorial_dag.py
[2024-05-25T00:03:45.602+0000] {processor.py:840} INFO - DAG(s) 'tutorial_dag' retrieved from /home/airflow/.local/lib/python3.12/site-packages/airflow/example_dags/tutorial_dag.py
[2024-05-25T00:03:45.623+0000] {logging_mixin.py:188} INFO - [2024-05-25T00:03:45.623+0000] {dag.py:3096} INFO - Sync 1 DAGs
[2024-05-25T00:03:45.635+0000] {logging_mixin.py:188} INFO - [2024-05-25T00:03:45.635+0000] {dag.py:3954} INFO - Setting next_dagrun for tutorial_dag to None, run_after=None
[2024-05-25T00:03:45.656+0000] {processor.py:183} INFO - Processing /home/airflow/.local/lib/python3.12/site-packages/airflow/example_dags/tutorial_dag.py took 0.069 seconds
[2024-05-25T00:04:16.535+0000] {processor.py:161} INFO - Started process (PID=39089) to work on /home/airflow/.local/lib/python3.12/site-packages/airflow/example_dags/tutorial_dag.py
[2024-05-25T00:04:16.538+0000] {processor.py:830} INFO - Processing file /home/airflow/.local/lib/python3.12/site-packages/airflow/example_dags/tutorial_dag.py for tasks to queue
[2024-05-25T00:04:16.544+0000] {logging_mixin.py:188} INFO - [2024-05-25T00:04:16.544+0000] {dagbag.py:545} INFO - Filling up the DagBag from /home/airflow/.local/lib/python3.12/site-packages/airflow/example_dags/tutorial_dag.py
[2024-05-25T00:04:16.554+0000] {processor.py:840} INFO - DAG(s) 'tutorial_dag' retrieved from /home/airflow/.local/lib/python3.12/site-packages/airflow/example_dags/tutorial_dag.py
[2024-05-25T00:04:16.592+0000] {logging_mixin.py:188} INFO - [2024-05-25T00:04:16.592+0000] {dag.py:3096} INFO - Sync 1 DAGs
[2024-05-25T00:04:16.607+0000] {logging_mixin.py:188} INFO - [2024-05-25T00:04:16.607+0000] {dag.py:3954} INFO - Setting next_dagrun for tutorial_dag to None, run_after=None
[2024-05-25T00:04:16.642+0000] {processor.py:183} INFO - Processing /home/airflow/.local/lib/python3.12/site-packages/airflow/example_dags/tutorial_dag.py took 0.116 seconds
[2024-05-25T00:04:48.528+0000] {processor.py:161} INFO - Started process (PID=39147) to work on /home/airflow/.local/lib/python3.12/site-packages/airflow/example_dags/tutorial_dag.py
[2024-05-25T00:04:48.530+0000] {processor.py:830} INFO - Processing file /home/airflow/.local/lib/python3.12/site-packages/airflow/example_dags/tutorial_dag.py for tasks to queue
[2024-05-25T00:04:48.533+0000] {logging_mixin.py:188} INFO - [2024-05-25T00:04:48.532+0000] {dagbag.py:545} INFO - Filling up the DagBag from /home/airflow/.local/lib/python3.12/site-packages/airflow/example_dags/tutorial_dag.py
[2024-05-25T00:04:48.542+0000] {processor.py:840} INFO - DAG(s) 'tutorial_dag' retrieved from /home/airflow/.local/lib/python3.12/site-packages/airflow/example_dags/tutorial_dag.py
[2024-05-25T00:04:49.235+0000] {logging_mixin.py:188} INFO - [2024-05-25T00:04:49.227+0000] {dag.py:3096} INFO - Sync 1 DAGs
[2024-05-25T00:04:49.259+0000] {logging_mixin.py:188} INFO - [2024-05-25T00:04:49.259+0000] {dag.py:3954} INFO - Setting next_dagrun for tutorial_dag to None, run_after=None
[2024-05-25T00:04:49.293+0000] {processor.py:183} INFO - Processing /home/airflow/.local/lib/python3.12/site-packages/airflow/example_dags/tutorial_dag.py took 0.771 seconds
[2024-05-25T00:05:19.819+0000] {processor.py:161} INFO - Started process (PID=39205) to work on /home/airflow/.local/lib/python3.12/site-packages/airflow/example_dags/tutorial_dag.py
[2024-05-25T00:05:19.820+0000] {processor.py:830} INFO - Processing file /home/airflow/.local/lib/python3.12/site-packages/airflow/example_dags/tutorial_dag.py for tasks to queue
[2024-05-25T00:05:19.822+0000] {logging_mixin.py:188} INFO - [2024-05-25T00:05:19.822+0000] {dagbag.py:545} INFO - Filling up the DagBag from /home/airflow/.local/lib/python3.12/site-packages/airflow/example_dags/tutorial_dag.py
[2024-05-25T00:05:19.841+0000] {processor.py:840} INFO - DAG(s) 'tutorial_dag' retrieved from /home/airflow/.local/lib/python3.12/site-packages/airflow/example_dags/tutorial_dag.py
[2024-05-25T00:05:19.861+0000] {logging_mixin.py:188} INFO - [2024-05-25T00:05:19.861+0000] {dag.py:3096} INFO - Sync 1 DAGs
[2024-05-25T00:05:19.873+0000] {logging_mixin.py:188} INFO - [2024-05-25T00:05:19.872+0000] {dag.py:3954} INFO - Setting next_dagrun for tutorial_dag to None, run_after=None
[2024-05-25T00:05:19.905+0000] {processor.py:183} INFO - Processing /home/airflow/.local/lib/python3.12/site-packages/airflow/example_dags/tutorial_dag.py took 0.091 seconds
[2024-05-25T00:05:50.111+0000] {processor.py:161} INFO - Started process (PID=39263) to work on /home/airflow/.local/lib/python3.12/site-packages/airflow/example_dags/tutorial_dag.py
[2024-05-25T00:05:50.112+0000] {processor.py:830} INFO - Processing file /home/airflow/.local/lib/python3.12/site-packages/airflow/example_dags/tutorial_dag.py for tasks to queue
[2024-05-25T00:05:50.116+0000] {logging_mixin.py:188} INFO - [2024-05-25T00:05:50.115+0000] {dagbag.py:545} INFO - Filling up the DagBag from /home/airflow/.local/lib/python3.12/site-packages/airflow/example_dags/tutorial_dag.py
[2024-05-25T00:05:50.125+0000] {processor.py:840} INFO - DAG(s) 'tutorial_dag' retrieved from /home/airflow/.local/lib/python3.12/site-packages/airflow/example_dags/tutorial_dag.py
[2024-05-25T00:05:50.158+0000] {logging_mixin.py:188} INFO - [2024-05-25T00:05:50.158+0000] {dag.py:3096} INFO - Sync 1 DAGs
[2024-05-25T00:05:50.172+0000] {logging_mixin.py:188} INFO - [2024-05-25T00:05:50.171+0000] {dag.py:3954} INFO - Setting next_dagrun for tutorial_dag to None, run_after=None
[2024-05-25T00:05:50.192+0000] {processor.py:183} INFO - Processing /home/airflow/.local/lib/python3.12/site-packages/airflow/example_dags/tutorial_dag.py took 0.087 seconds
[2024-05-25T00:06:20.335+0000] {processor.py:161} INFO - Started process (PID=39321) to work on /home/airflow/.local/lib/python3.12/site-packages/airflow/example_dags/tutorial_dag.py
[2024-05-25T00:06:20.339+0000] {processor.py:830} INFO - Processing file /home/airflow/.local/lib/python3.12/site-packages/airflow/example_dags/tutorial_dag.py for tasks to queue
[2024-05-25T00:06:20.343+0000] {logging_mixin.py:188} INFO - [2024-05-25T00:06:20.343+0000] {dagbag.py:545} INFO - Filling up the DagBag from /home/airflow/.local/lib/python3.12/site-packages/airflow/example_dags/tutorial_dag.py
[2024-05-25T00:06:20.352+0000] {processor.py:840} INFO - DAG(s) 'tutorial_dag' retrieved from /home/airflow/.local/lib/python3.12/site-packages/airflow/example_dags/tutorial_dag.py
[2024-05-25T00:06:20.381+0000] {logging_mixin.py:188} INFO - [2024-05-25T00:06:20.380+0000] {dag.py:3096} INFO - Sync 1 DAGs
[2024-05-25T00:06:20.395+0000] {logging_mixin.py:188} INFO - [2024-05-25T00:06:20.395+0000] {dag.py:3954} INFO - Setting next_dagrun for tutorial_dag to None, run_after=None
[2024-05-25T00:06:20.419+0000] {processor.py:183} INFO - Processing /home/airflow/.local/lib/python3.12/site-packages/airflow/example_dags/tutorial_dag.py took 0.096 seconds
[2024-05-25T00:06:50.989+0000] {processor.py:161} INFO - Started process (PID=39379) to work on /home/airflow/.local/lib/python3.12/site-packages/airflow/example_dags/tutorial_dag.py
[2024-05-25T00:06:50.990+0000] {processor.py:830} INFO - Processing file /home/airflow/.local/lib/python3.12/site-packages/airflow/example_dags/tutorial_dag.py for tasks to queue
[2024-05-25T00:06:50.993+0000] {logging_mixin.py:188} INFO - [2024-05-25T00:06:50.993+0000] {dagbag.py:545} INFO - Filling up the DagBag from /home/airflow/.local/lib/python3.12/site-packages/airflow/example_dags/tutorial_dag.py
[2024-05-25T00:06:51.003+0000] {processor.py:840} INFO - DAG(s) 'tutorial_dag' retrieved from /home/airflow/.local/lib/python3.12/site-packages/airflow/example_dags/tutorial_dag.py
[2024-05-25T00:06:51.037+0000] {logging_mixin.py:188} INFO - [2024-05-25T00:06:51.037+0000] {dag.py:3096} INFO - Sync 1 DAGs
[2024-05-25T00:06:51.052+0000] {logging_mixin.py:188} INFO - [2024-05-25T00:06:51.051+0000] {dag.py:3954} INFO - Setting next_dagrun for tutorial_dag to None, run_after=None
[2024-05-25T00:06:51.083+0000] {processor.py:183} INFO - Processing /home/airflow/.local/lib/python3.12/site-packages/airflow/example_dags/tutorial_dag.py took 0.101 seconds
[2024-05-25T00:07:21.161+0000] {processor.py:161} INFO - Started process (PID=39437) to work on /home/airflow/.local/lib/python3.12/site-packages/airflow/example_dags/tutorial_dag.py
[2024-05-25T00:07:21.162+0000] {processor.py:830} INFO - Processing file /home/airflow/.local/lib/python3.12/site-packages/airflow/example_dags/tutorial_dag.py for tasks to queue
[2024-05-25T00:07:21.165+0000] {logging_mixin.py:188} INFO - [2024-05-25T00:07:21.164+0000] {dagbag.py:545} INFO - Filling up the DagBag from /home/airflow/.local/lib/python3.12/site-packages/airflow/example_dags/tutorial_dag.py
[2024-05-25T00:07:21.170+0000] {processor.py:840} INFO - DAG(s) 'tutorial_dag' retrieved from /home/airflow/.local/lib/python3.12/site-packages/airflow/example_dags/tutorial_dag.py
[2024-05-25T00:07:21.191+0000] {logging_mixin.py:188} INFO - [2024-05-25T00:07:21.191+0000] {dag.py:3096} INFO - Sync 1 DAGs
[2024-05-25T00:07:21.207+0000] {logging_mixin.py:188} INFO - [2024-05-25T00:07:21.206+0000] {dag.py:3954} INFO - Setting next_dagrun for tutorial_dag to None, run_after=None
[2024-05-25T00:07:21.236+0000] {processor.py:183} INFO - Processing /home/airflow/.local/lib/python3.12/site-packages/airflow/example_dags/tutorial_dag.py took 0.079 seconds
[2024-05-25T00:07:51.422+0000] {processor.py:161} INFO - Started process (PID=39495) to work on /home/airflow/.local/lib/python3.12/site-packages/airflow/example_dags/tutorial_dag.py
[2024-05-25T00:07:51.424+0000] {processor.py:830} INFO - Processing file /home/airflow/.local/lib/python3.12/site-packages/airflow/example_dags/tutorial_dag.py for tasks to queue
[2024-05-25T00:07:51.426+0000] {logging_mixin.py:188} INFO - [2024-05-25T00:07:51.426+0000] {dagbag.py:545} INFO - Filling up the DagBag from /home/airflow/.local/lib/python3.12/site-packages/airflow/example_dags/tutorial_dag.py
[2024-05-25T00:07:51.433+0000] {processor.py:840} INFO - DAG(s) 'tutorial_dag' retrieved from /home/airflow/.local/lib/python3.12/site-packages/airflow/example_dags/tutorial_dag.py
[2024-05-25T00:07:51.453+0000] {logging_mixin.py:188} INFO - [2024-05-25T00:07:51.453+0000] {dag.py:3096} INFO - Sync 1 DAGs
[2024-05-25T00:07:51.466+0000] {logging_mixin.py:188} INFO - [2024-05-25T00:07:51.465+0000] {dag.py:3954} INFO - Setting next_dagrun for tutorial_dag to None, run_after=None
[2024-05-25T00:07:51.486+0000] {processor.py:183} INFO - Processing /home/airflow/.local/lib/python3.12/site-packages/airflow/example_dags/tutorial_dag.py took 0.070 seconds
[2024-05-25T00:08:32.857+0000] {processor.py:161} INFO - Started process (PID=39540) to work on /home/airflow/.local/lib/python3.12/site-packages/airflow/example_dags/tutorial_dag.py
[2024-05-25T00:08:32.859+0000] {processor.py:830} INFO - Processing file /home/airflow/.local/lib/python3.12/site-packages/airflow/example_dags/tutorial_dag.py for tasks to queue
[2024-05-25T00:08:32.864+0000] {logging_mixin.py:188} INFO - [2024-05-25T00:08:32.863+0000] {dagbag.py:545} INFO - Filling up the DagBag from /home/airflow/.local/lib/python3.12/site-packages/airflow/example_dags/tutorial_dag.py
[2024-05-25T00:08:32.878+0000] {processor.py:840} INFO - DAG(s) 'tutorial_dag' retrieved from /home/airflow/.local/lib/python3.12/site-packages/airflow/example_dags/tutorial_dag.py
[2024-05-25T00:08:32.924+0000] {logging_mixin.py:188} INFO - [2024-05-25T00:08:32.924+0000] {dag.py:3096} INFO - Sync 1 DAGs
[2024-05-25T00:08:32.958+0000] {logging_mixin.py:188} INFO - [2024-05-25T00:08:32.957+0000] {dag.py:3954} INFO - Setting next_dagrun for tutorial_dag to None, run_after=None
[2024-05-25T00:08:33.037+0000] {processor.py:183} INFO - Processing /home/airflow/.local/lib/python3.12/site-packages/airflow/example_dags/tutorial_dag.py took 0.195 seconds
[2024-05-25T00:09:03.442+0000] {processor.py:161} INFO - Started process (PID=39598) to work on /home/airflow/.local/lib/python3.12/site-packages/airflow/example_dags/tutorial_dag.py
[2024-05-25T00:09:03.443+0000] {processor.py:830} INFO - Processing file /home/airflow/.local/lib/python3.12/site-packages/airflow/example_dags/tutorial_dag.py for tasks to queue
[2024-05-25T00:09:03.445+0000] {logging_mixin.py:188} INFO - [2024-05-25T00:09:03.445+0000] {dagbag.py:545} INFO - Filling up the DagBag from /home/airflow/.local/lib/python3.12/site-packages/airflow/example_dags/tutorial_dag.py
[2024-05-25T00:09:03.454+0000] {processor.py:840} INFO - DAG(s) 'tutorial_dag' retrieved from /home/airflow/.local/lib/python3.12/site-packages/airflow/example_dags/tutorial_dag.py
[2024-05-25T00:09:03.480+0000] {logging_mixin.py:188} INFO - [2024-05-25T00:09:03.479+0000] {dag.py:3096} INFO - Sync 1 DAGs
[2024-05-25T00:09:03.500+0000] {logging_mixin.py:188} INFO - [2024-05-25T00:09:03.499+0000] {dag.py:3954} INFO - Setting next_dagrun for tutorial_dag to None, run_after=None
[2024-05-25T00:09:03.525+0000] {processor.py:183} INFO - Processing /home/airflow/.local/lib/python3.12/site-packages/airflow/example_dags/tutorial_dag.py took 0.089 seconds
[2024-05-25T00:10:02.454+0000] {processor.py:161} INFO - Started process (PID=39653) to work on /home/airflow/.local/lib/python3.12/site-packages/airflow/example_dags/tutorial_dag.py
[2024-05-25T00:10:02.455+0000] {processor.py:830} INFO - Processing file /home/airflow/.local/lib/python3.12/site-packages/airflow/example_dags/tutorial_dag.py for tasks to queue
[2024-05-25T00:10:02.459+0000] {logging_mixin.py:188} INFO - [2024-05-25T00:10:02.457+0000] {dagbag.py:545} INFO - Filling up the DagBag from /home/airflow/.local/lib/python3.12/site-packages/airflow/example_dags/tutorial_dag.py
[2024-05-25T00:10:02.469+0000] {processor.py:840} INFO - DAG(s) 'tutorial_dag' retrieved from /home/airflow/.local/lib/python3.12/site-packages/airflow/example_dags/tutorial_dag.py
[2024-05-25T00:10:02.893+0000] {logging_mixin.py:188} INFO - [2024-05-25T00:10:02.886+0000] {dag.py:3096} INFO - Sync 1 DAGs
[2024-05-25T00:10:02.924+0000] {logging_mixin.py:188} INFO - [2024-05-25T00:10:02.923+0000] {dag.py:3954} INFO - Setting next_dagrun for tutorial_dag to None, run_after=None
[2024-05-25T00:10:02.959+0000] {processor.py:183} INFO - Processing /home/airflow/.local/lib/python3.12/site-packages/airflow/example_dags/tutorial_dag.py took 0.520 seconds
[2024-05-25T00:10:35.381+0000] {processor.py:161} INFO - Started process (PID=39709) to work on /home/airflow/.local/lib/python3.12/site-packages/airflow/example_dags/tutorial_dag.py
[2024-05-25T00:10:35.384+0000] {processor.py:830} INFO - Processing file /home/airflow/.local/lib/python3.12/site-packages/airflow/example_dags/tutorial_dag.py for tasks to queue
[2024-05-25T00:10:35.387+0000] {logging_mixin.py:188} INFO - [2024-05-25T00:10:35.385+0000] {dagbag.py:545} INFO - Filling up the DagBag from /home/airflow/.local/lib/python3.12/site-packages/airflow/example_dags/tutorial_dag.py
[2024-05-25T00:10:35.406+0000] {processor.py:840} INFO - DAG(s) 'tutorial_dag' retrieved from /home/airflow/.local/lib/python3.12/site-packages/airflow/example_dags/tutorial_dag.py
[2024-05-25T00:10:50.508+0000] {logging_mixin.py:188} INFO - [2024-05-25T00:10:50.502+0000] {dag.py:3096} INFO - Sync 1 DAGs
[2024-05-25T00:10:50.528+0000] {logging_mixin.py:188} INFO - [2024-05-25T00:10:50.527+0000] {dag.py:3954} INFO - Setting next_dagrun for tutorial_dag to None, run_after=None
[2024-05-25T00:10:50.584+0000] {processor.py:183} INFO - Processing /home/airflow/.local/lib/python3.12/site-packages/airflow/example_dags/tutorial_dag.py took 15.214 seconds
[2024-05-25T00:11:21.538+0000] {processor.py:161} INFO - Started process (PID=39767) to work on /home/airflow/.local/lib/python3.12/site-packages/airflow/example_dags/tutorial_dag.py
[2024-05-25T00:11:21.541+0000] {processor.py:830} INFO - Processing file /home/airflow/.local/lib/python3.12/site-packages/airflow/example_dags/tutorial_dag.py for tasks to queue
[2024-05-25T00:11:21.543+0000] {logging_mixin.py:188} INFO - [2024-05-25T00:11:21.541+0000] {dagbag.py:545} INFO - Filling up the DagBag from /home/airflow/.local/lib/python3.12/site-packages/airflow/example_dags/tutorial_dag.py
[2024-05-25T00:11:21.552+0000] {processor.py:840} INFO - DAG(s) 'tutorial_dag' retrieved from /home/airflow/.local/lib/python3.12/site-packages/airflow/example_dags/tutorial_dag.py
[2024-05-25T00:11:21.600+0000] {logging_mixin.py:188} INFO - [2024-05-25T00:11:21.600+0000] {dag.py:3096} INFO - Sync 1 DAGs
[2024-05-25T00:11:21.616+0000] {logging_mixin.py:188} INFO - [2024-05-25T00:11:21.615+0000] {dag.py:3954} INFO - Setting next_dagrun for tutorial_dag to None, run_after=None
[2024-05-25T00:11:21.642+0000] {processor.py:183} INFO - Processing /home/airflow/.local/lib/python3.12/site-packages/airflow/example_dags/tutorial_dag.py took 0.114 seconds
[2024-05-25T00:11:51.819+0000] {processor.py:161} INFO - Started process (PID=39825) to work on /home/airflow/.local/lib/python3.12/site-packages/airflow/example_dags/tutorial_dag.py
[2024-05-25T00:11:51.823+0000] {processor.py:830} INFO - Processing file /home/airflow/.local/lib/python3.12/site-packages/airflow/example_dags/tutorial_dag.py for tasks to queue
[2024-05-25T00:11:51.825+0000] {logging_mixin.py:188} INFO - [2024-05-25T00:11:51.824+0000] {dagbag.py:545} INFO - Filling up the DagBag from /home/airflow/.local/lib/python3.12/site-packages/airflow/example_dags/tutorial_dag.py
[2024-05-25T00:11:51.847+0000] {processor.py:840} INFO - DAG(s) 'tutorial_dag' retrieved from /home/airflow/.local/lib/python3.12/site-packages/airflow/example_dags/tutorial_dag.py
[2024-05-25T00:11:51.905+0000] {logging_mixin.py:188} INFO - [2024-05-25T00:11:51.905+0000] {dag.py:3096} INFO - Sync 1 DAGs
[2024-05-25T00:11:51.919+0000] {logging_mixin.py:188} INFO - [2024-05-25T00:11:51.918+0000] {dag.py:3954} INFO - Setting next_dagrun for tutorial_dag to None, run_after=None
[2024-05-25T00:11:51.943+0000] {processor.py:183} INFO - Processing /home/airflow/.local/lib/python3.12/site-packages/airflow/example_dags/tutorial_dag.py took 0.143 seconds
[2024-05-25T00:12:22.932+0000] {processor.py:161} INFO - Started process (PID=39883) to work on /home/airflow/.local/lib/python3.12/site-packages/airflow/example_dags/tutorial_dag.py
[2024-05-25T00:12:22.936+0000] {processor.py:830} INFO - Processing file /home/airflow/.local/lib/python3.12/site-packages/airflow/example_dags/tutorial_dag.py for tasks to queue
[2024-05-25T00:12:22.938+0000] {logging_mixin.py:188} INFO - [2024-05-25T00:12:22.936+0000] {dagbag.py:545} INFO - Filling up the DagBag from /home/airflow/.local/lib/python3.12/site-packages/airflow/example_dags/tutorial_dag.py
[2024-05-25T00:12:22.974+0000] {processor.py:840} INFO - DAG(s) 'tutorial_dag' retrieved from /home/airflow/.local/lib/python3.12/site-packages/airflow/example_dags/tutorial_dag.py
[2024-05-25T00:12:44.688+0000] {logging_mixin.py:188} INFO - [2024-05-25T00:12:44.684+0000] {dag.py:3096} INFO - Sync 1 DAGs
[2024-05-25T00:12:44.725+0000] {logging_mixin.py:188} INFO - [2024-05-25T00:12:44.724+0000] {dag.py:3954} INFO - Setting next_dagrun for tutorial_dag to None, run_after=None
[2024-05-25T00:12:44.773+0000] {processor.py:183} INFO - Processing /home/airflow/.local/lib/python3.12/site-packages/airflow/example_dags/tutorial_dag.py took 21.859 seconds
[2024-05-25T00:13:15.146+0000] {processor.py:161} INFO - Started process (PID=39947) to work on /home/airflow/.local/lib/python3.12/site-packages/airflow/example_dags/tutorial_dag.py
[2024-05-25T00:13:15.149+0000] {processor.py:830} INFO - Processing file /home/airflow/.local/lib/python3.12/site-packages/airflow/example_dags/tutorial_dag.py for tasks to queue
[2024-05-25T00:13:15.151+0000] {logging_mixin.py:188} INFO - [2024-05-25T00:13:15.150+0000] {dagbag.py:545} INFO - Filling up the DagBag from /home/airflow/.local/lib/python3.12/site-packages/airflow/example_dags/tutorial_dag.py
[2024-05-25T00:13:15.159+0000] {processor.py:840} INFO - DAG(s) 'tutorial_dag' retrieved from /home/airflow/.local/lib/python3.12/site-packages/airflow/example_dags/tutorial_dag.py
[2024-05-25T00:13:15.287+0000] {logging_mixin.py:188} INFO - [2024-05-25T00:13:15.286+0000] {dag.py:3096} INFO - Sync 1 DAGs
[2024-05-25T00:13:15.308+0000] {logging_mixin.py:188} INFO - [2024-05-25T00:13:15.308+0000] {dag.py:3954} INFO - Setting next_dagrun for tutorial_dag to None, run_after=None
[2024-05-25T00:13:15.363+0000] {processor.py:183} INFO - Processing /home/airflow/.local/lib/python3.12/site-packages/airflow/example_dags/tutorial_dag.py took 0.232 seconds
[2024-05-25T00:14:16.635+0000] {processor.py:161} INFO - Started process (PID=40007) to work on /home/airflow/.local/lib/python3.12/site-packages/airflow/example_dags/tutorial_dag.py
[2024-05-25T00:14:16.637+0000] {processor.py:830} INFO - Processing file /home/airflow/.local/lib/python3.12/site-packages/airflow/example_dags/tutorial_dag.py for tasks to queue
[2024-05-25T00:14:16.638+0000] {logging_mixin.py:188} INFO - [2024-05-25T00:14:16.637+0000] {dagbag.py:545} INFO - Filling up the DagBag from /home/airflow/.local/lib/python3.12/site-packages/airflow/example_dags/tutorial_dag.py
[2024-05-25T00:14:16.646+0000] {processor.py:840} INFO - DAG(s) 'tutorial_dag' retrieved from /home/airflow/.local/lib/python3.12/site-packages/airflow/example_dags/tutorial_dag.py
[2024-05-25T00:14:16.695+0000] {logging_mixin.py:188} INFO - [2024-05-25T00:14:16.695+0000] {dag.py:3096} INFO - Sync 1 DAGs
[2024-05-25T00:14:16.710+0000] {logging_mixin.py:188} INFO - [2024-05-25T00:14:16.710+0000] {dag.py:3954} INFO - Setting next_dagrun for tutorial_dag to None, run_after=None
[2024-05-25T00:14:16.739+0000] {processor.py:183} INFO - Processing /home/airflow/.local/lib/python3.12/site-packages/airflow/example_dags/tutorial_dag.py took 0.113 seconds
[2024-05-25T00:14:47.151+0000] {processor.py:161} INFO - Started process (PID=40065) to work on /home/airflow/.local/lib/python3.12/site-packages/airflow/example_dags/tutorial_dag.py
[2024-05-25T00:14:47.153+0000] {processor.py:830} INFO - Processing file /home/airflow/.local/lib/python3.12/site-packages/airflow/example_dags/tutorial_dag.py for tasks to queue
[2024-05-25T00:14:47.154+0000] {logging_mixin.py:188} INFO - [2024-05-25T00:14:47.154+0000] {dagbag.py:545} INFO - Filling up the DagBag from /home/airflow/.local/lib/python3.12/site-packages/airflow/example_dags/tutorial_dag.py
[2024-05-25T00:14:47.161+0000] {processor.py:840} INFO - DAG(s) 'tutorial_dag' retrieved from /home/airflow/.local/lib/python3.12/site-packages/airflow/example_dags/tutorial_dag.py
[2024-05-25T00:14:47.184+0000] {logging_mixin.py:188} INFO - [2024-05-25T00:14:47.183+0000] {dag.py:3096} INFO - Sync 1 DAGs
[2024-05-25T00:14:47.200+0000] {logging_mixin.py:188} INFO - [2024-05-25T00:14:47.199+0000] {dag.py:3954} INFO - Setting next_dagrun for tutorial_dag to None, run_after=None
[2024-05-25T00:14:47.228+0000] {processor.py:183} INFO - Processing /home/airflow/.local/lib/python3.12/site-packages/airflow/example_dags/tutorial_dag.py took 0.082 seconds
[2024-05-25T00:15:20.268+0000] {processor.py:161} INFO - Started process (PID=40088) to work on /home/airflow/.local/lib/python3.12/site-packages/airflow/example_dags/tutorial_dag.py
[2024-05-25T00:15:20.269+0000] {processor.py:830} INFO - Processing file /home/airflow/.local/lib/python3.12/site-packages/airflow/example_dags/tutorial_dag.py for tasks to queue
[2024-05-25T00:15:20.271+0000] {logging_mixin.py:188} INFO - [2024-05-25T00:15:20.271+0000] {dagbag.py:545} INFO - Filling up the DagBag from /home/airflow/.local/lib/python3.12/site-packages/airflow/example_dags/tutorial_dag.py
[2024-05-25T00:15:20.282+0000] {processor.py:840} INFO - DAG(s) 'tutorial_dag' retrieved from /home/airflow/.local/lib/python3.12/site-packages/airflow/example_dags/tutorial_dag.py
[2024-05-25T00:15:20.313+0000] {logging_mixin.py:188} INFO - [2024-05-25T00:15:20.312+0000] {dag.py:3096} INFO - Sync 1 DAGs
[2024-05-25T00:15:20.330+0000] {logging_mixin.py:188} INFO - [2024-05-25T00:15:20.330+0000] {dag.py:3954} INFO - Setting next_dagrun for tutorial_dag to None, run_after=None
[2024-05-25T00:15:20.352+0000] {processor.py:183} INFO - Processing /home/airflow/.local/lib/python3.12/site-packages/airflow/example_dags/tutorial_dag.py took 0.090 seconds
[2024-05-25T00:15:51.225+0000] {processor.py:161} INFO - Started process (PID=40146) to work on /home/airflow/.local/lib/python3.12/site-packages/airflow/example_dags/tutorial_dag.py
[2024-05-25T00:15:51.226+0000] {processor.py:830} INFO - Processing file /home/airflow/.local/lib/python3.12/site-packages/airflow/example_dags/tutorial_dag.py for tasks to queue
[2024-05-25T00:15:51.228+0000] {logging_mixin.py:188} INFO - [2024-05-25T00:15:51.227+0000] {dagbag.py:545} INFO - Filling up the DagBag from /home/airflow/.local/lib/python3.12/site-packages/airflow/example_dags/tutorial_dag.py
[2024-05-25T00:15:51.234+0000] {processor.py:840} INFO - DAG(s) 'tutorial_dag' retrieved from /home/airflow/.local/lib/python3.12/site-packages/airflow/example_dags/tutorial_dag.py
[2024-05-25T00:15:51.262+0000] {logging_mixin.py:188} INFO - [2024-05-25T00:15:51.261+0000] {dag.py:3096} INFO - Sync 1 DAGs
[2024-05-25T00:15:51.277+0000] {logging_mixin.py:188} INFO - [2024-05-25T00:15:51.277+0000] {dag.py:3954} INFO - Setting next_dagrun for tutorial_dag to None, run_after=None
[2024-05-25T00:15:51.303+0000] {processor.py:183} INFO - Processing /home/airflow/.local/lib/python3.12/site-packages/airflow/example_dags/tutorial_dag.py took 0.086 seconds
[2024-05-25T00:16:21.768+0000] {processor.py:161} INFO - Started process (PID=40204) to work on /home/airflow/.local/lib/python3.12/site-packages/airflow/example_dags/tutorial_dag.py
[2024-05-25T00:16:21.770+0000] {processor.py:830} INFO - Processing file /home/airflow/.local/lib/python3.12/site-packages/airflow/example_dags/tutorial_dag.py for tasks to queue
[2024-05-25T00:16:21.771+0000] {logging_mixin.py:188} INFO - [2024-05-25T00:16:21.771+0000] {dagbag.py:545} INFO - Filling up the DagBag from /home/airflow/.local/lib/python3.12/site-packages/airflow/example_dags/tutorial_dag.py
[2024-05-25T00:16:21.777+0000] {processor.py:840} INFO - DAG(s) 'tutorial_dag' retrieved from /home/airflow/.local/lib/python3.12/site-packages/airflow/example_dags/tutorial_dag.py
[2024-05-25T00:16:21.798+0000] {logging_mixin.py:188} INFO - [2024-05-25T00:16:21.798+0000] {dag.py:3096} INFO - Sync 1 DAGs
[2024-05-25T00:16:21.811+0000] {logging_mixin.py:188} INFO - [2024-05-25T00:16:21.810+0000] {dag.py:3954} INFO - Setting next_dagrun for tutorial_dag to None, run_after=None
[2024-05-25T00:16:21.834+0000] {processor.py:183} INFO - Processing /home/airflow/.local/lib/python3.12/site-packages/airflow/example_dags/tutorial_dag.py took 0.070 seconds
[2024-05-25T00:16:52.205+0000] {processor.py:161} INFO - Started process (PID=40261) to work on /home/airflow/.local/lib/python3.12/site-packages/airflow/example_dags/tutorial_dag.py
[2024-05-25T00:16:52.207+0000] {processor.py:830} INFO - Processing file /home/airflow/.local/lib/python3.12/site-packages/airflow/example_dags/tutorial_dag.py for tasks to queue
[2024-05-25T00:16:52.208+0000] {logging_mixin.py:188} INFO - [2024-05-25T00:16:52.208+0000] {dagbag.py:545} INFO - Filling up the DagBag from /home/airflow/.local/lib/python3.12/site-packages/airflow/example_dags/tutorial_dag.py
[2024-05-25T00:16:52.224+0000] {processor.py:840} INFO - DAG(s) 'tutorial_dag' retrieved from /home/airflow/.local/lib/python3.12/site-packages/airflow/example_dags/tutorial_dag.py
[2024-05-25T00:16:52.251+0000] {logging_mixin.py:188} INFO - [2024-05-25T00:16:52.251+0000] {dag.py:3096} INFO - Sync 1 DAGs
[2024-05-25T00:16:52.265+0000] {logging_mixin.py:188} INFO - [2024-05-25T00:16:52.265+0000] {dag.py:3954} INFO - Setting next_dagrun for tutorial_dag to None, run_after=None
[2024-05-25T00:16:52.296+0000] {processor.py:183} INFO - Processing /home/airflow/.local/lib/python3.12/site-packages/airflow/example_dags/tutorial_dag.py took 0.096 seconds
[2024-05-25T00:17:22.583+0000] {processor.py:161} INFO - Started process (PID=40317) to work on /home/airflow/.local/lib/python3.12/site-packages/airflow/example_dags/tutorial_dag.py
[2024-05-25T00:17:22.584+0000] {processor.py:830} INFO - Processing file /home/airflow/.local/lib/python3.12/site-packages/airflow/example_dags/tutorial_dag.py for tasks to queue
[2024-05-25T00:17:22.585+0000] {logging_mixin.py:188} INFO - [2024-05-25T00:17:22.585+0000] {dagbag.py:545} INFO - Filling up the DagBag from /home/airflow/.local/lib/python3.12/site-packages/airflow/example_dags/tutorial_dag.py
[2024-05-25T00:17:22.591+0000] {processor.py:840} INFO - DAG(s) 'tutorial_dag' retrieved from /home/airflow/.local/lib/python3.12/site-packages/airflow/example_dags/tutorial_dag.py
[2024-05-25T00:17:22.789+0000] {logging_mixin.py:188} INFO - [2024-05-25T00:17:22.789+0000] {dag.py:3096} INFO - Sync 1 DAGs
[2024-05-25T00:17:22.799+0000] {logging_mixin.py:188} INFO - [2024-05-25T00:17:22.799+0000] {dag.py:3954} INFO - Setting next_dagrun for tutorial_dag to None, run_after=None
[2024-05-25T00:17:22.820+0000] {processor.py:183} INFO - Processing /home/airflow/.local/lib/python3.12/site-packages/airflow/example_dags/tutorial_dag.py took 0.242 seconds
[2024-05-25T00:17:53.364+0000] {processor.py:161} INFO - Started process (PID=40374) to work on /home/airflow/.local/lib/python3.12/site-packages/airflow/example_dags/tutorial_dag.py
[2024-05-25T00:17:53.365+0000] {processor.py:830} INFO - Processing file /home/airflow/.local/lib/python3.12/site-packages/airflow/example_dags/tutorial_dag.py for tasks to queue
[2024-05-25T00:17:53.367+0000] {logging_mixin.py:188} INFO - [2024-05-25T00:17:53.366+0000] {dagbag.py:545} INFO - Filling up the DagBag from /home/airflow/.local/lib/python3.12/site-packages/airflow/example_dags/tutorial_dag.py
[2024-05-25T00:17:53.373+0000] {processor.py:840} INFO - DAG(s) 'tutorial_dag' retrieved from /home/airflow/.local/lib/python3.12/site-packages/airflow/example_dags/tutorial_dag.py
[2024-05-25T00:17:53.396+0000] {logging_mixin.py:188} INFO - [2024-05-25T00:17:53.396+0000] {dag.py:3096} INFO - Sync 1 DAGs
[2024-05-25T00:17:53.409+0000] {logging_mixin.py:188} INFO - [2024-05-25T00:17:53.408+0000] {dag.py:3954} INFO - Setting next_dagrun for tutorial_dag to None, run_after=None
[2024-05-25T00:17:53.430+0000] {processor.py:183} INFO - Processing /home/airflow/.local/lib/python3.12/site-packages/airflow/example_dags/tutorial_dag.py took 0.072 seconds
[2024-05-25T00:18:24.490+0000] {processor.py:161} INFO - Started process (PID=40432) to work on /home/airflow/.local/lib/python3.12/site-packages/airflow/example_dags/tutorial_dag.py
[2024-05-25T00:18:24.491+0000] {processor.py:830} INFO - Processing file /home/airflow/.local/lib/python3.12/site-packages/airflow/example_dags/tutorial_dag.py for tasks to queue
[2024-05-25T00:18:24.492+0000] {logging_mixin.py:188} INFO - [2024-05-25T00:18:24.492+0000] {dagbag.py:545} INFO - Filling up the DagBag from /home/airflow/.local/lib/python3.12/site-packages/airflow/example_dags/tutorial_dag.py
[2024-05-25T00:18:24.497+0000] {processor.py:840} INFO - DAG(s) 'tutorial_dag' retrieved from /home/airflow/.local/lib/python3.12/site-packages/airflow/example_dags/tutorial_dag.py
[2024-05-25T00:18:24.528+0000] {logging_mixin.py:188} INFO - [2024-05-25T00:18:24.528+0000] {dag.py:3096} INFO - Sync 1 DAGs
[2024-05-25T00:18:24.540+0000] {logging_mixin.py:188} INFO - [2024-05-25T00:18:24.540+0000] {dag.py:3954} INFO - Setting next_dagrun for tutorial_dag to None, run_after=None
[2024-05-25T00:18:24.561+0000] {processor.py:183} INFO - Processing /home/airflow/.local/lib/python3.12/site-packages/airflow/example_dags/tutorial_dag.py took 0.077 seconds
